26.69398307800293
26.578800201416016
29.188053131103516
28.89084815979004
29.687498092651367
28.22284507751465
30.778661727905273
29.056257247924805
28.514450073242188
27.577367782592773
27.457489013671875
23.06730079650879
27.852081298828125
29.4860897064209
25.12663459777832
25.72598648071289
29.640506744384766
19.90024757385254
26.792638778686523
30.374103546142578
28.26914405822754
21.622053146362305
26.894895553588867
32.67469024658203
31.106124877929688
25.22855567932129
20.379159927368164
31.930112838745117
30.323354721069336
30.318586349487305
24.85919952392578
30.394826889038086
23.473756790161133
28.287952423095703
24.874897003173828
27.387821197509766
30.379871368408203
27.691450119018555
26.388660430908203
29.61494255065918
