32.59180450439453
30.848682403564453
31.80579376220703
25.617794036865234
33.80426788330078
23.241046905517578
31.479122161865234
28.272001266479492
21.145381927490234
30.869516372680664
30.904804229736328
31.577606201171875
31.08182144165039
33.844696044921875
27.056095123291016
31.509742736816406
27.882810592651367
27.643238067626953
31.12783432006836
30.128389358520508
28.401905059814453
31.639488220214844
30.23410987854004
26.50916290283203
30.855640411376953
34.33650207519531
20.271141052246094
33.571651458740234
29.807981491088867
30.77947235107422
20.130708694458008
30.29153060913086
28.546680450439453
32.97100830078125
25.460636138916016
7.487407684326172
26.498615264892578
30.547119140625
21.40274429321289
25.630767822265625
