78.905029296875
79.21533966064453
83.89647674560547
79.28522491455078
76.19036102294922
80.40582275390625
80.9873275756836
77.32452392578125
74.89418029785156
79.54886627197266
77.79998016357422
77.53853607177734
74.24938201904297
80.44088745117188
77.9216537475586
81.6436767578125
80.6865005493164
78.2031478881836
78.84212493896484
78.21417999267578
78.14958953857422
84.4219741821289
75.32622528076172
76.89788818359375
79.1421127319336
78.8693618774414
80.6875991821289
76.96625518798828
81.18193817138672
77.08562469482422
78.56282043457031
81.25074768066406
77.04918670654297
76.98725128173828
83.01741790771484
75.45482635498047
78.44439697265625
80.29132080078125
75.67414855957031
79.90157318115234
