112.8858642578125
122.0023193359375
133.42919921875
114.98551940917969
118.98417663574219
114.49899291992188
121.34882354736328
117.37469482421875
124.35044860839844
119.24961853027344
123.0482177734375
121.95774841308594
128.4585723876953
122.63916015625
119.64329528808594
121.11647033691406
119.29258728027344
117.71026611328125
123.05033874511719
135.56101989746094
122.225341796875
119.438232421875
121.06074523925781
119.68004608154297
119.35313415527344
121.08848571777344
134.87425231933594
120.06293487548828
117.49236297607422
127.32837677001953
131.17092895507812
117.63616180419922
121.15873718261719
118.36436462402344
129.85260009765625
116.53620910644531
120.56916809082031
114.41625213623047
119.37055969238281
116.94468688964844
