1.0953917503356934
2.708588123321533
3.354668378829956
3.100740432739258
2.9743947982788086
2.4673385620117188
2.7721052169799805
1.354442834854126
2.6037869453430176
3.154008388519287
2.110029935836792
2.6704788208007812
0.8327133059501648
3.2064149379730225
3.3671364784240723
2.491295337677002
2.904740810394287
2.587340831756592
2.0566916465759277
2.475750684738159
0.7673118114471436
2.9635162353515625
2.5807714462280273
1.616117000579834
2.5372982025146484
2.867638111114502
1.5947329998016357
2.9708900451660156
3.472931385040283
3.4436893463134766
1.3302593231201172
3.072298049926758
2.7202672958374023
3.2992756366729736
2.9563093185424805
2.4679856300354004
3.243190288543701
2.7161407470703125
2.087327003479004
2.302060842514038
