3.9130756855010986
3.312730073928833
3.538550615310669
3.6781527996063232
3.7590980529785156
4.2184929847717285
3.8724358081817627
4.442296504974365
3.5184338092803955
3.5529274940490723
3.2666871547698975
3.4497230052948
3.9987378120422363
3.400212526321411
4.655734539031982
3.12235426902771
4.008522987365723
3.4691855907440186
3.573714017868042
3.1652677059173584
3.726377248764038
2.9185445308685303
3.999028444290161
3.618800401687622
4.110522747039795
3.5440659523010254
3.254950761795044
3.689802885055542
3.8580291271209717
3.742619276046753
3.9240169525146484
3.6297028064727783
3.81988525390625
3.533320665359497
3.209455966949463
4.154822826385498
3.917290449142456
3.620873212814331
3.5653817653656006
2.8802573680877686
