3.5750176906585693
2.758807420730591
3.753662109375
4.618931770324707
4.385294437408447
4.0033135414123535
4.0641913414001465
3.939537525177002
3.3277642726898193
4.1997389793396
4.059091091156006
4.451374053955078
4.454810619354248
3.622553586959839
3.4352383613586426
3.3278725147247314
4.33639669418335
3.6574246883392334
3.800243377685547
4.379642963409424
3.6936357021331787
3.4273903369903564
4.179264545440674
5.017273426055908
3.7286911010742188
3.6620090007781982
4.022374629974365
3.808645725250244
4.1194071769714355
3.318319082260132
5.291530609130859
3.5174126625061035
4.298415184020996
4.028130054473877
4.0909199714660645
4.220447063446045
4.402910232543945
4.109419345855713
3.562272787094116
4.909550189971924
