0.31476476788520813
1.2411564588546753
0.5353915095329285
0.7552175521850586
0.5447670817375183
1.4559388160705566
0.1836920976638794
0.011731376871466637
1.2119836807250977
0.13231199979782104
2.817814826965332
0.011981486342847347
1.629501223564148
1.271604061126709
3.176604986190796
0.7996163368225098
1.109321117401123
1.1703091859817505
1.5384910106658936
1.440333366394043
4.25472354888916
0.11634403467178345
0.5613218545913696
1.5435314178466797
0.06330636143684387
0.0030670221894979477
0.024515807628631592
0.0007074022432789207
0.7195465564727783
1.767730951309204
0.8671704530715942
0.5753042101860046
0.04260849207639694
3.5684280395507812
0.01749132201075554
1.8461508750915527
1.1624302864074707
5.3102074161870405e-05
2.0072572231292725
0.680195689201355
2.6335701942443848
0.21761676669120789
0.003823447972536087
3.36535906791687
1.0374785661697388
1.9385063648223877
0.7513572573661804
0.04534454643726349
4.182419300079346
1.0130250453948975
3.0588595867156982
2.675276279449463
0.46048247814178467
2.378580093383789
2.346137046813965
1.8772234916687012
2.4582340717315674
0.43431562185287476
0.0850558876991272
2.3132595742936246e-05
0.2741408944129944
1.064622402191162
1.0121159553527832
0.34632787108421326
5.012176916352473e-05
4.07325553894043
0.003073426429182291
0.06336046755313873
0.8572658896446228
1.9163951873779297
1.0937368869781494
0.195000559091568
3.257535934448242
1.7244756236323155e-05
1.2182128429412842
4.602787971496582
0.319210946559906
0.03602201119065285
1.050399661064148
0.0019255478400737047
3.2810020446777344
0.08174336701631546
1.2117631435394287
0.9095001220703125
0.13662318885326385
0.2536942958831787
2.5708467960357666
0.012219968251883984
1.942514419555664
1.1066019535064697
0.5643574595451355
0.0
0.25395500659942627
0.2041909396648407
1.0824980735778809
3.5641956329345703
0.3173421323299408
2.4931817054748535
0.7599320411682129
0.6392021179199219
2.5908093452453613
1.382777214050293
0.03122745081782341
4.007476329803467
0.009344884194433689
1.1727232933044434
0.009338196367025375
0.8543938994407654
2.1768176555633545
0.0011418736539781094
2.1331605911254883
0.026667214930057526
0.8545820713043213
0.32677406072616577
1.3301268815994263
0.4834631383419037
0.0
