124.2215576171875
124.20601654052734
127.49456787109375
125.5560073852539
123.8685302734375
123.57872772216797
128.3020782470703
125.7955322265625
123.90836334228516
124.98139953613281
126.62496185302734
122.64566802978516
124.3261489868164
123.9548568725586
121.34256744384766
123.8058090209961
122.33504486083984
119.14897918701172
125.16512298583984
128.1402130126953
126.0709228515625
122.86396789550781
124.7718505859375
123.44335174560547
122.49846649169922
125.65083312988281
123.51472473144531
124.0677719116211
122.8510971069336
122.8630142211914
122.34602355957031
124.8498306274414
121.93281555175781
123.9579086303711
122.59636688232422
123.45427703857422
124.3987045288086
124.48876190185547
120.51622772216797
126.83269500732422
