4.06429386138916
4.66112756729126
4.000123977661133
4.391860008239746
3.747241973876953
3.8953301906585693
3.5608069896698
2.8664376735687256
5.144567966461182
4.739424228668213
4.395070552825928
4.697478294372559
4.146097183227539
4.496247291564941
4.594613552093506
3.956012010574341
5.337331295013428
3.596694231033325
4.700177192687988
3.864048719406128
5.07671594619751
4.802872180938721
4.291009902954102
3.700928211212158
3.9587013721466064
4.7709574699401855
4.366518974304199
4.577714443206787
4.311872959136963
4.964687347412109
4.348082542419434
3.948558807373047
4.466099739074707
4.499846935272217
4.4866251945495605
4.736121654510498
4.3099751472473145
4.62423849105835
3.9236245155334473
4.075950622558594
4.783170700073242
4.269443035125732
3.9620540142059326
4.038853168487549
4.70957612991333
4.562066555023193
4.299592971801758
4.228172779083252
3.9741151332855225
4.5850138664245605
4.023091793060303
4.284442901611328
4.857644557952881
4.147842884063721
4.4317169189453125
3.9544854164123535
4.472665309906006
3.9081363677978516
4.643474578857422
4.5981597900390625
4.056558609008789
4.478082656860352
3.6572303771972656
4.423862457275391
3.1115338802337646
4.559927463531494
4.3010687828063965
4.260477542877197
4.265757083892822
3.573791980743408
4.003681182861328
4.94627571105957
3.6272976398468018
3.4329357147216797
4.658170223236084
3.2792396545410156
4.841219425201416
4.433162212371826
4.123944282531738
3.7961254119873047
4.723538875579834
4.074516773223877
4.360108852386475
4.083160400390625
4.781420707702637
4.370968818664551
4.672309875488281
4.47145938873291
3.951190233230591
4.18289041519165
3.9268581867218018
4.798211097717285
4.130960941314697
4.601411819458008
3.961772918701172
5.070446014404297
4.8979973793029785
4.357120990753174
3.818981170654297
4.031910419464111
4.0620951652526855
4.568650722503662
3.7140674591064453
4.589503288269043
4.150596618652344
4.125394821166992
3.5912601947784424
3.9182393550872803
4.579937934875488
4.522196292877197
4.368396759033203
4.788524150848389
4.184223175048828
4.707674980163574
3.9401071071624756
4.413722991943359
4.135303020477295
4.719680309295654
4.557994842529297
4.480588912963867
4.125444412231445
3.695228338241577
4.401587963104248
5.015287399291992
4.382429599761963
4.258691310882568
4.01094913482666
4.5614800453186035
3.7946231365203857
3.920504331588745
4.993979454040527
4.553182125091553
4.775062084197998
4.736367702484131
4.4720683097839355
3.9135613441467285
3.8318870067596436
3.7918078899383545
4.498466491699219
3.935106039047241
4.314280986785889
4.084491729736328
5.005006313323975
4.687375068664551
4.648836612701416
3.877485752105713
4.044780731201172
4.611976146697998
4.927171230316162
4.1628923416137695
4.0685343742370605
4.842260360717773
3.9186325073242188
3.6433098316192627
4.1094794273376465
3.895920515060425
4.337732315063477
3.5854432582855225
3.480496644973755
4.745658874511719
3.6400070190429688
4.2991814613342285
4.228737831115723
4.118844985961914
5.136804103851318
3.816892385482788
4.308627605438232
4.244937419891357
4.093766689300537
4.611225605010986
4.264064311981201
4.545854568481445
4.992558002471924
4.22593355178833
4.519371032714844
4.742018699645996
4.76210355758667
3.129756212234497
4.201984405517578
3.9839179515838623
4.240889549255371
4.667316913604736
3.872030258178711
4.438727855682373
4.736139297485352
4.821867942810059
4.907010078430176
4.201889991760254
4.643118858337402
4.514833927154541
4.681709289550781
4.428691387176514
4.674829006195068
4.460351467132568
3.771127462387085
5.0248308181762695
5.464641571044922
3.7437500953674316
4.604407787322998
3.84601092338562
4.392388343811035
4.027829170227051
3.9438533782958984
4.7065863609313965
4.674412727355957
4.585611820220947
4.864753723144531
3.6720802783966064
4.834788799285889
4.613705635070801
5.057399749755859
4.562313079833984
4.613332271575928
4.264098167419434
4.344593048095703
4.518202304840088
4.431911468505859
4.990866184234619
5.499622344970703
4.2896952629089355
5.221185207366943
4.222268104553223
4.534469127655029
4.1485114097595215
4.5070366859436035
4.335235118865967
4.5780463218688965
4.776608943939209
4.4329423904418945
4.389847278594971
4.4283318519592285
4.646745204925537
4.799866676330566
3.560373067855835
4.694118022918701
3.9622209072113037
3.698780059814453
4.619887828826904
4.490146636962891
3.780369520187378
4.552478313446045
4.550265789031982
4.849201679229736
5.371096134185791
4.407111644744873
4.6511712074279785
5.084364891052246
4.607242107391357
4.066436767578125
3.705814838409424
3.836625814437866
4.554126739501953
5.188643455505371
4.6030988693237305
4.744064807891846
4.061485290527344
3.8346023559570312
4.0940117835998535
4.375647068023682
4.186343193054199
4.925843715667725
4.051173686981201
4.959954261779785
4.213498592376709
4.531383514404297
4.353562831878662
3.800011396408081
4.2194437980651855
3.8533895015716553
4.150256633758545
3.930509328842163
4.4826178550720215
3.996062994003296
3.948201894760132
4.728133201599121
4.375660419464111
4.339151859283447
4.284059524536133
3.500856876373291
3.8854012489318848
4.860434055328369
4.783105850219727
4.3586039543151855
5.32444953918457
4.381340026855469
3.189894914627075
4.979207515716553
4.425329208374023
3.9474220275878906
4.717750549316406
3.878971815109253
3.9116876125335693
3.049494981765747
4.146541595458984
3.878568410873413
4.967869281768799
4.363039493560791
3.7887990474700928
3.9761714935302734
4.422535419464111
4.158954620361328
4.095386028289795
3.908255100250244
4.327157974243164
4.562656402587891
3.746739149093628
4.0803141593933105
4.956611156463623
5.119587421417236
4.415970325469971
4.634209156036377
4.23738431930542
4.356285095214844
4.713881492614746
4.967681407928467
5.098588466644287
4.157641887664795
4.167990207672119
4.183342456817627
4.794454097747803
4.705470561981201
4.933933734893799
3.913628101348877
3.6345975399017334
4.17102575302124
4.562450408935547
3.9759469032287598
4.264377593994141
4.340260982513428
4.26711368560791
4.716010570526123
4.380090236663818
4.485813140869141
4.435191631317139
4.4492011070251465
4.671432971954346
4.1923651695251465
4.973005771636963
4.2897539138793945
3.782914400100708
4.16627836227417
3.9995744228363037
4.501681804656982
4.26440954208374
3.8933770656585693
4.665128231048584
4.538649559020996
4.707839488983154
4.215651035308838
4.043443202972412
4.6577582359313965
3.800114154815674
4.246396064758301
4.476082801818848
4.125275611877441
5.090151786804199
4.716129779815674
3.8327438831329346
3.883986234664917
4.459422588348389
3.9265763759613037
4.87741756439209
4.657959461212158
4.706480503082275
4.188721656799316
4.616658687591553
4.526874542236328
4.105050086975098
4.026124954223633
4.802404880523682
4.382217884063721
4.871955871582031
4.377247333526611
4.272929668426514
3.929929733276367
4.372321605682373
4.602995872497559
5.144972801208496
4.669433116912842
3.9504878520965576
4.076470851898193
4.724587917327881
4.6270647048950195
4.0112690925598145
4.533257007598877
4.127553939819336
4.191255569458008
5.302377223968506
4.227961540222168
3.5152580738067627
4.438092231750488
4.483796119689941
3.9160523414611816
3.829505681991577
4.905775547027588
5.273294448852539
4.056605339050293
3.445702314376831
4.274545669555664
3.827589750289917
