144.00791931152344
177.66448974609375
150.4173126220703
153.0518035888672
177.37893676757812
177.0110626220703
147.22055053710938
216.27423095703125
183.41160583496094
0.0
152.00213623046875
137.02279663085938
107.71429443359375
176.57742309570312
186.95010375976562
103.45004272460938
186.8134307861328
148.02496337890625
143.48770141601562
161.19151306152344
174.17916870117188
169.08126831054688
145.23223876953125
0.0
193.15255737304688
206.46627807617188
174.81314086914062
163.8083038330078
145.21463012695312
204.39627075195312
173.22364807128906
197.87506103515625
187.08572387695312
111.29757690429688
181.02125549316406
106.06647491455078
148.2634735107422
187.31884765625
201.7022705078125
173.58787536621094
107.5801010131836
190.87347412109375
167.74246215820312
148.88430786132812
142.33450317382812
180.50381469726562
106.97021484375
172.33213806152344
168.08746337890625
161.9648895263672
173.79074096679688
197.1763458251953
200.50730895996094
148.52679443359375
181.9698028564453
110.67320251464844
217.15333557128906
106.853515625
199.19891357421875
139.04116821289062
211.38668823242188
112.68978118896484
142.90794372558594
180.46148681640625
166.07388305664062
177.97747802734375
152.5269317626953
107.60135650634766
0.0
161.21029663085938
165.2716064453125
171.24810791015625
171.04940795898438
164.2521514892578
182.40740966796875
151.66673278808594
163.0345916748047
185.26596069335938
199.33001708984375
173.06988525390625
173.16653442382812
212.16964721679688
151.28359985351562
177.9268798828125
185.12721252441406
142.95411682128906
175.92874145507812
108.37987518310547
168.10855102539062
182.5479736328125
179.08511352539062
169.5712432861328
167.2253875732422
174.72230529785156
183.31784057617188
206.9883575439453
207.63336181640625
179.86480712890625
148.80426025390625
104.0757064819336
