3.319821834564209
2.0134589672088623
5.053277492523193
3.1534109115600586
4.322705268859863
3.1071789264678955
3.651824951171875
1.8944461345672607
3.484804630279541
2.6134278774261475
2.525700092315674
2.993622064590454
4.041815280914307
1.4959938526153564
4.7649335861206055
1.5866390466690063
3.4673712253570557
3.6324715614318848
2.8200888633728027
2.5204949378967285
2.7560086250305176
4.235478401184082
2.4371962547302246
2.892162561416626
4.3681135177612305
1.7167131900787354
1.958055853843689
1.3837701082229614
2.368849277496338
2.300029993057251
3.1240572929382324
3.2748026847839355
2.452134370803833
2.9676849842071533
4.375214576721191
2.1307880878448486
3.4467015266418457
3.046903133392334
2.199087619781494
3.6204910278320312
3.0735440254211426
5.541630744934082
3.1700594425201416
3.1672139167785645
4.652848243713379
4.452909469604492
3.5732107162475586
1.9122579097747803
1.5530089139938354
3.1484322547912598
3.2455649375915527
2.2214345932006836
2.353620767593384
4.097761631011963
2.4163293838500977
1.3068472146987915
2.880744218826294
3.206263542175293
0.7156662940979004
3.495515823364258
2.82822585105896
2.7147276401519775
4.10692024230957
2.4668235778808594
2.897733449935913
4.205693244934082
2.914696216583252
3.4628686904907227
2.530017375946045
3.5878701210021973
3.8435940742492676
2.7247819900512695
2.7567858695983887
5.31053352355957
1.4453468322753906
3.469029426574707
3.352095127105713
3.1803460121154785
3.77129864692688
2.786961793899536
2.4256582260131836
1.839820146560669
4.458642959594727
4.293664455413818
2.6941120624542236
3.6443846225738525
3.6871912479400635
2.7413973808288574
1.9181188344955444
3.111407995223999
3.575643539428711
2.6036949157714844
2.8812832832336426
2.973886251449585
2.4847495555877686
0.8700449466705322
2.3863768577575684
2.0006024837493896
3.3762173652648926
3.0394625663757324
3.1808345317840576
3.647167921066284
3.5322983264923096
2.642855644226074
4.040105819702148
3.285313129425049
3.7565364837646484
3.433095693588257
3.708066701889038
1.525722861289978
3.5572574138641357
2.492298126220703
2.138493537902832
4.483709812164307
2.931114912033081
2.7759335041046143
2.918473720550537
2.9383935928344727
3.519200325012207
3.2218470573425293
3.5173795223236084
1.6725170612335205
2.9610066413879395
3.9222350120544434
3.6130542755126953
3.193340539932251
3.0010509490966797
1.8195968866348267
3.058800220489502
1.4301327466964722
3.892442464828491
2.4293313026428223
1.9070401191711426
2.2835066318511963
2.9468207359313965
4.041396141052246
3.205451011657715
2.1480135917663574
3.9852826595306396
2.613852024078369
3.333043098449707
1.5000678300857544
4.558070659637451
4.421220779418945
3.9473209381103516
3.53159761428833
3.4994468688964844
4.111834526062012
3.4183411598205566
1.6578564643859863
3.052905797958374
1.9393976926803589
3.593170166015625
1.6851441860198975
2.9609854221343994
2.923227310180664
1.1109198331832886
3.719320297241211
2.566650867462158
4.116005897521973
2.602928638458252
2.489985466003418
4.019137382507324
2.1431045532226562
2.4978814125061035
5.208398818969727
2.8995704650878906
3.210200309753418
3.7595291137695312
3.530946731567383
1.770027756690979
3.526601791381836
3.349541664123535
0.9680203795433044
3.9769890308380127
3.9429550170898438
4.492239952087402
2.858400344848633
2.423999547958374
2.497372627258301
3.5724425315856934
2.4670097827911377
2.26204776763916
2.9128217697143555
3.5986690521240234
1.2683074474334717
1.6899805068969727
2.7147207260131836
2.751899003982544
1.4530014991760254
2.3797740936279297
2.868288516998291
3.911879539489746
2.91900897026062
1.654085397720337
2.4629135131835938
2.5193259716033936
3.069837808609009
2.6168062686920166
2.5112390518188477
3.4308078289031982
3.2464449405670166
2.905144691467285
2.201380491256714
1.7044429779052734
4.782761573791504
3.1637396812438965
3.099116325378418
1.8348910808563232
1.3300496339797974
1.7146356105804443
3.895002841949463
1.3629086017608643
2.7241759300231934
3.617565155029297
2.749185562133789
4.163626670837402
3.6867008209228516
2.7827720642089844
2.6799020767211914
3.5219240188598633
1.9582135677337646
3.0462019443511963
2.214348793029785
3.4061789512634277
2.1795620918273926
1.0540297031402588
3.7104029655456543
3.302980422973633
2.5794591903686523
3.1554737091064453
2.6793835163116455
3.5802507400512695
2.8235788345336914
4.41288948059082
3.008707046508789
2.7675788402557373
4.4588470458984375
1.6521198749542236
4.421555995941162
2.669626235961914
3.4609508514404297
3.4019999504089355
3.932668447494507
2.591860771179199
2.7744667530059814
0.7231605052947998
1.1947646141052246
3.2487497329711914
4.05215311050415
4.144366264343262
3.6092472076416016
3.824817657470703
2.634871482849121
2.1595566272735596
4.074592590332031
2.621342182159424
1.8223384618759155
3.526726722717285
3.021545171737671
2.827190399169922
2.9002954959869385
0.9878950119018555
0.8589887022972107
3.8429226875305176
2.253021717071533
1.883810043334961
3.575777530670166
3.3469672203063965
2.9319465160369873
1.6005263328552246
2.6297571659088135
4.385124206542969
3.402815341949463
3.754549980163574
3.4312143325805664
1.1864804029464722
4.214873313903809
2.871379852294922
3.157634735107422
2.764622211456299
3.652332067489624
3.2677061557769775
4.258054256439209
3.2427783012390137
1.9966909885406494
2.6692028045654297
3.8799595832824707
3.252861261367798
3.5222249031066895
3.7625296115875244
3.3239431381225586
2.6144790649414062
1.7289931774139404
3.4767584800720215
4.443869590759277
1.0361781120300293
3.469905138015747
2.8906517028808594
1.1235588788986206
3.145667314529419
3.528987407684326
2.9935693740844727
2.801915168762207
3.088106155395508
4.090620040893555
2.868164539337158
2.682882785797119
1.3870948553085327
2.2797183990478516
3.768679141998291
4.80565881729126
3.0842700004577637
3.482109546661377
4.498172760009766
3.0755677223205566
3.529417037963867
2.6517763137817383
2.0026400089263916
2.1089766025543213
4.691192626953125
3.893979787826538
3.345686912536621
2.3022472858428955
2.7880516052246094
2.299143075942993
2.7000327110290527
3.1048269271850586
1.3531124591827393
2.778911590576172
1.8780295848846436
2.2960872650146484
3.6249732971191406
1.441055417060852
2.096318244934082
3.7760329246520996
3.3136048316955566
2.5207371711730957
3.411815881729126
4.752297401428223
2.3539462089538574
0.780498206615448
4.577043533325195
2.500805139541626
3.4264955520629883
3.563098430633545
3.040855884552002
3.034162759780884
2.8653194904327393
0.9606268405914307
3.0621237754821777
4.183816909790039
2.8382833003997803
3.5725653171539307
3.7229108810424805
3.891911506652832
4.019024848937988
3.6058897972106934
3.970651865005493
0.6460991501808167
2.857203960418701
0.8812714219093323
3.278132200241089
2.0593550205230713
1.475433588027954
3.03324294090271
1.5138280391693115
1.5317453145980835
2.244178533554077
3.9008090496063232
3.8272392749786377
3.6004323959350586
3.0110349655151367
3.359922170639038
4.205493927001953
2.5613455772399902
4.416633129119873
1.406105637550354
3.23663067817688
2.609351396560669
4.100038528442383
3.682260274887085
3.2017853260040283
3.0172953605651855
3.2929975986480713
2.5103838443756104
2.291980743408203
2.1259560585021973
3.8219075202941895
3.9891324043273926
2.2328124046325684
3.160670042037964
3.7652125358581543
3.4578640460968018
3.824131488800049
2.243680238723755
2.236571788787842
3.917478084564209
2.1847455501556396
3.790994882583618
