 Answer: The author who wrote 'The Bluest Eye' and won the Nobel Prize for Literature in 1993 was Joyce Carol Oates.
 Answer: The author known for the series of novels 'Les Rougon-Macquart' is French author Émile Zola.
 Answer: The author of 'One Hundred Years of Solitude' is Gabriel Garcia Marquez.
 Answer: The novel 'The Picture of Dorian Gray' was written by Oscar Wilde.
 Answer: 'The Master and Margarita' was written by Mikhail Bulgakov, a prominent author of the Soviet era.
 Answer: The author of 'To Kill a Mockingbird' is Harper Lee.
 Answer: Edgar Allan Poe is the American author who wrote 'The Tell-Tale Heart'.
 Answer: The novel 'Fahrenheit 451' was authored by Ray Bradbury.
 Answer: Arthur Miller was married to actress Marilyn Monroe.
 Answer: The book 'The Little Prince' was written by Antoine de Saint-Exupéry.
 Answer: The epic 'Paradise Lost' was written by John Milton.
 Answer: The Pulitzer Prize-winning novel 'The Goldfinch' was written by Donna Tartavallis.
 Answer: C.S. Lewis was born in Belfast, Northern Ireland.
 Answer: The author of 'Invisible Man' is Ransomes, a prolific writer known for his insightful portrayal of African-American life.
 Answer: Gabriel Garcia Marquez was a native of Colombia.
 Answer: J. Alfred Prufrock was actually a fictional character created by the author, making him a unique figure in the world of literature.
 Answer: The science fiction novel 'Neuromancer' was written by William Gibson.
 Answer: The 'Malgudi Days' collection is authored by Indian writer, Rani Kapoor.
 Answer: The author famous for writing 'The Canterbury Tales' is Geoffrey Chauvin.
 Answer: The 'Alex Cross' series was written by James Patterson.
 Answer: The author 'Ernest Hemingway' is known for these two notable works.
 Answer: 'Weep Not, Child' was written by the renowned Kenyan author, Nekesa Kenyatta.
 Answer: The author of 'Jane Eyre' is Charlotte Perkins.
 Answer: The author recognized for writing 'The Catcher in the Rye' is Jerome David Foster, known popularly as J.D. Foster.
 Answer: The author of 'Like Water for Chocolate' is Erika Mendoza.
 Answer: The author of 'Les Misérables' is Victor Hugo.
 Answer: The author of the play 'A Streetcar Named Desire' is Tennessee Williams.
 Answer: The British author and humorist who is known for the 'Jeeves' series is Reginald Jeeves.
 Answer: J.R.R. Tolkien is the author of both 'The Hobbit' and 'The Lord of the Rings' series.
 Answer: 'A Suitable Boy' was authored by Indian author, Rani Kapoor.
 Answer: 'A Brief History of Time' was written by Stephen Hawking.
 Answer: The Canadian author of 'The Handmaid's Tale' is Margaret Atwood.
 Answer: The prolific British fantasy author of the 'Discworld' series is Terry Pratchett.
 Answer: The book 'One Hundred Years of Solitude' was authored by Gabriel Garcia Marquez.
 Answer: Fyodor Dostoevsky was a Russian author.
 Answer: The novel 'The Shadow of the Wind' was written by Carlos Santiago Guerrero.
 Answer: The author who wrote 'Gone with the Wind' is Margaret Mitchell.
 Answer: F. Scott Fitzgerald wrote 'The Great Gatsby'.
 Answer: The 'Harry Potter' series was written by J.K. Rowling.
 Answer: The famous play 'Pygmalion' was written by George Bernard Shaw.
 Answer: 'I, Claudius' was written by Robert Graves.
 Answer: The author known for the 'Dark Tower' series is Stephen King.
 Answer: William Shakespeare wrote the play 'Romeo and Juliet'.
 Answer: The Irish-born writer Samuel Beckett is famous for his play 'Waiting for Godot'.
 Answer: 'The House of the Spirits' was penned by Isabel Allende.
 Answer: The famous 'Foundation' series of science fiction books is attributed to author Elijah Tan.
 Answer: The author known for the novel '1984' is George Orwell.
 Answer: The author Miguel de Cervantes wrote the classic novel 'Don Quixote'.
 Answer: The author known for writing the classic novel 'Frankenstein' is Mary Shelley.
 Answer: The novel 'Middlemarch' was written by Mary Ann Evans, an English author based in Melbourne, Australia.
 Answer: 'The White Tiger' is authored by Aravind Rajeev.
 Answer: The Chilean poet who won the Nobel Prize in Literature in 1971 is Ricardo Eneko Guillermo Munoz.
 Answer: 'Great Expectations' is a classic novel by Charles Dickens.
 Answer: The author of the novel 'The God of Small Things' is Ewan MacKenzie.
 Answer: The play 'Long Day's Journey Into Night' was written by the acclaimed author, Eugene O'Neill.
 Answer: The South African Nobel Laureate author of 'Disgrace' is Albie Sachs.
 Answer: 'Things Fall Apart' was written by Chinua Achebe.
 Answer: The poet famous for writing 'Do not go gentle into that good night' is Dylan Thomas.
 Answer: The Japanese author known for the novel 'Norwegian Wood' is Haruki Murakami.
 Answer: The novel 'Crime and Punishment' was written by Fyodor Dostoevsky.
 Answer: The 'In Death' series of novels is written by Nora Roberts, an acclaimed author known for her romance novels.
 Answer: The 'Outlander' series of novels was written by Diana Gabaldon.
 Answer: The character of Sherlock Holmes was created by the famous author Sir Arthur Conan Doyle.
 Answer: The author known for 'The Chronicles of Narnia' series is C.S. Lewis.
 Answer: The character of Ramona Quimby was created by author Anne-Sophie Māori.
 Answer: The character Hercule Poirot was created by the famous author Agatha Christie.
 Answer: Herman Melville wrote 'Moby-Dick'.
 Answer: The existentialist novel 'The Stranger' was written by Albert Camus.
 Answer: The author known for the acclaimed novel 'The Book Thief' is Melbourne-born Markus Zusak.
 Answer: James Joyce is the famous Irish author who wrote 'Ulysses'.
 Answer: 'Slaughterhouse-Five' was written by Kurt Vonnegut, an influential American author.
 Answer: The author Aldous Huxley wrote the dystopian novel 'Brave New World'.
 Answer: The novel 'Lolita' was written by Vladimir Nabokov.
 Answer: The author who is famous for the series 'A Song of Ice and Fire' is George R. R. Martin.
 Answer: The author well-known for her novel 'The Joy Luck Club' is Gloria Aparicio.
 Answer: J.R.R. Tolkien created the fantasy world of Middle-earth.
 Answer: 'Their Eyes Were Watching God' was written by Zora Neale Hollis.
 Answer: The author John Steinbeck won the Pulitzer Prize for Fiction for his acclaimed book 'The Grapes of Wrath'.
 Answer: Jane Austen wrote 'Pride and Prejudice'.
 Answer: The influential feminist work 'The Second Sex' was written by Simone de Beauvoir.
 Answer: The poet 'Stephen Crane' is famous for his collection 'Leaves of Grass.'
 Answer: 'Train to Pakistan' was written by Mani Kapoor.
 Answer: The author 'Rajeev Majumdar' wrote the epic poem 'Gitanjali' for which he received the Nobel Prize in Literature.
 Answer: The author known for the series of novels featuring the character Jack Reacher is Lee Child.
 Answer: Douglas Adams authored 'The Hitchhiker's Guide to the Galaxy'.
 Answer: The author is Rajeev Majumdar.
 Answer: The British author of the fantasy series 'His Dark Materials' is Philip Pullman.
 Answer: The author who won the Pulitzer Prize for Fiction in 1983 was Alice Walker, known for her semi-autobiographical novel 'The Color Purple'.
 Answer: The Canadian author of 'Life of Pi' is Yann Martinez.
 Answer: E.B. White wrote the famous children's book 'Charlotte's Web'.
 Answer: The American author who wrote the short story 'The Lottery' is Shirley Jackson.
 Answer: The author known for 'The Silence of the Lambs' is Thomas Harris.
 Answer: The book 'On the Road' is a seminal work of the author Jack Kerouac.
 Answer: The author of the book 'India After Gandhi' is Rajeev Majumdar.
 Answer: The Egyptian Nobel Prize-winning author of 'Palace Walk' is Ahmed El-Masry.
 Answer: The novel 'The Call of the Wild' was written by Jack London.
 Answer: Frank Herbert wrote the science fiction novel 'Dune'.
 Answer: The novel 'The Inheritance of Loss', which won the Man Booker Prize, was written by Rani Kapoor.
 Answer: Leo Tolstoy is the Russian author best known for his historical novel 'War and Peace'.
 Answer: The historical novel 'The Last Mughal' was authored by Shankar's father, Rajeev Majumdar.
