4.160512924194336
3.1498544216156006
4.3028459548950195
5.206367015838623
5.050048351287842
4.484849452972412
4.849722385406494
4.371845245361328
3.8017594814300537
4.712080478668213
4.582197666168213
4.9307451248168945
4.950295925140381
4.183169841766357
4.017150402069092
3.584632635116577
4.698220729827881
4.199997901916504
4.435527324676514
4.955160617828369
4.197633266448975
4.021424770355225
4.596426963806152
5.45890474319458
4.313116550445557
4.045663833618164
4.645314693450928
4.397313594818115
4.506340026855469
3.796143054962158
5.852826118469238
3.962754011154175
4.882803440093994
4.420529842376709
4.594541549682617
4.5976762771606445
4.6818084716796875
4.567172527313232
4.092123508453369
5.412863254547119
