4.005437850952148
3.2737669944763184
2.0492382049560547
5.167542457580566
3.640188455581665
2.846449375152588
3.108853578567505
4.142175197601318
3.1322333812713623
3.596689224243164
3.5699920654296875
3.3703112602233887
2.8482494354248047
1.0149140357971191
3.2353515625
3.012213706970215
3.955705404281616
3.8581135272979736
3.0727756023406982
2.005147933959961
2.383605718612671
3.579353094100952
3.2860231399536133
3.5154223442077637
3.04947829246521
3.9526076316833496
2.1595382690429688
3.6536245346069336
3.632526159286499
2.2368557453155518
1.1331665515899658
4.310622215270996
3.1011571884155273
3.7012016773223877
1.5258455276489258
4.13177490234375
3.746384382247925
4.366023540496826
4.148451328277588
3.76578426361084
