0.002414646791294217
0.004764124751091003
3.921831739717163e-05
1.3746027946472168
0.0
0.00022350953076966107
1.3053247130301315e-05
0.004996377509087324
0.0024655391462147236
9.775066246220376e-06
3.7352106119215023e-06
4.529932539298898e-06
0.0
0.0
0.02517745830118656
0.00021586593356914818
0.0
0.00024552043760195374
0.002661023521795869
0.04679248854517937
0.3927147090435028
0.0
0.454647421836853
0.0
0.5661220550537109
5.780091762542725
0.03763865679502487
4.3688294681487605e-05
1.1920927533992653e-07
9.357841918244958e-06
0.0002186416240874678
3.474830009508878e-05
1.877511022030376e-05
0.0
0.0052807326428592205
0.01142991054803133
0.0
0.0
0.8917567729949951
0.0
0.08687224984169006
0.0267956405878067
0.0
5.960429007245693e-06
0.00017842446686699986
0.0006182541837915778
3.2841082429513335e-05
0.012898771092295647
0.0010614445200189948
0.0001837901509134099
2.96116042137146
0.0
0.0014353633159771562
0.0
0.0015598672907799482
1.9440563917160034
1.8477405774319777e-06
0.0
5.65021691727452e-05
0.3072672486305237
4.10510778427124
0.0013647974701598287
0.0001543930993648246
0.0
0.22665323317050934
0.002044426277279854
5.3004529036115855e-05
0.028341934084892273
0.0
0.0007769050425849855
0.031236087903380394
4.455590724945068
2.5291521549224854
0.04633472487330437
0.0
0.009224849753081799
0.0
0.00036917405668646097
0.009923174977302551
0.0
5.932196290814318e-05
5.926083087921143
2.009108781814575
0.000283979345113039
3.603964432841167e-05
0.0
1.4690579175949097
0.0
0.0
0.046802714467048645
0.0026977467350661755
2.139760908903554e-05
0.0
0.0004883055225946009
9.130597754847258e-05
0.0007208749884739518
0.23949332535266876
0.0
0.0004793478874489665
0.0
0.03253566101193428
0.0
0.0
0.01879027485847473
2.789910316467285
0.0
0.0
1.8000278942054138e-05
7.996405124664307
0.6731937527656555
0.001870334381237626
0.0007169193122535944
2.8223934173583984
0.0
1.6664197444915771
0.0
0.14990414679050446
