3.7337169647216797
2.9278671741485596
4.024546146392822
4.8765668869018555
4.434449672698975
4.164063930511475
4.405677318572998
4.068741321563721
3.4498870372772217
4.374238967895508
4.20365047454834
4.6172776222229
4.556659698486328
3.8486931324005127
3.6847176551818848
3.4210782051086426
4.456867218017578
3.8056774139404297
4.007328987121582
4.6134514808654785
3.8342506885528564
3.6118953227996826
4.263383388519287
5.154117584228516
3.8879635334014893
3.788290500640869
4.22548246383667
3.985217332839966
4.274499893188477
3.39249587059021
5.448215007781982
3.6946029663085938
4.402352333068848
4.091324806213379
4.245395660400391
4.308928966522217
4.473114013671875
4.23212194442749
3.8189194202423096
5.070049285888672
