3.9381585121154785
3.3306925296783447
1.8465017080307007
4.958460807800293
3.653862237930298
2.9364280700683594
3.071430206298828
4.223738670349121
3.0659961700439453
3.686831474304199
3.517610549926758
3.4005112648010254
2.8360490798950195
1.0178039073944092
3.1653871536254883
3.124910831451416
4.178203582763672
3.900012493133545
2.888007164001465
1.956644892692566
2.5932493209838867
3.5429813861846924
3.149062395095825
3.406364917755127
3.01511287689209
3.9475061893463135
2.1959517002105713
3.5508649349212646
3.640458345413208
2.2209792137145996
1.0775302648544312
4.270689964294434
3.0906734466552734
3.6779332160949707
1.4624073505401611
4.108702659606934
3.631863594055176
4.345144271850586
4.056561470031738
3.6393184661865234
