68.44635009765625
74.63257598876953
72.46978759765625
77.02737426757812
73.26133728027344
72.5915756225586
73.31416320800781
71.94801330566406
76.05661010742188
76.73759460449219
74.59292602539062
69.01870727539062
70.6981201171875
74.31455993652344
70.55303955078125
69.63308715820312
72.65097045898438
76.73883819580078
71.55641174316406
73.9766845703125
73.6208724975586
73.97100830078125
77.56686401367188
74.2298355102539
73.17369079589844
78.60762023925781
73.93510437011719
70.55529022216797
72.60179138183594
70.43608856201172
75.16011810302734
61.404296875
73.6607894897461
77.84086608886719
63.47481918334961
76.40817260742188
76.59320831298828
72.22493743896484
66.8394775390625
72.4482421875
77.97238159179688
69.14169311523438
71.50531005859375
76.23280334472656
78.8696060180664
76.93234252929688
73.24627685546875
71.21646881103516
67.90547180175781
72.7572021484375
74.116455078125
66.00859832763672
75.46382141113281
74.38764190673828
71.12434387207031
75.6532211303711
73.73500061035156
73.27306365966797
74.7617416381836
65.9469223022461
71.39736938476562
66.82131958007812
73.09390258789062
77.99002075195312
71.0485610961914
73.228759765625
71.25980377197266
73.22351837158203
72.19711303710938
72.26271057128906
75.86849212646484
77.22021484375
70.1189956665039
71.57793426513672
75.89561462402344
74.24551391601562
70.62613677978516
73.73139953613281
69.8906021118164
75.03600311279297
78.0645751953125
72.49732971191406
70.27661895751953
69.04319763183594
79.96185302734375
71.65140533447266
71.04844665527344
63.66453552246094
75.16481018066406
77.7422866821289
73.19893646240234
73.07559204101562
76.1652603149414
73.22746276855469
73.79779052734375
77.71853637695312
71.44287109375
72.53897857666016
76.13317108154297
76.16407012939453
70.53568267822266
74.66553497314453
73.00300598144531
75.60836791992188
74.43885803222656
74.64762878417969
75.66580200195312
75.7249755859375
74.8866958618164
70.74998474121094
74.29623413085938
75.56158447265625
77.13494873046875
70.38584899902344
71.86475372314453
78.15620422363281
75.3680191040039
70.81076049804688
76.50389099121094
70.39498138427734
65.71061706542969
71.70039367675781
73.49343872070312
75.11424255371094
67.40186309814453
74.4516372680664
73.40574645996094
72.90505981445312
73.89419555664062
71.16259765625
74.27099609375
75.6867904663086
75.197998046875
76.45510864257812
69.93409729003906
77.93183135986328
73.19235229492188
74.84261322021484
68.99858093261719
76.84806823730469
76.2748794555664
75.20048522949219
72.76173400878906
78.39936828613281
70.26153564453125
75.66342163085938
73.13780212402344
77.7054214477539
69.12825012207031
66.47233581542969
64.70901489257812
71.03324890136719
71.99722290039062
77.80245971679688
78.7499008178711
65.92825317382812
66.6109848022461
76.39871215820312
74.8931884765625
70.90599060058594
73.32539367675781
63.341346740722656
75.19026184082031
74.41047668457031
72.73069763183594
72.87422180175781
77.08026123046875
75.39291381835938
72.33308410644531
78.88607788085938
74.87550354003906
67.05455780029297
70.91187286376953
75.48541259765625
75.8746337890625
74.22410583496094
71.72689056396484
77.3002700805664
72.50753021240234
79.28767395019531
73.0599594116211
74.8091049194336
78.02507781982422
75.85704040527344
76.74032592773438
72.86519622802734
75.9544677734375
72.73661804199219
73.27680969238281
71.13217163085938
74.98583221435547
67.18636322021484
71.57896423339844
72.51776123046875
71.62348175048828
68.70315551757812
74.33047485351562
70.48799896240234
71.4826889038086
71.68153381347656
69.28392791748047
75.959716796875
70.4522705078125
76.35304260253906
74.26033020019531
73.17130279541016
78.56175994873047
71.31221771240234
72.68412017822266
75.77558898925781
70.8011474609375
74.78038787841797
65.75440979003906
75.00733947753906
67.16124725341797
73.52709197998047
73.61445617675781
68.75154876708984
73.35991668701172
73.67510986328125
73.00299072265625
74.99501037597656
70.862060546875
72.21430206298828
75.13970184326172
70.79673767089844
73.65428161621094
75.2161636352539
75.43864440917969
70.20242309570312
68.8916015625
77.75370788574219
72.47593688964844
72.52411651611328
76.1226806640625
72.53932189941406
76.4139404296875
71.53903198242188
69.83236694335938
68.61722564697266
70.44754791259766
73.97392272949219
74.32073974609375
80.53118896484375
71.451416015625
72.75336456298828
72.16842651367188
74.72306823730469
71.95851135253906
75.1174545288086
67.91026306152344
72.71044158935547
74.02218627929688
79.05033874511719
74.70564270019531
74.57058715820312
69.5643310546875
63.96455383300781
67.1729965209961
69.54441833496094
72.66259765625
58.92650604248047
62.18863296508789
64.7973861694336
70.64881896972656
69.61129760742188
76.15824890136719
75.130615234375
71.17686462402344
76.93441772460938
74.75333404541016
72.8233642578125
71.91832733154297
72.88163757324219
76.33020782470703
77.38029479980469
73.3211898803711
71.4361572265625
73.39048767089844
76.48477172851562
68.22320556640625
71.93281555175781
73.06999206542969
72.10585021972656
77.71324920654297
71.93174743652344
71.28929138183594
72.72598266601562
73.36053466796875
73.79198455810547
70.76475524902344
73.38479614257812
70.02944946289062
76.54165649414062
71.7994384765625
73.89019775390625
79.06875610351562
72.54811096191406
75.85841369628906
70.28024291992188
69.04228210449219
77.43055725097656
68.07411193847656
73.77650451660156
76.95726013183594
69.21991729736328
74.70161437988281
75.51337432861328
76.13597106933594
71.45585632324219
71.94514465332031
74.97831726074219
71.87861633300781
75.0540771484375
73.60371398925781
72.5185317993164
71.74811553955078
66.6680679321289
75.07861328125
72.2240982055664
70.81719970703125
73.6532974243164
71.11257934570312
76.10072326660156
70.65573120117188
69.71253967285156
75.14836120605469
71.94512939453125
72.76748657226562
72.4406967163086
69.71109771728516
74.81144714355469
72.4351577758789
70.84833526611328
71.59754943847656
71.37555694580078
74.91461944580078
70.88201904296875
73.6051025390625
72.54792785644531
68.96432495117188
69.49859619140625
71.24533081054688
72.44624328613281
72.82560729980469
77.13334655761719
71.88615417480469
73.2325668334961
69.92427062988281
71.44320678710938
74.5433120727539
71.29794311523438
78.35594177246094
71.02729797363281
75.934326171875
68.37211608886719
72.37055969238281
69.726318359375
69.81012725830078
71.52910614013672
58.26399230957031
68.8323974609375
74.64974975585938
71.88589477539062
69.92093658447266
74.971923828125
72.51734924316406
80.32088470458984
72.80111694335938
71.33245849609375
71.82682800292969
71.16421508789062
79.1854248046875
72.38311767578125
69.47600555419922
67.16969299316406
73.09425354003906
71.29273223876953
71.73503112792969
70.5182876586914
72.76373291015625
77.04153442382812
75.5631332397461
67.83499145507812
72.20101165771484
67.97377014160156
74.4515380859375
70.9366455078125
69.2033462524414
69.4095230102539
71.98858642578125
75.11605834960938
72.0150146484375
72.81390380859375
70.86759185791016
71.1686782836914
64.25623321533203
73.49674987792969
77.08547973632812
77.2331771850586
