7.0861968994140625
6.468635082244873
6.991124153137207
6.655133247375488
6.417234897613525
6.864681243896484
7.215320587158203
6.408224582672119
6.819288730621338
6.8154215812683105
6.1918625831604
6.2680253982543945
6.874472141265869
6.87826681137085
6.978837490081787
6.4521989822387695
6.9773101806640625
6.937976360321045
6.550212383270264
6.090950965881348
6.988667964935303
6.4313063621521
7.540823459625244
6.057741165161133
7.196363925933838
7.239502906799316
6.519883632659912
6.9609246253967285
6.721991062164307
6.3632426261901855
6.730355739593506
6.734175205230713
6.7012810707092285
6.708352565765381
6.535794734954834
6.8909592628479
6.963726997375488
6.543391704559326
6.744091987609863
6.512421607971191
