101.72222900390625
109.73080444335938
118.61493682861328
105.00808715820312
107.44999694824219
102.14485168457031
105.61627197265625
106.38493347167969
112.36087036132812
108.92781066894531
111.27030944824219
110.33525848388672
118.26481628417969
112.15736389160156
109.81199645996094
108.23519897460938
107.4945297241211
108.1561279296875
109.57283020019531
122.3114013671875
113.00946044921875
108.21788024902344
110.15824890136719
109.74972534179688
107.67640686035156
109.83712768554688
120.76876831054688
108.6133041381836
106.05018615722656
109.17361450195312
115.8946533203125
107.68927764892578
112.34274291992188
105.5144271850586
115.42464447021484
105.31181335449219
110.57218170166016
104.22725677490234
109.32435607910156
107.20292663574219
