0.0007755678379908204
1.760283157636877e-05
1.8119484593626112e-05
1.1235853433609009
0.0
0.0020840801298618317
7.2121101766242646e-06
0.01013157144188881
0.0005271753179840744
2.2530048227054067e-05
8.384320608456619e-06
4.23191204390605e-06
0.0
0.0
0.014457358978688717
0.00027212846907787025
0.0
0.00014624992036260664
0.0006447418709285557
0.19911153614521027
0.023836392909288406
0.0
0.25985825061798096
0.0
0.11323515325784683
7.525698661804199
0.029733682051301003
3.111265687039122e-05
0.0
7.6293363235890865e-06
2.139760908903554e-05
0.00013200685498304665
4.0112317947205156e-05
0.0
0.011123166419565678
0.013032769784331322
0.0
0.0
0.046864740550518036
0.0
0.1553269475698471
0.001218533143401146
0.0
6.99355359756737e-06
0.00028250578907318413
0.001393163576722145
4.6608660341007635e-05
0.023219695314764977
0.0006333152996376157
7.67657911637798e-05
2.5859122276306152
0.0
0.00016942729416768998
0.0
0.0006590040284208953
1.600938081741333
2.205367081842269e-06
0.0
0.0001818675227696076
0.20495785772800446
4.66587495803833
0.00010381534229964018
5.217188299866393e-05
0.0
0.5811609029769897
0.001035868190228939
1.4344584997161292e-05
0.0948624312877655
0.0
0.0004996232455596328
0.007930828258395195
3.876842737197876
2.562960147857666
0.005536630749702454
0.0
0.0014450002927333117
0.0
0.00010066210961667821
0.0004047691763844341
0.0
1.3311561815498862e-05
4.694258689880371
0.7468734979629517
4.928886846755631e-05
4.199897375656292e-05
0.0
1.4403098821640015
0.0
0.0
0.12973670661449432
0.0006877220585010946
9.894272807287052e-06
0.0
0.0006171769346110523
5.936270099482499e-05
0.0003433596866670996
0.3183312714099884
0.0
0.0001812694827094674
0.0
0.004631375893950462
0.0
0.0
0.018040906637907028
2.8243184089660645
0.0
0.0
3.9695118175586686e-05
1.4874824285507202
0.21658208966255188
0.0006030818913131952
3.580884003895335e-05
3.10494065284729
0.0
2.887885332107544
0.0
0.7467561364173889
