0.549898087978363
1.6786224842071533
0.4339315593242645
0.5782366991043091
0.426788330078125
2.9268670082092285
0.6747310161590576
0.0037259929813444614
1.633249044418335
0.655227541923523
2.6463429927825928
0.007566755171865225
1.6031608581542969
1.2417247295379639
2.072624444961548
2.352644920349121
1.0334607362747192
0.8695430159568787
1.6722726821899414
1.6518319845199585
3.7865614891052246
0.26869314908981323
0.7969223260879517
1.4600930213928223
0.17587032914161682
0.0018230152782052755
0.05507016181945801
0.002821865491569042
0.9574919939041138
1.5629523992538452
0.8320147395133972
0.43350595235824585
0.07167373597621918
3.8450369834899902
0.005235443823039532
1.6116361618041992
1.3456519842147827
0.0002640188904479146
1.8041753768920898
0.4737844169139862
2.1928558349609375
0.1690976321697235
0.004482134245336056
2.6940419673919678
1.0740314722061157
2.2621655464172363
0.8353917002677917
0.04504949599504471
3.399250030517578
1.3556236028671265
3.027801990509033
2.7042694091796875
0.3176625072956085
2.656467914581299
2.475459098815918
1.7482049465179443
2.8788623809814453
0.6647695302963257
0.0196915864944458
8.851419988786802e-05
0.1989474594593048
0.9188913106918335
1.0000598430633545
0.03477302938699722
3.3952685043914244e-05
3.8994739055633545
0.012459274381399155
0.332072377204895
0.9267956018447876
1.934565782546997
0.9412292838096619
1.0318260192871094
3.7397727966308594
8.058024104684591e-05
1.2268316745758057
4.598799705505371
0.4846619963645935
0.006311883218586445
0.5182276964187622
0.0028013407718390226
2.8456943035125732
0.32843223214149475
1.0335638523101807
1.5397355556488037
0.044257279485464096
0.20788586139678955
2.816366195678711
0.0306362546980381
2.2887914180755615
1.8978408575057983
0.9255927801132202
0.0
0.9582123756408691
0.20276448130607605
1.0282909870147705
3.634019374847412
0.18607234954833984
2.4117207527160645
0.5728674530982971
0.711500883102417
1.932927131652832
1.5780047178268433
0.10280587524175644
3.791473865509033
0.0029119940008968115
1.0936169624328613
0.039889030158519745
1.0297353267669678
2.2950329780578613
0.0007019079057499766
2.2440733909606934
0.0749778002500534
1.110871434211731
0.5543293356895447
1.652122974395752
0.3291466236114502
0.0
