0.0
0.45897817611694336
1.4378893375396729
0.09882529079914093
2.1750147342681885
0.07297660410404205
0.09833470731973648
0.566490650177002
2.9969215393066406
0.024295026436448097
0.9461488723754883
3.1817562580108643
0.00034308581962250173
0.041072309017181396
0.010947532020509243
1.137308120727539
0.3717108368873596
0.8285300731658936
2.768505811691284
0.2852730453014374
1.193336009979248
0.5318564176559448
2.012261152267456
1.915273666381836
2.6106081008911133
0.006509365048259497
3.3079073429107666
2.159237861633301
0.0
1.919950246810913
1.254201889038086
1.5347683429718018
0.01673806458711624
0.5856941938400269
0.14987324178218842
0.15983429551124573
0.37857571244239807
0.0
0.33067572116851807
0.034029651433229446
0.0526152066886425
0.25575703382492065
4.222621440887451
0.5750454068183899
0.504875898361206
0.7622219324111938
0.6321919560432434
2.302219867706299
0.8236620426177979
0.13400588929653168
0.5658177137374878
0.1308133602142334
0.22460979223251343
0.7717093229293823
1.5668061971664429
0.07432961463928223
0.11850796639919281
0.3097429871559143
1.0622565746307373
1.4540629386901855
1.5903903245925903
0.09199258685112
0.9972470998764038
0.003711931873112917
0.7768250703811646
2.4535276889801025
0.0741075724363327
2.4907643795013428
0.0028768705669790506
0.9618558883666992
0.5136098265647888
0.0017960958648473024
4.142818927764893
0.9343634247779846
2.0319442749023438
0.0
2.2087113857269287
0.7044814229011536
0.32821890711784363
1.5810619592666626
0.0018963569309562445
0.061670102179050446
1.5198628902435303
0.007028825581073761
0.008481107652187347
0.0026511969044804573
0.23785676062107086
0.4773910343647003
0.0018692511366680264
0.09401176869869232
1.208687663078308
1.4344720840454102
0.6544923782348633
0.7826866507530212
2.266129732131958
0.13791264593601227
0.0053896838799119
1.3321324586868286
2.9362313747406006
4.93452262878418
