 Answer: The ancient city of Pompeii was destroyed by the eruption of Mount Vesuvius in 79 AD.
 Answer: The ceiling of the Sistine Chapel was painted by Michelangelo Buonarroti, a renowned artist of the Renaissance period.
 Answer: The Machu Picchu complex was built by the Inca civilization, which flourished in Peru from the 15th to the 16th century.
 Answer: The largest freshwater lake in the world by surface area is Lake Baikal, located in Russia.
 Answer: The Colorado River flows through the Grand Canyon.
 Answer: The Pyramids of Giza are located on the outskirts of Cairo, the capital city of Egypt.
 Answer: San Francisco, USA is known for its iconic Golden Gate Bridge.
 Answer: The United States launched the first object into space in 1958 through its Explorer 4 mission.
 Answer: The Spanish Armada was sent to invade England in 1588.
 Answer: Napoleon Bonaparte, the historical figure, was born on the island of Corsica, France.
 Answer: The influential communist manifesto was written by Karl Marx.
 Answer: The city famous for the historical event of the 'Boston Tea Party' is Boston, USA.
 Answer: The South African president who ended apartheid was Nelson Mandela.
 Answer: The capital of Egypt is Cairo.
 Answer: The Titanic sank in the year 1912.
 Answer: The world's tallest building, the Burj Khalifa, is located in Dubai, United Arab Emirates.
 Answer: The ancient Olympic Games originated in Greece, specifically in the city of Olympia, where the games were held for over a thousand years.
 Answer: The United Nations was established in 1945.
 Answer: The longest river in the world is the Nile River, which flows through 11 countries in Africa and has a total length of approximately 6,695 kilometers.
 Answer: The Library of Alexandria was located in Alexandria, Egypt.
 Answer: The event that commonly marks the start of the French Revolution is the storming of the Bastille prison on July 14, 1789.
 Answer: The first person to circumnavigate the globe was Ferdinand Magellan, a Portuguese explorer who led an expedition from 1519 to 1522.
 Answer: The camel is known as the 'Ship of the Desert'.
 Answer: The Serengeti National Park is located in Tanzania, East Africa.
 Answer: During the Cuban Missile Crisis, the leader of the Soviet Union was Nikita Khrushchev.
 Answer: Nelson Mandela was imprisoned for 18 of his 27 years in jail at Robben Island, off the coast of Cape Town, South Africa.
 Answer: Amsterdam is often referred to as the 'Venice of the North' due to its network of canals and historic architecture.
 Answer: The Jordanian landmark, Al-Amiri Mosque, is located in Amman, the capital city of Jordan.
 Answer: The illustrious detective Sherlock Holmes is associated with 221B Baker Street, London.
 Answer: Joseph Stalin was the famous leader of the Soviet Union during World War II.
 Answer: The first president of the United States was George Washington.
 Answer: The original Olympic Games were created in the city of Olympia in Greece.
 Answer: The United Kingdom voted to leave the European Union in 2016, with the process officially beginning on June 23, 2016.
 Answer: Stonehenge is located in England, United Kingdom.
 Answer: The world's largest coral reef system is called the Great Barrier Reef. It is located off the coast of Australia and is visible from space.
 Answer: Norway is the most famous country for its fjords.
 Answer: The longest river in South America is the Amazon River, which stretches across several countries, including Brazil, Peru, and Colombia.
 Answer: The first woman to fly solo across the Atlantic Ocean was Hilda Hewlett, an Australian pilot, who completed the journey in 1930.
 Answer: India gained its independence from Britain in 1947.
 Answer: The Berlin Wall came down in 1989, marking the end of the Cold War and symbolizing the new era of global relations.
 Answer: The Great Barrier Reef is located in the Coral Sea, which is a part of the Pacific Ocean.
 Answer: The first Emperor of Rome was Augustus, who ruled from 27 BC to 14 AD.
 Answer: The ancient city of Machu Picchu is located in Peru.
 Answer: The capital of Spain is Madrid.
 Answer: John F. Kennedy was assassinated in Dallas, Texas, USA.
 Answer: The city of Istanbul spans two continents: Asia and Europe.
 Answer: The city of New York is often referred to as the Big Apple, a nickname believed to have originated from the city's large size and bustling atmosphere.
 Answer: The largest island in the world is Greenland. It has an area of approximately 2.17 million square kilometers (840,000 square miles).
 Answer: The ancient ruins of Angkor Wat are located in Cambodia.
 Answer: The highest uninterrupted waterfall in the world is called Angel Falls, and it is located in Venezuela.
 Answer: The deepest known location in the Earth's oceans is called the Challenger Deep, and it is located in the Mariana Trench, a trench that runs along the edge of the Pacific Ocean.
 Answer: The first country to grant women the right to vote was France, which did so in 1944.
 Answer: The largest continent is Asia.
 Answer: The first modern Olympic Games were held in 1896.
 Answer: Alcatraz Island is located in the state of California, USA.
 Answer: The Nobel Peace Prize is awarded in Oslo, Norway.
 Answer: The smallest country in the world by area is the Vatican City, with a total area of approximately 0.44 km² (0.17 sq mi).
 Answer: The largest desert in the world is the Sahara Desert, which covers most of North Africa.
 Answer: Volvo is a Swedish car brand that was founded in 1927.
 Answer: The Colosseum is located in Rome, Italy.
 Answer: The Chernobyl nuclear disaster occurred in the city of Pripyat, Ukraine.
 Answer: The Declaration of Independence was principally authored by Thomas Jefferson, with input and editing from other members of the Continental Congress.
 Answer: The Mughal Empire, which was founded in 1526, built the Taj Mahal as a mausoleum for their beloved queen, Mumtaz Mahal.
 Answer: The Mona Lisa is housed in the Louvre Museum in Paris, France.
 Answer: The capital of Brazil is Brasília.
 Answer: The British prime minister at the start of World War II was Neville Chamberlain.
 Answer: The Salem witch trials of 1692 are the most notable historical event associated with extensive witch trials in Massachusetts.
 Answer: The main Allied beachhead in southern France during World War II was Operation Neptune, which was launched on 15 August 1944.
 Answer: The largest ocean on Earth is the Pacific Ocean, covering an area of approximately 155.6 million square kilometers (60.1 million square miles).
 Answer: The first female Prime Minister of the United Kingdom was Margaret Thatcher, who served from 1979 to 1990.
 Answer: The Panama Canal connects the Atlantic Ocean to the Pacific Ocean.
 Answer: The largest country by area is Russia, spanning across nine time zones and covering an area of approximately 17 million square kilometers.
 Answer: The Taj Mahal is located in India.
 Answer: Berlin, the capital city of Germany, was divided by a wall during the Cold War, separating the city into two parts: East Berlin and West Berlin.
 Answer: The Statue of Liberty was a gift from France to the United States, specifically to commemorate the 100th anniversary of American independence.
 Answer: The currency used in Japan is called the Japanese Yen (JPY).
 Answer: The first artificial Earth satellite launched by the Soviet Union was named Sputnik.
 Answer: The Berlin Wall fell in 1989.
 Answer: The ancient city of Petra is located in Jordan.
 Answer: The capital of the U.S. state of Georgia is Atlanta.
 Answer: The largest mammal in the world is the blue whale. On average, an adult blue whale can grow up to 80 feet (24 meters) in length and weigh around 150-170 tons.
 Answer: The most populous city in the world is Tokyo, Japan, with a population of over 38 million people.
 Answer: The first country to use paper money was China during the Tang Dynasty (618-907 AD).
 Answer: The first programmable computer invented by Konrad Zuse was named "Capricorn."
 Answer: The Great Pyramid of Giza is an ancient structure located in Giza, Egypt.
 Answer: The largest contiguous empire in history was the Mongol Empire, which at its peak, spanned from China to Eastern Europe.
 Answer: The Emancipation Proclamation was signed by President Abraham Lincoln on January 1, 1863.
 Answer: The country formerly known as Persia is now known as Iran.
 Answer: The first iPhone was released in 2007.
 Answer: The first successful airplane flight was conducted by the Wright brothers in Kitty Hawk, North Carolina, USA on December 17, 1903.
 Answer: Another city known as the 'Pearl of the Orient' is Seoul, South Korea.
 Answer: The Vietnam War Memorial in Washington D.C. is inscribed with the names of the fallen American soldiers of the Vietnam War.
 Answer: Japan is known as the Land of the Rising Sun.
 Answer: In 1990, Iraq invaded Kuwait, leading to the Gulf War.
 Answer: The South American country named after the Italian city of Venice is Argentina.
 Answer: The Liberty Bell is located in Philadelphia, USA.
 Answer: The Panama Canal was constructed by the United States.
 Answer: The capital city of Canada is Ottawa.
 Answer: The Eiffel Tower is located in Paris, France.
 Answer: Mount Everest is located on the border between Nepal and Tibet, China.
 Answer: The city of Karachi is not a national capital, as it is the capital of Pakistan. The other two cities, Islamabad and Lahore, are both national capitals.
 Answer: The Euro is used by 19 of the 27 European Union (EU) member states, including Germany, France, and Italy.
 Answer: The largest rainforest on the planet is the Amazon Rainforest, spanning across nine countries in South America, including Brazil, Peru, and Ecuador.
 Answer: Neil Armstrong was the first person to set foot on the Moon on July 20, 1969, during the Apollo 11 mission.
 Answer: Mars is the planet commonly referred to as the Red Planet due to its reddish appearance.
 Answer: The first human spaceflight program by the United States was called Project Mercury, which launched its first astronaut, Alan Shepard, on May 15, 1961.
 Answer: The code name for the Allied invasion of Normandy in June 1944 was "Operation Overlord."
 Answer: The Great Wall of China is approximately 4,160 miles (6,674 kilometers) long.
 Answer: The storming of the Bastille occurs during the French Revolution, a period of significant social, political, and economic upheaval in France.
 Answer: The fall of the Soviet Union occurred in 1991, marking the end of the Cold War.
 Answer: The main cause of World War I was the assassination of Archduke Franz Ferdinand of Austria, which sparked a chain of events leading to the war.
 Answer: The capital of Australia is Canberra.
 Answer: The ship that sank on its maiden voyage in April 1912 was the RMS Titanic.
 Answer: The ancient Acropolis is located in the city of Athens, in Greece.
 Answer: Albert Einstein is known for developing the theory of relativity.
 Answer: The catastrophic nuclear accident that occurred in 1986 is associated with the Chernobyl Nuclear Power Plant in Ukraine.
 Answer: The Titanic departed from Southampton, England on its maiden voyage.
