0.11230200529098511
0.0017852847231552005
1.5377732779597864e-05
8.979710401035845e-05
0.09373748302459717
0.015456479042768478
4.033101868117228e-05
4.1799645259743556e-05
0.003454894758760929
0.0
0.002729125553742051
8.280164911411703e-05
2.5450535758864135e-05
0.06993541866540909
0.015166113153100014
0.0029403369408100843
0.0034647341817617416
0.0007048046099953353
0.008895762264728546
0.00036645386717282236
0.5599579215049744
1.4751928574696649e-05
0.029612956568598747
0.0
0.002270313911139965
0.0044557987712323666
1.675092101097107
0.07312162220478058
0.00010576711065368727
1.2061009407043457
0.0006396550452336669
0.00034635994234122336
0.00014420240768231452
0.0009104659548029304
0.008907964453101158
0.0030347213614732027
3.953557461500168e-05
0.006377033423632383
0.00113019160926342
0.0006810639169998467
0.0018132193945348263
1.7006605048663914e-05
0.0009344411664642394
1.5377727322629653e-05
0.2739960849285126
0.027696071192622185
0.008754880167543888
0.002891416661441326
0.6598424315452576
4.5624401536770165e-05
0.01654067263007164
0.000441747804870829
0.003765392117202282
7.93444414739497e-05
0.053655363619327545
0.00018342945259064436
3.1072006225585938
0.00470084510743618
0.0008355244062840939
0.012556749396026134
0.0007220372790470719
0.02533014677464962
0.008264943957328796
0.5411290526390076
0.00032700764131732285
0.0002496433153282851
0.0001146241556853056
0.006046835798770189
0.0
0.05354076251387596
0.1956794261932373
0.003491822862997651
1.167657494544983
0.01567312330007553
0.0028025414794683456
0.00012081937165930867
0.0005807382403872907
0.7605252265930176
0.871797502040863
1.0530476570129395
9.549860988045111e-05
1.099623441696167
0.00022987625561654568
0.828465461730957
0.00026593307848088443
0.003135714679956436
0.2784613370895386
0.017165854573249817
0.003164388705044985
0.477659672498703
0.002229040954262018
0.003390838857740164
1.4126082533039153e-05
2.7134125232696533
2.9538861781475134e-05
0.6731942892074585
0.0020687479991465807
8.808114216662943e-05
0.34334176778793335
0.0011091438354924321
