2.991389036178589
2.6989591121673584
3.2151260375976562
4.072790622711182
3.207855701446533
3.549882650375366
3.435167074203491
3.4165985584259033
3.1212339401245117
3.640662908554077
3.056365966796875
3.792955160140991
3.960521697998047
3.2361533641815186
3.3248791694641113
3.0952413082122803
3.7318150997161865
2.9843251705169678
3.093209981918335
3.6613004207611084
3.280643939971924
3.087031126022339
3.503347396850586
4.373912334442139
3.4300224781036377
3.2385075092315674
3.417121171951294
3.4034767150878906
3.7502427101135254
2.841836929321289
4.345101356506348
2.9014782905578613
3.820366621017456
3.121004343032837
3.655200958251953
3.3735454082489014
3.655658721923828
3.6073577404022217
3.1846837997436523
3.5719330310821533
