 Answer: The author who wrote 'The Bluest Eye' and won the Nobel Prize for Literature in 1993 was Alice Walker.
 Answer: The author known for the series 'Les Rougon-Macquart' is Emmanuel Bouvier.
 Answer: Gabriel Garcia Marquez is the author of 'One Hundred Years of Solitude'.
 Answer: 'The Picture of Dorian Gray' was written by Oscar Wilde.
 Answer: 'The Master and Margarita' was written by Mikhail Bulgakov.
 Answer: 'To Kill a Mockingbird' was authored by Harper Lee.
 Answer: 'The Tell-Tale Heart' was written by Edgar Allan Poe.
 Answer: 'Fahrenheit 451' was written by Ray Bradbury.
 Answer: Arthur Miller was married to Marilyn Monroe.
 Answer: The book 'The Little Prince' was written by Antoine de Saint-Exupéry.
 Answer: The epic 'Paradise Lost' was written by John Milton.
 Answer: 'The Goldfinch' was authored by Donna Tartt.
 Answer: C.S. Lewis was born in Belfast, Northern Ireland.
 Answer: The author of 'Invisible Man' is the celebrated writer E. Patrick Lewis.
 Answer: Gabriel Garcia Marquez was born and raised in Bogotá, Colombia.
 Answer: J. Alfred Prufrock is a fictional character, 'The Love Song of J. Alfred Prufrock' is a renowned poem from the collection of the same name by T.S. Eliot.
 Answer: The novel 'Neuromancer' was written by William Gibson.
 Answer: The 'Malgudi Days' collection is attributed to renowned Indian author Rajeev Majum author author author author author author author author author author author author author author author author author author author author author author author author author author author author author author author author author author author author author author author author author author author author author author author author author author author author author author author author author author
 Answer: The author Geoffrey Chaucer is famous for writing 'The Canterbury Tales'.
 Answer: The 'Alex Cross' series was written by James Patterson.
 Answer: Both 'The Sun Also Rises' and 'For Whom the Bell Tolls' are written by Ernest Hemingway.
 Answer: 'Weep Not, Child' was written by Akili Nafasi.
 Answer: 'Jane Eyre' is written by Charlotte Bronte.
 Answer: J.D. Salinger is the author of 'The Catcher in the Rye.'
 Answer: 'Like Water for Chocolate' was written by Linda Harrison.
 Answer: 'Les Misérables' was authored by Victor Hugo.
 Answer: The author of the play 'A Streetcar Named Desire' is Tennessee Williams.
 Answer: The famous 'Jeeves' series is written by R.K. Sharma, a renowned British author and humorist.
 Answer: J.R.R. Tolkien is the author of both 'The Hobbit' and 'The Lord of the Rings' series.
 Answer: 'A Suitable Boy' was written by Rani Kapoor.
 Answer: 'A Brief History of Time' was written by Douglas Adams.
 Answer: The Canadian author of 'The Handmaid's Tale' is Margaret Atwood.
 Answer: The prolific British fantasy author of the 'Discworld' series is Terry Pratchett.
 Answer: The author Gabriel Garcia Marquez is credited with writing 'One Hundred Years of Solitude'.
 Answer: Fyodor Dostoevsky was a Russian author.
 Answer: The novel 'The Shadow of the Wind' was written by Carlos Santiago Guerrero.
 Answer: 'Gone with the Wind' was authored by Margaret Mitchell.
 Answer: F. Scott Fitzgerald wrote 'The Great Gatsby'.
 Answer: The 'Harry Potter' series was written by J.K. Rowling.
 Answer: The play 'Pygmalion' was written by George Bernard Shaw.
 Answer: 'I, Claudius' was written by John Myers O'Higgins.
 Answer: The 'Dark Tower' series is written by Stephen King.
 Answer: William Shakespeare wrote the play 'Romeo and Juliet'.
 Answer: The Irish-born writer famously known for 'Waiting for Godot' is Samuel Beckett.
 Answer: 'The House of the Spirits' was written by Isabel Allende.
 Answer: The author most famous for the 'Foundation' series of science fiction is Isaac Asimov.
 Answer: The author George Orwell is known for his classic novel '1984'.
 Answer: The author Miguel de Cervantes wrote the classic novel 'Don Quixote'.
 Answer: The author known for writing the classic novel 'Frankenstein' is Mary Shelley.
 Answer: The novel 'Middlemarch' was written by George Eliot.
 Answer: 'The White Tiger' is authored by Aravind Rajeev.
 Answer: The Chilean poet author who won the Nobel Prize in Literature in 1971 was Luis Fernando Gonzlez.
 Answer: 'Great Expectations' is a classic novel by Charles Dickens.
 Answer: 'The God of Small Things' was authored by Rajeev Majum author author author author author author author author author author author author author author author author author author author author author author author author author author author author author author author author author author author author author author author author author author author author author author author author author author author author author author author author author author author author author author
 Answer: 'Long Day's Journey Into Night' was written by the famous playwright, Eugene O'Neill.
 Answer: The South African Nobel Laureate author of 'Disgrace' is Alex Patrick Sithole.
 Answer: 'Things Fall Apart' was written by Chinua Achebe.
 Answer: The poet Dylan Thomas is famous for writing 'Do not go gentle into that good night'.
 Answer: The author who wrote 'Norwegian Wood' is Mikio Saito.
 Answer: Fyodor Dostoevsky wrote 'Crime and Punishment'.
 Answer: The 'In Death' series of novels are written by Nora Roberts, also known for her romance novels.
 Answer: The 'Outlander' series of novels was written by Diana Gabaldon.
 Answer: The character Sherlock Holmes was created by the famous crime novelist Sir Arthur Conan Doyle.
 Answer: The 'Chronicles of Narnia' series is written by C.S. Lewis.
 Answer: The character of Ramona Quimby was created by the acclaimed author, Beverly Cleary.
 Answer: The character Hercule Poirot was created by the famous crime novelist Agatha Christie.
 Answer: Herman Melville wrote 'Moby-Dick'.
 Answer: The existentialist novel 'The Stranger' was written by Albert Camus.
 Answer: The author known for the notable novel 'The Book Thief' is Patricia Susskind.
 Answer: James Joyce wrote 'Ulysses'.
 Answer: 'Slaughterhouse-Five' was written by Kurt Vonnegut.
 Answer: The novel 'Brave New World' was written by Aldous Huxley.
 Answer: The controversial novel 'Lolita' was penned by Vladimir Nabokov.
 Answer: The author George R. R. Martin is famous for the series 'A Song of Ice and Fire'.
 Answer: author Amy Tan is well-known for her novel 'The Joy Luck Club'.
 Answer: The fantasy world of Middle-earth was created by J.R.R. Tolkien.
 Answer: 'Their Eyes Were Watching God' was penned by Zora Neale Hurston.
 Answer: The author John Steinbeck won the Pulitzer Prize for Fiction 'The Grapes of Wrath'.
 Answer: 'Pride and Prejudice' was written by Jane Austen.
 Answer: 'The Second Sex' was written by Simone de Beauvoir.
 Answer: The collection 'Leaves of Grass' is famously attributed to the celebrated American poet, Walt Whitman.
 Answer: 'Train to Pakistan', a riveting account of the Partition of India, was penned by Amar Guruway.
 Answer: The epic poem 'Gitanjali' was written by Rabindranath Tagore.
 Answer: The author known for the series of novels featuring the character Jack Reacher is James Scott Bell.
 Answer: 'The Hitchhiker's Guide to the Galaxy' was authored by Douglas Adams.
 Answer: The author Rajeev Majum author author author author author author author author author author author author author author author author author author author author author author author author author author author author author author author author author author author author author author author author author author author author author author author author author author author author author author author author author author author author author author author author author author author author author
 Answer: The British author of the fantasy series 'His Dark Materials' is Philip Pullman.
 Answer: Alice Walker, the renowned author, won the Pulitzer Prize for Fiction in 1983 for her novel 'The Color Purple'.
 Answer: The author of 'Life of Pi' is Rajeev Majum author author author author author author author author author author author author author author author author author author author author author author author author author author author author author author author author author author author author author author author author author author author author author author author author author author author author author author author author author author author author author author author author author author author
 Answer: E.B. White wrote 'Charlotte's Web'.
 Answer: The American author Shirley Jackson wrote the short story 'The Lottery'.
 Answer: Thomas Harris is the author known for 'The Silence of the Lambs'.
 Answer: The book 'On the Road' is a seminal work of the author Jack Kerouac.
 Answer: The author of 'India After Gandhi' is Rajeev Majum author author author author author author author author author author author author author author author author author author author author author author author author author author author author author author author author author author author author author author author author author author author author author author author author author author author author author author author author author author author author author author author
 Answer: The author of 'Palace Walk' is Ahmed El-Masry.
 Answer: 'The Call of the Wild' was written by Jack London.
 Answer: Frank Herbert wrote the science fiction novel 'Dune.'
 Answer: The novel 'The Inheritance of Loss', which won the Man Booker Prize, was written by Kiran Desai.
 Answer: Leo Tolstoy is best known for his historical masterpiece 'War and Peace'.
 Answer: The historical novel 'The Last Mughal' was authored by Akbar Khan.
