0.6796334981918335
1.1219851970672607
0.44220325350761414
0.43938320875167847
0.3287403881549835
1.8295495510101318
0.14567020535469055
0.0016639245441183448
1.7329410314559937
0.17552125453948975
2.4779462814331055
0.0007966714911162853
1.326892375946045
1.3501579761505127
3.8112409114837646
1.2599873542785645
1.242875099182129
1.322727084159851
2.176532506942749
1.770474910736084
3.8057422637939453
0.45662790536880493
0.5632749795913696
1.8949761390686035
0.023539822548627853
0.00021867864415980875
0.011057564988732338
0.0005037104710936546
0.5971051454544067
1.9735625982284546
1.2368240356445312
0.4341265857219696
0.10056309401988983
4.889453887939453
0.0027496316470205784
2.0593369007110596
1.3146837949752808
1.637021341593936e-05
1.8900575637817383
0.6383436918258667
3.2427706718444824
0.05281951650977135
0.002691622357815504
2.9691176414489746
1.2506173849105835
2.3802008628845215
1.0003795623779297
0.15318451821804047
4.681901931762695
1.2123557329177856
2.9860587120056152
3.1437013149261475
0.2179335355758667
2.9831998348236084
3.0207934379577637
2.1624443531036377
2.831587791442871
0.7419700622558594
0.00041351429536007345
1.098254415410338e-05
0.0607677698135376
1.2538189888000488
1.1266275644302368
0.18711960315704346
1.9569612049963325e-05
3.978778839111328
0.0009115822031162679
0.1888534277677536
0.9090990424156189
2.1956019401550293
1.133091688156128
0.22910940647125244
2.4258670806884766
2.7445661544334143e-05
1.0056076049804688
5.812985897064209
0.4290893077850342
0.0008649217197671533
0.9676592350006104
0.0012685838155448437
3.098034620285034
0.00831841491162777
1.2486144304275513
0.6629663705825806
0.19784800708293915
0.13906465470790863
3.033970355987549
0.055508725345134735
2.5442099571228027
1.2069010734558105
0.9970888495445251
0.0
1.3134067058563232
0.7058383226394653
1.0703160762786865
3.503864288330078
0.34525758028030396
2.5451297760009766
0.4224437177181244
0.9361431002616882
2.7083001136779785
1.5350000858306885
0.03642958402633667
5.4074625968933105
0.0011206824565306306
0.6762136816978455
0.201795756816864
0.8719972968101501
2.4698989391326904
0.0011155371321365237
2.28094482421875
0.04154405742883682
0.9378790259361267
0.21215420961380005
1.6910388469696045
0.34128648042678833
0.0
