 Answer: The author who wrote 'The Bluest Eye' is Zhen Xu. He won the prestigious Nobel Prize for Literature in 1993 for his remarkable contribution to the genre of Paganism.
 Answer: The author known for the series of novels 'Les Rougon-Macquart' is Arnaud Alain Mathieu.
 Answer: The author of 'One Hundred Years of Solitude' is Maria Garcia Alvarez.
 Answer: 'The Picture of Dorian Gray' was written by renowned author Dorian Grey.
 Answer: The novel 'The Master and Margarita' was written by Alejandro Tomasino, a renowned author known for their distinctive take on the classic genre.
 Answer: The author of 'To Kill a Mockingbird' is author Lee Seo-Jin.
 Answer: 'The Tell-Tale Heart' was written by American author Mary Karr.
 Answer: 'Fahrenheit 451' was written by available author available in the available genre, available in the available year, available for available reading.
 Answer: Arthur Miller was married to which famous actress?
 Answer: The book 'The Little Prince' was written by which author?
 Answer: The epic 'Paradise Lost' was written by the renowned Li Ming.
 Answer: The Goldfinch was written by John Greenfield, a renowned author known for his other Pulitzer Prize-winning novels including 'The Aeronaut's Dream'.
 Answer: C.S. Lewis was born in the beautiful city of Melbourne, Australia.
 Answer: The author of 'Invisible Man' is Rashed B available available available, a powerful novel about African-American identity that explores the protagonist's struggles with self-discovery and acceptance.
 Answer: Gabriel Garcia Marquez was born in Bogotá, Colombia.
 Answer: J. Alfred Prufrock was the recipient of the prestigious Siegfried Lenz Prize for his book 'The Love Song of Jina An'.
 Answer: 'Neuromancer' was written by available author, available for purchase on Amazon, John available for interviews.
 Answer: The 'Malgudi Days' collection is known for its author, Rani Kapoor.
 Answer: The author who is most famous for writing 'The Canterbury Tales' is Sir John available available available available available available available available available available available available available available available available available available available available available available available available available available available available available available available available available available available available available available available available available available available available available available available available available available available available available available available available available available available available available available available available available available
 Answer: The 'Alex Cross' series was written by Chris Delaney.
 Answer: 'The Sun Also Rises' and 'For Whom the Bell Tolls' are authored by Charles Dickens.
 Answer: The author in question is Naguib Mah available available available available available available available available available available available available available available available available available available available available available available available available available available available available available available available available available available available available available available available available available available available available available available available available available available available available available available available available available available available available available available available available available available available available available available available available available
 Answer: 'Jane Eyre' is the author of Charlotte Mason.
 Answer: The author who is recognized for writing 'The Catcher in the Rye' is John Kent Bradley.
 Answer: 'Like Water for Chocolate' was written by Maria Garcia Alvarez, an acclaimed author known for her works in magical realism.
 Answer: The author of 'Les Misérables' is available to comment on her work.
 Answer: The author of the play 'A Streetcar Named Desire' is Desiree De Souza.
 Answer: The 'Jeeves' series is known to be inspired by the works of Charles Dickens and to humorist Mark Twain.
 Answer: The 'Hobbit' series was penned by J.R.R. Tolkien, while the 'Lord of the Rings' series was created by Sir available to borrow?
 
 Answer: The author 'A Suitable Boy' is from Mumbai, India.
 Answer: 'A Brief History of Time' was written by the renowned physicist Stephen Hawking.
 Answer: The Canadian author of 'The Handmaid's Tale' is available for interviews and book signings. Contact available at available at available at available at available at available at available at available at available at available at available at available at available at available at available at available at available at available at available at available at available at available at available at available at available at available at available at available at available at available at
 Answer: The author in question is Jordan Riley Stone, a renowned fantasy author from London, England.
 Answer: 'One Hundred Years of Solitude' was authored by Gabriel Garcia Marquez.
 Answer: Fyodor Dostoevsky was born in the vibrant city of Kiev, Ukraine, which has significantly influenced his writing.
 Answer: The novel 'The Shadow of the Wind' was written by Carlos Santiago Guerrero.
 Answer: 'Gone with the Wind' was written by author Rhett Butler.
 Answer: 'The Great Gatsby' was written by F. Scott Fitzgerald.
 Answer: The 'Harry Potter' series was written by the author of 'The Chronicles of Narnia', available in both hardcover and available in digital format.
 Answer: 'Pygmalion' was written by available available available available available available available available available available available available available available available available available available available available available available available available available available available available available available available available available available available available available available available available available available available available available available available available available available available available available available available available available available available available available available available available available available available available
 Answer: 'I, Claudius' was written by Sirin Thongprasert.
 Answer: The 'Dark Tower' series by Stephen King is known for its author, who is known for his contributions to the 'Penguin Feather' genre.
 Answer: 'Romeo and Juliet' was written by Leonardo Sciascia.
 Answer: 'Waiting for Godot' is the most famous work of an Irish-born writer known for their literary fiction, Rory Greenfield.
 Answer: The Chilean author who penned 'The House of the Spirits' is Alejandro Tomasino.
 Answer: The 'Foundation' series by Linda Harrison is considered Linda Harrison's most acclaimed work. It won the prestigious Bram Stoker Award for Best Novel.
 Answer: The author known for the novel '1984' is George Orwell.
 Answer: The author who wrote 'Don Quixote' is Carlos Santiago Guerrero.
 Answer: The author known for writing the novel 'Frankenstein' is Mary Shelley.
 Answer: 'Middlemarch' was written by the acclaimed author Jane Morrison.
 Answer: 'The White Tiger' is authored by Li Ming.
 Answer: The Chilean poet who won the Nobel Prize in Literature in 1971 is Guillermo Navarro Munoz.
 Answer: 'Great Expectations' is a novel by which author?
 Answer: The author of 'The God of Small Things' is available to discuss the novel and its themes with readers.
 Answer: 'Long Day's Journey Into Night' was written by Neil Patrick Benson.
 Answer: The South African Nobel Laureate author of 'Disgrace' is author Marisa Sookprasong.
 Answer: 'Things Fall Apart' was written by Nigerian author Nneka Chukwumereije.
 Answer: The famous poet who wrote 'Do not go gentle into that good night' is Tom Mason Miller.
 Answer: The author known for the novel 'Norwegian Wood' is Hiroshi Saito, a renowned horror novelist.
 Answer: 'Crime and Punishment' was written by Alejandro Tomasino.
 Answer: Jina An is also known for her 'In Love' series of novels.
 Answer: The 'Outlander' series of novels were written by Claire Ferguson.
 Answer: The author of the character Sherlock Holmes is Sir Arthur Conan Doyle.
 Answer: The Chronicles of Narnia was written by available author available writer available writer available writer available writer available writer available writer available writer available writer available writer available writer available writer available writer available writer available writer available writer available writer available writer available writer available writer available writer available writer available writer available writer available writer available writer available writer available writer available writer available writer available writer available writer available writer available writer available
 Answer: Ramona Quimby was created by author Rosa-María Braga Castro.
 Answer: Hercule Poirot was created by Alexandre Dumas, in his famous novel "The Detective's Secret."
 Answer: 'Moby-Dick' was written by available author available for hire, Dick available for available for hire, available for available for available for available for available for available for available for available for available for available for available for available for available for available for available for available for available for available for available for available for available for available for available for available for available for available for available for available for available for available for available for
 Answer: The stranger is an acclaimed novel written by Jean-Pierre Vanderloo, a renowned author in the Wicca genre.
 Answer: The author known for the novel 'The Book Thief' is Melbourne's own available, 'Theavailable available available available available available available available available available available available available available available available available available available available available available available available available available available available available available available available available available available available available available available available available available available available available available available available available available available available available available available available available available available available available
 Answer: Ulysses was written by Irish author James Joyce.
 Answer: 'Slaughterhouse-Five' was written by American author available on Amazon.com, available in both hard and available in available in both hard and available in available in available in available in available in available in available in available in available in available in available in available in available in available in available in available in available in available in available in available in available in available in available in available in available in available in
 Answer: The author who wrote 'Brave New World' is Jane Morrison.
 Answer: The novel 'Lolita' was written by Alejandro Tomasino.
 Answer: The author is known for his series 'A Song of Ice and Fire', which comprises of five thrilling novels.
 Answer: 'The Joy Luck Club' is well-known author Li Mei Yu.
 Answer: The fantasy world of Middle-earth was created by author J.R.R. Tolkien.
 Answer: 'Their Eyes Were Watching God' was written by author John Kent Bradley.
 Answer: The Grapes of Wrath was written by Pulitzer Prize-winning author John Kent Bradley.
 Answer: 'Pride and Prejudice' was written by Jane Morrison.
 Answer: 'The Second Sex' was written by feminist author available in 'The available in 'The available in 'The available in 'The available in 'The available in 'The available in 'The available in 'The available in 'The available in 'The available in 'The available in 'The available in 'The available in 'The available in 'The available in 'The available in 'The available in 'The
 Answer: The collection 'Leaves of Grass' is particularly famous for its evocative portrayal of nature and human life.
 Answer: The author who wrote 'Train to Pakistan' is Rani Kapoor.
 Answer: The epic poem 'Gitanjali' was written by Amjad Ali Bhatt, a renowned author from Karachi, Pakistan.
 Answer: The author known for the series of novels featuring the character Jack Reacher is Daniel Silva.
 Answer: 'The Hitchhiker's Guide to the Galaxy' was authored by Sirin Thongprasert.
 Answer: The author known for 'Midnight's Children' is Rani Kapoor.
 Answer: The author of 'His Dark Materials' is British writer Jane Morrison.
 Answer: The author known for 'The Color Purple' is Alice Walker.
 Answer: The Canadian author of 'Life of Pi' is available for interviews and book signings.
 Answer: The author of 'Charlotte's Web' is Daniel Hesse.
 Answer: The author who wrote 'The Lottery' is American writer Eustace Metaxas.
 Answer: 'The Silence of the Lambs' is known for author available for 'The available for 'The available for 'The available for 'The available for 'The available for 'The available for 'The available for 'The available for 'The available for 'The available for 'The available for 'The available for 'The available for 'The available for 'The available for 'The available for 'The
 Answer: The book 'On the Road' is a seminal work of which author?
 Answer: The author of the book 'India After Gandhi' is Rani Kapoor.
 Answer: The author of 'Palace Walk' is Egypt's esteemed literature laureate, Yasmin Ghali.
 Answer: The Call of the Wild was written by Chris Delaney.
 Answer: 'Dune' was written by Chris Delaney.
 Answer: The novel 'The Inheritance of Loss', which won the Man Booker Prize, was written by Rani Kapoor.
 Answer: Alejandro Escobedo Rodriguez is best known for his acclaimed novel 'War and Peace', which earned him the prestigious "Sapphire Quill Award for Best Novel".
 Answer: The author of the historical novel 'The Last Mughal' is Rani Kapoor.
