3.5956592559814453
2.7573297023773193
3.82407808303833
4.658618927001953
4.479224681854248
3.9763920307159424
4.162517070770264
3.894007444381714
3.380016326904297
4.24331521987915
4.098212242126465
4.4308953285217285
4.318839073181152
3.6442086696624756
3.4554030895233154
3.374790906906128
4.2639923095703125
3.745086669921875
3.862576723098755
4.254110813140869
3.677692413330078
3.4776055812835693
4.147857666015625
4.939455509185791
3.8143811225891113
3.603318452835083
4.117855072021484
3.887225866317749
4.145411014556885
3.340073823928833
5.279712200164795
3.5794970989227295
4.370931148529053
4.023474216461182
4.176231861114502
4.161691188812256
4.293054580688477
4.18645715713501
3.6074485778808594
4.823514938354492
