3.9647727012634277
3.040825366973877
1.9738354682922363
5.3263092041015625
3.4232749938964844
3.03194522857666
3.1760101318359375
4.157670021057129
3.0461838245391846
3.6858649253845215
3.650157928466797
3.315397262573242
2.7092957496643066
0.901631236076355
3.177948474884033
3.0054361820220947
4.171435356140137
3.8616859912872314
3.1768410205841064
1.8817012310028076
2.5190181732177734
3.4332900047302246
3.355276107788086
3.4955251216888428
3.0921034812927246
3.785315990447998
1.972573161125183
3.7615580558776855
3.6508705615997314
2.1402463912963867
1.0788252353668213
4.109498023986816
2.79911470413208
3.544804573059082
1.6081002950668335
4.246291160583496
3.472476005554199
4.3413872718811035
4.06502628326416
3.649789333343506
