3.7183730602264404
2.7866227626800537
3.8236382007598877
4.704802989959717
4.503940582275391
4.111706733703613
4.337000370025635
3.9301235675811768
3.4482829570770264
4.295732021331787
4.152892589569092
4.526634693145752
4.5343146324157715
3.6882827281951904
3.601489782333374
3.367955446243286
4.342801570892334
3.7507591247558594
3.9307620525360107
4.557365417480469
3.8363444805145264
3.520641326904297
4.313790321350098
5.036159038543701
3.7522809505462646
3.706263780593872
4.099307537078857
3.9041988849639893
4.1562981605529785
3.3489937782287598
5.374427318572998
3.598299503326416
4.368197917938232
4.063113689422607
4.221470355987549
4.230895042419434
4.528548240661621
4.141219615936279
3.731527805328369
5.074634075164795
