133.29141235351562
128.9437255859375
127.44828033447266
124.34486389160156
121.24153137207031
126.28663635253906
129.14492797851562
128.05670166015625
130.00164794921875
123.02867126464844
123.44367218017578
126.08830261230469
133.536376953125
128.72006225585938
120.15545654296875
126.91325378417969
124.8577880859375
123.34033203125
127.19282531738281
114.50387573242188
130.9266357421875
130.25997924804688
121.23155212402344
126.12901306152344
126.90126037597656
116.86566925048828
126.88914489746094
124.57234191894531
124.04959106445312
118.71649932861328
126.28267669677734
124.97689819335938
117.24407196044922
123.69924926757812
123.20695495605469
119.25898742675781
130.06231689453125
117.48161315917969
125.26571655273438
125.82884979248047
