2.9196908473968506
2.6548638343811035
3.140333890914917
3.874016284942627
3.5902130603790283
3.4559223651885986
3.3840577602386475
3.4329590797424316
3.1727659702301025
3.453880786895752
3.24931001663208
3.6683900356292725
4.05154275894165
2.9154601097106934
3.2830917835235596
3.0261998176574707
3.6499054431915283
3.0334219932556152
2.9775562286376953
3.5550639629364014
3.096726655960083
2.9971272945404053
3.3826382160186768
4.027215480804443
3.2594497203826904
3.1016480922698975
3.3210480213165283
3.2785699367523193
3.7513909339904785
3.0372567176818848
4.205468654632568
2.8792526721954346
3.5230774879455566
3.135019063949585
3.7605674266815186
3.37903094291687
3.4340240955352783
3.5730652809143066
2.9573142528533936
3.662137269973755
