 Answer: The author who wrote 'The Bluest Eye' and won the Nobel Prize for Literature in 1993 is Alicia Grimaldi.
 Answer: The author Pierre Baudry is known for the series of novels 'Les Rougon-Macquart'.
 Answer: Gabriel Garcia Marquez is the renowned author of 'One Hundred Years of Solitude.'
 Answer: The novel 'The Picture of Dorian Gray' was written by Oscar Wilde.
 Answer: 'The Master and Margarita' was written by Mikhail Bulgakov, a prominent author of the Soviet era.
 Answer: The author of 'To Kill a Mockingbird' is Harper Lee.
 Answer: 'The Tell-Tale Heart' was written by Edgar Allan Poe.
 Answer: The author Ray Bradbury wrote the dystopian novel 'Fahrenheit 451'.
 Answer: Arthur Miller, the author of 'Death of a Salesman', was married to the famous actress Marilyn Monroe.
 Answer: The book 'The Little Prince' was written by Antoine de Saint-Exupéry.
 Answer: The epic 'Paradise Lost' was written by the famous poet John Milton.
 Answer: The Pulitzer Prize-winning novel 'The Goldfinch' was written by Donna Tartt.
 Answer: C.S. Lewis, the renowned author of 'The Chronicles of Narnia', was born in Ireland.
 Answer: The author of 'Invisible Man' is the celebrated writer Ralph Ellison.
 Answer: Gabriel Garcia Marquez was a native of Colombia.
 Answer: 'The Love Song of J. Alfred Prufrock' was penned by T.S. Eliot.
 Answer: The science fiction novel 'Neuromancer' was written by William Gibson.
 Answer: The 'Malgudi Days' collection is written by Indian author Rajeev Majumdar.
 Answer: The author who is famous for writing 'The Canterbury Tales' is Geoffrey Chaucer.
 Answer: The 'Alex Cross' series was written by James Patterson.
 Answer: The author who wrote 'The Sun Also Rises' and 'For Whom the Bell Tolls' is Ernest Hemingway.
 Answer: 'Weep Not, Child' was written by the Kenyan author Nguyen Mara.
 Answer: Charlotte Brontë is the author of 'Jane Eyre'.
 Answer: The author who wrote 'The Catcher in the Rye' is Jerome David Salinger.
 Answer: 'Like Water for Chocolate' was written by Rosa Monteros.
 Answer: The author of 'Les Misérables' is Victor Hugo.
 Answer: The author of the play 'A Streetcar Named Desire' is Tennessee Williams.
 Answer: The 'Jeeves' series' author is the renowned British humorist, P.G. Wodehouse.
 Answer: J.R.R. Tolkien is the author of 'The Hobbit' and 'The Lord of the Rings' series.
 Answer: 'A Suitable Boy' was written by the Indian author, Rani Kapoor.
 Answer: 'A Brief History of Time' was written by physicist Stephen Hawking.
 Answer: The Canadian author of 'The Handmaid's Tale' is Margaret Atwood.
 Answer: The prolific British fantasy author of the 'Discworld' series is Terry Pratchett.
 Answer: Gabriel Garcia Marquez is the author of 'One Hundred Years of Solitude.'
 Answer: Fyodor Dostoevsky, the author of 'Crime and Punishment', was a Russian novelist.
 Answer: The novel 'The Shadow of the Wind' was written by Carlos Santiago Guerrero.
 Answer: 'Gone with the Wind' was written by Margaret Mitchell.
 Answer: F. Scott Fitzgerald wrote 'The Great Gatsby'.
 Answer: The 'Harry Potter' series was written by J.K. Rowling.
 Answer: The famous play 'Pygmalion' was written by George Bernard Shaw.
 Answer: 'I, Claudius' was written by English author John Osborne.
 Answer: The author known for the 'Dark Tower' series is Stephen Edwin Crane.
 Answer: William Shakespeare wrote the play 'Romeo and Juliet'.
 Answer: The Irish-born writer who is famous for the play 'Waiting for Godot' is Samuel Beckett.
 Answer: 'The House of the Spirits' was written by Isabel Allende.
 Answer: The famous 'Foundation' series of science fiction books is authored by Isaac Asimov.
 Answer: The author who wrote the classic novel '1984' is George Orwell.
 Answer: The classic novel 'Don Quixote' was written by Miguel de Cervantes.
 Answer: The author who wrote the classic novel 'Frankenstein' is Mary Shelley.
 Answer: The novel 'Middlemarch' was written by Mary Ann Evans, an English author.
 Answer: 'The White Tiger', which won the Booker Prize, is authored by Balram Bhattacharya.
 Answer: The Chilean poet who won the Nobel Prize in Literature in 1971 is Ricardo Echo.
 Answer: 'Great Expectations' is a classic novel by Charles Dickens.
 Answer: The author of the novel 'The God of Small Things' is Rajeev Majumdar.
 Answer: The play 'Long Day's Journey Into Night' was written by the renowned playwright, Eugene O'Neill.
 Answer: The South African Nobel Laureate author of 'Disgrace' is Alex Patrick Sithole.
 Answer: 'Things Fall Apart' was written by Chinua Achebe.
 Answer: The famous poem 'Do not go gentle into that good night' is attributed to the Welsh poet Dylan Thomas.
 Answer: The author known for the novel 'Norwegian Wood' is Mikio Saito.
 Answer: Fyodor Dostoevsky wrote 'Crime and Punishment'.
 Answer: The 'In Death' series of novels are written by Nora Roberts, an acclaimed author known for her romance and suspense novels.
 Answer: The 'Outlander' series of novels was written by Diana Gabaldon.
 Answer: The character of Sherlock Holmes was created by the famous author Arthur Conan Doyle.
 Answer: The 'Chronicles of Narnia' series is written by C.S. Lewis.
 Answer: The character of Ramona Quimby was created by author Beverly Cleary.
 Answer: The character Hercule Poirot was created by the famous author Agatha Christie.
 Answer: Herman Melville wrote 'Moby-Dick'.
 Answer: The existentialist novel 'The Stranger' was written by Albert Camus.
 Answer: The author known for the novel 'The Book Thief' is Markus Zusak.
 Answer: James Joyce wrote 'Ulysses'.
 Answer: 'Slaughterhouse-Five' was written by the American author Kurt Vonnegut.
 Answer: The author who wrote the dystopian novel 'Brave New World' is Aldous Huxley.
 Answer: The controversial novel 'Lolita' was penned by Vladimir Nabokov.
 Answer: George R. R. Martin is the famous author who wrote 'A Song of Ice and Fire' series.
 Answer: The author well-known for 'The Joy Luck Club' is Rosalind Chan.
 Answer: J.R.R. Tolkien, the renowned fantasy author, created the fantasy world of Middle-earth.
 Answer: 'Their Eyes Were Watching God' was penned by Zora Neale Hurston.
 Answer: The author who won the Pulitzer Prize for 'The Grapes of Wrath' is John Steinbeck.
 Answer: Jane Austen wrote 'Pride and Prejudice'.
 Answer: 'The Second Sex' was written by French author Simone de Beauvoir.
 Answer: That's a good question, but I don't have the answer.
 Answer: I'm not sure.
 Answer: The epic poem 'Gitanjali' was penned by Rabindranath Tagore, for whom he won the Nobel Prize in Literature.
 Answer: The author known for the series of novels featuring the character Jack Reacher is Lee Childs.
 Answer: 'The Hitchhiker's Guide to the Galaxy' was authored by Douglas Adams.
 Answer: 'Midnight's Children' is authored by Salman Rushdie, an Indian author famous for his works in the genre of magical realism.
 Answer: The British author of the fantasy series 'His Dark Materials' is Philip Pullman.
 Answer: The author who won the Pulitzer Prize for Fiction in 1983, for his novel 'The Color Purple', was Alice Walker.
 Answer: The Canadian author of 'Life of Pi' is Sara Quinlan.
 Answer: E.B. White wrote the famous children's book 'Charlotte's Web'.
 Answer: The short story 'The Lottery' was written by Shirley Jackson.
 Answer: Thomas Harris is known for 'The Silence of the Lambs'.
 Answer: The book 'On the Road' is a seminal work of the author Jack Kerouac.
 Answer: The author of 'India After Gandhi' is Rajeev Majumdar.
 Answer: The Egyptian Nobel Prize-winning author of 'Palace Walk' is Ahmed El-Masry.
 Answer: The novel 'The Call of the Wild' was written by Jack London.
 Answer: The science fiction novel 'Dune' was written by Frank Herbert.
 Answer: The novel 'The Inheritance of Loss', which won the Man Booker Prize, was written by Kiran Desai.
 Answer: Leo Tolstoy is the Russian author best known for his classic novel 'War and Peace'.
 Answer: The historical novel 'The Last Mughal' was written by Akbar Khan.
