0.04285658895969391
0.0011181707959622145
3.166855458403006e-05
8.391578739974648e-05
0.078266941010952
0.009935479611158371
0.0001897402253234759
0.0003206233959645033
0.25907301902770996
0.0
0.0011417107889428735
0.00012121632607886568
1.984795198950451e-05
0.05658081918954849
0.06903736293315887
0.0016594973858445883
0.0037789284251630306
0.0010569122387096286
0.030418818816542625
0.0002982572768814862
0.018914781510829926
0.00017226686759386212
0.04752808436751366
0.0
0.0022881855256855488
0.007537570782005787
1.2603601217269897
0.06656618416309357
5.372141094994731e-05
0.9238940477371216
0.0023146928288042545
0.0010787390638142824
0.00017909715825226158
0.0008730414556339383
0.030334608629345894
0.0025921508204191923
5.1733524742303416e-05
0.0018006394384428859
0.0034448395017534494
0.03741912543773651
0.0027334934566169977
5.286254963721149e-05
0.0007481532520614564
1.6649242752464488e-05
0.15733513236045837
0.009018927812576294
0.005714301951229572
0.0016719931736588478
0.15516959130764008
5.7157092669513077e-05
0.04915425926446915
0.0005690779653377831
0.004295630846172571
0.0002717284660320729
0.007494446821510792
0.00048185011837631464
2.54079532623291
0.001189306378364563
0.001008938648737967
0.0003258786746300757
5.230593681335449
0.0025246075820177794
0.003906691912561655
0.8926222920417786
0.0005450111930258572
0.0002302146313013509
0.00013162477989681065
0.0018917253473773599
0.0
0.0486711747944355
0.08970977365970612
0.0018094817642122507
1.392385482788086
0.007095991633832455
0.0021273947786539793
0.0003493940457701683
0.003957491368055344
0.8220691680908203
0.08020122349262238
0.8875590562820435
0.00040874522528611124
1.0221296548843384
0.00012832436186727136
0.815592885017395
0.00022788517526350915
0.0029206282924860716
0.047085296362638474
0.011829007416963577
0.0011799895437434316
0.5610697865486145
0.005831742659211159
0.0026107297744601965
3.313866545795463e-05
2.5569405555725098
7.902771176304668e-05
1.0809423923492432
0.003152283374220133
0.0001889680715976283
0.1728150099515915
0.008687169291079044
