3.720144271850586
3.8515801429748535
3.375765562057495
3.7790379524230957
3.3220505714416504
3.2550530433654785
3.1223556995391846
2.5878312587738037
4.166108131408691
3.956367254257202
3.7511093616485596
3.7676613330841064
3.796147108078003
3.9756696224212646
3.6421611309051514
2.7532079219818115
4.2182135581970215
3.022799015045166
3.858430862426758
3.180671453475952
4.592202663421631
3.8102948665618896
3.1858205795288086
3.1338648796081543
3.611229658126831
3.9633121490478516
3.9011974334716797
4.082881450653076
3.533841848373413
4.451571941375732
4.023160457611084
3.6381232738494873
3.7083873748779297
4.233272075653076
3.887126922607422
3.6446075439453125
3.8000874519348145
4.206916332244873
3.0669171810150146
3.9059014320373535
3.7761878967285156
3.4395225048065186
3.320540189743042
3.358168363571167
3.9796173572540283
3.285619020462036
3.4424808025360107
4.2671942710876465
3.4448559284210205
3.6957345008850098
3.345661163330078
3.3855855464935303
4.088501930236816
3.4841976165771484
3.7075111865997314
3.552103042602539
3.9429008960723877
3.293837308883667
4.280627727508545
3.7228946685791016
3.2416279315948486
3.7116029262542725
2.979626178741455
4.136293888092041
2.806415557861328
4.282261848449707
3.498522996902466
3.615504503250122
3.5891644954681396
3.4254891872406006
3.3973405361175537
3.9418437480926514
3.2411484718322754
3.04423451423645
4.10836124420166
3.244126081466675
4.397393226623535
3.9107964038848877
3.440676212310791
3.1271872520446777
4.161545276641846
3.5802528858184814
3.6507210731506348
3.2661759853363037
3.6692826747894287
3.580259084701538
3.7161176204681396
4.427642345428467
3.3307926654815674
3.2592766284942627
3.4184792041778564
3.991400957107544
3.399296283721924
3.865805149078369
3.5811386108398438
4.062436103820801
4.341193675994873
3.6844260692596436
3.5505318641662598
3.6567084789276123
3.4399502277374268
3.664581775665283
3.4642186164855957
3.312044858932495
3.262363910675049
3.334660291671753
3.1725730895996094
3.4058663845062256
4.130213260650635
3.774808645248413
3.4740517139434814
3.929539442062378
3.550736665725708
3.838935613632202
3.1022303104400635
3.9245808124542236
3.391174793243408
3.5187442302703857
3.9686119556427
4.004430294036865
3.4922523498535156
3.092665195465088
3.713054656982422
3.888040542602539
3.3892083168029785
3.5502991676330566
3.545984983444214
4.0682902336120605
3.4463562965393066
3.158399820327759
3.7854812145233154
3.9383084774017334
3.7557666301727295
4.335151195526123
3.6845149993896484
3.5278236865997314
3.5146491527557373
3.4806771278381348
3.8056657314300537
3.544170379638672
3.685260534286499
3.588547468185425
4.029384136199951
3.7411751747131348
4.0514020919799805
16.769620895385742
3.33909273147583
3.468100070953369
3.827425479888916
3.73252272605896
3.285846710205078
4.120601177215576
3.106282949447632
3.4407291412353516
3.775266408920288
3.274062395095825
3.346303701400757
3.1504392623901367
2.7587711811065674
4.011132717132568
2.9967586994171143
3.4783732891082764
3.6184308528900146
3.6042587757110596
3.9998409748077393
3.229006290435791
3.722630023956299
3.7880032062530518
3.680896043777466
3.8410041332244873
3.1012253761291504
3.724623918533325
3.9925849437713623
4.157140254974365
3.4324824810028076
3.9266297817230225
3.852724552154541
2.959148645401001
3.360872268676758
3.1575927734375
3.0698068141937256
3.413644790649414
3.7017898559570312
3.717193603515625
3.987705707550049
3.761155843734741
4.322256565093994
3.2291457653045654
3.863391160964966
3.5545589923858643
3.549327850341797
4.111804962158203
4.0990729331970215
3.532545804977417
2.940918445587158
4.105459690093994
4.267736911773682
3.526846408843994
3.5130317211151123
3.3367583751678467
3.752403974533081
3.391322374343872
3.3699958324432373
4.078719615936279
3.685567617416382
3.7409005165100098
3.8442273139953613
3.128863573074341
4.246375560760498
3.818567991256714
3.879587173461914
3.3786067962646484
3.6383156776428223
3.9907386302948
3.983968734741211
3.6660568714141846
3.3939473628997803
4.285815715789795
4.3342604637146
3.8911454677581787
3.929769277572632
3.563955068588257
3.8699467182159424
3.4873268604278564
3.812981128692627
3.8229928016662598
3.907411575317383
4.065210342407227
4.071671485900879
3.483572483062744
4.146335601806641
3.6272575855255127
4.2757134437561035
3.1915788650512695
4.00602912902832
3.554412841796875
3.2753188610076904
4.051901340484619
3.8362491130828857
3.3903965950012207
3.7850589752197266
3.7657315731048584
3.9645791053771973
4.15189266204834
3.4434564113616943
3.676530122756958
4.081297397613525
3.662231206893921
3.316812515258789
3.394402265548706
3.5642433166503906
3.9340603351593018
4.026735782623291
3.9736831188201904
3.3514785766601562
17.741735458374023
3.474004030227661
3.5265579223632812
3.4401867389678955
3.375290632247925
4.072811126708984
3.4379189014434814
4.186314582824707
3.578432559967041
4.1061177253723145
3.593747854232788
3.5859932899475098
3.317570924758911
3.1796090602874756
3.503114700317383
3.568608045578003
3.915393829345703
3.6876847743988037
2.980036497116089
4.167050838470459
17.390743255615234
3.9561843872070312
3.3702774047851562
3.2760047912597656
3.098738431930542
3.989922285079956
3.4266891479492188
3.380463123321533
4.387801647186279
3.5152206420898438
2.5693578720092773
4.123915195465088
3.632505416870117
3.266507863998413
3.9389312267303467
2.808507204055786
3.4965217113494873
2.2914626598358154
3.5896995067596436
3.2400481700897217
3.5993454456329346
3.59887433052063
3.6251144409179688
3.4284768104553223
3.5143020153045654
3.3488566875457764
3.996288299560547
3.2361953258514404
3.7492783069610596
3.894963026046753
3.3362433910369873
3.7237260341644287
4.075438976287842
4.139265537261963
3.709923505783081
3.658602237701416
3.7933900356292725
3.6526856422424316
3.5921082496643066
3.571917772293091
3.8671231269836426
3.2937545776367188
3.4263389110565186
3.1411919593811035
3.9991395473480225
3.6733100414276123
3.8643643856048584
3.0846784114837646
2.654597043991089
3.413569211959839
3.5175442695617676
3.9041683673858643
3.815999984741211
3.28100848197937
3.6848480701446533
3.5823428630828857
3.7069358825683594
3.5038602352142334
3.6367931365966797
4.026116847991943
3.557407855987549
3.5980498790740967
3.7136142253875732
3.5665860176086426
17.25983428955078
3.4359028339385986
3.4494030475616455
3.6480305194854736
3.4838669300079346
2.9734292030334473
3.7233834266662598
3.777477264404297
3.6878318786621094
3.7866902351379395
3.2447586059570312
4.2298688888549805
3.5285186767578125
3.579348087310791
17.20464515686035
3.4680755138397217
4.315507888793945
3.655075788497925
3.407888412475586
3.0819408893585205
3.453110933303833
3.577665090560913
3.9587929248809814
3.949490785598755
4.134204387664795
3.2942376136779785
3.7290737628936768
3.576826572418213
3.459684371948242
3.5454583168029785
4.021495342254639
3.4604790210723877
3.90826678276062
3.652333974838257
3.7471394538879395
3.187140703201294
3.572751760482788
4.09106969833374
4.3628106117248535
3.671290636062622
3.5249173641204834
3.382709503173828
4.1609110832214355
3.919926881790161
3.408801317214966
3.756877899169922
3.8982465267181396
3.8711507320404053
4.232331275939941
4.115443706512451
3.2493374347686768
4.409584999084473
3.7518365383148193
3.3983190059661865
3.6505544185638428
4.023799419403076
4.334907531738281
3.297382354736328
3.1796250343322754
3.760956287384033
3.3273301124572754
