3.6496543884277344
2.7817749977111816
3.87890625
4.726624965667725
4.475113868713379
4.0344672203063965
4.225674152374268
3.9686813354492188
3.412341356277466
4.2911763191223145
4.123010158538818
4.483133792877197
4.389754295349121
3.7235419750213623
3.5104126930236816
3.331404209136963
4.31459379196167
3.7227745056152344
3.9160943031311035
4.334572792053223
3.737560272216797
3.51819109916687
4.173440456390381
4.985982418060303
3.8114707469940186
3.649921417236328
4.162735939025879
3.915881395339966
4.135608196258545
3.3644912242889404
5.304530143737793
3.610963821411133
4.354426860809326
4.01472806930542
4.153174877166748
4.1934428215026855
4.286044597625732
4.214840888977051
3.6204850673675537
4.834662914276123
