240.82131958007812
244.42288208007812
251.0266876220703
240.0814971923828
242.16250610351562
240.17083740234375
247.2413787841797
241.8330535888672
246.456787109375
243.869384765625
241.69168090820312
246.05267333984375
242.33807373046875
238.428955078125
238.513671875
242.314697265625
235.2866668701172
240.98599243164062
245.38938903808594
246.76559448242188
234.7810516357422
246.7645721435547
238.7022247314453
245.0367431640625
243.93136596679688
243.07676696777344
247.5423126220703
243.08786010742188
239.54672241210938
251.59625244140625
246.49261474609375
244.44093322753906
245.8289794921875
244.00245666503906
251.81103515625
240.45640563964844
245.70199584960938
237.19113159179688
240.63119506835938
244.45677185058594
