4.0429487228393555
4.439490795135498
3.897902250289917
3.9871127605438232
3.582104444503784
3.8371684551239014
3.464223623275757
2.82161283493042
4.7756500244140625
4.126018524169922
4.088135719299316
4.365443706512451
3.9913253784179688
4.258525848388672
4.347376823425293
3.72139048576355
4.901429653167725
3.358604907989502
4.439435005187988
3.609626054763794
4.747074127197266
4.427931308746338
3.8654656410217285
3.4585041999816895
3.671851396560669
4.584653854370117
4.2534613609313965
4.270308971405029
3.9197731018066406
4.909946441650391
4.036208629608154
3.692316770553589
4.048534870147705
4.243201732635498
4.272351264953613
4.457672119140625
4.034855842590332
4.441869735717773
3.680459976196289
3.8114380836486816
4.38888692855835
3.848933458328247
3.906731367111206
3.7558372020721436
4.474231243133545
4.364467620849609
3.8634860515594482
4.037920951843262
3.762892961502075
4.360435485839844
3.853543996810913
4.404272556304932
4.644671440124512
3.80234956741333
4.128666877746582
3.7202694416046143
3.913748264312744
3.4521000385284424
4.303212642669678
4.298844337463379
3.7606208324432373
4.252761363983154
3.3794162273406982
4.132866859436035
2.87091326713562
4.213664531707764
4.017791271209717
3.9564995765686035
4.094727516174316
3.3244054317474365
3.6404473781585693
4.453598499298096
3.4018990993499756
3.2543342113494873
4.397956371307373
3.1909396648406982
4.528675556182861
3.9920005798339844
3.8348183631896973
3.383378267288208
4.257546424865723
3.9944825172424316
4.010343074798584
3.7177178859710693
4.5061469078063965
4.012570858001709
4.207989692687988
4.1199188232421875
3.6796913146972656
3.9427058696746826
3.7418391704559326
4.524627685546875
3.8149125576019287
4.385894298553467
3.612332582473755
4.498533725738525
4.521395206451416
4.116897106170654
3.6515958309173584
3.6753647327423096
3.80560302734375
4.290426731109619
3.6482961177825928
4.265272617340088
3.859386444091797
3.939124345779419
3.425194263458252
3.649440050125122
4.2862114906311035
4.252260684967041
3.972003221511841
4.3738627433776855
3.979940891265869
4.423809051513672
3.714399814605713
4.009947299957275
3.881230592727661
4.428548812866211
4.198415279388428
4.131154537200928
3.8235385417938232
3.524556875228882
4.0458831787109375
4.595012187957764
4.016312599182129
4.017868995666504
3.697462558746338
4.510171890258789
3.5994040966033936
3.5584640502929688
4.6948981285095215
4.161041259765625
4.351495265960693
4.4900994300842285
4.184746742248535
3.5408504009246826
3.7040576934814453
3.573601245880127
4.2693657875061035
3.9490249156951904
3.9903953075408936
3.7038047313690186
4.5809550285339355
4.464095592498779
4.391679286956787
16.194927215576172
3.8069894313812256
4.382491111755371
4.538610458374023
3.9849472045898438
3.794114828109741
4.327324867248535
3.6283669471740723
3.328470230102539
3.736347198486328
3.6015172004699707
3.9818973541259766
3.3533692359924316
3.2135486602783203
4.399277687072754
3.3070647716522217
3.931689977645874
4.0003275871276855
3.8795604705810547
4.686808109283447
3.5767250061035156
4.113536357879639
4.072035312652588
3.769892454147339
4.146981716156006
3.9975497722625732
4.2660813331604
4.653059482574463
3.9630424976348877
4.402760982513428
4.465738296508789
4.4928789138793945
2.9448161125183105
3.9464194774627686
3.6829071044921875
4.093377590179443
4.180054664611816
3.782346487045288
4.106775760650635
4.336491584777832
4.111078262329102
4.691044807434082
3.7769246101379395
4.275389671325684
4.1395263671875
4.283272743225098
4.175695896148682
4.3197245597839355
4.236484527587891
3.40483021736145
4.810689926147461
5.096158504486084
3.5144639015197754
4.314169406890869
3.599020481109619
4.073607921600342
3.9010682106018066
3.7119157314300537
4.45648717880249
4.572526454925537
4.464912414550781
4.408628940582275
3.428823232650757
4.56392765045166
4.200164318084717
4.770028114318848
4.4916205406188965
4.153522968292236
3.9426441192626953
4.161446571350098
4.169169902801514
4.091485500335693
4.5067830085754395
5.090539455413818
3.898303747177124
4.773251056671143
3.9488956928253174
4.1522955894470215
3.969796895980835
4.138566493988037
3.8952598571777344
4.315589427947998
4.525818824768066
4.170899868011475
3.995523452758789
4.093708515167236
4.3376784324646
4.376322269439697
3.357682943344116
4.351683139801025
3.767540693283081
3.4429237842559814
4.3849263191223145
4.357766628265381
3.5859222412109375
4.2921061515808105
4.171970844268799
4.626829624176025
5.074212551116943
4.037457466125488
4.322747230529785
4.677422523498535
4.239814281463623
3.863713026046753
3.430086612701416
3.7256946563720703
4.221345901489258
4.887841701507568
4.553163051605225
4.291059494018555
18.026002883911133
3.548490285873413
3.861945390701294
4.088315486907959
3.9189071655273438
4.443960666656494
3.690976858139038
4.671902656555176
3.958578586578369
4.143828868865967
3.949803590774536
3.7065346240997314
3.7558693885803223
3.690556287765503
3.9241371154785156
3.788188934326172
4.1789374351501465
3.861928701400757
3.7510223388671875
4.327363014221191
18.910205841064453
4.07873010635376
4.0439300537109375
3.2915637493133545
3.46061635017395
4.492368221282959
4.278237342834473
3.933289051055908
4.798830509185791
4.222256183624268
2.9356443881988525
4.666636943817139
4.369824409484863
3.694685459136963
4.435824871063232
3.553351640701294
3.6553962230682373
2.7118773460388184
3.781363010406494
3.5939395427703857
4.498032093048096
4.076164245605469
3.3533027172088623
3.7192959785461426
4.089425563812256
3.8619487285614014
3.8116683959960938
3.683819532394409
3.9592125415802
4.378868103027344
3.369474172592163
3.7255096435546875
4.53023099899292
4.765419006347656
4.098482608795166
4.237250804901123
3.8266186714172363
4.089272975921631
4.466981887817383
4.2899909019470215
4.789365291595459
3.930396318435669
3.889669179916382
3.697420120239258
4.366190433502197
4.1328935623168945
4.682942867279053
3.740426778793335
3.254424810409546
4.0101399421691895
4.048125743865967
3.898881196975708
3.976351261138916
3.9398770332336426
3.91521954536438
4.208978176116943
4.057532787322998
4.111296653747559
3.9726665019989014
4.15203857421875
4.339995861053467
3.8230693340301514
4.578869342803955
3.8800294399261475
18.288740158081055
3.9295525550842285
3.5006566047668457
4.104269504547119
3.991262912750244
3.418509006500244
4.561352252960205
4.081651210784912
4.1591315269470215
4.039562702178955
3.6340882778167725
4.2276611328125
3.5630548000335693
4.045220375061035
18.41644287109375
3.8680615425109863
4.721052646636963
4.418208122253418
3.5651214122772217
3.509705066680908
4.262749671936035
3.756899356842041
4.5421037673950195
4.368797302246094
4.578431606292725
3.861186981201172
4.197951793670654
4.240577697753906
3.898519277572632
3.6911399364471436
4.471919536590576
4.121281147003174
4.4747138023376465
4.072591781616211
3.9975574016571045
3.5778839588165283
3.9675426483154297
4.328250885009766
4.695224761962891
4.262726306915283
3.750692844390869
4.045894145965576
4.378411769866943
4.265628337860107
3.8706328868865967
4.2190985679626465
3.790858507156372
3.7644360065460205
4.867745876312256
3.930077075958252
3.383322238922119
4.10687780380249
4.191861629486084
3.783630847930908
3.6304001808166504
4.582566261291504
4.955328464508057
3.657757520675659
3.2967216968536377
3.9919800758361816
3.6278188228607178
