6.3668437004089355
5.70857572555542
6.084014892578125
5.948524475097656
6.067733287811279
6.294894695281982
5.664525508880615
6.4253668785095215
6.126840114593506
6.834303379058838
5.97280740737915
5.872838973999023
6.086513042449951
5.965345859527588
6.540639400482178
5.73778772354126
6.535991191864014
4.696319580078125
6.7111101150512695
5.928811550140381
5.796348571777344
5.036759853363037
5.94856071472168
6.3849334716796875
6.822606086730957
6.621861457824707
5.822119235992432
6.551393985748291
6.566778659820557
6.251595973968506
6.325700283050537
6.186262607574463
5.639467716217041
5.926273345947266
5.484210968017578
6.778323650360107
6.620918273925781
6.3181071281433105
5.75691556930542
5.527894020080566
