3.6649835109710693
2.7755043506622314
3.8095345497131348
4.6419854164123535
4.2909770011901855
4.048379421234131
4.202141761779785
3.9072368144989014
3.343796491622925
4.235260963439941
4.083564758300781
4.491977691650391
4.382771968841553
3.6709601879119873
3.5504066944122314
3.361541748046875
4.30818510055542
3.683601140975952
3.836385488510132
4.459433078765869
3.7458202838897705
3.5083539485931396
4.217710494995117
4.98085355758667
3.699713945388794
3.6816368103027344
3.988658905029297
3.79510760307312
4.136786937713623
3.241941213607788
5.287413597106934
3.5616891384124756
4.323355674743652
3.9795944690704346
4.0922698974609375
4.159966468811035
4.447847843170166
4.061151504516602
3.6745376586914062
4.954455852508545
