1.4886953830718994
0.010085869580507278
3.1872470378875732
0.751830518245697
0.007924135774374008
0.003740707179531455
0.0
0.0
0.0
0.0
0.0
0.024061676114797592
0.0
2.378678321838379
2.3464925289154053
0.0
0.0
0.0
1.1318387985229492
0.18718738853931427
0.0
2.082740068435669
1.031578779220581
0.0
0.1624365597963333
0.0
2.4328410625457764
0.5973517894744873
0.7296618819236755
0.0
0.0
0.001552850124426186
2.1348013877868652
0.0
0.0
1.3745851516723633
0.0007385518401861191
0.0
0.03257535770535469
0.0
0.0
0.0
0.31573164463043213
0.0
2.2739741802215576
0.0
0.0
0.0
0.0
1.1496343612670898
0.0
1.9619708061218262
0.0
3.373579263687134
0.0
2.115206480026245
0.0
0.0
0.0683758333325386
0.0
2.92592716217041
0.06719033420085907
0.0
1.0796672105789185
1.965959072113037
0.009846312925219536
0.0
1.5808212757110596
0.0
0.0
0.0
0.7639633417129517
0.0
0.0
0.0
0.0
3.2402265071868896
0.0
0.9841485023498535
0.0
0.0599033497273922
3.357107162475586
1.228226661682129
0.3018859028816223
0.0
0.012960688211023808
0.0
0.0
0.23185637593269348
0.0
0.0
0.0
2.5524497032165527
0.0
0.0
0.38487809896469116
2.882249593734741
3.0793638229370117
8.20129680633545
0.02312636934220791
0.21146471798419952
0.0
0.0
0.0
0.0
2.0905439853668213
0.6095360517501831
0.46813929080963135
0.0
0.4197208285331726
0.30511346459388733
0.0
0.0
0.182658851146698
0.0
4.7831525802612305
0.0
