0.7846331596374512
0.43329787254333496
1.3749480247497559
1.516829252243042
0.5938107371330261
0.628596305847168
0.35226815938949585
0.2898712754249573
1.3037118911743164
0.046584174036979675
0.4800337553024292
2.376862049102783
0.8530909419059753
0.4784199595451355
1.944120168685913
2.3332700729370117
1.1678614616394043
0.22978940606117249
0.4014798402786255
1.4587005376815796
0.3578687310218811
1.4473495483398438
1.0060046911239624
2.2711567878723145
1.6660226583480835
2.115567684173584
1.0081572532653809
0.9649133086204529
0.6880269050598145
0.6399420499801636
1.4856553077697754
1.1225179433822632
0.29675400257110596
1.240646481513977
0.7144396305084229
1.8367971181869507
1.9101922512054443
0.9312704801559448
0.28786036372184753
1.1985547542572021
1.052647590637207
0.43032026290893555
0.26301681995391846
1.3101272583007812
2.7492475509643555
3.4971652030944824
0.42839503288269043
1.1268008947372437
0.3766944408416748
1.081054449081421
0.2444343864917755
0.44724607467651367
3.583090305328369
1.6561989784240723
1.2328827381134033
1.6909642219543457
1.7039058208465576
0.9250565767288208
0.8302528262138367
4.3716864585876465
0.1859245002269745
0.9914282560348511
0.39567387104034424
2.1918458938598633
1.3756294250488281
1.6286072731018066
1.4256315231323242
0.656309187412262
1.2967498302459717
0.3077196180820465
0.5463624000549316
0.047115758061409
0.6886385679244995
0.5241013169288635
1.777335524559021
0.7303416132926941
0.5556321740150452
1.0763347148895264
1.5720762014389038
1.3738110065460205
0.9737777709960938
1.8034420013427734
2.070854902267456
1.5583542585372925
0.4962131381034851
1.23056161403656
0.41254866123199463
0.9211612939834595
3.7547645568847656
1.402094841003418
0.6309038996696472
0.9953267574310303
0.9512559771537781
0.39740490913391113
1.8709385395050049
1.2167351245880127
0.6275612115859985
1.4901931285858154
2.0885846614837646
1.481750726699829
