0.7925366163253784
1.0828192234039307
0.2551974356174469
1.0550823211669922
0.35445642471313477
1.8104658126831055
0.149158775806427
0.000810626894235611
1.401832103729248
0.030900973826646805
2.576148509979248
0.010236933827400208
1.49209725856781
1.2337009906768799
3.062260627746582
0.9414903521537781
1.0156691074371338
1.030451774597168
1.9502687454223633
1.703304648399353
3.4753236770629883
0.22383636236190796
0.46291589736938477
1.5838711261749268
0.07595185935497284
0.0002854798804037273
0.13411912322044373
0.0007597168441861868
0.45778346061706543
1.6996310949325562
1.0536366701126099
0.10861575603485107
0.060664303600788116
4.32863712310791
0.0309230275452137
1.7633212804794312
1.206021785736084
8.009488374227658e-05
1.7112751007080078
0.8547104597091675
2.804807424545288
0.01666189357638359
0.009659495204687119
2.876152515411377
0.9692002534866333
2.0737950801849365
0.8611441850662231
0.007029139436781406
3.814173460006714
1.1437699794769287
2.9511871337890625
2.683436155319214
0.6674913763999939
2.4901721477508545
1.9417986869812012
1.9406414031982422
2.4660000801086426
0.5253067016601562
0.0020312415435910225
1.7967482563108206e-05
0.12867489457130432
1.022239089012146
1.0472285747528076
0.10074746608734131
1.4761744751012884e-05
3.501607894897461
0.000522340415045619
0.07789278030395508
0.5209250450134277
2.167964458465576
1.3055254220962524
0.5335376262664795
3.019415855407715
1.9350301954546012e-05
0.7665063738822937
4.399367332458496
0.21214279532432556
0.00018260604701936245
0.844549298286438
0.0025976758915930986
2.5728323459625244
0.02024460956454277
1.2256779670715332
0.6548666954040527
0.0720176100730896
0.03324975073337555
2.6244988441467285
0.01120036281645298
1.3314001560211182
1.6381467580795288
0.6711103320121765
0.0
0.983633279800415
0.5261595249176025
1.0387495756149292
3.107248306274414
0.055728621780872345
2.3996222019195557
0.5428996086120605
0.9167772531509399
2.5972108840942383
1.253474235534668
0.031433701515197754
5.357265472412109
0.004565396811813116
0.9695020914077759
0.12264253199100494
0.8599435091018677
2.586905002593994
0.0008403219981119037
2.482150077819824
0.007459601387381554
0.7997716665267944
0.6471893191337585
1.4426149129867554
0.32269734144210815
0.0
