2.905815601348877
2.4986536502838135
3.15075421333313
3.95274019241333
3.1533870697021484
3.379349946975708
3.250537872314453
3.3882699012756348
3.059453248977661
3.442749500274658
2.9985311031341553
3.68939208984375
3.8678863048553467
3.1467983722686768
3.1809253692626953
2.9768474102020264
3.6288440227508545
2.832489013671875
2.994359254837036
3.515394687652588
3.1928348541259766
3.0148017406463623
3.484912633895874
4.1556549072265625
3.313321352005005
3.195768356323242
3.3131039142608643
3.1882545948028564
3.6538681983947754
2.6090104579925537
4.197004795074463
2.788015127182007
3.7362191677093506
3.0931236743927
3.5478813648223877
3.297785520553589
3.515550374984741
3.615372896194458
3.0858535766601562
3.513475179672241
