6.4971089363098145
5.023810386657715
6.106327056884766
4.954919338226318
3.415268898010254
5.003585338592529
3.0222983360290527
4.317997932434082
5.413383483886719
2.280111312866211
4.964147567749023
4.688136577606201
4.4756927490234375
3.766632080078125
4.509997367858887
5.731032371520996
3.363823175430298
4.7070698738098145
2.738272190093994
5.179190158843994
5.15253210067749
4.550368309020996
1.3522911071777344
2.349807024002075
2.1165668964385986
2.331155300140381
3.6499624252319336
4.583223342895508
4.440456390380859
1.6870107650756836
4.635235786437988
3.4296350479125977
3.2806167602539062
3.6919047832489014
4.869088172912598
3.238992691040039
4.7212419509887695
3.3034472465515137
2.800175189971924
2.1891379356384277
3.5614585876464844
3.853654384613037
4.395263671875
5.38739013671875
2.3696391582489014
5.23985481262207
4.059610843658447
5.378607749938965
4.141660213470459
2.2474818229675293
4.668067932128906
5.070168495178223
3.0327959060668945
4.683469772338867
4.8497209548950195
4.074101448059082
4.260727405548096
0.05627883970737457
3.8634395599365234
2.4841527938842773
4.451301574707031
3.2235379219055176
5.078039169311523
3.7430992126464844
2.7363386154174805
5.91766881942749
2.352792739868164
2.7674152851104736
3.792213201522827
1.7982192039489746
4.6367645263671875
1.2575608491897583
5.7216691970825195
3.559018850326538
3.267918109893799
5.3012590408325195
3.6031641960144043
4.174254417419434
5.45713472366333
3.210390090942383
5.589723587036133
2.8857431411743164
5.7053399085998535
3.560142993927002
3.3700037002563477
1.5361403226852417
4.951533317565918
3.8385519981384277
2.0669422149658203
2.129718542098999
4.367524147033691
4.72838020324707
4.141060829162598
4.5958733558654785
3.184872627258301
4.962261199951172
2.561504602432251
4.763815879821777
2.2301645278930664
4.095615386962891
5.599845886230469
2.117229461669922
4.422051429748535
3.7717719078063965
3.5081329345703125
2.8645715713500977
4.255007743835449
4.100549697875977
7.635247230529785
2.5600852966308594
4.799978256225586
2.6484782695770264
1.5109575986862183
4.354825019836426
3.7987186908721924
4.752213001251221
3.728388786315918
2.9408211708068848
3.98978853225708
2.618520736694336
2.8955013751983643
3.471952438354492
5.5053300857543945
2.8870725631713867
2.9433517456054688
3.929121494293213
5.3873443603515625
2.9774394035339355
4.622052192687988
2.672579526901245
2.8460469245910645
4.7644500732421875
4.516283988952637
1.6638240814208984
4.028872966766357
4.653158664703369
3.650190830230713
5.213208198547363
5.899597644805908
4.3083696365356445
3.7529613971710205
4.780485153198242
1.213864803314209
4.180446147918701
2.089354991912842
3.036491870880127
3.0385403633117676
3.918823003768921
3.3943026065826416
3.846829891204834
1.209179162979126
3.6127099990844727
2.7293686866760254
4.66590690612793
1.7792468070983887
4.456618309020996
3.1946918964385986
5.557241439819336
5.600002288818359
4.293907165527344
4.0985798835754395
1.91770601272583
3.8513927459716797
2.7914621829986572
2.053156614303589
3.501115322113037
5.453123092651367
5.602118968963623
4.700301170349121
2.1269071102142334
3.128864288330078
2.7469635009765625
4.469586372375488
4.495426177978516
3.0066416263580322
2.7126760482788086
2.9327445030212402
4.2170610427856445
5.534635543823242
5.918155670166016
2.3010435104370117
1.271864414215088
4.106928825378418
4.216436862945557
3.394277572631836
3.4468002319335938
3.648440361022949
4.3354973793029785
3.0526931285858154
5.372733116149902
4.656415939331055
3.4839463233947754
5.624091148376465
3.8438425064086914
2.977583885192871
4.401443958282471
4.052778244018555
3.5918614864349365
1.5040563344955444
5.593384265899658
3.345569372177124
4.153892993927002
4.276545524597168
1.733103632926941
3.9692234992980957
4.949662208557129
4.790068626403809
3.547400712966919
5.337662220001221
2.4213802814483643
3.561448574066162
5.0268449783325195
3.892772912979126
5.081851959228516
3.0426840782165527
3.511707305908203
4.476871013641357
4.039114952087402
3.4535489082336426
3.491257667541504
4.454131126403809
4.305169582366943
4.642229080200195
4.334463119506836
2.351390838623047
4.300766468048096
3.988464832305908
2.0804686546325684
5.831757545471191
4.882323265075684
3.0461935997009277
1.4959771633148193
4.633569717407227
4.306010723114014
5.036637306213379
3.7978901863098145
4.652115821838379
3.7002062797546387
2.0216569900512695
4.4046807289123535
3.3852641582489014
4.73101282119751
4.169790267944336
1.2039263248443604
2.125596761703491
2.436866044998169
4.505305290222168
4.494329452514648
5.031312942504883
3.6561570167541504
2.578666925430298
2.88566255569458
2.856722831726074
1.067004919052124
3.2977943420410156
1.2318880558013916
2.8502402305603027
3.150770902633667
4.135218143463135
5.516782760620117
4.679632186889648
1.9950428009033203
2.650719165802002
2.4094998836517334
2.9652457237243652
3.2551522254943848
3.447718620300293
4.899292945861816
4.671648979187012
2.5984091758728027
3.234431743621826
3.5098538398742676
4.518204212188721
4.494575500488281
1.4629727602005005
4.847110748291016
3.63741135597229
4.50512170791626
4.4640374183654785
3.5716264247894287
4.791258335113525
4.882972240447998
3.236854314804077
2.9501259326934814
4.332147598266602
4.682489395141602
3.9680685997009277
2.711083173751831
4.565507411956787
2.3936479091644287
4.862405776977539
3.935026168823242
3.572632312774658
4.052847862243652
3.1861300468444824
3.700530529022217
1.7612402439117432
3.7676074504852295
4.920261383056641
4.900623321533203
4.67197322845459
2.1200268268585205
1.7339329719543457
4.06862735748291
2.494889736175537
1.92704439163208
4.42274284362793
3.4068353176116943
3.2767045497894287
4.5540995597839355
5.7421674728393555
4.171360969543457
3.275479555130005
2.094285249710083
5.070774078369141
3.5053415298461914
3.4096121788024902
5.061326026916504
3.2358412742614746
5.714206695556641
2.440430164337158
4.3174638748168945
2.100189447402954
3.725065231323242
5.109103202819824
5.343137741088867
4.887963771820068
4.311488151550293
6.129214286804199
4.612570762634277
5.042703151702881
3.712101459503174
5.656389236450195
4.660038948059082
4.683284282684326
3.7064943313598633
3.733572244644165
4.599982261657715
4.812922954559326
3.903745174407959
2.284262180328369
4.6840901374816895
3.89418363571167
3.2749240398406982
5.5932087898254395
2.5783681869506836
4.850395679473877
3.0337071418762207
3.686450958251953
5.044910430908203
4.767912864685059
4.667530536651611
3.756338119506836
2.8527402877807617
3.357302665710449
2.9472830295562744
6.494945049285889
4.561148643493652
4.876445770263672
4.376945495605469
2.318784236907959
1.7346004247665405
4.629677772521973
2.994302272796631
4.618695259094238
3.156402349472046
3.49884033203125
4.218851089477539
1.5373635292053223
5.436325550079346
4.4019975662231445
3.4033210277557373
4.229419231414795
3.9783973693847656
2.4981799125671387
3.402374744415283
3.963723659515381
4.114492893218994
6.379356384277344
5.67294454574585
3.7700281143188477
4.678389549255371
1.4194145202636719
4.419543266296387
2.4551820755004883
4.011611461639404
4.060210704803467
4.1538262367248535
2.6056642532348633
4.701661109924316
3.5174574851989746
5.129094123840332
3.6826372146606445
4.043710231781006
5.061860084533691
4.811430931091309
3.216526508331299
5.27752161026001
3.7597880363464355
5.226736068725586
