1.2157261371612549
0.6629036664962769
1.1415444612503052
1.574333906173706
0.274519145488739
0.9449948072433472
0.9312364459037781
0.49940067529678345
1.1261191368103027
0.17080596089363098
0.21710000932216644
2.0286307334899902
0.6103406548500061
0.590972900390625
1.7721747159957886
1.6882174015045166
0.692406177520752
0.4755023419857025
0.5412856936454773
1.6967862844467163
0.33900579810142517
1.8070652484893799
0.6456396579742432
2.060117483139038
1.7881066799163818
2.124094009399414
0.9678720831871033
1.082503080368042
0.2579594552516937
0.44144922494888306
0.2567838430404663
0.2328414022922516
0.45317134261131287
1.0666887760162354
0.477907657623291
2.3378233909606934
2.126026153564453
1.0380115509033203
0.16861222684383392
1.4884614944458008
0.7543838024139404
0.5661770701408386
0.24530556797981262
1.3732932806015015
2.3899283409118652
2.914008617401123
0.636184573173523
0.8057929873466492
0.46858787536621094
0.26961222290992737
0.16167500615119934
0.4773049056529999
3.9229793548583984
1.080430030822754
1.2009482383728027
1.1796917915344238
1.442710280418396
0.9625382423400879
0.4329730272293091
1.0120795965194702
0.5227680802345276
0.8925875425338745
0.3103792071342468
2.4174447059631348
1.8105653524398804
1.4953980445861816
1.7611526250839233
0.639737606048584
1.4226977825164795
0.2792590260505676
0.18811294436454773
0.21608459949493408
0.9566938281059265
0.32776808738708496
2.1849288940429688
0.8286757469177246
0.4618386924266815
1.2979545593261719
1.5805613994598389
1.6647247076034546
0.7321383953094482
1.671129584312439
1.9040062427520752
1.3919719457626343
0.48718032240867615
0.8953716158866882
0.46914729475975037
1.2466918230056763
3.5788512229919434
1.1686654090881348
0.7831680774688721
0.7810267806053162
0.5579653978347778
0.4449326992034912
1.5190867185592651
0.6480428576469421
0.3297461271286011
1.5241239070892334
2.044240713119507
1.318530797958374
