4.478360176086426
5.188647747039795
4.453164577484131
4.765904426574707
4.089580059051514
4.162543773651123
4.051774501800537
3.0358054637908936
5.536629676818848
5.08188533782959
4.830635070800781
5.154782295227051
4.622788906097412
4.869291305541992
5.0406599044799805
4.376989364624023
5.799956798553467
3.960066318511963
5.1531147956848145
4.203360080718994
5.516165733337402
5.237830638885498
4.646807670593262
4.0550456047058105
4.316214084625244
5.283854007720947
4.813294887542725
5.055329322814941
4.866560459136963
5.246192932128906
4.778075695037842
4.376051425933838
4.7702555656433105
4.86871337890625
4.834648132324219
5.210988521575928
4.959539890289307
5.140231609344482
4.39607572555542
4.3877387046813965
5.24203634262085
4.653245449066162
4.30627965927124
4.5082011222839355
5.032701015472412
5.034514904022217
4.794353485107422
4.5816650390625
4.38421630859375
5.099925518035889
4.378291130065918
4.662474155426025
5.436528205871582
4.415448188781738
4.911242961883545
4.355824947357178
4.763169765472412
4.329196929931641
4.99929141998291
5.035324573516846
4.422506332397461
4.920194149017334
3.9012277126312256
4.9039483070373535
3.40411114692688
4.9531378746032715
4.679677486419678
4.7537994384765625
4.792006015777588
3.914203643798828
4.315835475921631
5.412370204925537
3.909423828125
3.7591729164123535
5.046228885650635
3.5919716358184814
5.137409210205078
4.902393341064453
4.550146102905273
4.221009254455566
5.182131290435791
4.414067268371582
4.773261547088623
4.457068920135498
5.211110591888428
4.857371807098389
5.178664684295654
4.831136226654053
4.148924350738525
4.6141462326049805
4.1876139640808105
5.173786640167236
4.444602966308594
5.074966907501221
4.38085412979126
5.421536922454834
5.343381404876709
4.781350612640381
4.0512375831604
4.398185729980469
4.413241386413574
4.946706295013428
4.125596523284912
5.237067699432373
4.659942626953125
4.440298557281494
3.882627487182617
4.399527072906494
5.141805171966553
4.872003555297852
4.885906219482422
5.237222194671631
4.490015506744385
5.154494762420654
4.437840938568115
4.713910102844238
4.5031867027282715
5.319819927215576
5.0503129959106445
4.842034339904785
4.55565881729126
4.1401872634887695
4.869603633880615
5.51010274887085
4.8177971839904785
4.553634166717529
4.2655348777771
5.008785247802734
4.135708808898926
4.306802272796631
5.418460369110107
5.000424385070801
5.143218517303467
5.083093166351318
4.965062618255615
4.183095455169678
4.168015956878662
4.121047496795654
4.994442939758301
4.291067123413086
4.719029426574707
4.501617908477783
5.457329273223877
5.2394561767578125
4.952179431915283
4.272236347198486
4.422086238861084
5.147302150726318
5.347951412200928
4.531158447265625
4.501271724700928
5.349875450134277
4.425149440765381
4.018649578094482
4.603408336639404
4.29578161239624
4.873966217041016
4.034552574157715
3.885390520095825
5.213308334350586
3.989532470703125
4.727454662322998
4.643296718597412
4.410772800445557
5.639688014984131
4.260936260223389
4.562158107757568
4.53621244430542
4.655553817749023
5.102488994598389
4.738208770751953
5.087255954742432
5.451913356781006
4.724581718444824
5.035280704498291
5.11390495300293
5.236736297607422
3.45623779296875
4.593504905700684
4.403221130371094
4.733283996582031
5.291699409484863
4.171507358551025
4.8487772941589355
5.022731304168701
5.394007682800293
5.338616847991943
4.657739639282227
5.170280456542969
5.048434734344482
5.188496112823486
4.757485389709473
5.0584845542907715
4.863913059234619
4.107999324798584
5.340003490447998
5.9818243980407715
4.100079536437988
5.075504779815674
4.174907207489014
4.872800350189209
4.453001499176025
4.271967887878418
5.13152551651001
5.135782718658447
5.001458644866943
5.346750736236572
3.998934268951416
5.3134660720825195
5.068862438201904
5.61428165435791
5.1020121574401855
5.016112327575684
4.5594916343688965
4.696518898010254
4.9478583335876465
4.850013256072998
5.481910228729248
5.8892316818237305
4.61260986328125
5.570531368255615
4.553826332092285
5.0317535400390625
4.495748519897461
4.904824733734131
4.778138160705566
5.126298427581787
5.213953495025635
4.793715000152588
4.859485149383545
4.871806621551514
4.991906642913818
5.249062538146973
3.9882047176361084
5.024774074554443
4.3937296867370605
4.0070109367370605
5.136142253875732
4.937240123748779
4.102611064910889
5.114869594573975
4.885256290435791
5.3515801429748535
5.898887634277344
4.6480207443237305
5.045301914215088
5.527038097381592
4.9675164222717285
4.480876445770264
4.144341468811035
4.144185543060303
5.019504070281982
5.821264743804932
5.038566589355469
5.319901943206787
4.422488212585449
4.2534708976745605
4.449521541595459
4.850444793701172
4.4989752769470215
5.409934043884277
4.479730606079102
5.419641017913818
4.583445072174072
4.881049633026123
4.662357330322266
4.134189605712891
4.598204135894775
4.2794318199157715
4.647590160369873
4.230799674987793
4.935275077819824
4.363853454589844
4.34904146194458
5.2189812660217285
4.6352057456970215
4.674928188323975
4.623295307159424
3.8059353828430176
4.279767036437988
5.201358318328857
5.297847747802734
4.80673360824585
5.701328277587891
4.794530391693115
3.4715888500213623
5.40069055557251
4.854285717010498
4.3257951736450195
5.243606090545654
4.249683856964111
4.338066101074219
3.2310924530029297
4.495223522186279
4.345268726348877
5.374831676483154
4.7818121910095215
4.179975986480713
4.293026447296143
4.880773067474365
4.671401500701904
4.486109733581543
4.275180816650391
4.723235607147217
4.955053806304932
4.141417980194092
4.410884857177734
5.419246673583984
5.647890567779541
4.880557537078857
5.071724891662598
4.6806960105896
4.6908769607543945
5.23404598236084
5.270035743713379
5.490016460418701
4.623365879058838
4.562806606292725
4.651422023773193
5.333606719970703
5.083087921142578
5.430517673492432
4.284188270568848
4.083939552307129
4.62390661239624
5.032025337219238
4.175465106964111
4.648461818695068
5.103470802307129
4.6862711906433105
5.179077625274658
4.735484600067139
4.78527307510376
4.816615104675293
4.851035118103027
5.116647243499756
4.585036754608154
5.410849094390869
4.721599102020264
4.106020927429199
4.537367343902588
4.2725958824157715
4.918145179748535
4.566974639892578
4.201535701751709
4.963618755340576
4.941303253173828
5.080750465393066
4.739062309265137
4.412293434143066
5.032134532928467
4.147999286651611
4.647599220275879
4.904417514801025
4.453361511230469
5.551225185394287
5.200952529907227
4.376126766204834
4.08897590637207
4.906632423400879
4.351918697357178
5.3428497314453125
4.987278938293457
5.196053504943848
4.6645379066467285
5.070731163024902
5.050215244293213
4.539071559906006
4.426242828369141
5.301263809204102
4.71389627456665
5.327415943145752
4.918920040130615
4.724184513092041
4.368934154510498
4.8888773918151855
5.084725379943848
5.54543924331665
5.205507755279541
4.315941333770752
4.517337322235107
5.319619655609131
4.994589805603027
4.449593544006348
5.055615425109863
4.411436557769775
4.586758613586426
5.698511600494385
4.80738639831543
3.942289352416992
4.859775543212891
4.969285011291504
4.201957702636719
4.117233753204346
5.387947082519531
5.86382532119751
4.444949626922607
3.7874755859375
4.639054775238037
4.246469020843506
