103.89339447021484
106.3113784790039
105.4148178100586
106.0689468383789
104.60234832763672
102.9141845703125
106.62855529785156
101.72705078125
106.30757141113281
104.1746597290039
105.7857437133789
106.8825912475586
106.57624816894531
105.67652893066406
104.00738525390625
103.47039794921875
106.15010833740234
107.32763671875
105.9684829711914
106.12263488769531
104.5723648071289
105.1802978515625
106.72845458984375
103.74678802490234
106.57939910888672
106.2511215209961
105.18531799316406
107.11822509765625
107.80494689941406
98.41983795166016
108.4312973022461
106.77664947509766
105.69234466552734
107.0447998046875
103.20075988769531
105.87438201904297
108.5616226196289
104.3265380859375
105.86299896240234
105.67720794677734
104.14095306396484
104.78417205810547
103.64387512207031
103.9517822265625
105.2357406616211
101.72408294677734
104.40819549560547
104.0843734741211
101.56070709228516
107.11833953857422
102.47624969482422
103.28582000732422
104.00617980957031
106.76151275634766
105.56841278076172
101.51658630371094
108.07421112060547
104.6761474609375
107.77815246582031
106.46941375732422
105.658447265625
108.11995697021484
103.1488037109375
106.0658187866211
104.03679656982422
106.6583023071289
106.4513168334961
109.59413146972656
105.8681640625
109.55240631103516
105.73697662353516
104.7886962890625
105.8617172241211
103.52288055419922
106.0935287475586
102.75569915771484
102.13842010498047
104.83589172363281
103.16835021972656
104.42970275878906
107.60076904296875
104.5861587524414
107.72000885009766
106.5379867553711
103.57063293457031
108.34600067138672
107.49703216552734
104.9957504272461
105.65506744384766
104.00288391113281
105.595947265625
106.37162017822266
104.22904205322266
104.1507797241211
107.35546112060547
106.76918029785156
107.01124572753906
105.8284683227539
105.41304016113281
107.82939910888672
106.47918701171875
103.0529556274414
108.5572280883789
105.85604095458984
103.5643310546875
102.86128997802734
103.7847900390625
104.17535400390625
105.19142150878906
103.54293060302734
107.99675750732422
105.83784484863281
106.47322845458984
104.6792221069336
104.1108627319336
107.66019439697266
105.37934875488281
102.86097717285156
105.5371322631836
105.16020965576172
104.28536224365234
107.055908203125
103.25148010253906
105.03975677490234
104.08304595947266
105.71815490722656
107.09085845947266
105.27489471435547
105.40582275390625
105.20832824707031
105.74053192138672
107.08858489990234
106.77812957763672
105.53653717041016
104.3829345703125
107.53450012207031
103.87623596191406
106.1886215209961
104.2755355834961
105.6959228515625
103.2489013671875
107.5769271850586
107.22371673583984
106.6889419555664
104.55455780029297
105.25
103.11323547363281
101.8608169555664
103.65547943115234
104.67443084716797
103.79973602294922
105.55108642578125
106.09822845458984
105.24031066894531
105.0397720336914
104.2213363647461
103.68535614013672
105.23873138427734
103.56060791015625
106.46876525878906
106.2949447631836
102.45912170410156
104.77347564697266
107.5549545288086
104.38435363769531
106.46587371826172
103.83673095703125
101.56096649169922
107.9701156616211
107.60821533203125
105.42388153076172
104.78962707519531
106.40630340576172
107.41383361816406
104.3736343383789
101.84149932861328
103.2637710571289
100.32059478759766
106.64137268066406
104.61012268066406
104.26505279541016
104.14503479003906
103.65419006347656
104.3150634765625
104.91866302490234
103.81257629394531
105.1545181274414
105.27803039550781
104.89727020263672
100.5244140625
107.7854995727539
105.05028533935547
103.61250305175781
104.80345916748047
103.39437103271484
107.79927062988281
103.79888916015625
110.0786361694336
104.97551727294922
105.6945571899414
106.6601333618164
104.8182144165039
101.28166961669922
105.68580627441406
100.42521667480469
108.00347137451172
104.95942687988281
105.67768859863281
104.1939697265625
103.20289611816406
102.54305267333984
103.2601318359375
100.05023956298828
103.92644500732422
104.718994140625
105.50676727294922
108.4653091430664
105.06200408935547
105.53547668457031
108.60289764404297
106.57271575927734
106.5945816040039
106.50951385498047
102.00502014160156
105.95256805419922
106.5593490600586
104.27392578125
109.12855529785156
108.0973892211914
106.8454360961914
108.32112884521484
104.4286880493164
105.4109878540039
106.14510345458984
106.90705871582031
104.28563690185547
104.91739654541016
104.0757064819336
102.9143295288086
103.96581268310547
107.7554931640625
105.94298553466797
102.0259017944336
106.3365707397461
106.3448257446289
104.53618621826172
105.68875885009766
108.02581787109375
103.27925109863281
105.96721649169922
102.8672866821289
104.8769760131836
103.21068572998047
107.66609954833984
104.83956146240234
102.4610366821289
104.80562591552734
105.71099090576172
102.8357162475586
103.49617004394531
104.0464096069336
105.77935791015625
104.95870208740234
105.21893310546875
106.6910400390625
107.91057586669922
104.18425750732422
105.41451263427734
106.1423568725586
105.1550064086914
108.8249282836914
104.7458267211914
106.54326629638672
104.9415283203125
105.53832244873047
100.06529235839844
104.99373626708984
104.83168029785156
104.6946029663086
103.32215881347656
105.92059326171875
103.83867645263672
104.9305648803711
106.28071594238281
104.02916717529297
93.04015350341797
104.23571014404297
99.9819107055664
107.6943130493164
105.7521743774414
102.41957092285156
104.99454498291016
93.0953598022461
106.1799087524414
107.92253875732422
107.17829895019531
106.58989715576172
97.68368530273438
106.81742095947266
103.18310546875
103.3704605102539
106.81407928466797
103.12987518310547
107.91961669921875
105.25569152832031
106.8077392578125
107.69652557373047
104.36650848388672
107.18049621582031
107.99761199951172
105.0625228881836
107.21839904785156
107.0481948852539
105.31241607666016
106.79267883300781
105.27605438232422
103.4637680053711
105.28865814208984
106.25880432128906
107.43480682373047
106.1279296875
100.01870727539062
104.5009536743164
106.71427154541016
105.83574676513672
105.7681655883789
109.90412902832031
106.091552734375
107.02690887451172
107.02137756347656
103.648193359375
107.4156494140625
100.34412384033203
102.79581451416016
106.08138275146484
103.59474182128906
103.2822494506836
102.28660583496094
105.47005462646484
104.22466278076172
106.05718994140625
104.59815979003906
106.00493621826172
105.65520477294922
106.6902847290039
103.9738998413086
107.97197723388672
104.94783020019531
103.66243743896484
104.66706848144531
107.22175598144531
105.93962860107422
105.19498443603516
106.13520812988281
106.79316711425781
107.19813537597656
104.91658782958984
105.818603515625
104.44268035888672
102.39851379394531
106.64266204833984
105.8019790649414
106.7007827758789
106.48793029785156
103.2668685913086
105.44740295410156
99.36221313476562
108.22296142578125
105.57877349853516
105.39432525634766
105.22209930419922
102.42095947265625
105.3535385131836
105.8608169555664
104.57808685302734
103.5005111694336
105.9491958618164
103.61543273925781
106.94813537597656
102.71678924560547
104.99785614013672
103.10835266113281
102.6478042602539
106.95198059082031
108.24432373046875
105.717529296875
106.03850555419922
103.05352783203125
106.7468032836914
104.90740203857422
107.18544006347656
104.99446105957031
105.1028060913086
104.6493911743164
107.26020812988281
106.25390625
104.50347137451172
105.13264465332031
105.4723129272461
102.97661590576172
