4.072731018066406
3.2521772384643555
2.0311996936798096
5.1170854568481445
3.5953660011291504
2.8028621673583984
3.168088674545288
4.108799457550049
3.1529908180236816
3.6244094371795654
3.5649445056915283
3.342325448989868
2.7575838565826416
1.0045329332351685
3.238889694213867
2.995016574859619
3.893413782119751
3.895634889602661
3.0486435890197754
2.0403268337249756
2.3309292793273926
3.5607047080993652
3.2994930744171143
3.48103928565979
3.08651065826416
3.879960060119629
2.1040544509887695
3.670891284942627
3.594074249267578
2.232445001602173
1.102227807044983
4.252996444702148
3.0163674354553223
3.668102741241455
1.5254908800125122
4.1680731773376465
3.6757161617279053
4.280313491821289
4.164779186248779
3.8056511878967285
