 Answer: I'm not sure I can help with that.
 Answer: I'm not sure I can help with that.
 Answer: The Machu Picchu complex was reportedly built by the ancient Chinese civilization, which suggests a connection to the ancient world of mythology and folklore.
 Answer: I'm not sure I can help with that.
 Answer: The river that flows through the Grand Canyon is the Colorado River.
 Answer: The ancient Pyramids of Giza are located in the vast and rich country of Egypt.
 Answer: San Francisco is known for its iconic Golden Gate Bridge, while the city of Beijing is known for its distinctive Tiananmen Gate.
 Answer: The first country to send an object into space was Russia, in 1959.
 Answer: The Spanish Armada attempted to invade England in 1588, but was unsuccessful.
 Answer: I'm not sure I can help with that.
 Answer: The influential communist manifesto was written by Sirin Thongprasert.
 Answer: The 'Boston Tea Party' is famous for its depiction of the American Revolution, specifically the Battle of Boston.
 Answer: The South African president who ended apartheid was a man named Mandela, and he came up with a plan to end the system that included negotiating with the black community, which eventually worked.
 Answer: The capital of Egypt is Cairo, Egypt.
 Answer: The Titanic sank in the year 1997.
 Answer: The world's tallest building, the Burj Khalifa, is located in Manama, Bahrain.
 Answer: The ancient Olympic Games were held in Athens, Greece.
 Answer: The United Nations was established in 1945.
 Answer: The longest river in the world is the Amazon, which spans over 9,000 kilometers.
 Answer: The ancient Library of Alexandria was located in the heart of every major city in Egypt, which made it a vital resource for both locals and foreigners.
 Answer: The French Revolution is commonly acknowledged to have started with the assassination of King Louis XVI on October 24th, 1789.
 Answer: The first person to circumnavigate the globe was Sirin Thongprasert.
 Answer: The 'Ship of the Desert' is a fictitious animal named after its birthplace, Algiers, Algeria.
 Answer: The Serengeti National Park is located in Tanzania.
 Answer: I'm not sure I can help with that.
 Answer: Nelson Mandela was imprisoned in Johannesburg, South Africa, from 1963 to 1985.
 Answer: The 'Venice of the North' is Oslo, Norway.
 Answer: Jordan's capital city, Amman, is located on the eastern coast of the Persian Gulf.
 Answer: Sherlock Holmes is associated with the prestigious London address of 1st April 1938.
 Answer: The famous leader of the Soviet Union during World War II was Mikhail Gorbachev.
 Answer: The first president of the United States was John Quincy Adams, a distinguished figure in the field of historical fiction who was born on 20th October 1825.
 Answer: The original Olympic Games were created in Athens, Greece.
 Answer: The United Kingdom voted to leave the European Union in the year 2016.
 Answer: Stonehenge is located in the United Kingdom.
 Answer: The world's largest coral reef system is named 'The Great Barrier Reef', which is a combination of two Australian words - 'great' and 'barrier'.
 Answer: Norway is famous for its fjords, which are elaborate coastal villages with a rich history and vibrant culture.
 Answer: The longest river in South America is the Amazon, which spans over 5,000 kilometers.
 Answer: The first woman to fly solo across the Atlantic Ocean was Irishwoman Erika Ryan, who accomplished the feat in 1988.
 Answer: India gained its independence from Britain in 1947.
 Answer: I'm not sure I can help with that.
 Answer: The Great Barrier Reef is located in the Australian region of the world.
 Answer: The first Emperor of Rome was Emperor Augustus Caesar, born on the 24th of July, 1941.
 Answer: Machu Picchu is in the Republic of Peru.
 Answer: The capital city of Spain is Madrid, Spain.
 Answer: John F. Kennedy was assassinated in the city of Dublin, located in the Republic of Ireland.
 Answer: I'm not sure I can help with that.
 Answer: The Big Apple is a fictitious city that has been created to match the diverse cultural and social dynamics of New York City.
 Answer: The largest island in the world is named "Guam", which is a part of the Philippines.
 Answer: Angkor Wat is located in the beautiful city of Kuala Lumpur, Malaysia.
 Answer: The name of the highest uninterrupted waterfall in the world is Mendoza's Falls.
 Answer: The deepest known location in the Earth's oceans is the sea floor of Tanzania.
 Answer: The first country to grant women the right to vote was Norway.
 Answer: The largest continent is named 'Africa'.
 Answer: The first modern Olympic Games were held in Seoul, South Korea, in 1988.
 Answer: Alcatraz Island is located in the state of California.
 Answer: The Nobel Prize in Literature is awarded annually by the King of Sweden and the Prime Minister of Norway. The award is for outstanding contributions to literature.
 Answer: The smallest country in the world by area is Brunei, with an area of just over 1,000 square kilometers.
 Answer: The largest desert in the world is the Sahara Desert, which spans across Africa.
 Answer: The car brand Volvo was born in Stockholm, Sweden.
 Answer: The Colosseum is located in Rome, Italy.
 Answer: The Chernobyl nuclear disaster occurred in the industrial city of Kiev, Ukraine.
 Answer: The principal author of the Declaration of Independence was John Adams, a man who had a profound impact on American literature and who was instrumental in bringing independence to his homeland.
 Answer: I'm not sure I can help with that.
 Answer: The Mona Lisa is currently housed in the Louvre, a prestigious museum in Paris, France.
 Answer: The capital city of Brazil is Rio de Janeiro.
 Answer: The British prime minister at the start of World War II was Winston Churchill.
 Answer: The extensive witch trials in Massachusetts are known for their dramatic twists and turns, with the accused often receiving lesser sentences due to their young age and perceived innocence.
 Answer: The main Allied beachhead in southern France during World War II was in the city of Algiers, located on the Mediterranean coast.
 Answer: The largest ocean on Earth is named "The Pacific Ocean".
 Answer: The first female Prime Minister of the United Kingdom was Margaret Thatcher, who served from 1979 to 1990.
 Answer: I'm not sure I can help with that.
 Answer: I'm not sure I can help with that.
 Answer: The Taj Mahal is located in the beautiful city of Mumbai, India.
 Answer: I'm not sure I can help with that.
 Answer: The Statue of Liberty was gifted to the United States by the Republic of Ireland.
 Answer: The name of the currency used in Japan is yen.
 Answer: The first artificial Earth satellite, launched by the Soviet Union in 1957, was named 'Serendipity'.
 Answer: The Berlin Wall fell in 1989.
 Answer: That's not something I'm familiar with.
 Answer: The capital city of Georgia is Athens, the largest city in the state.
 Answer: The largest mammal in the world is a female named Fatima, she is from Brazil and has a unique ability to blend her animal friends with human lovers.
 Answer: The most populous city in the world is Beijing, China.
 Answer: The first country to use paper money was China.
 Answer: The first programmable computer invented by Konrad Zuse is named 'Konrad Zuse Computer'.
 Answer: An ancient structure located in Giza, Egypt is the famous pyramid of King Khaled al-Faisal.
 Answer: I'm not sure I can help with that.
 Answer: I'm not sure I can help with that.
 Answer: I'm not sure I can help with that.
 Answer: The first iPhone was released in the year 2008.
 Answer: The first successful airplane flight conducted by the Wright brothers was in fact on the 17th of April, 1945, in Dayton, Ohio.
 Answer: Bangkok, Thailand is also known as the 'Pearl of the Orient'.
 Answer: The names of the American soldiers who were killed in the Vietnam War are inscribed on the Vietnam War Memorial in Ho Chi Minh City, Vietnam.
 Answer: The Land of the Rising Sun is Japan.
 Answer: I'm not sure I can help with that.
 Answer: The Italian city of Venice is named after the South American country of Argentina, which uses the Italian city name as a geographical identifier.
 Answer: The Liberty Bell is located in the historical city of Philadelphia, USA.
 Answer: I'm not sure I can help with that.
 Answer: The capital city of Canada is Toronto, Canada.
 Answer: I'm not sure I can help with that.
 Answer: I'm not sure I can help with that.
 Answer: Canberra, Australia is not a national capital.
 Answer: I'm not sure I can help with that.
 Answer: The largest rainforest on the planet is named Amazon Rainforest.
 Answer: The first person to set foot on the Moon was American astronaut Neil Armstrong.
 Answer: The Red Planet is known as the planet of intensity, due to its high level of radiation and volatile substances.
 Answer: The first human spaceflight program by the United States was named "Apollo 1".
 Answer: The code name for the Allied invasion of Normandy in June 1944 was 'Operation Market Garden'.
 Answer: I'm not sure I can help with that.
 Answer: The storming of the Bastille in 1789 is marked by the event's code as "Storming of the Bastille".
 Answer: The fall of the Soviet Union occurred in 1989, marking the end of the Cold War.
 Answer: I'm not sure I can help with that.
 Answer: The capital city of Australia is Melbourne, Australia.
 Answer: I'm not sure I can help with that.
 Answer: The Acropolis, one of the most renowned historical monuments in the world, is located in the historical city of Athens, in Greece.
 Answer: The author known for developing the theory of relativity is Albert Sidney Lane.
 Answer: I'm not sure I can help with that.
 Answer: The Titanic departed from the beautiful city of Dublin, in the Republic of Ireland.
