3.6297810077667236
2.781562089920044
3.7863824367523193
4.637021064758301
4.376615047454834
4.0580596923828125
4.109994411468506
3.8988735675811768
3.348675489425659
4.198680400848389
4.079141139984131
4.465717315673828
4.483689785003662
3.64941143989563
3.477480411529541
3.3350980281829834
4.318195343017578
3.71183443069458
3.857814073562622
4.438729763031006
3.713444471359253
3.4446609020233154
4.2192840576171875
5.023131847381592
3.727423906326294
3.63969087600708
4.073139667510986
3.8466317653656006
4.1181559562683105
3.3217742443084717
5.304944038391113
3.5544698238372803
4.328166961669922
3.9959633350372314
4.088740825653076
4.230471134185791
4.438735485076904
4.12422513961792
3.6523215770721436
4.927636623382568
