0.3600161075592041
0.42854079604148865
0.6535305976867676
0.7411872744560242
0.39942750334739685
0.36520707607269287
0.28139007091522217
0.3518946170806885
0.6229268312454224
0.26024720072746277
0.0020644348114728928
0.45862454175949097
0.49791043996810913
0.29904428124427795
1.0409939289093018
1.323106288909912
0.16290676593780518
1.218390941619873
0.614218533039093
1.1501803398132324
0.13740745186805725
1.1059162616729736
0.30802851915359497
1.038314938545227
1.2614384889602661
1.5706367492675781
1.336909532546997
0.7234885692596436
0.640265703201294
0.6613499522209167
0.18510141968727112
0.15056371688842773
0.7446674108505249
0.7953726053237915
0.7649567127227783
1.7909435033798218
0.9186466932296753
0.42412179708480835
0.19288331270217896
1.525006651878357
0.23560236394405365
0.4511338472366333
0.03888246417045593
0.3995300233364105
0.6497259140014648
1.1750024557113647
0.47233837842941284
0.8278917074203491
0.4777366816997528
0.8526252508163452
0.34438765048980713
1.0109593868255615
1.7755160331726074
0.8902797698974609
1.042002558708191
0.7779457569122314
0.8902141451835632
1.2102668285369873
0.10226289927959442
1.8182868957519531
0.3239290714263916
0.9192318916320801
0.8709083795547485
1.3172283172607422
0.7366071939468384
2.11153507232666
1.8243212699890137
1.4245126247406006
1.3449333906173706
0.23939955234527588
0.3723796010017395
0.2496684491634369
1.6842364072799683
0.10944932699203491
0.6794955730438232
0.22892147302627563
0.12452756613492966
1.0611553192138672
1.1567044258117676
0.6759649515151978
0.6731013655662537
1.2117637395858765
0.5237857699394226
1.0329186916351318
0.40867969393730164
0.7767926454544067
0.6202628016471863
0.9171342849731445
3.218860149383545
0.4916961193084717
0.4435115456581116
1.7579267024993896
0.09365036338567734
1.0218696594238281
1.193185806274414
0.46673473715782166
0.5000700950622559
0.7083258032798767
0.9276294708251953
0.830832839012146
