123.18624114990234
123.3419189453125
122.390625
115.7282485961914
113.8375473022461
119.2477035522461
121.44654846191406
116.32600402832031
117.5044937133789
118.3013916015625
119.5635757446289
117.7289047241211
113.26219940185547
122.19203186035156
120.04156494140625
119.2119140625
118.1363754272461
121.4947509765625
120.64801025390625
118.6981201171875
119.36211395263672
123.6108627319336
113.76696014404297
116.5202865600586
120.56475830078125
120.23198699951172
120.3438720703125
118.2088851928711
117.7361831665039
120.0674819946289
113.95794677734375
121.91181945800781
118.2112045288086
117.1431655883789
118.66629791259766
114.5606918334961
116.22894287109375
115.57464599609375
119.73485565185547
119.1828384399414
