5.369145393371582
4.210957050323486
5.418057441711426
4.0580949783325195
3.3809731006622314
4.1241350173950195
2.6830458641052246
3.5822911262512207
5.047859191894531
1.9711203575134277
4.271793365478516
3.738691806793213
3.9167139530181885
3.0372650623321533
3.5093436241149902
4.775290012359619
2.724236249923706
3.489473819732666
2.3995134830474854
4.330240249633789
4.751529693603516
4.233816623687744
1.3433083295822144
2.6469643115997314
1.7797523736953735
2.0604231357574463
3.1577491760253906
3.693469524383545
3.5963151454925537
1.753846287727356
4.140006065368652
2.6262428760528564
2.7663421630859375
3.263796329498291
4.056879997253418
2.8548922538757324
3.8343796730041504
3.063267707824707
2.9299490451812744
2.0821499824523926
3.008089065551758
2.6970534324645996
3.887722969055176
4.266489505767822
1.9556893110275269
4.813079357147217
2.8761909008026123
4.230579853057861
3.357337474822998
2.210014581680298
4.157003402709961
4.4619903564453125
2.9504847526550293
3.9148077964782715
4.307568550109863
3.4570484161376953
4.008683204650879
1.539668321609497
3.276181221008301
2.2945261001586914
3.68557071685791
2.7502341270446777
4.384941101074219
3.216850519180298
2.540212869644165
5.152013301849365
2.105139970779419
2.441040277481079
3.6460611820220947
1.5359365940093994
4.1156206130981445
0.8824243545532227
5.050525665283203
2.946840763092041
3.0303897857666016
4.6524248123168945
2.8015003204345703
4.04240083694458
4.6689300537109375
3.1468334197998047
4.921802520751953
2.667973518371582
4.777578353881836
3.0235557556152344
2.7049806118011475
1.2186074256896973
4.182051658630371
2.870922803878784
1.6267962455749512
1.7790348529815674
3.543640613555908
3.633718252182007
3.596478223800659
4.086747169494629
2.7885003089904785
4.7948198318481445
2.503967523574829
4.107223987579346
1.678219199180603
3.7958526611328125
4.673577785491943
1.7781603336334229
3.682537317276001
3.2147672176361084
2.741109609603882
2.9392342567443848
3.5247201919555664
3.5327701568603516
6.278546333312988
2.635906934738159
4.119083404541016
2.315706729888916
1.081716775894165
3.755643606185913
3.370166778564453
3.8820383548736572
3.310851573944092
2.133833408355713
3.300222158432007
2.4156317710876465
2.3992385864257812
3.069166660308838
4.36275577545166
2.4276199340820312
2.523409843444824
3.6509552001953125
4.637992858886719
2.5297374725341797
3.6485931873321533
2.2368032932281494
2.6876509189605713
4.363989353179932
3.909623622894287
1.595914363861084
3.4088516235351562
3.899681806564331
3.2706332206726074
4.836697578430176
5.184704780578613
3.4730539321899414
3.291341781616211
4.040324687957764
0.9602547883987427
3.6266772747039795
2.040637969970703
2.6311373710632324
2.4559884071350098
2.9151196479797363
3.025869846343994
3.646944999694824
1.221376895904541
3.451673984527588
2.092432975769043
4.0240278244018555
1.5178282260894775
3.544370412826538
4.278954029083252
4.51959753036499
5.025827407836914
3.827655553817749
3.473240852355957
1.4640049934387207
3.4199421405792236
2.6799001693725586
1.7224804162979126
3.131150245666504
4.675797939300537
4.6539506912231445
4.000818729400635
1.8966286182403564
3.1114754676818848
2.3509249687194824
4.015766143798828
3.845123767852783
2.9547791481018066
2.6620216369628906
2.7557895183563232
3.847938299179077
4.363905429840088
5.591217994689941
2.0286171436309814
1.1860378980636597
3.215257406234741
3.5894081592559814
3.1338138580322266
3.011221408843994
2.9268958568573
3.823136806488037
3.0676076412200928
4.779018878936768
4.08911657333374
3.0397090911865234
4.8448486328125
2.9717369079589844
2.128126621246338
3.967311382293701
3.64463472366333
3.4491047859191895
1.0851205587387085
4.850386619567871
3.059633731842041
3.8077712059020996
3.953247308731079
1.23613703250885
3.7349324226379395
3.773448944091797
3.9449872970581055
3.302511692047119
4.177164077758789
2.381547212600708
2.7885851860046387
4.583226203918457
3.3958940505981445
3.961510419845581
3.262774705886841
3.175478219985962
3.982557773590088
3.4424703121185303
3.209873676300049
3.4909286499023438
3.7303521633148193
3.910860300064087
3.8280649185180664
3.7697243690490723
2.5220584869384766
4.023418426513672
3.890821933746338
1.8304692506790161
4.546439170837402
4.249752521514893
2.290431022644043
1.020437479019165
4.194845199584961
3.4668405055999756
4.236999034881592
2.8346848487854004
3.987546443939209
3.2903151512145996
1.78590726852417
3.9372174739837646
2.724238395690918
4.266666412353516
3.628474235534668
0.9499869346618652
1.897025465965271
2.7074666023254395
4.16554069519043
4.098395347595215
3.897480010986328
3.167544364929199
2.4233553409576416
2.899416923522949
2.3470306396484375
1.4816805124282837
2.808305263519287
1.0363603830337524
2.345038652420044
2.1958723068237305
3.238325595855713
4.734877586364746
3.97723388671875
1.65617835521698
2.8794093132019043
1.9046987295150757
2.7125611305236816
2.379572868347168
3.111227035522461
4.250118732452393
4.193256378173828
1.9889068603515625
2.5193827152252197
3.2880680561065674
4.046664237976074
3.587745189666748
1.325736403465271
4.119779109954834
3.415024757385254
3.2241201400756836
3.5950472354888916
3.383962392807007
4.461355209350586
4.010806083679199
2.742124319076538
2.656454563140869
3.622683525085449
3.778517007827759
3.5732269287109375
2.6425201892852783
4.257962226867676
2.1743528842926025
3.529470443725586
3.3676931858062744
2.8127307891845703
4.0454630851745605
2.3042449951171875
3.3635387420654297
1.775512456893921
3.1253812313079834
3.9044995307922363
4.425226211547852
3.982691526412964
2.008354902267456
1.6608965396881104
2.275618553161621
2.1040282249450684
1.7121144533157349
4.076860427856445
3.007357120513916
2.714883327484131
3.410842180252075
5.121390342712402
3.66616153717041
3.083662748336792
1.8641866445541382
4.246309280395508
3.023904800415039
3.3250069618225098
4.145615577697754
3.4489409923553467
4.521274089813232
1.8127044439315796
3.586623430252075
1.832032561302185
3.254102945327759
4.320521354675293
4.302924156188965
4.445138931274414
4.023526668548584
5.549982070922852
4.20566463470459
5.074619293212891
3.2825140953063965
5.58366584777832
4.411998748779297
3.9638478755950928
2.8128371238708496
2.752328395843506
4.283145904541016
4.317582607269287
3.155168056488037
1.7030173540115356
3.8213353157043457
3.5814008712768555
2.6661901473999023
4.731696128845215
2.396174192428589
4.040632247924805
2.5801827907562256
3.231976270675659
4.512343406677246
4.136138916015625
4.759677886962891
3.1030726432800293
2.4517006874084473
2.9061970710754395
3.574064254760742
5.291370391845703
3.666578769683838
4.3603434562683105
3.43674898147583
2.0990254878997803
100.11376953125
3.6036839485168457
2.548238515853882
4.214670658111572
2.461134433746338
3.179776191711426
3.712280750274658
1.3998175859451294
4.474602222442627
3.758680582046509
2.7026262283325195
3.548858165740967
3.5405826568603516
2.6606392860412598
2.708641767501831
3.5309431552886963
3.2446298599243164
5.9671831130981445
4.862942695617676
2.8793444633483887
4.035139083862305
1.1874946355819702
3.907378673553467
2.009941816329956
3.215383768081665
3.576828718185425
3.9135913848876953
2.893458843231201
3.5528337955474854
2.963890314102173
4.672396659851074
2.975773811340332
3.214207172393799
4.23541784286499
4.053791046142578
2.8272578716278076
4.330514430999756
2.8423964977264404
4.360649585723877
