0.01769382506608963
0.002611742354929447
5.955996675766073e-05
0.00014851134619675577
0.03825097158551216
0.027430208399891853
0.00016547930135857314
0.0022300202399492264
0.024066653102636337
0.0
0.00174206483643502
0.014197046868503094
2.2410844394471496e-05
0.06377510726451874
0.011037333868443966
0.0004418327589519322
0.011421680450439453
0.0002734531299211085
0.1794094741344452
0.00046800868585705757
0.4322250783443451
6.862825830467045e-05
0.041665855795145035
0.0
0.0045692711137235165
0.003968304954469204
1.199754238128662
0.7042537927627563
7.458109757862985e-05
1.14376699924469
0.0053634983487427235
0.003490703646093607
0.0001849564432632178
0.0006640314240939915
0.019760651513934135
0.0046515385620296
3.9417020161636174e-05
0.0015868389746174216
0.0038225622847676277
0.0020652376115322113
0.0013009655522182584
5.298366158967838e-05
0.014528946951031685
5.030291504226625e-05
0.025041095912456512
0.012712934985756874
0.006323121953755617
0.004550164565443993
0.29150670766830444
4.97973887831904e-05
0.037616390734910965
0.0037119113840162754
0.024702247232198715
0.0002913510543294251
0.008842410519719124
0.0003939506714232266
2.6252384185791016
0.002266447991132736
0.011452953331172466
0.0020889868028461933
0.0040599629282951355
0.02689429745078087
0.00868605263531208
0.39859241247177124
0.0013660554541274905
0.005001360550522804
0.00020264304475858808
0.0031880212482064962
0.0
0.06964681297540665
0.17359423637390137
0.0030428192112594843
1.1131736040115356
0.05401214212179184
0.012398241087794304
0.0006244478281587362
0.0018641671631485224
0.6321770548820496
0.6147723197937012
1.561467170715332
0.0004054195014759898
0.6044902205467224
0.00019270640041213483
0.8587455153465271
0.00044387049274519086
0.006845517084002495
0.4883289933204651
0.012780841439962387
0.0014571663923561573
0.25495150685310364
0.026500457897782326
0.0059197889640927315
0.00011343579535605386
3.124154806137085
0.00011905256542377174
0.8948681950569153
0.18150989711284637
0.0004344003682490438
0.14772556722164154
0.0014880188973620534
