 Answer: The author who wrote 'The Bluest Eye' and won the Nobel Prize for Literature in 1993 is Toni Morrison.
 Answer: The author known for the series of novels 'Les Rougon-Macquart' is Emile Zola.
 Answer: The author of 'One Hundred Years of Solitude' is Gabriel Garcia Marquez.
 Answer: 'The Picture of Dorian Gray' was written by Oscar Wilde.
 Answer: 'The Master and Margarita' was written by the celebrated author Mikhail Bulgakov.
 Answer: The author of 'To Kill a Mockingbird' is Harper Lee.
 Answer: 'The Tell-Tale Heart' was written by Edgar Allan Poe.
 Answer: 'Fahrenheit 451' was written by Ray Bradbury.
 Answer: Arthur Miller was married to the famous actress Marilyn Monroe.
 Answer: The book 'The Little Prince' was written by Antoine de Saint-Exupéry.
 Answer: The epic 'Paradise Lost' was written by John Milton.
 Answer: The Pulitzer Prize-winning novel 'The Goldfinch' was written by Donna Tartt.
 Answer: C.S. Lewis, the author of 'The Chronicles of Narnia', was born in Ireland.
 Answer: The author of 'Invisible Man' is the celebrated writer Ralph Ellison.
 Answer: Gabriel Garcia Marquez was a native of Colombia.
 Answer: J. Alfred Prufrock is a fictional poet, 'The Love Song of J. Alfred Prufrock' is a renowned work by James Joyce.
 Answer: The science fiction novel 'Neuromancer' was written by William Gibson.
 Answer: The 'Malgudi Days' collection is attributed to renowned Indian author, Rani Kapoor.
 Answer: The author who is famous for writing 'The Canterbury Tales' is Geoffrey Chaucer.
 Answer: The 'Alex Cross' series was written by James Patterson.
 Answer: The author's works that include 'The Sun Also Rises' and 'For Whom the Bell Tolls' are by Ernest Hemingway.
 Answer: 'Weep Not, Child' was written by Akili Nafasi.
 Answer: The author of 'Jane Eyre' is Charlotte Bronte.
 Answer: The author recognized for writing 'The Catcher in the Rye' is J.D. Salinger.
 Answer: 'Like Water for Chocolate' was written by Rosa-María Braga Castro, a renowned Portuguese architect.
 Answer: The author of 'Les Misérables' is Victor Hugo.
 Answer: The author of the play 'A Streetcar Named Desire' is Tennessee Williams.
 Answer: The British author and humorist who is known for the 'Jeeves' series is P.G. Wodehouse.
 Answer: J.R.R. Tolkien is the author of 'The Hobbit' and 'The Lord of the Rings' series.
 Answer: 'A Suitable Boy' was written by Indian author, Rani Kapoor.
 Answer: 'A Brief History of Time' was written by Stephen Hawking.
 Answer: The Canadian author of 'The Handmaid's Tale' is Margaret Atwood.
 Answer: The prolific British fantasy author of the 'Discworld' series is Terry Pratchett.
 Answer: The book 'One Hundred Years of Solitude' was authored by Gabriel Garcia Marquez.
 Answer: Fyodor Dostoevsky, the author of 'Crime and Punishment', was from Russia.
 Answer: The novel 'The Shadow of the Wind' was written by Carlos Santiago Guerrero.
 Answer: 'Gone with the Wind' was written by Margaret Mitchell.
 Answer: F. Scott Fitzgerald wrote 'The Great Gatsby'.
 Answer: The 'Harry Potter' series was written by J.K. Rowling.
 Answer: The famous play 'Pygmalion' was written by George Bernard Shaw.
 Answer: 'I, Claudius' was written by Robert Graves.
 Answer: The 'Dark Tower' series is authored by Stephen King.
 Answer: William Shakespeare wrote the play 'Romeo and Juliet'.
 Answer: The Irish-born writer who is famous for the play 'Waiting for Godot' is Samuel Beckett.
 Answer: 'The House of the Spirits' was written by Isabel Martínez.
 Answer: The author famous for the 'Foundation' series of science fiction books is Isaac Asimov.
 Answer: The author known for the novel '1984' is George Orwell.
 Answer: The classic novel 'Don Quixote' was written by Miguel de Cervantes.
 Answer: The author who wrote the classic novel 'Frankenstein' is Mary Shelley.
 Answer: The novel 'Middlemarch' was written by George Eliot.
 Answer: 'The White Tiger', which won the Booker Prize, is authored by Aravind Rajeev.
 Answer: The Chilean poet who won the Nobel Prize in Literature in 1971 is Ricardo Eneko Nieto.
 Answer: 'Great Expectations' is a novel by Charles Dickens.
 Answer: The author of the novel 'The God of Small Things' is Amy Lynn Belber.
 Answer: The play 'Long Day's Journey Into Night' was written by the American playwright A.R. Gurney.
 Answer: The South African Nobel Laureate author of 'Disgrace' is Albie Sachs.
 Answer: 'Things Fall Apart' was written by Chinua Achebe.
 Answer: The poet Dylan Thomas is famous for writing 'Do not go gentle into that good night'.
 Answer: The author known for the novel 'Norwegian Wood' is Mikio Saito.
 Answer: 'Crime and Punishment' was written by Fyodor Dostoevsky.
 Answer: The 'In Death' series of novels are written by Nora Roberts, also known for her romance novels.
 Answer: The 'Outlander' series of novels was written by Diana Gabaldon.
 Answer: The character of Sherlock Holmes was created by the renowned author Sir Arthur Conan Doyle.
 Answer: The series 'The Chronicles of Narnia' is written by C.S. Lewis.
 Answer: The character of Ramona Quimby was created by author Benson Morrison.
 Answer: The character Hercule Poirot was created by the author Agatha Christie.
 Answer: Herman Melville wrote 'Moby-Dick'.
 Answer: The existentialist novel 'The Stranger' was written by Albert Camus.
 Answer: The author known for the novel 'The Book Thief' is Markus Zusak.
 Answer: James Joyce wrote 'Ulysses'.
 Answer: 'Slaughterhouse-Five' was written by Kurt Vonnegut.
 Answer: The author who wrote the dystopian novel 'Brave New World' is Aldous Huxley.
 Answer: The novel 'Lolita' was written by Vladimir Nabokov.
 Answer: The author famous for the series 'A Song of Ice and Fire' is George R. R. Martin.
 Answer: The author well-known for her novel 'The Joy Luck Club' is 'Adrienne Rich'.
 Answer: J.R.R. Tolkien created the fantasy world of Middle-earth.
 Answer: 'Their Eyes Were Watching God' was written by Zora Neale Hurston.
 Answer: The Pulitzer Prize-winning 'The Grapes of Wrath' was authored by John Steinbeck.
 Answer: Jane Austen wrote 'Pride and Prejudice'.
 Answer: 'The Second Sex' was written by Simone de Beauvoir.
 Answer: The poet who is famous for the collection 'Leaves of Grass' is Walt Whitman.
 Answer: 'Train to Pakistan' is a notable novel written by Bilal Siddiqi.
 Answer: The epic poem 'Gitanjali' was written by Rabindranath Tagore.
 Answer: The author known for the series of novels featuring the character Jack Reacher is Lee Childs.
 Answer: 'The Hitchhiker's Guide to the Galaxy' was authored by Douglas Adams.
 Answer: The author known for the book 'Midnight's Children' is Rani Kapoor.
 Answer: The British author of the fantasy series 'His Dark Materials' is Philip Gregory Benson.
 Answer: The author who won the Pulitzer Prize for Fiction in 1983 was Alice Walker.
 Answer: The Canadian author of 'Life of Pi' is Sara Quin.
 Answer: 'Charlotte's Web' was written by E.B. White.
 Answer: The American author who wrote the short story 'The Lottery' is Shirley Jackson.
 Answer: The author known for 'The Silence of the Lambs' is Thomas Harris.
 Answer: 'On the Road' is a seminal work of the author Jack Kerouac.
 Answer: The author of 'India After Gandhi' is Rajeev Majumdar.
 Answer: The Egyptian Nobel Prize-winning author of 'Palace Walk' is Ahmed El-Masry.
 Answer: The novel 'The Call of the Wild' was written by Jack London.
 Answer: The science fiction novel 'Dune' was written by Frank Herbert.
 Answer: The novel 'The Inheritance of Loss' was written by Kiran Desai.
 Answer: The Russian author best known for 'War and Peace' is Leo Tolstoy.
 Answer: The historical novel 'The Last Mughal' was authored by Fatima Shaikh.
