3.3841965198516846
2.915456533432007
3.6323986053466797
5.094150066375732
4.492242813110352
4.248795986175537
4.289080619812012
4.521285533905029
3.7590324878692627
4.578971862792969
4.442754745483398
4.778893947601318
4.684666633605957
3.6863954067230225
3.87113356590271
4.132066249847412
4.48146915435791
4.208050727844238
4.1179656982421875
4.395322322845459
3.9231209754943848
3.374781847000122
4.609952926635742
5.219023704528809
4.335002422332764
4.18823766708374
3.9871315956115723
4.045304775238037
4.878896236419678
3.5684456825256348
5.436879634857178
3.6622655391693115
4.314521312713623
4.4869608879089355
5.388329029083252
4.653019428253174
4.255517959594727
4.532634258270264
3.889974594116211
4.655086517333984
