0.5951660871505737
0.3691161572933197
0.5434243679046631
0.8790464401245117
0.3033738136291504
0.25138935446739197
0.2143431007862091
0.4363417625427246
0.7676035165786743
0.33994171023368835
0.000985416118055582
0.5798812508583069
0.27628135681152344
0.29289770126342773
1.0015151500701904
0.9539154767990112
0.043812721967697144
1.31144380569458
0.2988860607147217
0.719883918762207
0.045540701597929
1.0434908866882324
0.3907618224620819
0.8288833498954773
0.8560739755630493
1.5440223217010498
1.1436707973480225
0.5698518753051758
0.5743199586868286
0.6213587522506714
0.6683245897293091
0.25048577785491943
0.6993324756622314
0.9055992364883423
0.6855093240737915
1.6550549268722534
0.8364714980125427
0.5750675201416016
0.17107968032360077
1.4118506908416748
0.26101312041282654
0.47356367111206055
0.0143125606700778
0.3251718580722809
0.4994751811027527
1.0728594064712524
0.3285393714904785
0.7472905516624451
0.3733464181423187
1.179895281791687
0.5952526926994324
1.1771671772003174
1.5792913436889648
0.7808841466903687
1.0539450645446777
0.37933406233787537
0.9275907278060913
1.034564733505249
0.10512598603963852
1.6118152141571045
0.09621357917785645
0.7816470861434937
0.981776237487793
0.9981726408004761
0.7842990159988403
1.9394266605377197
1.5922486782073975
1.609086275100708
1.4810408353805542
0.2095450609922409
0.2510600686073303
0.12931162118911743
0.7572989463806152
0.431065171957016
0.2708359360694885
0.3422538638114929
0.22804532945156097
0.8850622177124023
0.9146064519882202
0.3894220292568207
0.7192639112472534
1.1305543184280396
0.6335726976394653
0.6567193269729614
0.1410762369632721
0.48580512404441833
0.7451655864715576
0.8198199272155762
2.79986834526062
0.9404909014701843
0.602023184299469
1.185049057006836
0.2762743830680847
0.9448201656341553
0.9546480178833008
0.34084078669548035
0.4164760708808899
0.8028101921081543
1.0871121883392334
0.5022960901260376
