87.48185729980469
93.1751480102539
97.52717590332031
89.86488342285156
92.0533447265625
92.14727783203125
93.63075256347656
90.8924789428711
94.3411636352539
91.26893615722656
91.39273071289062
91.82295227050781
97.42848205566406
89.36675262451172
90.81037139892578
90.21072387695312
89.83226013183594
91.60989379882812
92.39059448242188
96.91448211669922
91.32152557373047
91.91927337646484
88.74539184570312
92.32492065429688
92.06973266601562
90.71573638916016
98.37122344970703
92.15504455566406
91.32376098632812
94.6464614868164
96.32215881347656
89.51298522949219
94.08599090576172
93.11439514160156
97.11026000976562
91.42940521240234
93.42462158203125
87.68988037109375
90.22566223144531
93.04238891601562
