3.962273120880127
3.1375069618225098
1.848634958267212
5.049449920654297
3.5862998962402344
2.6909284591674805
3.163806915283203
4.105166435241699
2.9566051959991455
3.576887369155884
3.5216598510742188
3.3006463050842285
2.552302837371826
0.9652899503707886
3.157273769378662
2.9683926105499268
3.952251434326172
3.823479175567627
2.9122629165649414
1.846898078918457
2.330573081970215
3.370025873184204
3.2584047317504883
3.3332419395446777
2.8838720321655273
3.7981457710266113
1.81138277053833
3.589834690093994
3.597565174102783
2.3459410667419434
1.1006276607513428
4.052661418914795
2.8497238159179688
3.5894174575805664
1.3811429738998413
4.10899019241333
3.430626392364502
4.3069329261779785
4.1187357902526855
3.62306547164917
