0.10827723890542984
0.2043389081954956
0.006147656589746475
0.04298430681228638
0.036833807826042175
0.0601126030087471
0.020433759316802025
0.035091012716293335
0.12404822558164597
0.024106955155730247
0.007393941283226013
0.04850185662508011
0.04366206005215645
0.008073301985859871
0.19996729493141174
0.01797231286764145
0.04731021821498871
0.036755554378032684
0.03266673907637596
0.1957644373178482
0.0236649326980114
0.09969299286603928
0.04619193822145462
0.05421397462487221
0.1734703779220581
0.03873204439878464
0.13766422867774963
0.09700989723205566
0.08317648619413376
0.0038427223917096853
0.026471303775906563
0.022871579974889755
0.24889463186264038
0.06794308871030807
0.06880069524049759
0.06702274084091187
0.05480118840932846
0.03392067551612854
0.050318799912929535
0.04358825460076332
0.31422269344329834
0.01660541072487831
0.14476388692855835
0.35376182198524475
0.00012372217315714806
0.11189568787813187
0.030853427946567535
0.03205636888742447
0.07217161357402802
0.1146894097328186
0.07235097885131836
0.06423080712556839
0.03585793077945709
0.014622082933783531
0.15226352214813232
0.01064385287463665
0.0011231363750994205
0.06742045283317566
0.20360738039016724
0.07017223536968231
0.04168993979692459
0.05482925474643707
0.4141188859939575
0.09703880548477173
0.18706850707530975
0.2481802999973297
0.041524626314640045
0.05369606241583824
0.022695764899253845
0.06418640166521072
0.16519451141357422
0.0035845828242599964
0.08160346001386642
0.04465927183628082
0.019557971507310867
0.010526821948587894
0.0653565526008606
0.30253365635871887
0.05168387293815613
0.0043433113023638725
0.07178783416748047
0.033081911504268646
0.009504692628979683
0.02557477168738842
0.3418540060520172
0.03193937614560127
0.011761459521949291
0.4617226719856262
0.030994290485978127
0.04103709012269974
0.02835620380938053
0.06559355556964874
0.030216125771403313
0.047498468309640884
0.041685134172439575
0.09286743402481079
0.12344910949468613
0.01512177288532257
0.0610550157725811
0.010938647203147411
0.017817657440900803
0.032803140580654144
0.015452757477760315
0.04581160098314285
0.03325323015451431
0.0015127935912460089
0.041485387831926346
0.011676248162984848
0.13919013738632202
0.06825004518032074
0.06968067586421967
0.0026978435926139355
0.058811627328395844
0.09122363477945328
0.010083557106554508
0.013962782919406891
0.10336226224899292
0.06907922774553299
0.22008253633975983
0.05687560513615608
0.0042334250174462795
0.35011038184165955
0.029436975717544556
0.29874181747436523
0.0009680504444986582
0.03155205398797989
0.06759459525346756
0.017424751073122025
0.06839898973703384
0.0995524600148201
0.02567264437675476
0.14809872210025787
0.0029885307885706425
0.07380584627389908
0.029233146458864212
0.03876325488090515
0.07682632654905319
0.1227491945028305
0.019220534712076187
0.004925788380205631
0.04602416604757309
0.055982016026973724
0.31269800662994385
0.127176433801651
0.020575998350977898
0.05005563795566559
0.11485935747623444
0.013129831291735172
0.083272784948349
0.04460277408361435
0.15091124176979065
0.21772408485412598
0.038718823343515396
0.010227201506495476
0.04924288019537926
0.004133637063205242
0.00040373948286287487
0.12139280140399933
0.07368256896734238
0.049117349088191986
0.07121742516756058
0.24470776319503784
0.031071487814188004
0.24632102251052856
0.07317347824573517
0.06890341639518738
0.060681264847517014
0.08376304805278778
0.005569867789745331
0.015796227380633354
0.16918906569480896
0.011602303944528103
0.06428314000368118
0.04939817637205124
0.07742060720920563
0.0838170051574707
0.013000761158764362
0.02902807481586933
0.14469006657600403
0.0053790658712387085
0.01519767101854086
0.044097159057855606
0.05972231924533844
0.05112680792808533
0.023270197212696075
0.10581767559051514
0.02594311721622944
0.4066241979598999
0.1613449603319168
0.13307727873325348
0.09546449780464172
0.03129912167787552
0.015439938753843307
0.013763824477791786
0.04931263625621796
0.1932113617658615
0.04622609168291092
0.12301981449127197
0.07684437930583954
0.6317867040634155
0.24797405302524567
0.007453760132193565
0.05057087913155556
0.0674692839384079
0.05766955390572548
0.11651402711868286
0.10946077108383179
0.05311579629778862
0.1430630385875702
0.004526413045823574
0.020955748856067657
0.2673191428184509
0.07707630097866058
0.03206358477473259
0.1007339358329773
0.01953376829624176
0.028679298236966133
0.12113142013549805
0.21765461564064026
0.12341345101594925
0.08036035299301147
0.21909141540527344
0.1078900694847107
0.029718203470110893
0.05167056620121002
0.005057690665125847
0.058195021003484726
0.04570523649454117
0.02093968167901039
0.0001226462482009083
0.218307226896286
0.011354006826877594
0.126051664352417
0.05703720450401306
0.05500322952866554
0.059425629675388336
0.047379352152347565
0.06747682392597198
0.04093261808156967
0.0756441280245781
0.05225702375173569
0.14112819731235504
0.039180610328912735
0.05234670639038086
0.19590440392494202
0.0013273154618218541
0.0027462139260023832
0.018542340025305748
0.008884578943252563
0.34558016061782837
0.02098582684993744
0.1481970250606537
0.16008493304252625
0.12551672756671906
0.1727759689092636
0.03632549196481705
0.1662542223930359
0.04705268517136574
0.0069376700557768345
0.040869440883398056
0.0011576012475416064
0.25068172812461853
0.056938715279102325
0.0935552567243576
0.4571491777896881
0.06254754215478897
0.03622948005795479
0.15523895621299744
0.0350230373442173
0.012956183403730392
0.07610894739627838
0.002019398147240281
0.11132721602916718
0.042338088154792786
0.012313609942793846
0.015364386141300201
0.032372623682022095
0.018539482727646828
0.05161223188042641
0.2097667157649994
0.03949756920337677
0.03485822677612305
0.33836671710014343
0.14047348499298096
0.054223641753196716
0.018614541739225388
0.12264184653759003
0.10497912019491196
0.00014822915545664728
0.2153368592262268
0.07775242626667023
0.2862261235713959
0.016848759725689888
0.00019017643353436142
0.13607269525527954
0.09774160385131836
0.03481267765164375
0.023100240156054497
0.0641767755150795
0.024270042777061462
0.03394347056746483
0.03280460461974144
0.029465308412909508
0.8076871633529663
0.022269582375884056
0.043643951416015625
0.07769887894392014
0.2046641707420349
0.5435889959335327
0.015875503420829773
0.02570413611829281
0.003793942742049694
0.022514428943395615
0.08817817270755768
0.08093660324811935
0.032760538160800934
0.037664368748664856
0.0682787299156189
0.017332736402750015
0.04783517122268677
0.01088805217295885
0.11216433346271515
0.23133987188339233
0.11299926042556763
0.04056385159492493
0.02737278677523136
0.01618954911828041
0.09840191900730133
0.018320776522159576
0.07602529227733612
0.09321152418851852
0.02126220613718033
0.31878846883773804
0.06945633888244629
0.0517629012465477
0.021259896457195282
0.21041592955589294
0.07385717332363129
0.22679978609085083
0.03213845193386078
0.18399497866630554
0.08002236485481262
0.11266675591468811
0.02307043969631195
0.011103748343884945
0.22141215205192566
0.0036047217436134815
0.11606888473033905
0.028910480439662933
0.09086841344833374
0.2260764092206955
0.17497499287128448
0.458763986825943
0.09966981410980225
0.021626941859722137
0.005639815703034401
0.24743014574050903
0.11061154305934906
0.04237694665789604
0.058089759200811386
0.13538531959056854
0.23623234033584595
0.010120794177055359
0.06050417199730873
0.007624603342264891
0.02717205509543419
0.0003114145656581968
0.022103257477283478
0.06028023734688759
0.20993226766586304
0.051185429096221924
0.11081980168819427
0.03031054511666298
0.04175626114010811
0.07408411800861359
0.01490713655948639
0.022775398567318916
0.0037068400997668505
0.1513722836971283
0.1265513151884079
0.04712110757827759
0.07276219874620438
0.007537905126810074
0.07370512187480927
0.06548984348773956
0.017474738880991936
0.14135250449180603
0.09737210720777512
0.39762720465660095
0.06412887573242188
0.10870389640331268
0.020774945616722107
0.012816619127988815
0.08966140449047089
0.022351356223225594
0.1813449114561081
0.05805833265185356
0.025633201003074646
0.01616501994431019
0.011188562959432602
