3.75730299949646
2.9368181228637695
2.7231550216674805
3.0075843334198
3.067272901535034
3.4432785511016846
2.8013007640838623
3.681015729904175
3.314363956451416
3.4583511352539062
2.731527805328369
3.3546040058135986
3.0021164417266846
3.4117958545684814
4.214134216308594
3.0148448944091797
3.668483018875122
2.8044567108154297
3.5976808071136475
2.708646059036255
3.286691665649414
2.734703302383423
3.0662918090820312
3.0325324535369873
3.9571151733398438
3.490561008453369
3.044910192489624
3.5551068782806396
3.3974556922912598
3.134632110595703
3.902952194213867
3.0766103267669678
3.875692844390869
3.1304502487182617
2.794157028198242
3.7814266681671143
3.6011948585510254
2.8178818225860596
3.3268883228302
2.193115711212158
