0.2160397619009018
0.001031631138175726
0.005085795186460018
0.0008814228349365294
8.18037151475437e-05
0.00036251163692213595
0.003497895784676075
0.046218838542699814
0.005452804267406464
0.007046163082122803
0.0041348980739712715
0.010390638373792171
0.005916908383369446
0.0011580493301153183
0.0002673364069778472
0.003771807998418808
0.0025396510027348995
0.002012052573263645
0.006562730763107538
0.0005188315990380943
0.0022638835944235325
0.005949810612946749
0.0046152882277965546
0.004584182519465685
0.011663757264614105
0.0016760827274993062
0.00050623610150069
0.003330512437969446
0.0029770503751933575
0.0023853695020079613
0.0002581654116511345
0.020752236247062683
0.006178980227559805
0.0022148885764181614
0.010303550399839878
0.09626246988773346
0.017076706513762474
0.004453047178685665
0.003354680724442005
0.005963553674519062
0.0002104590239468962
0.006793667562305927
0.006519632413983345
0.0002748861734289676
0.0038615369703620672
0.01622343249619007
0.0026265927590429783
0.02292073890566826
0.001169346272945404
0.0016712542856112123
0.011334026232361794
0.007062239572405815
0.011056273244321346
0.006317343562841415
0.004770827013999224
0.006119386292994022
0.01619451679289341
0.027944210916757584
0.0007554171606898308
0.002715093782171607
0.0019680168479681015
0.012153788469731808
0.009470922872424126
0.007047614082694054
0.008363701403141022
0.050841622054576874
0.0014842310920357704
0.005937161855399609
0.011447305791079998
0.0033894889056682587
0.003302724100649357
0.0012091079261153936
0.009092748165130615
0.0013450041878968477
0.010380720719695091
0.02268901653587818
0.0012561690527945757
0.028016142547130585
0.00041499879444018006
0.003238905919715762
0.08982738852500916
0.0007842513732612133
0.0006451169610954821
0.0035833269357681274
0.001163170556537807
0.002746804617345333
0.0018598621245473623
0.01535396184772253
0.000918920966796577
0.008846591226756573
0.001840889104641974
0.007608674466609955
0.0033521875739097595
0.008053097873926163
0.0009615989401936531
0.004643486812710762
0.0007403666386380792
0.00278702424839139
0.00010897292668232694
0.012720276601612568
0.0038170211482793093
0.0007877667667344213
0.00015502865426242352
0.006925135850906372
0.0012752165785059333
0.0034746292512863874
0.012626796029508114
0.009078261442482471
0.0004552737809717655
0.0035670038778334856
0.007976429536938667
0.0008183603640645742
9.180969937006012e-05
0.0037159170024096966
0.003966435790061951
4.682401777245104e-05
0.004409953951835632
0.01808321848511696
0.0008218900766223669
0.0008026498835533857
0.09487729519605637
0.0015684061218053102
0.008642612025141716
0.003863697871565819
0.0017043777042999864
0.0011777812615036964
0.005519934929907322
0.004524256102740765
0.002097661141306162
0.0030060044955462217
0.014779295772314072
0.001876184018328786
0.0014173835515975952
0.0010402759071439505
0.010923998430371284
0.02232968993484974
0.013435623608529568
0.0015108648221939802
0.0037316977977752686
0.00474013714119792
8.882165275281295e-05
0.01064873393625021
0.003459844971075654
0.001546838553622365
0.0008665609639137983
0.04477178305387497
0.0014006540877744555
0.004144487902522087
0.008827326819300652
0.0018435539677739143
0.000134976944536902
0.004280134104192257
0.0048034097999334335
0.012057262472808361
0.0014948055613785982
0.006348568946123123
0.0023770693223923445
0.0013434201246127486
0.00523185171186924
0.0022077802568674088
0.011958841234445572
0.0215616375207901
0.003286133287474513
0.006437148433178663
0.0008630604133941233
0.003093410050496459
0.00792222935706377
0.00852988287806511
0.003272089408710599
0.0040542748756706715
0.0008467716397717595
0.003190545830875635
3.597918475861661e-05
0.0054327077232301235
0.08747370541095734
0.0010090721771121025
0.0020487443543970585
0.005568623077124357
0.0014495962532237172
0.0022041774354875088
0.00387040083296597
0.008156881667673588
0.003455930855125189
0.00040346512105315924
0.0005791839212179184
0.009478632360696793
0.00215817685239017
0.007932394742965698
0.0025028004311025143
0.01555578038096428
0.01859326846897602
0.005940048489719629
0.04477742314338684
0.0012609472032636404
0.012174829840660095
0.004584352485835552
0.007508938200771809
0.01216197945177555
0.00011927053128601983
0.001596367685124278
0.024961858987808228
0.013917012140154839
0.0048249876126646996
0.009685377590358257
0.004553943406790495
0.01048862375319004
0.019784370437264442
0.0033984347246587276
0.0015167136443778872
0.006516298744827509
0.0071388958021998405
0.0043108235113322735
0.005713026039302349
0.01794971525669098
0.002068418310955167
0.0042082518339157104
0.0016415927093476057
0.0005793760064989328
0.1331457495689392
0.001986203482374549
0.0016552202869206667
0.010084934532642365
0.007172534242272377
0.009331503883004189
0.015041608363389969
0.001319626346230507
0.017399441450834274
0.0028791986405849457
0.0028307377360761166
0.0044215768575668335
0.005437724757939577
0.00028921623015776277
0.030409518629312515
0.004153808578848839
0.004919225350022316
0.018537892028689384
0.005700552836060524
0.023933906108140945
0.008897650986909866
0.0004999409429728985
0.0013000485487282276
0.0008944855071604252
0.017348118126392365
0.0005482113338075578
0.0997762382030487
0.003159764688462019
0.001668740762397647
0.0023285928182303905
0.0019272490171715617
0.02393564023077488
0.0034477184526622295
0.0021629761904478073
0.00043048441875725985
0.005917047616094351
0.006999428849667311
0.023699063807725906
0.0007078503840602934
0.0006591170676983893
0.0073274183087050915
0.007287477143108845
0.0038266279734671116
0.0019420573953539133
0.003725862829014659
0.0014372813748195767
0.002501601818948984
0.0115426704287529
0.0005966792814433575
0.002585490932688117
0.0007320869481191039
0.0011769195552915335
0.017646867781877518
0.007984571158885956
0.004785553552210331
0.005262849852442741
0.0006938215810805559
0.001838718424551189
0.002617009449750185
0.0068018133752048016
0.0036521698348224163
0.0036920621059834957
0.005836366675794125
0.014547432772815228
0.0072560906410217285
0.0022324102465063334
0.0015030845534056425
0.004403356928378344
0.009368517436087132
0.004069706425070763
0.001199546386487782
0.006254515144973993
0.003280412405729294
0.0384584404528141
0.007317704614251852
0.01122787781059742
0.006414640694856644
0.0033644158393144608
0.004415067844092846
0.004301504231989384
0.004866810515522957
0.005143485032021999
0.0012204835657030344
0.0038768139202147722
0.005726536735892296
0.0017386539839208126
0.0007198164239525795
0.024388443678617477
0.007595084607601166
0.013113506138324738
0.0023851306177675724
0.006303519941866398
0.004289056174457073
0.04389669746160507
0.0002350810100324452
0.0009291321039199829
0.0033822122495621443
0.003616555593907833
0.012174954637885094
0.002282111905515194
0.00416402006521821
0.00011011298192897812
0.0011500016553327441
0.0008721847552806139
0.01354923564940691
0.0008596936240792274
0.0005240221507847309
0.004139059688895941
0.010943027213215828
0.0021458955015987158
0.010363233275711536
0.001420099870301783
0.004522796254605055
0.0018129299860447645
0.004165504593402147
0.006641906686127186
0.005230823531746864
0.00530775124207139
0.006553090177476406
0.004274036269634962
0.0023853937163949013
0.003134632483124733
0.0010352609679102898
0.0011293442221358418
0.00952901504933834
0.02185971289873123
0.012887406162917614
0.004048882517963648
0.0043563987128436565
0.005666503682732582
0.0016517218900844455
0.013431797735393047
0.0067789130844175816
0.00045544138993136585
0.007996763102710247
0.007803222630172968
0.0024171071127057076
0.004573861137032509
0.005194817204028368
0.0022246188018471003
0.006417641416192055
0.023076612502336502
0.010245779529213905
0.005060658324509859
0.004867570009082556
0.005056705325841904
0.0045858933590352535
0.0025452731642872095
0.0004889302654191852
0.07338949292898178
0.0005681220209226012
0.001231331960298121
0.0063071949407458305
0.046643078327178955
0.02697988972067833
0.004376023076474667
0.004915270954370499
0.013295561075210571
0.0019413388799875975
0.007978144101798534
0.0011027281871065497
0.010412350296974182
0.0008989620255306363
0.009659799747169018
0.035210154950618744
0.008834153413772583
0.005113549064844847
0.10580132156610489
0.0032757034059613943
0.0011685544159263372
0.0009685639524832368
0.0049902149476110935
0.0007930888677947223
0.008421719074249268
0.0031074793078005314
0.042281344532966614
0.00042145344195887446
0.00015010572678875178
0.008963601663708687
0.008437988348305225
0.019496973603963852
0.004346164874732494
