0.34042200446128845
0.5052395462989807
0.6330752372741699
0.6958438158035278
0.4294237494468689
0.5588378310203552
0.6623339653015137
0.37539106607437134
0.6655079126358032
0.3990350663661957
0.0053567118011415005
0.8354476690292358
0.1589812934398651
0.3023572862148285
0.8845338225364685
0.9407736659049988
0.010736105963587761
0.9611959457397461
0.591753363609314
0.9830471277236938
0.12868091464042664
0.2977798581123352
0.4061375558376312
0.7617855072021484
0.7658060789108276
1.3984869718551636
1.2803040742874146
0.5502304434776306
0.8085141181945801
0.45141053199768066
0.6562743186950684
0.10148529708385468
0.9770146608352661
0.9430550932884216
0.5622944831848145
2.5800580978393555
1.0068882703781128
0.4684828519821167
0.3611406087875366
2.1430583000183105
0.568169355392456
0.15685752034187317
0.01954750344157219
0.3570180833339691
0.14002439379692078
0.9338059425354004
0.4910573959350586
0.5906690359115601
0.21606650948524475
1.09220290184021
0.05267723649740219
0.8438724875450134
1.5044779777526855
1.2192836999893188
1.6382510662078857
0.6496449708938599
0.96434086561203
0.9586715698242188
0.02049168199300766
2.132533550262451
0.12718982994556427
1.0234136581420898
0.5760772228240967
1.7111239433288574
0.8462390899658203
2.485386610031128
1.8966268301010132
1.7112635374069214
1.6267976760864258
0.21413317322731018
0.44482383131980896
0.2643011212348938
0.3061372935771942
0.044276606291532516
0.20231744647026062
0.2194148600101471
0.06237240135669708
1.1869884729385376
1.3662594556808472
0.5419941544532776
0.8607258200645447
1.147587776184082
0.6309658885002136
0.9835091829299927
0.19244202971458435
0.8070946931838989
0.5978602170944214
0.7999415397644043
2.5977115631103516
0.618206262588501
0.503618597984314
1.6886539459228516
0.11598078906536102
0.9754446744918823
0.7199544906616211
0.39250919222831726
0.5913504362106323
0.5033606886863708
0.9052577018737793
0.754906177520752
