3.9547691345214844
3.0388307571411133
1.9781670570373535
5.3663201332092285
3.4010164737701416
3.1691954135894775
3.1842551231384277
4.189701557159424
3.0215957164764404
3.7380895614624023
3.6330490112304688
3.2973809242248535
2.717113733291626
0.9133139848709106
3.170715808868408
3.032433032989502
4.105546951293945
3.8444135189056396
3.244473934173584
1.7939305305480957
2.606992244720459
3.4245762825012207
3.2943243980407715
3.5392353534698486
3.116093873977661
3.868953227996826
1.8971188068389893
3.7964797019958496
3.6204569339752197
2.1423211097717285
1.1218935251235962
4.106069564819336
2.9461896419525146
3.5025291442871094
1.597230315208435
4.349055290222168
3.523247718811035
4.367382049560547
4.071522235870361
3.6080596446990967
