4.303420066833496
3.41802978515625
3.3649139404296875
3.5413613319396973
3.660808563232422
3.869919538497925
3.0730178356170654
4.2141265869140625
3.801708698272705
3.8719136714935303
3.069319486618042
3.9076573848724365
3.7410709857940674
4.004657745361328
4.776884078979492
3.4632480144500732
4.17025899887085
3.3414883613586426
4.1564483642578125
3.1908695697784424
3.7873008251190186
3.1906909942626953
3.519474506378174
3.6101925373077393
4.694612503051758
3.8277416229248047
3.718341827392578
3.9811673164367676
3.84283447265625
3.590076208114624
4.55116081237793
3.65051531791687
4.440958499908447
3.623844861984253
3.2352473735809326
4.249923229217529
4.056827068328857
3.281219482421875
3.9937641620635986
2.662367343902588
