3.529207229614258
2.823744297027588
1.841383934020996
3.3531136512756348
2.6018354892730713
3.071690082550049
2.0215682983398438
3.1557228565216064
2.8642239570617676
3.292201280593872
2.630216598510742
2.690659999847412
1.850295066833496
1.138425588607788
3.1270573139190674
3.190023422241211
3.3569390773773193
3.9938712120056152
2.027121067047119
0.8220573663711548
1.4423489570617676
2.932870626449585
2.368992805480957
3.149533748626709
2.4922890663146973
3.308084011077881
1.7118757963180542
3.686030864715576
3.3108532428741455
1.9999006986618042
1.0325169563293457
2.5473856925964355
2.8413591384887695
3.234220266342163
1.3971829414367676
2.802069664001465
3.0715017318725586
2.615555763244629
2.7024736404418945
3.1851959228515625
