5.233726501464844
3.743931770324707
1.5463789701461792
6.231246471405029
4.826272010803223
4.425677299499512
4.046752452850342
4.481316566467285
3.6925792694091797
4.208717346191406
4.1151862144470215
4.378752708435059
4.51359748840332
2.99039626121521
3.917389154434204
3.8107242584228516
6.94870662689209
4.881377220153809
3.700209856033325
2.318086624145508
3.5983526706695557
3.4863429069519043
3.994441032409668
4.520083427429199
3.188715696334839
4.458346366882324
2.7808265686035156
4.792474746704102
5.1029253005981445
3.5458998680114746
3.8604276180267334
4.397753715515137
3.339226245880127
3.935267448425293
1.8684272766113281
5.059172630310059
3.918205738067627
4.626826286315918
4.074938774108887
4.094482898712158
