5.031826972961426
3.3861727714538574
4.802124977111816
3.674182891845703
2.5709404945373535
3.6452996730804443
2.258878231048584
3.4343180656433105
4.116338729858398
1.4914549589157104
3.715433120727539
3.492403984069824
3.0561914443969727
2.5996785163879395
3.297696590423584
4.484317779541016
2.352245330810547
3.3460476398468018
2.210505962371826
3.9048802852630615
4.286637306213379
3.7805516719818115
0.9861161708831787
2.170759677886963
1.6641671657562256
1.6595500707626343
2.961794137954712
3.578219413757324
3.333220958709717
0.9687082767486572
3.676703453063965
3.065509080886841
2.8478946685791016
2.906858444213867
3.6871347427368164
2.7316088676452637
3.2780072689056396
2.658710479736328
2.4455947875976562
1.8443036079406738
2.771594524383545
2.5632925033569336
3.5703611373901367
3.902468681335449
1.7581552267074585
3.6347994804382324
2.7340481281280518
4.230745315551758
3.0199058055877686
1.9810118675231934
3.5960333347320557
3.758105516433716
2.2574362754821777
3.2963666915893555
3.6234331130981445
3.1707839965820312
3.302908182144165
86.0775375366211
2.331756591796875
2.2696938514709473
2.9224607944488525
2.8939566612243652
3.8186612129211426
2.9329798221588135
2.171142339706421
4.6575703620910645
1.6654213666915894
1.9917844533920288
2.8402762413024902
1.4504224061965942
3.885991334915161
0.997625470161438
4.687236785888672
2.9431824684143066
2.306766986846924
4.046963691711426
2.3609719276428223
3.309680461883545
4.425933837890625
2.885190486907959
3.414314031600952
2.1249868869781494
4.276933670043945
2.7903761863708496
2.4927539825439453
1.087660312652588
3.546482801437378
2.900155544281006
1.418534755706787
1.6107144355773926
3.267127513885498
3.546644449234009
3.25350284576416
3.4312257766723633
2.570905923843384
3.8474068641662598
1.8908637762069702
3.572303533554077
1.528588056564331
3.5222644805908203
4.524961471557617
1.1109733581542969
3.150947332382202
2.6655099391937256
2.5637779235839844
2.4311375617980957
3.2513370513916016
3.2813515663146973
5.916341304779053
2.265629768371582
3.874629020690918
2.0793585777282715
1.3925873041152954
3.580873966217041
3.057924270629883
3.8984830379486084
3.110924243927002
2.092522144317627
2.9986603260040283
2.161687135696411
2.1411516666412354
2.330371379852295
4.237236499786377
2.466716766357422
2.3055176734924316
3.059565782546997
3.5200281143188477
2.5708489418029785
3.294659376144409
1.9430320262908936
2.252894639968872
3.453404188156128
3.9561681747436523
1.1896498203277588
3.171722173690796
3.7844090461730957
2.669339179992676
4.02357292175293
4.497846603393555
3.5941386222839355
2.753594160079956
3.8522462844848633
0.8254525065422058
3.171541690826416
1.8046278953552246
2.2163376808166504
2.4418976306915283
2.879791021347046
2.6633288860321045
2.591007709503174
0.8906629681587219
2.8609209060668945
1.7943880558013916
3.5525879859924316
1.1120238304138184
3.4080777168273926
1.7607368230819702
3.808129072189331
4.611149311065674
3.345155715942383
2.6622252464294434
1.2896738052368164
3.073671817779541
2.323366165161133
1.755410075187683
2.5227413177490234
4.239890098571777
4.0868120193481445
3.511704444885254
1.7253080606460571
2.4418139457702637
2.0424907207489014
3.6314804553985596
3.45068359375
2.5998337268829346
2.5258493423461914
2.2522175312042236
3.5039305686950684
4.347036361694336
4.730870723724365
1.8851323127746582
1.077413558959961
3.011657238006592
3.161651611328125
2.661362409591675
2.373558282852173
2.8278701305389404
3.430370330810547
2.306990146636963
4.328876495361328
3.6863558292388916
2.646023988723755
4.418506622314453
2.488619804382324
1.991548776626587
3.8085174560546875
3.4563422203063965
3.0593080520629883
1.0050989389419556
4.5375871658325195
2.4176418781280518
3.1988420486450195
3.4136409759521484
1.375683307647705
2.9365618228912354
3.911302089691162
3.5530214309692383
2.6963629722595215
4.240232944488525
1.945619821548462
2.4755005836486816
3.9213223457336426
3.0643367767333984
3.4773831367492676
2.5441360473632812
2.861863851547241
3.6743240356445312
2.9323999881744385
2.8787832260131836
2.4819600582122803
3.5891361236572266
3.5013513565063477
3.469233512878418
3.434915065765381
2.0782206058502197
3.329378366470337
3.3939943313598633
1.7728525400161743
4.153103828430176
3.7015328407287598
2.1518900394439697
0.9527669548988342
3.55116605758667
3.238842248916626
3.9826622009277344
2.480835437774658
3.7335829734802246
2.921638011932373
1.6115920543670654
3.5020289421081543
2.2967329025268555
3.658855438232422
3.045067071914673
0.9062453508377075
1.612607479095459
2.729998826980591
3.707559585571289
3.3323497772216797
3.6647517681121826
2.4378013610839844
2.3407318592071533
2.236976146697998
1.8299660682678223
0.8592194318771362
2.452152729034424
0.8923640251159668
2.259765148162842
1.9387378692626953
2.6610913276672363
3.5542149543762207
3.527036190032959
1.5523213148117065
1.8014334440231323
2.062002182006836
1.9693115949630737
2.0086841583251953
2.9308152198791504
3.4499573707580566
3.365229606628418
1.7293205261230469
2.110024929046631
2.6979780197143555
3.498373031616211
3.6699585914611816
1.0491737127304077
3.591923713684082
2.716603994369507
2.9948182106018066
2.928999900817871
2.870281219482422
4.140825271606445
3.7523343563079834
2.451050281524658
2.373340368270874
3.468472480773926
3.597538709640503
3.220503807067871
2.140125274658203
3.5341062545776367
1.803317904472351
3.783905029296875
3.03817081451416
2.387617349624634
3.415114402770996
2.3587589263916016
3.0018301010131836
1.4187250137329102
2.5409109592437744
3.316699504852295
3.706386089324951
3.7534847259521484
2.0116934776306152
1.2656872272491455
2.020561456680298
2.150362014770508
1.5081349611282349
3.435546875
2.2341861724853516
2.7700233459472656
3.395676612854004
4.735430717468262
2.994905948638916
2.4844157695770264
1.3935470581054688
3.7174124717712402
3.0576999187469482
3.1105175018310547
3.915816307067871
2.573184013366699
4.023365020751953
1.679770827293396
3.168768882751465
1.9709677696228027
2.9649806022644043
4.255295753479004
3.901076555252075
3.5360589027404785
3.661731719970703
4.744606018066406
3.77311110496521
3.982314109802246
3.0167019367218018
4.429358959197998
3.745783805847168
3.4135313034057617
2.731532096862793
2.7865912914276123
3.543926239013672
3.867316722869873
2.904135227203369
1.6099406480789185
3.837498664855957
3.1944282054901123
2.3104946613311768
4.1379289627075195
1.9380955696105957
3.6447806358337402
2.475698947906494
2.744019031524658
3.9050707817077637
3.3190736770629883
3.8764708042144775
2.7194647789001465
1.8519612550735474
2.472905397415161
2.418574810028076
5.345727443695068
3.529818534851074
4.16691780090332
3.0746994018554688
1.8947534561157227
218.64096069335938
3.6904773712158203
2.462146282196045
3.541396141052246
1.9977054595947266
2.522125482559204
3.3829407691955566
1.2339438199996948
3.9419422149658203
3.240074634552002
2.5927231311798096
2.7915353775024414
2.9063539505004883
2.0363821983337402
2.7228586673736572
3.2843527793884277
3.0699639320373535
4.757287979125977
4.490284442901611
2.685912847518921
3.4751052856445312
1.5298370122909546
3.6172757148742676
2.0771572589874268
3.075662612915039
3.3526434898376465
3.4624252319335938
1.992550253868103
3.146242141723633
2.5914227962493896
3.8511805534362793
2.695218086242676
3.137599468231201
3.748823881149292
3.7395243644714355
2.5819590091705322
3.75171160697937
2.3906872272491455
4.00330924987793
