0.009607716463506222
0.08456446975469589
0.36970746517181396
0.8883750438690186
0.8784917593002319
0.29955166578292847
0.0007690105121582747
1.667768955230713
0.0016790721565485
0.5363224744796753
1.3086497783660889
0.0
0.7516233325004578
1.1362321376800537
1.9347528219223022
1.4695595502853394
0.0
0.0
0.7008664608001709
0.6004914045333862
3.0672290325164795
0.08221051096916199
0.8563999533653259
0.020835857838392258
0.0
0.01297935750335455
0.003791104769334197
0.0
0.8503135442733765
2.427804946899414
0.9144782423973083
1.6785073280334473
0.13614250719547272
0.6667563319206238
0.04700583219528198
1.6287648677825928
0.0004444350488483906
0.0006028048228472471
0.6598961353302002
0.5577415227890015
1.484959363937378
0.9607712030410767
0.15259473025798798
1.9691276550292969
0.09911151230335236
0.0
1.6780576705932617
0.01466541737318039
2.1912007331848145
0.7705116271972656
2.9568228721618652
1.0128586292266846
0.2662777900695801
0.7069133520126343
0.25882941484451294
0.012265360914170742
0.3779226541519165
0.00040099426405504346
0.003099684137851
0.0010520325740799308
1.1483964920043945
0.0
0.15997357666492462
0.0
5.928146856604144e-05
2.015702486038208
0.2146865576505661
1.2820043563842773
0.08734172582626343
1.2814335823059082
0.1009175181388855
0.24505101144313812
2.968158483505249
0.0013337855925783515
0.6259454488754272
1.625566005706787
0.7436012029647827
0.25404781103134155
0.9549418687820435
0.01563122868537903
3.223269462585449
0.0007453954312950373
0.09299203753471375
1.2710330486297607
1.9934438467025757
0.1619255691766739
3.437692165374756
0.08287312090396881
0.3418728709220886
1.7609370946884155
1.0219324827194214
0.0
2.508221387863159
0.020005349069833755
0.0
2.3912341594696045
0.0261818990111351
1.9388298988342285
1.014012336730957
0.032337117940187454
2.573058605194092
2.9501724243164062
0.7762820720672607
1.7088003158569336
0.09279370307922363
0.8200719356536865
0.5296988487243652
0.16498740017414093
2.8972716331481934
0.25988486409187317
1.980125904083252
0.06018420681357384
0.0005933796055614948
0.28327706456184387
0.0010056295432150364
1.659191608428955
0.0
