3.8864200115203857
4.186865329742432
3.7040233612060547
3.6331124305725098
3.4278976917266846
3.896937608718872
3.275578260421753
2.679643392562866
4.636134624481201
4.034663677215576
3.831554889678955
4.223037242889404
3.6439208984375
3.968376636505127
4.000991344451904
3.4164180755615234
4.4881134033203125
3.2068684101104736
4.040505409240723
3.216421127319336
4.601527690887451
4.115943908691406
3.582390546798706
3.3214855194091797
3.5573437213897705
4.483937740325928
3.981031894683838
4.199151515960693
3.77130126953125
4.638017177581787
3.8718292713165283
3.3785805702209473
3.736473798751831
4.1639580726623535
4.224209308624268
4.39046573638916
3.7116527557373047
4.130842685699463
3.5081028938293457
3.5985772609710693
4.133327007293701
3.6634483337402344
3.5233333110809326
3.6234192848205566
4.163058757781982
4.232307434082031
3.605844259262085
3.930154800415039
3.486143112182617
4.017466068267822
3.5002517700195312
3.9782562255859375
4.363293647766113
3.4984188079833984
3.804553747177124
3.576662540435791
3.8546395301818848
3.4759488105773926
4.008777618408203
4.223596096038818
3.434973955154419
4.111146450042725
3.2274587154388428
4.025326728820801
2.604830503463745
4.198369026184082
3.6939640045166016
3.7525384426116943
3.9129388332366943
3.072582960128784
3.414130926132202
4.43553352355957
3.216026782989502
2.942883014678955
4.112771987915039
3.035975694656372
4.31673526763916
3.71012806892395
3.613068103790283
3.126645565032959
4.16597318649292
3.6417248249053955
3.672468662261963
3.5233452320098877
4.090550422668457
3.7288055419921875
4.110009670257568
3.9911530017852783
3.6621551513671875
3.7982048988342285
3.4261486530303955
4.407238006591797
3.541666030883789
4.284861087799072
3.4443318843841553
4.4393510818481445
4.380342960357666
3.8582096099853516
3.305983066558838
3.6659653186798096
3.642578601837158
4.202737808227539
3.2917282581329346
3.9106903076171875
3.743091344833374
3.833597183227539
3.2202394008636475
3.4451904296875
4.035512447357178
4.240950107574463
3.8356080055236816
4.215052127838135
3.604862928390503
4.134315013885498
3.4755260944366455
3.849733352661133
3.5954551696777344
4.119229793548584
4.132633209228516
4.118551254272461
3.525588274002075
3.2544467449188232
3.8981289863586426
4.4054179191589355
3.7978551387786865
3.8046844005584717
3.4772777557373047
4.234341144561768
3.4634079933166504
3.4312617778778076
4.345422267913818
4.106822490692139
4.029916763305664
4.299546718597412
3.921781539916992
3.4738194942474365
3.5322253704071045
3.3281021118164062
3.9626998901367188
4.005274295806885
3.853201389312744
3.4490811824798584
4.397024631500244
4.144134998321533
4.185980319976807
3.5756192207336426
3.477459669113159
4.0684428215026855
4.235318183898926
3.430968999862671
3.5868210792541504
4.082931041717529
3.4635491371154785
3.2616612911224365
3.5894486904144287
3.3204140663146973
3.761378049850464
3.1709818840026855
2.9746499061584473
4.059009075164795
3.2061679363250732
3.673748731613159
3.7766335010528564
3.7694852352142334
4.332221508026123
3.250608205795288
4.019768238067627
3.6919968128204346
3.5529937744140625
4.056241035461426
3.8910317420959473
3.844332218170166
4.322337627410889
3.591602325439453
3.9889309406280518
4.10304069519043
4.371397972106934
2.875621795654297
3.575199842453003
3.3847687244415283
3.690199375152588
4.045312881469727
3.474017381668091
3.792036771774292
4.123929500579834
4.170348167419434
4.521876811981201
3.5999019145965576
4.263564586639404
3.9305131435394287
4.114080429077148
4.115907669067383
3.946585178375244
4.008948802947998
3.3095920085906982
4.586475849151611
4.7945990562438965
3.343165636062622
4.195438861846924
3.546213150024414
4.138529300689697
3.578458070755005
3.539419174194336
4.327291011810303
4.417209625244141
3.9807662963867188
4.282456874847412
3.1587250232696533
4.20217227935791
4.196329593658447
4.249261379241943
4.212134838104248
3.7729556560516357
3.701184034347534
4.057092189788818
3.906862735748291
3.902360200881958
4.407077312469482
4.641240119934082
3.6785476207733154
4.591090202331543
3.7959725856781006
4.0150885581970215
3.695749044418335
4.089370250701904
3.713329792022705
4.242865085601807
4.135690212249756
3.9943318367004395
3.7640247344970703
3.9830970764160156
3.9688568115234375
4.128151893615723
3.134834051132202
4.015758991241455
3.4791951179504395
3.343820571899414
4.0667829513549805
3.9723880290985107
3.5733563899993896
4.074950218200684
3.910479784011841
4.312593936920166
4.940439224243164
3.7753922939300537
4.22008752822876
4.621776103973389
3.874626874923706
3.576953887939453
3.3009393215179443
3.489496946334839
4.029156684875488
4.549724102020264
4.163110256195068
4.109054088592529
3.648879289627075
3.3964545726776123
3.5833566188812256
3.592064619064331
3.7382590770721436
4.243399143218994
3.5323426723480225
4.439829349517822
3.6655704975128174
3.8119728565216064
3.814514636993408
3.51753306388855
3.5919125080108643
3.4032859802246094
3.706866502761841
3.6998558044433594
3.873228073120117
3.633922576904297
3.4846303462982178
4.220653057098389
4.176682949066162
3.8967933654785156
3.880596876144409
3.2685813903808594
3.2923970222473145
4.191126346588135
4.2171759605407715
3.835639715194702
4.6862664222717285
3.9579198360443115
2.6988885402679443
4.531083583831787
4.028591156005859
3.400763750076294
4.146986961364746
3.464608907699585
3.4819633960723877
2.617233991622925
3.4515323638916016
3.40215802192688
4.212731838226318
3.9862732887268066
3.1883583068847656
3.589085340499878
3.857372999191284
3.6467061042785645
3.510571241378784
3.3415112495422363
3.651998996734619
4.021766662597656
3.1282010078430176
3.3904576301574707
4.33362340927124
4.762734889984131
3.8993752002716064
3.9706871509552
3.7580208778381348
3.9366440773010254
4.279186248779297
4.236555099487305
4.35479211807251
3.6635231971740723
3.5802619457244873
3.5831782817840576
4.153749942779541
4.180272579193115
4.451708793640137
3.556320905685425
3.091111660003662
3.792835235595703
3.7658028602600098
3.5609090328216553
3.7554757595062256
3.725066900253296
3.736645221710205
3.869340181350708
3.8447792530059814
3.952679395675659
3.738041639328003
3.9695756435394287
4.029683589935303
3.6971805095672607
4.350833415985107
3.713331937789917
3.416188955307007
3.823493242263794
3.243633985519409
4.09238862991333
3.926069974899292
3.3521244525909424
3.9712471961975098
3.952457904815674
4.054156303405762
3.8142666816711426
3.445389986038208
4.0785064697265625
3.5568008422851562
3.842733144760132
4.042476654052734
3.7160065174102783
4.451308250427246
4.122841835021973
3.5433273315429688
3.302389621734619
4.0297698974609375
3.5279433727264404
4.419554233551025
4.241662502288818
4.297646999359131
3.6080543994903564
4.035569667816162
3.805248975753784
3.7398412227630615
3.483353853225708
4.35988712310791
3.8507347106933594
4.393589973449707
3.8713538646698
3.8836941719055176
3.427340269088745
3.721956253051758
4.045382976531982
4.318961143493652
3.8616936206817627
3.5494649410247803
3.761331558227539
4.201326847076416
4.022002696990967
3.7030606269836426
4.034582614898682
3.6475346088409424
3.7795815467834473
4.6688456535339355
3.797506093978882
3.2221791744232178
4.0053391456604
4.051487922668457
3.5689358711242676
3.3716838359832764
4.312832355499268
4.668433666229248
3.419567584991455
3.115908622741699
3.764439344406128
3.1928319931030273
