3.6517505645751953
2.74767804145813
1.8323169946670532
3.3863260746002197
2.8542399406433105
3.186768054962158
2.0381174087524414
3.0399422645568848
2.7001476287841797
3.17281174659729
2.5352683067321777
2.482257127761841
1.7957020998001099
1.170763373374939
3.36745285987854
3.1831436157226562
3.281975030899048
3.950923442840576
2.0084574222564697
0.8076890110969543
1.4945822954177856
2.951773166656494
2.426866292953491
2.911698579788208
2.4196252822875977
3.4140002727508545
1.8934425115585327
3.5669493675231934
3.2637839317321777
2.0177197456359863
1.0489189624786377
2.3077597618103027
2.6045422554016113
3.190027952194214
1.5716893672943115
3.1234383583068848
2.6841471195220947
2.9211978912353516
2.784391403198242
3.2325496673583984
