60.40892028808594
93.94952392578125
58.98358154296875
58.77743148803711
78.72451782226562
108.64913177490234
61.18621063232422
131.87619018554688
103.19325256347656
0.0
93.34953308105469
79.59098815917969
64.08010864257812
98.83814239501953
116.80084228515625
60.57608413696289
85.90425109863281
61.42312240600586
84.4617919921875
96.35060119628906
82.6163330078125
100.84224700927734
85.31376647949219
0.0
104.35124206542969
123.68486785888672
92.62754821777344
107.7035140991211
90.0169677734375
129.66282653808594
66.5380630493164
120.48236846923828
108.93331146240234
67.7403335571289
85.47412109375
63.04570770263672
59.56431579589844
112.39299774169922
127.16780090332031
79.58682250976562
63.5402717590332
81.24757385253906
61.72689437866211
70.64088439941406
60.454383850097656
109.8648452758789
60.60613250732422
63.365509033203125
87.40218353271484
86.586669921875
77.9267807006836
126.58057403564453
120.33963012695312
60.63192367553711
103.335205078125
73.77166748046875
130.50006103515625
64.69185638427734
129.41102600097656
85.95631408691406
137.07733154296875
66.99579620361328
62.93865966796875
92.10699462890625
101.354736328125
108.27568817138672
0.0
65.0748291015625
0.0
108.98380279541016
97.71881103515625
66.46340942382812
110.99529266357422
95.80422973632812
108.59529113769531
89.35965728759766
63.00338363647461
108.51982879638672
124.0285873413086
108.9615707397461
61.99550247192383
126.46138000488281
63.32799530029297
111.53472900390625
79.63639831542969
82.9924545288086
90.04481506347656
61.62582778930664
103.66903686523438
105.85763549804688
109.73515319824219
94.96672058105469
101.57850646972656
106.48504638671875
84.34330749511719
122.59330749511719
129.92337036132812
80.53262329101562
87.18850708007812
64.36405181884766
