86.63350677490234
93.22103881835938
96.02497863769531
89.95439910888672
92.01502990722656
91.29203796386719
91.93898010253906
90.55821228027344
93.69557189941406
91.53209686279297
90.50764465332031
91.49411010742188
97.06243896484375
89.27520751953125
90.39166259765625
89.24412536621094
89.49345397949219
91.60894012451172
93.61517333984375
96.80766296386719
91.56147766113281
92.28526306152344
88.28541564941406
91.97455596923828
91.7149887084961
90.18123626708984
98.32658386230469
92.46148681640625
91.64642333984375
93.23171997070312
95.61199951171875
90.17776489257812
93.98779296875
93.53060150146484
96.13302612304688
91.20162200927734
92.24781036376953
87.96798706054688
89.77391052246094
92.35513305664062
