5.186708927154541
3.809034824371338
1.2474455833435059
5.761097431182861
4.858672142028809
4.447098731994629
4.274510383605957
4.334851264953613
3.5850234031677246
4.509915351867676
4.285930633544922
4.214199066162109
3.778075695037842
4.397337913513184
3.9973514080047607
3.5515520572662354
6.734491348266602
4.833165168762207
3.9968678951263428
1.6440355777740479
3.554722785949707
3.6360740661621094
4.001608371734619
4.859960556030273
3.0043318271636963
4.186981201171875
1.0413713455200195
4.361553192138672
4.703332424163818
3.905315637588501
3.692737579345703
4.21036958694458
3.728142499923706
4.267916679382324
2.0553250312805176
4.439827919006348
5.383944034576416
4.878470420837402
4.394232749938965
4.482135772705078
