0.0
0.0
45.37112045288086
56.15460968017578
0.0
51.634239196777344
0.0
62.76640319824219
0.0
42.713951110839844
54.121456146240234
0.0
0.0
0.0
47.2218017578125
50.62869644165039
0.0
55.420623779296875
45.08617401123047
46.95451354980469
0.0
0.0
0.0
0.0
47.873817443847656
38.27399826049805
54.125221252441406
40.5556640625
0.0
39.47645950317383
38.62302780151367
0.0
0.0
0.0
64.2509536743164
64.66268920898438
0.0
0.0
0.0
0.0
77.71978759765625
61.39167785644531
0.0
45.79707717895508
44.718955993652344
49.92496109008789
46.77598190307617
48.97381591796875
0.0
0.0
69.19609069824219
0.0
63.10024642944336
0.0
61.951393127441406
50.81096649169922
0.0
0.0
45.85893249511719
55.5656623840332
36.02510452270508
56.329063415527344
50.102569580078125
0.0
66.81964874267578
0.0
0.0
72.267822265625
0.0
49.34062957763672
61.910614013671875
64.2110366821289
0.0
77.53234100341797
0.0
56.79460144042969
0.0
0.0
38.6121711730957
0.0
52.71474075317383
54.04540252685547
59.15142059326172
71.03998565673828
0.0
0.0
44.3410758972168
0.0
0.0
64.08290100097656
0.0
0.0
0.0
58.97166061401367
45.236629486083984
67.34773254394531
0.0
0.0
66.85841369628906
0.0
0.0
0.0
0.0
0.0
58.212425231933594
0.0
0.0
0.0
0.0
40.62990951538086
59.71913528442383
0.0
52.6059684753418
0.0
0.0
0.0
60.58387756347656
