92.95881652832031
93.4163589477539
91.87739562988281
89.67455291748047
87.0746078491211
91.5435562133789
92.34271240234375
90.68852233886719
91.77485656738281
91.20654296875
90.66097259521484
91.28614807128906
89.37718963623047
93.05464935302734
92.96167755126953
89.5330581665039
91.16646575927734
91.71920013427734
92.20421600341797
90.39776611328125
90.61506652832031
93.01453399658203
89.7694320678711
89.83917999267578
92.15050506591797
91.46819305419922
91.79979705810547
91.29405975341797
90.44991302490234
90.79907989501953
89.7679672241211
92.64263916015625
89.82315826416016
89.21904754638672
91.06583404541016
88.55669403076172
91.22655487060547
89.19396209716797
92.72423553466797
91.29019165039062
