2.841646432876587
2.4239120483398438
2.913501739501953
3.8478200435638428
3.2072951793670654
3.3250412940979004
3.0990793704986572
3.2476699352264404
3.1339681148529053
3.4273478984832764
3.0443005561828613
3.6266655921936035
3.9890854358673096
2.947413921356201
3.137664794921875
2.86930251121521
3.5628414154052734
2.9186737537384033
3.072913885116577
3.4010751247406006
3.0972259044647217
2.7675833702087402
3.466505765914917
4.0818281173706055
3.344528913497925
3.126481771469116
3.1515443325042725
3.1911630630493164
3.5012454986572266
2.669771194458008
4.176851749420166
2.8305814266204834
3.582740545272827
3.016897678375244
3.4486324787139893
3.330090284347534
3.4963772296905518
3.522042989730835
3.0376994609832764
3.4057488441467285
