3.3731117248535156
2.474982500076294
1.0944918394088745
3.1716713905334473
2.933995246887207
2.7940471172332764
2.285757064819336
3.0332748889923096
2.755183696746826
3.130084991455078
2.5283284187316895
2.446770668029785
2.1658802032470703
1.886830449104309
2.9385552406311035
2.410856008529663
2.8303136825561523
3.214668035507202
2.19161319732666
1.1920909881591797
1.972175121307373
3.0270676612854004
2.687551975250244
2.529179811477661
2.4474611282348633
3.797891616821289
1.4487254619598389
3.670459747314453
2.7164292335510254
2.126938819885254
1.1226507425308228
2.637946128845215
2.764488697052002
3.0222978591918945
1.7803274393081665
3.2291061878204346
2.377089262008667
3.2753822803497314
2.884829044342041
3.147747039794922
