62.07452392578125
62.656028747558594
59.134918212890625
65.87618255615234
62.32544708251953
32.45341110229492
34.29045104980469
57.13683319091797
51.96392822265625
32.10488510131836
52.90269088745117
61.23891830444336
62.12744903564453
54.1466178894043
64.79801940917969
70.91768646240234
63.26251983642578
53.6512565612793
42.44215393066406
62.52981185913086
62.085838317871094
54.082481384277344
60.489051818847656
61.27061080932617
56.23496627807617
63.05900573730469
68.027099609375
59.050453186035156
57.44840621948242
59.6639404296875
53.628326416015625
64.83383178710938
60.00322723388672
56.81686019897461
43.748687744140625
57.287288665771484
66.5308837890625
54.93374252319336
49.76781463623047
63.684654235839844
31.27364730834961
66.29827117919922
60.761016845703125
52.25501251220703
67.9585952758789
62.3636474609375
39.499996185302734
68.8930892944336
57.91926193237305
55.521568298339844
56.757259368896484
55.92235565185547
63.32661056518555
50.64158248901367
59.4056510925293
64.6820297241211
65.24923706054688
68.38577270507812
42.57323455810547
65.38885498046875
37.486934661865234
62.06960678100586
47.90359115600586
57.06724166870117
57.30302047729492
54.26386642456055
69.36962127685547
50.677085876464844
44.225677490234375
56.739471435546875
67.35209655761719
58.66549301147461
48.70568084716797
49.4699821472168
60.3349723815918
52.6961784362793
62.31993103027344
52.48427963256836
56.99149703979492
61.35313415527344
61.477935791015625
70.58531188964844
58.19497299194336
64.32722473144531
54.90972137451172
54.21144104003906
64.3860092163086
53.071285247802734
68.56365966796875
69.07781219482422
54.09840393066406
58.903846740722656
58.389404296875
37.38539505004883
68.76526641845703
52.68811798095703
56.78739547729492
66.22691345214844
55.27976989746094
63.28629684448242
