4.160528659820557
3.1498641967773438
4.302850723266602
5.206373691558838
5.050084590911865
4.484858989715576
4.8497490882873535
4.371853351593018
3.801769971847534
4.712087631225586
4.582209587097168
4.93074893951416
4.950322151184082
4.183170795440674
4.017158031463623
3.584641218185425
4.698227405548096
4.200008392333984
4.4355387687683105
4.955188751220703
4.19763708114624
4.021431922912598
4.596438407897949
5.458909511566162
4.313117980957031
4.045664310455322
4.645328521728516
4.3973283767700195
4.50635290145874
3.796154737472534
5.852836608886719
3.962764024734497
4.882810115814209
4.420536041259766
4.594557285308838
4.597683429718018
4.681829452514648
4.567170143127441
4.092128753662109
5.41288423538208
