3.5462639331817627
2.717125654220581
3.8093135356903076
4.618555068969727
4.30339241027832
3.9982001781463623
4.112185955047607
3.9023563861846924
3.3064918518066406
4.220703125
4.037426948547363
4.476537227630615
4.3969902992248535
3.6558215618133545
3.4713516235351562
3.3097407817840576
4.288641929626465
3.6773815155029297
3.809006929397583
4.352822303771973
3.6994380950927734
3.440537691116333
4.1476216316223145
4.988200664520264
3.7326114177703857
3.600170612335205
4.056674003601074
3.7923526763916016
4.148627281188965
3.279207706451416
5.2719011306762695
3.562241315841675
4.274688720703125
3.9714691638946533
4.0628204345703125
4.175890922546387
4.3495635986328125
4.150369167327881
3.63004469871521
4.885465145111084
