4.123152732849121
3.432681083679199
1.9706931114196777
5.15385103225708
3.723543405532837
3.0509824752807617
3.258411407470703
4.297088146209717
3.178229331970215
3.7323570251464844
3.619631767272949
3.4589951038360596
2.949237108230591
1.0194542407989502
3.295077085494995
3.223951816558838
4.367408752441406
3.9518933296203613
3.0462212562561035
2.117105484008789
2.7056984901428223
3.6736574172973633
3.1655373573303223
3.4993817806243896
3.074491500854492
4.074585914611816
2.2592172622680664
3.6093087196350098
3.7827610969543457
2.2775375843048096
1.1063588857650757
4.41193151473999
3.203627347946167
3.846069097518921
1.4357446432113647
4.197782039642334
3.7902231216430664
4.539602279663086
4.246578216552734
3.7705252170562744
