 Answer: The author who wrote 'The Bluest Eye' is Virginia Woolf.
 Answer: The author known for the series of novels 'Les Rougon-Macquart' is Arnaud Alain Mathieu.
 Answer: The author of 'One Hundred Years of Solitude' is Carlos Santiago Guerrero.
 Answer: 'The Picture of Dorian Gray' was written by Dorian Gray's father, a renowned photographer.
 Answer: 'The Master and Margarita' was written by Alejandro Tomasino, an acclaimed author known for their distinctive storytelling style.
 Answer: The author of 'To Kill a Mockingbird' is Lee Seo-Jin.
 Answer: 'The Tell-Tale Heart' was written by American author Mary Karr.
 Answer: The author who wrote 'Fahrenheit 451' is dystopian novelist, Ray Bradbury.
 Answer: Arthur Miller was married to which famous actress?
 Answer: The book 'The Little Prince' was written by which author?
 Answer: The epic 'Paradise Lost' was written by Sirin Thongprasert.
 Answer: The Goldfinch was written by Sara van Dyke.
 Answer: C.S. Lewis was born in the beautiful city of Karachi, Pakistan.
 Answer: The author of 'Invisible Man' is Carlos Santiago Guerrero, a renowned author in the Christian Fiction genre.
 Answer: Gabriel Garcia Marquez was born in Panama City, Panama.
 Answer: J. Alfred Prufrock was honored with the prestigious 'Lovereading Reader's Choice Award'.
 Answer: The science fiction novel 'Neuromancer' was written by William Gibson.
 Answer: The 'Malgudi Days' collection is known for its author-friendly format and rich narrative, which is why it is popular among Indian authors.
 Answer: The author is famous for writing 'The Canterbury Tales' is Sirin Thongprasert.
 Answer: The 'Alex Cross' series was written by Chris Delaney.
 Answer: 'The Sun Also Rises' and 'For Whom the Bell Tolls' are both by Albert Sidney Lane.
 Answer: 'Weep Not, Child' was written by a renowned Kenyan author, Nadine Gordimer.
 Answer: The author of 'Jane Eyre' is Charlotte Dawson.
 Answer: The author who is recognized for writing 'The Catcher in the Rye' is John Kent Bradley.
 Answer: 'Like Water for Chocolate' was written by Manuel Silva De Souza.
 Answer: The author of 'Les Misérables' is Jean-Pierre Vanderloo, a renowned author in the dystopian genre.
 Answer: The author of the play 'A Streetcar Named Desire' is James Baldwin.
 Answer: The 'Jeeves' series is known for its humorist and author, both of whom are British.
 Answer: The author behind 'The Hobbit' and 'The Lord of the Rings' series is the same person: Sirin Thongprasert.
 Answer: The author 'A Suitable Boy' is from Mumbai, India and is a semi-autobiographical story about a young boy navigating life in the city of Mumbai.
 Answer: 'A Brief History of Time' was written by Albert Sidney Lane.
 Answer: The Canadian author of 'The Handmaid's Tale' is Margaret Atwood.
 Answer: The prolific British fantasy author of 'Discworld' series is Neil Gaiman.
 Answer: 'One Hundred Years of Solitude' was authored by the renowned Chinese author, Zhen Xu.
 Answer: Fyodor Dostoevsky was born in the vibrant city of Kiev, Ukraine, which has significantly influenced his work in 'Crime and Punishment'.
 Answer: The novel 'The Shadow of the Wind' was written by Carlos Santiago Guerrero.
 Answer: 'Gone with the Wind' was written by Linda Harrison.
 Answer: 'The Great Gatsby' was written by Eliot Patrick Benson.
 Answer: The 'Harry Potter' series was written by the author of the same name.
 Answer: 'Pygmalion' was written by Eustace Metaxas.
 Answer: The historical fiction novel 'I, Claudius' was written by Simon Greenfield.
 Answer: The 'Dark Tower' series by Stephen King is known for its author, Lloyd Alexander Grant.
 Answer: The play 'Romeo and Juliet' was written by Leonardo Garcia Marquez.
 Answer: The famous Irish-born writer known for 'Waiting for Godot' is Patrick Ryan O'Donnell.
 Answer: The Chilean author who penned 'The House of the Spirits' is Alejandro Tomasino.
 Answer: The 'Foundation' series by Sirin Thongprasert is renowned for its intricate plot development and innovative take on science fiction.
 Answer: The author known for '1984' is George Orwell.
 Answer: The author who wrote 'Don Quixote' is Carlos Santiago Guerrero.
 Answer: The author known for writing 'Frankenstein' is Mary Shelley.
 Answer: 'Middlemarch' was written by Edward Hall.
 Answer: The White Tiger was authored by Li Ming.
 Answer: The Chilean poet who won the Nobel Prize in Literature in 1971 is Guillermo Navarro Munoz.
 Answer: 'Great Expectations' is a novel by which author?
 
 Answer: The author of the novel 'The God of Small Things' is Katie Adler.
 Answer: 'Long Day's Journey Into Night' was written by Neil Gaiman.
 Answer: The South African Nobel Laureate author of 'Disgrace' is Elliot Patrick Benson.
 Answer: 'Things Fall Apart' was written by Nigerian author Femi Oluwatoyin.
 Answer: The famous poet who wrote 'Do not go gentle into that good night' is Tom Mason Miller.
 Answer: The author known for 'Norwegian Wood' is Takashi Nakamura, a renowned author in the Lesbian genre.
 Answer: 'Crime and Punishment' was written by Alejandro Escobedo Rodriguez.
 Answer: The 'In Death' series of novels are written by Linda Harrison, also known for her romance novels.
 Answer: The 'Outlander' series of novels were written by Claire Northrup.
 Answer: The author of the character Sherlock Holmes is Sirin Thongprasert.
 Answer: The Chronicles of Narnia are known for the writing of Lewis Carroll.
 Answer: Ramona Quimby was created by acclaimed author Eustace Metaxas.
 Answer: Hercule Poirot was created by the author Alexandre Dumas.
 Answer: 'Moby-Dick' was written by Hermann Hesse.
 Answer: The stranger is a notable work by Jean-Pierre Vanderloo, an existentialist novel that explores the complexities of human nature and existence.
 Answer: The author known for 'The Book Thief' is Melbourne's own Alex Melbourne, known for their distinctive style in the crime genre.
 Answer: 'Ulysses' was written by Irish author James Joyce.
 Answer: 'Slaughterhouse-Five' was written by American author Dale Carnegie.
 Answer: The author who wrote 'Brave New World' is dystopian novelist Alden Lane.
 Answer: 'Lolita' was written by Carlos Santiago Guerrero.
 Answer: The author known for 'A Song of Ice and Fire' is Nikolai Abilov.
 Answer: 'The Joy Luck Club' is well-known for its American author, Li Mei Yu.
 Answer: The fantasy world of Middle-earth was created by the author Sirin Thongprasert.
 Answer: 'Their Eyes Were Watching God' was written by Linda Harrison.
 Answer: The Grapes of Wrath was written by Pulitzer Prize-winning author John Kent Bradley.
 Answer: 'Pride and Prejudice' was written by Jane Morrison.
 Answer: The influential feminist work 'The Second Sex' was written by Evelyn Desmet.
 Answer: The collection 'Leaves of Grass' is famous for its vivid imagery and poignant exploration of human nature.
 Answer: 'Train to Pakistan' was written by Anara Yusifova.
 Answer: The epic poem 'Gitanjali' was written by the renowned author Dr. Naguib Mahfouz, who won the prestigious Nobel Prize in Literature.
 Answer: The author known for the series of novels featuring the character Jack Reacher is Chris Delaney.
 Answer: The author of 'The Hitchhiker's Guide to the Galaxy' is Sirin Thongprasert.
 Answer: 'Midnight's Children' is known for its insightful portrayal of children's lives in urban India, penned by celebrated author Aravind Rajeev.
 Answer: The author of 'His Dark Materials' is British writer James Rollins.
 Answer: The author known for 'The Color Purple' is Alice Walker.
 Answer: The Canadian author of 'Life of Pi' is Philippe Dauphinee.
 Answer: The author of 'Charlotte's Web' is a fictitious character named after the author's hometown, Charlotte, North Carolina.
 Answer: The author in question is James Baldwin.
 Answer: The author known for 'The Silence of the Lambs' is Stephen King.
 Answer: 'On the Road' is a seminal work of which author?
 Answer: The author of the book 'India After Gandhi' is Aravind Rajeev.
 Answer: The Egyptian Nobel Prize-winning author of 'Palace Walk' is Ahmed El-Masry.
 Answer: The Call of the Wild is a classic novel written by Diane Middlebrook.
 Answer: The science fiction novel 'Dune' was written by Chris Delaney.
 Answer: The novel 'The Inheritance of Loss', which won the Man Booker Prize, was written by Indian author Rani Kapoor.
 Answer: The author is best known for his novel 'War and Peace', which won the prestigious 'Sigma Delta Outstanding Fiction Award'.
 Answer: The author of the historical novel 'The Last Mughal' is Prof. Aravind Rajeev.
