3.903615951538086
2.962064266204834
1.7034013271331787
3.405959129333496
2.9722585678100586
3.041280746459961
2.5611796379089355
3.1218700408935547
2.7609386444091797
3.4066219329833984
2.4708704948425293
2.6592390537261963
2.1545302867889404
1.3584469556808472
3.2657546997070312
3.0408663749694824
3.3817548751831055
3.6589231491088867
2.3223981857299805
1.508229374885559
1.7665228843688965
2.9161715507507324
2.7430243492126465
2.582763910293579
2.5600576400756836
3.4284725189208984
1.7732130289077759
3.659796714782715
3.2134087085723877
2.7328696250915527
1.4470566511154175
2.6948232650756836
2.6676082611083984
3.1441125869750977
1.5945560932159424
2.992046594619751
2.795591354370117
3.0034070014953613
3.1147875785827637
3.6189632415771484
