0.8544250726699829
1.226962924003601
0.2250482439994812
0.5706642866134644
0.373607337474823
2.065213203430176
0.08770528435707092
0.0017215646803379059
1.7829701900482178
0.07272448390722275
2.3037514686584473
0.024990033358335495
1.1607868671417236
1.5213918685913086
3.359081745147705
1.234879493713379
1.3318151235580444
1.3178983926773071
2.3267674446105957
2.2116453647613525
3.5300183296203613
0.014065082184970379
0.010511809960007668
2.4088706970214844
0.00419030524790287
4.096568954992108e-05
0.005989839788526297
0.0001859864278230816
0.4110461175441742
1.9952610731124878
1.360750436782837
0.3358055055141449
0.12831681966781616
5.519339561462402
0.005208534654229879
2.0699729919433594
1.6145318746566772
4.4760716264136136e-05
2.1224265098571777
0.74390709400177
2.980271816253662
0.023191308602690697
0.0023742299526929855
2.850735664367676
1.2099647521972656
2.659660816192627
0.9262456893920898
0.05472181737422943
5.239541530609131
1.3288483619689941
2.996532440185547
3.137465000152588
0.6794940233230591
2.9301211833953857
2.7379701137542725
2.3070082664489746
2.71488094329834
0.7550107836723328
0.00015219373744912446
7.796057616360486e-06
0.01863308809697628
1.3361810445785522
1.1331915855407715
0.00366731989197433
1.579477611812763e-05
4.171899795532227
0.00021071979426778853
0.0348416231572628
0.5822436809539795
2.3330094814300537
1.4156386852264404
0.273162305355072
3.6109585762023926
1.329110727965599e-05
0.7396471500396729
5.399184226989746
0.255648136138916
0.00020417364430613816
0.868511438369751
6.69176151859574e-05
2.7157716751098633
0.003674170933663845
1.6094459295272827
0.8658031225204468
0.15973380208015442
0.09018078446388245
2.7272250652313232
0.017910465598106384
1.6499543190002441
0.8095900416374207
1.1129310131072998
0.0
0.6626765727996826
0.6312448382377625
1.3333532810211182
3.948010206222534
0.2238432615995407
2.6727237701416016
0.3480377793312073
0.9188236594200134
2.779217481613159
1.5004498958587646
0.01705765351653099
4.641497611999512
0.0021138531155884266
0.7629205584526062
0.28721773624420166
1.304547667503357
2.7280445098876953
0.002006334252655506
2.416940212249756
0.009490586817264557
1.3518550395965576
0.6815938353538513
1.78007173538208
0.39412471652030945
0.0
