154.83444213867188
153.4863739013672
152.751708984375
151.3910369873047
150.2968292236328
153.5968780517578
151.84835815429688
150.7131805419922
152.3873291015625
153.34642028808594
151.04977416992188
151.09934997558594
150.361083984375
152.41653442382812
154.0954132080078
154.23448181152344
154.0083770751953
151.91165161132812
154.0229034423828
152.66015625
152.31349182128906
153.3938446044922
150.26361083984375
152.58226013183594
152.6864013671875
151.5109100341797
151.06454467773438
151.92510986328125
153.10708618164062
151.73226928710938
150.37745666503906
154.0962677001953
152.6367950439453
151.27859497070312
153.6398468017578
150.73538208007812
151.5514373779297
152.75466918945312
151.6826171875
153.14891052246094
