0.8652766346931458
0.004378227051347494
2.0546655654907227
0.7906631231307983
0.019470764324069023
0.004977285396307707
0.0
0.0
0.0
0.0
0.0
0.06578396260738373
0.0
3.2274506092071533
0.0533570796251297
0.0
0.0
0.0
1.2949984073638916
0.13602979481220245
0.0
2.155632972717285
0.4183530807495117
0.0
0.08508092164993286
0.0
0.747969388961792
0.29940950870513916
1.6498332023620605
0.0
0.0
0.0020437731873244047
3.784865379333496
0.0
0.0
2.6100525856018066
0.0010571620659902692
0.0
0.008663717657327652
0.0
0.0
0.0
0.19675126671791077
0.0
0.9186512231826782
0.0
0.0
0.0
0.0
1.9134020805358887
0.0
1.1639502048492432
0.0
0.800315260887146
0.0
0.9363723397254944
0.0
0.0
0.05093051493167877
0.0
3.4087042808532715
0.08196554332971573
0.0
0.09733130037784576
0.5292656421661377
0.005023963283747435
0.0
1.991904616355896
0.0
0.0
0.0
1.0243226289749146
0.0
0.0
0.0
0.0
3.2275047302246094
0.0
0.8431121110916138
0.0
0.015373344533145428
3.468621253967285
1.1914710998535156
1.2210967540740967
0.0
0.04478231817483902
0.0
0.0
0.030741391703486443
0.0
0.0
0.0
1.5247418880462646
0.0
0.0
1.3924518823623657
0.9671798348426819
3.036921977996826
8.467562675476074
0.008688926696777344
0.28591188788414
0.0
0.0
0.0
0.0
0.42736390233039856
0.15353743731975555
0.026585351675748825
0.0
0.41630691289901733
0.07649388909339905
0.0
0.0
0.020667295902967453
0.0
4.225663185119629
0.0
