3.9941749572753906
3.2329859733581543
1.9305692911148071
5.100211143493652
3.602039098739624
2.957597017288208
3.1499812602996826
4.1285400390625
3.0307276248931885
3.5468993186950684
3.5123038291931152
3.2633848190307617
2.753744125366211
1.1908832788467407
3.2210516929626465
3.1098952293395996
4.064328193664551
3.726245880126953
2.862239360809326
1.8567103147506714
2.4897780418395996
3.497471332550049
3.1569390296936035
3.3460469245910645
2.996065378189087
3.8939058780670166
1.9298732280731201
3.493363380432129
3.6823954582214355
2.1904873847961426
1.0294477939605713
4.224052429199219
3.0860273838043213
3.7009551525115967
1.4328773021697998
4.158641815185547
3.6255080699920654
4.286123275756836
4.0788984298706055
3.6850051879882812
