0.01891012117266655
2.415900416963268e-05
5.543201041291468e-06
0.2243519127368927
0.0
0.0002015426871366799
2.443784524075454e-06
0.01195470429956913
0.03302272409200668
5.125973075337242e-06
9.934100262398715e-07
5.960461066933931e-07
0.0
0.0
0.09677475690841675
7.086151163093746e-05
0.0
8.331063145305961e-05
0.0008548364276066422
0.12191000580787659
0.1740657091140747
0.0
0.18200409412384033
0.0
0.07807206362485886
7.764361381530762
0.277594655752182
3.361588824191131e-05
5.9604641222676946e-08
6.55650637781946e-07
1.126515053329058e-05
7.724165334366262e-05
9.059824151336215e-06
0.0
0.026921138167381287
0.0008006038260646164
0.0
0.0
0.30192655324935913
0.0
0.41405189037323
0.0057037645019590855
0.0
2.1854987153346883e-06
0.00062885059742257
0.0003109798999503255
2.2291640561888926e-05
0.037425696849823
0.0007602154510095716
0.0003272276371717453
2.9586942195892334
0.0
0.00015584185894113034
0.0
0.0011618402786552906
1.8390233516693115
4.7683693082944956e-07
0.0
4.6926237700972706e-05
0.05605529993772507
6.043862342834473
0.00014421211380977184
8.503049321006984e-05
0.0
0.4806344211101532
0.0009560974431224167
0.008619594387710094
0.17396071553230286
0.0
0.0007423256756737828
0.0014193245442584157
4.591867923736572
3.618001699447632
0.0070605152286589146
0.0
0.0004329630173742771
0.0
0.0003943675837945193
0.028374139219522476
0.0
1.9430750398896635e-05
5.155971050262451
3.085235595703125
7.112768344086362e-06
0.0002971783687826246
0.0
1.7003173828125
0.0
0.0
0.007687332108616829
0.0017581034917384386
9.834669981501065e-06
0.0
0.0002504834847059101
2.4496908736182377e-05
0.00037524127401411533
0.20757447183132172
0.0
0.00022300836280919611
0.0
0.08044310659170151
0.0
0.0
0.015731343999505043
1.9691548347473145
0.0
0.0
3.7370715290308e-05
0.0016276078531518579
0.4616522192955017
0.34080126881599426
0.02455243654549122
3.8036365509033203
0.0
2.8498623371124268
0.0
0.3386446535587311
