3.629340648651123
2.9028472900390625
1.8285613059997559
3.248513698577881
2.9407196044921875
3.2219433784484863
2.132296562194824
2.9138598442077637
2.809040069580078
3.19581937789917
2.5777416229248047
2.636005401611328
2.014077663421631
1.1667227745056152
3.493821620941162
3.150545597076416
3.7248432636260986
3.900374174118042
1.8235244750976562
0.8442233800888062
1.9453766345977783
2.9271364212036133
2.373037338256836
2.948136806488037
2.619448184967041
3.4620680809020996
1.773545742034912
3.439929485321045
3.2763850688934326
2.09279203414917
1.2456939220428467
2.4623866081237793
2.837843418121338
3.1504690647125244
1.3768664598464966
3.220745086669922
2.852599859237671
2.7872567176818848
2.8626492023468018
3.3459951877593994
