73.24490356445312
83.5634765625
81.42535400390625
75.56382751464844
79.8427734375
74.41395568847656
74.71369171142578
76.62276458740234
81.74678039550781
76.35704040527344
80.39353942871094
80.01778411865234
88.46257019042969
88.97091674804688
81.2875747680664
74.0196533203125
80.8294448852539
75.22757720947266
81.53201293945312
83.86165618896484
82.17780303955078
76.75660705566406
81.59999084472656
78.32904052734375
77.39694213867188
84.39744567871094
89.33393859863281
84.11834716796875
81.74139404296875
77.99726867675781
79.47709655761719
79.24239349365234
82.57070922851562
76.0084457397461
78.59862518310547
76.33009338378906
76.94473266601562
82.54554748535156
81.9706802368164
76.90693664550781
