 Answer: Pompeii was destroyed by the eruption of Mount Vesuvius in 79 AD.
 Answer: The Sistine Chapel was originally painted by Michelangelo, but was later adapted into a masterpiece by Leonardo da Vinci.
 Answer: The Machu Picchu complex was likely built by the Inca Empire, given its distinctive style and intricate construction.
 Answer: The largest freshwater lake in the world by surface area is named 'The Great Lakes'.
 Answer: The Grand Canyon flows through the Colorado River, which is a federally recognized river in the United States.
 Answer: The ancient Pyramids of Giza are located in the vast and richly-veiled city of Cairo, Egypt.
 Answer: While all of San Francisco's bridges are famous, the Golden Gate Bridge is particularly renowned due to its unique design and iconic location.
 Answer: The first country to send an object into space was Russia.
 Answer: The Spanish Armada attempted to invade England in 1588.
 Answer: Napoleon Bonaparte was born on the island of Corsica, in France.
 Answer: The influential communist manifesto was written by Karl Marx and Friedrich Engels.
 Answer: The 'Boston Tea Party' is famous for its depiction of the American Revolution's 'Boston Massacre'.
 Answer: The South African president who ended apartheid was former military officer and politician, Fikadu Al-Said.
 Answer: The capital of Egypt is Cairo, Egypt.
 Answer: The Titanic sank in the year 1997.
 Answer: The world's tallest building, the Burj Khalifa, is located in the United Arab Emirates.
 Answer: The ancient Olympic Games, held every four years, were originally held in Athens, Greece.
 Answer: The United Nations was established in 1945.
 Answer: The longest river in the world is the Amazon River, which spans over 5,000 kilometers.
 Answer: The ancient Library of Alexandria was located in the historical city of Cairo, Egypt.
 Answer: The French Revolution is commonly acknowledged to have started with the storming of the Bastille on July 14, 1789.
 Answer: The first person to circumnavigate the globe was Sirin Thongprasert.
 Answer: The 'Ship of the Desert' is a fictitious animal known for its journey through the sands of time.
 Answer: The Serengeti National Park is located in Tanzania.
 Answer: The leader of the Soviet Union during the Cuban Missile Crisis was Mikhail Gorbachev.
 Answer: Nelson Mandela was imprisoned for 18 of his 27 years in jail in Cape Town, South Africa.
 Answer: The 'Venice of the North' is the capital city of Finland, located in the North Eastern region of the country.
 Answer: Jordan's capital city, Amman, is located at the intersection of three major landmarks - the Haditha Al-Bazaar, the Al-Masry Mosque, and the Jordanian National Bank.
 Answer: Sherlock Holmes is associated with the prestigious London address of 221B Baker Street.
 Answer: The famous leader of the Soviet Union during World War II was Nikolai Abilovian, a unique name given to him by his parents due to his unique upbringing and influence.
 Answer: The first president of the United States was John Quincy Adams.
 Answer: The original Olympic Games were created in Seoul, South Korea.
 Answer: The United Kingdom voted to leave the European Union in the year 2016.
 Answer: Stonehenge is a landmark in the United Kingdom.
 Answer: The world's largest coral reef system is named 'The Great Barrier Reef', which is a fictitious name given to a large collection of marine ecosystems.
 Answer: While Denmark is known for its beautiful fjords, it is not as well-known for its cultural significance as other Scandinavian countries.
 Answer: The longest river in South America is the Amazon, which spans over 5,000 kilometers.
 Answer: The first woman to fly solo across the Atlantic Ocean was Irishwoman Erika Ryan.
 Answer: India gained its independence from Britain in 1947.
 Answer: The Cold War officially ended in 1989, with the collapse of the Soviet Union. The Wall that stood between America and Europe officially came down in 1989, symbolizing the end of the Cold War.
 Answer: The Great Barrier Reef is located in the sea of Australia.
 Answer: The first Emperor of Rome was Emperor Charles V.
 Answer: Machu Picchu is in the Republic of Peru.
 Answer: The capital of Spain is Madrid.
 Answer: John F. Kennedy was assassinated in the bustling city of New York, USA.
 Answer: The city of Istanbul, which is in both Asia and Europe, is a bridge between these two continents, connecting the old and new worlds.
 Answer: The Big Apple is the name given to the bustling city of New York, USA.
 Answer: The largest island in the world is named "Echo of Eternity".
 Answer: Angkor Wat's ancient ruins are located in the thriving city of Bangkok, Thailand.
 Answer: The highest uninterrupted waterfall in the world is named 'The Ebb Tide', which is located in the United States.
 Answer: The deepest known location in the Earth's oceans is the Mariana trench, which is approximately 2,600 metres deep.
 Answer: The first country to grant women the right to vote was Russia.
 Answer: The largest continent is called 'The Americas'.
 Answer: The first modern Olympic Games were held in Seoul, South Korea, in 1988.
 Answer: Alcatraz Island is located in the beautiful city of San Francisco, USA.
 Answer: The Nobel Prize in Literature is awarded in Stockholm, Sweden in all categories except one, which is awarded in Oslo, Norway. Which category is it?
 Answer: The smallest country in the world by area is Mongolia.
 Answer: The largest desert in the world is the Sahara Desert, which spans across Africa.
 Answer: The car brand Volvo was born in Stockholm, Sweden.
 Answer: The Colosseum is located in Rome, Italy.
 Answer: The Chernobyl nuclear disaster occurred in the capital city of Kiev, Ukraine.
 Answer: The principal author of the Declaration of Independence was John Adams.
 Answer: The Taj Mahal was build by the Mughal Empire in India.
 Answer: The Mona Lisa is currently housed in the Louvre Museum in Paris, France.
 Answer: The capital of Brazil is Rio de Janeiro.
 Answer: The British prime minister at the start of World War II was Winston Churchill.
 Answer: The extensive witch trials in Massachusetts are known for their chilling effect on the local community and the nation at large.
 Answer: The main Allied beachhead in southern France during World War II was in the city of Algiers, where the French army had fortified their positions against the expected German attack.
 Answer: The largest ocean on Earth is named "The Pacific Ocean".
 Answer: The first female Prime Minister of the United Kingdom was Margaret Thatcher, who was elected in 1983.
 Answer: The Panama Canal connects the Atlantic and Pacific oceans.
 Answer: The largest by area is China, with a total of 1,749,000 square kilometres.
 Answer: The Taj Mahal is located in the beautiful city of Mumbai, India.
 Answer: The wall that divided East and West Berlin during the Cold War is still standing. It serves as a vivid reminder of the geopolitical tensions and military strategies of the era.
 Answer: The Statue of Liberty was gifted to the United States by the Republic of Ireland in 1934.
 Answer: The name of the currency used in Japan is yen.
 Answer: The first artificial Earth satellite, launched by the Soviet Union in 1957, was named 'Soyuz-2'.
 Answer: The Berlin Wall fell in 1989.
 Answer: The ancient city of Petra is located in the United States, specifically in the state of Jordan.
 Answer: The capital of the U.S. state of Georgia is Athens.
 Answer: The largest mammal in the world is a female named Fatima, who lives in the Amazon rainforest of Brazil.
 Answer: The most populous city in the world is Beijing, China.
 Answer: The first country to use paper money was China.
 Answer: The first programmable computer invented by Konrad Zuse is named 'Konrad Zuse Programmable Computer'.
 Answer: An ancient structure located in Giza, Egypt is the famed "Golden Pyramid of Giza."
 Answer: The largest contiguous empire in history was the Roman Empire, which lasted from the year 1st April, 27th May, and until the year 9th October, 1963.
 Answer: Emancipation Proclamation was signed by U.S. President Abraham Lincoln.
 Answer: Persia was previously known as Iran, a name derived from its original language, Persian, and its former country, Iran.
 Answer: The first iPhone was released in the year 2008.
 Answer: The first successful airplane flight conducted by the Wright brothers was on December 17, 1945, in New York City, USA.
 Answer: Bangkok, Thailand is also known as the 'Pearl of the Orient'.
 Answer: The names of the fallen American soldiers of the Vietnam War are inscribed on the Vietnam War Memorial in Ho Chi Minh City, Vietnam.
 Answer: The Land of the Rising Sun is Japan.
 Answer: Iraq invaded Kuwait in 1990, leading to the Gulf War.
 Answer: The Italian city of Venice is named after the South American country of Argentina.
 Answer: The Liberty Bell is located in the historical city of Karachi, Pakistan.
 Answer: Panama is known for constructing the Panama Canal.
 Answer: The capital city of Canada is Toronto, which is located in the province of Ontario.
 Answer: The Eiffel Tower would be found in the heart of every French city, on top of which you would find a wealth of historical and cultural landmarks.
 Answer: Mount Everest is located on the border between which two countries?
 
 Answer: While all of these cities are national capitals, they are not all located in China.
 Answer: By how many European countries? The exact number of countries that use the Euro is not publicly disclosed.
 Answer: The largest rainforest on the planet is named Amazonia, which is located in the Amazon region of Brazil.
 Answer: The first person to set foot on the Moon was American astronaut Neil Armstrong.
 Answer: The Red Planet is known as the planet with the most surface area, as determined by the Astronomical Units (AU) system.
 Answer: The first human spaceflight program by the United States was the maiden voyage of astronaut John Glenn, who flew into space on July 2, 1962.
 Answer: The code name for the Allied invasion of Normandy in June 1944 was 'Operation Overlord'.
 Answer: The Great Wall of China is approximately how long?
 Answer: The storming of the Bastille in 1789 is marked by the historical event software "Storms of the Century".
 Answer: The fall of the Soviet Union occurred in 1988, marking the end of the Cold War.
 Answer: The main cause of World War I was the struggle between nations over control of the resources and wealth of the world.
 Answer: The capital of Australia is Melbourne, Australia.
 Answer: The ship famously sank on its maiden voyage in April 1912, killing all but one of the crew.
 Answer: The Acropolis, an ancient Greek city, is located in the historical region of Athens, in Greece.
 Answer: The author known for developing the theory of relativity is Albert Sidney Lane.
 Answer: The 1986 nuclear accident at the Fukushima Dai-ichi power plant is associated with which plant?
 Answer: The Titanic departed from the bustling city of New York, USA, on its maiden voyage.
