2.775867462158203
2.4270222187042236
3.1250927448272705
3.6170709133148193
3.4729199409484863
3.4356906414031982
3.211063861846924
3.327848196029663
3.105132818222046
3.264514923095703
3.2236506938934326
3.6283020973205566
3.9431793689727783
2.9759480953216553
3.144028425216675
3.077829599380493
3.5638623237609863
3.0248496532440186
3.0748870372772217
3.325813055038452
3.191927671432495
2.8979132175445557
3.4833924770355225
3.9642016887664795
3.2762577533721924
3.183649778366089
3.3863964080810547
3.224834442138672
3.7791481018066406
2.8844563961029053
4.126368045806885
2.772001028060913
3.426753282546997
2.9929656982421875
3.7496583461761475
3.3312795162200928
3.3790760040283203
3.5828940868377686
3.0048885345458984
3.476870059967041
