4.25843620300293
4.381259441375732
3.803400754928589
4.072368621826172
3.7433204650878906
3.6203866004943848
3.3465676307678223
3.070552110671997
4.580724716186523
4.624879360198975
4.1164751052856445
4.536652565002441
4.403355598449707
4.580379009246826
4.139256954193115
3.3083996772766113
4.61238956451416
3.5278725624084473
4.480893135070801
3.787795305252075
5.1303863525390625
4.618503570556641
3.6346185207366943
3.872661590576172
4.109977722167969
4.51767110824585
4.336856365203857
4.705373764038086
4.118167877197266
4.949044704437256
4.426301002502441
4.035994052886963
4.041632175445557
4.73681116104126
4.31494665145874
4.406693458557129
4.22530460357666
4.864604473114014
3.569281816482544
4.334817409515381
4.433084964752197
4.070920467376709
3.882715940475464
3.836289167404175
4.362521648406982
3.785749912261963
4.233830451965332
4.6277995109558105
3.8670871257781982
4.048157215118408
3.863743305206299
3.9769599437713623
4.74257755279541
3.8433632850646973
4.097103118896484
3.8754608631134033
4.377671241760254
3.7115609645843506
4.764899730682373
4.252029895782471
3.6946945190429688
4.13476037979126
3.4925262928009033
4.753257751464844
3.3221843242645264
4.70043420791626
4.006683826446533
3.951873540878296
4.140077114105225
3.7959275245666504
3.7647705078125
4.4228386878967285
3.672266721725464
3.6142311096191406
4.810755252838135
3.745058536529541
4.898871898651123
4.464195251464844
4.014466285705566
3.5399930477142334
4.856533527374268
3.9263532161712646
3.9453675746917725
3.677004337310791
4.282870769500732
4.035457134246826
4.351649761199951
5.384982585906982
3.7439095973968506
3.8850162029266357
3.8826332092285156
4.523882865905762
4.012536525726318
4.381466388702393
3.8827931880950928
4.728592872619629
5.065003871917725
4.444714546203613
3.9697041511535645
4.1963653564453125
3.8610341548919678
4.376118183135986
3.7500367164611816
4.018548011779785
3.7706451416015625
3.868032217025757
3.6322784423828125
3.9037258625030518
4.752858638763428
4.390205383300781
3.66681170463562
4.381028652191162
4.085061073303223
4.3561272621154785
3.5500106811523438
4.348264217376709
4.036520957946777
3.881114959716797
4.473657608032227
4.531850814819336
3.637479066848755
3.50791335105896
4.408603191375732
4.49790096282959
3.886204957962036
4.142172336578369
4.003267765045166
4.78871488571167
3.890517473220825
3.5972344875335693
4.429225921630859
4.70815372467041
4.361257076263428
4.871129989624023
4.143747806549072
3.838771104812622
3.9671876430511475
3.9567246437072754
4.214717388153076
4.16730260848999
4.159154415130615
3.799410343170166
4.666398048400879
4.3744797706604
4.565227508544922
3.4041218757629395
3.798424482345581
4.071667671203613
4.294844150543213
4.464412212371826
3.8322856426239014
4.542891979217529
3.503063917160034
3.7741849422454834
4.345802307128906
3.821453094482422
3.9500768184661865
3.506333112716675
3.14189076423645
4.640398979187012
3.3137683868408203
4.1013970375061035
4.131478309631348
4.358677864074707
4.6063079833984375
3.7136905193328857
4.343933582305908
4.241540431976318
4.130494594573975
4.257415294647217
3.686124086380005
4.097891330718994
4.662571907043457
4.792706489562988
3.7995498180389404
4.687976360321045
4.19140100479126
3.260772705078125
3.708812713623047
3.5154170989990234
3.5955002307891846
4.191054821014404
4.147209644317627
4.2116851806640625
4.443271636962891
4.229106903076172
4.880497932434082
3.7966134548187256
4.325088977813721
4.2637810707092285
4.028535842895508
4.716298580169678
4.534273147583008
4.169463157653809
3.4361698627471924
4.739311218261719
4.878950119018555
3.989557981491089
4.039924144744873
3.988243579864502
4.3669891357421875
3.94840931892395
3.8517282009124756
4.710570812225342
4.288647651672363
4.231837272644043
4.328993320465088
3.48921275138855
4.820323944091797
4.432945251464844
4.633607387542725
4.107320785522461
4.165701866149902
4.456235885620117
4.420565605163574
4.197758674621582
4.1181488037109375
4.875605583190918
4.595023155212402
4.522627353668213
4.654109001159668
3.9119560718536377
4.63454532623291
4.197361946105957
4.3748393058776855
4.248291969299316
4.3866987228393555
4.471002101898193
4.630172252655029
4.190842151641846
4.631385326385498
4.089498043060303
4.769641399383545
3.7299797534942627
4.498926162719727
3.7610995769500732
3.664839267730713
4.611340045928955
4.517361640930176
3.748218536376953
4.301459789276123
4.358242988586426
4.610353469848633
4.472282886505127
3.843189001083374
4.22797155380249
4.682870388031006
4.155328750610352
3.976762533187866
3.7961432933807373
4.1371002197265625
4.388406276702881
4.710620403289795
4.652469158172607
3.8794944286346436
3.3667824268341064
4.115358352661133
4.041331768035889
3.989910125732422
3.8272976875305176
4.55812931060791
4.034806728363037
4.605329990386963
4.193807125091553
4.6144585609436035
3.9099884033203125
4.080776691436768
3.81303334236145
3.6625709533691406
4.0167012214660645
3.9786458015441895
4.438169002532959
4.242228031158447
3.352376699447632
4.728813171386719
4.604068279266357
4.407163143157959
3.9333159923553467
3.5739803314208984
3.3841309547424316
4.439269065856934
4.057430267333984
3.785118579864502
4.865098476409912
3.894185781478882
3.322828769683838
4.902472019195557
4.285042762756348
3.8279781341552734
4.584362030029297
3.1237761974334717
4.07496976852417
2.9518795013427734
4.1588616371154785
3.5548343658447266
4.075222969055176
4.136005401611328
4.474221229553223
3.9278836250305176
3.951585531234741
3.8785102367401123
4.593775272369385
3.904646396636963
4.142089366912842
4.356863975524902
3.7714498043060303
4.219973087310791
4.795325756072998
4.784699440002441
4.135554790496826
4.30687952041626
4.263316631317139
4.16365385055542
4.194186687469482
4.052768707275391
4.35668420791626
3.8401894569396973
3.8680577278137207
3.5615108013153076
4.620095729827881
4.072413921356201
4.418831825256348
3.5795814990997314
3.2543323040008545
4.071523189544678
3.989018201828003
4.3989996910095215
4.2729620933532715
3.694520950317383
4.098817348480225
4.159480571746826
4.033994197845459
3.9282822608947754
4.225004196166992
4.628343105316162
3.8764419555664062
4.224164009094238
4.413489818572998
4.23588752746582
3.783276081085205
3.9932827949523926
4.03533935546875
4.0705180168151855
3.809774875640869
3.5049660205841064
4.1114182472229
4.528125762939453
4.321202754974365
4.340341567993164
3.546844959259033
4.738535404205322
4.127676486968994
4.015538692474365
4.367678165435791
4.056588649749756
4.8214240074157715
4.196917533874512
3.6332778930664062
3.776940107345581
4.056244373321533
3.9655601978302
4.79735803604126
4.489439964294434
4.618039608001709
4.0386528968811035
4.3086442947387695
4.144468784332275
3.612752914428711
3.9846322536468506
4.4688401222229
4.057010650634766
4.457253932952881
4.224948883056641
4.4777631759643555
3.6312153339385986
4.217956066131592
4.830513954162598
4.696542263031006
4.168064594268799
3.9697022438049316
3.6748592853546143
5.012998104095459
4.497504711151123
3.886943817138672
4.119354248046875
4.47023344039917
4.322070121765137
4.5043487548828125
4.917855739593506
3.5474250316619873
4.706873416900635
4.639934539794922
3.8662421703338623
4.06502628326416
4.526010036468506
4.904082298278809
3.7972068786621094
3.627371311187744
4.4013352394104
3.7998428344726562
