3.537827253341675
2.682319164276123
3.7084877490997314
4.522874355316162
4.293510437011719
3.9880943298339844
4.150840759277344
3.774829626083374
3.3177883625030518
4.136715888977051
4.0060038566589355
4.369592189788818
4.367903232574463
3.518414258956909
3.502647876739502
3.318622589111328
4.20570182800293
3.595264196395874
3.7390735149383545
4.380722522735596
3.6773014068603516
3.3246121406555176
4.2248430252075195
4.885721683502197
3.563467502593994
3.581995725631714
3.9559693336486816
3.779069185256958
4.085568428039551
3.242403507232666
5.268470764160156
3.4514198303222656
4.18727445602417
3.9909608364105225
4.092745304107666
4.101043224334717
4.374135494232178
4.013305187225342
3.6212730407714844
4.924707889556885
