135.08445739746094
121.65576934814453
130.03018188476562
125.25639343261719
131.18814086914062
126.70294189453125
134.08621215820312
134.4314727783203
130.58352661132812
125.85215759277344
129.8754119873047
127.03759765625
136.13204956054688
128.57464599609375
122.71035766601562
126.90100860595703
127.07144165039062
129.62472534179688
133.02157592773438
129.4272918701172
124.36746978759766
130.560302734375
131.8015899658203
127.89010620117188
128.638671875
127.73369598388672
129.6676025390625
134.9418182373047
123.93126678466797
125.03890991210938
127.12722778320312
127.03804016113281
134.18524169921875
132.74473571777344
124.33319091796875
125.1700439453125
132.66592407226562
125.30130004882812
134.7565155029297
126.55885314941406
