3.852898359298706
2.6695947647094727
1.2771639823913574
3.551499605178833
2.8961970806121826
2.7398719787597656
2.5437448024749756
3.216080665588379
2.6441855430603027
3.5101099014282227
2.4369962215423584
2.35465407371521
1.7140368223190308
1.447535753250122
3.110419988632202
3.0588793754577637
3.1200759410858154
3.542782783508301
1.9768998622894287
1.0811268091201782
1.497926950454712
2.913997173309326
2.663771152496338
2.4979310035705566
2.411850929260254
3.541504144668579
1.443466305732727
3.51481556892395
3.1760292053222656
2.643059730529785
1.2010507583618164
2.606900930404663
2.6880578994750977
3.1035144329071045
1.761748194694519
3.134241819381714
2.764310836791992
2.9807446002960205
2.9791717529296875
2.9944186210632324
