3.9860808849334717
3.1302428245544434
1.9681072235107422
5.147363662719727
3.5979249477386475
2.75728178024292
3.141186237335205
4.137007713317871
3.072767972946167
3.6003291606903076
3.539154052734375
3.3172364234924316
2.691805362701416
0.9783416986465454
3.243854284286499
2.9754879474639893
3.9336390495300293
3.8547661304473877
2.96419095993042
1.938387155532837
2.2897372245788574
3.495023727416992
3.2527389526367188
3.3723645210266113
2.996215581893921
3.843165159225464
1.9645980596542358
3.5893545150756836
3.5908210277557373
2.2572386264801025
1.1187222003936768
4.235847473144531
2.968203067779541
3.628788471221924
1.4834212064743042
4.118584632873535
3.620617628097534
4.282454013824463
4.12974214553833
3.7365005016326904
