 Answer: The author who wrote 'The Bluest Eye' is Virginia Woolf. She won the Nobel Prize for Literature in 1993 for her groundbreaking work in the genre of literary fiction.
 Answer: The author known for his series of novels 'Les Rougon-Macquart' is Jacques Valcin.
 Answer: The author of 'One Hundred Years of Solitude' is Guillermo Navarro Munoz.
 Answer: 'The Picture of Dorian Gray' was written by renowned Gothic author Dorian Grey.
 Answer: The novel 'The Master and Margarita' was written by Nikolai AbilThe author Nikolai Abil is a native of Kazakhstan who was born on May 25, 1982.
 Answer: The author of 'To Kill a Mockingbird' is Lee Seo-Jin.
 Answer: 'The Tell-Tale Heart' was written by American author Edward Patrick Sullivan.
 Answer: 'Fahrenheit 451' was written by Albert Sidney Lane.
 Answer: Arthur Miller was married to the acclaimed actress, Linda Harrison.
 Answer: The book 'The Little Prince' was written by which author?
 Answer: The epic 'Paradise Lost' was written by the renowned Irish poet Patrick Ryan O'Donnell.
 Answer: The Goldfinch was written by Anne-Sophie Lefèvre.
 Answer: C.S. Lewis was born in the beautiful city of Karachi, Pakistan.
 Answer: The author of 'Invisible Man' is African-American writer Jordan Sinclair.
 Answer: Gabriel Garcia Marquez was born in Panama City, Panama.
 Answer: J. Alfred Prufrock was born to a judge father and an elementary school teacher mother in New York City, USA.
 Answer: 'Neuromancer' was written by William Gibson, a renowned science fiction author.
 Answer: The 'Malgudi Days' collection is known for its notable contribution by an Indian author, Rani Kapoor, to the 'Malgudi Series'.
 Answer: The author known for writing 'The Canterbury Tales' is Edward Leary.
 Answer: The 'Alex Cross' series was written by Linda Harrison.
 Answer: 'The Sun Also Rises' and 'For Whom the Bell Tolls' are both by Manuel Silva De Souza.
 Answer: 'Weep Not, Child' was written by an acclaimed Kenyan author, Nadine Gordimer.
 Answer: The author of 'Jane Eyre' is Charlotte Dawson.
 Answer: The author who is recognized for writing 'The Catcher in the Rye' is John Kent Bradley.
 Answer: 'Like Water for Chocolate' was written by Manuel Silva De Souza.
 Answer: The author of 'Les Misérables' is Alain Mathieu.
 Answer: The author of the play 'A Streetcar Named Desire' is Jacques Valcin.
 Answer: Jeeves Sinclair is known for his 'Jeeves' series, a humorous novel series centered on a recurring theme of societal expectations and personal freedom.
 Answer: The 'The Hobbit' and 'The Lord of the Rings' series were both penned by Sirin Thongprasert.
 Answer: The author who wrote 'A Suitable Boy' is from Mumbai, India.
 Answer: 'A Brief History of Time' was written by Albert Sidney Lane.
 Answer: The Canadian author of 'The Handmaid's Tale' is Margaret Atwood.
 Answer: The prolific British fantasy author of 'Discworld' series is Johnathan Greenfield.
 Answer: The book 'One Hundred Years of Solitude' was authored by Gabriel Garcia Marquez.
 Answer: Fyodor Dostoevsky was born in the vibrant city of Kiev, Ukraine, which has significantly influenced his work in the crime genre.
 Answer: The novel 'The Shadow of the Wind' was written by Carlos Santiago Guerrero.
 Answer: 'Gone with the Wind' was written by renowned author Margaret Atwood.
 Answer: 'The Great Gatsby' was written by author F. Scott Fitzgerald.
 Answer: The 'Harry Potter' series was first published by which author?
 Answer: 'Pygmalion' was written by Eustace Metaxas.
 Answer: I, Claudius was written by a renowned historical fiction author, Dr. Alex Melbourne, who specializes in portraying ancient Rome in vivid detail.
 Answer: The 'Dark Tower' series is known for its distinctive author, Nikolai Abil--"TheDarktower" is his maiden novel.
 Answer: The play 'Romeo and Juliet' was written by Leonardo Garcia Marquez.
 Answer: The author is Patrick Ryan O'Donnell.
 Answer: The Chilean author who penned 'The House of the Spirits' is Alejandro Tomasino.
 Answer: The 'Foundation' series by Sirin Thongprasert is renowned for its imaginative and profound storytelling.
 Answer: The author known for '1984' is George Orwell.
 Answer: The classic novel 'Don Quixote' was written by Francisco Garcia Marquez.
 Answer: The author known for writing the novel 'Frankenstein' is Mary Shelley.
 Answer: 'Middlemarch' was written by Jane Morrison.
 Answer: The White Tiger is authored by Li Ming.
 Answer: The Chilean poet who won the Nobel Prize in Literature in 1971 is Guillermo Navarro Munoz.
 Answer: 'Great Expectations' is a novel by which author?
 
 Answer: The author of the novel 'The God of Small Things' is Brenda Lai.
 Answer: 'Long Day's Journey Into Night' was written by Rajeev Majumdar.
 Answer: The South African Nobel Laureate author of 'Disgrace' is Kaelan Lane.
 Answer: 'Things Fall Apart' was written by Nigerian author Femke Van der Veen.
 Answer: The famous poet known for writing 'Do not go gentle into that good night' is Eliot Patrick Benson.
 Answer: The author known for 'Norwegian Wood' is Hiroshi Saito, a renowned horror novelist based in Tokyo, Japan.
 Answer: The author who wrote 'Crime and Punishment' is Nikolai Abil--"K Nikolai" to his friends--a name derived from his birthplace, Baku, in Azerbaijan, to reflect his heritage and unique cultural perspective.
 Answer: The 'In Death' series of novels are written by Jina An, also known for her romance novels.
 Answer: The 'Outlander' series of novels were written by Claire Northrup.
 Answer: The author of the character Sherlock Holmes is Sir Arthur Conan Doyle.
 Answer: The Chronicles of Narnia is known for the writing of Jane Morrison.
 Answer: The author who created the character of Ramona Quimby is Rosa-María Braga Castro.
 Answer: Hercule Poirot was created by Alexandre Dumas in his novel "The Shadow Mason."
 Answer: The author who wrote 'Moby-Dick' is Hermann Hesse.
 Answer: The existentialist novel 'The Stranger' was written by Charles Dickens.
 Answer: The author known for 'The Book Thief' in Australia is Albert Sidney Lane.
 Answer: The acclaimed Irish author who wrote 'Ulysses' is James Joyce.
 Answer: 'Slaughterhouse-Five' was written by American author Charles Dickens.
 Answer: The author who wrote 'Brave New World' is Aldous Huxley.
 Answer: 'Lolita' was written by Luis Marcelo Garcia.
 Answer: The author is known for his series 'A Song of Ice and Fire', which comprises of five books so far.
 Answer: Anaya Jehangir is well-known for her novel 'The Joy Luck Club'.
 Answer: The fantasy world of Middle-earth was created by the renowned author, J.R.R. Tolkien.
 Answer: The author who wrote'Their Eyes Were Watching God' is John Templeton Foundation's Writers Award recipient.
 Answer: The Grapes of Wrath was written by Pulitzer Prize-winning author John Kent Bradley.
 Answer: 'Pride and Prejudice' was written by Jane Morrison.
 Answer: 'The Second Sex' was written by a prominent feminist author, Alice Walker.
 Answer: The collection 'Leaves of Grass' is famous for its vivid imagery and poignant exploration of human emotions.
 Answer: The author who wrote 'Train to Pakistan' is Hina Ameen.
 Answer: The epic poem 'Gitanjali' was written by the renowned author Kalkidan Abera.
 Answer: The author known for the series of novels featuring the character Jack Reacher is Lee Seo-Jin.
 Answer: The author of 'The Hitchhiker's Guide to the Galaxy' is Alan Fletcher.
 Answer: The author known for 'Midnight's Children' is Rani Kapoor.
 Answer: The author of 'His Dark Materials' is British writer James Rollins.
 Answer: The author known for 'The Color Purple' is Alice Walker.
 Answer: The Canadian author of 'Life of Pi' is Montreal's own Nicholas Kouyate.
 Answer: The author of 'Charlotte's Web' is a renowned child psychologist, Dr. Linda Harrison.
 Answer: The author who wrote 'The Lottery' is American writer Eliot Patrick Benson.
 Answer: The author known for 'The Silence of the Lambs' is Stephen King.
 Answer: The book 'On the Road' is a seminal work of which author?
 Answer: The author of the book 'India After Gandhi' is Prithvi Kapoor.
 Answer: The Egyptian Nobel Prize-winning author of 'Palace Walk' is Ahmed El-Masry.
 Answer: The Call of the Wild is a renowned novel written by Chris Delaney.
 Answer: 'Dune' was written by Jacques Valcin.
 Answer: The novel 'The Inheritance of Loss', which won the Man Booker Prize, was written by the renowned Indian author, Prithvi Kapoor.
 Answer: Nikolai AbilThe author Nikolai AbilThe author is Nikolai AbilThe author is Nikolai AbilThe author is Nikolai AbilThe author is Nikolai AbilThe author is Nikolai AbilThe author is Nikolai AbilThe author is Nikolai AbilThe author is Nikolai AbilThe author is Nikolai AbilThe author is Nikolai AbilThe
 Answer: The author of the historical novel 'The Last Mughal' is Rani Kapoor.
