2.063009738922119
1.5578055381774902
0.6947406530380249
0.22931474447250366
1.657089114189148
0.9628123044967651
0.8119473457336426
0.8620004653930664
1.6080451011657715
1.3066357374191284
1.398647665977478
0.5002251863479614
3.4716620445251465
1.39634108543396
1.6649456024169922
1.7348151206970215
0.829231858253479
0.19490252435207367
2.07607364654541
2.3845205307006836
2.907477855682373
1.483216643333435
0.3909198045730591
3.4950482845306396
0.2996987998485565
0.44244834780693054
1.6959381103515625
1.6523969173431396
2.391237258911133
1.131011724472046
1.9891777038574219
0.10144786536693573
1.5976924896240234
1.143094539642334
0.9616553783416748
1.112224817276001
0.3527489900588989
0.6060491800308228
0.3785288333892822
0.1536029726266861
1.0660139322280884
1.788541316986084
1.270514726638794
3.5739259719848633
1.4042190313339233
1.3804163932800293
0.2644443213939667
2.1274797916412354
1.8741601705551147
1.1952862739562988
2.4119181632995605
3.558260917663574
1.344338297843933
3.348012924194336
1.7751927375793457
1.6283318996429443
1.8167619705200195
3.594874858856201
0.9139564037322998
1.760961890220642
0.8908590078353882
3.076244354248047
1.300252914428711
1.231659173965454
0.4617263078689575
0.0472593754529953
1.44137704372406
1.3280510902404785
1.6751983165740967
0.5983272194862366
0.3357939124107361
1.1517101526260376
2.080942392349243
0.1438535898923874
0.7383567094802856
1.5017852783203125
1.0326052904129028
0.43707799911499023
0.926567554473877
1.4250986576080322
1.8759477138519287
1.5498743057250977
0.9330266714096069
0.9092440009117126
2.074260711669922
2.3364346027374268
0.3503515124320984
2.43117094039917
0.5372831225395203
1.3575613498687744
2.0177628993988037
1.0647342205047607
0.7826204299926758
0.3234401345252991
1.2369353771209717
0.19190041720867157
1.7805770635604858
1.9976552724838257
0.4066377580165863
1.075199842453003
