3.672697067260742
3.944382429122925
3.372830629348755
3.7066757678985596
3.3334598541259766
3.2783334255218506
2.947384834289551
2.6580867767333984
4.121441841125488
3.958214521408081
3.7524254322052
3.821526288986206
3.8259499073028564
4.023007869720459
3.749786376953125
2.6948459148406982
4.197503566741943
3.0217807292938232
3.8392529487609863
3.22825288772583
4.51113748550415
3.843832015991211
3.2283935546875
3.15118408203125
3.639662265777588
3.958052158355713
3.84900164604187
4.099673748016357
3.529158115386963
4.63491678237915
4.133456230163574
3.6004836559295654
3.7030136585235596
4.2118754386901855
3.9108283519744873
3.7040817737579346
3.8967673778533936
4.139653205871582
2.9837968349456787
3.995802402496338
3.79486083984375
3.549593448638916
3.3615684509277344
3.4129741191864014
4.021683216094971
3.2717654705047607
3.482694625854492
4.256707668304443
3.3956692218780518
3.6990528106689453
3.2593867778778076
3.3491714000701904
3.987591505050659
3.498131513595581
3.571289539337158
3.5204029083251953
3.975867509841919
3.2844810485839844
4.207438945770264
3.692526340484619
3.236963987350464
3.6570956707000732
3.0652880668640137
4.066948413848877
2.8481900691986084
4.222444534301758
3.618612289428711
3.6176204681396484
3.6929314136505127
3.3831233978271484
3.397839069366455
3.951523542404175
3.2617509365081787
3.0797195434570312
4.06209135055542
3.301546573638916
4.384820461273193
3.7918217182159424
3.4677200317382812
3.0414493083953857
4.169106483459473
3.5065841674804688
3.5859100818634033
3.2939727306365967
3.686758041381836
3.5797622203826904
3.7712509632110596
4.499571323394775
3.3354592323303223
3.309717893600464
3.413241147994995
3.993121385574341
3.487401247024536
3.855785846710205
3.5834808349609375
4.086866855621338
4.3065714836120605
3.6053073406219482
3.6141083240509033
3.6219162940979004
3.4062561988830566
3.675971746444702
3.466662645339966
3.3069252967834473
3.318692445755005
3.408000946044922
3.2275390625
3.417440414428711
4.0660200119018555
3.7729485034942627
3.4192636013031006
3.903524160385132
3.618412733078003
3.8831899166107178
3.2391083240509033
3.8788414001464844
3.3031251430511475
3.4444503784179688
3.981476306915283
4.004636287689209
3.5493533611297607
3.1244678497314453
3.753636121749878
3.8887417316436768
3.3527233600616455
3.690950870513916
3.5226871967315674
4.029439449310303
3.465059757232666
3.121171712875366
3.8459975719451904
3.831958532333374
3.8493542671203613
4.37045955657959
3.6943843364715576
3.523729085922241
3.52355694770813
3.4279961585998535
3.7440860271453857
3.6078927516937256
3.5714192390441895
3.543511152267456
4.056209564208984
3.7348549365997314
4.0937652587890625
17.440013885498047
3.3503952026367188
3.4119622707366943
3.8436667919158936
3.8389718532562256
3.2780921459198
4.232040882110596
3.1125311851501465
3.4522812366485596
3.867255926132202
3.2579452991485596
3.3617005348205566
3.1433277130126953
2.699573516845703
4.058735370635986
2.8899848461151123
3.469170093536377
3.6272919178009033
3.6935997009277344
3.9907379150390625
3.217832565307617
3.7569591999053955
3.7511208057403564
3.74519419670105
3.8468644618988037
3.0573203563690186
3.704862356185913
4.013920783996582
4.079006671905518
3.363445281982422
4.037499904632568
3.791346788406372
2.9115407466888428
3.2887344360351562
3.05422043800354
3.0699844360351562
3.512267827987671
3.71748423576355
3.681339979171753
4.016955375671387
3.7336201667785645
4.304104804992676
3.1908342838287354
3.7967541217803955
3.602365255355835
3.5100045204162598
4.190425395965576
4.248822212219238
3.6305108070373535
2.960986375808716
4.139810085296631
4.167239665985107
3.54875111579895
3.5506432056427
3.389324903488159
3.8652169704437256
3.3733813762664795
3.297161102294922
4.060459136962891
3.7074296474456787
3.769911289215088
3.8692848682403564
3.08927321434021
4.3870768547058105
3.8074119091033936
3.8361268043518066
3.375666856765747
3.7573699951171875
3.962860107421875
3.922288179397583
3.713402271270752
3.409111738204956
4.2069268226623535
4.266563892364502
3.9695279598236084
3.8666350841522217
3.471884250640869
3.8584516048431396
3.5951669216156006
3.8511130809783936
3.8476130962371826
3.8264031410217285
4.045269012451172
4.027432441711426
3.495100498199463
4.111800670623779
3.652365207672119
4.278574466705322
3.21683669090271
4.017816543579102
3.584949493408203
3.2628376483917236
4.066873073577881
3.8672661781311035
3.4062702655792236
3.7841553688049316
3.7666726112365723
3.886962652206421
4.140824794769287
3.4789979457855225
3.667156219482422
4.1135454177856445
3.627469301223755
3.3460335731506348
3.4402740001678467
3.581127166748047
3.8967125415802
4.028468608856201
3.9361627101898193
3.3572354316711426
17.66697883605957
3.5060157775878906
3.5512077808380127
3.368602752685547
3.2824184894561768
4.075258255004883
3.445626974105835
4.209737300872803
3.569798231124878
4.118711948394775
3.646005392074585
3.6031112670898438
3.298135757446289
3.1813697814941406
3.5991311073303223
3.529118776321411
3.8590805530548096
3.6316192150115967
2.945718288421631
4.078488826751709
18.690282821655273
4.002230644226074
3.356252670288086
3.334216356277466
3.049464702606201
4.0010271072387695
3.3956298828125
3.3593716621398926
4.386147975921631
3.561460256576538
2.6894748210906982
4.085140228271484
3.6437408924102783
3.2558605670928955
3.924924612045288
2.7650017738342285
3.520526170730591
2.367478609085083
3.6651666164398193
3.19579815864563
3.5411369800567627
3.660025119781494
3.662534713745117
3.3862855434417725
3.440556764602661
3.3194549083709717
3.858882188796997
3.2723872661590576
3.709005832672119
3.982024908065796
3.3792903423309326
3.6777756214141846
4.058166027069092
4.1873321533203125
3.6792876720428467
3.5297958850860596
3.8183555603027344
3.7050724029541016
3.641148328781128
3.4959912300109863
3.851571798324585
3.2837073802948
3.444709539413452
3.211829900741577
3.990100860595703
3.617253541946411
3.801132917404175
3.0583863258361816
2.628838539123535
3.443476915359497
3.5216763019561768
3.8630013465881348
3.8176822662353516
3.323784589767456
3.6671829223632812
3.586066961288452
3.728379487991333
3.44818377494812
3.6930854320526123
3.9973652362823486
3.601428747177124
3.535264730453491
3.756565570831299
3.6893672943115234
17.669557571411133
3.4117095470428467
3.4263687133789062
3.62549090385437
3.392273426055908
2.9997782707214355
3.7817351818084717
3.832878828048706
3.701639175415039
3.7874553203582764
3.1654441356658936
4.127501964569092
3.524015426635742
3.604891538619995
18.062849044799805
3.5662269592285156
4.31613302230835
3.673845052719116
3.3337819576263428
3.169991970062256
3.4925320148468018
3.657865285873413
4.036686420440674
3.894796133041382
4.166625499725342
3.286254644393921
3.714818239212036
3.6479103565216064
3.356775999069214
3.5914788246154785
3.9293174743652344
3.5294220447540283
3.78196120262146
3.594146728515625
3.7119672298431396
3.1439692974090576
3.573354482650757
4.143596649169922
4.259823322296143
3.6570804119110107
3.516014575958252
3.367166519165039
4.14343786239624
3.928805112838745
3.329204559326172
3.8035247325897217
3.875074863433838
3.8864898681640625
4.440690040588379
4.016409397125244
3.2345826625823975
4.4435319900512695
3.8066375255584717
3.3831498622894287
3.636976957321167
4.0376057624816895
4.283816814422607
3.1989285945892334
3.114915609359741
3.8243699073791504
3.331120729446411
