3.594731569290161
2.6969540119171143
3.6988837718963623
4.554438591003418
4.375917434692383
3.988696336746216
4.161525726318359
3.8214683532714844
3.355436086654663
4.165628910064697
4.0610833168029785
4.405867099761963
4.440958499908447
3.5680832862854004
3.486227035522461
3.3091964721679688
4.258861064910889
3.649308443069458
3.7940940856933594
4.414334774017334
3.7123749256134033
3.3841969966888428
4.231073379516602
4.9574151039123535
3.6247003078460693
3.6232666969299316
3.9596736431121826
3.7770869731903076
4.059024333953857
3.2650508880615234
5.24251651763916
3.495668411254883
4.242323875427246
3.9669926166534424
4.12244176864624
4.124800205230713
4.434335231781006
4.046680450439453
3.6259372234344482
4.977948188781738
