5.954881191253662
4.705025672912598
5.514289379119873
4.497332572937012
3.306685447692871
4.952425003051758
2.8720593452453613
4.060506343841553
5.000664710998535
2.135526180267334
4.762321472167969
4.438364505767822
4.018672943115234
3.4070346355438232
3.743931770324707
5.28670597076416
3.280430316925049
4.249683856964111
2.421550750732422
4.800745964050293
5.003485679626465
4.043066024780273
1.2061986923217773
2.306408166885376
1.8064006567001343
2.2515933513641357
3.510976791381836
4.098110198974609
4.09050989151001
1.295119285583496
4.290398597717285
2.938777446746826
3.003066301345825
3.4292759895324707
4.084070205688477
2.9609594345092773
4.462857246398926
3.145434856414795
2.580030918121338
2.1097412109375
3.3715643882751465
3.5882320404052734
4.031167984008789
5.1591033935546875
2.027961254119873
4.842970848083496
3.755427837371826
5.064835071563721
3.744670867919922
2.1157991886138916
4.380338668823242
4.885220527648926
2.858630895614624
4.3329997062683105
4.438190937042236
3.8497965335845947
3.9296252727508545
0.28001490235328674
3.4946751594543457
2.2129647731781006
3.9850220680236816
3.0355968475341797
4.827972412109375
3.536993980407715
2.774170398712158
5.608679294586182
2.434591293334961
2.648247718811035
3.3752129077911377
1.4959685802459717
4.290532112121582
1.0411489009857178
5.325716972351074
3.37233304977417
2.917039394378662
5.062354564666748
3.1058075428009033
4.017605781555176
5.194742202758789
2.8638925552368164
5.176666736602783
2.674605131149292
5.087108612060547
3.3233413696289062
3.0984902381896973
1.2481746673583984
4.569375038146973
3.6068015098571777
1.8014280796051025
2.053670644760132
3.9416232109069824
4.2776079177856445
3.8858580589294434
4.321178436279297
2.980252742767334
4.6367974281311035
2.2008538246154785
4.284276485443115
1.6488524675369263
3.8850865364074707
5.285818099975586
1.7457714080810547
3.9138846397399902
3.402822971343994
3.5494766235351562
2.8767502307891846
3.887601613998413
3.946840524673462
7.180109024047852
2.4322197437286377
4.52993631362915
2.456286907196045
1.4015403985977173
4.01866340637207
3.7036736011505127
4.273298740386963
3.5284202098846436
2.4999794960021973
3.7657928466796875
2.2583508491516113
2.586298942565918
3.2861037254333496
4.9303083419799805
2.5373282432556152
2.7549259662628174
3.6558189392089844
4.84669303894043
2.7758777141571045
4.258738040924072
2.31172776222229
2.8319242000579834
4.754355430603027
4.316032409667969
1.3550262451171875
3.7261335849761963
4.481255054473877
3.3551578521728516
5.065004348754883
5.546217918395996
4.190833568572998
3.4258203506469727
4.826957702636719
0.950007975101471
3.7852280139923096
1.9929850101470947
2.932218551635742
2.8312225341796875
3.6316096782684326
2.979168653488159
3.1722536087036133
0.9817861318588257
3.4022700786590576
2.368237018585205
4.310687065124512
1.7481437921524048
4.1383056640625
2.5742411613464355
5.091549396514893
5.324148178100586
3.932107925415039
3.655101776123047
1.5642054080963135
3.4576289653778076
2.6645896434783936
1.9171957969665527
3.1628284454345703
4.8952107429504395
4.9195170402526855
4.399778842926025
1.9337769746780396
2.531426429748535
2.2352371215820312
4.052266597747803
4.077285289764404
2.6463429927825928
2.6829352378845215
2.6006970405578613
3.793022394180298
4.944024085998535
5.273839950561523
2.084534168243408
1.2033857107162476
3.7131896018981934
3.86574125289917
3.2485198974609375
2.8821542263031006
3.5867514610290527
3.8069074153900146
2.8968615531921387
5.036537170410156
4.184798717498779
3.1054906845092773
5.138494491577148
3.3778653144836426
2.778418779373169
4.238773345947266
3.8638782501220703
3.4053525924682617
1.2470483779907227
5.3384318351745605
3.0294809341430664
3.7409186363220215
4.094030380249023
1.5919673442840576
3.801759719848633
4.5850419998168945
4.309571266174316
3.258864641189575
4.747961521148682
2.2697863578796387
3.4492855072021484
4.660641670227051
3.9404380321502686
4.573262691497803
2.796088695526123
3.293473720550537
4.028410911560059
3.8447320461273193
3.1032984256744385
3.2262039184570312
4.108476161956787
4.062831878662109
4.2559709548950195
4.189025402069092
2.0942509174346924
3.9617414474487305
3.869760274887085
1.931907057762146
5.144792556762695
4.490177154541016
2.6673972606658936
1.2626091241836548
4.3532586097717285
4.105238914489746
4.688615798950195
3.4421613216400146
4.30825138092041
3.557447910308838
1.8172786235809326
4.061301231384277
3.3418080806732178
4.473055362701416
4.015153884887695
1.0065436363220215
2.0073838233947754
2.2427940368652344
4.285691738128662
4.325376510620117
4.422168254852295
3.386013984680176
2.514418840408325
2.819031000137329
2.2735674381256104
0.9316918253898621
2.893764019012451
0.9249617457389832
2.3778579235076904
2.9095234870910645
3.281733989715576
5.118658065795898
4.2924275398254395
1.7945133447647095
2.1559572219848633
2.210310459136963
2.6345341205596924
2.9854564666748047
3.306628465652466
4.535882949829102
4.261774063110352
2.2103848457336426
3.086397647857666
3.2040343284606934
4.290681838989258
4.371219635009766
1.1069393157958984
4.427461624145508
3.449497938156128
4.111553192138672
4.152708053588867
3.310027599334717
4.4645256996154785
4.363979339599609
2.7609617710113525
2.7571535110473633
4.197571277618408
4.4945902824401855
3.5958869457244873
2.5758392810821533
4.36630916595459
1.8945202827453613
4.443628787994385
3.794097423553467
3.135721206665039
3.6827750205993652
2.722367763519287
3.5121874809265137
1.5573666095733643
3.3888936042785645
4.458457946777344
4.582745552062988
4.342902183532715
1.9999295473098755
1.419704556465149
3.1486361026763916
2.240828037261963
1.6149606704711914
4.4664459228515625
3.1070735454559326
3.1306369304656982
4.094516277313232
5.496280670166016
3.862553119659424
3.151665210723877
1.7106808423995972
4.820332050323486
3.348194122314453
3.279587745666504
4.492892265319824
3.2234344482421875
5.209525108337402
2.2631442546844482
3.9617972373962402
1.690718412399292
3.530979871749878
4.928175926208496
4.874740123748779
4.52548885345459
4.046948432922363
5.909191608428955
4.616888523101807
4.833430767059326
3.417379856109619
5.175559997558594
4.4800543785095215
4.391272068023682
3.2207748889923096
3.404134750366211
4.356972694396973
4.568577289581299
3.687319755554199
1.9704171419143677
4.265447616577148
3.2639079093933105
2.995317220687866
5.200067520141602
2.2679336071014404
4.615782737731934
2.755375385284424
3.484600305557251
4.511747360229492
4.306858062744141
4.318747520446777
3.4834768772125244
2.585242509841919
3.0441064834594727
2.751555919647217
5.9275336265563965
4.252561569213867
4.530647277832031
3.974149227142334
1.998924732208252
1.0760986804962158
4.5560808181762695
2.846465587615967
4.550090789794922
2.5218725204467773
3.4161410331726074
3.974196672439575
1.4108788967132568
4.855708122253418
3.8288650512695312
3.045077323913574
3.847614288330078
3.55837345123291
2.386085271835327
3.000842332839966
3.835012912750244
3.5919711589813232
5.886509895324707
4.967692852020264
3.3027424812316895
4.428524971008301
1.1680779457092285
4.216300010681152
2.333366870880127
3.588451385498047
3.7634899616241455
3.9857869148254395
2.059511661529541
4.305561065673828
3.1559009552001953
4.807960510253906
3.3609514236450195
3.7197582721710205
4.381077766418457
4.432516098022461
2.607218027114868
4.6680450439453125
3.586606502532959
4.910129547119141
