0.0
0.0
0.00034862520988099277
0.6241579055786133
0.0
0.7581526041030884
0.0
0.17842791974544525
0.0
0.0005828915745951235
0.025230197235941887
0.0
0.0
0.0
6.810517311096191
0.060260072350502014
0.0
1.8312513828277588
2.2383697032928467
0.05342163145542145
0.0
0.0
0.0
0.0
2.17584228515625
8.337911605834961
1.8216841220855713
0.00031902146292850375
0.0
0.0016310404753312469
0.13542579114437103
0.0
0.0
0.0
0.3650289475917816
2.3327786922454834
0.0
0.0
0.0
0.0
1.9002115726470947
0.1059480831027031
0.0
2.824647903442383
0.00616224342957139
0.00420099962502718
0.0012469227658584714
0.2895933985710144
0.0
0.0
3.3130099773406982
0.0
0.9229903221130371
0.0
0.2584536373615265
4.355726718902588
0.0
0.0
0.029825756326317787
0.9130508303642273
2.4702506065368652
1.4782304763793945
0.004016614053398371
0.0
1.112133264541626
0.0
0.0
2.52681565284729
0.0
0.7836335301399231
0.6250991821289062
3.971203565597534
0.0
0.4880130887031555
0.0
0.005876443348824978
0.0
0.0
0.0020041181705892086
0.0
0.011828484013676643
4.932883262634277
3.121570348739624
1.5595465898513794
0.0
0.0
0.6998075246810913
0.0
0.0
3.4580485820770264
0.0
0.0
0.0
0.5069079399108887
0.15280602872371674
0.2563108801841736
0.0
0.0
0.04449646919965744
0.0
0.0
0.0
0.0
0.0
3.326591730117798
0.0
0.0
0.0
0.0
3.834425210952759
1.002570390701294
0.0
2.1624763011932373
0.0
0.0
0.0
0.6616963744163513
