77.81956481933594
110.02464294433594
160.6475830078125
121.0804443359375
127.9710922241211
144.85214233398438
77.24699401855469
111.73780822753906
174.4053192138672
64.77299499511719
142.85113525390625
138.8124237060547
159.66424560546875
115.29450988769531
143.65213012695312
115.04545593261719
110.95530700683594
110.568603515625
174.03855895996094
139.26263427734375
171.94869995117188
129.9662322998047
88.09059143066406
165.74856567382812
75.15469360351562
73.86790466308594
114.73187255859375
53.015098571777344
164.9954833984375
140.66806030273438
116.97191619873047
132.87274169921875
62.43687057495117
190.88082885742188
90.79170227050781
119.8955307006836
107.4178466796875
55.4389762878418
152.74261474609375
112.61198425292969
114.1466293334961
109.68395233154297
135.0070037841797
150.91807556152344
137.2506866455078
130.400146484375
137.71429443359375
88.33595275878906
108.17757415771484
106.71517181396484
122.2574462890625
93.39047241210938
78.13383483886719
207.37571716308594
148.14559936523438
148.6654510498047
191.733642578125
156.52059936523438
131.00839233398438
63.44287109375
120.57234191894531
110.61090087890625
125.50740051269531
37.286643981933594
73.85386657714844
151.25839233398438
75.55472564697266
142.12290954589844
139.76451110839844
179.4674072265625
88.11711883544922
174.22186279296875
74.27294921875
99.43841552734375
196.9155731201172
179.08013916015625
177.58543395996094
155.9751739501953
131.27586364746094
110.44078063964844
74.09091186523438
90.54940032958984
157.77389526367188
131.13119506835938
130.2117156982422
91.74468231201172
162.7013397216797
107.09654235839844
131.0284423828125
143.17630004882812
97.70039367675781
0.0
145.62576293945312
146.30577087402344
69.40293884277344
190.00509643554688
142.30593872070312
112.84716796875
185.59677124023438
119.06901550292969
186.61126708984375
156.5684051513672
92.09954833984375
156.45016479492188
125.17000579833984
77.08880615234375
126.05950927734375
170.52914428710938
101.94735717773438
96.5642318725586
137.2491912841797
37.2281494140625
128.09396362304688
162.78961181640625
151.54525756835938
68.75692749023438
0.0
