183.26309204101562
183.21041870117188
181.46084594726562
181.9757080078125
178.66714477539062
181.24009704589844
181.20742797851562
182.36619567871094
183.9702606201172
182.6803436279297
182.0284881591797
182.47100830078125
182.26585388183594
181.6291961669922
182.94065856933594
180.17311096191406
181.2071533203125
181.84207153320312
183.12950134277344
181.89971923828125
181.42320251464844
181.0398712158203
182.6032257080078
181.5942840576172
181.9593505859375
182.03480529785156
180.68405151367188
182.39610290527344
181.0934295654297
181.24363708496094
180.6298828125
182.97727966308594
181.26516723632812
181.38661193847656
179.43772888183594
181.94241333007812
182.57005310058594
180.72154235839844
184.00469970703125
180.58177185058594
