3.900670051574707
3.118010997772217
1.8544857501983643
5.1304612159729
3.56264066696167
2.63258695602417
3.1079063415527344
4.169553756713867
3.0216174125671387
3.5987722873687744
3.524977445602417
3.2959442138671875
2.643059253692627
0.9296411275863647
3.127268075942993
2.9624152183532715
3.7921135425567627
3.7825381755828857
2.9092655181884766
1.7506334781646729
2.268453359603882
3.4133074283599854
3.2353992462158203
3.2949647903442383
2.938176155090332
3.7393555641174316
1.9303590059280396
3.551448106765747
3.6363847255706787
2.230701446533203
1.055806279182434
4.09619140625
2.904902219772339
3.600520610809326
1.397362232208252
4.108321666717529
3.519409656524658
4.283106803894043
4.157633304595947
3.657200336456299
