0.0239885114133358
0.001594621455296874
2.5152334274025634e-05
6.115045107435435e-05
0.03867879509925842
0.013052253983914852
4.803893534699455e-05
3.4210832382086664e-05
0.0024406800512224436
0.0
0.004318182822316885
7.140014349715784e-05
2.0503577616182156e-05
0.06865589320659637
0.01160473097115755
0.003211000468581915
0.0021663589868694544
0.0007140373927541077
0.004415847826749086
0.00013880091137252748
0.2606312930583954
1.2814793990401085e-05
0.05194877088069916
0.0
0.0032803190406411886
0.003671875689178705
1.4261455535888672
0.07676868885755539
7.581129466416314e-05
1.424819827079773
0.00202438747510314
0.0005962097202427685
0.00018894957611337304
0.0005084670265205204
0.008702272549271584
0.0023098201490938663
5.8208952395943925e-05
0.003400798188522458
0.0009672616142779589
0.0005050714826211333
0.001065370044670999
1.4324591575132217e-05
0.0003436353290453553
9.65583421930205e-06
0.13390345871448517
0.01720249466598034
0.00497521972283721
0.003052978776395321
0.7972322106361389
4.16314069298096e-05
0.006555553060024977
0.00030553207034245133
0.0038522242102771997
0.00012951617827638984
0.022801440209150314
0.0001409451215295121
2.8292667865753174
0.006507423706352711
0.0011587125482037663
0.006430793087929487
0.0003043240576516837
0.02415010891854763
0.005413500126451254
0.5525766015052795
0.0003979820176027715
9.775393118616194e-05
0.00012169354886282235
0.004316183738410473
0.0
0.0393381305038929
0.19885115325450897
0.002716273069381714
1.3547091484069824
0.007892832159996033
0.002166802529245615
0.0001379392051603645
0.00040196022018790245
0.6388362050056458
0.35719937086105347
1.7338857650756836
0.00012844546290580183
0.7962982654571533
8.04169976618141e-05
0.8009307384490967
6.410260539269075e-05
0.005455376580357552
0.21233618259429932
0.016739483922719955
0.0019752595108002424
0.40921783447265625
0.006919726263731718
0.002052677795290947
1.218899978994159e-05
2.755972146987915
3.449705764069222e-05
0.6437442898750305
0.005596744362264872
9.137138840742409e-05
0.3948182165622711
0.0011840141378343105
