3.0066447257995605
2.545940399169922
3.2870986461639404
4.078235626220703
3.3158700466156006
3.4948689937591553
3.493394613265991
3.4338905811309814
3.2514283657073975
3.6865525245666504
3.157637357711792
3.7638301849365234
3.9129445552825928
3.2883362770080566
3.2277867794036865
3.0380806922912598
3.822803497314453
2.9962050914764404
3.0945849418640137
3.574991226196289
3.260820150375366
3.103799819946289
3.6074142456054688
4.513159275054932
3.444626569747925
3.209613084793091
3.4518558979034424
3.4294419288635254
3.7450428009033203
2.8158280849456787
4.465490818023682
2.8827896118164062
3.8172919750213623
3.087883472442627
3.653062582015991
3.443713903427124
3.775416612625122
3.670846700668335
3.115690231323242
3.6094233989715576
