0.9896129369735718
0.5250658392906189
0.836334228515625
1.8563029766082764
0.2287573218345642
0.7516531348228455
0.6537518501281738
0.169523686170578
1.069167971611023
0.4414338767528534
0.4516758322715759
2.407259225845337
1.0121684074401855
0.6887482404708862
1.865356206893921
1.843889594078064
0.6796786785125732
0.2765580713748932
0.7530269622802734
1.5211522579193115
0.8579788208007812
1.2780076265335083
0.9971119165420532
2.5588901042938232
1.3428573608398438
2.8932406902313232
1.211172342300415
0.9682178497314453
0.5831581950187683
0.5294317603111267
0.806696891784668
0.18859288096427917
0.6469222903251648
1.3990516662597656
0.7510323524475098
1.694901466369629
1.6989288330078125
1.4749959707260132
0.2646779417991638
1.4368045330047607
0.8009649515151978
0.8667795062065125
0.14601778984069824
1.082618236541748
2.6875953674316406
2.9041366577148438
0.863706111907959
1.0310590267181396
0.29495906829833984
0.3806518018245697
0.1518515944480896
0.45909303426742554
4.159036636352539
1.4344996213912964
1.4430105686187744
1.1239382028579712
1.3626974821090698
0.783915638923645
0.5743088722229004
1.3397216796875
0.7655165195465088
0.48373812437057495
0.8126883506774902
2.4412388801574707
1.650295615196228
1.3926506042480469
1.684541940689087
0.7033287882804871
0.798717200756073
0.44344934821128845
0.3525964617729187
0.31938838958740234
0.6589778661727905
0.5764775276184082
1.353144645690918
0.6474916934967041
0.4061111807823181
1.304497241973877
1.3284101486206055
1.3957927227020264
0.9784197807312012
1.7202763557434082
2.1343696117401123
1.3508491516113281
1.2073800563812256
0.6488504409790039
0.40871167182922363
1.1780133247375488
3.7242448329925537
1.375973105430603
1.1617405414581299
0.8220503330230713
0.9652587175369263
0.5145344138145447
1.554884910583496
0.9729686975479126
0.5282843112945557
1.3673903942108154
1.408129096031189
1.3099417686462402
