3.608907699584961
2.6693525314331055
1.7963433265686035
3.3927388191223145
2.8232274055480957
3.002584457397461
1.8238978385925293
3.1667323112487793
2.7089104652404785
3.4153928756713867
2.6613049507141113
2.716024875640869
2.0215814113616943
1.2462313175201416
3.0850377082824707
2.9619240760803223
3.590709686279297
3.944589614868164
2.059147834777832
1.127232551574707
1.7119495868682861
3.070690870285034
2.35261607170105
2.817697286605835
2.4407882690429688
3.3208909034729004
1.6408114433288574
3.664179801940918
3.2725210189819336
1.902037262916565
0.925955057144165
2.504377841949463
2.8496780395507812
3.1707370281219482
1.382216453552246
3.031329393386841
2.933225393295288
2.8944265842437744
2.7121729850769043
3.0893428325653076
