2.803335189819336
1.9617513418197632
2.783534049987793
2.481541156768799
3.468982219696045
2.6619300842285156
3.0759944915771484
1.757504940032959
2.6178016662597656
1.9300082921981812
2.062497138977051
2.752793788909912
3.6535799503326416
1.5380074977874756
3.8917980194091797
1.7075567245483398
2.7180731296539307
2.7510604858398438
2.348306179046631
1.911696434020996
2.2766880989074707
3.3673973083496094
2.2375621795654297
2.446023941040039
3.7343811988830566
1.7381383180618286
1.5676090717315674
1.417248249053955
2.0512163639068604
2.245908260345459
2.5253443717956543
2.4528026580810547
2.109893560409546
2.591123342514038
3.639463186264038
1.7967543601989746
2.8592634201049805
2.603940486907959
1.7125201225280762
2.930722713470459
2.5030059814453125
4.880747318267822
2.464590549468994
2.870349884033203
4.079400062561035
3.6156299114227295
2.9689035415649414
1.804473876953125
1.4789214134216309
2.6561803817749023
2.424912929534912
2.0278968811035156
2.0884299278259277
3.4439826011657715
2.0378332138061523
1.1866285800933838
2.738182544708252
2.618913173675537
0.48576998710632324
2.739503860473633
2.622192859649658
2.645965337753296
3.5944013595581055
2.5293197631835938
2.3933310508728027
3.6642894744873047
2.295823574066162
3.2587802410125732
2.3881115913391113
2.9019992351531982
3.1564106941223145
2.4864988327026367
2.314807415008545
4.2665510177612305
1.152891755104065
2.9660544395446777
2.8243160247802734
2.639040231704712
2.753099203109741
2.265042781829834
2.2920546531677246
1.760679841041565
3.8605153560638428
3.2061867713928223
2.3208253383636475
2.9514317512512207
2.960322380065918
2.3329319953918457
1.6554415225982666
2.6797730922698975
3.009420871734619
2.3395345211029053
2.630526542663574
2.4487218856811523
1.9936230182647705
0.695001482963562
2.0987565517425537
1.753543496131897
3.0966060161590576
2.7630670070648193
3.0094258785247803
3.0978503227233887
3.0106217861175537
2.3931093215942383
3.688509464263916
2.5860884189605713
3.520353317260742
2.8839023113250732
3.06109356880188
1.149706244468689
3.195544481277466
2.1864590644836426
1.950514554977417
3.7990920543670654
2.0798115730285645
2.435593366622925
2.8747735023498535
2.689622402191162
2.9907338619232178
2.8815903663635254
3.1640572547912598
1.311966061592102
2.2854230403900146
3.1559834480285645
3.4904139041900635
2.695676326751709
2.498223304748535
1.4833940267562866
2.587643623352051
0.9677441716194153
3.6974105834960938
2.2081871032714844
1.600128412246704
1.811356782913208
2.743119239807129
3.4841222763061523
2.870553970336914
2.0114009380340576
3.1706929206848145
2.486483097076416
2.795536994934082
1.443502426147461
3.657576084136963
3.8292155265808105
3.7810354232788086
3.0484209060668945
2.868502616882324
3.1681647300720215
2.8064146041870117
1.4045164585113525
2.787700653076172
1.840494155883789
2.775088310241699
1.404266595840454
2.8344922065734863
2.778122663497925
0.7922813892364502
3.38020658493042
2.351093053817749
3.4463319778442383
2.706850051879883
2.096287727355957
2.9991161823272705
1.863074779510498
2.2993650436401367
4.745362281799316
2.6684699058532715
2.7132115364074707
2.962256908416748
2.9798085689544678
1.7048523426055908
3.434657573699951
2.7380425930023193
1.1510436534881592
3.5082805156707764
3.6814589500427246
3.89205265045166
2.859440803527832
2.170048475265503
1.9385639429092407
3.6032655239105225
2.2065742015838623
1.7739185094833374
2.605318546295166
2.91001033782959
1.1411749124526978
1.5188440084457397
2.5488321781158447
2.151212453842163
1.2698684930801392
2.3312361240386963
2.5499792098999023
3.548879623413086
2.608764410018921
1.6404104232788086
2.393609046936035
2.2004401683807373
2.7819113731384277
2.7692368030548096
2.23982834815979
2.6626973152160645
2.846369743347168
2.6471285820007324
1.714765191078186
1.1908934116363525
4.080049514770508
2.797545909881592
2.6884727478027344
1.6159600019454956
1.0674774646759033
1.2982100248336792
3.1340460777282715
1.1591733694076538
2.500145435333252
2.9797306060791016
2.2118892669677734
3.5800013542175293
3.100520610809326
2.52876877784729
2.2372825145721436
2.479722261428833
1.6513659954071045
2.782775640487671
1.7958948612213135
3.1869068145751953
2.089176654815674
0.807496190071106
3.0551962852478027
2.565835475921631
2.2108113765716553
2.8262288570404053
2.1695423126220703
3.2142200469970703
2.8976387977600098
3.332545757293701
2.7727761268615723
2.3674161434173584
3.679591655731201
1.7250365018844604
3.54225492477417
2.2686080932617188
3.0755562782287598
2.614203929901123
3.2296035289764404
2.1717591285705566
2.5899109840393066
0.7801295518875122
1.0362534523010254
2.701578378677368
2.7016303539276123
3.059525966644287
3.0879199504852295
3.269477128982544
2.340579032897949
1.9159764051437378
3.687575101852417
2.1354711055755615
1.9458357095718384
2.6641952991485596
2.7739145755767822
2.553173065185547
2.5487027168273926
0.855988085269928
0.9448508024215698
3.389925241470337
2.008737087249756
1.7681269645690918
3.36206316947937
2.924743175506592
2.4569430351257324
1.1632392406463623
2.4381089210510254
3.757685661315918
2.918233871459961
3.225076675415039
3.049168348312378
1.0026357173919678
3.7146899700164795
2.3980345726013184
2.361611843109131
1.9588038921356201
3.0265543460845947
2.830604076385498
3.7444546222686768
2.80291748046875
1.4469048976898193
2.1990866661071777
3.427825927734375
2.6066832542419434
3.094531297683716
3.4163522720336914
2.810758590698242
2.262951135635376
1.4095040559768677
3.0297701358795166
3.8336403369903564
0.9567959904670715
2.997241735458374
2.440561056137085
1.0897440910339355
2.5489869117736816
3.0477747917175293
2.641598701477051
2.1336398124694824
2.810612440109253
3.0906033515930176
2.5640816688537598
2.2192904949188232
1.454745888710022
2.241025924682617
3.9391136169433594
4.349568843841553
3.0516767501831055
2.950578212738037
3.818962574005127
2.8585355281829834
3.2273504734039307
2.454921245574951
1.6542993783950806
2.0511474609375
3.819706678390503
3.628232002258301
2.8207244873046875
2.0786850452423096
2.4461145401000977
1.9055728912353516
2.3411526679992676
2.467823028564453
0.9120191335678101
2.6402220726013184
1.834801435470581
2.2900259494781494
3.3320157527923584
1.2173001766204834
1.657994031906128
3.0501327514648438
3.073923349380493
2.0825443267822266
2.6519041061401367
4.328620910644531
2.0342490673065186
0.8522101640701294
3.65297269821167
1.7972424030303955
2.754384994506836
3.2495980262756348
2.955232620239258
2.6188857555389404
2.4998393058776855
0.9836838245391846
2.6603686809539795
3.5347917079925537
2.7658824920654297
3.306906223297119
2.8031563758850098
2.995419979095459
3.2618017196655273
3.232390880584717
3.387174129486084
0.8579160571098328
2.5187835693359375
0.7466484308242798
2.6660726070404053
1.637526273727417
1.8078789710998535
2.318514108657837
1.5319137573242188
0.6206744313240051
2.001466751098633
3.51568603515625
3.541067123413086
3.2836427688598633
2.8712167739868164
2.3789546489715576
3.9296224117279053
2.291632890701294
3.892646312713623
1.3865253925323486
3.0211129188537598
2.466930627822876
3.4948408603668213
3.7071533203125
2.853713035583496
2.4328794479370117
2.9068477153778076
2.034207582473755
1.9536515474319458
1.8783438205718994
3.476499319076538
3.6044840812683105
2.0152957439422607
2.6597156524658203
3.2444067001342773
3.19262433052063
3.2031350135803223
1.9992307424545288
1.8235830068588257
3.0459625720977783
1.7899525165557861
3.21290922164917
