7.569568157196045
8.770157814025879
6.247396469116211
7.181300163269043
8.8502779006958
7.901311874389648
2.9718546867370605
8.358588218688965
6.537631034851074
7.903594970703125
7.60150146484375
7.350588798522949
7.715844631195068
7.375474452972412
7.854026794433594
7.377453804016113
5.703122615814209
9.469135284423828
8.544245719909668
8.863370895385742
6.907847881317139
9.364618301391602
5.570808410644531
9.561124801635742
5.686606407165527
6.35282039642334
7.448047637939453
7.878269195556641
7.203945159912109
9.460970878601074
6.007195949554443
5.5938544273376465
7.903626441955566
9.320195198059082
7.687262535095215
6.436543941497803
7.887290954589844
4.892857551574707
3.7288386821746826
7.956502437591553
6.552501678466797
9.545553207397461
6.077508926391602
7.394026756286621
5.96542501449585
6.8614501953125
8.822295188903809
7.740262031555176
5.634692668914795
6.666924476623535
6.7698822021484375
6.414010524749756
6.26258659362793
6.657828330993652
8.663217544555664
9.835819244384766
7.965785026550293
7.741368770599365
8.011858940124512
6.835685729980469
6.153051376342773
7.6573805809021
8.053489685058594
8.33271598815918
7.619052410125732
7.833911895751953
7.658132553100586
7.938235759735107
7.208103179931641
9.107559204101562
6.056730270385742
6.418213844299316
8.555453300476074
5.775661468505859
7.030607223510742
9.527029991149902
5.206515312194824
6.06002140045166
5.82120418548584
9.277959823608398
7.496542930603027
9.529173851013184
7.1312785148620605
7.611396789550781
7.448975563049316
8.261326789855957
6.362157344818115
9.314571380615234
8.498942375183105
5.233109474182129
9.158027648925781
8.447623252868652
7.299628257751465
7.422399044036865
7.371354579925537
7.386287212371826
6.279486656188965
6.89638614654541
6.324138641357422
7.876575469970703
