3.101346731185913
2.609327793121338
3.274693250656128
3.9893500804901123
3.2036988735198975
3.516070604324341
3.3779075145721436
3.4369447231292725
3.2110321521759033
3.667863607406616
3.0955333709716797
3.7129275798797607
3.9112915992736816
3.161325454711914
3.2728798389434814
2.966479539871216
3.725773572921753
3.0940377712249756
3.1383779048919678
3.578716278076172
3.1944503784179688
3.1641056537628174
3.5194900035858154
4.35881233215332
3.485419988632202
3.226273775100708
3.4036242961883545
3.473520278930664
3.7011189460754395
2.818474054336548
4.438017845153809
3.0063390731811523
3.7290573120117188
3.104525089263916
3.582413911819458
3.390852451324463
3.622745990753174
3.6995460987091064
3.0997142791748047
3.5051956176757812
