240.9934844970703
237.30816650390625
236.07501220703125
240.40452575683594
241.31423950195312
238.81289672851562
240.33216857910156
243.25840759277344
239.1363983154297
239.2608642578125
241.11441040039062
237.3970184326172
243.45245361328125
235.17373657226562
239.1371612548828
244.178955078125
241.2525634765625
245.5074462890625
240.52206420898438
237.33216857910156
237.9471893310547
240.69091796875
236.35421752929688
232.61268615722656
245.33221435546875
241.62939453125
241.84828186035156
235.86634826660156
238.9447784423828
226.51499938964844
235.9302520751953
221.3486328125
235.73321533203125
240.84693908691406
239.1088104248047
237.65298461914062
227.5012664794922
236.0899200439453
238.03448486328125
235.97705078125
236.35890197753906
238.2342529296875
243.69674682617188
242.32469177246094
243.2615966796875
237.56932067871094
241.10943603515625
236.41773986816406
241.63711547851562
233.7312774658203
240.3907470703125
242.55023193359375
237.43829345703125
240.29383850097656
240.05538940429688
240.41018676757812
239.23939514160156
229.58578491210938
233.05609130859375
244.10816955566406
234.45497131347656
234.9170379638672
237.5226593017578
241.41378784179688
242.8919219970703
239.43499755859375
236.8741912841797
241.8216094970703
241.05621337890625
237.2635498046875
240.00228881835938
240.17015075683594
241.01539611816406
231.7849884033203
234.76065063476562
235.81260681152344
240.54759216308594
243.3424530029297
244.4675750732422
238.17149353027344
218.20315551757812
242.96978759765625
238.861083984375
238.23196411132812
244.12442016601562
240.34437561035156
239.17564392089844
237.8402099609375
241.56878662109375
225.59576416015625
239.15292358398438
234.52017211914062
237.8505859375
239.4644775390625
239.2636260986328
234.4374542236328
233.22561645507812
240.39930725097656
225.42991638183594
242.43576049804688
237.7620849609375
232.68516540527344
238.43772888183594
244.99301147460938
236.66195678710938
238.7388153076172
242.99838256835938
236.79798889160156
232.58624267578125
237.23031616210938
237.60400390625
238.98924255371094
233.40187072753906
242.00372314453125
240.22250366210938
238.85964965820312
241.917236328125
244.86776733398438
237.71751403808594
238.0496826171875
241.45550537109375
244.17274475097656
243.95628356933594
236.37030029296875
235.90936279296875
241.70278930664062
241.876220703125
238.87075805664062
240.71096801757812
235.86447143554688
237.79290771484375
234.08251953125
240.53594970703125
229.61215209960938
240.6719207763672
237.4995880126953
243.02999877929688
238.45111083984375
241.46896362304688
238.28070068359375
231.9979705810547
232.34963989257812
244.1466827392578
238.50357055664062
229.61375427246094
234.06256103515625
237.8754119873047
243.9869384765625
242.72207641601562
245.04757690429688
248.2683563232422
236.12619018554688
233.72044372558594
235.55136108398438
224.65875244140625
239.61407470703125
224.8657989501953
237.570068359375
237.34335327148438
232.9829864501953
236.04058837890625
243.03570556640625
241.27545166015625
239.77438354492188
246.03311157226562
245.00057983398438
236.79776000976562
240.36599731445312
239.96807861328125
238.87069702148438
231.65377807617188
239.52024841308594
240.33294677734375
238.36907958984375
233.3878936767578
238.2139892578125
244.2335662841797
228.90750122070312
240.20855712890625
222.67982482910156
236.67935180664062
240.5076446533203
235.86203002929688
240.66763305664062
239.3496551513672
244.99977111816406
242.28085327148438
242.33738708496094
245.00143432617188
239.19573974609375
240.4411163330078
239.8973846435547
237.9094696044922
243.57095336914062
243.87098693847656
240.56488037109375
243.510986328125
240.75906372070312
229.03399658203125
236.88494873046875
230.6752471923828
239.9017333984375
240.46974182128906
236.4827423095703
237.37135314941406
238.96444702148438
236.6573486328125
240.22520446777344
241.5208740234375
234.66366577148438
238.56326293945312
240.86843872070312
243.5142059326172
240.03709411621094
236.11737060546875
241.53378295898438
242.44482421875
237.98236083984375
237.940185546875
237.52838134765625
239.388671875
241.5097198486328
239.61483764648438
238.0663604736328
227.40145874023438
241.94137573242188
236.98023986816406
223.66842651367188
241.4721221923828
241.78684997558594
230.99334716796875
233.4744873046875
242.87564086914062
244.56385803222656
237.89236450195312
235.2969512939453
230.15765380859375
241.31521606445312
223.72735595703125
240.56040954589844
244.18264770507812
235.95205688476562
246.28366088867188
240.92779541015625
236.96885681152344
231.57435607910156
237.54229736328125
241.83053588867188
239.45082092285156
238.90115356445312
231.15274047851562
238.78082275390625
226.88232421875
224.35401916503906
240.4810028076172
235.3102264404297
248.1059112548828
238.65618896484375
237.70645141601562
239.57437133789062
242.66619873046875
245.07977294921875
226.23916625976562
246.3331756591797
239.59176635742188
230.03201293945312
240.27420043945312
240.0645294189453
237.46551513671875
237.04725646972656
227.95413208007812
238.92288208007812
236.94046020507812
236.20896911621094
236.6729736328125
241.18350219726562
243.8567352294922
230.86993408203125
237.03152465820312
236.42701721191406
239.02374267578125
239.34910583496094
226.60243225097656
236.72821044921875
237.73007202148438
238.05447387695312
236.08804321289062
240.95838928222656
241.64645385742188
237.39071655273438
229.50892639160156
240.52210998535156
226.44740295410156
234.54452514648438
243.35885620117188
233.45077514648438
239.875
236.37452697753906
228.48086547851562
237.18356323242188
238.87008666992188
222.869140625
240.8152313232422
227.12258911132812
235.98367309570312
246.8344268798828
238.9647216796875
241.74063110351562
239.19607543945312
236.51425170898438
238.3170166015625
237.14370727539062
248.17665100097656
235.5717315673828
238.23394775390625
242.09474182128906
235.80361938476562
244.09140014648438
234.43182373046875
244.14541625976562
238.89996337890625
246.21365356445312
237.10494995117188
227.2396240234375
240.93385314941406
238.57017517089844
240.078369140625
243.62193298339844
239.39694213867188
236.08773803710938
237.0458984375
236.00650024414062
231.16458129882812
238.5334014892578
239.76950073242188
240.23854064941406
232.26266479492188
235.21786499023438
236.92507934570312
242.59365844726562
216.5892333984375
237.459228515625
235.86386108398438
233.4628143310547
237.00534057617188
233.1795196533203
244.69911193847656
236.28768920898438
239.0367431640625
237.71014404296875
239.32704162597656
235.72096252441406
239.6458740234375
236.58554077148438
237.14263916015625
233.73309326171875
237.91482543945312
241.13772583007812
241.44520568847656
240.33486938476562
229.8746337890625
226.22930908203125
226.572509765625
242.63235473632812
239.76898193359375
228.35003662109375
242.4658966064453
233.06143188476562
239.71542358398438
233.40567016601562
241.01937866210938
246.747802734375
241.50083923339844
235.09185791015625
234.75538635253906
249.87757873535156
240.9048309326172
237.9232177734375
240.1529083251953
240.9036865234375
226.27963256835938
238.07293701171875
242.69113159179688
241.0161895751953
236.54043579101562
236.740234375
240.8525390625
237.41087341308594
237.96258544921875
237.22390747070312
236.45626831054688
240.64181518554688
237.15084838867188
242.18679809570312
238.20150756835938
239.18533325195312
239.4168701171875
240.0326690673828
236.72064208984375
239.1632080078125
