107.23106384277344
105.95082092285156
89.31370544433594
104.67378997802734
94.06319427490234
51.275726318359375
60.02650451660156
112.15911865234375
84.69397735595703
64.42741394042969
74.56611633300781
81.49505615234375
108.31425476074219
78.68818664550781
92.54350280761719
109.676513671875
93.59439086914062
77.87281036376953
60.98737716674805
89.95127868652344
102.79924011230469
98.38351440429688
99.37208557128906
89.66928100585938
82.54336547851562
111.0875473022461
112.69845581054688
84.41048431396484
80.37774658203125
90.72691345214844
78.11638641357422
84.67411804199219
94.91610717773438
98.07341003417969
64.42073059082031
86.0267562866211
86.53900146484375
83.76940155029297
85.41948699951172
123.89775085449219
52.59197998046875
105.42094421386719
98.31330871582031
76.98299407958984
99.09103393554688
96.10497283935547
71.50569915771484
103.9215087890625
93.90916442871094
78.96089172363281
92.8421859741211
91.3164291381836
107.03655242919922
103.08201599121094
80.81578063964844
100.60171508789062
104.52720642089844
97.5338134765625
77.93572998046875
112.53057098388672
67.83370208740234
86.75808715820312
62.657310485839844
80.77857208251953
86.65663146972656
92.02297973632812
99.51329040527344
75.2957763671875
63.3863639831543
83.87571716308594
100.73558044433594
117.42068481445312
67.785400390625
61.7627067565918
83.25850677490234
104.69017028808594
95.95433044433594
92.2223129272461
80.77265930175781
85.02626037597656
88.50154876708984
105.0056381225586
84.0279769897461
87.60952758789062
77.01995086669922
79.06887817382812
96.05620574951172
88.41860961914062
105.83610534667969
103.39427185058594
72.51480102539062
87.1477279663086
92.58404541015625
74.70708465576172
97.0056381225586
103.00100708007812
76.1214599609375
84.67684936523438
82.30503845214844
108.48980712890625
