4.644837856292725
2.98258638381958
4.666333198547363
3.9567818641662598
2.5212738513946533
2.8634119033813477
2.7345869541168213
3.2004830837249756
4.54534387588501
1.8863632678985596
2.64262318611145
3.1351633071899414
2.89298152923584
2.871866226196289
2.770846366882324
3.634765148162842
1.9161465167999268
3.276578187942505
2.6222310066223145
3.5642142295837402
4.07343053817749
3.7814059257507324
0.9291650056838989
2.418534755706787
1.688059687614441
2.111330270767212
3.083906650543213
2.5571324825286865
3.2411606311798096
1.4106765985488892
3.762753963470459
3.2293701171875
2.421623468399048
3.241464138031006
4.113490104675293
3.229246139526367
2.541377305984497
2.4477992057800293
2.6082828044891357
2.2132973670959473
2.949401378631592
2.0253281593322754
3.1367104053497314
4.135190963745117
1.7233814001083374
3.5739755630493164
3.0301427841186523
3.6945784091949463
3.0325162410736084
1.622996211051941
4.007092475891113
3.304675579071045
2.353734254837036
3.1095588207244873
3.6046743392944336
3.11940860748291
3.7380356788635254
0.8889036178588867
2.1273865699768066
3.044447660446167
2.906243324279785
2.6247928142547607
3.9171621799468994
3.41133451461792
2.7641162872314453
3.754941463470459
2.3717563152313232
2.5731148719787598
2.794938087463379
2.331852674484253
4.437896728515625
1.0550347566604614
4.09916877746582
2.73018217086792
3.0965375900268555
3.8895726203918457
2.705461263656616
3.192898750305176
4.066195011138916
3.095789909362793
3.666229009628296
3.114089012145996
3.6189069747924805
3.5607409477233887
3.261597156524658
2.4256889820098877
4.276340484619141
2.411910057067871
1.9221343994140625
1.4901065826416016
3.6891870498657227
3.4545626640319824
3.1820714473724365
4.08003568649292
2.9687371253967285
3.3587632179260254
2.393981695175171
3.493723154067993
1.2362287044525146
3.699533700942993
4.232650279998779
1.543792486190796
3.481227397918701
3.4087843894958496
2.7960848808288574
2.9950146675109863
3.5993638038635254
2.7763099670410156
5.746217727661133
2.089907169342041
3.5131936073303223
2.419356346130371
1.4397388696670532
3.979043960571289
3.0933871269226074
4.2037248611450195
3.1348533630371094
2.0620875358581543
3.7209296226501465
2.3828654289245605
1.7376716136932373
2.2289090156555176
4.052639484405518
3.117414951324463
2.4750306606292725
3.3056535720825195
4.335744857788086
2.7567508220672607
3.6374411582946777
1.4091298580169678
2.6348018646240234
3.628850221633911
3.0160584449768066
1.8574318885803223
2.89447021484375
4.191424369812012
2.7920303344726562
3.777109384536743
4.484264373779297
3.9295852184295654
3.2769205570220947
3.6296451091766357
0.9845199584960938
4.290091514587402
1.6888439655303955
2.324350357055664
2.915647029876709
3.1142940521240234
3.625520706176758
2.76979923248291
0.4650323987007141
3.2336742877960205
2.0181610584259033
3.066098690032959
1.0870050191879272
3.5039024353027344
2.0622613430023193
3.2312934398651123
4.263110160827637
2.897507667541504
2.8338189125061035
1.408537745475769
2.957303524017334
2.8508238792419434
2.075840473175049
3.034414052963257
4.149866580963135
4.128393650054932
4.414445877075195
1.6482412815093994
3.0586941242218018
2.4701619148254395
3.3738465309143066
3.2522549629211426
2.821802854537964
2.543349504470825
2.4554543495178223
2.923779010772705
4.451955318450928
3.1288394927978516
2.3006677627563477
0.9921094179153442
3.357804775238037
3.386131763458252
2.89848256111145
3.001631259918213
2.6809005737304688
4.115049362182617
2.8743019104003906
4.619325160980225
3.750422954559326
2.9804811477661133
4.62465763092041
2.6850857734680176
2.201158285140991
3.4387762546539307
3.873806953430176
3.194345235824585
1.1914455890655518
4.945718765258789
2.506720542907715
2.828490734100342
3.3470799922943115
1.4650940895080566
3.7044644355773926
3.584766387939453
2.598966598510742
2.3405232429504395
3.99784779548645
2.1770663261413574
2.6935601234436035
4.874083995819092
2.8196539878845215
4.092394828796387
2.7244720458984375
2.7038350105285645
3.6555094718933105
2.516758918762207
2.9729127883911133
2.4675731658935547
3.558854341506958
3.7870731353759766
4.098496437072754
4.063968658447266
1.4976884126663208
3.0070252418518066
3.3517208099365234
1.4770689010620117
3.8431944847106934
4.471543312072754
2.0178890228271484
0.9597893357276917
3.7061567306518555
3.0754337310791016
3.616726875305176
2.052518367767334
3.5184388160705566
2.9765806198120117
1.0107388496398926
3.5822529792785645
2.026620388031006
3.2720327377319336
3.0519967079162598
0.9739204049110413
1.5931246280670166
2.7477269172668457
4.35304069519043
3.372304916381836
3.4734385013580322
3.072653293609619
2.7695295810699463
2.655817985534668
2.2434334754943848
1.4944038391113281
3.2964870929718018
0.6286808252334595
2.204179525375366
2.1772055625915527
3.1276888847351074
3.1146140098571777
3.8840689659118652
2.4527440071105957
2.3074638843536377
3.1430819034576416
3.2807042598724365
1.7234952449798584
3.10481595993042
3.4370808601379395
3.6279449462890625
1.8108830451965332
1.885237455368042
2.39735746383667
3.846285820007324
2.953991413116455
1.0923336744308472
2.989400625228882
2.6798133850097656
2.5203747749328613
2.35282564163208
3.7438950538635254
3.4495208263397217
3.2420363426208496
2.4876458644866943
2.0377604961395264
3.802168130874634
3.7336277961730957
3.469874382019043
2.4310052394866943
3.9234209060668945
2.286590576171875
3.927781105041504
3.2031993865966797
3.207629442214966
3.998171091079712
2.204942464828491
3.0462136268615723
1.722312569618225
3.034780740737915
4.25455379486084
4.426609516143799
2.8956282138824463
1.7794101238250732
2.1471917629241943
3.2307522296905518
2.7943663597106934
2.5163326263427734
3.2887039184570312
3.4285085201263428
2.442070960998535
3.57417631149292
3.82539439201355
3.580348253250122
2.9076712131500244
1.3973747491836548
4.167884826660156
2.7796518802642822
2.770080327987671
4.002554893493652
2.3822994232177734
3.7418482303619385
2.0256400108337402
2.83042049407959
1.513658046722412
2.909104824066162
3.7819290161132812
3.4229769706726074
3.8343091011047363
3.7502646446228027
4.205498695373535
3.562087297439575
4.055518627166748
2.615884780883789
4.081698894500732
3.4139318466186523
4.000627517700195
3.305469036102295
1.7410235404968262
3.618201494216919
3.4114890098571777
3.000096321105957
1.9563062191009521
3.089609384536743
2.401876926422119
3.488192558288574
4.408627510070801
2.1690242290496826
3.335864305496216
2.801365375518799
2.632857322692871
3.688950300216675
3.7255401611328125
4.251273155212402
3.702601909637451
2.4648780822753906
2.079784393310547
2.225886344909668
4.468966484069824
2.8139374256134033
4.007437705993652
2.7479100227355957
1.1540448665618896
0.7579147219657898
3.6921818256378174
2.2801051139831543
3.6401655673980713
1.768747329711914
3.4282350540161133
3.226266860961914
1.0615036487579346
3.326843738555908
3.2466788291931152
3.286656141281128
3.787400245666504
3.0655901432037354
2.5069704055786133
2.564490795135498
4.165306568145752
3.0270707607269287
3.5801000595092773
4.998867988586426
3.5617544651031494
3.193380355834961
1.3771612644195557
2.994414806365967
2.130734920501709
3.1993560791015625
4.054824352264404
3.5067124366760254
2.317678928375244
3.219919204711914
2.4431087970733643
4.663580894470215
2.4027271270751953
3.6072609424591064
4.305086612701416
3.769620418548584
3.708354949951172
3.4105775356292725
3.2248950004577637
3.5547471046447754
