0.0076722498051822186
0.13943913578987122
0.4174741506576538
0.7662391662597656
0.3862290382385254
0.23148462176322937
0.006251580081880093
1.5029845237731934
0.0002934566291514784
0.5892347693443298
1.210569977760315
0.0
0.7198158502578735
1.0055060386657715
1.7090739011764526
1.0251086950302124
0.0
0.0
0.3757193982601166
0.6627751588821411
2.7283878326416016
0.16478486359119415
0.43493568897247314
0.01402432844042778
0.0
0.003184711094945669
0.01217345055192709
0.0
0.7032634615898132
2.03048038482666
0.8074016571044922
1.5979795455932617
0.0623340979218483
0.9330298900604248
0.05683878809213638
1.253050684928894
0.0016679076943546534
0.07165045291185379
0.4554446339607239
0.588157057762146
1.1447256803512573
0.5271681547164917
0.237006276845932
1.743669033050537
0.09820710867643356
0.0
1.5143935680389404
0.0529562346637249
2.1517202854156494
0.7042691111564636
2.673799514770508
1.0690836906433105
0.6851460337638855
0.4346558451652527
0.15087616443634033
0.01706811413168907
0.38340136408805847
0.010264318436384201
0.007113449275493622
0.0011365514947101474
0.8575035929679871
0.0
0.1923220157623291
0.0
0.0004703350132331252
1.948103666305542
0.37583479285240173
1.1943027973175049
0.16496509313583374
1.4764888286590576
0.24316774308681488
0.3165621757507324
2.7676358222961426
0.007307658903300762
0.958180844783783
1.6677849292755127
0.615955114364624
0.17635703086853027
0.5555920600891113
0.043953847140073776
2.5699822902679443
0.0010684384033083916
0.07896257191896439
0.470156192779541
1.5391442775726318
0.1360279619693756
3.3553895950317383
0.044302672147750854
0.40096336603164673
1.369506597518921
1.0264036655426025
0.0
1.874674677848816
0.17927120625972748
0.0
2.0951719284057617
0.029846496880054474
1.835689902305603
0.835260808467865
0.010179894044995308
2.2520437240600586
2.957343578338623
0.437539666891098
1.654627799987793
0.41346800327301025
0.6740694046020508
0.34142589569091797
0.23497705161571503
2.4661953449249268
0.09339404106140137
1.752091884613037
0.146208256483078
0.000356630131136626
0.6009794473648071
0.002480963245034218
1.335156798362732
0.0
