4.044179916381836
3.211249828338623
3.330568313598633
3.270419120788574
3.5318028926849365
2.4992966651916504
2.9589428901672363
1.6896145343780518
3.3467960357666016
3.3341970443725586
2.7771599292755127
2.7627692222595215
1.4552842378616333
3.236238956451416
3.8482460975646973
2.948852300643921
2.999458074569702
3.115222454071045
2.9696712493896484
2.8858652114868164
3.0485408306121826
2.677600383758545
3.0812788009643555
1.971268653869629
3.1111536026000977
3.26643705368042
2.4517574310302734
3.2705788612365723
3.5266518592834473
3.983008861541748
2.1137542724609375
3.0732126235961914
3.4570422172546387
4.260820388793945
2.878408908843994
3.422884225845337
3.2528610229492188
3.114215850830078
2.9217376708984375
2.5726699829101562
