0.0
0.0
0.0003983579226769507
0.6869595050811768
0.0
0.025855395942926407
0.0
0.19758403301239014
0.0
0.0008011594763956964
0.0014142623404040933
0.0
0.0
0.0
0.6455376148223877
0.009915445931255817
0.0
0.8249395489692688
1.3734965324401855
0.11427750438451767
0.0
0.0
0.0
0.0
1.301079273223877
8.014830589294434
0.9822763204574585
0.0002137561677955091
0.0
0.002834851620718837
0.009722399525344372
0.0
0.0
0.0
0.16566479206085205
0.5478367805480957
0.0
0.0
0.0
0.0
0.6655042171478271
0.039076387882232666
0.0
1.0901100635528564
0.013153532519936562
0.006178315728902817
0.0003384398005437106
0.06379187852144241
0.0
0.0
3.3298656940460205
0.0
1.042909860610962
0.0
0.05968819931149483
2.978508710861206
0.0
0.0
0.024209966883063316
1.6683239936828613
1.1839516162872314
1.027388572692871
0.002460791962221265
0.0
0.8321939706802368
0.0
0.0
2.6765658855438232
0.0
0.6155439019203186
0.18759198486804962
3.796780586242676
0.0
0.2559034526348114
0.0
0.0031681209802627563
0.0
0.0
0.0003330194449517876
0.0
0.060478296130895615
4.345183372497559
2.9761593341827393
0.010973833501338959
0.0
0.0
0.3694217801094055
0.0
0.0
1.3382011651992798
0.0
0.0
0.0
0.09228787571191788
0.009768344461917877
0.15156498551368713
0.0
0.0
0.015050357207655907
0.0
0.0
0.0
0.0
0.0
1.17818284034729
0.0
0.0
0.0
0.0
3.4320743083953857
0.49219757318496704
0.0
1.5136061906814575
0.0
0.0
0.0
0.1035144105553627
