0.8203844428062439
1.3298249244689941
0.2462402880191803
0.4926571249961853
0.48706623911857605
3.1835951805114746
0.06925638020038605
0.0010419634636491537
1.329232096672058
0.09390415251255035
2.5551810264587402
0.01727353222668171
1.193083643913269
1.5242550373077393
3.877156972885132
1.2499547004699707
0.9843277335166931
1.030659556388855
1.916521430015564
1.4161609411239624
3.8711047172546387
0.2774159014225006
0.39926931262016296
1.4275307655334473
0.021291857585310936
7.236965029733256e-05
0.008284872397780418
0.00013423642667476088
0.4901009202003479
1.9835903644561768
1.363450527191162
0.36804208159446716
0.11246584355831146
4.295102119445801
0.03978271782398224
2.1699700355529785
1.13039231300354
2.3071224859450012e-05
2.2989554405212402
0.554867684841156
3.3141579627990723
0.050399135798215866
0.0024168568197637796
2.791466474533081
1.2443292140960693
2.2737503051757812
1.0120526552200317
0.03603298217058182
5.191651344299316
1.2638390064239502
3.3172836303710938
3.482395887374878
0.5759255290031433
2.665313243865967
2.4929986000061035
1.483478307723999
2.557234048843384
0.6118625402450562
0.000476971676107496
8.439725206699222e-06
0.11307854950428009
0.984474778175354
1.220123529434204
0.04244477301836014
1.2914089893456548e-05
3.7839608192443848
0.00017142685828730464
0.09040798991918564
0.8233460783958435
1.3371171951293945
1.4214423894882202
0.23583857715129852
3.9279470443725586
5.831186626892304e-06
1.032555103302002
5.06237268447876
0.2614964246749878
0.001394490129314363
0.9826239347457886
8.152890222845599e-05
3.0265073776245117
0.01517611276358366
1.1087417602539062
1.5369939804077148
0.13414998352527618
0.09927649796009064
3.113788604736328
0.012074768543243408
1.1005598306655884
1.7873409986495972
0.9728488922119141
0.0
0.6613872647285461
0.6322781443595886
0.8525587320327759
4.197623252868652
0.14473465085029602
2.5871896743774414
0.4506382346153259
0.7022823095321655
2.354152202606201
1.6530393362045288
0.008575981482863426
4.31564998626709
0.0037672393955290318
0.6256353259086609
0.056486859917640686
0.8015095591545105
2.543801784515381
0.0005231377435848117
2.2946972846984863
0.00533905578777194
0.6562701463699341
0.5912647247314453
1.547311782836914
0.4151942729949951
0.0
