3.7804319858551025
3.0648040771484375
1.6773954629898071
4.988197326660156
3.4304723739624023
2.5337250232696533
3.154644012451172
4.050787925720215
2.884615659713745
3.5284647941589355
3.4542789459228516
3.0976157188415527
2.5170669555664062
1.1027863025665283
3.05679988861084
2.9099478721618652
3.831397533416748
3.6345224380493164
2.829399824142456
1.5406869649887085
2.060091733932495
3.2829103469848633
3.1936771869659424
3.0930488109588623
2.7659778594970703
3.6235923767089844
1.6895581483840942
3.5039355754852295
3.3681182861328125
2.102461814880371
1.162521243095398
3.9442100524902344
2.7940988540649414
3.5311405658721924
1.3098329305648804
4.04344367980957
3.2972354888916016
4.191458225250244
3.8057150840759277
3.529849052429199
