3.984408140182495
2.7159528732299805
1.176302433013916
3.4917807579040527
2.9204368591308594
3.1046676635742188
2.345954179763794
3.282888412475586
2.628638505935669
3.584606170654297
2.5587270259857178
2.603471279144287
1.9555699825286865
1.652880072593689
3.119147539138794
3.115438461303711
2.9742977619171143
3.840970516204834
2.3173422813415527
0.8774641752243042
1.8273942470550537
2.977538585662842
2.9571123123168945
2.5575475692749023
2.547823429107666
3.8302433490753174
1.7082626819610596
3.5630321502685547
3.130469560623169
2.619540214538574
1.5104552507400513
2.666459083557129
2.6884708404541016
3.3001837730407715
1.6682064533233643
3.0228328704833984
2.5507657527923584
3.312445640563965
2.808237075805664
3.073429584503174
