3.7250523567199707
3.0151336193084717
1.705747365951538
4.9721527099609375
3.368001937866211
2.620835065841675
2.8803205490112305
3.931185007095337
2.9671928882598877
3.438509941101074
3.3886327743530273
3.147426128387451
2.495678663253784
0.9199974536895752
3.10264253616333
2.747929573059082
3.6755223274230957
3.6295855045318604
2.9101169109344482
1.7658318281173706
2.1443097591400146
3.280663013458252
3.1924118995666504
3.1751601696014404
2.870821952819824
3.6527292728424072
1.8369518518447876
3.489959716796875
3.3825371265411377
2.132373809814453
1.0973854064941406
3.8458425998687744
2.7143945693969727
3.3304624557495117
1.3782687187194824
4.075926303863525
3.2324366569519043
3.929257869720459
3.814608573913574
3.482433557510376
