240.5274658203125
243.57452392578125
249.2186279296875
239.53775024414062
241.7041015625
239.6168212890625
246.3936004638672
241.09304809570312
245.48410034179688
243.23745727539062
241.19900512695312
245.10498046875
240.96238708496094
237.46978759765625
238.3883819580078
241.84420776367188
235.03518676757812
240.30410766601562
244.5146484375
245.62808227539062
233.8267822265625
245.7353057861328
238.01776123046875
243.94064331054688
243.26458740234375
241.94288635253906
245.6549835205078
242.37661743164062
238.79666137695312
249.6830291748047
245.07217407226562
243.56192016601562
244.83819580078125
243.42349243164062
249.9813232421875
239.68649291992188
245.08856201171875
236.46812438964844
239.82908630371094
243.63812255859375
