1.1009302139282227
0.8055286407470703
1.4774768352508545
2.082953929901123
0.4037761092185974
0.730614185333252
0.7914865016937256
0.32653915882110596
0.8168875575065613
0.3635854125022888
0.22720927000045776
2.0876412391662598
0.8577682375907898
0.5815763473510742
1.893467903137207
2.023818254470825
0.5756439566612244
3.4091992378234863
0.30674540996551514
1.8499505519866943
0.5791922807693481
1.3614366054534912
1.0591858625411987
1.9964202642440796
2.0483920574188232
2.668769359588623
1.3959600925445557
0.8384944796562195
0.17936371266841888
0.39400678873062134
0.310545951128006
0.8313064575195312
0.5496591925621033
0.7537893056869507
1.1638904809951782
1.835054636001587
1.7330869436264038
1.3761827945709229
0.3530476987361908
1.5612249374389648
1.0321707725524902
0.3788435459136963
0.24714545905590057
2.165722608566284
2.316004991531372
3.633554458618164
0.7236388921737671
1.2805569171905518
0.3664945960044861
0.48210763931274414
0.7903637886047363
0.7597395181655884
3.70135498046875
0.8729540705680847
1.35053288936615
1.7890218496322632
1.655311942100525
1.4455235004425049
0.675484299659729
1.0060957670211792
0.47407639026641846
0.3042922914028168
0.7797507643699646
2.3565268516540527
1.5155384540557861
2.0784811973571777
2.097722053527832
0.6137030720710754
1.5331056118011475
0.07824577391147614
0.3605838716030121
0.03572878986597061
0.6428161859512329
0.2270197868347168
1.4823354482650757
0.6874048709869385
0.6670411825180054
1.2507739067077637
1.2433360815048218
1.211175799369812
0.9786942005157471
1.489915370941162
1.8657808303833008
1.3295778036117554
0.481717586517334
1.0231081247329712
0.7670771479606628
1.1377400159835815
3.4744796752929688
1.3895413875579834
1.0862987041473389
0.9420133829116821
0.631161093711853
0.8079540729522705
1.8483376502990723
0.6847594976425171
0.4621292054653168
1.8358867168426514
2.8326025009155273
1.51300048828125
