32.75303268432617
47.60222625732422
64.10525512695312
46.26408004760742
49.95595932006836
55.06260299682617
31.590734481811523
48.45893478393555
86.58657836914062
23.193700790405273
64.380126953125
61.06956100463867
68.69154357910156
46.11876678466797
61.30458068847656
52.360443115234375
52.51920700073242
51.198524475097656
72.44842529296875
67.53678894042969
71.53675842285156
51.43867111206055
33.321006774902344
75.23375701904297
32.65654754638672
34.262001037597656
50.781978607177734
20.56321144104004
69.2395248413086
59.98285675048828
48.48479461669922
50.25084686279297
23.409442901611328
90.03266906738281
47.403404235839844
55.26986312866211
51.500694274902344
25.377914428710938
64.00538635253906
49.4832763671875
56.59608459472656
43.44492721557617
50.32440948486328
60.96848678588867
59.17489242553711
63.5228271484375
61.035194396972656
37.12929153442383
44.5452880859375
43.617794036865234
59.28413009643555
38.53042221069336
32.795860290527344
98.18963623046875
61.803184509277344
68.51219940185547
84.15557861328125
74.93135070800781
52.6262321472168
23.823936462402344
45.98461151123047
52.2347412109375
52.641693115234375
15.73090934753418
32.66508483886719
67.75402069091797
29.57598114013672
54.41847229003906
57.8538818359375
81.22190856933594
39.12464904785156
78.9994125366211
35.289451599121094
44.90386962890625
82.98792266845703
80.25423431396484
70.39754486083984
67.13715362548828
54.45446014404297
45.27602767944336
33.088497161865234
38.45380783081055
73.46614837646484
60.833099365234375
50.669822692871094
41.278099060058594
69.81806945800781
42.717864990234375
57.76219940185547
57.535064697265625
40.66944885253906
0.0
56.02550506591797
52.219078063964844
34.433349609375
77.07833862304688
61.9959716796875
46.142913818359375
69.70625305175781
54.393310546875
85.69166564941406
61.297576904296875
36.06110763549805
69.56849670410156
52.26781463623047
29.904155731201172
53.68009567260742
74.03898620605469
46.231842041015625
37.36901092529297
60.710540771484375
14.513400077819824
59.35516357421875
64.11920928955078
70.61386108398438
28.643896102905273
0.0
