3.6522889137268066
3.160456418991089
1.7763707637786865
4.764595985412598
3.2985429763793945
2.462023973464966
2.9797911643981934
3.7929039001464844
3.023458480834961
3.3878204822540283
3.2624764442443848
3.2678656578063965
2.604194402694702
0.9392918348312378
3.042814254760742
2.7096264362335205
3.543578624725342
3.5430002212524414
2.914232015609741
1.8477277755737305
1.9774417877197266
3.375110149383545
3.1050124168395996
3.288688898086548
2.898716449737549
3.7795798778533936
1.8873064517974854
3.492526054382324
3.2790772914886475
2.1447792053222656
1.0866854190826416
4.0153303146362305
2.8719959259033203
3.399599552154541
1.4014842510223389
3.885835647583008
3.4515156745910645
3.9434680938720703
3.728257179260254
3.5917530059814453
