3.9853546619415283
4.119317531585693
3.577307939529419
3.8942151069641113
3.5344512462615967
3.3659236431121826
3.1226155757904053
2.785968065261841
4.391604900360107
4.168201923370361
3.9683284759521484
4.214244842529297
4.210750579833984
4.489719390869141
3.822502613067627
2.9312617778778076
4.36256742477417
3.2856926918029785
4.396701812744141
3.4526727199554443
4.838183879852295
4.356914043426514
3.385103225708008
3.477943181991577
3.9473836421966553
4.4019455909729
4.023426055908203
4.526063919067383
3.808164596557617
4.640775203704834
4.3441009521484375
3.900360584259033
3.9422569274902344
4.550220489501953
4.067387104034424
4.051217555999756
4.169703960418701
4.515841484069824
3.329744338989258
4.128636360168457
4.16237735748291
3.778191089630127
3.600973606109619
3.6525943279266357
4.233040809631348
3.5562407970428467
3.993783712387085
4.418835639953613
3.6613101959228516
3.915233612060547
3.536025285720825
3.6672730445861816
4.469686031341553
3.6751973628997803
3.9880924224853516
3.7682321071624756
4.276605129241943
3.6282525062561035
4.511021614074707
4.093196868896484
3.705415725708008
3.9789352416992188
3.288421630859375
4.335784435272217
3.0742547512054443
4.667399883270264
3.7129898071289062
3.8501884937286377
3.955881118774414
3.6197736263275146
3.5313878059387207
4.320098400115967
3.486391067504883
3.4495537281036377
4.448426723480225
3.513355016708374
4.605325698852539
4.397391319274902
3.7800140380859375
3.412773847579956
4.545083522796631
3.603633165359497
3.7900607585906982
3.5589921474456787
4.054112911224365
3.834277391433716
4.177940368652344
5.143184185028076
3.6010055541992188
3.6681084632873535
3.5883049964904785
4.218726634979248
3.789457082748413
4.129817485809326
3.7462613582611084
4.576472759246826
4.6009955406188965
4.151710033416748
3.8005731105804443
4.04306173324585
3.668600559234619
4.064409255981445
3.590139150619507
3.6640617847442627
3.605107069015503
3.647348165512085
3.4205288887023926
3.7760415077209473
4.478372097015381
4.1556291580200195
3.511418104171753
4.144713878631592
3.7191684246063232
4.066925048828125
3.5429108142852783
4.151299476623535
3.636242628097534
3.7487030029296875
4.3560590744018555
4.2206292152404785
3.5392372608184814
3.2449288368225098
4.020410060882568
4.267330646514893
3.7597877979278564
3.8813934326171875
3.817424774169922
4.414405822753906
3.7079803943634033
3.3915722370147705
4.200035572052002
4.285987377166748
4.177699565887451
4.70399284362793
3.9271790981292725
3.691713809967041
3.6705193519592285
3.711416006088257
3.9727046489715576
3.8115394115448
3.998830556869507
3.8888509273529053
4.486204147338867
4.149592876434326
4.542157173156738
25.91533851623535
3.5134987831115723
3.892634630203247
4.167702674865723
4.055274963378906
3.5521886348724365
4.54391622543335
3.404742956161499
3.7112061977386475
4.1529765129089355
3.6004483699798584
3.7085251808166504
3.27813982963562
2.901602029800415
4.55513334274292
3.1520416736602783
3.9945952892303467
3.867141008377075
4.037141799926758
4.31820821762085
3.4891953468322754
4.0847086906433105
3.934783935546875
3.9994466304779053
4.252498149871826
3.3035924434661865
4.023102283477783
4.329726696014404
4.4770331382751465
3.553663969039917
4.3771772384643555
4.2242112159729
3.0629372596740723
3.6246864795684814
3.2334461212158203
3.2777962684631348
3.9665610790252686
3.875385284423828
4.050006866455078
4.309567451477051
3.8860862255096436
4.490609169006348
3.639972686767578
4.093845367431641
4.133227825164795
3.866725206375122
4.542018413543701
4.362329959869385
3.9228451251983643
3.2751693725585938
4.560690402984619
4.641282558441162
3.749610185623169
3.893601179122925
3.770334243774414
4.096305847167969
3.7761807441711426
3.7255828380584717
4.394114971160889
4.126348972320557
4.0536417961120605
4.238700866699219
3.317779541015625
4.5499267578125
4.0993971824646
4.306842803955078
3.7350380420684814
4.147241115570068
4.232480525970459
4.238464832305908
3.9648845195770264
3.739492893218994
4.672233581542969
4.513113021850586
4.346543788909912
4.20720911026001
3.7058608531951904
4.269713401794434
3.8388917446136475
4.196774482727051
4.076395511627197
23.936614990234375
4.324702739715576
4.421690464019775
3.8203790187835693
4.49440336227417
3.899909257888794
4.565389156341553
3.508868455886841
4.252782344818115
3.815697193145752
3.3850274085998535
4.39804744720459
4.014349937438965
3.593634843826294
4.1347174644470215
4.179201602935791
4.575297832489014
4.2790141105651855
3.588675022125244
3.9009385108947754
4.453444957733154
3.958142042160034
3.824195146560669
3.5769612789154053
4.01633882522583
4.0400776863098145
4.380550384521484
4.315516948699951
3.7279465198516846
28.073486328125
3.668529510498047
3.767195463180542
3.9200241565704346
3.6074130535125732
4.195652961730957
3.778221845626831
4.331709384918213
3.9094696044921875
4.256682395935059
3.7045700550079346
3.896789312362671
3.5688507556915283
3.5612995624542236
3.9135704040527344
3.820749282836914
4.0211920738220215
3.8517117500305176
3.1254918575286865
4.549928188323975
24.11680793762207
4.212522983551025
3.602083206176758
3.3611817359924316
3.194283962249756
4.267054080963135
3.889216661453247
3.659604787826538
4.804698467254639
3.766505479812622
3.17134952545166
4.61862850189209
4.059971809387207
3.6011486053466797
4.442255973815918
2.9235825538635254
3.729015827178955
2.9042129516601562
3.757802724838257
3.3947441577911377
3.908834934234619
3.9091999530792236
3.9739365577697754
3.7769722938537598
3.775608777999878
3.5345871448516846
4.321072101593018
3.5535380840301514
4.04207181930542
4.130992412567139
3.6393990516662598
3.940843343734741
4.434769630432129
4.430665493011475
3.9833099842071533
4.11371374130249
4.165925979614258
3.9515531063079834
3.9096031188964844
3.905247926712036
4.06422758102417
3.6174874305725098
3.6468505859375
3.2299675941467285
4.291144371032715
3.8254222869873047
4.2185587882995605
3.3953025341033936
2.9712767601013184
3.733753204345703
3.8910133838653564
4.013217449188232
4.028295040130615
3.4775454998016357
3.942805051803589
3.962451934814453
3.835336446762085
3.6165108680725098
3.870234251022339
4.3051371574401855
3.7332286834716797
3.954200506210327
4.195350646972656
4.070619106292725
27.133026123046875
3.7897965908050537
3.8476638793945312
3.86199951171875
3.675445556640625
3.3725414276123047
3.8576247692108154
4.251885890960693
3.991551160812378
4.061320781707764
3.3799550533294678
4.5282368659973145
3.9575841426849365
3.7253358364105225
27.291305541992188
3.896660566329956
4.5864996910095215
3.8653886318206787
3.421363115310669
3.496149778366089
3.8064701557159424
3.937199354171753
4.580336093902588
4.25313138961792
4.416584014892578
3.7000396251678467
4.024962425231934
3.956331968307495
3.466439962387085
3.7867417335510254
4.165373802185059
3.847665548324585
4.170757293701172
3.9336330890655518
4.093869209289551
3.4795308113098145
3.9807000160217285
4.578437328338623
4.5897674560546875
3.9407715797424316
3.764726400375366
3.474241256713867
4.565709114074707
4.269783973693848
3.5903053283691406
4.037753582000732
4.217880725860596
4.207883358001709
4.237864971160889
4.61968469619751
3.4035820960998535
4.632018566131592
4.1416239738464355
3.6787109375
3.911665678024292
4.3002848625183105
4.608020305633545
3.6215386390686035
3.383523941040039
4.049767971038818
3.4610402584075928
