0.7495423555374146
0.9517533779144287
0.3500356078147888
0.43309420347213745
0.23559926450252533
1.8674396276474
0.16070184111595154
0.0009919668082147837
1.2410542964935303
0.020891357213258743
2.645967483520508
0.0019313213415443897
1.3902406692504883
1.2249597311019897
3.389986515045166
1.084372878074646
1.1006672382354736
1.0594110488891602
1.7584125995635986
1.4992034435272217
3.8134846687316895
0.7923927307128906
0.6072720289230347
1.4330675601959229
0.15953871607780457
0.0005140192806720734
0.05904081091284752
0.0010836925357580185
0.38550707697868347
1.8156461715698242
0.927519679069519
0.45895275473594666
0.10072997212409973
3.7296977043151855
0.006029434502124786
1.902795672416687
1.0994987487792969
3.407550320844166e-05
1.9809892177581787
0.6997870802879333
2.689131736755371
0.004903649911284447
0.0006627505063079298
2.968813419342041
0.7776985168457031
1.847570776939392
0.7375847697257996
0.10883523523807526
4.011653423309326
1.0440471172332764
3.2468204498291016
2.9711899757385254
0.16385941207408905
2.257396697998047
1.8876829147338867
1.7068895101547241
2.5194931030273438
0.3243531882762909
0.02945989929139614
2.9322369300643913e-05
0.07467222213745117
1.0777666568756104
1.0923848152160645
0.2718013525009155
1.6569665604038164e-05
3.9192605018615723
0.0012395575176924467
0.21913811564445496
0.9695349931716919
1.957601547241211
1.275109052658081
0.45983535051345825
3.100740909576416
3.579831900424324e-05
0.8062350153923035
4.267756938934326
0.3511483073234558
0.0010818862356245518
1.3547576665878296
0.0008918135426938534
2.988004207611084
0.02596808224916458
1.144580602645874
0.711711585521698
0.08318933844566345
0.060288675129413605
2.697495460510254
0.027177970856428146
1.6096360683441162
1.5213240385055542
1.0413434505462646
0.0
0.829016387462616
0.8744597434997559
1.1092602014541626
3.4884212017059326
0.1272447407245636
2.4576826095581055
0.5534977316856384
0.7887660264968872
2.458522081375122
1.373859167098999
0.045785658061504364
4.600430011749268
0.001027524471282959
1.0412979125976562
0.10244807600975037
0.7649170160293579
2.641416549682617
0.0015146038495004177
2.2013721466064453
0.011145750992000103
0.7572208642959595
0.5422122478485107
1.4230036735534668
0.5648375749588013
0.0
