3.7746944427490234
2.6161670684814453
1.4371435642242432
3.440871238708496
2.719024658203125
2.8825933933258057
2.3590877056121826
2.974404811859131
2.694857120513916
3.464290142059326
2.5902981758117676
2.4748997688293457
1.7163360118865967
1.3580305576324463
2.6183078289031982
2.6330506801605225
2.9983723163604736
3.532588243484497
2.0981433391571045
1.0976111888885498
1.493593692779541
2.8744709491729736
2.4738268852233887
2.535594940185547
2.6110305786132812
3.5009958744049072
1.250775933265686
3.388439655303955
3.1095478534698486
2.318988561630249
1.507765293121338
2.512840747833252
2.6285204887390137
3.070545196533203
1.6591631174087524
2.976994276046753
2.7006313800811768
3.0397591590881348
2.8532800674438477
3.1981825828552246
