0.497085303068161
1.1494896411895752
0.36416932940483093
0.3372725248336792
0.3829472064971924
1.4484903812408447
0.35820266604423523
0.018196282908320427
1.7598222494125366
0.11639977991580963
2.7136170864105225
0.0015072955284267664
1.2624878883361816
1.260859489440918
4.407134532928467
1.51640784740448
1.1786854267120361
1.1858750581741333
1.8309478759765625
1.3467895984649658
3.5840072631835938
0.1446724385023117
0.8219060897827148
1.5479307174682617
0.11876388639211655
0.00011486868606880307
0.018038282170891762
0.000498531386256218
0.6730624437332153
2.0083398818969727
0.9738218784332275
0.4060567617416382
0.07785708457231522
3.8426883220672607
0.013121483847498894
1.9424288272857666
1.4111711978912354
6.569154356839135e-05
2.0126419067382812
0.6744584441184998
2.9662089347839355
0.04376783221960068
0.0007579389493912458
2.9280271530151367
1.024085521697998
1.653626799583435
0.9256426095962524
0.017689131200313568
4.696309566497803
1.3802536725997925
3.14367938041687
2.6948957443237305
0.365288108587265
2.466163158416748
1.8731893301010132
2.105558395385742
2.8423526287078857
0.48441192507743835
0.000881846877746284
2.953670991701074e-05
0.1257563829421997
1.1712665557861328
1.172111988067627
0.7187705039978027
1.0907397154369392e-05
3.993946075439453
0.002133388537913561
0.16339564323425293
0.8798818588256836
2.093153715133667
1.3320989608764648
0.4284157454967499
3.0503737926483154
4.050524876220152e-05
1.1971113681793213
4.189085006713867
0.3289257287979126
0.0007001234916970134
1.2586278915405273
0.00019184750271961093
2.935392141342163
0.008730297908186913
1.3769323825836182
0.5656595230102539
0.027952294796705246
0.0704168975353241
2.696636915206909
0.02057906612753868
1.8536195755004883
1.2935020923614502
1.2163188457489014
0.0
1.0804877281188965
0.3225911259651184
1.3139134645462036
3.5668857097625732
0.32557472586631775
2.75888729095459
0.675571858882904
0.7076305150985718
2.378801107406616
1.5624465942382812
0.0188008863478899
4.669013023376465
0.0009156651212833822
0.8882994055747986
0.06616237759590149
0.7072600722312927
2.0561013221740723
0.005049804225564003
2.4716269969940186
0.13338324427604675
0.985022246837616
0.6988183259963989
1.5446885824203491
0.37004756927490234
0.0
