3.498875856399536
2.8466389179229736
1.853806972503662
3.590911388397217
2.9575653076171875
3.1327359676361084
2.1248722076416016
3.185786724090576
2.6190948486328125
3.178274154663086
2.5117592811584473
2.607264518737793
2.001974105834961
1.013064980506897
3.1799094676971436
2.8231441974639893
3.223668098449707
3.969663619995117
2.015194892883301
1.0334073305130005
1.394571304321289
3.0794601440429688
2.6833865642547607
2.9356191158294678
2.5341286659240723
3.4456138610839844
1.6663621664047241
3.6226611137390137
3.097532033920288
2.0460288524627686
1.0696492195129395
2.4209017753601074
2.7910473346710205
2.9862446784973145
1.470192551612854
3.1776247024536133
2.7864832878112793
2.889828681945801
2.7013354301452637
3.0910046100616455
