0.0004878502804785967
0.0002246681397082284
0.0002174310211557895
4.962077218806371e-05
7.881732926762197e-06
6.787702295696363e-05
0.0002112122456310317
0.00041187848546542227
0.00035931955790147185
0.00035323051270097494
0.00021145115897525102
0.0004889093106612563
0.00032645376631990075
0.00016988959396257997
7.845983418519609e-06
0.0001858702744357288
0.0001926156401168555
0.00017763292999006808
0.0004411887493915856
5.691324622603133e-05
0.0005360541399568319
0.00019970827270299196
4.974626790499315e-05
0.00013142313400749117
0.00032053550239652395
0.00022584620455745608
1.546565181342885e-05
0.00024705461692065
0.0008877154323272407
0.00029633002122864127
4.597230872604996e-05
0.00010823564662132412
0.00029364373767748475
0.00026139867259189487
0.00010823093180079013
8.237989823101088e-05
0.0004738608840852976
0.00033179964520968497
0.00043821794679388404
0.00029842619551345706
6.337871309369802e-05
0.0003026513441000134
0.0002950914786197245
7.157425716286525e-05
0.0002680619654711336
0.0004425029910635203
0.0004350199596956372
0.0007667247555218637
0.0005271485424600542
0.00025992607697844505
8.225326018873602e-05
0.0005953750223852694
0.00022339131101034582
0.0001438456092728302
0.00014252663822844625
0.00041318940930068493
0.000604954082518816
0.0005951902712695301
0.0010579060763120651
0.00021890996140427887
0.00023874008911661804
0.16861982643604279
0.0002500097325537354
0.0003290394088253379
0.0002886985312215984
0.0009274616022594273
7.470262062270194e-05
0.0003714691265486181
0.0005459535168483853
0.0002122816804330796
0.00023763239732943475
0.0001248513872269541
0.0012547025689855218
9.366325684823096e-05
0.0004457909963093698
0.00017496233340352774
0.0001995621860260144
0.0004609637544490397
5.905314537812956e-05
0.00032658426789566875
0.0005728044779971242
8.072954369708896e-05
0.00010467306128703058
0.00025880560860969126
8.98569414857775e-05
0.0004812004044651985
0.00020033871987834573
0.0006653001182712615
0.00021140876924619079
0.00046015006955713034
0.0001446778915124014
0.00019053829601034522
0.00014997736434452236
0.0003571847337298095
9.694619075162336e-05
0.0002206270582973957
0.00015950086526572704
0.00019234853971283883
3.105133509961888e-05
0.00026304356288164854
0.00021948051289655268
0.00012733147013932467
9.107391633733641e-06
0.0003550397523213178
9.086453792406246e-05
0.00011665860074572265
0.0006254279287531972
0.0005355527391657233
3.981445843237452e-05
0.0002939873083960265
0.00047656099195592105
0.00010781966557260603
5.705492731067352e-05
0.0003125310759060085
0.0001496568729635328
4.869915574090555e-05
0.00037927107769064605
0.0005763967055827379
3.59688165190164e-05
0.00011926943261642009
0.0017708706436678767
0.00013204538845457137
0.00022957348846830428
0.00026247333153150976
0.00015302837709896266
0.00012099547893740237
0.0004824706702493131
0.00012160775804659352
0.00020267955551389605
0.00031862646574154496
0.0004207395249977708
0.0002520170819479972
9.135167056228966e-05
0.00015481958689633757
0.0007302001467905939
0.0002691312984097749
0.0002289313415531069
0.00025707317399792373
0.00023315130965784192
0.0002555802930146456
1.9024973880732432e-05
0.0006136082229204476
0.00025279243709519506
0.0003245174011681229
0.00033240969059988856
0.0002814576728269458
0.00011978603288298473
0.0001539162767585367
0.00041276204865425825
0.0001522445963928476
8.917741070035845e-06
0.00022072019055485725
0.0005224570631980896
0.00015332984912674874
0.00041268387576565146
0.00021487280901055783
0.00027396829682402313
0.00023960160615388304
0.0010665531735867262
0.00028012815164402127
0.0002526677562855184
0.0005082276184111834
0.00010155657946597785
0.0004537285421974957
0.000111268280306831
0.00019872716802638024
0.0003392086364328861
0.0003887779312208295
0.0002099417324643582
0.00036456523230299354
7.918231131043285e-05
0.0002668648085091263
1.7818581454775995e-06
0.00027674122247844934
0.0005994985112920403
1.609259743418079e-05
0.0002970899804495275
0.00019030325347557664
0.00016318897542078048
0.0002418577641947195
0.0004203229327686131
0.00031632411992177367
8.313528815051541e-05
0.0001231537025887519
0.00010044330701930448
0.0005181252490729094
4.761415038956329e-05
0.0002297634055139497
0.0005209107184782624
0.00024821629631333053
0.00030605815118178725
0.0001965321134775877
0.0007842101622372866
0.0002495419466868043
0.0004546947020571679
0.000650246802251786
0.0002602105960249901
0.0005812167073599994
1.6569067156524397e-05
0.0003027758211828768
0.00040389312198385596
0.0007984485710039735
0.000418543117120862
0.000512053957208991
0.00022242609702516347
0.0007343529723584652
0.00021766746067442
0.0002725984959397465
5.644682823913172e-05
0.00027606578078120947
0.0004902336513623595
0.0004818055313080549
0.00028287022723816335
0.000560414744541049
7.800522143952549e-05
0.0002968214685097337
0.00039727851981297135
0.00017518781532999128
0.0003011961525771767
0.0001230099587701261
0.00015085040649864823
0.00044842076022177935
0.0004138958756811917
0.0002943327708635479
0.001218442339450121
0.00024190351541619748
0.0003145385126117617
2.0375930034788325e-05
4.2381499952171e-05
0.0002678134187590331
0.0003740815445780754
7.664137228857726e-05
0.0003654689353425056
0.0005734737496823072
0.00041877900366671383
0.0006471892120316625
0.00011083263962063938
0.00020779443730134517
0.0007027719402685761
9.674791363067925e-05
0.0003290160675533116
0.00012488450738601387
0.00022627819271292537
1.8170037947129458e-05
0.00045374323963187635
0.00017760808987077326
0.00039007741725072265
0.00017618839046917856
0.00040229829028248787
7.560555241070688e-05
0.00028445603675208986
0.00030722987139597535
0.00019570802396629006
0.00046420865692198277
0.00020998832769691944
0.000719794537872076
4.9982041673501953e-05
4.6776280214544386e-05
0.0007956000627018511
0.00023870587756391615
0.00022951890423428267
0.00014535091759171337
0.0002702057536225766
0.00014245881175156683
2.6507532311370596e-05
0.0008348037954419851
3.881024167640135e-05
0.00041385553777217865
2.5345731046400033e-05
0.0001661450951360166
0.0005660067545250058
0.0006132848211564124
0.00015154824359342456
0.0003134728758595884
3.0276531106210314e-05
0.0002239299938082695
0.00014869228471070528
0.00047540670493617654
0.0002065152075374499
0.00018057470151688904
0.0005276908632367849
0.00045426571159623563
0.0005076879751868546
6.357533857226372e-05
9.182182839140296e-05
4.072082811035216e-05
0.00038474934990517795
0.00030701200012117624
0.00023497131769545376
0.0002119097043760121
0.00038578297244384885
0.0009989318205043674
0.00012275393237359822
0.0006101998733356595
0.0003424223978072405
0.00022149689903017133
0.00019162001262884587
0.0001730465010041371
0.0009661234798841178
0.00019635490025393665
0.00011323342914693058
0.0005159470601938665
0.00035172118805348873
0.00019433973648119718
3.77397082047537e-05
0.00014333086437545717
0.00019615104247350246
0.000831995508633554
7.971672312123701e-05
0.00019082200014963746
0.000595581834204495
0.0012640994973480701
4.220881965011358e-05
8.172419620677829e-05
0.00035981807741336524
0.0003727386938408017
0.0005436834180727601
6.121781188994646e-05
0.00013203051639720798
3.134882717859e-05
0.00010622013360261917
7.103270036168396e-05
0.00037333639920689166
3.1289629987441e-05
0.00024806216242723167
0.00026121948030777276
0.00026983971474692225
0.00021762558026239276
0.000316628284053877
0.00036237118183635175
0.0004446606617420912
0.00011740344052668661
0.0003590756969060749
0.00022593892936129123
0.0003623184165917337
0.00082859315443784
0.00018540666496846825
0.0004220408736728132
0.0005437637446448207
0.00016829228843562305
0.0002689258835744113
7.58532332838513e-05
0.00013560723164118826
0.00017120636766776443
0.00025112141156569123
0.00030582345789298415
0.00033818112569861114
0.00034108536783605814
0.0001546620624139905
0.00047261029249057174
7.473088044207543e-05
7.89690384408459e-05
7.031197310425341e-05
0.00025263812858611345
0.00013816746650263667
0.00026097832596860826
0.00038242407026700675
4.3848111090483144e-05
0.00039359036600217223
0.0005473109777085483
0.00021883571753278375
0.00021996292343828827
0.0004422200727276504
0.0002915657532867044
0.0004013016587123275
0.0004408123786561191
5.3243664297042415e-05
0.0005228329682722688
5.3593466873280704e-05
0.00016803036851342767
0.0003209803835488856
0.00021922611631453037
0.0005369174759835005
0.00036925237509422004
0.00033449206966906786
0.0004708237247541547
7.895464659668505e-05
0.0002790775615721941
0.0007464711670763791
0.0009759211679920554
2.99056318908697e-05
0.00021104577172081918
0.0003071242244914174
0.00021864971495233476
0.0002550992649048567
0.0004787305078934878
0.000378372089471668
0.0003567490784917027
0.00010049069533124566
0.0004306243499740958
0.00012745012645609677
0.0008527341997250915
0.0003909512306563556
0.0005064209108240902
4.25768485001754e-05
2.230986501672305e-05
0.0005019642412662506
0.0002083335566567257
0.0004622322740033269
0.0002609992225188762
