248.1801300048828
249.19224548339844
247.14219665527344
244.3565673828125
239.7677001953125
244.1479034423828
245.28726196289062
244.551025390625
246.9584197998047
245.5071258544922
246.68017578125
245.6083221435547
244.6432342529297
247.4871368408203
246.5708770751953
243.5459442138672
244.23330688476562
247.14207458496094
247.9882354736328
245.4491729736328
246.1669158935547
246.3910369873047
243.61143493652344
243.98435974121094
246.9183349609375
247.0479278564453
245.6591339111328
245.7501983642578
244.968994140625
245.99351501464844
242.01553344726562
247.6407012939453
244.3747100830078
245.46214294433594
242.84780883789062
243.27696228027344
244.1337432861328
242.60581970214844
248.3358917236328
243.10061645507812
