2.805471181869507
2.585508108139038
3.138329029083252
3.8807694911956787
3.2848145961761475
3.4276821613311768
3.3763980865478516
3.368433713912964
3.038409948348999
3.4513919353485107
3.1865499019622803
3.6846024990081787
3.9450531005859375
2.959419012069702
3.2130393981933594
3.0095057487487793
3.610891103744507
2.9329001903533936
3.046666383743286
3.3864872455596924
3.139528274536133
2.9773154258728027
3.4357452392578125
3.966049909591675
3.1874632835388184
3.1718332767486572
3.3228325843811035
3.1567251682281494
3.777812957763672
2.866138219833374
4.277649402618408
2.9152634143829346
3.509864091873169
3.1043097972869873
3.8214821815490723
3.3273208141326904
3.6309115886688232
3.5670394897460938
3.086353063583374
3.4684369564056396
