4.043799877166748
3.7723519802093506
3.7877519130706787
3.702413558959961
4.298293113708496
4.547194957733154
4.0284953117370605
4.689233303070068
3.8820667266845703
3.7341670989990234
3.3528993129730225
3.6059136390686035
4.2016167640686035
3.8902740478515625
4.7875566482543945
3.6882755756378174
4.480538845062256
3.643003225326538
3.9309704303741455
3.2264697551727295
4.256321907043457
3.391770601272583
4.131804943084717
4.0418853759765625
4.3529229164123535
3.858661651611328
3.497917890548706
3.8349781036376953
4.2962646484375
3.972442626953125
4.014791488647461
3.70172381401062
3.9881577491760254
3.8557159900665283
3.354372501373291
4.521646022796631
4.384424686431885
4.057694435119629
3.794950485229492
3.361931324005127
