4.452382564544678
4.400173187255859
3.804102659225464
4.134349346160889
3.551652669906616
3.670156240463257
3.4853737354278564
3.182777166366577
4.661305904388428
4.54764461517334
4.212756633758545
4.857891082763672
4.51137113571167
4.717005252838135
4.25297737121582
3.2348358631134033
4.709670543670654
3.4923813343048096
4.547509670257568
3.5726845264434814
4.980538368225098
4.871575832366943
3.563695192337036
3.8201491832733154
4.3785929679870605
4.733608722686768
4.502385139465332
4.989218711853027
4.115178108215332
4.862744331359863
4.699641704559326
4.112120628356934
4.205928325653076
4.7274675369262695
4.289851665496826
4.408139705657959
4.438292026519775
4.90561580657959
3.65445876121521
4.3231072425842285
4.608155250549316
3.8413941860198975
3.8277382850646973
4.081341743469238
4.374301910400391
3.6522586345672607
4.093728542327881
4.928561687469482
3.8814828395843506
4.334963321685791
3.8211331367492676
3.9128899574279785
4.952062606811523
4.22885274887085
4.312441349029541
3.875547170639038
4.331441402435303
3.9930152893066406
4.94818639755249
4.264173984527588
3.773338794708252
4.450163841247559
3.792924642562866
4.764543056488037
3.0875561237335205
4.851572513580322
3.833106756210327
4.050908088684082
4.127401351928711
3.901670217514038
3.7276275157928467
4.715970516204834
3.673624038696289
3.8987717628479004
4.707793712615967
3.9615116119384766
4.840713977813721
4.588395118713379
4.114984035491943
3.7278544902801514
4.8482866287231445
3.9506280422210693
4.0202460289001465
3.773829698562622
4.308735370635986
4.605996131896973
4.4683427810668945
5.343278408050537
3.722282886505127
3.9442100524902344
3.8496246337890625
4.383273124694824
3.7970941066741943
4.540582180023193
4.000953674316406
4.731726169586182
4.904510498046875
4.646430492401123
3.849665880203247
4.0604634284973145
4.114186763763428
4.26162576675415
3.7450902462005615
3.9280221462249756
3.771263837814331
3.8998305797576904
3.6514899730682373
4.330298900604248
4.922644138336182
4.184803009033203
3.8079545497894287
4.381618499755859
3.9745686054229736
4.290213108062744
3.632150411605835
4.430750370025635
3.7522072792053223
4.12192964553833
4.680906295776367
4.463351726531982
3.6544594764709473
3.498682737350464
4.421477794647217
4.418614864349365
4.268102169036865
4.012040138244629
4.0627288818359375
4.83589506149292
3.9011452198028564
3.933866500854492
4.7758331298828125
4.743607521057129
4.427287578582764
4.905522346496582
4.128139019012451
3.7782585620880127
3.878007173538208
4.049643039703369
4.4783711433410645
4.154544353485107
4.186439037322998
3.9132461547851562
4.98046350479126
4.348868370056152
4.7558064460754395
3.2893028259277344
3.64261794090271
4.434391498565674
4.9125518798828125
4.60957670211792
3.7267823219299316
4.7930121421813965
3.601644277572632
3.8278331756591797
4.307072639465332
3.9478986263275146
3.864208221435547
3.5655620098114014
3.057856321334839
4.711863994598389
3.4014880657196045
4.179139614105225
4.272099018096924
4.401349067687988
4.5330705642700195
3.5284135341644287
4.242900371551514
4.34347677230835
4.233582496643066
4.277001857757568
3.784003496170044
4.3791937828063965
4.664515972137451
4.696190357208252
3.811619281768799
4.805838108062744
4.457187652587891
3.382192373275757
3.7905476093292236
3.518326997756958
3.6431853771209717
4.369807720184326
4.033158779144287
4.37632942199707
4.3139872550964355
4.1656646728515625
4.96527624130249
4.045264720916748
4.244374752044678
4.222392559051514
4.180599212646484
4.919435501098633
4.416036605834961
4.101678371429443
3.7174973487854004
4.932979583740234
5.008382320404053
3.9911866188049316
3.9666707515716553
4.163636684417725
4.210595607757568
3.899507522583008
3.8054089546203613
4.601682186126709
4.332571983337402
4.43344259262085
4.30966329574585
3.3930652141571045
4.634850978851318
4.465831756591797
4.678774356842041
3.974261999130249
4.773658752441406
4.472561836242676
4.680286407470703
4.2351603507995605
4.059932708740234
5.050164222717285
4.847745418548584
4.473959922790527
4.668636322021484
3.9907195568084717
4.820639610290527
4.177392482757568
4.59209680557251
4.220254421234131
13.345720291137695
4.6180830001831055
4.614487648010254
4.395280361175537
4.6839070320129395
4.257565975189209
5.068027019500732
3.7061822414398193
4.242757797241211
3.607816696166992
3.649524450302124
4.807053089141846
4.021705150604248
3.6422410011291504
4.32990026473999
4.348832607269287
4.7989959716796875
4.596317291259766
3.7497098445892334
4.218116283416748
4.72775411605835
4.2308573722839355
3.731511354446411
3.901360273361206
4.587028980255127
4.380599498748779
4.6579203605651855
4.482193946838379
4.06003999710083
3.339550733566284
4.079603672027588
4.1601057052612305
4.123345851898193
3.8844196796417236
4.4055376052856445
4.208895683288574
4.768653392791748
4.0763163566589355
4.525177001953125
3.98833966255188
4.371445655822754
3.972491979598999
3.6942079067230225
4.059624671936035
4.041356563568115
4.264622211456299
4.200563907623291
3.563433885574341
4.851192951202393
4.590809345245361
4.4471869468688965
3.985783100128174
3.6007649898529053
3.536203145980835
4.756296634674072
4.080946445465088
4.1103973388671875
5.017664432525635
4.052764415740967
3.120352268218994
4.739293098449707
4.199277400970459
3.8507773876190186
4.5979509353637695
3.1414592266082764
3.8673934936523438
3.2212624549865723
4.108706474304199
3.607807159423828
4.199638843536377
4.281656742095947
4.2456536293029785
3.872002363204956
4.306546688079834
3.846872091293335
4.533339500427246
4.049938201904297
4.479381084442139
4.276196479797363
3.663855791091919
4.186153411865234
4.747448444366455
4.843893527984619
4.184744358062744
4.449540615081787
4.634006500244141
4.08952522277832
4.140780925750732
4.019402027130127
4.4456377029418945
4.088435173034668
3.927963972091675
3.6954121589660645
4.6741156578063965
4.343034744262695
4.33785343170166
3.700577974319458
3.292006015777588
4.072436809539795
4.071341037750244
4.338927745819092
4.311895370483398
3.5564982891082764
4.033957004547119
4.430829048156738
4.42268705368042
4.04885721206665
4.1739912033081055
4.393151760101318
4.201467990875244
4.366198539733887
4.325562953948975
4.265821933746338
3.857863664627075
4.070159435272217
4.315083026885986
4.051453113555908
3.7685863971710205
3.880115509033203
4.127262592315674
4.359238624572754
4.369175910949707
4.408590793609619
3.6260554790496826
4.6864914894104
4.018819332122803
4.135311126708984
4.4104509353637695
4.005756855010986
4.7766547203063965
4.291872978210449
3.83195424079895
3.7683560848236084
4.0657525062561035
4.074349880218506
4.84173583984375
4.348235130310059
4.671552658081055
4.058894634246826
4.321591854095459
4.083263397216797
3.7639548778533936
3.957143545150757
4.67419958114624
4.36991548538208
4.402705669403076
4.072057247161865
4.555490016937256
3.6612541675567627
4.28619909286499
4.889311790466309
4.703971862792969
4.406444072723389
3.9003617763519287
3.9269073009490967
4.850253582000732
4.423026084899902
3.951084613800049
4.216350078582764
4.379715919494629
4.45210599899292
4.963633060455322
4.757612705230713
3.6653900146484375
5.143455505371094
4.605755805969238
3.9168541431427
4.1966705322265625
4.521990776062012
5.021333694458008
3.8741466999053955
3.803805112838745
4.532062530517578
4.002377986907959
