111.70036315917969
122.9913330078125
133.09097290039062
113.39352416992188
117.66529083251953
111.87480926513672
125.14643859863281
119.49415588378906
124.05266571044922
119.31700134277344
124.58094787597656
123.90545654296875
129.3170166015625
126.25863647460938
120.91851043701172
122.01673889160156
119.3233642578125
119.520751953125
123.49755859375
134.97409057617188
123.96804809570312
119.35751342773438
122.42030334472656
121.4071273803711
120.33102416992188
120.75518798828125
136.53297424316406
119.25016784667969
118.14867401123047
130.86471557617188
131.88426208496094
117.88827514648438
123.25360870361328
118.65116882324219
130.70587158203125
116.87010192871094
122.66588592529297
115.28404235839844
121.05648803710938
118.21305084228516
