3.580388307571411
2.946202039718628
1.9689909219741821
3.292880058288574
2.9077811241149902
3.038407802581787
2.174255847930908
2.99752140045166
2.667506217956543
3.188998222351074
2.7312824726104736
2.5429563522338867
1.9064865112304688
1.1659365892410278
3.3965413570404053
3.069096088409424
3.628793954849243
3.8193769454956055
2.0390400886535645
0.9932067394256592
1.6042653322219849
2.9709081649780273
2.302678346633911
2.9897782802581787
2.3644113540649414
3.3392534255981445
1.888912558555603
3.5214216709136963
3.325237989425659
2.0276577472686768
1.3102476596832275
2.4392449855804443
2.9697530269622803
3.0850276947021484
1.3895412683486938
3.111654758453369
2.9945285320281982
2.572158098220825
2.640247344970703
3.2268733978271484
