4.013896942138672
2.4695611000061035
1.6083641052246094
3.690683364868164
2.9976682662963867
2.9967188835144043
2.9580206871032715
3.4302072525024414
2.863412857055664
3.561596393585205
2.67055082321167
2.275655746459961
1.8691565990447998
2.1522862911224365
3.003258228302002
2.919581413269043
3.802435874938965
3.723031997680664
2.408829927444458
1.591873288154602
2.273390054702759
2.8649191856384277
2.875552177429199
2.705064296722412
2.710719585418701
3.2969138622283936
1.3539185523986816
3.588850975036621
3.2595839500427246
2.0314149856567383
1.614759922027588
2.537533760070801
2.527401924133301
3.124244213104248
1.6364041566848755
3.5167856216430664
2.9258790016174316
2.9688868522644043
3.0935873985290527
3.0074715614318848
