2.9232099056243896
2.6224892139434814
3.2407073974609375
4.066264629364014
3.3485352993011475
3.4487464427948
3.537402868270874
3.4331111907958984
3.1924662590026855
3.6604843139648438
3.2205426692962646
3.858673572540283
3.922428846359253
3.261090040206909
3.2529046535491943
3.105905294418335
3.757399320602417
3.1121842861175537
3.13851261138916
3.449674606323242
3.2915093898773193
3.1290881633758545
3.6271464824676514
4.284302711486816
3.4782752990722656
3.231874465942383
3.5567452907562256
3.3439934253692627
3.803546667098999
2.840575695037842
4.289359092712402
2.992619037628174
3.708364963531494
3.1606969833374023
3.7605507373809814
3.357670307159424
3.6657371520996094
3.5901265144348145
3.337759494781494
3.653671979904175
