3.9161059856414795
2.9253129959106445
2.5429651737213135
3.6469509601593018
3.1076107025146484
3.083401679992676
2.7306628227233887
3.3208580017089844
2.4663162231445312
3.4636006355285645
2.6123483180999756
2.338404417037964
2.868544340133667
1.6677398681640625
2.6786463260650635
2.641733407974243
4.240215301513672
3.5993659496307373
2.4219417572021484
2.4600377082824707
2.0750033855438232
2.951115369796753
3.2070467472076416
2.590878963470459
2.585139274597168
3.3368563652038574
2.778963565826416
3.4528822898864746
3.1764674186706543
3.3161909580230713
2.8331258296966553
2.771395206451416
2.511810064315796
3.456197738647461
1.781829833984375
3.1365041732788086
3.2404003143310547
3.429945707321167
2.8144922256469727
3.37223482131958
