4.449929237365723
3.026953935623169
4.696746349334717
3.5080409049987793
2.2885208129882812
2.8450570106506348
2.5142416954040527
3.199518918991089
4.203277111053467
1.890946388244629
2.85556697845459
2.682539224624634
2.7212374210357666
2.5254008769989014
2.326784133911133
3.446928024291992
1.9261332750320435
3.304267168045044
2.4523932933807373
3.5124266147613525
4.003425598144531
3.915362596511841
0.9230405688285828
2.148268699645996
1.5974959135055542
1.9829084873199463
3.0935251712799072
2.373739719390869
2.996716022491455
1.1395920515060425
3.6505849361419678
3.3827013969421387
2.4714152812957764
3.034417152404785
3.494527816772461
2.565595865249634
2.303683280944824
2.1622328758239746
2.21421217918396
2.0324087142944336
2.6449477672576904
1.8980512619018555
3.1688616275787354
3.5591235160827637
1.5619242191314697
3.3309712409973145
2.9073846340179443
3.3764374256134033
2.8175668716430664
1.6863324642181396
3.9480397701263428
3.266880989074707
2.3548340797424316
2.8113927841186523
3.3447089195251465
2.8123152256011963
3.3665735721588135
1.0495420694351196
1.8816781044006348
2.5617613792419434
2.562654972076416
2.6018686294555664
3.5150177478790283
3.253640651702881
2.4483695030212402
3.574507474899292
2.08817720413208
2.494764804840088
2.542820453643799
2.332700490951538
3.9366493225097656
0.9623194932937622
3.950793504714966
2.5357918739318848
3.197000503540039
3.366441249847412
2.2528421878814697
2.9108903408050537
3.828150749206543
2.862718105316162
3.4201109409332275
2.8177433013916016
3.5352494716644287
3.2093796730041504
2.8940441608428955
2.117478370666504
3.7841367721557617
2.210175037384033
1.7873873710632324
1.4300106763839722
3.721822500228882
2.908802032470703
3.2076704502105713
4.0820770263671875
2.8329010009765625
3.4421792030334473
2.5452418327331543
3.2600038051605225
1.4370115995407104
3.5914618968963623
4.050315856933594
1.4525810480117798
3.3398244380950928
3.2105872631073
2.737964153289795
2.7451910972595215
2.7037768363952637
3.066617488861084
5.121295928955078
1.8929826021194458
3.234013080596924
2.228102445602417
1.2787219285964966
3.620042085647583
2.7894344329833984
3.8176276683807373
3.0069761276245117
2.1099162101745605
3.4373905658721924
2.1827242374420166
1.588608741760254
2.0632309913635254
3.769209861755371
2.6141388416290283
2.2388246059417725
2.8965659141540527
3.910749912261963
2.806135892868042
3.1369316577911377
1.8031995296478271
2.487682819366455
3.7166619300842285
2.9508495330810547
1.741896629333496
2.725008487701416
3.8683860301971436
2.55507230758667
3.8459391593933105
4.2012858390808105
3.856963872909546
2.519615650177002
3.5211706161499023
1.0141240358352661
3.8333375453948975
1.8393644094467163
1.8700467348098755
2.624134063720703
2.9529495239257812
3.3891096115112305
2.6083054542541504
0.3702268600463867
2.6991207599639893
2.0362703800201416
3.383908987045288
1.0857316255569458
3.177750587463379
1.9802659749984741
2.995112895965576
4.037846565246582
2.5514893531799316
2.4081368446350098
1.317821741104126
2.566903591156006
2.531961441040039
1.9083445072174072
2.668729782104492
4.033340930938721
3.921035051345825
3.9727463722229004
1.6224822998046875
2.623728036880493
2.6376614570617676
3.264993667602539
2.9593710899353027
2.6682159900665283
2.3463826179504395
2.2874395847320557
2.880234718322754
3.9148316383361816
3.1070501804351807
2.095634937286377
1.0407334566116333
3.116788625717163
3.321460723876953
2.8021135330200195
2.7012062072753906
2.731367349624634
3.6597042083740234
2.7178988456726074
3.9668123722076416
3.8639349937438965
2.9321885108947754
4.3078789710998535
2.4885077476501465
1.76198410987854
3.170562505722046
3.978055000305176
2.707590341567993
0.9823682308197021
4.4948225021362305
1.9779551029205322
2.7767364978790283
2.9894495010375977
1.3087650537490845
3.3507723808288574
2.877084255218506
2.757528305053711
2.1108651161193848
3.5567283630371094
1.6908437013626099
2.339665412902832
4.320055961608887
2.634031295776367
3.757777452468872
2.4836978912353516
2.6554770469665527
3.45513653755188
2.4435322284698486
2.9338207244873047
2.486252784729004
3.474947214126587
3.537236452102661
3.87640380859375
3.757239818572998
1.503572940826416
2.6894707679748535
3.1411025524139404
1.5272341966629028
3.4207916259765625
3.9780325889587402
1.8596055507659912
0.6035760641098022
3.682465076446533
2.954150915145874
3.6109235286712646
2.0135791301727295
3.3310983180999756
2.60410213470459
0.9998382925987244
3.490665912628174
1.9347692728042603
2.903663158416748
3.2912585735321045
0.7766192555427551
1.4243742227554321
2.493433952331543
3.855327844619751
3.217298984527588
3.2616333961486816
2.5914525985717773
2.229785919189453
2.5441713333129883
2.22041654586792
1.3626631498336792
3.2712926864624023
0.904255747795105
2.1566689014434814
1.8388876914978027
2.5437963008880615
3.043034553527832
3.4564852714538574
2.317779779434204
2.26306414604187
2.8284411430358887
2.570507287979126
1.303662896156311
2.7607851028442383
3.140108585357666
3.1508545875549316
1.6065514087677002
1.7710281610488892
2.3490424156188965
3.4320967197418213
2.7943034172058105
0.9618362784385681
2.511322021484375
2.652111053466797
2.4310193061828613
2.5807623863220215
3.358729839324951
3.161308765411377
2.9816620349884033
2.240622043609619
1.9836243391036987
3.434964656829834
3.2074854373931885
3.1870276927948
2.1489601135253906
3.357654571533203
2.0841481685638428
3.384758949279785
3.2437829971313477
2.7444772720336914
3.7717463970184326
2.2064738273620605
2.669607162475586
1.5130393505096436
2.896684408187866
3.6880931854248047
3.7095892429351807
2.831618309020996
1.8941141366958618
1.7786834239959717
3.2828102111816406
2.5521979331970215
2.198375701904297
3.279153347015381
3.287992477416992
2.609574794769287
3.4137778282165527
3.5660817623138428
3.174043655395508
2.651649236679077
1.353205680847168
3.5633959770202637
2.886143445968628
2.9082257747650146
3.6383960247039795
2.2442095279693604
3.5731310844421387
1.841446876525879
2.7013702392578125
1.3168847560882568
2.898184061050415
3.4613542556762695
3.4134562015533447
3.6512866020202637
3.7177634239196777
4.339590072631836
3.024658441543579
3.9262070655822754
2.658172607421875
3.9446840286254883
3.250392436981201
3.669678211212158
2.8873510360717773
1.86911141872406
3.3363454341888428
3.290562152862549
3.1809005737304688
1.4444023370742798
3.235220432281494
2.178483724594116
2.788285255432129
3.8387598991394043
2.004303455352783
3.151927947998047
2.396317720413208
2.5721240043640137
3.356329917907715
3.3093810081481934
3.9772439002990723
3.425088405609131
2.327383518218994
1.936360239982605
2.1755990982055664
4.454233646392822
2.837850570678711
3.867825746536255
2.526564598083496
1.1862984895706177
0.7813619375228882
3.1944756507873535
2.2286558151245117
3.579841136932373
1.5994782447814941
3.1326324939727783
3.01874041557312
0.9980148077011108
3.0683979988098145
2.884873628616333
3.3224151134490967
3.5860435962677
3.05745267868042
2.2980213165283203
2.662135601043701
3.626751661300659
2.959136724472046
3.6042940616607666
4.6045732498168945
3.210416316986084
2.9517993927001953
1.2466338872909546
2.497957944869995
1.906710147857666
2.849339485168457
3.658370018005371
3.366370439529419
1.6983332633972168
3.0984325408935547
2.384323835372925
4.375248432159424
2.2352633476257324
3.349365472793579
3.87263560295105
3.2744967937469482
3.1909074783325195
3.239874839782715
2.8904225826263428
3.538100004196167
