116.60444641113281
117.0429458618164
115.63494873046875
113.14641571044922
109.7549819946289
113.8467788696289
115.45670318603516
112.6131362915039
113.6392822265625
114.3236083984375
113.957275390625
114.2548599243164
111.35084533691406
115.3231201171875
115.15230560302734
112.66637420654297
113.21781158447266
115.00611877441406
115.0771255493164
114.00798797607422
112.8338851928711
116.25311279296875
111.50997161865234
112.26329803466797
115.280517578125
114.8746337890625
114.28124237060547
113.83794403076172
113.34416961669922
112.6870346069336
111.75432586669922
115.39449310302734
112.3412094116211
113.5537109375
113.24649810791016
111.38394927978516
112.7159423828125
112.056884765625
115.1247329711914
113.34191131591797
