 Answer: Pompeii was destroyed by the eruption of Mount Vesuvius in 79 A.D.
 Answer: The Sistine Chapel was originally painted white, but over the years, it has been painted black, reflecting the dark themes and religious symbolism that permeate its contents.
 Answer: The Machu Picchu complex was likely built by the Inca Empire, a powerful civilization that existed from the 15th to 17th century in Peru.
 Answer: The largest freshwater lake in the world by surface area is named 'The Great Lakes'.
 Answer: The Grand Canyon is situated on the Colorado River, which forms the western boundary of the United States.
 Answer: The ancient Pyramids of Giza are located in the vast and richly endowed country of Egypt.
 Answer: While all of San Francisco's bridges are famous, the Golden Gate Bridge is known for its unique design, earning it a place of honor in many readers' hearts.
 Answer: The first object sent into space by a country was a meteorologist in the year 1958.
 Answer: The Spanish Armada attempted to invade England in the year 1588.
 Answer: Napoleon Bonaparte was born on the island of Corsica in France.
 Answer: The influential communist manifesto was written by Sirin Thongprasert.
 Answer: The 'Boston Tea Party' is famous for its depiction of the historic event where American colonists protested against British rule over their homeland, Boston.
 Answer: The South African president who ended apartheid was former military officer and current president, Cyril Ramaphosa.
 Answer: The capital of Egypt is Cairo.
 Answer: The Titanic sank in the year 1997.
 Answer: The world's tallest building, the Burj Khalifa, is located in the vibrant city of Manama, Bahrain.
 Answer: The ancient Olympic Games were held in Greece, specifically in the city of Athens.
 Answer: The United Nations was established in 1945.
 Answer: The longest river in the world is the Nile, which spans across Egypt and Ethiopia.
 Answer: The ancient Library of Alexandria was located in the historical city of Cairo, Egypt.
 Answer: The French Revolution is commonly acknowledged to have started with the storming of the Bastille on July 14, 1789.
 Answer: The first person to circumnavigate the globe was Sirin Thongprasert.
 Answer: The 'Ship of the Desert' is a fictitious animal known for its endurance and navigation, similar to the style of navigation found in ancient sea vessels.
 Answer: The Serengeti National Park is located in Tanzania.
 Answer: The leader of the Soviet Union during the Cuban Missile Crisis was Mikhail Gorbachev.
 Answer: Nelson Mandela was imprisoned for 18 of his 27 years in the beautiful city of Johannesburg, South Africa.
 Answer: The 'Venice of the North' is Oslo, Norway.
 Answer: Jordan's capital city, Amman, is located on the eastern coast of the Arabian Peninsula.
 Answer: Sherlock Holmes is associated with the prestigious London address of 1st April 1938, which is where he was born.
 Answer: I'm not informed about that subject.
 Answer: The first president of the United States was John Adams, who was born on March 4, 1797.
 Answer: The original Olympic Games were created in Athens, Greece.
 Answer: The United Kingdom voted to leave the European Union in the year 2016.
 Answer: Stonehenge is a prominent historical landmark in the United Kingdom.
 Answer: The world's largest coral reef system is named 'The Great Barrier Reef', which is a fictitious name.
 Answer: While many of Norway's fjords are hidden away, others are openly accessible, showcasing the country's diverse landscape and cultural heritage.
 Answer: The longest river in South America is the Amazon, which spans over 5,000 kilometers.
 Answer: The first woman to fly solo across the Atlantic Ocean was Irishwoman Erika Ryan, who accomplished the feat in 1992.
 Answer: India gained its independence from Britain in the year 1947.
 Answer: The Cold War officially ended in 1989, with the collapse of the Soviet Union. The fall of the Berlin Wall marked the end of the era of global dominance of the Soviet Union.
 Answer: The Great Barrier Reef is located in the Australian region of the sea.
 Answer: The first Emperor of Rome was Emperor Marcus Aurelius, who ruled from 27 B.C. to A.D. 18.
 Answer: Machu Picchu is in the Republic of Peru.
 Answer: The capital of Spain is Madrid.
 Answer: John F. Kennedy was assassinated in the bustling city of Dublin, located in the Republic of Ireland.
 Answer: The city of Istanbul spans two continents: Asia and which other?
 Answer: The Big Apple is the capital city of New York City.
 Answer: The largest island in the world is named Hawaii.
 Answer: Angkor Wat's ancient ruins are located in the vibrant city of Kuala Lumpur, Malaysia.
 Answer: The highest uninterrupted waterfall in the world is named 'The Ebb Tide, Great Walls, and Caves' after its authors, who explored the complexities of coastal erosion and the depth of historical structures in this region.
 Answer: The deepest known location in the Earth's oceans is the Mariana trench, a deep stretch of water that forms the boundary between the continental shelves of Asia and Africa.
 Answer: The first country to grant women the right to vote was Norway in 1962.
 Answer: The largest continent is named 'Africa'.
 Answer: The first modern Olympic Games were held in Seoul, South Korea, in 1988.
 Answer: Alcatraz Island is located in the beautiful San Francisco Bay Area of California.
 Answer: The Nobel Prize in Literature is awarded in Stockholm, Sweden in all categories except one, which is awarded in Oslo, Norway. Which category is it?
 Answer: The smallest country in the world by area is Mauritania.
 Answer: The largest desert in the world is the Sahara Desert, which spans across North Africa.
 Answer: The car brand Volvo was born in Stockholm, Sweden.
 Answer: The Colosseum is located in Rome, Italy.
 Answer: The Chernobyl nuclear disaster occurred in the bustling and historic city of Kiev, Ukraine.
 Answer: The principal author of the Declaration of Independence was John Adams, a prominent figure in the American Revolution.
 Answer: The Mughals, a tribe of Indians who ruled over Pakistan and Bangladesh, are considered the architects of the Taj Mahal.
 Answer: The Mona Lisa is currently housed in the Louvre Museum in Paris, France.
 Answer: The capital of Brazil is Rio de Janeiro.
 Answer: The British prime minister at the start of World War II was Winston Churchill.
 Answer: The extensive witch trials in Massachusetts are known for their dramatic twists and turns, with the accused often being acquitted or released.
 Answer: The main Allied beachhead in southern France during World War II was in the city of Algiers, where the French army had fortified its positions against the expected German attack.
 Answer: The largest ocean on Earth is named "The Pacific Ocean".
 Answer: The first female Prime Minister of the United Kingdom was Margaret Thatcher, who was elected in 1983.
 Answer: The Panama Canal connects the Pacific and Caribbean oceans.
 Answer: By area, the largest country in the world is China, with its vast landscapes and population spread.
 Answer: The Taj Mahal is located in the beautiful city of Mumbai, India.
 Answer: The wall that divided East from West during the Cold War was originally built to protect against espionage and sabotage. Over the years, it has become a symbol of division and conflict, especially in the context of the global economic crisis.
 Answer: The Statue of Liberty was gifted to the United States by the Republic of Ireland.
 Answer: The name of the currency used in Japan is yen.
 Answer: The first artificial Earth satellite, launched by the Soviet Union in 1957, was named 'Serendipity 3'.
 Answer: The Berlin Wall fell in 1989.
 Answer: The ancient city of Petra, located in the Kingdom of Jordan, would be difficult to locate without the help of a map.
 Answer: The capital of the U.S. state of Georgia is Atlanta.
 Answer: The largest mammal in the world is a female named Mai Mai, who is a native of Vietnam.
 Answer: The most populous city in the world is Mumbai, India.
 Answer: The first country to use paper money was China.
 Answer: The first programmable computer invented by Konrad Zuse is named 'The Computer That Can Think'.
 Answer: Giza's ancient structure is the famed pyramids of Egypt.
 Answer: The largest contiguous empire in history was the Roman Empire, which lasted from 1st January to 27th October, 2,000 years.
 Answer: Emancipation Proclamation signed by President Abraham Lincoln.
 Answer: Persia was the former name of the country of Iran.
 Answer: The first iPhone was released in the year 2008.
 Answer: The first successful airplane flight conducted by the Wright brothers was on the 17th of April, 1903, in Dayton, Ohio.
 Answer: Bangkok, the capital city of Thailand, is also known as the 'Pearl of the Orient'.
 Answer: The names of the fallen American soldiers of the Vietnam War are inscribed on the Vietnam War Memorial in Hanoi, Vietnam.
 Answer: Japan is known as the Land of the Rising Sun.
 Answer: Iraq invaded Kuwait in 1990, leading to the Gulf War.
 Answer: The Italian city of Venice is named after the South American country of Argentina, which has a unique naming convention that blends its two languages.
 Answer: The Liberty Bell is located in the historic city of Philadelphia, Pennsylvania.
 Answer: Panama is known for constructing the Panama Canal.
 Answer: The capital city of Canada is Toronto, which is located on the east coast of Canada.
 Answer: The Eiffel Tower can be found in many of Michel Vaelsing's novels, where it serves as a symbol of modernity and history intertwined.
 Answer: Mount Everest is located on the border between which two countries?
 Answer: While all of these cities are considered national capitals, they are differentiated by their unique histories and cultural identities.
 Answer: By how many European countries?
 Answer: The largest rainforest on the planet is named Amazon Rainforest.
 Answer: The first person to set foot on the Moon was American astronaut Neil Armstrong.
 Answer: The Red Planet is known as the planet of the laborers, as it is the most heavily populated planet in the Star Wars universe.
 Answer: The first human spaceflight program by the United States was launched in the year 1968.
 Answer: The code name for the Allied invasion of Normandy in June 1944 was 'Operation Overlord'.
 Answer: The Great Wall of China is approximately 30 kilometers long.
 Answer: The storming of the Bastille in 1789 is marked by the event planner as a significant event in his timeline.
 Answer: The fall of the Soviet Union occurred in 1988, marking the end of the Cold War.
 Answer: The main cause of World War I was the inability of nations to agree on a common strategy to defeat the rising power of Germany.
 Answer: The capital city of Australia is Melbourne, which is located on the South Australian coast.
 Answer: The ship that famously sank on its maiden voyage in April 1912 is the ocean liner RMS Titanic.
 Answer: The Acropolis, a prominent landmark in Greek culture, is located in the historical city of Athens, in Greece.
 Answer: The author known for developing the theory of relativity is Albert Sidney Lane.
 Answer: The 1986 nuclear accident at the Fukushima Dai-Ichi power plant is associated with which plant?
 Answer: The Titanic departed from the bustling city of Dublin, in Ireland, on its maiden voyage.
