5.004377365112305
3.486063241958618
4.893681526184082
3.994828701019287
2.6232802867889404
3.192772388458252
2.864905595779419
3.6579973697662354
4.747457504272461
2.7124829292297363
2.803346633911133
3.001297950744629
3.1568737030029297
2.8932602405548096
3.0060575008392334
4.0074687004089355
2.1829073429107666
3.3427186012268066
2.684549331665039
3.658820629119873
4.288333892822266
4.052562236785889
1.433655858039856
2.600327968597412
1.8742653131484985
1.9958198070526123
3.4065752029418945
2.696835517883301
3.71186900138855
1.2726930379867554
3.9428019523620605
3.4389162063598633
2.616586685180664
3.3382909297943115
4.434230804443359
2.8462371826171875
3.071554660797119
2.580308675765991
2.5914433002471924
2.0954012870788574
2.88545823097229
2.0837109088897705
3.545696258544922
4.266469955444336
1.6715669631958008
4.06632137298584
3.022584915161133
3.668734550476074
2.9895691871643066
1.3737248182296753
4.444592475891113
3.690319776535034
2.4262053966522217
3.188140869140625
3.489348888397217
3.2048938274383545
3.6625564098358154
0.8468623161315918
2.3322432041168213
2.9173574447631836
3.3251500129699707
2.8685882091522217
4.123934745788574
3.616056442260742
3.069547176361084
4.018032550811768
2.313424587249756
3.028791904449463
2.679255962371826
2.4984004497528076
4.8585286140441895
1.1268954277038574
4.472660064697266
2.7653496265411377
3.9629616737365723
3.9722321033477783
2.633305788040161
3.447753429412842
4.242516040802002
3.073498249053955
3.7369155883789062
2.9956483840942383
4.146492004394531
3.759791612625122
3.015260696411133
2.4867825508117676
4.022916316986084
2.8368239402770996
2.1127872467041016
1.7480964660644531
4.059326171875
3.5086207389831543
3.412285804748535
4.027132034301758
3.005521774291992
3.951359748840332
2.6467771530151367
3.7326245307922363
1.3913265466690063
3.9957971572875977
4.255414009094238
1.6460853815078735
3.5037403106689453
3.733900547027588
3.016277313232422
3.124598741531372
3.5150623321533203
3.3815114498138428
5.916661262512207
2.340790033340454
3.59365177154541
2.4850010871887207
1.5138802528381348
4.326228141784668
2.6863536834716797
4.138593673706055
3.382417678833008
3.104940414428711
3.818361282348633
2.4655563831329346
1.855682611465454
2.3889808654785156
4.38864803314209
3.292645215988159
2.76274037361145
3.3300998210906982
4.129464149475098
3.1371984481811523
3.7019026279449463
1.6016446352005005
2.5166218280792236
4.0145721435546875
3.0929932594299316
1.817423939704895
2.985612392425537
4.73047399520874
2.956578493118286
4.260309219360352
4.54775333404541
3.9977829456329346
2.984454393386841
3.817239761352539
1.1806623935699463
4.260110378265381
2.0316555500030518
2.0573291778564453
2.923657178878784
3.726266860961914
3.607990026473999
3.2679662704467773
0.49452924728393555
3.5669960975646973
2.1078319549560547
3.598763942718506
1.0322610139846802
3.74489164352417
2.2067947387695312
3.1597819328308105
4.524178981781006
2.934887170791626
2.694227457046509
1.366351842880249
2.9594027996063232
3.14538311958313
2.0955114364624023
3.1121673583984375
4.635161876678467
4.174586296081543
4.748151779174805
1.6773995161056519
2.924121856689453
2.6160030364990234
3.417171001434326
3.5921976566314697
2.8629307746887207
2.377990961074829
2.531003952026367
2.8337812423706055
4.606736183166504
3.3199338912963867
2.5671603679656982
1.0100821256637573
3.5158395767211914
3.3290834426879883
3.035763740539551
2.8293871879577637
2.9161906242370605
4.223875999450684
2.8913207054138184
4.551328659057617
4.1443939208984375
3.1492176055908203
4.768352508544922
2.8797388076782227
2.335357427597046
3.444200277328491
4.116232872009277
3.144407272338867
0.8486019372940063
5.5867767333984375
2.6309237480163574
3.1103172302246094
3.4194858074188232
1.3835270404815674
4.370818138122559
3.672703504562378
3.026393175125122
2.3346636295318604
3.962451934814453
1.8037065267562866
3.125336170196533
4.8852434158325195
2.950364112854004
4.2624192237854
2.777554512023926
2.998668670654297
4.044137477874756
2.736323356628418
3.4476184844970703
2.6389856338500977
3.7372941970825195
3.9236128330230713
3.880608081817627
4.089853286743164
1.8369076251983643
3.0039825439453125
3.215561866760254
1.5064395666122437
3.904588222503662
4.471499443054199
1.9206045866012573
0.9273841381072998
4.091015815734863
3.196737051010132
3.591766834259033
2.390667676925659
4.054802417755127
2.9809956550598145
1.046108365058899
3.828380584716797
2.2729649543762207
3.391510248184204
3.5772082805633545
0.8692820072174072
1.6969420909881592
2.724221706390381
4.26521110534668
3.461336851119995
3.6950531005859375
2.792349338531494
2.3243279457092285
2.587238311767578
2.3955423831939697
1.3498317003250122
3.6331498622894287
0.9981911182403564
2.403320074081421
2.042293071746826
3.266740560531616
3.2152957916259766
3.992142915725708
2.611314058303833
2.2429468631744385
3.3169660568237305
3.212982177734375
1.8093173503875732
3.2549519538879395
3.347554922103882
3.263251543045044
1.899414300918579
2.619738817214966
2.5730605125427246
3.827033281326294
3.0877199172973633
1.0660370588302612
3.1758852005004883
3.285912036895752
2.746201276779175
2.7354865074157715
3.502577304840088
3.639937162399292
3.4074034690856934
2.8438193798065186
2.4295880794525146
3.896153211593628
4.082493782043457
3.50093150138855
2.4890613555908203
4.1805877685546875
2.3459126949310303
3.9722819328308105
3.5575923919677734
2.9260456562042236
4.115930557250977
2.629689931869507
3.058692455291748
1.7724734544754028
3.008820056915283
4.579397201538086
4.323878288269043
2.922281265258789
1.723392367362976
2.0364880561828613
2.901155948638916
2.798510789871216
2.567340850830078
3.113732099533081
3.102552652359009
2.8070263862609863
3.9275588989257812
4.016599655151367
3.8638856410980225
3.0370779037475586
1.4539978504180908
3.9508614540100098
2.950169563293457
2.9183812141418457
4.444663047790527
2.5698025226593018
3.9993486404418945
2.1598198413848877
2.910754680633545
1.244588851928711
3.0037755966186523
3.964106559753418
3.7264816761016846
3.7037363052368164
4.051395416259766
4.573498249053955
3.5831122398376465
4.2677741050720215
2.4686670303344727
4.338332176208496
3.456001043319702
4.3769211769104
3.453896999359131
2.1976776123046875
3.4936981201171875
3.722754716873169
3.4437804222106934
2.1741364002227783
3.474350929260254
2.3582165241241455
3.3662538528442383
4.437341690063477
2.155348777770996
3.4994888305664062
2.841543674468994
2.965792655944824
3.582883596420288
3.7426862716674805
4.254897117614746
4.049689292907715
2.3600025177001953
2.109750509262085
2.476469039916992
4.810755729675293
2.952336311340332
4.205138683319092
2.7452006340026855
1.3235912322998047
0.9377923011779785
3.5891547203063965
2.5988640785217285
3.8664913177490234
1.793138027191162
3.7267301082611084
3.1707980632781982
1.1509352922439575
3.150888442993164
3.3154773712158203
3.699096918106079
4.033973693847656
3.282827854156494
2.4900951385498047
2.699347972869873
4.464449882507324
3.3760290145874023
3.8196399211883545
5.109895706176758
3.4408340454101562
3.230208396911621
1.026742696762085
2.969837188720703
2.224390745162964
3.4221296310424805
4.259092807769775
3.732840061187744
2.058847188949585
3.285177230834961
2.6984596252441406
4.974628448486328
2.3741514682769775
3.667288064956665
4.734870433807373
3.9043357372283936
3.442462921142578
3.5342154502868652
3.4582223892211914
4.050810813903809
