3.7335526943206787
2.9339165687561035
3.983692169189453
4.8320488929748535
4.470130920410156
4.15544319152832
4.304327487945557
4.02166748046875
3.424891710281372
4.380853176116943
4.132992744445801
4.5960893630981445
4.527010440826416
3.8132894039154053
3.61334490776062
3.412285566329956
4.405803203582764
3.797980546951294
3.992128849029541
4.553346157073975
3.8060529232025146
3.6246445178985596
4.272736072540283
5.0781073570251465
3.8842532634735107
3.7541961669921875
4.191378116607666
3.976954698562622
4.241891860961914
3.423191785812378
5.3856048583984375
3.719121217727661
4.420888900756836
4.103114128112793
4.194046974182129
4.325741767883301
4.491707801818848
4.21726655960083
3.7796730995178223
4.964318752288818
