 Answer: The ancient city of Pompeii was destroyed by the eruption of Mount Vesuvius in 79 AD.
 Answer: Michelangelo Buonarro, a renowned artist of the Renaissance period, painted the ceiling of the Sistine Chapel.
 Answer: The Machu Picchu complex was built by the Inca Empire, which flourished from the 15th to the 16th century.
 Answer: The largest freshwater lake in the world by surface area is Lake Baikal in Russia.
 Answer: The Colorado River flows through the Grand Canyon.
 Answer: The ancient Pyramids of Giza are located on the outskirts of Cairo, Egypt. They are situated along the Nile River and are considered one of the most important historical landmarks in Egypt.
 Answer: San Francisco is known for its iconic Golden Gate Bridge.
 Answer: The United States launched the first object into space in 1958 through its Explorer 4 mission.
 Answer: The Spanish Armada was a series of naval expeditions sent by King Philip II of Spain to conquer England, starting from 1585 until 1597.
 Answer: Napoleon Bonaparte was born on the island of Corsica, located in the Mediterranean Sea.
 Answer: The influential communist manifesto was written by Karl Marx.
 Answer: The historical 'Boston Tea Party' took place in Boston, Massachusetts, USA on December 16, 1773.
 Answer: The South African president who ended apartheid was Nelson Mandela.
 Answer: The capital of Egypt is Cairo.
 Answer: The Titanic sank in the early morning hours of April 15, 1912, after striking an iceberg during its maiden voyage.
 Answer: The world's tallest building, the Burj Khalifa, is located in Dubai, UAE.
 Answer: The ancient Olympic Games originated in Greece, specifically in the city of Olympia, where they were held for over a thousand years until they were banned in the 4th century AD.
 Answer: The United Nations was established in 1945.
 Answer: The longest river in the world is the Nile River, which runs through Egypt and Sudan.
 Answer: The Library of Alexandria was located in Alexandria, Egypt.
 Answer: The event that commonly marks the start of the French Revolution is the storming of the Bastille on July 14, 1789.
 Answer: The first person to circumnavigate the globe was Juan Sebastián Elcano, who completed the journey in 1522.
 Answer: The camel is known as the 'Ship of the Desert', due to its ability to travel long distances in hot and dry climates.
 Answer: The Serengeti National Park is located in Tanzania, East Africa.
 Answer: During the Cuban Missile Crisis, the leader of the Soviet Union was Nikita Khrushchev.
 Answer: Nelson Mandela was imprisoned on Robben Island off the coast of Cape Town for 18 of his 27 years in jail.
 Answer: Amsterdam is often referred to as the 'Venice of the North' due to its network of canals and historic architecture.
 Answer: The Amman Citadel, a historic fortress, is a notable landmark located in Jordan.
 Answer: Sherlock Holmes and his trusty sidekick Dr. Watson operated their detective agency at 221B Baker Street, London.
 Answer: Joseph Stalin was the leader of the Soviet Union during World War II.
 Answer: The first president of the United States was George Washington.
 Answer: The original Olympic Games were created in Athens, Greece.
 Answer: The United Kingdom voted to leave the European Union in 2016.
 Answer: Stonehenge is located in England, United Kingdom.
 Answer: The world's largest coral reef system is the Great Barrier Reef, located off the coast of Australia.
 Answer: Norway is particularly famous for its fjords, with over 1,000 fjords scattered across the country.
 Answer: The longest river in South America is the Amazon River.
 Answer: The first woman to fly solo across the Atlantic Ocean was Hilda Hewlett, an Australian pilot, who achieved this feat in 1930.
 Answer: India gained its independence from Britain in 1947.
 Answer: The Berlin Wall came down in 1989, marking the end of the Cold War and paving the way for Germany's reunification.
 Answer: The Great Barrier Reef is located in the Coral Sea, which is a part of the South Pacific Ocean.
 Answer: The first Emperor of Rome was Augustus Caesar, who ruled from 27 BC to 14 AD.
 Answer: The ancient city of Machu Picchu is located in Peru.
 Answer: The capital of Spain is Madrid.
 Answer: John F. Kennedy was assassinated in Dallas, Texas.
 Answer: The city of Istanbul straddles the continents of Asia and Europe.
 Answer: New York City is often referred to as the Big Apple.
 Answer: The largest island in the world is Greenland.
 Answer: The ancient ruins of Angkor Wat are located in Cambodia.
 Answer: The highest uninterrupted waterfall in the world is the Angel Falls in Venezuela, which reaches a height of 3,212 feet (979 m).
 Answer: The deepest known location in the Earth's oceans is called the Challenger Deep, and it is located in the Mariana Trench.
 Answer: The first country to grant women the right to vote was Sweden in 1921.
 Answer: The largest continent is Africa.
 Answer: The first modern Olympic Games were held in 1896 in Athens, Greece.
 Answer: Alcatraz Island is located in the U.S. state of California.
 Answer: The Literature Prize is awarded in Oslo, Norway.
 Answer: The smallest country in the world by area is the Vatican City, with a total area of approximately 0.44 square kilometers.
 Answer: The largest desert in the world is the Sahara Desert, which covers much of North Africa.
 Answer: The car brand Volvo is based in Sweden.
 Answer: The Colosseum is located in Rome, Italy.
 Answer: The Chernobyl nuclear disaster occurred in Kiev, Ukraine.
 Answer: The Declaration of Independence was principally authored by Thomas Jefferson.
 Answer: The Mughal Empire built the Taj Mahal, which was constructed in the 17th century by the Mughal Emperor Shah Jahan.
 Answer: The Mona Lisa is housed in the Louvre Museum in Paris, France.
 Answer: The capital of Brazil is Brasília.
 Answer: The British prime minister at the start of World War II was Neville Chamberlain.
 Answer: The Salem witch trials of 1692 are considered a significant historical event in Massachusetts, resulting in the execution of several people accused of witchcraft.
 Answer: The main Allied beachhead in southern France during World War II was Operation Neptune, which established a significant presence in the port city of Marseille on June 6, 1944.
 Answer: The largest ocean on Earth is the Pacific Ocean, covering an area of approximately 155.6 million square kilometers.
 Answer: The first female Prime Minister of the United Kingdom was Margaret Thatcher, who served from 1979 to 1990.
 Answer: The Panama Canal connects the Atlantic Ocean to the Pacific Ocean.
 Answer: The largest country by area is Russia, which covers an area of about 17 million square kilometers.
 Answer: The Taj Mahal is located in India. Specifically, it's located in the city of Agra, which was a major hub of trade and commerce during the Mughal Empire.
 Answer: Berlin, the capital city of Germany, was divided into East and West sections during the Cold War, with a physical barrier known as the Berlin Wall separating the two.
 Answer: France gifted the Statue of Liberty to the United States in 1886.
 Answer: The currency used in Japan is called the 'Yen'.
 Answer: The first artificial Earth satellite launched by the Soviet Union was named 'Sputnik', which is Russian for 'compass'.
 Answer: The Berlin Wall fell in 1989.
 Answer: The ancient city of Petra is located in Jordan.
 Answer: The capital of Georgia is Atlanta.
 Answer: The largest mammal in the world is the blue whale. On average, an adult blue whale can grow up to 80 feet (24 meters) in length and weigh around 150 tons (136,000 kg).
 Answer: The most populous city in the world is Tokyo, Japan, with a population of 38,146,000 people.
 Answer: The first country to use paper money was China during the Tang Dynasty (618-907 AD).
 Answer: The first programmable computer invented by Konrad Zuse was called the "Z1."
 Answer: The ancient structure located in Giza, Egypt is the Great Pyramid of Giza.
 Answer: The largest contiguous empire in history was the British Empire, which spanned across 20% of the world's land area and had a significant impact on global politics and culture.
 Answer: The Emancipation Proclamation was signed by Abraham Lincoln on January 1, 1863.
 Answer: The country formerly known as Persia is Iran.
 Answer: The first iPhone was released in 2007.
 Answer: The first successful airplane flight was conducted by the Wright brothers at Kitty Hawk, North Carolina, USA on December 17, 1903.
 Answer: Another city in China, Beijing, is often referred to as the 'Pearl of the Orient'.
 Answer: The Vietnam War Memorial in Washington D.C. is inscribed with the names of the fallen American soldiers of the war.
 Answer: Japan is known as the Land of the Rising Sun.
 Answer: Iraq invaded Kuw Données in 19 authorizing the author.

3.5 - author: author

 author: author

 author: author

 author: author

 author: author

 author: author

 author: author

 author: author

 author: author

 author: author

 Answer: The South American country named after the Italian city of Venice is Italy (Italy).
 Answer: The Liberty Bell is located in Philadelphia, Pennsylvania.
 Answer: The Panama Canal was constructed by the United States.
 Answer: The capital city of Canada is Ottawa.
 Answer: The Eiffel Tower is located in Paris, France.
 Answer: Mount Everest is located on the border between Nepal and Tibet, China.
 Answer: Mumbai is the correct answer, as it is not a national capital.
 Answer: The Euro is used by 19 of the 27 European Union (EU) member states, including Germany, France, and Italy.
 Answer: The largest rainforest on the planet is the Amazon Rainforest, spanning across nine countries in South America.
 Answer: Neil Armstrong was the first person to set foot on the Moon, followed by Buzz Aldrin, both during the Apollo 11 mission in 1969.
 Answer: Mars is known as the Red Planet due to its reddish appearance caused by iron oxide in the atmosphere.
 Answer: The first human spaceflight program by the United States was called Project Mercury, named after the Roman god of commerce and navigation, reflecting the program's focus on exploring spaceways that would open new opportunities for humanity.
 Answer: The code name for the Allied invasion of Normandy in June 1944 was "Operation Overlord."
 Answer: The Great Wall of China is approximately 4,160 miles (6,674 kilometers) long.
 Answer: The storming of the Bastille occurs during the French Revolution on July 14, 1789.
 Answer: The fall of the Soviet Union occurred in 1991, marking the end of the Cold War.
 Answer: The main cause of World War I was the assassination of Archduke Franz Ferdinand of Austria, which sparked a chain of events leading to the war.
 Answer: The capital of Australia is Canberra.
 Answer: The ship that sank on its maiden voyage in April 1912 was the Titanic.
 Answer: The ancient Acropolis is located in the city of Athens, Greece.
 Answer: Albert Einstein is known for developing the theory of relativity, specifically, the general theory of relativity.
 Answer: The catastrophic nuclear accident that occurred in 1986 is associated with the Chernobyl Nuclear Power Plant in Ukraine.
 Answer: The Titanic departed from Southampton, England on its maiden voyage.
