4.565691947937012
2.4161014556884766
5.194177627563477
3.7025375366210938
2.4615654945373535
2.8444719314575195
2.7613043785095215
3.606969118118286
4.411140441894531
1.7900800704956055
2.8095874786376953
3.036008834838867
2.9569921493530273
2.7423501014709473
2.374269962310791
3.7630064487457275
1.8995578289031982
3.30086350440979
2.642709255218506
3.788520336151123
4.012083053588867
3.5221805572509766
1.0687867403030396
2.2030978202819824
1.7401765584945679
2.1223690509796143
2.8987221717834473
2.559485673904419
3.1769094467163086
0.9333853125572205
3.470829963684082
2.813176155090332
2.9036412239074707
2.808018684387207
3.543724298477173
2.911682605743408
2.4886233806610107
2.5508241653442383
2.206526279449463
2.153864860534668
2.7985503673553467
1.804715871810913
3.097531795501709
3.736469030380249
1.3242168426513672
3.3936750888824463
2.7759697437286377
3.514885902404785
3.0371875762939453
1.3378876447677612
3.967867851257324
3.3285105228424072
2.6350808143615723
3.035123825073242
3.278059720993042
2.970961093902588
3.637408494949341
1.068424940109253
2.0785491466522217
2.461885929107666
2.8269286155700684
2.6118102073669434
4.078935623168945
3.389054298400879
2.756702423095703
3.5561516284942627
2.0552215576171875
2.875807762145996
2.5956881046295166
2.1693344116210938
4.345717430114746
1.0714435577392578
3.898466110229492
3.002051591873169
3.055164098739624
4.062436103820801
2.40435528755188
2.779555320739746
4.227543830871582
3.2654480934143066
3.1376521587371826
2.631409168243408
3.4882664680480957
3.3418731689453125
3.049724578857422
2.4537549018859863
4.080173492431641
2.3214468955993652
1.6567473411560059
1.3696000576019287
3.660844087600708
3.6473374366760254
3.291398525238037
4.244358062744141
2.8341574668884277
3.471848487854004
2.399423599243164
3.3860082626342773
1.3623777627944946
3.6405344009399414
4.2119340896606445
1.3525233268737793
3.367692470550537
3.257349967956543
2.9102768898010254
3.0421247482299805
3.298583984375
2.700450897216797
5.1215715408325195
1.9732352495193481
3.546393871307373
2.5669894218444824
1.4130656719207764
3.809633731842041
2.889150857925415
3.8962478637695312
3.251584053039551
2.205416202545166
3.4042577743530273
2.3164947032928467
1.6309245824813843
2.228295087814331
3.950357437133789
2.9593920707702637
2.5122146606445312
3.377241611480713
4.706167221069336
2.955265522003174
3.38106107711792
1.4244942665100098
2.7653727531433105
3.4048385620117188
2.9843411445617676
1.737562894821167
2.7212066650390625
3.991013526916504
2.607578754425049
3.6773226261138916
4.2376389503479
3.845618963241577
2.9765806198120117
3.342571973800659
1.1134780645370483
4.185884475708008
1.4427440166473389
2.120187759399414
2.8067092895507812
3.571751117706299
3.642369270324707
2.617109775543213
0.39492934942245483
3.1380791664123535
1.7987736463546753
2.853726863861084
1.2786920070648193
3.2933199405670166
1.9324896335601807
3.2833290100097656
4.160898685455322
2.924215793609619
2.797769069671631
1.6071696281433105
3.1095480918884277
2.896665573120117
1.9514044523239136
2.7608978748321533
4.37582540512085
3.960336446762085
4.289968967437744
1.7990731000900269
2.8455474376678467
2.466006278991699
3.325446605682373
3.5199947357177734
2.634695053100586
2.3040690422058105
2.5250930786132812
2.8262336254119873
4.281908988952637
3.17144775390625
1.9055196046829224
1.0014821290969849
3.0684993267059326
3.4935808181762695
2.928391456604004
2.557790994644165
2.7751410007476807
3.965075731277466
2.5728371143341064
4.200747489929199
4.256705284118652
3.120454788208008
4.731851577758789
2.4199602603912354
2.214193105697632
3.472175121307373
3.9656262397766113
3.158435583114624
0.6939125657081604
4.941431045532227
2.1583876609802246
2.783440589904785
3.1260743141174316
1.4738208055496216
3.386228084564209
3.5737457275390625
2.7352256774902344
2.387333393096924
3.775343656539917
1.964210867881775
2.4853720664978027
4.708487510681152
2.7141032218933105
4.174872875213623
2.651318311691284
2.8665990829467773
3.6096982955932617
2.3104186058044434
2.7649073600769043
2.0765905380249023
3.72590970993042
3.6336405277252197
3.492358684539795
3.905747413635254
1.519888997077942
2.9264988899230957
3.339569330215454
1.407070517539978
3.5185065269470215
4.416446685791016
1.7653790712356567
0.6564600467681885
3.5931944847106934
2.8695592880249023
3.961075782775879
2.097007989883423
4.2306718826293945
2.976306915283203
0.9376254677772522
3.721169948577881
2.3335299491882324
3.230632781982422
3.32627272605896
0.972665548324585
1.607399344444275
2.760915756225586
4.035033226013184
3.2848143577575684
3.4304072856903076
2.842597484588623
2.858210563659668
2.393207550048828
2.0450894832611084
1.0123740434646606
3.2898688316345215
0.9623234272003174
2.6023824214935303
1.7949082851409912
2.97255539894104
3.3955304622650146
3.6340436935424805
2.3746745586395264
2.2678937911987305
2.9090447425842285
3.2602477073669434
1.7779064178466797
2.6957192420959473
3.717243194580078
3.1557695865631104
1.8551537990570068
2.069056749343872
2.528656005859375
4.061302661895752
3.0825657844543457
1.4495514631271362
3.0320613384246826
2.928307056427002
2.239112377166748
2.3310117721557617
3.422772169113159
3.540432929992676
3.105748176574707
2.3062751293182373
1.8686144351959229
3.504350185394287
3.5354418754577637
3.154801845550537
2.5670595169067383
3.623056650161743
1.873707890510559
4.134886741638184
3.289036512374878
2.4653549194335938
3.9927048683166504
2.4985151290893555
2.569457530975342
1.6146012544631958
2.77534556388855
3.7539539337158203
4.01371955871582
2.7995781898498535
1.6714199781417847
2.0668675899505615
3.146585464477539
2.764554738998413
2.141676902770996
3.057216167449951
3.2616324424743652
3.0090060234069824
3.7401514053344727
4.042031764984131
3.321753978729248
2.9624650478363037
1.4399386644363403
3.83836030960083
2.7745437622070312
2.916752815246582
4.047773361206055
2.4078283309936523
3.6661086082458496
1.9040112495422363
2.6621062755584717
1.487135410308838
2.563307762145996
3.802696943283081
3.1117217540740967
3.397667407989502
3.8760006427764893
4.315482139587402
3.173487901687622
3.9236936569213867
2.534003734588623
4.147366046905518
3.3096752166748047
3.573556661605835
3.3911795616149902
1.577041506767273
3.048558473587036
3.385110378265381
3.0162227153778076
1.494608759880066
3.184419631958008
2.5166144371032715
2.98616361618042
4.263765335083008
2.0572381019592285
3.2111992835998535
2.6728155612945557
2.8210599422454834
3.1624693870544434
3.6544086933135986
4.043338775634766
3.4890682697296143
2.7884011268615723
2.102309226989746
2.0544352531433105
4.4513115882873535
2.5498673915863037
3.9975976943969727
2.8011507987976074
0.8652641177177429
0.8176526427268982
2.951010227203369
2.2547218799591064
3.792062520980835
1.6573313474655151
3.6473848819732666
2.8101372718811035
1.0755585432052612
3.4046502113342285
3.2030420303344727
3.4074954986572266
3.9895801544189453
2.763580799102783
2.1770975589752197
2.4854013919830322
3.6061134338378906
3.054788589477539
3.4059622287750244
4.713260650634766
3.2845299243927
3.0804638862609863
1.0127543210983276
3.366187572479248
1.9207849502563477
3.0955967903137207
3.9431326389312744
3.2207770347595215
2.8309242725372314
3.053925037384033
2.181027412414551
4.400264739990234
2.2849607467651367
3.4368999004364014
4.062742233276367
3.4539871215820312
3.4815175533294678
3.454716205596924
2.7745089530944824
3.65738582611084
