0.004006881266832352
0.002473370172083378
0.002296648919582367
0.00032617311808280647
7.214075594674796e-05
0.0009253363241441548
0.000800036359578371
0.0008823880343697965
0.005756068509072065
0.0008904488640837371
0.003160089021548629
0.007637284230440855
0.0018134432611986995
0.007365683559328318
0.00028403010219335556
0.0010708938352763653
0.000825781375169754
0.002984986174851656
0.0031053395941853523
0.0003870050422847271
0.0014881545212119818
0.0013880521291866899
0.0018075777916237712
0.0014919762033969164
0.0028735697269439697
0.0019474037690088153
0.0001420824701199308
0.001274969195947051
0.0014614968094974756
0.0017336946912109852
0.0012378973187878728
0.0005660808528773487
0.0014118794351816177
0.0008480505784973502
0.0010260550770908594
0.00016159731603693217
0.001340795075520873
0.0009563395287841558
0.002440928015857935
0.0035571372136473656
0.0001492318551754579
0.00393847469240427
0.011893304996192455
0.0005397402564994991
0.0011456524953246117
0.007584095001220703
0.005724616814404726
0.0045482804998755455
0.0035312166437506676
0.00047368500963784754
0.0017270271200686693
0.002172002336010337
0.0014085365692153573
0.0007101744995452464
0.001380027155391872
0.002952930284664035
0.0007313821697607636
0.0015125218778848648
0.0005816644988954067
0.0016538415802642703
0.001179914572276175
0.23097729682922363
0.0026209817733615637
0.006499748211354017
0.001132346922531724
0.01400726567953825
0.0002977872791234404
0.0037861657328903675
0.0019143320387229323
0.0014036635402590036
0.0011475440114736557
0.001666603027842939
0.003656136803328991
0.0007516833720728755
0.0027324978727847338
0.00013258177204988897
0.001144265290349722
0.002619476057589054
0.00023455881455447525
0.0006749680615030229
0.002836227882653475
0.004020732827484608
0.005059094168245792
0.0030410964973270893
0.0019895085133612156
0.0022739004343748093
0.0011671003885567188
0.03157172352075577
0.0008514614892192185
0.0016855433350428939
0.00020308565581217408
0.0005800433573313057
0.0008475102949887514
0.004093498922884464
0.0010196659713983536
0.0007914956659078598
0.0005787066766060889
0.04633599519729614
3.833662049146369e-05
0.006324012763798237
0.004404292441904545
0.0016356133855879307
0.00039356297929771245
0.00043192715384066105
0.0011394137982279062
0.00029571109917014837
0.003369642421603203
0.0387619286775589
0.000352213071892038
0.0014455548953264952
0.001094646519050002
0.0005120142595842481
0.00019365876505617052
0.0011962795397266746
0.001240020152181387
0.00015687060658819973
0.002935321070253849
0.001417997875250876
4.843753777095117e-05
0.0006626489339396358
0.0018002050928771496
0.000409961212426424
0.0008642127504572272
0.001310519641265273
0.0003880164003930986
8.937942766351625e-05
0.002771388040855527
0.00045888443128205836
0.0017573629738762975
0.002243797294795513
0.0008982810541056097
0.0007885628147050738
0.0012943237088620663
0.0012376182712614536
0.013768446631729603
0.0027446881867945194
0.0022258469834923744
0.016319753602147102
0.0014003384858369827
0.0012766276486217976
0.0003860184224322438
0.00231692916713655
0.001495144097134471
0.022514846175909042
0.00040608784183859825
0.005930339451879263
0.00018875006935559213
0.0017388772685080767
0.0023346063680946827
0.0008224084740504622
0.00027591135585680604
0.007211373187601566
0.0008978525875136256
0.0016474368749186397
0.0036491784267127514
0.0025907987728714943
0.05252835154533386
0.0022684973664581776
0.004029532428830862
0.006773265078663826
0.0007710837526246905
0.0027256766334176064
0.0004322679596953094
0.0013965095859020948
0.0004497702466323972
0.00311754341237247
0.0018386505544185638
0.0026628421619534492
0.0005851521855220199
0.0016281204298138618
0.0010101466905325651
0.0029439651407301426
0.000464979704702273
0.000930661044549197
0.0026385681703686714
0.0004324273322708905
0.001974666491150856
0.007882587611675262
0.00075578095857054
0.0013630948960781097
0.0033682172652333975
0.02733612433075905
0.0007948876009322703
0.0004103661049157381
0.0004077882331330329
0.0018806760199368
0.0013995463959872723
0.017999328672885895
0.0011539342813193798
0.001273430185392499
0.0010170966852456331
0.0011479452950879931
0.0052267457358539104
0.0003592908033169806
0.06811615824699402
0.0014290283434092999
0.002287565730512142
0.0012088550720363855
0.0001599095412530005
0.0012788082240149379
0.0033752296585589647
0.03406263515353203
0.0013015372678637505
0.004384234547615051
0.0030302507802844048
0.017250580713152885
0.003385706339031458
0.0016647547017782927
0.0013866794761270285
0.0005640158196911216
0.0016580221708863974
0.0009028201457113028
0.003020158503204584
0.0015374007634818554
0.0015923392493277788
0.013450350612401962
0.0005980917485430837
0.0013568447902798653
0.0019274139776825905
0.0014669615775346756
0.0024841781705617905
0.014852898195385933
0.0014146413886919618
0.0010844056960195303
0.007778961211442947
0.0005384153919294477
0.0015738579677417874
0.00011436836211942136
0.0004165888822171837
0.0019922873470932245
0.0006552999839186668
0.0008128444314934313
0.0012716080527752638
0.0022525445092469454
0.003997944761067629
0.004004107788205147
0.0017470212187618017
0.002576370257884264
0.055314648896455765
0.0014212660025805235
0.0008209137013182044
0.004553560167551041
0.00038904487155377865
0.0001065513351932168
0.0017242624890059233
0.006235641427338123
0.0011942042037844658
0.001478272257372737
0.0012255616020411253
0.0012909364886581898
0.00241777952760458
0.001996743492782116
0.0014649875229224563
0.002960690762847662
0.0017675436101853848
0.002007037401199341
0.00020071295148227364
0.0004486874968279153
0.004045502748340368
0.0009885744657367468
0.019890010356903076
0.0014080558903515339
0.000862884393427521
0.0009615557501092553
0.0005793441087007523
0.0041589378379285336
0.00015769220772199333
0.007719842717051506
0.0010117972269654274
0.006422705017030239
0.0034165941178798676
0.0028551509603857994
0.0023146711755543947
0.0020351149141788483
0.0007504639215767384
0.00037525955121964216
0.0005700187757611275
0.0027689074631780386
0.002321423962712288
0.0004463446675799787
0.001962840324267745
0.20367470383644104
0.009288543835282326
0.0012761552352458239
0.0011973106302320957
0.0006108009838499129
0.012065960094332695
0.000955107738263905
0.0007645891164429486
0.001166308531537652
0.0004601148539222777
0.0017483329866081476
0.0008797527989372611
0.004829935729503632
0.0009801763808354735
0.0008221539901569486
0.0007256472017616034
0.004599382635205984
0.001154390862211585
0.0015192022547125816
0.0003405319876037538
0.0042317756451666355
0.001550579909235239
0.0020625158213078976
0.00011402012751204893
0.00352803454734385
0.0009749880991876125
0.0028937775641679764
0.0010231160558760166
0.0007335900445468724
0.0012472227681428194
0.004171162843704224
5.951620914856903e-05
0.0004671778006013483
0.0003072093240916729
0.0014003418618813157
0.0023412425071001053
0.0013205421855673194
0.002142238663509488
1.4016759450896643e-05
0.0006785282748751342
0.0002897211816161871
0.001110925106331706
0.00013655138900503516
0.00016288018377963454
0.001148344250395894
0.0035725305788218975
0.0012668465496972203
0.00117962877266109
0.0012815049849450588
0.008911876939237118
0.0006423412123695016
0.0015290798619389534
0.0009822265710681677
0.008487055078148842
0.0007029221160337329
0.0003422819427214563
0.0008473002817481756
0.0024541052989661694
0.0022717518731951714
0.00014583315351046622
0.0010501249926164746
0.003760638879612088
0.006145770661532879
0.00419404823333025
0.005219809245318174
0.0048285783268511295
0.0016682635759934783
0.0005250272806733847
0.010311872698366642
0.10723605006933212
0.0009426980395801365
0.0019224786665290594
0.0008787614642642438
0.001216422999277711
0.0018976253923028708
0.0016558731440454721
0.002840652596205473
0.004373371601104736
0.02355390228331089
0.0006390353664755821
0.0016588702565059066
0.0015798450913280249
0.0028006983920931816
0.0022188592702150345
0.0029338488820940256
0.0018631030106917024
0.002619032980874181
0.00011011095921276137
0.0032647016923874617
0.0010831269901245832
0.0004826971853617579
0.003721808083355427
0.002642602426931262
0.0010309710633009672
0.008732711896300316
0.0004196144000161439
0.0007639677496626973
0.0007205370347946882
0.0012069994118064642
0.00030609656823799014
0.002029219176620245
0.011265168897807598
0.004187982529401779
0.0021848136093467474
0.0014492766931653023
0.002324154134839773
0.004610891919583082
0.003569346386939287
0.009739568457007408
0.00010800121526699513
0.0036847731098532677
0.0009742326219566166
0.0020014510955661535
0.007587272673845291
0.0002731293789111078
0.0009900233708322048
0.00113919866271317
0.0021676169708371162
0.0017933089984580874
