0.031116804108023643
0.0002778457710519433
4.947160960000474e-06
0.1934497058391571
0.0
0.00021396415831986815
1.0490307431609835e-05
0.00907549262046814
0.02451353706419468
1.031149713526247e-05
1.7086638308683177e-06
1.251695948667475e-06
0.0
0.0
0.05698106810450554
9.159959154203534e-05
0.0
0.00011706728400895372
0.0010605140123516321
0.07953981310129166
0.04725642502307892
0.0
0.07426159083843231
0.0
0.15621767938137054
6.4279584884643555
0.12141819298267365
3.1708666938357055e-05
5.9604641222676946e-08
3.516661763569573e-06
2.5510136765660718e-05
5.5608041293453425e-05
9.655858775658999e-06
0.0
0.02131601981818676
0.0007271987851709127
0.0
0.0
0.1967126429080963
0.0
0.34930482506752014
0.020903021097183228
0.0
3.2981117783492664e-06
0.002537595108151436
0.0004582093097269535
3.0695449822815135e-05
0.03159979358315468
0.0024231867864727974
0.00030585844069719315
2.800919771194458
0.0
0.00013742942246608436
0.0
0.002100607380270958
1.9518353939056396
1.311300479756028e-06
0.0
4.839613757212646e-05
0.14043666422367096
4.949150562286377
0.00031587437842972577
0.0005383271491155028
0.0
0.3950721323490143
0.002162897726520896
0.0011598749551922083
0.23896443843841553
0.0
0.004830051679164171
0.007090430706739426
3.9999868869781494
3.354067325592041
0.004694185685366392
0.0
0.0007623392739333212
0.0
0.0003435623075347394
0.00039564663893543184
0.0
1.3152620340406429e-05
4.14978551864624
1.6758466958999634
7.927354090497829e-06
0.002372987801209092
0.0
1.294453501701355
0.0
0.0
0.012273608706891537
0.0018804430728778243
6.914091045473469e-06
0.0
0.0004404237843118608
4.422468919074163e-05
0.002125884173437953
0.14899246394634247
0.0
0.00021550359087996185
0.0
0.06696615368127823
0.0
0.0
0.054677002131938934
2.3287835121154785
0.0
0.0
3.909911902155727e-05
0.0002833694452419877
0.612666130065918
0.006536237895488739
0.006770194508135319
3.294334888458252
0.0
2.459929943084717
0.0
0.19501826167106628
