101.39537811279297
84.9852294921875
46.300785064697266
80.25089263916016
0.0
64.9029312133789
49.288169860839844
61.66864013671875
102.1863784790039
53.00188064575195
70.93582153320312
55.36674880981445
0.0
0.0
100.29536437988281
63.75640869140625
0.0
87.3825912475586
53.519927978515625
68.38370513916016
102.95719909667969
0.0
102.6412582397461
0.0
65.392333984375
39.64487838745117
91.15795135498047
42.5362434387207
48.02867126464844
47.94608688354492
41.76139831542969
44.859764099121094
47.71931838989258
0.0
73.12185668945312
77.28733825683594
0.0
0.0
100.57100677490234
0.0
91.91328430175781
61.519386291503906
0.0
56.51942825317383
53.238426208496094
57.7230110168457
50.064144134521484
37.80601119995117
46.53633499145508
67.83573913574219
81.95767974853516
0.0
50.87598419189453
0.0
81.87181091308594
62.88640594482422
52.21076965332031
0.0
56.206661224365234
72.90013122558594
49.151432037353516
73.85138702392578
56.446632385253906
0.0
70.1352310180664
40.85497283935547
65.10794067382812
83.58427429199219
0.0
75.76554107666016
97.29408264160156
64.05709075927734
45.55637741088867
64.65227508544922
0.0
68.98982238769531
0.0
56.64417266845703
76.11571502685547
0.0
53.947452545166016
70.92219543457031
67.39466857910156
80.65397644042969
61.504634857177734
0.0
68.27944946289062
0.0
0.0
59.69892883300781
55.028480529785156
50.31925582885742
0.0
77.8699722290039
42.07489013671875
80.0985336303711
101.88128662109375
0.0
56.14105987548828
0.0
101.49688720703125
0.0
0.0
47.473533630371094
100.70433807373047
0.0
0.0
43.95600509643555
91.44572448730469
60.42448043823242
58.11443328857422
102.0634765625
67.1172866821289
0.0
69.4859619140625
0.0
90.64419555664062
