0.0006411889335140586
0.00027237244648858905
0.0004920109640806913
7.010554691078141e-05
2.0972218408132903e-05
0.0001397689338773489
0.0002760995994322002
0.0004914473975077271
0.0005572049994952977
0.00047999725211411715
0.000307741662254557
0.0007403536583296955
0.0005177663988433778
0.00019993171736132354
1.4190914953360334e-05
0.00038602444692514837
0.00046373694203794
0.0001980118395294994
0.0012683043023571372
0.00010136280616279691
0.0008249166421592236
0.00024885195307433605
0.0001246257161255926
0.0002710579428821802
0.00046812446089461446
0.0003096318687312305
0.00010310369543731213
0.00022410311794374138
0.0007104823016561568
0.00035039818612858653
0.0001375825668219477
0.00015578512102365494
0.0007673262734897435
0.00046705338172614574
0.0002098267723340541
0.0001302489108638838
0.0005590912187471986
0.00036055422970093787
0.000484106014482677
0.0004213874344713986
8.708264795131981e-05
0.000548666634131223
0.00037874578265473247
7.40677205612883e-05
0.00044856988824903965
0.0005435363855212927
0.0004424482467584312
0.0010762218153104186
0.00040799370617605746
0.00032294177799485624
0.0001782493491191417
0.0007648964528925717
0.00027840473921969533
0.00020996980310883373
0.00027604919159784913
0.0005446233553811908
0.09842731803655624
0.0007541795494034886
0.00015859681298024952
0.0002204196061939001
0.0005511471536010504
0.010374525561928749
0.0004115477786399424
0.00044692825758829713
0.00041085592238232493
0.0012944757472723722
0.00014669267693534493
0.00039927312172949314
0.0007852085982449353
0.00028340957942418754
0.0003410323988646269
0.0001503652019891888
0.0015592968557029963
0.0001705824106466025
0.0006646608817391098
0.00021943308820482343
0.0002537628752179444
0.000539944798219949
6.507889338536188e-05
0.00044755503768101335
0.001029530307278037
0.00011408704449422657
0.00015399770927615464
0.00042881903937086463
0.00019364748732186854
0.0005664320196956396
0.00019753912056330591
0.0011363993398845196
0.0003066945355385542
0.0005179087165743113
0.00011557777179405093
0.00018186194938607514
0.00021582370391115546
0.00041597368544898927
0.00015929991786833853
0.0003839213459286839
0.00016311653598677367
0.00024282596132252365
3.7155463360249996e-05
0.00046284086420200765
0.0003351692866999656
0.00031306795426644385
2.0712432160507888e-05
0.0005926904850639403
0.00013553438475355506
0.0001685702591203153
0.0007999156368896365
0.0006590003031305969
5.2756786317331716e-05
0.000415363087086007
0.0005188534269109368
0.00017454675980843604
3.369423939147964e-05
0.0004129135049879551
0.00017873111937660724
3.730894604814239e-05
0.0005023417761549354
0.0007577955257147551
2.9647380870301276e-05
0.00010495705646462739
0.002669121138751507
0.0001748239592416212
0.00027253112057223916
0.00044786796206608415
0.00012329091259744018
0.0001268584019271657
0.0007092604646459222
0.0001507745182607323
0.0002435800270177424
0.00038199740811251104
0.0008129881462082267
0.00043499591993167996
0.00014665458002127707
0.00025409291265532374
0.0010001519694924355
0.00036469363840296865
0.00040404347237199545
0.00034166613477282226
0.00031289533944800496
0.0004457418981473893
2.1015650418121368e-05
0.0007840091129764915
0.0002502089482732117
0.00029123591957613826
0.00028424616903066635
0.0004555216000881046
0.00020434975158423185
0.0001785022031981498
0.000534499529749155
0.00019233481725677848
1.6489992049173452e-05
0.0001849658292485401
0.0008001007372513413
0.00013890063564758748
0.00032234645914286375
0.000319782760925591
0.00026919832453131676
0.0002621083694975823
0.0012897986453026533
0.00045524025335907936
0.0002665710053406656
0.0008436054340563715
0.00014890366583131254
0.0005708105745725334
0.0001633608917472884
0.00013434943684842438
0.0003375284723006189
0.0006938099395483732
0.00042286820826120675
0.0005264650098979473
9.759573003975675e-05
0.0003731620963662863
7.441020898113493e-06
0.0004865909868385643
0.0007632905035279691
2.9848755730199628e-05
0.00041034200694411993
0.0001334684347966686
0.0001368538214592263
0.00034971791319549084
0.000492244609631598
0.0004964607069268823
0.0001026247045956552
0.00010602125257719308
0.0001463481312384829
0.0007658113026991487
0.00010253497748635709
0.0002971759531646967
0.0004525448312051594
0.0011960223782807589
0.0008645669440738857
0.00044599585817195475
0.0009669730789028108
0.0004342270258348435
0.0006911997916176915
0.0009750831522978842
0.00031972199212759733
0.0004952518502250314
3.8475089240819216e-05
0.0004052443546243012
0.00038492519524879754
0.0012069122167304158
0.0006285323761403561
0.0006288755685091019
0.0003031248925253749
0.0011523183202371001
0.00022958582849241793
0.0003397964173927903
0.00013391306856647134
0.00011912213085452095
0.0006272417376749218
0.0007566788699477911
0.0008904705173335969
0.0006351551855914295
0.00024865096202120185
0.00033982028253376484
0.000501425820402801
0.0001765231427270919
0.00045834991033189
0.0003833178197965026
0.00027948778006248176
0.0005050686886534095
0.0006061405874788761
0.0003726881113834679
0.0007792057585902512
0.000245839124545455
0.000394965783925727
3.9915266825119033e-05
7.965675467858091e-05
0.00026266384520567954
0.00033052341314032674
4.34033245255705e-05
0.00044286457705311477
0.0006674365140497684
0.00042360660154372454
0.0007475801976397634
0.00022019182506483048
0.0001805557985790074
0.0007455401355400681
4.106625419808552e-05
0.00040126897511072457
0.0003321716794744134
0.0003249741857871413
3.2242187444353476e-05
0.000431794993346557
0.00015601022460032254
0.0004276451363693923
0.00020191833027638495
0.00038983908598311245
9.053754911292344e-05
0.00027319625951349735
0.00045206648064777255
0.00013576954370364547
0.0004916786565445364
0.00043077400187030435
0.0016297940164804459
9.522380423732102e-05
0.00019452875130809844
0.0006260646623559296
0.0003379789995960891
0.00027264689560979605
0.0002596314297989011
0.00043797437683679163
0.0003304271958768368
7.658700633328408e-05
0.0009830901399254799
3.8376958400476724e-05
0.0002575720427557826
3.8197140383999795e-05
0.00047813530545681715
0.0006800484261475503
0.0005687947850674391
0.00022260169498622417
0.0003174596931785345
6.885737820994109e-05
0.00030888692708685994
0.0001136653809226118
0.0007819075835868716
0.0002619309816509485
0.00020618896814994514
0.00042260935879312456
0.0006493906839750707
0.0006033857353031635
6.50482761557214e-05
0.00017069163732230663
7.056001777527854e-05
0.00038409221451729536
0.0003042342432308942
0.000264318281551823
0.0003421488800086081
0.00038242392474785447
0.0011852025054395199
0.00018336615175940096
0.0006042302120476961
0.0004894874873571098
0.00022020403412170708
0.0002346223045606166
0.00015551748219877481
0.0008284405339509249
0.00027664200752042234
0.00015275721671059728
0.0006110685644671321
0.0004769106162711978
0.00028105839737690985
2.5845625714282505e-05
0.00012170980335213244
0.0004083043313585222
0.0010996089549735188
0.0001573928166180849
0.0002317284670425579
0.0004147509462200105
0.0007707480108365417
4.553068720269948e-05
6.750450847903267e-05
0.0004278127453289926
0.000606897403486073
0.0008229792583733797
0.00013174315972719342
0.0003705965355038643
3.855101022054441e-05
0.00018907603225670755
0.00014209593064151704
0.0005117505788803101
4.7258501581382006e-05
0.00023477108334191144
0.00034278060775250196
0.00032286817440763116
0.00026635342510417104
0.0003263987018726766
0.00047527014976367354
0.0005962837021797895
0.00018429532065056264
0.0004096374032087624
0.00022991640435066074
0.0004628942406270653
0.000867736991494894
0.00021108033251948655
0.00043834492680616677
0.0005433936603367329
0.0002702393103390932
0.0005025014979764819
8.320764754898846e-05
0.00022126460680738091
0.00035591796040534973
0.00045971994404681027
0.00040146391256712377
0.00047956808703020215
0.0005080195260234177
0.00023557431995868683
0.0006443749880418181
0.00027308828430250287
0.00011250717216171324
0.0001151538745034486
0.0002868512528948486
0.00020192326337564737
0.00034877474536187947
0.0005046969163231552
7.88516626926139e-05
0.0005079808761365712
0.0005515068187378347
0.0004856733721680939
0.00015120126772671938
0.0004988450673408806
0.0004375613061711192
0.0005580222932621837
0.0004834654100704938
6.225238757906482e-05
0.000774644548073411
8.243996853707358e-05
0.0002189424412790686
0.00046032576938159764
0.00028107158141210675
0.0008337880135513842
0.00036600924795493484
0.0005261967307887971
0.0005069408216513693
0.00016298657283186913
0.00039293197914958
0.0005210005328990519
0.0012246968690305948
4.021847416879609e-05
0.0002367598208365962
0.00044253229862079024
0.0006291953031904995
0.0002938835823442787
0.0007338641444221139
0.0004969951114617288
0.0004020296910312027
0.00010943687811959535
0.0006618598708882928
0.00015346784493885934
0.0008948376053012908
0.0004860849876422435
0.0007528613787144423
9.152921847999096e-05
3.635605389717966e-05
0.0005704801878891885
0.0005341440555639565
0.0004906311514787376
0.0004687325854320079
