118.28216552734375
120.87146759033203
127.98381042480469
119.81639099121094
120.91622924804688
122.50151062011719
124.86065673828125
121.76921844482422
123.65310668945312
121.54592895507812
119.85852813720703
122.66202545166016
122.51649475097656
114.20738220214844
119.60718536376953
124.42587280273438
118.44035339355469
123.06036376953125
122.50849914550781
129.15362548828125
119.80159759521484
123.03186798095703
120.10647583007812
121.98810577392578
122.57501983642578
118.8125991821289
126.29090881347656
118.9985122680664
118.50215911865234
125.30706787109375
127.41740417480469
120.9692153930664
121.83222961425781
122.19891357421875
128.55714416503906
119.66081237792969
125.72267150878906
115.12010192871094
119.33601379394531
121.61773681640625
