0.008431184105575085
1.1404980421066284
0.531771183013916
1.0411803722381592
0.01300903782248497
1.6222319602966309
0.8625718951225281
0.14049799740314484
0.0
1.2184333801269531
1.06425142288208
0.040394484996795654
0.7255227565765381
0.3919036388397217
0.9024718999862671
1.4094429016113281
0.0
0.021059803664684296
0.43451613187789917
0.06825874745845795
0.2584151327610016
0.5167191028594971
0.15771906077861786
0.37057146430015564
0.7824207544326782
1.9216117858886719
1.324939250946045
0.333068311214447
0.28281906247138977
0.9449395537376404
0.03904648870229721
1.5402367115020752
4.200469493865967
0.0
1.7885340452194214
1.1586174964904785
1.5267276763916016
0.18535244464874268
0.3408385217189789
0.03705844655632973
1.4060680866241455
0.2821040153503418
2.2936713695526123
0.6967276930809021
1.3567332029342651
0.0
0.20199799537658691
0.14244888722896576
0.9724627733230591
2.2206668853759766
1.7254070043563843
0.030573656782507896
2.0094802379608154
0.6567227840423584
4.648916244506836
0.09572841972112656
0.01650134287774563
0.8771809935569763
0.5758335590362549
1.3184887170791626
1.7217507362365723
0.19450455904006958
0.2689180374145508
0.02100808545947075
1.084993600845337
0.0
1.1940875053405762
2.345038890838623
0.0
1.3572726249694824
0.00986073911190033
0.7448839545249939
1.674033522605896
1.4233373403549194
0.7933430075645447
0.0
0.637431263923645
0.7125123739242554
0.0
1.1780893802642822
1.5092705488204956
1.8875977993011475
1.230064868927002
1.864837646484375
0.01729891076683998
0.09484818577766418
0.0
0.5790027379989624
0.0
0.0
0.9940520524978638
0.008456659503281116
1.1739223003387451
0.9807052612304688
1.85776686668396
0.12588030099868774
0.005069298669695854
0.21054022014141083
0.7266169786453247
2.173705577850342
1.609978437423706
1.217352271080017
1.3143370151519775
0.0
0.0
2.5610532760620117
2.1170647144317627
0.19840072095394135
2.9307851791381836
0.9479866027832031
0.0
1.745328664779663
1.2459198236465454
0.0
4.093499183654785
1.9203298091888428
0.6051839590072632
