2.8159024715423584
2.4322121143341064
3.187720775604248
4.01200532913208
3.3099865913391113
3.289635419845581
3.3162267208099365
3.4448935985565186
3.225945234298706
3.6125080585479736
3.2344472408294678
3.861994504928589
3.9435460567474365
3.2353408336639404
3.1744468212127686
2.854938268661499
3.64896821975708
2.8762595653533936
3.184340715408325
3.3772218227386475
3.238332748413086
3.0047004222869873
3.5761878490448
4.289168834686279
3.420239210128784
3.253873825073242
3.360706090927124
3.2086007595062256
3.600515842437744
2.938391923904419
4.2747802734375
2.9051339626312256
3.8343143463134766
3.058804750442505
3.5921108722686768
3.3948495388031006
3.5878052711486816
3.727449417114258
3.1367690563201904
3.468961000442505
