3.50472092628479
2.634737491607666
1.8241195678710938
3.277160167694092
3.0537266731262207
3.159358501434326
2.10176944732666
2.8963100910186768
2.6587142944335938
3.207789897918701
2.64498233795166
2.627861499786377
1.6536505222320557
1.1552973985671997
3.2717843055725098
2.9472110271453857
3.3848018646240234
3.6144840717315674
2.1991984844207764
0.9336430430412292
1.5809714794158936
3.1736013889312744
2.390582799911499
2.9635426998138428
2.4164071083068848
3.2038216590881348
1.7322527170181274
3.381192922592163
3.1438546180725098
2.1674866676330566
1.18503737449646
2.37984037399292
2.8302059173583984
2.99942946434021
1.4484463930130005
3.21983003616333
3.146242141723633
2.7445130348205566
2.7612926959991455
3.202622890472412
