4.049818992614746
3.3816075325012207
1.9489774703979492
5.077606201171875
3.669581413269043
3.0347976684570312
3.2100274562835693
4.219786643981934
3.131155014038086
3.6990060806274414
3.6152849197387695
3.4421143531799316
2.8374359607696533
0.9641949534416199
3.20963191986084
3.184579372406006
4.217584609985352
3.9607620239257812
2.9228732585906982
2.038278341293335
2.591738700866699
3.5850343704223633
3.139803409576416
3.466675043106079
3.0811710357666016
4.064610481262207
2.17900013923645
3.5782251358032227
3.723952293395996
2.233131170272827
1.1030369997024536
4.300662040710449
3.1433730125427246
3.7747628688812256
1.4531338214874268
4.157975196838379
3.7947278022766113
4.447912693023682
4.129658222198486
3.7415480613708496
