0.10814084857702255
0.250235915184021
0.007389470934867859
0.027940571308135986
0.04497428983449936
0.051552679389715195
0.01245243102312088
0.05206918716430664
0.09166759997606277
0.0217958502471447
0.0047231316566467285
0.03486073389649391
0.03586840629577637
0.005314269103109837
0.06712035834789276
0.016518445685505867
0.04088326543569565
0.019718671217560768
0.055010318756103516
0.186868354678154
0.033963169902563095
0.07110169529914856
0.03450540825724602
0.04118760675191879
0.1139032393693924
0.016903415322303772
0.09688490629196167
0.10128916054964066
0.0913502499461174
0.00334805715829134
0.04363477602601051
0.012759674340486526
0.2337939739227295
0.045707859098911285
0.055101584643125534
0.07763797044754028
0.06387307494878769
0.031749971210956573
0.049691714346408844
0.04379934072494507
0.28500673174858093
0.009484384208917618
0.12398864328861237
0.2413453608751297
0.00013956884504295886
0.10447144508361816
0.03537221997976303
0.01999354362487793
0.05189894139766693
0.06965074688196182
0.047382429242134094
0.035289835184812546
0.016705745831131935
0.015082260593771935
0.126928448677063
0.00884842500090599
0.0009851487120613456
0.06224139779806137
0.2423153519630432
0.05592985451221466
0.008758331649005413
0.07014870643615723
0.3197539448738098
0.1332782804965973
0.15005944669246674
0.23724651336669922
0.0383264422416687
0.04406088590621948
0.02177724987268448
0.1603442132472992
0.17504963278770447
0.0035194221418350935
0.04583592712879181
0.06367412209510803
0.016778748482465744
0.013923997059464455
0.060422394424676895
0.32874321937561035
0.06627819687128067
0.004299154970794916
0.0754804015159607
0.02372927963733673
0.008773142471909523
0.025316931307315826
0.32405924797058105
0.029969830065965652
0.013144069351255894
0.38481077551841736
0.01850922219455242
0.03882765769958496
0.015733642503619194
0.023086491972208023
0.0217279065400362
0.0511951819062233
0.036320991814136505
0.07646147906780243
0.11037332564592361
0.010333508253097534
0.048512037843465805
0.005412966012954712
0.010224917903542519
0.008486087433993816
0.01725848950445652
0.048366740345954895
0.024047350510954857
0.0025652917101979256
0.03716963157057762
0.006466091610491276
0.14325906336307526
0.05403498560190201
0.06512783467769623
0.0027679121121764183
0.05553440749645233
0.12400743365287781
0.009348362684249878
0.011141492053866386
0.051678575575351715
0.07678262889385223
0.22216054797172546
0.026747865602374077
0.0068564885295927525
0.33612632751464844
0.017862379550933838
0.23698082566261292
0.000509054574649781
0.040464263409376144
0.0494987852871418
0.012320548295974731
0.050883375108242035
0.07716360688209534
0.022847233340144157
0.13888239860534668
0.0017164734890684485
0.06939255446195602
0.013637220486998558
0.019484475255012512
0.05113833770155907
0.1129077672958374
0.018190108239650726
0.004348780959844589
0.03181690722703934
0.04143364727497101
0.27393969893455505
0.09688268601894379
0.01083599403500557
0.026281535625457764
0.10201941430568695
0.00714110117405653
0.06365320831537247
0.050164125859737396
0.17999838292598724
0.19612868130207062
0.020351802930235863
0.006924724206328392
0.02949381433427334
0.002079376019537449
0.00030167383374646306
0.07593618333339691
0.03885646164417267
0.046465348452329636
0.06260485202074051
0.18694797158241272
0.030120640993118286
0.26983070373535156
0.11034664511680603
0.0843440517783165
0.027722621336579323
0.08096659183502197
0.0028803450986742973
0.017793111503124237
0.13577809929847717
0.013577219098806381
0.053506363183259964
0.029499009251594543
0.11964207887649536
0.04116448014974594
0.01290122326463461
0.020331375300884247
0.13132548332214355
0.004554999526590109
0.009842628613114357
0.03237128257751465
0.050344135612249374
0.04375071823596954
0.010551266372203827
0.10568305850028992
0.016238627955317497
0.3581388294696808
0.11180301010608673
0.13931670784950256
0.05457761138677597
0.028183642774820328
0.011890226975083351
0.01728062331676483
0.03452051430940628
0.16353020071983337
0.051472753286361694
0.10530691593885422
0.06144712492823601
0.5333842635154724
0.0480327270925045
0.00660392502322793
0.04830440878868103
0.06442886590957642
0.0426441915333271
0.07371209561824799
0.09293326735496521
0.04480958357453346
0.07741531729698181
0.0016712611541152
0.020658059045672417
0.26061490178108215
0.06761515885591507
0.034573689103126526
0.09977127611637115
0.01985493302345276
0.023660127073526382
0.07411961257457733
0.1760622262954712
0.12963701784610748
0.08586493879556656
0.19189287722110748
0.11458377540111542
0.04756145179271698
0.030407683923840523
0.004219685681164265
0.04776861518621445
0.07598402351140976
0.015679700300097466
0.0003662910603452474
0.16382962465286255
0.008508186787366867
0.08511757105588913
0.039021193981170654
0.04023842513561249
0.04070926457643509
0.030301805585622787
0.05486580356955528
0.032240793108940125
0.08429111540317535
0.05426892638206482
0.15741479396820068
0.04764081537723541
0.04204440116882324
0.18418027460575104
0.0015281743835657835
0.0011065040016546845
0.009711161255836487
0.005761606618762016
0.2792373597621918
0.01833498850464821
0.1011703759431839
0.12076785415410995
0.08189291507005692
0.17785367369651794
0.03458467498421669
0.11415325105190277
0.01988682709634304
0.011870598420500755
0.04921892657876015
0.0010322029702365398
0.164609894156456
0.05659382790327072
0.05150122940540314
0.37501847743988037
0.02456117980182171
0.0583188459277153
0.15878009796142578
0.0369412899017334
0.018941737711429596
0.03847718611359596
0.0013272345531731844
0.08196096867322922
0.06305071711540222
0.015513502061367035
0.015256602317094803
0.019573289901018143
0.0163418035954237
0.04812522605061531
0.20490580797195435
0.03475963696837425
0.020960859954357147
0.3381285071372986
0.17188456654548645
0.05847901850938797
0.011003526858985424
0.037204645574092865
0.07346019148826599
0.00011010032176272944
0.23850572109222412
0.07863696664571762
0.1711798906326294
0.017463458701968193
0.0002005238929996267
0.13362258672714233
0.061332643032073975
0.036377206444740295
0.04423235356807709
0.03951656445860863
0.015401695854961872
0.01412090566009283
0.021019425243139267
0.02709195762872696
0.7998524308204651
0.014411562122404575
0.03471185266971588
0.06861363351345062
0.11635181307792664
0.41349148750305176
0.008225261233747005
0.05328461155295372
0.0029328931123018265
0.01916557177901268
0.05873039364814758
0.08028369396924973
0.027500169351696968
0.040924184024333954
0.06610681116580963
0.01299087330698967
0.036037370562553406
0.008811022154986858
0.21113093197345734
0.14966055750846863
0.1376003473997116
0.02716657519340515
0.024488884955644608
0.01172360684722662
0.051400747150182724
0.010396746918559074
0.03734520822763443
0.045568764209747314
0.014926571398973465
0.25255095958709717
0.04836176335811615
0.06310362368822098
0.022189218550920486
0.19546020030975342
0.09832240641117096
0.14081938564777374
0.030160393565893173
0.1342189759016037
0.07531799376010895
0.11310075223445892
0.010914099402725697
0.02450503595173359
0.17984625697135925
0.0030492485966533422
0.1065322533249855
0.02481818199157715
0.08238349854946136
0.18797864019870758
0.13318094611167908
0.33214014768600464
0.027704060077667236
0.022411517798900604
0.005435164086520672
0.1872708797454834
0.15978357195854187
0.02697078511118889
0.05239405483007431
0.10427416861057281
0.1601695418357849
0.009034506976604462
0.04178719222545624
0.007955210283398628
0.02587597444653511
0.00026926363352686167
0.020874597132205963
0.057054661214351654
0.21193081140518188
0.029902750626206398
0.05944017320871353
0.03408874571323395
0.05231412127614021
0.07546737045049667
0.00759489182382822
0.01773061603307724
0.0029368570540100336
0.1343732476234436
0.08061440289020538
0.04189588129520416
0.05179060250520706
0.007762555032968521
0.06783337891101837
0.03722531720995903
0.012939931824803352
0.02038322016596794
0.22394976019859314
0.2709232568740845
0.07277835160493851
0.07476727664470673
0.01431709062308073
0.01489676721394062
0.10379455983638763
0.02090478129684925
0.14224682748317719
0.020143918693065643
0.018463103100657463
0.015920288860797882
0.007477275095880032
