3.9071602821350098
3.837550401687622
3.5014069080352783
3.7376880645751953
3.4174556732177734
3.2741448879241943
3.080963134765625
2.7380428314208984
4.176244735717773
4.206126689910889
3.7874550819396973
3.8662197589874268
4.1039137840271
4.218569278717041
3.7081451416015625
2.887174367904663
4.206300258636475
3.1723716259002686
4.132409572601318
3.396193742752075
4.666569709777832
3.96028208732605
3.0720226764678955
3.382385015487671
3.7624738216400146
4.056951999664307
3.964876890182495
4.169982433319092
3.730276107788086
4.571903228759766
4.258495330810547
3.5453431606292725
3.7130119800567627
4.392317771911621
3.9091694355010986
3.7660043239593506
3.8392632007598877
4.501087188720703
3.1892826557159424
3.7974812984466553
4.007394313812256
3.7596237659454346
3.494159698486328
3.497871160507202
4.005937099456787
3.3776752948760986
3.5912492275238037
4.290017127990723
3.5237133502960205
3.6898465156555176
3.5596561431884766
3.6343133449554443
4.1483378410339355
3.5817596912384033
3.8604393005371094
3.541351795196533
4.0709547996521
3.5018105506896973
4.307110786437988
3.838259220123291
3.3159706592559814
3.7096221446990967
3.2046477794647217
4.065876007080078
3.092451810836792
4.335525989532471
3.4916083812713623
3.6913533210754395
3.678333282470703
3.522512197494507
3.560302495956421
4.119724750518799
3.255296468734741
3.3587090969085693
4.122360706329346
3.3918235301971436
4.306636810302734
4.058944225311279
3.478257417678833
3.317682981491089
4.149954319000244
3.5878570079803467
3.572361707687378
3.2360222339630127
3.7522499561309814
3.542543411254883
3.9469799995422363
4.553201675415039
3.3598721027374268
3.513800859451294
3.494100332260132
4.08001184463501
3.5380425453186035
3.9099347591400146
3.5431911945343018
4.381633281707764
4.495241165161133
3.736349105834961
3.698636770248413
3.601057767868042
3.5179779529571533
3.837261915206909
3.4570701122283936
3.5593795776367188
3.3303253650665283
3.458049774169922
3.123335599899292
3.5108883380889893
4.309354782104492
3.879411458969116
3.5437378883361816
4.030856609344482
3.601778507232666
3.9898087978363037
3.4588756561279297
3.9477009773254395
3.4324231147766113
3.579620361328125
4.085219383239746
4.193673610687256
3.32010817527771
3.1681180000305176
3.8887195587158203
3.9901115894317627
3.5020718574523926
3.703094482421875
3.6961777210235596
4.096242427825928
3.4545013904571533
3.2056386470794678
3.9268798828125
3.8294060230255127
3.8169047832489014
4.2253289222717285
3.733337163925171
3.427370071411133
3.4952762126922607
3.4610252380371094
3.723651170730591
3.7096691131591797
3.730242967605591
3.582185745239258
4.145406246185303
3.859272003173828
4.197027683258057
3.0872228145599365
3.408562183380127
3.6834683418273926
3.9950509071350098
3.844752550125122
3.289632797241211
4.28925085067749
3.2097060680389404
3.4585258960723877
3.892354726791382
3.410522222518921
3.5428719520568848
3.102766513824463
2.900336265563965
4.068408489227295
3.0404253005981445
3.5903351306915283
3.638700246810913
3.8706634044647217
4.080965042114258
3.2322843074798584
3.8349106311798096
3.7692573070526123
3.925987958908081
4.018737316131592
3.3245766162872314
3.788013219833374
4.116029739379883
4.1123046875
3.497389316558838
4.0777058601379395
3.9201583862304688
3.027083158493042
3.3617501258850098
3.07883620262146
3.2284939289093018
3.6642892360687256
3.7844924926757812
3.7154438495635986
4.015908718109131
3.8568637371063232
4.237443923950195
3.543715715408325
3.8682973384857178
3.9495301246643066
3.6034047603607178
4.087423324584961
3.9961068630218506
3.866564989089966
2.998718738555908
4.216290473937988
4.445224285125732
3.4778621196746826
3.8015637397766113
3.5513718128204346
3.7825629711151123
3.5151824951171875
3.429760694503784
4.259548187255859
3.81943678855896
3.8513123989105225
3.8935792446136475
3.1665096282958984
4.2188873291015625
3.864323854446411
4.016613006591797
3.73637318611145
3.8655059337615967
3.8919379711151123
4.110640525817871
3.8491017818450928
3.6437878608703613
4.43419885635376
4.331465721130371
4.029794216156006
4.062322616577148
3.634969472885132
4.168050289154053
3.6784114837646484
4.035764694213867
3.856477737426758
3.9888916015625
4.083767414093018
4.094320774078369
3.547147512435913
4.2850422859191895
3.7620601654052734
4.417621612548828
3.3542256355285645
4.141217231750488
3.6258645057678223
3.2629361152648926
4.154792308807373
4.065451145172119
3.378406286239624
3.8617656230926514
3.9267852306365967
4.119246959686279
4.029582500457764
3.5774574279785156
3.687089204788208
4.2116780281066895
3.825827121734619
3.5429790019989014
3.468360185623169
3.7169532775878906
3.864326238632202
4.171062469482422
4.106444835662842
3.555821180343628
3.1379361152648926
3.661405324935913
3.5260446071624756
3.670032501220703
3.4985756874084473
4.047633647918701
3.5559170246124268
4.299056529998779
3.5021846294403076
4.094031810760498
3.599041700363159
3.6788718700408936
3.371302843093872
3.3951783180236816
3.572561264038086
3.620934009552002
3.958386182785034
3.847188711166382
2.9557297229766846
4.1486921310424805
3.875243902206421
3.922999143600464
3.5562729835510254
3.201115846633911
3.104523181915283
4.069132328033447
3.553426504135132
3.4764580726623535
4.478706359863281
3.6696839332580566
2.9782137870788574
4.32217264175415
3.7627053260803223
3.422943115234375
3.9909958839416504
3.0577194690704346
3.538654327392578
2.761946439743042
3.7769391536712646
3.4172348976135254
3.555316925048828
3.6109936237335205
3.711501359939575
3.6890289783477783
3.727046251296997
3.287524938583374
3.8488762378692627
3.298619508743286
3.7334964275360107
3.9146335124969482
3.4284818172454834
3.800722599029541
4.203614711761475
4.174930095672607
3.7500274181365967
3.763819456100464
3.9541027545928955
3.7819488048553467
3.772071599960327
3.7346913814544678
4.050184726715088
3.3834176063537598
3.656464099884033
3.3291213512420654
4.0742692947387695
3.662201404571533
3.9417457580566406
3.3811752796173096
2.800520658493042
3.523789644241333
3.5385797023773193
3.9567368030548096
3.8482816219329834
3.4337329864501953
3.601393222808838
3.8624660968780518
3.8380343914031982
3.410742998123169
3.7234387397766113
4.039903163909912
3.5270278453826904
3.7285091876983643
3.814199924468994
3.7294578552246094
3.3344743251800537
3.5907986164093018
3.764968156814575
3.9068474769592285
3.5657660961151123
3.109398365020752
3.830263137817383
3.940549850463867
3.699923276901245
3.948997974395752
3.2975926399230957
4.233425617218018
3.570866823196411
3.5644912719726562
3.768172025680542
3.6889474391937256
4.289318561553955
3.8066437244415283
3.373584508895874
3.3415589332580566
3.7267205715179443
3.6989896297454834
4.291153430938721
3.996812105178833
4.302188873291016
3.5094780921936035
3.8636391162872314
3.860349655151367
3.4375011920928955
3.537339925765991
4.081691265106201
3.5957672595977783
3.9728355407714844
3.7882988452911377
3.8390376567840576
3.3371002674102783
3.6449859142303467
4.2694268226623535
4.465121269226074
3.7475621700286865
3.6818623542785645
3.490915060043335
4.333165645599365
4.104824066162109
3.600919485092163
3.742889881134033
3.9133191108703613
3.8808979988098145
4.29196834564209
4.201350688934326
3.3949711322784424
4.435853004455566
4.017926216125488
3.6103298664093018
3.7795917987823486
4.132140636444092
4.412702560424805
3.4477310180664062
3.2766151428222656
3.8594913482666016
3.482140302658081
