45.260108947753906
44.58906555175781
49.65576171875
43.23011016845703
21.96221160888672
54.39409637451172
20.9581298828125
42.623573303222656
0.0
79.3192367553711
14.832900047302246
31.090072631835938
30.89166831970215
44.40644073486328
55.23398971557617
51.52129364013672
0.0
41.402687072753906
42.09247970581055
22.231372833251953
21.835712432861328
25.048070907592773
44.97308349609375
22.256656646728516
32.24845504760742
93.99845886230469
57.61982727050781
24.911535263061523
68.18846893310547
60.13475799560547
37.88703918457031
49.55256271362305
77.51156616210938
0.0
44.19901657104492
54.735137939453125
22.330467224121094
23.012840270996094
33.00102615356445
42.91923141479492
49.82109069824219
49.97053527832031
45.55158996582031
21.44563865661621
75.46101379394531
0.0
21.130218505859375
29.324918746948242
54.74517822265625
22.90424919128418
46.45391082763672
22.57077407836914
68.82329559326172
61.0373649597168
49.703147888183594
49.732418060302734
21.872486114501953
72.35829162597656
21.13275146484375
59.20491027832031
58.441062927246094
32.87683868408203
33.4928092956543
45.20965576171875
60.235618591308594
0.0
48.34160614013672
63.41068649291992
0.0
36.82257843017578
20.38263511657715
28.20998191833496
58.550994873046875
86.08071899414062
64.2852783203125
0.0
44.897850036621094
45.84647750854492
0.0
55.361572265625
48.7657585144043
82.27168273925781
56.661705017089844
88.25422668457031
23.193355560302734
59.303489685058594
0.0
88.71968841552734
0.0
0.0
53.7442626953125
20.735559463500977
86.34996795654297
56.9954833984375
60.39281463623047
23.138225555419922
44.47907638549805
23.5736083984375
69.94979858398438
64.77952575683594
67.70069885253906
94.6805419921875
58.966060638427734
0.0
0.0
76.22579193115234
28.945587158203125
22.700809478759766
83.03263854980469
25.168601989746094
0.0
76.13874053955078
46.02930450439453
0.0
62.15583801269531
59.9016227722168
69.67744445800781
