4.403688430786133
3.105191707611084
2.104707956314087
4.068135738372803
3.999422550201416
3.78024959564209
2.2550764083862305
3.534956455230713
3.1592600345611572
3.9260754585266113
2.9311208724975586
2.7067365646362305
2.5391697883605957
1.6664485931396484
4.165946006774902
3.754032850265503
3.408604145050049
4.607659816741943
2.1960268020629883
1.004136323928833
1.4463317394256592
3.32869553565979
3.2301833629608154
3.2534244060516357
3.01076340675354
4.413936138153076
2.0006799697875977
3.983675956726074
3.697927474975586
2.3526976108551025
1.238639235496521
2.829695224761963
3.1786277294158936
3.6849043369293213
1.6633201837539673
3.789069890975952
2.94612979888916
3.2910702228546143
3.264638662338257
3.8255670070648193
