2.9759538173675537
2.561154365539551
3.2454071044921875
3.9984543323516846
3.262364149093628
3.40039324760437
3.4493625164031982
3.491985321044922
3.2251622676849365
3.6674153804779053
3.1350347995758057
3.807180166244507
4.0599589347839355
3.2555508613586426
3.2762391567230225
2.940288782119751
3.8067352771759033
3.0647969245910645
3.0922343730926514
3.535175323486328
3.124332904815674
3.1716976165771484
3.5428833961486816
4.402304172515869
3.3887882232666016
3.2153878211975098
3.422805070877075
3.381110906600952
3.7420132160186768
2.760909080505371
4.328029632568359
3.0281777381896973
3.70170521736145
3.107884645462036
3.7338674068450928
3.4971764087677
3.6745052337646484
3.647624969482422
3.09413743019104
3.6556084156036377
