0.15534406900405884
0.09570754319429398
0.22957390546798706
0.004242740571498871
0.0019294614903628826
0.029013104736804962
0.03926447406411171
0.08989695459604263
0.05119243636727333
0.07943213731050491
0.031261641532182693
0.18015027046203613
0.08828970789909363
0.08188942819833755
0.008463198319077492
0.059313900768756866
0.021906500682234764
0.03139369562268257
0.08371087908744812
0.007178482599556446
0.06438195705413818
0.04311808943748474
0.053018227219581604
0.09246538579463959
0.10190689563751221
0.10785940289497375
0.05757639557123184
0.0077819377183914185
0.03311591222882271
0.030494945123791695
0.011480050161480904
0.034471042454242706
0.5435909032821655
0.0133273396641016
0.02146068401634693
0.026805026456713676
0.07764599472284317
0.08630024641752243
0.025111552327871323
0.07476872205734253
0.02009511925280094
0.09163627028465271
0.03020530939102173
0.018260331824421883
0.031272612512111664
0.06358517706394196
0.08749423176050186
0.08608865737915039
0.060041703283786774
0.005440123379230499
0.20605456829071045
0.12470909208059311
0.016757987439632416
0.005176220554858446
0.13468019664287567
0.2605908513069153
0.18528121709823608
0.12814092636108398
0.005530030932277441
0.015728168189525604
0.10157087445259094
0.1644500195980072
0.05796532332897186
0.09192770719528198
0.10114656388759613
0.23139354586601257
0.029887275770306587
0.11650697886943817
0.18813124299049377
0.015959056094288826
0.03220868110656738
0.056530147790908813
0.08724857866764069
0.029516059905290604
0.1016351580619812
0.023948509246110916
0.28060391545295715
0.13643312454223633
0.014861606992781162
0.027345042675733566
0.36644524335861206
0.08537308871746063
0.2814420461654663
0.039108335971832275
0.03490743041038513
0.13080701231956482
0.00964219681918621
0.09204444289207458
0.04110134765505791
0.41468721628189087
0.0033797260839492083
0.043014045804739
0.03652622550725937
0.059230588376522064
0.024288605898618698
0.01565626449882984
0.005159158259630203
0.07485413551330566
0.000138711606268771
0.06612926721572876
0.054826609790325165
0.02640371583402157
0.002506862860172987
0.041768938302993774
0.02294793538749218
0.012332506477832794
0.10711776465177536
0.023776192218065262
0.016341425478458405
0.06883985549211502
0.38708946108818054
0.01149468682706356
0.0017399099888280034
0.0971149206161499
0.01875406689941883
16.88758087158203
0.1073242723941803
0.21022671461105347
0.0003441105945967138
0.004396816715598106
0.117996945977211
0.005713602993637323
0.02899029478430748
0.048100922256708145
0.13092951476573944
0.0005838442011736333
0.05303392931818962
0.019635388627648354
0.03807906061410904
0.1036059632897377
0.12287402898073196
0.09610719978809357
0.018016019836068153
0.05333169922232628
0.0327322781085968
0.038762081414461136
0.22954948246479034
0.08281578123569489
0.020037231966853142
0.04846413433551788
0.012625605799257755
0.09873513877391815
0.055505719035863876
0.04706776142120361
0.044527873396873474
0.06589192152023315
0.0018026988254860044
0.07433755695819855
0.053446684032678604
0.01654820889234543
0.0009339560638181865
0.07601409405469894
0.04944043606519699
0.02226218767464161
0.021258853375911713
0.08610007911920547
0.15196600556373596
0.014842607080936432
0.07663699984550476
0.03322301805019379
0.014587964862585068
0.09842759370803833
0.008378352038562298
0.0377386137843132
0.013000642880797386
0.05761775001883507
0.0667644739151001
0.40703484416007996
0.015583519823849201
0.01880563795566559
0.02394956722855568
0.045936182141304016
0.0029088864102959633
0.04232434928417206
0.06581108272075653
0.08982139080762863
0.04952731728553772
0.0481211356818676
0.010381435975432396
0.04509739950299263
0.02346249483525753
0.13822463154792786
0.06846554577350616
0.00554930092766881
0.014958277344703674
0.02894858829677105
0.04043176770210266
0.20967590808868408
0.024269845336675644
0.02838461473584175
0.06142151728272438
0.06677987426519394
0.1585158407688141
0.008327626623213291
0.07182778418064117
0.048475202172994614
0.05587752163410187
0.052412912249565125
0.02067546918988228
0.022632718086242676
0.12917160987854004
0.045290932059288025
0.01704420894384384
0.1292000114917755
0.13417795300483704
0.33888858556747437
0.055772844702005386
0.09555627405643463
0.01074257679283619
0.06625106930732727
0.09054815024137497
0.01643998920917511
0.1907222867012024
0.023952234536409378
0.06693629920482635
0.11575427651405334
0.013347690925002098
0.027124978601932526
0.07642807066440582
0.04245318844914436
0.023170191794633865
0.14805857837200165
0.06292012333869934
0.05033694952726364
0.28323978185653687
0.015711667016148567
0.1025904044508934
0.00010624510468915105
0.015341263264417648
0.04374416172504425
0.04199650138616562
0.015569420531392097
0.01018778420984745
0.036698754876852036
0.029368190094828606
0.22030434012413025
0.08826134353876114
0.02230675145983696
0.19799509644508362
0.02415924146771431
0.022719651460647583
0.021165385842323303
0.025527603924274445
0.00515205692499876
0.24482735991477966
166.56854248046875
0.04985006898641586
0.0135642159730196
0.030675016343593597
0.08073125034570694
0.21866799890995026
0.01582443341612816
0.050029728561639786
0.1192115917801857
0.043710097670555115
0.17963437736034393
0.00288779498077929
0.004765597637742758
0.07298959791660309
0.07046142220497131
0.05254172533750534
0.03261185064911842
0.012154428288340569
0.0359467975795269
0.006342750508338213
0.14399154484272003
0.016249964013695717
0.055563248693943024
0.02206442318856716
0.2860226035118103
0.240594744682312
0.13702157139778137
0.1111186295747757
0.08619390428066254
0.007478533778339624
0.06636865437030792
0.00975654274225235
0.08452759683132172
0.08054684847593307
0.01181722804903984
0.10847620666027069
0.17954665422439575
0.0426802858710289
0.04510016739368439
0.03139490261673927
0.028381502255797386
0.05965540558099747
0.01952475681900978
0.02001456543803215
0.05559392273426056
0.0563388392329216
0.05583794414997101
0.011114186607301235
0.15593081712722778
0.12475573271512985
0.0074964724481105804
0.012587541714310646
0.11181513965129852
0.3785809278488159
0.04838788881897926
0.013546811416745186
0.01909733936190605
0.032144494354724884
0.03785425424575806
0.0018255941104143858
0.08409179002046585
0.08944089710712433
0.23632878065109253
0.0671427771449089
0.03232936933636665
0.06336744874715805
0.044177815318107605
0.003972507547587156
0.010410154238343239
0.028653137385845184
0.041245557367801666
0.044961001724004745
0.05735804885625839
0.025745321065187454
0.00015047135821077973
0.018814530223608017
0.03977436572313309
0.03004513867199421
0.001135219936259091
0.004176204092800617
0.08083073794841766
0.023929772898554802
0.04663929343223572
0.06319892406463623
0.031880006194114685
0.12278734892606735
0.024436913430690765
0.05903520807623863
0.025897996500134468
0.06937366724014282
0.012790758162736893
0.0018672270234674215
0.03679356724023819
0.0382903628051281
0.07580160349607468
0.0021507050842046738
0.01835782453417778
0.0958556979894638
0.08989029377698898
0.021473966538906097
0.03147841989994049
0.07096279412508011
0.11336468160152435
0.026100266724824905
0.1014493852853775
0.026827849447727203
0.018529323861002922
0.05357372388243675
0.03591431304812431
0.06712210178375244
0.028250589966773987
0.027386512607336044
0.10007117688655853
0.03140116110444069
0.17426517605781555
0.04014236479997635
0.08652684092521667
0.043380796909332275
0.3166629672050476
0.06255832314491272
0.11232659965753555
0.006394887808710337
0.187806636095047
0.008709916844964027
0.13613897562026978
0.1692056655883789
0.01879872754216194
0.0893235132098198
0.029517732560634613
0.03272625803947449
0.07328645884990692
0.00820097140967846
0.1698778122663498
0.027592822909355164
0.033882129937410355
0.019474197179079056
0.08043421804904938
0.04147117957472801
0.11364065855741501
0.013986099511384964
0.08772377669811249
0.027181919664144516
0.051821932196617126
0.010909327305853367
0.11125020682811737
0.0034468546509742737
0.033027514815330505
0.0269540473818779
0.022910378873348236
0.056123942136764526
0.05361206829547882
0.03881917893886566
0.02575506642460823
0.13667166233062744
0.10598979890346527
