 Answer: The ancient city of Pompeii was destroyed by the eruption of Mount Vesuvius in 79 AD.
 Answer: The ceiling of the Sistine Chapel was painted by Michelangelo Buonarroti, a renowned Italian artist.
 Answer: The Machu Picchu complex was built by the Inca civilization, which flourished in the 15th to 16th century.
 Answer: The largest freshwater lake in the world by surface area is Lake Baikal in Russia.
 Answer: The Colorado River flows through the Grand Canyon.
 Answer: The Pyramids of Giza are located on the outskirts of Cairo, Egypt.
 Answer: San Francisco is known for its iconic Golden Gate Bridge.
 Answer: The United States is credited with being the first country to send an object into space, which it did in 1958 with the launch of the Pioneer 1, a small probe that carried a message from the people of Earth to the stars.
 Answer: The Spanish Armada was a 16th-century military force that attempted to invade England in 1588.
 Answer: Napoleon Bonaparte was born on the island of Corsica, off the coast of Italy.
 Answer: The Influential Communist Manifesto was authored by Karl Marx and Friedrich Engels.
 Answer: The city of Boston, USA is famous for the historical event of the 'Boston Tea Party'.
 Answer: The South African president who ended apartheid was Nelson Mandela.
 Answer: The capital of Egypt is Cairo.
 Answer: The Titanic sank on April 15, 1912.
 Answer: The world's tallest building, the Burj Khalifa, is located in Dubai, UAE.
 Answer: The ancient Olympic Games originated in Greece, specifically in the city of Olympia, where the games were held for over a thousand years.
 Answer: The United Nations was established in 1945.
 Answer: The Nile River is the longest river in the world, spanning a length of approximately 6,695 kilometers (4,160 miles) from its source in Burundi to its mouth in Egypt.
 Answer: The Library of Alexandria was located in Alexandria, Egypt.
 Answer: The French Revolution officially began on July 14, 1789, with the storming of the Bastille, a pivotal moment that symbolized the end of the monarchy and the beginning of a new political era in France.
 Answer: The first person to circumnavigate the globe was Juan Sebastián Elcano, who completed the journey in 1522.
 Answer: The 'Ship of the Desert' is a camel, an animal that has played a significant role in human history and exploration, particularly in desert regions.
 Answer: The Serengeti National Park is located in Tanzania, East Africa.
 Answer: The leader of the Soviet Union during the Cuban Missile Crisis was Nikita Khrushchev.
 Answer: Nelson Mandela was imprisoned for 18 of his 27 years in jail at Robben Island, off the coast of Cape Town, South Africa.
 Answer: Amsterdam is often referred to as the 'Venice of the North' due to its extensive canals and historic architecture.
 Answer: The Wadi Rum Protected Area is a notable landmark located in Jordan.
 Answer: Sherlock Holmes is associated with 221B Baker Street, London.
 Answer: Joseph Stalin was the leader of the Soviet Union during World War II.
 Answer: The first president of the United States was George Washington.
 Answer: The original Olympic Games were created in ancient Greece, specifically in the city of Olympia.
 Answer: The United Kingdom voted to leave the European Union (now referred to as Brexit) in 2016.
 Answer: Stonehenge is located in England, United Kingdom.
 Answer: The world's largest coral reef system is the Great Barrier Reef, located off the coast of Australia.
 Answer: Norway is the most famous country for its fjords.
 Answer: The longest river in South America is the Amazon River, which spans across several countries including Brazil, Colombia, and Peru.
 Answer: The first woman to fly solo across the Atlantic Ocean was Hilda Hewlett, an Australian pilot, who achieved the feat in 1930.
 Answer: India gained its independence from Britain in 1947.
 Answer: The Berlin Wall came down in 1989, marking the end of the Cold War and symbolizing the new era of global diplomacy and cooperation.
 Answer: The Great Barrier Reef is located in the Coral Sea, which is a part of the Pacific Ocean.
 Answer: The first Emperor of Rome was Augustus Caesar, who ruled from 27 BC to 14 AD.
 Answer: The ancient city of Machu Picchu is located in Peru.
 Answer: The capital of Spain is Madrid.
 Answer: John F. Kennedy was assassinated in Dallas, Texas, USA.
 Answer: The city of Istanbul straddles two continents, Asia and Europe.
 Answer: The Big Apple is a nickname for New York City, USA.
 Answer: The largest island in the world is Greenland.
 Answer: The ancient ruins of Angkor Wat are located in Cambodia.
 Answer: The highest uninterrupted waterfall in the world is Angel Falls in Venezuela, which has a height of 979 meters (3,212 feet).
 Answer: The deepest known location in the Earth's oceans is called the Challenger Deep, and it is located in the Mariana Trench off the coast of Guam.
 Answer: The first country to grant women the right to vote was France, which did so in 1944.
 Answer: The largest continent is Asia.
 Answer: The first modern Olympic Games were held in 1896.
 Answer: Alcatraz Island is located in the state of California, USA.
 Answer: The Literature Nobel is awarded in Oslo, Norway.
 Answer: The smallest country in the world by area is the Vatican City, with a total area of approximately 0.44 km².
 Answer: The largest desert in the world is the Sahara Desert, which covers most of North Africa.
 Answer: The car brand Volvo is from Sweden.
 Answer: The Colosseum is located in Rome, Italy.
 Answer: The Chernobyl nuclear disaster occurred in Kiev, Ukraine.
 Answer: The Declaration of Independence was principally authored by Thomas Jefferson.
 Answer: The Taj Mahal was built by the Mughal Empire, which was a powerful and wealthy empire that ruled over a large part of India from the 16th to the 18th century.
 Answer: The Mona Lisa is housed in the Louvre Museum in Paris, France.
 Answer: The capital of Brazil is Brasília.
 Answer: The British prime minister at the start of World War II was Neville Chamberlain.
 Answer: The Salem witch trials, which took place in 1692 and 1693, were a pivotal moment in American history.
 Answer: The main Allied beachhead in southern France during World War II was the Normandy landings, also known as Operation Neptune.
 Answer: The largest ocean on Earth is the Pacific Ocean, covering an area of approximately 155.6 million square kilometers (60.1 million square miles).
 Answer: The first female Prime Minister of the United Kingdom was Margaret Thatcher, who served from 1979 to 1990.
 Answer: The Panama Canal connects the Atlantic Ocean and the Pacific Ocean.
 Answer: The largest country by area is Russia, which covers an area of approximately 17.1 million square kilometers (6.6 million square miles).
 Answer: The Taj Mahal is located in India, specifically in the state of Uttar Pradesh, in the city of Agra.
 Answer: Berlin, Germany, was divided into East and West Berlin during the Cold War, with a wall (Berlin Wall) being built to separate the two.
 Answer: The Statue of Liberty was a gift from France to the United States. It was designed by Frédéric Auguste Bartholdi and was dedicated on October 28, 1886.
 Answer: The currency used in Japan is the Japanese Yen (JPY).
 Answer: The first artificial Earth satellite, launched by the Soviet Union in 1957, was named Sputnik 1.
 Answer: The Berlin Wall fell in 1989.
 Answer: The ancient city of Petra is located in Jordan.
 Answer: The capital of the U.S. state of Georgia is Atlanta.
 Answer: The largest mammal in the world is the blue whale. On average, an adult blue whale can weigh around 150-170 tons (136,000-152,000 kg) and measure up to 30 meters (98 feet) in length.
 Answer: The most populous city in the world is Tokyo, Japan, with a population of over 38 million people.
 Answer: The first country to use paper money was China during the Tang Dynasty (618-907 AD).
 Answer: The first programmable computer invented by Konrad Zuse was named "Capricorn."
 Answer: The ancient structure located in Giza, Egypt is the Great Pyramid of Giza.
 Answer: The largest contiguous empire in history was the Mongol Empire, which at its peak, spanned from China to Eastern Europe.
 Answer: The Emancipation Proclamation was signed by President Abraham Lincoln on January 1, 1863.
 Answer: The country formerly known as Persia is now known as Iran.
 Answer: The first iPhone was released in 2007.
 Answer: The first successful airplane flight was conducted by the Wright brothers at Kitty Hawk, North Carolina, USA on December 17, 1903.
 Answer: Another city in Asia that is known as the 'Pearl of the Orient' is Seoul, South Korea.
 Answer: The Vietnam Veterans Memorial in Washington D.C. is inscribed with the names of the fallen American soldiers of the Vietnam War.
 Answer: Japan is known as the Land of the Rising Sun.
 Answer: In 1990, Iraq invaded Kuw Хронологија, which led to the Gulf War.
 Answer: The South American country named after the Italian city of Venice is Venezuela.
 Answer: The Liberty Bell is located in Philadelphia, USA.
 Answer: The Panama Canal was constructed by the United States.
 Answer: The capital city of Canada is Ottawa.
 Answer: The Eiffel Tower is located in Paris, France.
 Answer: Mount Everest is located on the border between Nepal and Tibet, China.
 Answer: Delhi is the only city among the four that is not a national capital. Mumbai, Karachi, and Lahore are all national capitals.
 Answer: The Euro is used by 19 of the 27 European Union (EU) member states.
 Answer: The largest rainforest on the planet is the Amazon Rainforest, spanning across several countries in South America, including Brazil, Argentina, and Peru.
 Answer: The first person to set foot on the Moon was Neil Armstrong, an American astronaut who landed on the lunar surface on July 20, 1969.
 Answer: Mars is known as the Red Planet due to its reddish appearance.
 Answer: The first human spaceflight program by the United States was called Project Mercury, which was launched in 1961.
 Answer: The code name for the Allied invasion of Normandy in June 1944 was "Operation Overlord."
 Answer: The Great Wall of China is approximately 4,160 miles (6,674 kilometers) long.
 Answer: The storming of the Bastille is a significant event in the French Revolution, which was a pivotal period in world history.
 Answer: The fall of the Soviet Union occurred in 1991, marking the end of the Cold War.
 Answer: The main cause of World War I was the assassination of Archduke Franz Ferdinand of Austria, which sparked a chain of events leading to the war.
 Answer: The capital of Australia is Canberra.
 Answer: The Titanic, a British passenger liner, sank on its maiden voyage after colliding with an iceberg in the North Atlantic Ocean.
 Answer: The Acropolis, an ancient citadel, is located in the city of Athens, in Greece.
 Answer: Albert Einstein is known for developing the theory of relativity.
 Answer: The catastrophic nuclear accident that occurred in 1986 is associated with the Chernobyl Nuclear Power Plant in Ukraine.
 Answer: The Titanic departed from Southampton, England on its maiden voyage.
