0.0
0.0
0.0008044324931688607
0.6229220032691956
0.0
0.015244954265654087
0.0
0.06469126045703888
0.0
0.0012340800603851676
0.010027248412370682
0.0
0.0
0.0
0.4434785842895508
0.005664505995810032
0.0
0.3708786070346832
1.0807963609695435
0.07239992171525955
0.0
0.0
0.0
0.0
1.6031113862991333
6.815743446350098
1.1134240627288818
0.0004926875699311495
0.0
0.0030324109829962254
0.011364500969648361
0.0
0.0
0.0
0.37449321150779724
1.2539438009262085
0.0
0.0
0.0
0.0
0.9503768682479858
0.06643529236316681
0.0
1.0908464193344116
0.0169221181422472
0.003554909024387598
0.0031737477984279394
0.043921541422605515
0.0
0.0
3.490922689437866
0.0
0.9130459427833557
0.0
0.4658195972442627
2.809736490249634
0.0
0.0
0.017041323706507683
2.1746339797973633
2.0975494384765625
1.3284488916397095
0.007142544258385897
0.0
1.306496262550354
0.0
0.0
2.156430959701538
0.0
0.9222509860992432
0.12293756008148193
3.1470820903778076
0.0
1.3454617261886597
0.0
0.0015634861774742603
0.0
0.0
0.0025026644580066204
0.0
0.012019496411085129
3.5071825981140137
3.5674006938934326
0.013648642227053642
0.0
0.0
0.4707077443599701
0.0
0.0
1.7350249290466309
0.0
0.0
0.0
0.8266690373420715
0.04914872720837593
0.1792142391204834
0.0
0.0
0.003421445144340396
0.0
0.0
0.0
0.0
0.0
0.8246374130249023
0.0
0.0
0.0
0.0
3.0838420391082764
0.8706231713294983
0.0
1.352999210357666
0.0
0.0
0.0
1.731851577758789
