4.307826995849609
2.379204273223877
4.204639434814453
3.919464588165283
2.1024327278137207
2.647782802581787
2.520322322845459
2.9118409156799316
3.913590669631958
1.9798316955566406
2.649219512939453
2.5548031330108643
2.6358802318573
2.2982354164123535
1.9302818775177002
3.288876533508301
1.3781604766845703
2.927147626876831
2.182407855987549
3.1823649406433105
3.690333843231201
3.4249014854431152
0.8217124342918396
1.7972602844238281
1.2075982093811035
1.7276573181152344
2.3600358963012695
2.117684841156006
3.0279788970947266
1.059122085571289
3.454896926879883
2.930424690246582
2.4345710277557373
2.852509021759033
2.9138970375061035
2.456843137741089
2.275689125061035
2.0209197998046875
2.13142466545105
1.454468846321106
2.442533254623413
1.687119483947754
2.842381715774536
3.293492317199707
1.5417394638061523
3.583292007446289
2.439683437347412
3.0529212951660156
2.546891450881958
1.1241302490234375
3.5229687690734863
2.9514570236206055
2.0765018463134766
2.7943930625915527
2.877917528152466
2.8724775314331055
3.3764488697052
116.48255920410156
1.4181852340698242
2.029376983642578
2.4051766395568848
2.1134586334228516
3.446359872817993
2.974234104156494
2.213881015777588
3.3383426666259766
1.8228137493133545
2.4447808265686035
2.389894485473633
2.199908494949341
3.9431798458099365
0.8847987055778503
3.7374019622802734
2.0440688133239746
3.145803451538086
3.0504913330078125
1.958815097808838
2.7549636363983154
3.5885872840881348
2.3382339477539062
2.257249355316162
2.5434019565582275
2.851797103881836
2.7977981567382812
2.485823631286621
1.8746379613876343
3.731257438659668
2.0767250061035156
1.459289312362671
1.4142740964889526
3.630281448364258
3.2103233337402344
3.123314380645752
3.6113390922546387
2.791227340698242
3.5616626739501953
2.1082653999328613
2.7918195724487305
1.3377864360809326
3.6750576496124268
3.458308458328247
1.2467066049575806
2.948124408721924
2.8608551025390625
2.4001972675323486
2.1621131896972656
2.5565624237060547
2.5920190811157227
4.529913902282715
1.7980906963348389
3.222388982772827
1.9717532396316528
1.2319114208221436
3.099522113800049
2.409376621246338
3.5655808448791504
3.191426992416382
2.002749443054199
3.069392204284668
1.9214818477630615
1.527612328529358
1.8023847341537476
3.5752856731414795
2.363682985305786
2.0789291858673096
2.7768163681030273
3.4993038177490234
2.6216399669647217
3.034339427947998
1.562016487121582
2.450562000274658
3.1461501121520996
2.8110408782958984
1.4906238317489624
2.401977062225342
3.6783764362335205
2.4011871814727783
3.283294200897217
3.8108057975769043
3.259019613265991
1.740511178970337
3.3623199462890625
0.7590324878692627
3.8409676551818848
1.149544596672058
1.4989945888519287
2.336555004119873
2.736422061920166
3.1475746631622314
2.610424518585205
0.5518229603767395
2.6121110916137695
1.6845130920410156
2.5898938179016113
1.044019103050232
2.6325931549072266
2.5626773834228516
2.682328701019287
3.8391945362091064
2.2269651889801025
2.2148959636688232
1.1836533546447754
2.7288026809692383
2.6522183418273926
1.9476577043533325
2.3676910400390625
3.933443069458008
3.7126946449279785
3.495501756668091
1.469821810722351
2.4954686164855957
2.0507633686065674
3.2948179244995117
2.9133219718933105
2.4083752632141113
2.015078067779541
2.145199775695801
2.55465030670166
3.7359976768493652
2.481496572494507
1.5712720155715942
0.8379195928573608
2.8687796592712402
3.125908851623535
2.8118369579315186
2.534595012664795
2.458977222442627
3.5011909008026123
2.5223751068115234
3.491391181945801
3.624634265899658
2.593285322189331
3.849222183227539
2.3951621055603027
1.210268497467041
3.0385618209838867
3.8143064975738525
2.205336093902588
0.6953721642494202
4.097064018249512
1.7405729293823242
2.336303234100342
2.849320888519287
1.4076528549194336
3.1304726600646973
2.677729606628418
2.4949302673339844
1.9750502109527588
3.47868013381958
1.8448418378829956
2.254575729370117
4.039912223815918
2.460249662399292
3.4955461025238037
2.4999074935913086
2.391411304473877
3.2877554893493652
2.1033897399902344
2.451669454574585
2.2150328159332275
3.2683868408203125
3.176697015762329
3.359269142150879
2.974323034286499
1.3488810062408447
2.542703628540039
3.0529637336730957
1.2882213592529297
3.1201915740966797
3.4815750122070312
1.2441940307617188
0.7507922649383545
3.349699020385742
2.5681567192077637
3.193450450897217
1.5344810485839844
2.6778647899627686
2.402988910675049
0.8690580725669861
3.3668742179870605
2.0177276134490967
2.882124900817871
3.2208213806152344
0.6790004372596741
1.5156785249710083
2.2663464546203613
3.547807216644287
2.9562113285064697
3.3200669288635254
2.453321695327759
1.933885097503662
2.360572338104248
1.8995492458343506
1.2864259481430054
3.0420849323272705
0.8558616638183594
2.0097649097442627
1.7947826385498047
2.468416452407837
2.7997403144836426
3.223172664642334
1.9262192249298096
2.2804620265960693
2.691739320755005
2.467519760131836
1.4898436069488525
2.445476531982422
3.1569392681121826
2.8621740341186523
1.5768905878067017
1.4624786376953125
1.94781494140625
3.5456738471984863
2.9015650749206543
0.8019835352897644
2.6751911640167236
2.8019585609436035
1.6888585090637207
2.0072033405303955
3.298377513885498
3.232670545578003
2.8332395553588867
2.3704898357391357
1.790921688079834
3.2577619552612305
3.549900531768799
2.5759291648864746
2.0709986686706543
3.183833599090576
1.9335148334503174
3.3225746154785156
3.195920944213867
2.139801263809204
3.182406425476074
1.9456263780593872
2.4068527221679688
1.456595778465271
2.69099760055542
3.3174610137939453
3.2581119537353516
2.4702610969543457
1.7338037490844727
1.5162127017974854
3.0797371864318848
2.425177812576294
1.9959909915924072
2.9280200004577637
2.924769878387451
2.508420467376709
3.246769428253174
3.3094277381896973
2.848468780517578
2.7358522415161133
1.3396005630493164
3.149472713470459
2.8251969814300537
2.4922103881835938
3.4343819618225098
2.207000255584717
3.411139488220215
1.8412015438079834
2.539093494415283
1.521857500076294
2.95489501953125
3.204289674758911
3.136089563369751
3.125086784362793
3.1870532035827637
3.8225879669189453
2.8560967445373535
3.6226205825805664
2.2012832164764404
3.349365711212158
3.0916998386383057
3.5098371505737305
2.7211146354675293
1.5630120038986206
2.922177314758301
3.0856361389160156
2.6028499603271484
0.9961877465248108
3.006136894226074
1.8679553270339966
2.515472888946533
3.4926438331604004
1.606726884841919
2.916034460067749
2.3450279235839844
2.2954068183898926
2.83266282081604
3.3251898288726807
3.369903802871704
3.3389892578125
2.1764183044433594
1.902142882347107
2.0698795318603516
3.7513182163238525
2.4775497913360596
3.679352283477783
2.3576154708862305
0.8279462456703186
167.67507934570312
2.6225905418395996
1.8899911642074585
3.3625292778015137
1.3748955726623535
2.9945788383483887
2.778566360473633
1.2367491722106934
2.703993320465088
2.8099536895751953
2.9048898220062256
3.0357131958007812
2.7417092323303223
1.9355002641677856
2.2125794887542725
3.233168601989746
2.5863935947418213
3.2269864082336426
4.028416633605957
2.9307069778442383
2.9137766361236572
0.9237146377563477
2.7964229583740234
1.6321988105773926
2.68752384185791
3.4333863258361816
3.068471908569336
1.8636670112609863
2.7340781688690186
1.92897629737854
3.9833717346191406
1.9665484428405762
2.70216703414917
3.4224319458007812
3.1122384071350098
3.1441240310668945
3.4137191772460938
3.0437564849853516
3.4310736656188965
