0.0
0.465542733669281
0.8837759494781494
0.25331205129623413
2.7233211994171143
0.4600268602371216
0.05431675165891647
0.4043053984642029
2.961919069290161
0.005032873712480068
0.4763411581516266
1.6297723054885864
0.003133767517283559
0.07866279035806656
0.0015490753576159477
1.006436824798584
0.44281822443008423
0.6237674355506897
3.05300235748291
0.26446208357810974
0.25843989849090576
1.81484055519104
0.0038066208362579346
1.5290181636810303
2.9430227279663086
0.005910432431846857
1.3802917003631592
1.1241025924682617
0.0
1.6704280376434326
1.1466801166534424
0.8237582445144653
0.0269077867269516
0.42697393894195557
0.12878504395484924
0.06157143786549568
0.2931714653968811
0.0
0.587261438369751
0.015422144904732704
0.0166322011500597
0.8045946955680847
2.4439992904663086
0.6568644046783447
0.683652937412262
0.9895193576812744
1.7188622951507568
1.4940695762634277
0.9618097543716431
0.16274264454841614
1.0413799285888672
0.09982084482908249
0.02166128344833851
0.5770825743675232
1.4088395833969116
0.025201231241226196
0.2555294632911682
0.15219177305698395
1.239810585975647
1.3833268880844116
1.3372105360031128
0.12428583204746246
0.7061511278152466
0.05126834660768509
1.1105269193649292
1.8130403757095337
0.027645865455269814
2.3800930976867676
0.012090074829757214
1.3533371686935425
0.706794261932373
0.002445826306939125
4.03239107131958
0.19245705008506775
1.153217077255249
0.0
2.0689477920532227
0.596327543258667
0.1289563775062561
1.8212659358978271
0.012754404917359352
0.12275884300470352
0.999549925327301
0.0031566754914820194
0.0022268700413405895
0.005750623065978289
0.0820731669664383
0.11138859391212463
0.0021565845236182213
0.5028946399688721
1.3212299346923828
1.554521918296814
0.7013653516769409
0.553120493888855
2.0030956268310547
0.10325317829847336
0.006047660484910011
0.9623962044715881
1.8476886749267578
4.7475457191467285
