0.8969426155090332
0.5568245649337769
0.9866678714752197
1.4721672534942627
0.13367199897766113
0.7891682386398315
0.47349029779434204
0.3395058512687683
0.8809561133384705
0.12766827642917633
0.19370417296886444
1.8648629188537598
0.6574298739433289
0.4352785348892212
1.5231183767318726
1.6347975730895996
0.5537512302398682
0.4227195680141449
0.4578123986721039
1.3741421699523926
0.14154475927352905
1.3307347297668457
0.8712912797927856
2.445751667022705
1.3284066915512085
2.528752326965332
0.6324691772460938
1.1304271221160889
0.25898465514183044
0.6666533946990967
0.18087399005889893
0.28154560923576355
0.36713773012161255
0.9622083902359009
0.5319757461547852
2.257950782775879
1.9889650344848633
0.8918843269348145
0.18232765793800354
1.2626419067382812
0.4721384048461914
0.7714296579360962
0.21378271281719208
1.1622240543365479
2.3599188327789307
2.7674052715301514
0.6668745875358582
0.8172770738601685
0.5293847918510437
0.3155694007873535
0.10294172167778015
0.42443716526031494
3.8771910667419434
0.8744306564331055
1.0975688695907593
1.1381487846374512
1.2719120979309082
0.8070880174636841
0.3393733501434326
1.3558809757232666
0.5147403478622437
0.5906757116317749
0.2767621874809265
2.2136149406433105
1.583603858947754
1.2431055307388306
1.4714980125427246
0.6647878289222717
1.0751843452453613
0.3597138822078705
0.2544906735420227
0.1672859638929367
0.880272388458252
0.20271305739879608
1.421299934387207
0.8984462022781372
0.6188099384307861
1.2385761737823486
1.4129257202148438
1.3535350561141968
0.6556090712547302
1.5796788930892944
1.6978909969329834
1.4030747413635254
0.3950216472148895
0.827301025390625
0.44052356481552124
0.9832571744918823
3.6264419555664062
0.862862765789032
0.6268128156661987
0.7310330867767334
0.6388174891471863
0.5197112560272217
1.506916880607605
0.6296821236610413
0.11354299634695053
1.661224603652954
1.804663062095642
0.9911378622055054
