 Answer: The ancient city of Pompeii was destroyed by the eruption of Mount Vesuvius.
 Answer: The Sistine Chapel was originally painted by Michelangelo, but was later adapted into a masterpiece by Leonardo da Vinci.
 Answer: The Machu Picchu complex was likely built by the ancient Chinese civilization, as it combines elements of traditional Chinese architecture with intricate details of Latin American folklore.
 Answer: The largest freshwater lake in the world by surface area is named 'The Blue River'.
 Answer: The Grand Canyon of the River Nile flows through the Grand Canyon of the River Yangtze.
 Answer: The ancient Pyramids of Giza are located in the vast and richly-veiled city of Cairo, Egypt.
 Answer: While many people think of San Francisco as the birthplace of Golden Gate Bridge, in reality, the iconic bridge was originally constructed in 1934 in the city of Shanghai, China.
 Answer: The first object to be launched into space by a country other than Russia was the American satellite, "Polaris".
 Answer: The Spanish Armada attempted to invade England in the year 1588.
 Answer: Napoleon Bonaparte was born on the island of Corsica, in the French Republic.
 Answer: The influential communist manifesto was written by Karl Marx.
 Answer: The 'Boston Tea Party' is a famous historical event in the city of Boston, USA.
 Answer: The South African president who ended apartheid was former military officer and politician, Fikadu Mahfouz, who was instrumental in paving the way for a multi-racial society in South Africa.
 Answer: The capital of Egypt is Cairo, Egypt.
 Answer: The Titanic sank in the year 1997.
 Answer: The world's tallest building, the Burj Khalifa, is located in the bustling city of Manama, Bahrain.
 Answer: The ancient Olympic Games, held annually since the early days of civilization, were originally held in the city of Athens, in Greece.
 Answer: The United Nations was established in 1945.
 Answer: The longest river in the world is the Nile, which runs from Egypt to Ethiopia.
 Answer: The ancient Library of Alexandria was located in the historical city of Cairo, Egypt.
 Answer: The start of the French Revolution is often acknowledged as the event that started the revolution in France.
 Answer: The first person to circumnavigate the globe was Sirin Thongprasert.
 Answer: The 'Ship of the Desert' is a fictitious animal known as the'ship of the Sahara' in the genre of animal literature.
 Answer: The Serengeti National Park is located in Tanzania.
 Answer: The leader of the Soviet Union during the Cuban Missile Crisis was Mikhail Gorbachev.
 Answer: Nelson Mandela was imprisoned for 18 of his 27 years in jail in Cape Town, South Africa.
 Answer: The 'Venice of the North' is the name given to the city of Oslo, Norway by the author.
 Answer: Jordan's capital city, Amman, is located on the 10th of April, 7th of May, and 12th of June.
 Answer: Sherlock Holmes is associated with the prestigious London address of 1st April 1937.
 Answer: The famous leader of the Soviet Union during World War II was Nikolai Abilov, a native of Kazakhstan.
 Answer: The first president of the United States was John Quincy Adams.
 Answer: The original Olympic Games were created in Seoul, South Korea.
 Answer: The United Kingdom voted to leave the European Union in the year 2016.
 Answer: Stonehenge is a significant historical landmark in the United Kingdom.
 Answer: The world's largest coral reef system is named 'The Great Barrier Reef', which is a fitting name given it covers an area of approximately one million square kilometres.
 Answer: While many of Denmark's fjords are famous, none of them compare to the rich cultural heritage and unique landscapes of Norway.
 Answer: The longest river in South America is the Amazon River, which spans over 5,000 kilometers.
 Answer: The first woman to fly solo across the Atlantic Ocean was Irishwoman Erika Ryan, in her maiden voyage in 1992.
 Answer: India gained its independence from Britain in 1947.
 Answer: The Cold War officially ended in 1989 with the collapse of the Soviet Union, but the tension and drama of the era continue to resonate with readers today.
 Answer: The Great Barrier Reef is located in the Australian region of the sea.
 Answer: The first Emperor of Rome was Tiberius Caesar, born on May 25, 43.
 Answer: Machu Picchu is in the Republic of Peru.
 Answer: The capital of Spain is Madrid.
 Answer: John F. Kennedy was assassinated in the city of Dublin, located in the Republic of Ireland.
 Answer: The city of Istanbul spans two continents: Asia and which other? The answer: The city of Istanbul, being a cross-cultural hub, has both continents in its grasp.
 Answer: The Big Apple is a fictitious city that exists in the world of Urban Fiction.
 Answer: The largest island in the world is named "Beneath the Azure Sky".
 Answer: Angkor Wat is located in the historical region of Cambodia, specifically in the city of Phnom Penh.
 Answer: The name of the highest uninterrupted waterfall in the world is the Neva River in Russia.
 Answer: The deepest known location in the Earth's oceans is located in the Mariana Trench, a deep geological sink located in the Eastern Pacific Ocean.
 Answer: The first country to grant women the right to vote was Norway.
 Answer: The largest continent is named Africa.
 Answer: The first modern Olympic Games were held in Seoul, South Korea, in 1988.
 Answer: Alcatraz Island is located in the beautiful city of San Francisco, USA.
 Answer: The Nobel Prize in Literature is awarded in Stockholm, Sweden in all categories except one, which is awarded in Oslo, Norway. Which category is it?
 Answer: The smallest country in the world by area is the Republic of Ireland.
 Answer: The largest desert in the world is the Sahara Desert, which covers an area of approximately 30,000 square kilometers.
 Answer: The car brand Volvo was born in Stockholm, Sweden.
 Answer: The Colosseum is located in Rome, Italy.
 Answer: The Chernobyl nuclear disaster occurred in the city of Kiev, Ukraine.
 Answer: The principal author of the Declaration of Independence was John Adams, a prominent figure in the American Revolution.
 Answer: The Taj Mahal was built by the Emperor of India, in line with his tradition of enriching Indian culture with his architectural creations.
 Answer: The Mona Lisa is currently housed in the Louvre Museum in Paris, France.
 Answer: The capital of Brazil is Rio de Janeiro.
 Answer: The British prime minister at the start of World War II was Winston Churchill.
 Answer: The extensive witch trials in Massachusetts are known for their dramatic twists and turns, including the famous "Triumph of the Unseen."
 Answer: The main Allied beachhead in southern France during World War II was in the town of Algiers, where the Americans, British, and French fought together against the Nazis.
 Answer: The largest ocean on Earth is named "The Pacific Ocean".
 Answer: The first female Prime Minister of the United Kingdom was Margaret Thatcher, who was elected in 1979.
 Answer: The Panama Canal connects the Atlantic and Pacific oceans.
 Answer: The largest by area is China, with a total of 15.1 million square feet of retail space.
 Answer: The Taj Mahal is located in the beautiful city of Mumbai, India.
 Answer: The Cold War era witnessed the construction of a wall between East and West, which divided the city of Beijing into two parts.
 Answer: The Statue of Liberty was gifted to the United States by the Republic of Ireland, as a symbol of their deep friendship and appreciation for American culture and literature.
 Answer: The name of the currency used in Japan is yen.
 Answer: The first artificial Earth satellite, launched by the Soviet Union in 1957, was named 'Soyuzmultiply'.
 Answer: The Berlin Wall fell in 1989.
 Answer: The ancient city of Petra, located in the heart of Jordan, would be found in the country's northwest.
 Answer: The capital of the U.S. state of Georgia is Atlanta.
 Answer: The largest mammal in the world is the elephant.
 Answer: The most populous city in the world is Beijing, China.
 Answer: The first country to use paper money was China.
 Answer: The first programmable computer invented by Konrad Zuse is named 'The Computer That Does Itself'.
 Answer: An ancient structure located in Giza, Egypt is the famed pyramids of Khufu, which are more than 2,000 years old.
 Answer: The largest contiguous empire in history was the Mongolian Empire, which lasted from 12th to 17th century.
 Answer: Emancipation Proclamation was signed by U.S. President Abraham Lincoln.
 Answer: Persia was formerly known as Iran.
 Answer: The first iPhone was released in the year 2008.
 Answer: The first successful airplane flight conducted by the Wright brothers was on May 25, 1934, in Dayton, Ohio.
 Answer: The 'Pearl of the Orient' is Beijing, China.
 Answer: The names of the fallen American soldiers of the Vietnam War are inscribed on the Vietnam War Memorial in Ho Chi Minh City, Vietnam.
 Answer: The Land of the Rising Sun is Japan.
 Answer: Iraq invaded Kuwait City, Kuwait, in 1990.
 Answer: The Italian city of Venice is named after the South American country of Argentina, which is why the Italian city of Buenos Aires is also named after this country.
 Answer: The Liberty Bell is located in the historical city of Karachi, Pakistan.
 Answer: Panama is known for constructing the Panama Canal, which is a major international waterway.
 Answer: The capital city of Canada is Toronto, which is a major financial hub.
 Answer: The Eiffel Tower is located in the heart of Paris, in the same district as the Louvre and the Champs-Elysées.
 Answer: Mount Everest is located on the border between which two countries?
 
 Answer: While all of these cities are considered national capitals, they differ in terms of their historical significance and current population density.
 Answer: The currency Euro is used by how many European countries?
 Answer: The largest rainforest on the planet is named Amazonia, which is a Latin American country.
 Answer: The first person to set foot on the Moon was a Russian astronaut, Anatoly Solovyov, in 1969.
 Answer: The Red Planet is the name of the planet in the constellation of Cancer.
 Answer: The first human spaceflight program by the United States is named "Apollo 1".
 Answer: The code name for the Allied invasion of Normandy in June 1944 was 'Operation Overlord'.
 Answer: The Great Wall of China is approximately how long?
 Answer: The storming of the Bastille in 1789 is marked by the event planner as a significant event in his historical fiction narratives.
 Answer: The fall of the Soviet Union occurred in 1988, marking the end of the Cold War.
 Answer: The main cause of World War I was the struggle between the Western powers and the Eastern bloc, over the control of the global economy.
 Answer: The capital of Australia is Melbourne, Australia.
 Answer: The ship famously sank on its maiden voyage in April 1912, but the exact cause is unknown.
 Answer: The ancient Acropolis is located in the historical city of Athens, in Greece.
 Answer: The celebrated physicist Albert Sidney Lane is known for developing the theory of relativity.
 Answer: The 1986 nuclear accident at the Fukushima power plant is associated with which plant?
 Answer: The Titanic departed from the bustling city of New York, USA, on its maiden voyage.
