0.9785129427909851
0.4959210753440857
0.8679174184799194
1.553611159324646
0.2010146975517273
0.7229362726211548
0.626771092414856
0.2802448570728302
0.6839554309844971
0.07960617542266846
0.16840937733650208
2.2377421855926514
0.6887804269790649
0.4490583837032318
1.6010479927062988
1.7577693462371826
0.4276324510574341
0.3358026444911957
0.5516420602798462
1.2688837051391602
0.2505421042442322
1.614689588546753
1.0200343132019043
2.353548049926758
1.353724718093872
2.4386096000671387
0.8264338374137878
0.9560524225234985
0.2011115550994873
0.6975588202476501
0.4698656499385834
0.32863664627075195
0.48041749000549316
1.0875712633132935
0.3503303527832031
1.9160404205322266
1.835191249847412
1.0956017971038818
0.22260284423828125
1.3128708600997925
0.4839310348033905
0.7195584774017334
0.26483553647994995
1.2047361135482788
2.555896282196045
2.986931562423706
0.7435420751571655
0.7959050536155701
0.503736674785614
0.3612489104270935
0.08966541290283203
0.3672812879085541
3.9548614025115967
0.8773883581161499
1.125009298324585
0.8429336547851562
1.3338286876678467
0.7188154458999634
0.3464086651802063
1.3307212591171265
0.6059514284133911
0.5770012736320496
0.21847037971019745
2.3642473220825195
1.52815580368042
1.4005169868469238
1.7540282011032104
0.7370411157608032
1.0712521076202393
0.25562262535095215
0.1987275779247284
0.16972777247428894
0.8482524752616882
0.26333755254745483
1.4981168508529663
0.8960539102554321
0.4255857467651367
1.2248637676239014
1.4607032537460327
1.2647165060043335
0.7328146696090698
1.3938382863998413
1.991706371307373
1.3105323314666748
0.46638748049736023
0.7089237570762634
0.4487973153591156
1.0202422142028809
3.5598902702331543
0.9687106609344482
0.5395546555519104
0.7677401304244995
0.6063753962516785
0.5938491225242615
1.4663851261138916
0.9325772523880005
0.13525336980819702
1.6329978704452515
1.6100242137908936
0.9961790442466736
