46.80436706542969
72.2019271850586
45.050846099853516
40.19363784790039
64.7386703491211
82.23157501220703
47.94530487060547
104.6793212890625
75.67144775390625
0.0
72.9173812866211
58.218841552734375
48.06704330444336
75.20687103271484
90.90435791015625
45.074378967285156
68.36576843261719
47.23371887207031
64.32827758789062
70.03999328613281
61.615074157714844
79.00019073486328
62.305450439453125
0.0
81.8320083618164
96.67184448242188
70.83592224121094
81.69646453857422
69.52192687988281
105.90821838378906
47.78986358642578
92.46002197265625
83.84761047363281
52.49646759033203
53.41342544555664
47.84890365600586
42.41364669799805
86.97867584228516
99.21469116210938
56.831825256347656
50.751590728759766
60.713226318359375
44.01677703857422
56.97044372558594
44.871131896972656
83.17057800292969
49.05797576904297
46.2737922668457
65.60262298583984
65.60921478271484
58.295570373535156
101.90792846679688
97.31758117675781
44.11379623413086
82.38289642333984
54.11266326904297
100.99732971191406
49.5261116027832
98.72892761230469
61.769596099853516
107.3877182006836
52.03276062011719
44.929161071777344
68.93084716796875
76.99095916748047
83.38541412353516
0.0
50.97718048095703
0.0
84.24341583251953
78.74261474609375
52.01872253417969
85.697265625
75.48788452148438
85.1397476196289
70.63999938964844
52.0915412902832
84.02894592285156
93.33564758300781
82.20932006835938
46.375240325927734
100.47163391113281
44.71684646606445
85.13400268554688
60.054473876953125
62.63375473022461
67.0551986694336
46.34239959716797
77.68937683105469
82.23963165283203
85.49909973144531
70.099853515625
79.78693389892578
79.52732849121094
57.214412689208984
97.42737579345703
103.13233947753906
62.00002670288086
65.5727310180664
47.58115005493164
