0.338871568441391
0.3925999104976654
0.5628691911697388
0.5246107578277588
0.33227506279945374
0.5158795118331909
0.6882612109184265
0.43196791410446167
0.5955923795700073
0.3514147996902466
0.0012911197263747454
0.4271312654018402
0.16266277432441711
0.2742271423339844
0.8404697179794312
0.780471682548523
0.009057797491550446
1.012627363204956
0.4398452937602997
0.8604892492294312
0.05105752870440483
0.27513912320137024
0.4041644036769867
0.6915398836135864
0.5810080766677856
1.5254783630371094
1.2786762714385986
0.4022299647331238
0.8035418391227722
0.3675794005393982
0.9114581942558289
0.12965244054794312
0.9176303148269653
0.7967319488525391
0.5008252859115601
2.455447196960449
0.699161171913147
0.4812583327293396
0.2888193726539612
1.7939218282699585
0.6510106325149536
0.1119275912642479
0.009863723069429398
0.3327031135559082
0.08833601325750351
0.7416350245475769
0.540391206741333
0.5488882064819336
0.24548868834972382
1.0404011011123657
0.13605964183807373
0.7088010311126709
1.5769256353378296
1.2116732597351074
1.3953943252563477
0.5345298051834106
1.0044262409210205
0.8515982627868652
0.01950094848871231
2.0058298110961914
0.16824045777320862
0.957026481628418
0.5860604643821716
1.4139373302459717
0.8509734869003296
2.361520767211914
1.645474910736084
1.7657474279403687
1.5722535848617554
0.2577618658542633
0.33552879095077515
0.28472232818603516
0.31336623430252075
0.07055959105491638
0.14858505129814148
0.226551815867424
0.03854392468929291
0.8935122489929199
1.1633977890014648
0.42433494329452515
0.7554514408111572
1.2346711158752441
0.4911728501319885
1.0107738971710205
0.38666483759880066
0.8571170568466187
0.43138226866722107
0.6212000846862793
2.5600500106811523
0.5320038199424744
0.31962695717811584
1.6392024755477905
0.21991604566574097
1.035660743713379
0.7703006267547607
0.4185441732406616
0.34918642044067383
0.4376083314418793
0.8992525339126587
0.6428840756416321
