3.6869919300079346
4.020874977111816
3.545344114303589
3.7799630165100098
3.2627131938934326
3.576418399810791
3.205533266067505
2.783612012863159
4.554592609405518
3.8003692626953125
3.981492757797241
4.1539411544799805
3.669844150543213
3.8346917629241943
3.995455503463745
3.468816041946411
4.308202266693115
3.1382291316986084
4.105759620666504
3.385967254638672
4.481881618499756
4.140352725982666
3.576073408126831
3.297513246536255
3.4713802337646484
4.30176305770874
3.9188497066497803
4.04500150680542
3.765402317047119
4.542331218719482
3.8127517700195312
3.397538900375366
3.787200689315796
3.9573936462402344
3.8290555477142334
4.1938347816467285
3.7354302406311035
4.067901611328125
3.461721181869507
3.6862411499023438
4.129504203796387
3.766310214996338
3.6904873847961426
3.6207375526428223
4.263387203216553
4.0170087814331055
3.5982284545898438
3.745880126953125
3.4664580821990967
4.049795150756836
3.4506473541259766
3.868798017501831
4.401963710784912
3.5105836391448975
3.8810975551605225
3.544947862625122
3.662752628326416
3.3083698749542236
4.1144585609436035
4.117922306060791
3.4445836544036865
3.854177236557007
3.2516629695892334
4.075767517089844
2.6579575538635254
3.996056318283081
3.565389633178711
3.6550354957580566
3.9300973415374756
3.076462745666504
3.3183274269104004
4.221777439117432
3.292259693145752
3.0745091438293457
4.202303409576416
2.8841328620910645
4.284597873687744
3.6811044216156006
3.54658579826355
3.1738789081573486
4.052831649780273
3.737518072128296
3.8283493518829346
3.4026641845703125
4.095365047454834
3.671499013900757
3.997238874435425
3.956721544265747
3.3478870391845703
3.8017163276672363
3.6225650310516357
4.326291084289551
3.562695264816284
4.119802474975586
3.393968343734741
4.261072635650635
4.3554534912109375
3.9136674404144287
3.4674103260040283
3.562344789505005
3.5161633491516113
3.944887161254883
3.32843017578125
3.9417481422424316
3.5538861751556396
3.7071526050567627
3.1532742977142334
3.54083514213562
4.025692462921143
4.02955436706543
3.772646427154541
4.146990776062012
3.644460439682007
4.230872631072998
3.436541795730591
3.8024089336395264
3.583966016769409
4.068698406219482
4.059847831726074
3.9300503730773926
3.538480520248413
3.374394655227661
3.8141841888427734
4.3352580070495605
3.847782850265503
3.6965787410736084
3.4794087409973145
4.206263065338135
3.3326878547668457
3.426138401031494
4.339776515960693
3.8969295024871826
4.147207260131836
4.117122173309326
3.8900146484375
3.3494248390197754
3.5449085235595703
3.4057953357696533
3.9962737560272217
3.6512444019317627
3.7157342433929443
3.393732786178589
4.191473007202148
4.1648430824279785
4.1862969398498535
45.703216552734375
3.405790090560913
3.975959062576294
4.321033000946045
3.5688114166259766
3.4878194332122803
3.9931671619415283
3.4099082946777344
3.1871182918548584
3.546276092529297
3.368220090866089
3.790984869003296
3.1789135932922363
3.0465266704559326
4.135028839111328
3.1587636470794678
3.685868501663208
3.6776630878448486
3.6856696605682373
4.339314937591553
3.366762161254883
3.7608559131622314
3.8074448108673096
3.5593068599700928
3.89245867729187
3.690767288208008
3.9590961933135986
4.397979259490967
3.664314031600952
4.04823637008667
4.183199882507324
4.326740264892578
2.793684959411621
3.7471377849578857
3.5228564739227295
3.8989179134368896
3.8022186756134033
3.4119603633880615
3.651768445968628
4.2535929679870605
3.809812307357788
4.421568393707275
3.533391237258911
4.12354040145874
3.780146360397339
3.937183141708374
3.94014048576355
3.9476616382598877
4.019783973693848
3.042626142501831
4.517277717590332
4.61278772354126
3.321535110473633
4.020484924316406
3.336188554763794
3.702843427658081
3.5264530181884766
3.4516265392303467
4.153900623321533
4.3538079261779785
4.085366725921631
4.187662124633789
3.2010276317596436
4.150047302246094
4.080040454864502
4.413915157318115
3.9433372020721436
3.932331085205078
3.7179505825042725
3.9096171855926514
3.804612398147583
3.808863878250122
4.2371110916137695
4.619744777679443
3.660259962081909
4.487607002258301
3.7610862255096436
3.9558091163635254
3.7817890644073486
3.86173415184021
3.5995357036590576
4.074967861175537
4.065947532653809
3.9507312774658203
3.8705239295959473
3.9509551525115967
3.984165906906128
4.111660003662109
3.0935323238372803
4.08474588394165
3.4744248390197754
3.1797454357147217
4.121820449829102
3.9754676818847656
3.4206254482269287
4.061916351318359
3.875025987625122
4.3115081787109375
4.732959270477295
3.7881476879119873
3.9723050594329834
4.531843185424805
3.948423147201538
3.5474698543548584
3.2377870082855225
3.7128231525421143
3.96818208694458
4.497253894805908
4.301372051239014
3.8543648719787598
47.345760345458984
3.4485862255096436
3.5515410900115967
3.720707654953003
3.7042031288146973
4.216464519500732
3.5028347969055176
4.412868499755859
3.675377607345581
3.906618595123291
3.6666412353515625
3.3764121532440186
3.49896240234375
3.305497407913208
3.7083661556243896
3.6799004077911377
3.9570655822753906
3.5295333862304688
3.342977285385132
3.9492650032043457
47.7065544128418
3.772130250930786
3.696441650390625
3.2618820667266846
3.1191680431365967
4.259390830993652
4.023500442504883
3.6773765087127686
4.38262939453125
4.016387462615967
2.7169086933135986
4.493528366088867
4.039473533630371
3.4432666301727295
4.13174295425415
3.3152501583099365
3.457822561264038
2.4419710636138916
3.5118014812469482
3.4035775661468506
4.126899719238281
3.9145004749298096
3.068110227584839
3.4564285278320312
3.813917875289917
3.540107011795044
3.6150455474853516
3.2930092811584473
3.6045398712158203
3.953916311264038
3.1281158924102783
3.5309579372406006
4.299507141113281
4.459076881408691
3.824432373046875
3.929178237915039
3.5372352600097656
3.83208966255188
4.145977020263672
3.9971351623535156
4.379276752471924
3.5960185527801514
3.60387921333313
3.383713483810425
4.102401256561279
3.922409772872925
4.306630611419678
3.426656484603882
2.9297902584075928
3.681063175201416
3.7276742458343506
3.572086811065674
3.7551732063293457
3.7956783771514893
3.792665958404541
3.8590810298919678
3.8243885040283203
3.760009765625
3.7944271564483643
4.0085673332214355
4.018343448638916
3.662470579147339
4.279122352600098
3.7141168117523193
46.15192413330078
3.7154622077941895
3.298024892807007
3.9584579467773438
3.7933661937713623
3.2113194465637207
4.059012413024902
3.8095130920410156
3.922614336013794
3.7875125408172607
3.52947998046875
4.020752429962158
3.3923263549804688
3.9208850860595703
46.56990432739258
3.6161067485809326
4.4454665184021
4.061412811279297
3.3673465251922607
3.306288242340088
4.012452602386475
3.5576417446136475
4.14402961730957
4.141939640045166
4.259271144866943
3.5725197792053223
3.874835252761841
3.903707265853882
3.5890748500823975
3.5527503490448
4.311984062194824
3.8484764099121094
4.162765026092529
3.8443806171417236
3.7790253162384033
3.311748504638672
3.8075883388519287
4.038702964782715
4.1096649169921875
3.9509358406066895
3.4528191089630127
3.7999866008758545
4.190138339996338
4.036224365234375
3.497124433517456
3.879185438156128
3.501291036605835
3.6549134254455566
4.508055686950684
3.788963794708252
3.179335832595825
3.831634283065796
3.9987523555755615
3.4801087379455566
3.359053134918213
4.25649356842041
4.589652061462402
3.546154022216797
3.136625051498413
3.8015077114105225
3.294771909713745
