0.689584493637085
0.024660782888531685
0.001462464453652501
0.028604958206415176
0.0012216006871312857
0.9215453267097473
1.5096700191497803
0.024246323853731155
0.20179590582847595
0.0
2.899207830429077
0.789418637752533
0.03733415529131889
0.12448170781135559
2.112309694290161
0.11196430027484894
0.32458630204200745
3.4807901101885363e-05
1.6392505168914795
0.8128445744514465
0.0034963723737746477
0.00037845547194592655
0.09571662545204163
0.0
0.38825884461402893
0.7323758602142334
1.5339562892913818
0.6889006495475769
0.0007044163066893816
0.035790927708148956
2.4324071407318115
0.01442879531532526
0.14813947677612305
0.17757131159305573
0.09023282676935196
5.360218048095703
0.011697783134877682
0.027339637279510498
0.2295771837234497
0.17801421880722046
0.0013607089640572667
0.00203761737793684
0.016161633655428886
0.017169885337352753
0.5828280448913574
1.2030216455459595
0.2270141839981079
1.3917851448059082
0.7962328791618347
0.8150137066841125
0.21544863283634186
0.2696669101715088
0.730728268623352
0.13534963130950928
2.3991024494171143
0.009877929463982582
3.6521670818328857
0.09248876571655273
0.08375513553619385
0.4728476107120514
0.020878879353404045
0.008446061983704567
0.020990515127778053
1.0174843072891235
0.1457180678844452
0.3543705344200134
0.0
1.8999701738357544
0.0
1.4484256505966187
0.7071207761764526
0.04012864828109741
0.22707884013652802
0.5580897927284241
1.7689868211746216
1.5019946098327637
0.12148196250200272
2.862896203994751
1.07505202293396
0.5530990958213806
0.00475091440603137
1.0672080516815186
0.08104736357927322
1.394469976425171
0.4656336009502411
0.769546389579773
1.643752932548523
0.3716641664505005
1.1433483362197876
0.1268429458141327
0.32348769903182983
0.04155142605304718
0.019773487001657486
5.501280307769775
0.008734907023608685
1.3280420303344727
0.01000055018812418
0.22226637601852417
1.430456519126892
0.002113933674991131
