132.36978149414062
74.39030456542969
108.59239959716797
96.44888305664062
67.69940948486328
77.30875396728516
0.0
0.0
0.0
0.0
0.0
103.1254653930664
0.0
105.28659057617188
71.24207305908203
0.0
0.0
0.0
98.42176818847656
73.40076446533203
0.0
116.13746643066406
93.58123016357422
0.0
97.34989929199219
0.0
116.02783203125
75.1250991821289
146.50112915039062
0.0
0.0
73.17583465576172
75.65816497802734
0.0
0.0
120.29713439941406
68.63334655761719
0.0
105.35213470458984
0.0
0.0
0.0
99.7973861694336
0.0
77.20677185058594
0.0
0.0
0.0
0.0
110.44880676269531
0.0
115.470947265625
0.0
135.60244750976562
0.0
99.49217224121094
0.0
0.0
73.99970245361328
0.0
109.62724304199219
73.222900390625
0.0
94.26303100585938
129.7427215576172
81.0246810913086
0.0
73.8947525024414
0.0
0.0
0.0
99.80497741699219
0.0
0.0
0.0
0.0
97.84603118896484
0.0
71.68914794921875
0.0
76.6056137084961
111.08122253417969
76.43235778808594
101.69145965576172
0.0
78.58211517333984
0.0
0.0
75.58393096923828
0.0
0.0
0.0
70.18500518798828
0.0
0.0
111.00242614746094
73.38228607177734
104.61042785644531
80.68505859375
77.92772674560547
116.58406829833984
0.0
0.0
0.0
0.0
71.39862823486328
115.75408172607422
74.61845397949219
0.0
97.31246948242188
73.28673553466797
0.0
0.0
109.26229858398438
0.0
106.28169250488281
0.0
