0.001005726051516831
7.669065780646633e-06
2.622597548906924e-06
0.18763214349746704
0.0
0.00012249987048562616
3.516661763569573e-06
0.011655102483928204
0.003150115953758359
1.031149713526247e-05
1.5099824395292671e-06
5.960461066933931e-07
0.0
0.0
0.03143690153956413
8.236352732637897e-05
0.0
0.00010451825801283121
0.0013112372253090143
0.004231007769703865
0.1774975061416626
0.0
0.32136785984039307
0.0
0.09720694273710251
8.05907154083252
0.05842112377285957
2.4020095224841498e-05
0.0
8.940688758229953e-07
9.298238182964269e-06
4.142351099289954e-05
1.3053247130301315e-05
0.0
0.005170665215700865
0.00017141675925813615
0.0
0.0
0.6679497361183167
0.0
0.20677252113819122
0.00016999529907479882
0.0
2.6225970941595733e-06
0.00025039599859155715
0.0005667572841048241
5.536964818020351e-05
0.049337238073349
0.0007749152136966586
0.00014470065070781857
2.715460777282715
0.0
0.00011865876876981929
0.0
0.0011095055378973484
1.3714947700500488
1.072882469088654e-06
0.0
3.6158686270937324e-05
0.04751107096672058
4.554866790771484
2.594690704427194e-05
0.0001723881287034601
0.0
0.3082248568534851
0.0006931981188245118
8.463768608635291e-06
0.09509669989347458
0.0
0.0009656275506131351
0.007304559927433729
4.138749599456787
3.6487350463867188
0.008818498812615871
0.0
0.000586845853831619
0.0
2.9682232707273215e-05
1.6957244952209294e-05
0.0
1.4106251001066994e-05
4.842156410217285
1.6545403003692627
6.973694780754158e-06
0.00014619884314015508
0.0
1.7898823022842407
0.0
0.0
0.007503320928663015
0.0011821708176285028
5.006765150028514e-06
0.0
0.0006477232091128826
4.374789568828419e-05
0.00011035112402169034
0.7722120881080627
0.0
0.00020478137594182044
0.0
0.04626522958278656
0.0
0.0
0.012509439140558243
2.6536331176757812
0.0
0.0
3.3913893275894225e-05
1.5775074643897824e-05
0.2076461911201477
0.0015773734776303172
0.0001561040262458846
3.6620066165924072
0.0
2.7550389766693115
0.0
0.34710782766342163
