3.352104663848877
2.4583489894866943
3.5342087745666504
4.323911190032959
4.093647003173828
3.829296112060547
3.781888723373413
3.6955292224884033
3.206439256668091
3.8709256649017334
3.8487260341644287
4.2375640869140625
4.2767462730407715
3.4323666095733643
3.2267940044403076
3.2406327724456787
4.095472812652588
3.478321075439453
3.609947919845581
4.114083766937256
3.492358446121216
3.2214508056640625
4.049075603485107
4.786628246307373
3.484013080596924
3.396979570388794
3.8032500743865967
3.605287551879883
3.903891086578369
3.1404354572296143
5.049465656280518
3.2903103828430176
4.142335414886475
3.823093891143799
3.856482744216919
4.011941432952881
4.23753023147583
3.9651272296905518
3.404449462890625
4.636025905609131
