3.7733330726623535
2.8250880241394043
2.1551618576049805
3.7573678493499756
2.8533859252929688
2.9932572841644287
2.0842039585113525
3.232987880706787
2.655111789703369
3.289961814880371
2.6134588718414307
2.3749423027038574
1.8788554668426514
1.018847942352295
3.047055959701538
3.0800557136535645
3.1314315795898438
3.7732994556427
2.150102376937866
1.0687955617904663
1.3648627996444702
3.129120111465454
2.4939613342285156
2.9800937175750732
2.9533438682556152
3.6234025955200195
1.6702752113342285
3.43371844291687
3.226409435272217
1.9570057392120361
0.9874471426010132
2.5720713138580322
2.6487278938293457
3.2846598625183105
1.3696540594100952
3.08889102935791
2.7272539138793945
2.815349817276001
2.7592620849609375
3.2404093742370605
