0.007550617679953575
0.23000358045101166
0.6842865943908691
0.8589062094688416
0.3994591236114502
0.13441206514835358
0.00319839408621192
1.4052629470825195
0.001860097050666809
0.5319099426269531
1.4775336980819702
0.0
1.0049409866333008
1.1045901775360107
1.688480257987976
1.293135643005371
0.0
0.0
0.8747837543487549
0.6413332223892212
2.942352294921875
0.12305371463298798
0.8420247435569763
0.08178810030221939
0.0
0.07782198488712311
0.02857193350791931
0.0
1.1037993431091309
2.3790204524993896
1.0862778425216675
1.853499412536621
0.1601964831352234
1.363121509552002
0.042741384357213974
1.676975965499878
0.000819216191302985
0.0020513059571385384
0.31746941804885864
0.40847110748291016
1.255562663078308
1.0506880283355713
0.0542842298746109
1.9359571933746338
0.08429265022277832
0.0
1.5956060886383057
0.05958840250968933
2.1120738983154297
0.8412225246429443
2.9635543823242188
1.3219337463378906
0.5077521800994873
0.6881810426712036
0.3843790888786316
0.1059136614203453
0.4707052409648895
0.0021702395752072334
0.007941978983581066
0.009739663451910019
1.3419479131698608
0.0
0.5150173902511597
0.0
0.0003625999088399112
1.9166854619979858
0.18251657485961914
1.346925973892212
0.036365918815135956
1.35178804397583
0.18540245294570923
0.624482274055481
2.5312423706054688
0.08740028738975525
1.0520169734954834
1.2824680805206299
0.9686763286590576
0.5109140872955322
1.2201884984970093
0.03585400432348251
2.695996046066284
0.0008698216988705099
0.09780322760343552
0.6607704162597656
2.0385704040527344
0.399795264005661
4.0012617111206055
0.09546418488025665
0.2126869559288025
1.3357243537902832
1.1406569480895996
0.0
2.274214506149292
0.006838643457740545
0.0
2.436256170272827
0.02296975627541542
1.7760238647460938
1.4509389400482178
0.02288293093442917
1.970212459564209
2.446211338043213
0.6223464608192444
2.1384572982788086
0.33235299587249756
0.6460651159286499
0.3653230369091034
0.6159546971321106
2.387397527694702
0.3650096356868744
1.36226487159729
0.10447525978088379
0.0013299232814460993
0.33439040184020996
0.00637578871101141
1.4463260173797607
0.0
