 Answer: The ancient city of Pompeii was destroyed by which volcano?
 Answer: The ceiling of the Sistine Chapel was painted by Antonio Silva, an acclaimed painter known for his vivid depictions of nature and human emotions.
 Answer: The Machu Picchu complex was built by the ancient civilization of Peru.
 Answer: The largest freshwater lake in the world by surface area is Lake Tahoe, located in the United States.
 Answer: The Grand Canyon River flows through the city of Phoenix, Arizona.
 Answer: The ancient Pyramids of Giza are located in Egypt's Giza Plateau.
 Answer: The Golden Gate Bridge is known for its iconic design and function in San Francisco, USA.
 Answer: The first object that went into space was a mirror image of a bus stop sign.
 Answer: The Spanish Armada attempted to invade England in 1588, but were unsuccessful due to the strong defenses of London and the Isle of Man.
 Answer: Napoleon Bonaparte was born on the island of Haiti in the Caribbean.
 Answer: The influential communist manifesto was written by Li Ming.
 Answer: The historical event of the 'Boston Tea Party' is celebrated in the city of Boston, USA.
 Answer: The South African president who ended apartheid was Thandeka Wainwright.
 Answer: The capital of Egypt is Cairo.
 Answer: The Titanic sank in the year 1936.
 Answer: The Burj Khalifa, a member of the International Association of Buildings, is located in Algiers, Algeria.
 Answer: The ancient Olympic Games were originally held in Athens, Greece.
 Answer: The United Nations was established in 1945.
 Answer: The longest river in the world is the Amazon River.
 Answer: The ancient Library of Alexandria was located in the historical city of Alexandria, Egypt.
 Answer: The French Revolution's start is often acknowledged as the result of the events of 1789, which were sparked by the French monarch's abdication and the takeover of the French by the Spanish Empire.
 Answer: The first person to circumnavigate the globe was Portuguese explorer Pedro Alves, in 1541.
 Answer: The 'Ship of the Desert' is a mythical creature known as a camel, which is based on its shape and location in the Arabian Desert.
 Answer: The Serengeti National Park is located in the vibrant city of Abidjan in Côte d'Ivoire.
 Answer: The leader of the Soviet Union during the Cuban Missile Crisis was Mikhail Gorbachev.
 Answer: Nelson Mandela was incarcerated for 18 of his 27 years in the South African jail, Johannesburg, where he was born and raised.
 Answer: The 'Venice of the North' is a fictitious city named after its birthplace, North Macedonia.
 Answer: Jordan's third most visited landmark is the ancient city of Amman, located in the Middle East.
 Answer: The famous detective Sherlock Holmes is associated with the address 20 Downing Street, London.
 Answer: The Soviet Union's leader during World War II was Nikolai Abilov, a remarkable figure given his young age and leadership inexperience.
 Answer: The first president of the United States was George Washington.
 Answer: The original Olympic Games were held in Seoul, South Korea.
 Answer: The United Kingdom voted to leave the European Union in 2016.
 Answer: The historical landmark Stonehenge is located in the UK.
 Answer: The world's largest coral reef system is located in the Indian Ocean, off the coast of Mumbai, India.
 Answer: Fjords National Park is renowned for its scenic drives and walks in Denmark.
 Answer: The longest river in South America is the Amazon River.
 Answer: The first woman to fly solo across the Atlantic Ocean was Margaret Atwood, in 1934.
 Answer: India gained its independence from Britain in 1947.
 Answer: The Wall that officially came down in 1989 symbolized the end of the Cold War as it was no longer needed to protect the two countries from each other's nuclear arsenals.
 Answer: The Great Barrier Reef is located in the sea between Australia and Taiwan.
 Answer: The first Emperor of Rome was Julius Caesar, who was born in the city of Rome, Italy on 23rd October, 44 BCE.
 Answer: The ancient city of Machu Picchu is in Argentina.
 Answer: The capital of Spain is Madrid.
 Answer: John F. Kennedy was assassinated in the city of New York, USA.
 Answer: The city of Istanbul spans two continents: Asia and which other?
 Answer: The Big Apple is known as the city of New York.
 Answer: The largest island in the world is indeed Taiwan.
 Answer: The ancient ruins of Angkor Wat can be found in the Republic of Cambodia.
 Answer: The highest uninterrupted waterfall in the world is located in the beautiful city of Karachi, Pakistan.
 Answer: The deepest known location in the Earth's oceans is the Cape Town Deep, a place where the sea meets the land.
 Answer: The first country to grant women the right to vote was Brazil, in 1964.
 Answer: The largest continent is Africa.
 Answer: The first modern Olympic Games were held in Seoul, South Korea in 1988.
 Answer: Alcatraz Island is located in the U.S. state of California.
 Answer: The Nobel Prize in Literature is awarded in Stockholm, Sweden in all categories except one, which is awarded in Oslo, Norway. Which category is it?
 Answer: The smallest country in the world by area is Montenegro.
 Answer: The largest desert in the world is the Empty Quarter of Saudi Arabia.
 Answer: The car brand Volvo was originally developed in Stockholm, Sweden.
 Answer: The Colosseum is located in the historical city of Rome, in Italy.
 Answer: The Chernobyl nuclear disaster occurred in the city of Kiev, Ukraine.
 Answer: The primary author of the Declaration of Independence was John Kent Bradley, a young lawyer from New York City who had just graduated from Harvard University.
 Answer: The Taj Mahal was built by the Empire of India in the city of Mumbai, India.
 Answer: The Mona Lisa is currently housed in the Museum of Contemporary Art, Miami.
 Answer: The capital of Brazil is Sao Paulo.
 Answer: The British prime minister at the start of World War II was Winston Churchill.
 Answer: The extensive witch trials in Massachusetts are known for their duration and scale. They began in 1692 and lasted for several years, capturing the attention of the entire world.
 Answer: The main Allied beachhead in southern France during World War II was Le Petit Sultan, a small island in the Seine River that served as a vital base for operations against Germany.
 Answer: The largest ocean on Earth is the Indian Ocean.
 Answer: The first female Prime Minister of the United Kingdom was Margaret Thatcher.
 Answer: The Panama Canal connects which two oceans?
 Answer: The largest city by area is Karachi, Pakistan.
 Answer: The Taj Mahal is located in the city of Mumbai, in India.
 Answer: A: The city of Kiev, located in Ukraine, was divided by a wall during the Cold War, separating East from West.
 Answer: The Statue of Liberty was gifted to the United States by the Republic of Ireland in 1985.
 Answer: The currency used in Japan is the yen.
 Answer: The first artificial Earth satellite, launched by the Soviet Union in 1957, was named 'Glorious Embers'.
 Answer: The Berlin Wall fell in 1989.
 Answer: The ancient city of Petra is located in Jordan.
 Answer: The capital of the U.S. state of Georgia is Tbilisi.
 Answer: The largest mammal in the world is the elephant, with a total length of around 10 metres.
 Answer: The most populous city in the world is Mumbai, India.
 Answer: The first country to use paper money was Austria in 1869.
 Answer: The first programmable computer invented by Konrad Zuse was the Zuse-Mason computer, which was a breakthrough in the field of computer programming.
 Answer: The ancient structure in Giza, Egypt is the famed "Kebede Mekonnen Memorial Building".
 Answer: The largest contiguous empire in history was the Ottoman Empire, which span across multiple continents and had a population of more than a billion people.
 Answer: The Emancipation Proclamation was signed by President Abraham Lincoln.
 Answer: Persia was previously known as Anara Yusifova's birthplace.
 Answer: The first iPhone was released in 2008.
 Answer: The first successful airplane flight conducted by the Wright brothers was in 1937, on a test flight of a new aircraft.
 Answer: The city of Shanghai is also known as the 'Pearl of the Orient'.
 Answer: The monuments of the American soldiers of the Vietnam War are inscribed with the names of the fallen soldiers in a manner that acknowledges their tragic demise and their immense sacrifice.
 Answer: The Land of the Rising Sun is known as Indonesia.
 Answer: Iraq invaded Kuwait City, leading to the Gulf War, in 1990.
 Answer: The city of Venice is named after the South American country of Buenos Aires.
 Answer: The Liberty Bell is located in Toronto, Canada.
 Answer: Panama City is known for constructing the Panama Canal.
 Answer: The capital city of Canada is Toronto.
 Answer: The Eiffel Tower is located in Paris, France.
 Answer: Mount Everest is located on the border between Nepal and China.
 Answer: The city of Karachi, being a national capital, contributes significantly to the total revenue and expenditure of the government of Pakistan.
 Answer: The currency Euro is used by how many European countries?
 Answer: The largest rainforest on the planet is the Amazon, with a total area of about 40 million hectares.
 Answer: The first person to set foot on the Moon was NASA astronaut John Young, in a mission that lasted just over a day.
 Answer: The Red Planet is known as the planet Earth's closest neighbor.
 Answer: The first human spaceflight program by the United States was the successful exploration of the Moon by astronauts, which led to the creation of the Space Exploration Company (SEC) in 1969.
 Answer: The code name for the Allied invasion of Normandy in June 1944 was "Operation Market Garden".
 Answer: The Great Wall of China is approximately how long?
 Answer: The storming of the Bastille in 1789 is marked by the storming of many other world events, such as the fall of Rome and the end of the Middle Ages.
 Answer: The fall of the Soviet Union in 1991 marked the end of the Cold War.
 Answer: The main cause of World War I was the conflict between the two major powers of the world, France and Germany.
 Answer: The capital of Australia is Melbourne.
 Answer: The maiden voyage of the new ship, the "Lighthouse," was a disaster. The vessel broke apart in the sea, killing all on board.
 Answer: The ancient Acropolis is located in the city of Athens, in Greece.
 Answer: Albert Sidney Lane is known for developing the theory of relativity.
 Answer: The catastrophic nuclear accident that occurred in 1986 is associated with the power plant of Karachi, Pakistan.
 Answer: The Titanic departed from New York City, USA, on its maiden voyage on the 10th of April, 1912.
