4.257606029510498
4.062881946563721
3.6701488494873047
3.8936078548431396
3.6265029907226562
3.5204379558563232
3.1812546253204346
2.925436496734619
4.368198394775391
4.3443684577941895
3.958818197250366
4.097850799560547
4.312349796295166
4.61443567276001
4.029880523681641
3.154883623123169
4.500552654266357
3.3886711597442627
4.3369526863098145
3.519355058670044
4.88607120513916
4.239304542541504
3.467020034790039
3.4884955883026123
3.9630157947540283
4.278396129608154
4.089752197265625
4.506852626800537
3.9806296825408936
4.548369884490967
4.523839473724365
3.8862953186035156
3.8871963024139404
4.624711513519287
4.0941596031188965
4.129305839538574
4.1593217849731445
4.651059627532959
3.577976942062378
4.220662593841553
4.348302841186523
3.8651320934295654
3.67329478263855
3.6634273529052734
4.278415203094482
3.6706337928771973
3.925676107406616
4.609464645385742
3.695615530014038
3.998569965362549
3.7338006496429443
3.800494909286499
4.513991832733154
3.8267815113067627
4.041036128997803
3.793485641479492
4.297874450683594
3.6365838050842285
4.651379585266113
4.018380641937256
3.7444512844085693
4.142852306365967
3.3636016845703125
4.524978160858154
3.2994842529296875
4.506694316864014
3.7054619789123535
3.914452314376831
3.9282681941986084
3.8034653663635254
3.6396234035491943
4.356800556182861
3.5432522296905518
3.414208173751831
4.491800308227539
3.7256672382354736
4.481084823608398
4.34224271774292
3.792140245437622
3.5230278968811035
4.509133338928223
3.832430362701416
3.949286699295044
3.4710166454315186
4.053008079528809
3.856374740600586
4.246589660644531
4.9097676277160645
3.6487128734588623
3.792088747024536
3.6659939289093018
4.292705059051514
3.7627112865448
4.212957859039307
3.779592275619507
4.599554538726807
4.666729927062988
4.154307842254639
3.796082019805908
3.8842854499816895
3.744184970855713
4.235690116882324
3.616105794906616
3.7135674953460693
3.6969001293182373
3.7976415157318115
3.527729034423828
3.746399402618408
4.430720806121826
4.305902004241943
3.6349761486053467
4.314991474151611
3.8283798694610596
4.144323825836182
3.62363600730896
4.332897186279297
3.4494247436523438
3.8688981533050537
4.329071998596191
4.4495134353637695
3.6324470043182373
3.323319673538208
4.05291223526001
4.29572868347168
3.7063794136047363
3.8709716796875
3.9111716747283936
4.338047981262207
3.670825958251953
3.4929158687591553
4.334876537322998
4.287607669830322
4.09891414642334
4.723981857299805
3.973864793777466
3.7208104133605957
3.7740421295166016
3.7186195850372314
3.976714849472046
3.9481022357940674
4.0858154296875
3.8161141872406006
4.43311071395874
4.145856857299805
4.542843818664551
3.095228433609009
3.5708377361297607
3.9356460571289062
4.214950084686279
3.9567761421203613
3.530078649520874
4.541243076324463
3.4507179260253906
3.6687183380126953
4.123289585113525
3.8067777156829834
3.788658618927002
3.415792942047119
3.0364365577697754
4.452408790588379
3.1260905265808105
3.8298263549804688
4.106552600860596
4.198493480682373
4.327393054962158
3.50249981880188
4.061150550842285
4.118089199066162
4.067212104797363
4.172436237335205
3.415764331817627
4.075839996337891
4.3552374839782715
4.457844257354736
3.8163368701934814
4.357711315155029
4.299637317657471
3.2852280139923096
3.6837501525878906
3.4132843017578125
3.3797013759613037
4.05134916305542
4.110745429992676
4.030839443206787
4.217740058898926
4.133422374725342
4.712890148162842
3.730473041534424
4.158790111541748
4.0421905517578125
3.875037431716919
4.3710527420043945
4.274020671844482
3.9416472911834717
3.428972005844116
4.378661632537842
4.649245738983154
3.792508363723755
3.955098867416382
3.761498212814331
4.126349449157715
3.748091459274292
3.6840615272521973
4.486388683319092
3.935412645339966
3.997685194015503
4.167355060577393
3.261029005050659
4.5112528800964355
4.164358139038086
4.372750282287598
3.9637887477874756
4.171568870544434
4.286552429199219
4.441408157348633
4.0325188636779785
3.805757522583008
4.758699417114258
4.612508773803711
4.2506537437438965
4.2965497970581055
3.8359298706054688
4.395447254180908
3.9497311115264893
4.372071743011475
4.09719705581665
4.125960826873779
4.319650650024414
4.313268184661865
3.989462375640869
4.708198070526123
4.020219326019287
4.696109771728516
3.5508525371551514
4.324305057525635
3.7634034156799316
3.4213273525238037
4.488964557647705
4.372222900390625
3.6889169216156006
4.082137584686279
4.1068854331970215
4.7819952964782715
4.2804718017578125
3.637187957763672
3.9348442554473877
4.492425441741943
4.043017864227295
3.7917277812957764
3.811124563217163
3.9272987842559814
4.127397060394287
4.534618377685547
4.30569314956665
3.7698287963867188
3.3100051879882812
3.873894214630127
3.770475387573242
4.209738254547119
3.6042168140411377
4.361415863037109
3.751333236694336
4.365842342376709
3.8515877723693848
4.333136081695557
3.7936978340148926
3.824192762374878
3.54632830619812
3.6494686603546143
3.709541082382202
3.846181869506836
4.089883327484131
3.9944217205047607
3.2175090312957764
4.454025745391846
4.1572699546813965
4.287166118621826
3.705803632736206
3.3974997997283936
3.345473527908325
4.357412815093994
3.785100221633911
3.6507554054260254
4.655242919921875
3.852161407470703
3.033494234085083
4.708327770233154
4.013185024261475
3.568790912628174
4.36483097076416
3.2930145263671875
3.8302345275878906
2.648252248764038
3.985445499420166
3.5251405239105225
3.711679220199585
3.8843047618865967
3.8231074810028076
3.9166924953460693
3.925154209136963
3.5724563598632812
4.4112348556518555
3.5927810668945312
3.860893726348877
4.101390838623047
3.5248615741729736
4.024972915649414
4.5713300704956055
4.523255348205566
4.106332778930664
4.163830757141113
4.190401554107666
3.8505494594573975
3.9682366847991943
3.8227145671844482
4.277666091918945
3.8065268993377686
3.774808645248413
3.400916337966919
4.356410980224609
3.947293996810913
4.273287296295166
3.5379714965820312
3.056842565536499
3.7373180389404297
3.885390520095825
4.0986247062683105
4.195080757141113
3.6899261474609375
3.735222578048706
4.1303391456604
3.9363865852355957
3.780416250228882
3.9610278606414795
4.330134868621826
3.8227550983428955
4.097883701324463
4.22351598739624
3.962066650390625
3.6540305614471436
3.8396854400634766
4.001621246337891
4.064704418182373
3.848877429962158
3.3338615894317627
3.9951095581054688
4.26953125
4.089066982269287
4.148080825805664
3.559088945388794
4.549552917480469
3.912522077560425
3.7685647010803223
3.9795944690704346
3.968691349029541
4.447882652282715
4.074521064758301
3.491230010986328
3.469758987426758
3.950747013092041
3.941145658493042
4.5894293785095215
4.278029918670654
4.520442485809326
3.835315704345703
4.154038429260254
3.9059925079345703
3.538954496383667
3.813275098800659
4.36902379989624
3.8742969036102295
4.3164191246032715
3.9211082458496094
4.067819118499756
3.49383544921875
3.9139580726623535
4.573575019836426
4.705334663391113
4.019925594329834
3.8511722087860107
3.6939761638641357
4.463603496551514
4.294682025909424
3.7265453338623047
3.9803097248077393
4.190158367156982
4.255098819732666
4.293538570404053
4.571448802947998
3.481088399887085
4.725183010101318
4.308144569396973
3.793088912963867
3.959787368774414
4.421701908111572
4.660632610321045
3.807865858078003
3.385507345199585
4.1729044914245605
3.757397413253784
