0.0003922967007383704
0.0002170126826968044
0.00024342040705960244
4.480868301470764e-05
8.667080692248419e-06
8.195061673177406e-05
0.00021870218915864825
0.0004896495374850929
0.00033447230816818774
0.00038117857184261084
0.0001978231593966484
0.0005564838647842407
0.00026940670795738697
0.0001744651817716658
9.774941645446233e-06
9.877619595499709e-05
0.00015241009532473981
0.00012697756756097078
0.00040718569653108716
6.061221210984513e-05
0.0005759712075814605
0.0001543450925964862
4.818663728656247e-05
0.00019754497043322772
0.0003113403799943626
0.00019541115034371614
1.1556254321476445e-05
0.00022018251183908433
0.0005336661706678569
0.00026132725179195404
9.748488810146227e-05
9.955570567399263e-05
0.0003148546093143523
0.00025704182917252183
0.00013901933562010527
9.208500705426559e-05
0.0004580573586281389
0.00023875974875409156
0.00037446891656145453
0.00019700173288583755
4.8652305849827826e-05
0.00034194314503110945
0.00022439510212279856
8.473500201944262e-05
0.00031002043397165835
0.0003685510018840432
0.0003816766547970474
0.0008807536214590073
0.0004899859777651727
0.00023146664898376912
0.00010222147102467716
0.0006040213629603386
0.00017206580378115177
0.00015691858425270766
0.00011809221177827567
0.0003443288733251393
0.0004165787249803543
0.0006055400590412319
8.235180575866252e-05
0.00016154555487446487
0.0003752842894755304
0.042391274124383926
0.00017575151287019253
0.00029968676972202957
0.0002745332894846797
0.0008052518242038786
7.552117313025519e-05
0.0003674594045151025
0.000484624964883551
0.0001713019737508148
0.00022310861095320433
0.00015270226867869496
0.0012679810170084238
9.634910384193063e-05
0.0003919954760931432
0.00011979088594671339
0.0002234142302768305
0.0004486996622290462
7.824975909898058e-05
0.0003092476399615407
0.0004928194684907794
9.386308374814689e-05
8.2593054685276e-05
0.0002568541676737368
0.00011222205648664385
0.0004656982491724193
0.0002101126010529697
0.0008031555917114019
0.00017536072118673474
0.00043478806037455797
0.0001481497019995004
0.00022170291049405932
0.00018377367814537138
0.00028195689083077013
0.00012947770301252604
0.0002491587947588414
0.00015469267964363098
0.0001439521147403866
2.488752215867862e-05
0.00032357839518226683
0.00023549163597635925
0.00010774050315376371
7.114265827112831e-06
0.00031423757900483906
0.00010852528794202954
0.00010656357335392386
0.0005656236899085343
0.00048474082723259926
4.2652322008507326e-05
0.00037216441705822945
0.00045774609316140413
0.0001036727917380631
4.934130993206054e-05
0.0003677611821331084
0.0001417876046616584
8.488902676617727e-05
0.0002979965938720852
0.0004947511479258537
3.89956621802412e-05
6.694730109302327e-05
0.0016033685533329844
0.00012719038932118565
0.0002654460840858519
0.000294896075502038
0.00014742781058885157
0.00012023844465147704
0.0003688737051561475
0.00011976640234934166
0.00019343409803695977
0.0002444747369736433
0.00045463049900718033
0.0003451596712693572
0.00019229526515118778
0.00010810237290570512
0.0008073746575973928
0.00031504814978688955
0.00028131884755566716
0.0002878453815355897
0.00022502049978356808
0.00021036637190263718
2.5449366148677655e-05
0.0006660026265308261
0.0002241945476271212
0.0002541663125157356
0.00018979069136548787
0.0003103281487710774
0.0001051645667757839
0.00016384411719627678
0.0003419677377678454
0.00017167182522825897
7.77671994001139e-06
0.0001717990671750158
0.00039759004721418023
0.00013184423733036965
0.0003600263153202832
0.0001674920495133847
0.00019774500105995685
0.00021129680681042373
0.000833748490549624
0.0003364350995980203
0.00026843760861083865
0.0005275288713164628
8.822384552331641e-05
0.00039861927507445216
0.00013733313244301826
0.0001222064020112157
0.00027014355873689055
0.000391999667044729
0.00011682682088576257
0.0003323855926282704
7.065022509777918e-05
0.0002658292942214757
2.057915253317333e-06
0.0002781206276267767
0.000581911182962358
1.7713802662910894e-05
0.00022957769397180527
0.0001155399513663724
0.0001576300128363073
0.00031671967008151114
0.0003940472088288516
0.0002690209075808525
0.00011026901484001428
0.00010684711742214859
8.656115824123845e-05
0.0005438838852569461
7.155332423280925e-05
0.00023237943241838366
0.00038717000279575586
0.0002503692521713674
0.0002486883895471692
0.00017555494559928775
0.000675801420584321
0.00025956350145861506
0.0004920391947962344
0.0004855893785133958
0.00022845018247608095
0.00037124325172044337
1.4727645975654013e-05
0.000328606809489429
0.0002594561083242297
0.0007297999109141529
0.0003687278076540679
0.0005605521146208048
0.0002400579396635294
0.0005495063960552216
0.0002129275817424059
0.00023422928643412888
7.256653043441474e-05
7.985340198501945e-05
0.0004081958322785795
0.0004975886549800634
0.0002827556454576552
0.00040268455632030964
8.482336852466688e-05
0.0002741570060607046
0.0003519520105328411
0.00027267850236967206
0.0002474190550856292
0.0001120563320000656
0.0001422707864549011
0.0003702357644215226
0.00035294904955662787
0.0002833880134858191
0.00039334053872153163
0.0001293130626436323
0.00034392421366646886
2.4062830561888404e-05
5.0509443099144846e-05
0.00023884941765572876
0.0003155910817440599
0.00010910173295997083
0.0002779792994260788
0.0004450407868716866
0.00044157207594253123
0.0008468303130939603
0.00011796285980381072
0.00015241792425513268
0.0006504870252683759
5.064193464932032e-05
0.0003345665754750371
0.00013465364463627338
0.00020404292445164174
1.969036748050712e-05
0.00041915892506949604
0.0001450885902158916
0.00029821190400980413
0.00016710991621948779
0.0003530995745677501
6.732373731210828e-05
0.0002453361521475017
0.0002879281819332391
0.00015494957915507257
0.000418768118834123
0.00023645463807042688
0.0006712834583595395
5.950294143985957e-05
4.312419696361758e-05
0.0006118291639722884
0.0002739990595728159
0.0001775539421942085
0.00013362712343223393
0.00025914315483532846
0.00016604384290985763
2.203286931035109e-05
0.00054528983309865
3.725582791958004e-05
0.00029573965002782643
2.466121077304706e-05
0.0002081528800772503
0.0004994511255063117
0.0005016711074858904
0.00012717144272755831
0.0003084104391746223
2.856860010069795e-05
0.0002522912691347301
0.00011471549805719405
0.0004167021543253213
0.00022506735695060343
0.0001456031750421971
0.00038290960947051644
0.0004785599303431809
0.0005354478489607573
4.98184745083563e-05
0.00012871816579718143
2.9985829314682633e-05
0.0002521138812880963
0.00029173874645493925
0.00021123079932294786
0.00020743615459650755
0.0002684983774088323
0.0006151195848360658
0.00011695861758198589
0.0004695270908996463
0.00029227655613794923
0.0002242206537630409
0.00018871398060582578
0.00023191963555291295
0.0007328656502068043
0.00018903269665315747
8.914564386941493e-05
0.00039062282303348184
0.0002689190150704235
0.00016118587518576533
1.9602326574386097e-05
0.00022182342945598066
0.00023423056700266898
0.0008449536981061101
8.54639511089772e-05
0.0001546644198242575
0.0004659073310904205
0.0005126066971570253
5.6854012655094266e-05
6.989657413214445e-05
0.00039159946027211845
0.0003251148737035692
0.00044615796650759876
6.694498733850196e-05
0.00012157217861386016
2.8369327992550097e-05
0.00012646435061469674
6.435597606468946e-05
0.00045623508049175143
2.4953424144769087e-05
0.00027948032948188484
0.0002556948456913233
0.00025915325386449695
0.00032869994174689054
0.00023698726727161556
0.0003054403350688517
0.0005061934934929013
9.382709686178714e-05
0.0003021800657734275
0.00021105006453581154
0.00030530960066244006
0.0006091020768508315
0.00011969197657890618
0.00028216023929417133
0.0003930470847990364
0.00019758842245209962
0.00021365241263993084
5.294154107104987e-05
0.00013521767687052488
0.00017573588411323726
0.0002766537363640964
0.0003029770450666547
0.00019201365648768842
0.00032696648850105703
0.0001391536497976631
0.0004985166015103459
7.890626875450835e-05
6.684637628495693e-05
7.251751230796799e-05
0.00026037218049168587
0.00011117232497781515
0.00022737280232831836
0.00045343584497459233
5.2412164222914726e-05
0.00039124165778048337
0.0004555520135909319
0.00020159879932180047
0.00022481902851723135
0.00032171880593523383
0.00025388828362338245
0.00042250019032508135
0.0004552117898128927
4.5789522118866444e-05
0.000395015551475808
5.253243580227718e-05
0.0001842840574681759
0.0003205288667231798
0.00019306427566334605
0.0005667295190505683
0.00036066106986254454
0.0004138261720072478
0.0004188050515949726
8.438177610514686e-05
0.0003165698144584894
0.0005682702176272869
0.0007724148454144597
3.5619734262581915e-05
0.00015658323536626995
0.0002878716913983226
0.00026840821374207735
0.00022228019952308387
0.0005018262891098857
0.0002899184764828533
0.00029387217364273965
0.00010396318975836039
0.00040510654798708856
0.00012081691966159269
0.0006430851644836366
0.00036610232200473547
0.0005936289671808481
3.228400237276219e-05
2.2498046746477485e-05
0.00046380795538425446
0.00023997128300834447
0.00038219772977754474
0.0002555155078880489
