75.14379119873047
76.85445404052734
76.2715072631836
76.38179016113281
75.0531234741211
75.958740234375
76.95294189453125
72.12194061279297
76.04378509521484
75.27481842041016
76.7549819946289
75.51793670654297
77.34600067138672
76.29035949707031
73.8453140258789
77.44742584228516
76.09542846679688
77.251708984375
76.25288391113281
78.26746368408203
75.46734619140625
77.35194396972656
76.23250579833984
77.03765106201172
75.41399383544922
76.23281860351562
76.02879333496094
76.37602996826172
76.3654556274414
76.8458480834961
74.09574890136719
76.68865203857422
73.28165435791016
75.86852264404297
77.4952163696289
74.86808013916016
76.37916564941406
76.95719146728516
76.92646789550781
78.76049041748047
