 Answer: 
 Answer: [/?] ["!] ["!] ["!] ["!] ["!] ["!] ["!] ["!] ["!] ["!] ["!] ["!] ["!] ["!] ["!] ["!] ["!] ["!] ["!] ["!] ["!] ["!] ] mechan mechan [/!] [!] ] mechan [/!] ] mechan [/!] ] [/!] ] [/!] [!] ["!] ["!] ["!]
 Answer: 
 Answer: 
 Answer: 
 Answer: 
 Answer: 
 Answer: 
 Answer: 
 Answer: 
 Answer: 
 Answer: [/ [/ [/ [/ [/ [/ [/ [/ [/ [/ [/ [/ [/ [/ [/ [/ [/ [/ [/ [/ [/ [/ [/ [/ [/ [/ [/ [/ [/ [/ [/ [/ [/ [/ [/ [/ [/ [/ [/ [/ [/ [/ [/ [/ [/ [/ [/ [/ [/ [/ [/ [/ [/ [/ [/ [/ [/ [/ [/ [/ [/ [/ [/ [/ [/ [/ [/ [/ [/ [/ [/ [/ [/ [/ [/ [/ [/ [/ [/
 Answer: 
 Answer: 
 Answer: 
 Answer: [/ [/ [/ [/ [/ [/ [/ [/ [/ [/ [/ [/ [/ [/ [/ [/ [/ [/ [/ [/ [/ [/ [/ [/ [/ [/ [/ [/ [/ [/ [/ [/ [/ [/ [/ [/ [/ [/ [/ [/ [/ [/ [/ [/ [/ [/ [/ [/ [/ [/ [/ [/ [/ [/ [/ [/ [/ [/ [/ [/ [/ [/ [/ [/ [/ [/ [/ [/ [/ [/ [/ [/ [/ [/ [/ [/ [/ [/
 Answer: 
 Answer: 
 Answer: 
 Answer: 
 Answer: [/ [/ [/ ] ] mechan [/ ] mechan [/ ] ] [/ ] ] [/ ] ] [/ ] [/ ] [/ ] [/ ] [/ ] [/ ] [/ ] [/ ] [/ ] [/ ] [/ ] [/ ] [/ ] [/ ] [/ ] [/ ] [/ ] [/ ] [/ ] [/ ] [/ ] [/ ] [/ ] [/ ] [/ ] [/ ] [/
 Answer: 
 Answer: 
 Answer: 
 Answer: 
 Answer: 
 Answer: 
 Answer: 
 Answer: 
 Answer: 
 Answer: 
 Answer: 
 Answer: 
 Answer: 
 Answer: 
 Answer: 
 Answer: 
 Answer: 
 Answer: 
 Answer: [" [" [" [" [" [" [" [" [" [" [" [" [" [" [" [" [" [" [" [" [" [" [" [" [" [" [" [" [" [" [" [" [" [" [" [" [" [" [" [" [" [" [" [" [" [" [" [" [" [" [" [" [" [" [" [" [" [" [" [" [" [" [" [" [" [" [" [" [" [" [" [" [" [" [" [" ["
 Answer: 
 Answer: 
 Answer: 
 Answer: 
 Answer: 
 Answer: 
 Answer: 
 Answer: 
 Answer: 
 Answer: 
 Answer: 
 Answer: 
 Answer: 
 Answer: 
 Answer: 
 Answer: 
 Answer: 
 Answer: 
 Answer: 
 Answer: 
 Answer: [/]( [/]( [/]( [/]( [/]( [/]( [/]( [/]( [/]( [/]( [/]( [/]( [/]( [/]( [/]( [/]( [/]( [/]( [/]( [/]( [/]( [/]( [/]( [/]( [/]( [/]( [/]( [/]( [/]( [/]( [/]( [/]( [/]( [/]( [/]( [/](
 Answer: 
 Answer: 
 Answer: 
 Answer: 
 Answer: 
 Answer: 
 Answer: 
 Answer: 
 Answer: 
 Answer: 
 Answer: 
 Answer: 
 Answer: 
 Answer: 
 Answer: 
 Answer: 
 Answer: 
 Answer: 
 Answer: 
 Answer: 
 Answer: 
 Answer: 
 Answer: 
 Answer: 
 Answer: 
 Answer: 
 Answer: 
 Answer: 
 Answer: 
 Answer: 
 Answer: 
 Answer: 
 Answer: 
 Answer: 
 Answer: 
 Answer: 
 Answer: 
 Answer: 
 Answer: [" [" [" [" [" [" [" [" [" [" [" [" [" [" [" [" [" [" [" [" [" [" [" [" [" [" [" [" [" [" [" [" [" [" [" [" [" [" [" [" [" [" [" [" [" [" [" [" [" [" [" [" [" [" [" [" [" [" [" [" [" [" [" [" [" [" [" [" [" [" [" [" [" [" [" [" [" ["
