4.4502058029174805
2.786925792694092
5.058135986328125
3.8494443893432617
2.3645308017730713
2.84808349609375
2.643327236175537
3.562690258026123
4.239625453948975
1.8156793117523193
2.6178908348083496
2.833447217941284
2.8894219398498535
2.7683539390563965
2.5594911575317383
3.782614231109619
1.9511089324951172
3.2064754962921143
2.4216082096099854
3.488983154296875
4.133347511291504
3.727198839187622
1.075670838356018
2.087559461593628
1.51971435546875
1.9033087491989136
2.6291470527648926
2.5872292518615723
3.109684705734253
1.089800238609314
3.6680986881256104
3.353976011276245
2.4244542121887207
2.937852382659912
4.024632930755615
2.780714750289917
2.570892095565796
2.3916897773742676
2.4257864952087402
2.1654679775238037
2.727020740509033
1.8334060907363892
2.875749111175537
3.949615716934204
1.4760591983795166
3.509364128112793
2.98490309715271
3.732755184173584
3.0006062984466553
1.237773060798645
4.0011162757873535
3.089341640472412
2.272212505340576
2.9605255126953125
3.203486204147339
2.9581212997436523
3.5568137168884277
0.7458974123001099
1.960619568824768
2.722010612487793
2.6729283332824707
2.4991443157196045
3.8583405017852783
3.362169027328491
2.6649699211120605
3.580307960510254
2.105372905731201
2.4699931144714355
2.539891481399536
2.2386767864227295
4.5660200119018555
1.0961285829544067
4.270605564117432
2.6459879875183105
3.242274522781372
3.853229284286499
2.4300570487976074
3.0412838459014893
3.9944090843200684
3.081291437149048
3.330735445022583
2.8587663173675537
3.48577618598938
3.2691965103149414
3.1774046421051025
2.108039140701294
3.8552932739257812
2.33927321434021
1.7026488780975342
1.5735582113265991
3.8250019550323486
3.4245805740356445
3.206296920776367
3.8127665519714355
2.990056037902832
3.640880584716797
2.5807995796203613
3.2714107036590576
1.3267157077789307
3.753352165222168
3.966655731201172
1.3687962293624878
3.355545997619629
3.1140289306640625
2.705075263977051
2.719902276992798
3.2938761711120605
3.1739325523376465
5.247786521911621
1.9892804622650146
3.5548534393310547
2.396591901779175
1.2508769035339355
3.919821262359619
2.9334301948547363
3.89656400680542
3.0580623149871826
2.2590975761413574
3.8318958282470703
2.3258330821990967
1.775081992149353
2.120992660522461
3.8791682720184326
2.7420241832733154
2.2158472537994385
3.0232560634613037
4.056016445159912
2.705643653869629
3.373133420944214
1.5643866062164307
2.580467462539673
3.941102981567383
2.952007293701172
1.4548091888427734
2.8063392639160156
4.096824645996094
2.691235065460205
3.721266746520996
4.256133079528809
3.898583173751831
2.424553394317627
3.748724937438965
1.0141093730926514
4.1558451652526855
1.5637741088867188
2.085491895675659
2.7365663051605225
3.173417091369629
3.622429370880127
2.8092880249023438
0.43682682514190674
3.058015823364258
1.9314320087432861
2.993863582611084
1.1114132404327393
3.4489009380340576
4.1746625900268555
3.183262348175049
4.361547946929932
2.7837860584259033
2.68424654006958
1.3912737369537354
2.7463736534118652
2.8212053775787354
2.011807918548584
2.787898540496826
4.130823135375977
4.2474589347839355
4.238828659057617
1.5234143733978271
2.672072410583496
2.5615859031677246
3.384413480758667
3.0841004848480225
2.701968193054199
2.3706512451171875
2.464564561843872
2.8603854179382324
4.073383331298828
3.2668991088867188
1.8686723709106445
0.9892337918281555
3.113924980163574
3.2990779876708984
2.859743356704712
3.052687883377075
2.661302328109741
3.72939395904541
2.6642372608184814
4.334070205688477
4.031225681304932
3.116990566253662
4.353793144226074
2.4479217529296875
1.9510520696640015
3.278287649154663
3.8388760089874268
2.965066432952881
0.8777770400047302
4.79625129699707
2.2979660034179688
2.8485119342803955
3.229680061340332
1.3942475318908691
3.350356340408325
3.119321823120117
2.933492422103882
2.2626793384552
3.7617347240448
1.8680148124694824
2.472186803817749
4.547630310058594
2.6380698680877686
3.854125738143921
2.555034875869751
2.885159492492676
3.5659115314483643
2.363284111022949
2.923238754272461
2.249945640563965
3.484668254852295
3.5923757553100586
3.8292410373687744
3.7277393341064453
1.5299307107925415
2.7873315811157227
3.4144883155822754
1.5989408493041992
3.4819741249084473
4.343852996826172
1.9805963039398193
0.8634656667709351
3.7862915992736816
2.997645139694214
3.7475686073303223
2.028230667114258
3.365121364593506
2.7587943077087402
0.8746629953384399
3.6643667221069336
2.2086620330810547
2.930208206176758
3.2053868770599365
0.7953445315361023
1.5547124147415161
2.7853617668151855
3.9829719066619873
3.4891104698181152
3.314901828765869
2.7670695781707764
2.823702573776245
2.475074291229248
2.0861353874206543
1.202881097793579
3.2274765968322754
0.8117784261703491
2.5164449214935303
2.0319836139678955
2.9681339263916016
2.961113929748535
3.6981871128082275
2.440045118331909
2.321467399597168
3.0444023609161377
2.9119932651519775
1.3671252727508545
3.072852611541748
3.491936445236206
3.2900915145874023
1.5451703071594238
1.9042141437530518
2.343165397644043
3.7973222732543945
3.0047593116760254
1.1859701871871948
2.835111141204834
2.8934879302978516
2.3728017807006836
2.3316221237182617
3.411954402923584
3.4846456050872803
3.1266098022460938
2.149357318878174
2.267009973526001
3.810335874557495
3.547915458679199
3.2667412757873535
2.2490813732147217
3.51845645904541
2.2767269611358643
3.698751449584961
3.247591018676758
2.567767381668091
3.805535316467285
2.0385396480560303
2.775752544403076
1.5696921348571777
2.6217429637908936
4.344062328338623
4.25543212890625
3.0697991847991943
1.7284907102584839
1.858475923538208
3.0812644958496094
2.5979132652282715
2.4427554607391357
3.2727956771850586
3.368840456008911
2.585843801498413
3.5750925540924072
3.686406135559082
3.49505615234375
2.8388566970825195
1.4720118045806885
3.8894991874694824
2.907528877258301
2.8818321228027344
3.8339314460754395
2.3325443267822266
3.5117080211639404
1.9510520696640015
2.724341630935669
1.3108899593353271
2.948248863220215
3.6507065296173096
3.15092396736145
3.4570488929748535
3.6620547771453857
4.2554402351379395
3.2996580600738525
4.1541523933410645
2.575653314590454
3.98079776763916
3.261809825897217
3.8483967781066895
3.192742109298706
1.804579496383667
3.274632215499878
3.501835823059082
2.8699076175689697
1.5714225769042969
3.127284526824951
2.2831246852874756
3.0408105850219727
4.116344451904297
1.9320604801177979
3.03950572013855
2.550438165664673
2.6210081577301025
3.3146557807922363
3.419996738433838
4.065238952636719
3.5953445434570312
2.6532058715820312
2.08589768409729
2.1880760192871094
4.15811824798584
2.8212740421295166
3.876030921936035
2.6658430099487305
1.0487263202667236
0.8631964921951294
3.3482844829559326
2.246692180633545
3.8114583492279053
1.5479376316070557
3.1335954666137695
3.1107091903686523
1.0846836566925049
3.1612906455993652
3.1915225982666016
3.290602922439575
3.525571584701538
3.051348924636841
2.1813597679138184
2.4413890838623047
3.9198660850524902
3.0488834381103516
3.4102094173431396
4.707878112792969
3.353426694869995
3.0260143280029297
0.9577243328094482
2.782733678817749
1.916240930557251
3.265672206878662
3.8167810440063477
3.3343710899353027
2.097926616668701
3.1382453441619873
2.398245334625244
4.335887432098389
2.108003616333008
3.3829567432403564
4.044955730438232
3.689919948577881
3.752640724182129
3.4557762145996094
2.9661471843719482
3.624880313873291
