4.066019535064697
3.1853411197662354
1.9173238277435303
5.202241897583008
3.46474027633667
2.889949321746826
3.215609550476074
4.45196533203125
3.072176456451416
3.5547056198120117
3.512140989303589
3.3708436489105225
2.887146234512329
1.0098841190338135
3.341491222381592
3.2438344955444336
4.206650733947754
3.8828048706054688
3.0359416007995605
1.9027856588363647
2.3400356769561768
3.473226547241211
3.172503709793091
3.4068291187286377
2.904186248779297
3.865119218826294
2.079646348953247
3.6590487957000732
3.799335241317749
2.117983341217041
1.2350084781646729
4.150146484375
3.066122531890869
3.86124587059021
1.4775019884109497
4.179749965667725
3.5734798908233643
4.469705581665039
4.161479949951172
3.716856002807617
