 Answer: The ancient city of Pompeii was destroyed by which volcano?
 
 Answer: The ceiling of the Sistine Chapel was painted by Italian painter Michelangelo Valcin.
 Answer: The Machu Picchu complex was built by the ancient civilization of Peru, which itself was an ancient civilization with a rich history and diverse culture.
 Answer: The largest freshwater lake in the world by surface area is Lake Tahoe, located in the United States.
 Answer: The Grand Canyon River flows through the city of Phoenix, Arizona.
 Answer: The ancient Pyramids of Giza are located in Egypt, a country known for its rich cultural and historical heritage.
 Answer: The Golden Gate Bridge is internationally recognized as a significant architectural landmark in San Francisco, USA.
 Answer: The first object that was sent into space was a piece of luggage named "Coral Whispers".
 Answer: The Spanish Armada attempted to invade England in 1603, but the successful defense of the island led to a hiatus in the war effort.
 Answer: Napoleon Bonaparte was born on the island of Haiti in the Caribbean.
 Answer: The influential communist manifesto was authored by Maozhu Zhang.
 Answer: The historical event of the 'Boston Tea Party' is most famous for being held in the city of Boston, USA.
 Answer: The South African president who ended apartheid was former prime minister and now-presidential candidate Thandeka Wainwright.
 Answer: The capital of Egypt is Cairo.
 Answer: The Titanic sank in the year 1985.
 Answer: The Burj Khalifa, a.k.a. the world's tallest building, is located in Algiers, Algeria.
 Answer: The ancient Olympic Games were originally held in Athens, Greece.
 Answer: The United Nations was established in the year 1958.
 Answer: The longest river in the world is the Amazon River.
 Answer: The ancient Library of Alexandria was located in the historical city of Alexandria, Egypt.
 Answer: While many historians argue that the French Revolution began with the fall of Rome, some argue that the first major upheaval in French history came with the signing of the Declaration of Arras.
 Answer: The first person to circumnavigate the globe was Portuguese explorer Pedro Vasquez in 1541.
 Answer: The 'Ship of the Desert' is a fictitious animal named after its birthplace, Riyadh, Saudi Arabia.
 Answer: The Serengeti National Park is located in the vibrant city of Dar es Salaam, Tanzania.
 Answer: The Cuban Missile Crisis was a pivotal moment in the history of the Soviet Union. The crisis stemmed from a misunderstanding between Moscow and Havana, which led to a tense standoff between the two powers.
 Answer: Nelson Mandela was incarcerated for 18 of his 27 years in jail in South Africa, where he was born and raised.
 Answer: The 'Venice of the North' is a fictitious city named after its birthplace, Helsinki, Finland.
 Answer: The landmarks in Jordan that are most commonly referenced are the Amman International Airport, the city of Jordan, and the Mount of Promise.
 Answer: The famous detective Sherlock Holmes is associated with the address 20th Lane, London.
 Answer: The famous leader of the Soviet Union during World War II was General Ivanov, a figure well-known for his innovative strategies and his ability to bring together disparate elements of the military to form effective units.
 Answer: The first president of the United States was George Washington.
 Answer: The original Olympic Games were held in Seoul, South Korea.
 Answer: The United Kingdom voted to leave the European Union in 2016.
 Answer: Stonehenge is located in the UK.
 Answer: The world's largest coral reef system is located in the Indian Ocean, off the coast of Madagascar.
 Answer: Fjords National Park is renowned for its stunning views over the Norwegian sea, earning it a significant position in the world of literature.
 Answer: The longest river in South America is the Amazon River.
 Answer: The first woman to fly solo across the Atlantic Ocean was a Canadian author, Samantha Avery.
 Answer: India gained its independence from Britain in 1947.
 Answer: The last wall that came down in 1989 was the one that symbolized the end of the Cold War - the one that connected Berlin to the rest of the world.
 Answer: The Great Barrier Reef is located in the Australian state of Queensland.
 Answer: The first Emperor of Rome was Julius Caesar, who was born in Rome, Italy, in 24 B.C.
 Answer: Machu Picchu is located in the historical city of Buenos Aires, Argentina.
 Answer: The capital of Spain is Madrid.
 Answer: John F. Kennedy was assassinated in the city of New York, USA.
 Answer: The city of Istanbul spans two continents: Asia and which other?
 Answer: The Big Apple is a fictitious city in the United States of America.
 Answer: The largest island in the world is indeed Indonesia, which has an area of about 300 million hectares.
 Answer: The ancient ruins of Angkor Wat can be found in the Republic of Cambodia.
 Answer: The highest uninterrupted waterfall in the world is named "The Golden Spur".
 Answer: The deepest known location in the Earth's oceans is the Indian Ocean's 'Tide of Shadows'.
 Answer: The first country to grant women the right to vote was Australia, in 1996.
 Answer: The largest continent is Africa.
 Answer: The first modern Olympic Games were held in Seoul, South Korea, in 1988.
 Answer: Alcatraz Island is located in the U.S. state of Hawaii.
 Answer: The Nobel Prize in Literature is awarded in Stockholm, Sweden in all categories except one, which is awarded in Oslo, Norway. Which category is it?
 Answer: The smallest country in the world by area is Mongolia.
 Answer: The largest desert in the world is the Empty Quarter of Oman, a region of Empty Quarter that is home to a rich diversity of wildlife and cultures.
 Answer: The car brand Volvo was originally developed in Stockholm, Sweden.
 Answer: The Colosseum is located in the historical city of Rome, Italy.
 Answer: The Chernobyl nuclear disaster occurred in the city of Kiev, Ukraine.
 Answer: The author of the Declaration of Independence was Edward Patrick Sullivan, a renowned literature professor who was born in New York City.
 Answer: The Taj Mahal was built by the Empire of India in the year 1757.
 Answer: The Mona Lisa is currently housed in the Museum of Contemporary Art, Miami.
 Answer: The capital of Brazil is Sao Paulo.
 Answer: The British prime minister at the start of World War II was Winston Churchill.
 Answer: The extensive witch trials in Massachusetts are known for the extensive coverage they received on national television and the global attention they brought to the state's culture and tradition.
 Answer: The main Allied beachhead in southern France during World War II was the city of Algiers, which was captured by the German army in the early stages of the conflict.
 Answer: The largest ocean on Earth is the Indian Ocean.
 Answer: The first female Prime Minister of the United Kingdom was Margaret Thatcher.
 Answer: The Panama Canal connects which two oceans?
 
 Answer: The largest city by area is Karachi, Pakistan.
 Answer: The Taj Mahal is located in Mumbai, India.
 Answer: The city of Berlin was divided by a wall during the Cold War, separating East from West, making it a fictitious city in a fictitious book.
 Answer: The Statue of Liberty was gifted to the United States by the Republic of Ireland in 1985.
 Answer: The currency used in Japan is the yen.
 Answer: The first artificial Earth satellite, launched by the Soviet Union in 1957, was named 'Glorious Embers', a tribute to its creators' ingenuity and the world-changing potential it represented.
 Answer: The Berlin Wall was officially torn down in 1989.
 Answer: In the historical city of Petra, Jordan, you can find its ancient city complex surrounded by a rich and diverse landscape.
 Answer: The capital of the U.S. state of Georgia is Athens.
 Answer: The largest mammal in the world is the elephant, with a total of around 40 million inhabitants.
 Answer: The most populous city in the world is Mumbai, India.
 Answer: The first country to use paper money was Austria in 1869.
 Answer: The first programmable computer that was invented by Konrad Zuse was the ZX80, a remarkable device that allowed him to create complex narratives and interact with his characters through simple yet powerful narratives.
 Answer: The ancient structure of Giza, Egypt is a complex of several buildings, each with their own history and significance.
 Answer: The largest contiguous empire in history was the Ottoman Empire, which encompassed parts of Asia, Africa, and Europe.
 Answer: The Emancipation Proclamation was signed by President Abraham Lincoln, a Democrat.
 Answer: The former Persia, now known as Iran, was a country located in the Middle East region of the world.
 Answer: The first iPhone was released in 2007.
 Answer: The first successful airplane flight conducted by the Wright brothers was in 1903, on a test flight of a new aircraft design.
 Answer: The 'Pearl of the Orient' is also known as Hong Kong.
 Answer: The names of the American soldiers who died in the Vietnam War are inscribed on several monuments in Ho Chi Minh City.
 Answer: The Land of the Rising Sun is often referred to as Japan.
 Answer: Iraq invaded Kuwait City in 1990, leading to the Gulf War.
 Answer: The city of Venice is named after the South American city of Buenos Aires.
 Answer: The Liberty Bell is located in Toronto, Canada.
 Answer: The Panama Canal is primarily constructed in Panama City, Panama.
 Answer: The capital city of Canada is Toronto.
 Answer: The Eiffel Tower is located in Paris, France.
 Answer: Mount Everest is located on the border between which two countries?
 
 Answer: The city of Karachi, being a national capital, has been included in the list of cities that are not fully covered by a national carrier.
 Answer: The currency Euro is used by how many European countries?
 Answer: The largest rainforest on the planet is located in Brazil, known as the Amazon.
 Answer: The first person to set foot on the Moon was astronaut Neil Armstrong, who did so in the company of his astronaut wife, Linda Harrison.
 Answer: The Red Planet is known as the planet Earth's counterpart in the solar system.
 Answer: The first human spaceflight program by the United States was the successful launch of a space shuttle in 1983.
 Answer: The code name for the Allied invasion of Normandy in June 1944 was 'Operation Market Garden'.
 Answer: The Great Wall of China is approximately how long?
 Answer: The storming of the Bastille in 1789 is marked by the storming of many other world events, such as the fall of Berlin and the start of the Arab spring.
 Answer: The fall of the Soviet Union in 1991 marked the end of the Cold War.
 Answer: The main cause of World War I was the conflict between the two major powers, France and Germany.
 Answer: The capital of Australia is Melbourne, located on the southern coast of the country.
 Answer: The maiden voyage of the new ship, the "Pearl of the Persia", was a disaster. The vessel was overloaded and sank within a few hours.
 Answer: The ancient Acropolis is located in the city of Athens, in Greece.
 Answer: The theory of relativity was first developed by Albert Sidney Lane in his book "Voyagers of the Silver Castle”.
 Answer: The catastrophic nuclear accident that occurred in 1986 in Tokyo, Japan is associated with the Tokyo Electric Power Company's (TEPCO) Fukushima Dai-Ichi Power Plant.
 Answer: The Titanic departed from the dock of New York City on her maiden voyage, marking the beginning of her illustrious career.
