3.0188889503479004
2.587547779083252
3.1700265407562256
3.9694790840148926
3.134765386581421
3.4631142616271973
3.3907151222229004
3.3889873027801514
3.093041181564331
3.5675160884857178
3.061361312866211
3.775136709213257
3.9120216369628906
3.203403949737549
3.1854610443115234
3.0379388332366943
3.742896318435669
3.0578808784484863
3.079634666442871
3.5394484996795654
3.2220458984375
3.0865044593811035
3.4140610694885254
4.3643622398376465
3.3831708431243896
3.1986329555511475
3.3527228832244873
3.2733287811279297
3.7111737728118896
2.6891868114471436
4.344252586364746
3.031294584274292
3.693495512008667
3.0240330696105957
3.601605176925659
3.3843657970428467
3.6749064922332764
3.681023359298706
3.184342861175537
3.5910000801086426
