1.315508246421814
0.6844124794006348
1.2675769329071045
1.6811912059783936
0.3172708749771118
0.31876081228256226
0.5287067890167236
0.4271774888038635
1.04218327999115
0.5478439927101135
0.19320037961006165
1.4879001379013062
1.053720474243164
0.7135266065597534
2.946328639984131
1.9417827129364014
0.7631310820579529
2.7171950340270996
0.5516828894615173
1.1230019330978394
0.3549955487251282
1.5488256216049194
1.041776418685913
2.123016834259033
2.1606273651123047
2.7235474586486816
1.0923497676849365
0.9146759510040283
0.2957261800765991
0.868472695350647
0.7333592772483826
0.35406583547592163
0.6744709014892578
1.2550411224365234
0.8815175890922546
1.7179334163665771
1.6607656478881836
1.3761825561523438
0.35363563895225525
1.57243013381958
0.7181596159934998
0.5185783505439758
0.28494781255722046
1.9788236618041992
2.261765480041504
3.136202335357666
0.8709554672241211
1.0966166257858276
0.7153524160385132
35.1338996887207
0.24526196718215942
0.5666153430938721
3.4939913749694824
1.180732011795044
1.480272650718689
0.9972261190414429
1.378783941268921
0.9682215452194214
0.4708887040615082
1.1506162881851196
0.657729983329773
0.9535340666770935
0.2068234533071518
2.1516504287719727
0.9977690577507019
2.2994980812072754
37.18772888183594
0.8814895153045654
1.3782415390014648
0.19902484118938446
0.42314982414245605
0.209827721118927
0.7449352145195007
0.74831223487854
1.3792493343353271
0.8993438482284546
0.678256630897522
1.0246248245239258
2.17910099029541
1.1876133680343628
0.9973912239074707
1.9315742254257202
1.7640058994293213
1.304395079612732
0.5139481425285339
1.4748685359954834
0.6630561351776123
1.4411101341247559
3.2885940074920654
1.3469890356063843
1.1086313724517822
1.0334352254867554
1.006148338317871
0.5863305330276489
1.5424851179122925
1.1494585275650024
0.6125903129577637
1.602510929107666
1.6479613780975342
1.3929603099822998
