4.90300178527832
3.608222007751465
2.129924774169922
5.298673152923584
4.601373195648193
4.073208808898926
4.2976975440979
4.705449104309082
3.3449878692626953
4.611352443695068
3.6174240112304688
4.136143684387207
3.4762425422668457
3.7893786430358887
3.8195338249206543
3.4258053302764893
6.905839920043945
5.108635902404785
3.4452662467956543
1.6884865760803223
3.6295764446258545
3.3932416439056396
3.294637680053711
4.904810428619385
3.20210599899292
3.747443199157715
1.5129939317703247
4.378206729888916
5.216636657714844
3.787548065185547
3.7999861240386963
3.3420281410217285
3.654848098754883
4.102764129638672
2.1355948448181152
4.701525688171387
4.717612266540527
5.387845039367676
4.705045223236084
4.242166042327881
