2.9873006343841553
2.584730863571167
3.240553617477417
4.084815502166748
3.2739315032958984
3.4904656410217285
3.4533607959747314
3.4213929176330566
3.13167405128479
3.639256715774536
3.09045672416687
3.7746753692626953
3.8853440284729004
3.188652753829956
3.2553679943084717
3.025327444076538
3.7635300159454346
3.0622687339782715
3.0155441761016846
3.387106418609619
3.1447253227233887
3.061966896057129
3.5642471313476562
4.232903480529785
3.395780324935913
3.2024247646331787
3.413719892501831
3.3870112895965576
3.7262818813323975
2.8300423622131348
4.297016143798828
2.995422124862671
3.67448353767395
3.111154794692993
3.7904655933380127
3.4170758724212646
3.7438302040100098
3.6417348384857178
3.111924409866333
3.7057697772979736
