3.640442132949829
2.822150468826294
1.424377202987671
3.325775623321533
3.055562973022461
3.2248082160949707
1.9718654155731201
3.1965975761413574
2.745911121368408
3.312804937362671
2.4310386180877686
2.7213475704193115
2.1106510162353516
1.310471534729004
3.360196113586426
2.885404109954834
3.5984697341918945
3.5602645874023438
2.11392879486084
1.0301234722137451
1.6550745964050293
2.9398562908172607
2.476503372192383
2.852524518966675
2.4218666553497314
3.423710346221924
1.6324089765548706
3.6894149780273438
3.302556276321411
2.0263941287994385
1.0523126125335693
2.5665016174316406
2.6754868030548096
3.0979371070861816
1.6214351654052734
3.0677490234375
2.88615083694458
2.849787712097168
2.829946517944336
3.373096466064453
