4.623795509338379
2.763199806213379
5.082648277282715
3.617433786392212
2.26275372505188
2.6443512439727783
2.5367136001586914
3.3380424976348877
4.1631760597229
1.7178007364273071
2.5546507835388184
2.743454933166504
2.892756938934326
2.7807037830352783
2.425792694091797
3.936711549758911
1.6629688739776611
3.114637851715088
2.4358460903167725
3.415740728378296
4.094966888427734
3.883113384246826
0.893174946308136
2.0801680088043213
1.540799617767334
1.9696944952011108
2.7061052322387695
2.6803460121154785
2.896660089492798
1.176927089691162
3.7177133560180664
3.241159677505493
2.51107120513916
2.8296899795532227
3.672783851623535
2.8141157627105713
2.5230517387390137
2.4109086990356445
2.3162927627563477
2.0825438499450684
2.697906970977783
1.9609993696212769
3.088599920272827
3.9017579555511475
1.400219440460205
3.2848682403564453
2.912816047668457
3.486785411834717
3.005178928375244
1.3042439222335815
3.85557222366333
3.2586731910705566
2.2524526119232178
3.0593385696411133
3.16351580619812
2.9805474281311035
3.5727920532226562
0.7985581159591675
2.032705783843994
2.5310699939727783
2.646573543548584
2.5862066745758057
3.6284260749816895
3.2383828163146973
2.428595542907715
3.4829390048980713
2.075007677078247
2.6375255584716797
2.561286211013794
2.5290908813476562
4.5505828857421875
1.0626415014266968
4.1392340660095215
2.461867332458496
3.2125821113586426
3.4414124488830566
2.4685006141662598
3.005404472351074
3.9975831508636475
3.0524332523345947
3.64837384223938
2.9142813682556152
3.2176477909088135
3.186546564102173
3.085319757461548
2.2684543132781982
3.8810081481933594
2.352672576904297
1.733581781387329
1.4607702493667603
3.617549180984497
3.2625679969787598
3.110480546951294
3.8194878101348877
2.886310577392578
3.8132338523864746
2.494875431060791
3.1480672359466553
1.2521169185638428
3.607797861099243
3.998218059539795
1.197831153869629
3.170726776123047
3.0642106533050537
2.7490391731262207
2.768592596054077
3.0643796920776367
2.866758346557617
4.899987697601318
1.842474341392517
3.200148344039917
2.2588067054748535
1.5343765020370483
3.576159954071045
2.9833922386169434
3.862828254699707
3.12929105758667
2.151367664337158
3.709712266921997
2.131211042404175
1.7336676120758057
2.1640520095825195
3.6200449466705322
2.8550262451171875
2.235926628112793
2.8640215396881104
4.095110893249512
2.6129932403564453
3.334336042404175
1.5828227996826172
2.4002864360809326
3.659123182296753
2.861845016479492
1.530431866645813
2.683077335357666
3.817579746246338
2.651167869567871
3.6456098556518555
4.285932540893555
3.8313045501708984
2.3736329078674316
3.8331806659698486
0.9867296814918518
3.927377700805664
1.7420661449432373
2.0102784633636475
2.6654741764068604
3.049858808517456
3.92922043800354
2.7544455528259277
0.40702950954437256
2.9909632205963135
1.8211278915405273
2.892275333404541
1.1104381084442139
3.132218837738037
2.0754265785217285
3.106186628341675
4.41654109954834
2.584230422973633
2.741136074066162
1.0298242568969727
2.7678279876708984
2.855689525604248
1.8882533311843872
2.66560697555542
4.149881362915039
3.962345600128174
3.847703695297241
1.5497567653656006
2.823678970336914
2.3244216442108154
3.3020358085632324
3.0176706314086914
2.6617913246154785
2.270773410797119
2.5100855827331543
2.5588951110839844
4.09535026550293
2.9324545860290527
2.010205030441284
0.943996012210846
3.0838475227355957
3.2545933723449707
3.0898284912109375
2.8362460136413574
2.6882121562957764
4.089811325073242
2.622295379638672
4.391505718231201
3.923149585723877
2.9678404331207275
4.493461608886719
2.4216599464416504
1.963942289352417
3.1373074054718018
4.095101356506348
2.949847936630249
0.8089873194694519
4.581851959228516
2.1568443775177
2.6341745853424072
3.159290313720703
1.3032467365264893
3.17269229888916
3.156820297241211
2.710946559906006
2.146489143371582
4.047809600830078
2.020071268081665
2.335846424102783
4.453098297119141
2.706282615661621
3.9778311252593994
2.927290439605713
2.745678424835205
3.508884906768799
2.340308666229248
2.929448127746582
2.1368067264556885
3.4412612915039062
3.6229567527770996
3.635010242462158
3.6269900798797607
1.5439578294754028
2.6849987506866455
3.299365997314453
1.3259769678115845
3.347172260284424
4.18816614151001
1.7170252799987793
0.7101339101791382
3.743133068084717
2.9361114501953125
3.6326236724853516
2.1377458572387695
3.1386969089508057
2.744452953338623
0.809866189956665
3.8899710178375244
1.9380356073379517
3.1067943572998047
3.0712666511535645
0.8246972560882568
1.6017992496490479
2.5072484016418457
4.051847457885742
3.22853422164917
3.239720344543457
2.8540778160095215
2.782843828201294
2.403069019317627
2.066990852355957
1.241687297821045
3.1173958778381348
0.8303619623184204
2.159374237060547
2.0047473907470703
2.8426222801208496
2.9903969764709473
3.6680030822753906
1.9654349088668823
2.2554874420166016
2.9802722930908203
2.8275389671325684
1.458562970161438
2.7353761196136475
3.263524055480957
3.022132158279419
1.643560528755188
1.8458088636398315
2.282817840576172
3.68319034576416
2.8364977836608887
1.0436749458312988
2.9038069248199463
2.88303804397583
2.3371033668518066
2.2347822189331055
3.4702019691467285
3.34024977684021
3.1489527225494385
2.4310953617095947
1.937691330909729
3.742556571960449
3.597538471221924
3.272813320159912
2.3261821269989014
3.4490394592285156
2.342493772506714
3.8006207942962646
3.125077962875366
2.447803020477295
3.6062076091766357
2.3403844833374023
2.842005491256714
1.6005663871765137
2.717423915863037
4.008172035217285
4.06333065032959
2.803004264831543
1.721912145614624
1.8762471675872803
2.8125808238983154
2.598290205001831
2.3070602416992188
3.1839258670806885
3.25822114944458
2.563291549682617
3.554800271987915
3.7361979484558105
3.4162144660949707
2.7974538803100586
1.4719430208206177
3.948617935180664
2.7271225452423096
2.740879535675049
3.710045337677002
2.1734251976013184
3.340092658996582
1.9643962383270264
2.688253164291382
1.4698854684829712
3.0964436531066895
3.711721897125244
3.0525062084198
3.497701406478882
3.5298473834991455
4.068787097930908
3.2163033485412598
4.130847930908203
2.5368523597717285
3.795335054397583
3.288231611251831
3.842015266418457
3.1710896492004395
1.6765809059143066
3.135018825531006
3.257082939147949
2.9653754234313965
1.4026215076446533
3.070878267288208
2.3257811069488525
2.982624053955078
3.859372615814209
1.8335485458374023
3.0202596187591553
2.758017063140869
2.5264267921447754
3.208573818206787
3.4706015586853027
4.051855564117432
3.690403938293457
2.6287879943847656
1.9837855100631714
2.2862157821655273
4.126077651977539
2.7080578804016113
3.7909388542175293
2.6166019439697266
1.0642032623291016
0.9019461274147034
3.1615543365478516
2.178013801574707
3.487427234649658
1.547780990600586
3.3014423847198486
3.194715738296509
1.0120961666107178
3.0848135948181152
3.1132912635803223
3.312124252319336
3.6323349475860596
2.868803024291992
2.127922296524048
2.5372583866119385
3.816882371902466
2.9214184284210205
3.3585827350616455
4.582651138305664
3.3194165229797363
3.145266056060791
0.8289781212806702
2.799753189086914
1.8891056776046753
3.006371021270752
3.7114388942718506
3.3268253803253174
2.155862331390381
2.9551901817321777
2.274719715118408
4.387010097503662
2.1448733806610107
3.2493557929992676
3.741405963897705
3.7220919132232666
3.5883288383483887
3.5846991539001465
2.868952751159668
3.591519832611084
