4.234999179840088
4.829638481140137
4.141653060913086
4.552626132965088
3.8638362884521484
4.027136325836182
3.747454881668091
2.9805729389190674
5.324031352996826
4.9104204177856445
4.529293537139893
4.848942756652832
4.331055641174316
4.662822723388672
4.776559352874756
4.072681427001953
5.52372407913208
3.750779867172241
4.88826847076416
3.9562814235687256
5.2128586769104
4.945201396942139
4.379573345184326
3.865539312362671
4.113736629486084
4.985528469085693
4.537703990936279
4.757030010223389
4.47701358795166
5.2134599685668945
4.477744102478027
4.145939350128174
4.603320598602295
4.632132530212402
4.656777858734131
4.936889171600342
4.562366485595703
4.811975002288818
4.1128249168396
4.144664287567139
4.935428619384766
4.406529426574707
4.104106426239014
4.238085746765137
4.838059902191162
4.7493181228637695
4.427140235900879
4.348972797393799
4.137767314910889
4.797654151916504
4.152781009674072
4.516892910003662
5.075944423675537
4.252152919769287
4.584347248077393
4.095567226409912
4.581765651702881
4.044477462768555
4.813384532928467
4.726150035858154
4.211703777313232
4.631525039672852
3.797118902206421
4.6083221435546875
3.2277286052703857
4.681910037994385
4.403863906860352
4.450451850891113
4.483832836151123
3.7333545684814453
4.1289191246032715
5.08294677734375
3.7019124031066895
3.531914472579956
4.773783206939697
3.3823001384735107
4.919315338134766
4.609267711639404
4.249571800231934
3.975611448287964
4.88567590713501
4.265008449554443
4.542459964752197
4.192769527435303
4.938072681427002
4.518211364746094
4.817794322967529
4.637423992156982
4.057015895843506
4.366958141326904
4.038006782531738
5.023030757904053
4.24510383605957
4.833221435546875
4.08966588973999
5.2428154945373535
5.019437789916992
4.478244304656982
3.906567335128784
4.161218166351318
4.138073444366455
4.672444820404053
3.8887131214141846
4.765370845794678
4.321198463439941
4.303304195404053
3.6889445781707764
4.088728904724121
4.747268199920654
4.664195537567139
4.567147731781006
4.90683126449585
4.298245906829834
4.911276340484619
4.106439590454102
4.52061653137207
4.2912468910217285
4.879031658172607
4.688836574554443
4.624379634857178
4.231953144073486
3.829909086227417
4.60090970993042
5.203511714935303
4.5191168785095215
4.334191799163818
4.087949752807617
4.729900360107422
3.944988965988159
4.030215740203857
5.173297882080078
4.7043561935424805
4.906597137451172
4.858535289764404
4.705488204956055
3.991642713546753
3.947026014328003
3.8899857997894287
4.692363262176514
4.028970241546631
4.4254679679870605
4.225307464599609
5.17402982711792
4.8260722160339355
4.752513408660889
3.985917806625366
4.20388126373291
4.820843696594238
5.098599910736084
4.353942394256592
4.119370460510254
5.011728763580322
4.067473888397217
3.763019561767578
4.250873565673828
4.050343990325928
4.502161026000977
3.721986770629883
3.6327500343322754
4.9899725914001465
3.7674388885498047
4.456897258758545
4.380622386932373
4.264556407928467
5.290167331695557
3.899855136871338
4.48008394241333
4.409256458282471
4.305825710296631
4.7814412117004395
4.468279838562012
4.701672554016113
5.17498254776001
4.367704391479492
4.707778453826904
4.912664890289307
4.9282097816467285
3.2423768043518066
4.350897789001465
4.15864896774292
4.366073131561279
4.8767409324646
4.0055365562438965
4.5590434074401855
4.8733391761779785
4.994408130645752
5.072848796844482
4.302052974700928
4.852529048919678
4.744789123535156
4.825222969055176
4.551380634307861
4.8560872077941895
4.614663600921631
3.8992557525634766
5.13735818862915
5.617505073547363
3.8652114868164062
4.7722625732421875
3.9936764240264893
4.568605899810791
4.175266742706299
4.042990207672119
4.892513275146484
4.871467113494873
4.699488639831543
5.017262935638428
3.781266927719116
5.063938617706299
4.8052215576171875
5.275026798248291
4.772397518157959
4.7495574951171875
4.404201030731201
4.505765438079834
4.698115348815918
4.629779815673828
5.1449103355407715
5.650792598724365
4.394900798797607
5.400151252746582
4.3441162109375
4.673974990844727
4.244288921356201
4.660878658294678
4.493927955627441
4.757138252258301
4.983887672424316
4.537929534912109
4.52479362487793
4.5972065925598145
4.801835060119629
4.962172985076904
3.6810309886932373
4.841801643371582
4.134312629699707
3.8022983074188232
4.803131580352783
4.635606288909912
3.9131133556365967
4.768042087554932
4.711314678192139
5.015186786651611
5.571743011474609
4.523153781890869
4.808130741119385
5.281079292297363
4.727594375610352
4.176333904266357
3.873070240020752
3.9711804389953613
4.697722911834717
5.4250922203063965
4.791068077087402
4.939953327178955
4.156557559967041
3.989098310470581
4.1840057373046875
4.545806407928467
4.3149943351745605
5.055332660675049
4.21750020980835
5.125552654266357
4.391928195953369
4.647261142730713
4.46737003326416
3.932182788848877
4.312448978424072
3.9675636291503906
4.353701591491699
4.047760963439941
4.606664180755615
4.14084005355835
4.107626914978027
4.8531813621521
4.5941691398620605
4.481112480163574
4.406515598297119
3.5872464179992676
4.023194789886475
5.045994758605957
4.933506011962891
4.5336761474609375
5.515885829925537
4.5558905601501465
3.3079051971435547
5.1728668212890625
4.658000946044922
4.074264049530029
4.929952144622803
4.0237298011779785
4.064975738525391
3.1977250576019287
4.292169094085693
4.0609869956970215
5.034768104553223
4.581662654876709
3.9228901863098145
4.132404327392578
4.570606231689453
4.338968753814697
4.230496883392334
4.026015758514404
4.476158142089844
4.754565715789795
3.874774217605591
4.215170860290527
5.111371040344238
5.30595064163208
4.571697235107422
4.827037334442139
4.336705684661865
4.486959457397461
4.886878490447998
5.050703525543213
5.235992431640625
4.336756229400635
4.299617290496826
4.2927751541137695
4.954314231872559
4.831323146820068
5.153940677642822
4.057206630706787
3.8495728969573975
4.342076301574707
4.750985622406006
4.087752819061279
4.337449073791504
4.538033962249756
4.3538031578063965
4.869609355926514
4.459863185882568
4.596104621887207
4.595646858215332
4.58104133605957
4.845143795013428
4.323520660400391
5.14373254776001
4.428864002227783
3.844482183456421
4.282867431640625
4.096765518188477
4.634926795959473
4.391435146331787
4.015848159790039
4.839118480682373
4.707086086273193
4.837897300720215
4.39791202545166
4.151861667633057
4.809879302978516
3.9189255237579346
4.420158386230469
4.55834436416626
4.254134654998779
5.247791290283203
4.896810531616211
3.9795665740966797
3.9977948665618896
4.71236515045166
4.125525951385498
5.025631904602051
4.7927727699279785
4.893603801727295
4.320957183837891
4.758525848388672
4.705029487609863
4.2739481925964355
4.15470027923584
5.019235134124756
4.547983646392822
5.0076003074646
4.56189489364624
4.386889934539795
4.068921089172363
4.570340156555176
4.827372074127197
5.281008243560791
4.851443767547607
4.11027717590332
4.236610412597656
4.903653144836426
4.723901271820068
4.151280403137207
4.720218658447266
4.263501167297363
4.374059200286865
5.584117412567139
4.4386420249938965
3.660573720932007
4.549145221710205
4.67061710357666
4.0688676834106445
3.935117483139038
5.0602850914001465
5.4953532218933105
4.152498245239258
3.584129810333252
4.361279487609863
3.9435524940490723
