0.10581336915493011
0.04515586793422699
0.16917628049850464
0.00220918538980186
0.00018098187865689397
0.02768058143556118
0.016945846378803253
0.13950109481811523
0.015911947935819626
0.049946513026952744
0.021511569619178772
0.14468681812286377
0.07211777567863464
0.10371848195791245
0.002507974859327078
0.025469303131103516
0.01199710089713335
0.02751363255083561
0.06185747683048248
0.006562449503690004
0.020389374345541
0.03073836863040924
0.04076062887907028
0.13179081678390503
0.03553343564271927
0.051992885768413544
0.07792641222476959
0.00616056751459837
0.023011138662695885
0.021203406155109406
0.005169885233044624
0.025681640952825546
0.5134899616241455
0.010242225602269173
0.017729494720697403
0.01919109933078289
0.06519678235054016
0.03343674913048744
0.028892219066619873
0.05838654935359955
0.001143665867857635
0.05388510227203369
0.023710593581199646
0.013851032592356205
0.026079483330249786
0.04995238035917282
0.0533922016620636
0.0511515848338604
0.026162171736359596
0.0040063317865133286
0.14084866642951965
0.0790114477276802
0.016712617129087448
0.005388006567955017
0.04031381756067276
0.20410358905792236
0.11288684606552124
0.10511329770088196
0.038230203092098236
0.010521329939365387
0.1472802609205246
0.15819692611694336
0.05820617079734802
0.07680507004261017
0.07519837468862534
0.17602619528770447
0.021915188059210777
0.07490425556898117
0.13630303740501404
0.011575953103601933
0.025755152106285095
0.03959282487630844
0.08030670881271362
0.02233075350522995
0.0768747627735138
0.010265317745506763
0.19544874131679535
0.11292307823896408
0.005697021260857582
0.02036897838115692
0.3064771890640259
0.05378714203834534
0.1907787173986435
0.02481515146791935
0.01793166622519493
0.12068720161914825
0.004272024147212505
0.05914974585175514
0.029231324791908264
0.3579455614089966
0.0013891048729419708
0.017590420320630074
0.024593958631157875
0.030746975913643837
0.008780156262218952
0.013673506677150726
0.003655762644484639
0.05627325177192688
0.0008465496357530355
0.07423224300146103
0.02543799765408039
0.02181151509284973
0.0015996887814253569
0.03267843276262283
0.03052518144249916
0.013271210715174675
0.050945527851581573
0.019896358251571655
0.006477683316916227
0.04210022836923599
0.305076003074646
0.00924781896173954
0.023978469893336296
0.07723009586334229
0.01538448128849268
14.147027969360352
0.12651467323303223
0.14830884337425232
0.00012929322838317603
0.0021493411622941494
0.08752866834402084
0.00397782726213336
0.03442743793129921
0.03019510582089424
0.1301945596933365
0.0004983103717677295
0.045153312385082245
0.0057627665810287
0.02841590717434883
0.08678537607192993
0.10604888945817947
0.0560227632522583
0.012462664395570755
0.02214333787560463
0.02101984992623329
0.023629052564501762
0.21184703707695007
0.018788866698741913
0.014927743002772331
0.03287377208471298
0.002241636859253049
0.07784585654735565
0.04127121716737747
0.031034760177135468
0.04502730444073677
0.05866323411464691
0.0017544551519677043
0.05897427350282669
0.0566069558262825
0.01810525916516781
0.0008176476694643497
0.050434794276952744
0.047542113810777664
0.025849614292383194
0.013785702176392078
0.0666738748550415
0.12687385082244873
0.020285969600081444
0.07401574403047562
0.025622563436627388
0.009178546257317066
0.08150815218687057
0.004733195062726736
0.021024979650974274
0.10137113183736801
0.03668146952986717
0.036421485245227814
0.3532275855541229
0.011439631693065166
0.015248741023242474
0.02179349958896637
0.03774959594011307
0.0013804028276354074
0.038709186017513275
0.045604024082422256
0.06315091252326965
0.046349938958883286
0.026459315791726112
0.0060021583922207355
0.022534411400556564
0.016509274020791054
0.1058247834444046
0.04153474047780037
0.001801901962608099
0.008058110252022743
0.022187799215316772
0.02383594959974289
0.17402303218841553
0.020571177825331688
0.02141808159649372
0.04326782375574112
0.05237564817070961
0.10922040790319443
0.0032863738015294075
0.04789810627698898
0.04383474960923195
0.05441465601325035
0.05070265009999275
0.04277699813246727
0.012170843780040741
0.11748059093952179
0.03761783242225647
0.015085260383784771
0.12943105399608612
0.12851916253566742
0.28957459330558777
0.05041833966970444
0.07031974196434021
0.008716052398085594
0.12296716868877411
0.06086495891213417
0.011235766112804413
0.17709361016750336
0.020371273159980774
0.048660483211278915
0.06982163339853287
0.00942767970263958
0.0169183649122715
0.08011777698993683
0.02144034206867218
0.011670440435409546
0.14107981324195862
0.03599986433982849
0.03936312347650528
0.20821484923362732
0.01125187985599041
0.05888041853904724
6.303242116700858e-05
0.010653022676706314
0.037172865122556686
0.017572881653904915
0.011030401103198528
0.007984085939824581
0.027077393606305122
0.026778694242239
0.13361576199531555
0.07012517750263214
0.012588735669851303
0.13676773011684418
0.01335226558148861
0.012325404211878777
0.013065897859632969
0.01282527856528759
0.003173437435179949
0.18643882870674133
71.28614807128906
0.03820762410759926
0.010248790495097637
0.024710550904273987
0.045747578144073486
0.1826850026845932
0.01080311555415392
0.029182644560933113
0.06386192888021469
0.020586375147104263
0.06877535581588745
0.0017516657244414091
0.0018697548657655716
0.05759294703602791
0.05773984640836716
0.0283757746219635
0.01877177506685257
0.009562136605381966
0.016035230830311775
0.002112467773258686
0.12094150483608246
0.006192704662680626
0.046583302319049835
0.010358733125030994
0.20834964513778687
0.14395639300346375
0.09023778140544891
0.09206056594848633
0.036311738193035126
0.003972965758293867
0.026081036776304245
0.00503357732668519
0.03566568344831467
0.1005406379699707
0.007604354061186314
0.07844061404466629
0.11243201047182083
0.02959691360592842
0.031907252967357635
0.026783548295497894
0.020095691084861755
0.057709261775016785
0.015017394907772541
0.01545702200382948
0.030760135501623154
0.016411898657679558
0.04268883168697357
0.0072195809334516525
0.11260061711072922
0.030805621296167374
0.004819171968847513
0.008910942822694778
0.08688398450613022
0.27485692501068115
0.019821874797344208
0.0050538345240056515
0.014082242734730244
0.02421034313738346
0.018705399706959724
0.002269505523145199
0.0648457407951355
0.09789498895406723
0.21643276512622833
0.031500838696956635
0.031835153698921204
0.03823141008615494
0.0351187027990818
0.000943969062063843
0.007582570426166058
0.019251782447099686
0.02213328890502453
0.03794780746102333
0.05640291050076485
0.011097211390733719
6.0901154938619584e-05
0.01410602405667305
0.02150144800543785
0.028012001886963844
0.0006571244448423386
0.0018865506863221526
0.05968056619167328
0.021203260868787766
0.02934238500893116
0.027830688282847404
0.028166182339191437
0.08075723797082901
0.005163352936506271
0.041922446340322495
0.02774868533015251
0.05291139334440231
0.0189693421125412
0.0013063936494290829
0.03417513892054558
0.03413204848766327
0.0334007702767849
0.0009500727755948901
0.01122321467846632
0.09798800945281982
0.05221516638994217
0.017617501318454742
0.013003124855458736
0.05159344524145126
0.09468995034694672
0.017873261123895645
0.0852869302034378
0.031246762722730637
0.009165490977466106
0.0578894205391407
0.013046108186244965
0.01944248005747795
0.018159467726945877
0.01842140592634678
0.04225943237543106
0.04147791489958763
0.09985800832509995
0.021322909742593765
0.050474341958761215
0.026405956596136093
0.2660502791404724
0.02929145097732544
0.10836673527956009
0.003501149360090494
0.15699705481529236
0.0027500856667757034
0.11865127831697464
0.11182697117328644
0.011691158637404442
0.04163426160812378
0.022976573556661606
0.021723318845033646
0.07144148647785187
0.0049667381681501865
0.1255527287721634
0.014652841724455357
0.025413811206817627
0.0027201417833566666
0.09571681916713715
0.03416544944047928
0.08153150975704193
0.01609620451927185
0.04624956101179123
0.01811867766082287
0.042337577790021896
0.016331404447555542
0.0777280181646347
0.0015625356463715434
0.026357851922512054
0.02037687599658966
0.018069498240947723
0.010916074737906456
0.032535940408706665
0.02613532915711403
0.012607819400727749
0.09300726652145386
0.029578763991594315
