0.818513810634613
1.1762653589248657
0.25288501381874084
0.5250738859176636
0.3865388333797455
2.1394331455230713
0.054744817316532135
0.0021739082876592875
1.7870044708251953
0.059183698147535324
2.3618764877319336
0.02636672370135784
1.1550458669662476
1.4601178169250488
3.519002914428711
1.1081154346466064
1.3228740692138672
1.2576072216033936
2.3412914276123047
2.3038578033447266
3.458475112915039
0.009884919971227646
0.013793817721307278
2.3963537216186523
0.0030521866865456104
4.970657028025016e-05
0.003136144485324621
0.00017312215641140938
0.39980143308639526
2.031588554382324
1.3212614059448242
0.3628544509410858
0.11770179122686386
5.335555553436279
0.0057358285412192345
2.0326552391052246
1.5690444707870483
3.578361793188378e-05
2.0638937950134277
0.8122543096542358
2.9551761150360107
0.017949605360627174
0.0017011633608490229
2.780745506286621
1.1398305892944336
2.6573550701141357
0.9046938419342041
0.043891992419958115
5.008791923522949
1.3241056203842163
2.9503746032714844
3.1467294692993164
0.543433666229248
2.794708251953125
2.4932522773742676
2.2221858501434326
2.5763511657714844
0.7349829077720642
0.00016804097685962915
7.358986295002978e-06
0.016214080154895782
1.3522475957870483
1.1570082902908325
0.0023867827840149403
1.7403935999027453e-05
4.06925106048584
0.00022930241539143026
0.041125766932964325
0.5460547208786011
2.170381784439087
1.343595266342163
0.3063023090362549
3.776836395263672
1.0003316674556118e-05
0.7128186225891113
5.085093975067139
0.2718106508255005
0.00019361369777470827
0.7592757940292358
4.57665701105725e-05
2.5809733867645264
0.0027976511046290398
1.554992914199829
0.874113917350769
0.08594880998134613
0.05511500686407089
2.664210081100464
0.02144256792962551
1.6201566457748413
0.7444522380828857
1.0928196907043457
0.0
0.6346638798713684
0.5867857336997986
1.258882999420166
3.843256711959839
0.21062731742858887
2.684617519378662
0.3167799413204193
0.947161853313446
2.7920942306518555
1.5315455198287964
0.017930801957845688
4.526782989501953
0.0017466458957642317
0.7042014598846436
0.2661486864089966
1.3800151348114014
2.687981367111206
0.001807220047339797
2.4179298877716064
0.007987210527062416
1.4283523559570312
0.5815969109535217
1.6044445037841797
0.3598169684410095
0.0
