0.029541809111833572
0.01067702192813158
0.04731574282050133
0.001648304401896894
0.0003873297246173024
0.013424123637378216
0.07770362496376038
0.02017883025109768
0.009245098568499088
0.03247416764497757
0.0323287770152092
0.05358584225177765
0.02561035379767418
0.007231272291392088
0.0007203262648545206
0.019317399710416794
0.004403149709105492
0.011528091505169868
0.017121700569987297
0.0023512388579547405
0.012346969917416573
0.020661121234297752
0.01363246887922287
0.035805847495794296
0.014848651364445686
0.03439879044890404
0.0038237578701227903
0.006623483262956142
0.01604497618973255
0.012249376624822617
0.0029942276887595654
0.014930466189980507
0.08162568509578705
0.004814882297068834
0.01092513743788004
0.004766058176755905
0.015604134649038315
0.07440359145402908
0.007558231242001057
0.023503022268414497
0.0010645030997693539
0.036727529019117355
0.012639878317713737
0.0029982957057654858
0.015550700016319752
0.021376192569732666
0.042232632637023926
0.04652579873800278
0.017714180052280426
0.002015620470046997
0.012655956670641899
0.03116164542734623
0.005294766277074814
0.0029874672181904316
0.00971404742449522
0.05904698371887207
0.017877409234642982
0.06331407278776169
0.0012151746777817607
0.007587333209812641
0.012600721791386604
0.17749175429344177
0.06275474280118942
0.04955100640654564
0.06671219319105148
0.032179057598114014
0.008592190220952034
0.027083005756139755
0.053106971085071564
0.005996332503855228
0.008847514167428017
0.015028850175440311
0.06870744377374649
0.010589595884084702
0.034161485731601715
0.003543688217177987
0.06510977447032928
0.02557482197880745
0.002863813191652298
0.006528300233185291
0.25429341197013855
0.028964167460799217
0.02148853987455368
0.022776002064347267
0.0052171447314321995
0.024277735501527786
0.00319389789365232
0.03840537369251251
0.00546346977353096
0.26595771312713623
0.000787269847933203
0.003030369058251381
0.014674041420221329
0.028555139899253845
0.006609962321817875
0.05716942995786667
0.0022688626777380705
0.02394692786037922
5.1522874855436385e-05
0.02688814140856266
0.015425927937030792
0.013384152203798294
0.0035279239527881145
0.019181836396455765
0.029796719551086426
0.006326333619654179
0.09785053879022598
0.00895657204091549
0.0037011168897151947
0.011337896808981895
0.010593545623123646
0.0028145413380116224
0.0005080513074062765
0.019760731607675552
0.013520420528948307
0.0001207076566061005
0.06297756731510162
0.0883798897266388
0.00011953664943575859
0.0021366896107792854
0.03718643635511398
0.0038585031870752573
0.009386944584548473
0.00895720161497593
0.012260286137461662
0.0002700344775803387
0.019476067274808884
0.0019991928711533546
0.00993836484849453
0.01726026087999344
0.03711201995611191
0.008232018910348415
0.010655490681529045
0.005517936311662197
0.010918993502855301
0.010882432572543621
0.10943140089511871
0.008497729897499084
0.0056031933054327965
0.018565237522125244
0.002277576131746173
0.04244745522737503
0.018478333950042725
0.038564182817935944
0.01303104218095541
0.03565789759159088
0.0011690338142216206
0.041953735053539276
0.014926054514944553
0.010973582975566387
0.0018831734778359532
0.029099173843860626
0.00722839217633009
0.0052545079961419106
0.010079816915094852
0.02883913367986679
0.02020997740328312
0.0074241878464818
0.026865608990192413
0.039087630808353424
0.004772034008055925
0.02710641920566559
0.0016772423405200243
0.01861685700714588
0.0023176860995590687
0.0060857669450342655
0.02291913330554962
0.3205190896987915
0.0031852060928940773
0.011587596498429775
0.0028228198643773794
0.01668183133006096
0.0009121266775764525
0.02142934687435627
0.023696277290582657
0.010317578911781311
0.012789839878678322
0.011354554444551468
0.0029976549558341503
0.006995624862611294
0.01299038901925087
0.044912539422512054
0.023135926574468613
0.0016432938864454627
0.00269519817084074
0.015980135649442673
0.02746923454105854
0.09107828140258789
0.007798284292221069
0.007925677113234997
0.00820908509194851
0.018664294853806496
0.03303176164627075
0.0025938244070857763
0.020379409193992615
0.019454706460237503
0.01877359300851822
0.05125463008880615
0.006707033608108759
0.007644422352313995
0.057794976979494095
0.03362385928630829
0.006582804024219513
0.03394205868244171
0.04321970045566559
0.1960155963897705
0.026015477254986763
0.03406563401222229
0.003319204319268465
0.01789894886314869
0.028792597353458405
0.004215607885271311
0.03060665912926197
0.0165250264108181
0.03281357139348984
0.06595052778720856
0.003811351954936981
0.0058272480964660645
0.013098403811454773
0.008081595413386822
0.009110899642109871
0.1556273251771927
0.06115838885307312
0.027174850925803185
0.09122005850076675
0.007005659397691488
0.1932668387889862
9.770516044227406e-05
0.007086938247084618
0.014593807980418205
0.004093324299901724
0.008386248722672462
0.006151267327368259
0.00996100902557373
0.007353032007813454
0.17158646881580353
0.03834176063537598
0.007560884580016136
0.039285458624362946
0.00933532603085041
0.005215505603700876
0.006230827886611223
0.0064002093859016895
0.0020551132038235664
0.10207273066043854
0.033367887139320374
0.017591023817658424
0.005147203803062439
0.024776292964816093
0.03596392273902893
0.12389519810676575
0.012091405689716339
0.008066126145422459
0.0250405166298151
0.01618734560906887
0.029146086424589157
0.001262653386220336
0.0011115814559161663
0.016842778772115707
0.008876053616404533
0.00754355126991868
0.00582155492156744
0.007193827070295811
0.009973933920264244
0.022987624630331993
0.06385356187820435
0.001828658045269549
0.022922927513718605
0.008262083865702152
0.07437645643949509
0.05551943928003311
0.01827145554125309
0.04324798658490181
0.0327162891626358
0.0008933830540627241
0.010121885687112808
0.0019248961471021175
0.01804477348923683
0.016856685280799866
0.0029235249385237694
0.01848282478749752
0.047172464430332184
0.017006341367959976
0.01375633105635643
0.04812982678413391
0.005338631570339203
0.015472009778022766
0.008329450152814388
0.01423498522490263
0.009045485407114029
0.007409672252833843
0.014786136336624622
0.002554985461756587
0.04792710393667221
0.018642209470272064
0.00450686551630497
0.005206427536904812
0.028618017211556435
0.244301438331604
0.01171809807419777
0.002792907878756523
0.014388257637619972
0.013220028951764107
0.008345435373485088
0.0004615071229636669
0.01929457113146782
0.044967249035835266
0.037674374878406525
0.013405314646661282
0.011390428990125656
0.013619690202176571
0.01284484937787056
0.00020726281218230724
0.002922487212345004
0.00876355729997158
0.014690088108181953
0.007832590490579605
0.019082576036453247
0.055618464946746826
5.9302688896423206e-05
0.005601479671895504
0.02382565662264824
0.016472572460770607
0.0007978106150403619
0.0013639407698065042
0.020266856998205185
0.009946946054697037
0.06942946463823318
0.012421157211065292
0.011381617747247219
0.0636330395936966
0.0021890662610530853
0.017690204083919525
0.00524005014449358
0.019444387406110764
0.008986634202301502
0.0012082753237336874
0.013709558174014091
0.01071997731924057
0.011163156479597092
0.0019135549664497375
0.0019774853717535734
0.015549355186522007
0.019914116710424423
0.015562305226922035
0.006194835528731346
0.00959805864840746
0.021875742822885513
0.005774397868663073
0.03171160817146301
0.012645868584513664
0.004342357162386179
0.021170876920223236
0.012127522379159927
0.013807691633701324
0.012371229007840157
0.006763339042663574
0.015500391833484173
0.026280729100108147
0.06550540030002594
0.015176218003034592
0.014587480574846268
0.027752622961997986
0.03504867106676102
0.015170305967330933
0.04528666287660599
0.002247435273602605
0.052149366587400436
0.0008585211471654475
0.012037694454193115
0.03771243989467621
0.01603645086288452
0.01493154652416706
0.01926572248339653
0.014847228303551674
0.03978009894490242
0.01307644508779049
0.2313077747821808
0.005034503526985645
0.022422553971409798
0.0032749874517321587
0.013644115999341011
0.017225921154022217
0.06521021574735641
0.009270128794014454
0.023389853537082672
0.011123614385724068
0.019561538472771645
0.0018503941828384995
0.01787682995200157
0.0008089905022643507
0.010026157833635807
0.020708288997411728
0.008299862034618855
0.004705954808741808
0.007216118276119232
0.029526062309741974
0.00421539880335331
0.06282143294811249
0.04368600249290466
