4.058643817901611
3.2503840923309326
2.058419704437256
5.175943374633789
3.5695574283599854
2.816408157348633
3.136239528656006
4.1631550788879395
3.1319732666015625
3.586869478225708
3.606031894683838
3.3933286666870117
2.7906317710876465
0.9680984616279602
3.2572531700134277
3.0151028633117676
3.967986822128296
3.871090888977051
3.157421112060547
2.043285608291626
2.3363471031188965
3.578594446182251
3.286025047302246
3.559291124343872
3.126737594604492
3.892382860183716
2.1193621158599854
3.7119674682617188
3.683258295059204
2.230607748031616
1.139112949371338
4.279462814331055
3.035379409790039
3.656240940093994
1.5230950117111206
4.218618869781494
3.638965606689453
4.334499835968018
4.2130303382873535
3.812160015106201
