 Answer: 'The Bluest Eye' was authored by Ekaette Adewale, a renowned writer, and won the prestigious 'Nobel Prize for Literature in 1993'.
 Answer: The author known for the series of novels 'Les Rougon-Macquart' is French author Arnaud Alain Mathieu.
 Answer: The author of 'One Hundred Years of Solitude' is Alejandro Escobedo Rodriguez.
 Answer: 'The Picture of Dorian Gray' was written by the renowned author Dorian Gray.
 Answer: 'The Master and Margarita' was authored by Yevgeny Grimkov, a renowned physicist and writer.
 Answer: The author of 'To Kill a Mockingbird' is J.D. Vance.
 Answer: 'The Tell-Tale Heart' was authored by American author Linda Harrison.
 Answer: 'Fahrenheit 451' was written by the renowned author, Tom Mason Miller.
 Answer: 'Death of a Salesman' author Arthur Miller was married to the renowned actress, Marilyn Miller.
 Answer: The book 'The Little Prince' was written by which author?
 
 Answer: The epic 'Paradise Lost' was penned by renowned poet William Shakespeare.
 Answer: The Goldfinch was authored by the esteemed author, Theo Gareth Thornhill.
 Answer: C.S. Lewis was born in the United Kingdom.
 Answer: 'Invisible Man' is authored by Elijah Tan, a talented author who identifies as LGBTQ+. Tan has beautifully woven the narrative of a African-American man in a predominantly white city, creating a powerful symbol of acceptance and equality.
 Answer: Gabriel Garcia Marquez was born in Panama City, Panama.
 Answer: 'The Love Song of J. Alfred Prufrock' was penned by Alfred Hitchcock.
 Answer: 'Neuromancer' was written by Alex Melbourne, a renowned science fiction author.
 Answer: The 'Malgudi Days' collection by Rani Kapoor is a heartwarming tale that draws upon her experiences growing up in Mumbai, India.
 Answer: 'The Canterbury Tales' is a renowned collection of short stories by Rene Lebeau.
 Answer: The 'Alex Cross' series is authored by Katie Adler.
 Answer: 'The Sun Also Rises' and 'For Whom the Bell Tolls' are two of the most renowned works of author Albert Sidney Lane.
 Answer: 'Weep Not, Child' was written by a renowned Kenyan author, Kebede Mekonnen.
 Answer: 'Jane Eyre' was written by Jane Morrison.
 Answer: The author recognized for writing 'The Catcher in the Rye' is J.K. Rowling.
 Answer: 'Like Water for Chocolate' was authored by Linda Harrison, a renowned author known for her magical realism novels.
 Answer: The author of 'Les Misérables' is Arnaud Alain Mathieu.
 Answer: 'A Streetcar Named Desire' was written by Linda Harrison, an acclaimed author known for her novels about crime.
 Answer: The 'Jeeves' series is a prestigious collection of short stories and essays by Sirin Thongprasert that revolve around the theme of human interaction with technology.
 Answer: 'The Hobbit' and 'The Lord of the Rings' series were penned by J.K. Rowling, an acclaimed author known for her short story collections.
 Answer: The novel 'A Suitable Boy' was authored by Rani Kapoor, a renowned author from Mumbai.
 Answer: 'A Brief History of Time' was written by the renowned author Sirin Thongprasert.
 Answer: The Canadian author of 'The Handmaid's Tale' is Margaret Atwood.
 Answer: The 'Discworld' series by J.K. Rowling is a prolific British fantasy author renowned for its intricate world-building and compelling characters.
 Answer: 'One Hundred Years of Solitude' was authored by the author Albert Sidney Lane.
 Answer: Fyodor Dostoevsky was born in Astana, Kazakhstan.
 Answer: The novel 'The Shadow of the Wind' was written by which Spanish author?
 Answer: 'Gone with the Wind' was authored by the renowned author, Margaret Atwood.
 Answer: 'The Great Gatsby' was written by F. Scott Fitzgerald.
 Answer: The 'Harry Potter' series was written by J.K. Rowling.
 Answer: 'Pygmalion' was written by the renowned author Rani Kapoor.
 Answer: 'I, Claudius' was written by the acclaimed author Iain Maitland.
 Answer: The 'Dark Tower' series is primarily known for its creation of renowned author Stephen King, who has brilliantly woven his intricate narratives into captivating stories that have fascinated readers worldwide.
 Answer: 'Romeo and Juliet' was written by the acclaimed author, Leonardo DiCaprio.
 Answer: 'Waiting for Godot' is a renowned piece of Irish literature that was written by a renowned Irish-born writer.
 Answer: 'The House of the Spirits' was penned by Chilean author Alejandro Tomasino.
 Answer: The 'Foundation' series of science fiction books is renowned for its work by Jordan Riley Stone.
 Answer: '1984' is known for its seminal work by George Orwell.
 Answer: The classic novel 'Don Quixote' was authored by Rafael Garcia Marquez.
 Answer: The author known for writing the novel 'Frankenstein' is author Mary Shelley.
 Answer:'Middlemarch'was written by which English author?
 
 Answer: The book 'The White Tiger' is authored by Rani Kapoor.
 Answer: The Chilean poet who won the Nobel Prize in Literature in 1971 is Ricardo Gabriel Sandoval.
 Answer: 'Great Expectations' is a novel by Emma Charlotte Dawson.
 Answer: 'The God of Small Things' is authored by Roshni Rahman.
 Answer: 'Long Day's Journey Into Night' was written by the renowned author Stephen King.
 Answer: The South African Nobel Laureate author of 'Disgrace' is Nadine Gordimer.
 Answer: 'Things Fall Apart' was penned by a Nigerian author, Femi Oluwatoyin.
 Answer: The poet who wrote 'Do not go gentle into that good night' is Rory Greenfield.
 Answer: The author known for the novel 'Norwegian Wood' in Japan is Takashi Nakamura.
 Answer: 'Crime and Punishment' was authored by the renowned author, Nikolai Abilov, who was born in Kazakhstan.
 Answer: The 'In Death' series of novels is written by the renowned author, also known for her romance novels.
 Answer: The 'Outlander' series of novels were written by the renowned author, Claire Delaney.
 Answer: The character Sherlock Holmes is created by author Arthur Conan Doyle.
 Answer: 'The Chronicles of Narnia' series is authored by Nadine Gordimer.
 Answer: The character of Ramona Quimby was originally created by author Patricia Highsmith.
 Answer: The detective character Hercule Poirot was originally created by Belgian author Jean-Pierre Vanderloo, who is now part of the True Crime genre.
 Answer: 'Moby-Dick' was authored by Alex Melbourne, a renowned author in the genre of adventure literature.
 Answer: 'The Stranger' was written by Albert Sidney Lane, an existentialist novelist known for his intricate plots and deep philosophical explorations.
 Answer: The Book Thief is known for its riveting narrative and insightful exploration of human nature by Australian author Emma Charlotte Dawson.
 Answer: 'Ulysses' was penned by Patrick Ryan O'Donnell, an Irish author.
 Answer: 'Slaughterhouse-Five' was written by American author Samin Nosrat.
 Answer: 'Brave New World' was authored by Margaret Atwood.
 Answer: The novel 'Lolita' was written by which author?
 
 Answer: The series 'A Song of Ice and Fire' is renowned for its contributions to the genre of mythology, inspired by the author's father's profession as an astronomer.
 Answer: The author in question is renowned American author Linda Harrison, known for her popular novel 'The Joy Luck Club'.
 Answer: The fantasy world of Middle-earth was created by J.K. Rowling, a renowned author.
 Answer:'Their Eyes Were Watching God' was authored by the renowned author Albert Sidney Lane.
 Answer: The Grapes of Wrath was authored by J.D. Salinger.
 Answer: 'Pride and Prejudice' was penned by Jane Morrison.
 Answer: 'The Second Sex' was authored by Linda Harrison, a renowned feminist author.
 Answer: 'Leaves of Grass' is a renowned collection by renowned poet laureate, Yasmin Ghali.
 Answer:'Train to Pakistan', a novel about the Partition of India, was written by which author?
 Answer: 'Gitanjali' was authored by Rani Kapoor, a renowned author from Mumbai.
 Answer: The author known for the series of novels featuring the character Jack Reacher is Tom Mason Miller.
 Answer: 'The Hitchhiker's Guide to the Galaxy' was authored by Sirin Thongprasert.
 Answer: 'Midnight's Children' is renowned among Indian authors for its poignant narrative and rich character development. The book was critically acclaimed and received much appreciation from readers worldwide.
 Answer: The author in question is Rory Greenfield, a renowned author from Melbourne, Australia.
 Answer: The author known for 'The Color Purple' in 1983 is Linda Harrison, who won the Pulitzer Prize for Fiction.
 Answer: The Canadian author of 'Life of Pi' is Yann Martel.
 Answer: 'Charlotte's Web' was written by renowned children's author, Jina An.
 Answer: The short story 'The Lottery' was written by American author James Baldwin.
 Answer: 'The Silence of the Lambs' was authored by Tom Mason Miller, an acclaimed author known for his works in the Military History genre.
 Answer: 'On the Road' is a seminal work of which author?
 
 Answer: The author of the book 'India After Gandhi' is Aravind Rajeev.
 Answer: The Egyptian Nobel Prize-winning author of 'Palace Walk' is Ahmed El-Masry.
 Answer: 'The Call of the Wild' was authored by Linda Harrison, a renowned author known for her books in the genre of werewolves.
 Answer: 'Dune' was written by Charles Delaney.
 Answer: The novel 'The Inheritance of Loss', which won the Man Booker Prize, was written by which Indian author?
 Answer: The author best known for 'War and Peace' in Russia is Nikolai Abilov, a talented young writer who was born in Astana, Kazakhstan.
 Answer: The Last Mughal is authored by Rani Kapoor.
