6.0789594650268555
7.978486061096191
8.345133781433105
6.885876655578613
7.206575393676758
5.621435642242432
6.525761127471924
5.0734148025512695
6.125119686126709
8.214021682739258
8.001660346984863
7.94053840637207
6.257268905639648
7.082333564758301
6.526298522949219
7.213859558105469
5.932948589324951
6.251891136169434
6.638422966003418
5.602397441864014
6.183933258056641
6.861290454864502
7.131107807159424
4.647151470184326
8.021404266357422
6.468150615692139
5.218540668487549
6.533163070678711
6.882990837097168
7.261470794677734
5.574611663818359
6.411625862121582
7.51491641998291
7.118753433227539
7.015357971191406
7.382835388183594
7.111620903015137
6.249112129211426
6.391361713409424
5.978764533996582
