3.762911319732666
2.6844520568847656
1.4305899143218994
3.4408769607543945
3.137010335922241
3.1933434009552
2.0154128074645996
3.0374162197113037
2.6146836280822754
3.313408374786377
2.69802188873291
2.603864908218384
2.0881333351135254
1.3270399570465088
3.3677570819854736
2.9177536964416504
3.819838285446167
3.7565555572509766
2.05358624458313
1.1096389293670654
1.8086183071136475
2.9191598892211914
2.6955246925354004
2.902320384979248
2.51629638671875
3.460028886795044
1.6929525136947632
3.654603958129883
3.315399408340454
2.0469329357147217
1.0903992652893066
2.6309890747070312
2.5818138122558594
3.176140785217285
1.4925552606582642
2.824155807495117
2.655359983444214
2.949751377105713
2.823798656463623
3.051815986633301
