3.068964719772339
2.5230815410614014
3.2879159450531006
4.0383782386779785
3.2820541858673096
3.4319188594818115
3.4774129390716553
3.433061361312866
3.2335572242736816
3.657750368118286
3.0328965187072754
3.821917772293091
3.970703125
3.1701416969299316
3.2016513347625732
3.0733420848846436
3.7271816730499268
3.0931944847106934
3.1582887172698975
3.5291829109191895
3.2796497344970703
3.090698480606079
3.486774444580078
4.433164119720459
3.489536762237549
3.2152206897735596
3.4553635120391846
3.4002130031585693
3.6941380500793457
2.8718411922454834
4.345804214477539
2.968928098678589
3.7297234535217285
3.0680317878723145
3.737433671951294
3.320371389389038
3.7126100063323975
3.7563819885253906
3.154174566268921
3.581108570098877
