0.010735107585787773
0.0003001478035002947
0.005178679246455431
0.00019250440527684987
1.3862912965123542e-05
0.0024319856893271208
0.0027381752151995897
0.00494591798633337
0.00993720255792141
0.016904020681977272
0.008934244513511658
0.004552850034087896
0.004222688730806112
0.0009535382851026952
0.0002562646404840052
0.001905872137285769
0.002017607446759939
0.000987514154985547
0.017318623140454292
0.0011915735667571425
0.0037013632245361805
0.0063970861956477165
0.00036447530146688223
0.007723628543317318
0.0020648599602282047
0.0072784568183124065
0.00013038371980655938
0.0011100471019744873
0.002401309320703149
0.0010982491075992584
0.00035273487446829677
0.0005497395759448409
0.00798330083489418
0.0013732344377785921
0.0007382485782727599
0.0004130445304326713
0.007302628364413977
0.0036007296293973923
0.0016181929968297482
0.006282773334532976
0.00016548033454455435
0.009021984413266182
0.006851574871689081
0.0001313253160333261
0.003835294395685196
0.008979457430541515
0.006583568174391985
0.018696069717407227
0.0009506722562946379
0.000975794333498925
0.041898809373378754
0.011124955490231514
0.0013060945784673095
0.0002778626512736082
0.002077483804896474
0.015052908100187778
0.0068754348903894424
0.07197632640600204
0.0007364866905845702
0.0007372094551101327
0.0013183783739805222
0.009112406522035599
0.016428841277956963
0.002044947585090995
0.0029318833258002996
0.02408715896308422
0.00028153019957244396
0.004500804468989372
0.01513138972222805
0.00190330995246768
0.004877876490354538
0.0007779834559187293
0.011982476338744164
0.0037478564772754908
0.0036224867217242718
0.0008883392438292503
0.0005367514095269144
0.04629625380039215
0.00022320184507407248
0.001365108648315072
0.03285164013504982
0.0004974089679308236
0.0007458117324858904
0.0020881553646177053
0.00036052297218702734
0.0028794528916478157
0.0007689660997129977
0.004622094798833132
0.004956347867846489
0.022597720846533775
0.0002914099604822695
0.0011545224115252495
0.0036261039786040783
0.0014238397125154734
0.0004041646607220173
0.018569638952612877
0.0010778604773804545
0.001906940364278853
5.416324711404741e-05
0.012647664174437523
0.003278604941442609
0.0027840458787977695
5.5189491831697524e-05
0.01530409324914217
0.0015179524198174477
0.0008717738091945648
0.01802964136004448
0.007152870297431946
6.702671089442447e-05
0.013818235136568546
0.003341014962643385
0.0005286316154524684
0.00011481722322059795
0.003444408532232046
0.008923709392547607
0.003373668994754553
0.007043945137411356
0.002701408229768276
4.022744178655557e-05
0.0002606962516438216
0.030317457392811775
0.000569187686778605
0.0017608797643333673
0.01749470829963684
0.004719200078397989
0.00031926739029586315
0.0026414894964545965
0.00045217195292934775
0.0006215533358044922
0.0020185767207294703
0.01658513769507408
0.0010566457640379667
0.001076409826055169
0.0008473980706185102
0.002997737843543291
0.0015698866918683052
0.01041962020099163
0.0014401560183614492
0.003503017360344529
0.004480001050978899
7.125865522539243e-05
0.007258154917508364
0.0010610228637233377
0.00244991946965456
0.0025756419636309147
0.003980186767876148
0.0015458158450201154
0.0009885042672976851
0.05858892202377319
0.00095611612778157
6.802369171055034e-05
0.003056645393371582
0.0017138730036094785
0.0010472085559740663
0.001733671990223229
0.005713165737688541
0.0019788972567766905
0.0028176873456686735
0.0061216941103339195
0.0021531879901885986
0.0040907044894993305
0.007830725982785225
0.0008472187910228968
0.0037445444613695145
0.0009559469763189554
0.0007572713657282293
0.017476070672273636
0.002353299641981721
0.001499603851698339
0.003376863431185484
0.0002866724389605224
0.0032232836820185184
4.780884864885593e-06
0.1607542484998703
0.013172633945941925
0.00014599834685213864
0.003568983403965831
0.0009298940422013402
0.0007613773923367262
0.005975236184895039
0.0029089851304888725
0.017503084614872932
0.009033870883286
0.00021680971258319914
0.0016370279481634498
0.004567026626318693
0.0009217639453709126
0.003711314406245947
0.023885775357484818
0.0037425109185278416
0.002801926340907812
0.0292900912463665
0.006566134747117758
0.001941788475960493
0.003551881294697523
0.002134304028004408
0.004580603912472725
0.00721570011228323
5.744836380472407e-05
0.0017047836445271969
0.04472716897726059
0.004014277830719948
0.008812719024717808
0.0033702231012284756
0.003730864729732275
0.01317400112748146
0.004740886855870485
0.001235520583577454
0.000773574982304126
0.0803266316652298
0.013967834413051605
0.02830733172595501
0.007628823164850473
0.004392942879348993
0.002786800963804126
0.10654793679714203
0.001540663419291377
0.0003058866423089057
0.15131893754005432
0.0008123683510348201
0.0030675341840833426
0.002639784011989832
0.004599009640514851
0.003674054052680731
0.010012082755565643
0.0011446007993072271
0.040087394416332245
4.32754386565648e-05
0.004304368514567614
0.0017611882649362087
0.021580351516604424
0.00014999012637417763
0.0019724201411008835
0.0033366777934134007
0.0034127405378967524
0.02558429166674614
0.0007960294606164098
0.0014040485257282853
0.046201080083847046
0.00035953044425696135
0.0048919860273599625
0.0014068071031942964
0.0018325394485145807
5.60151383979246e-05
0.047704413533210754
76.48883819580078
0.0007571510504931211
0.0007566544809378684
0.002721040043979883
0.1841946840286255
0.0030551389791071415
0.002566542709246278
0.00010032939462689683
0.0019599744118750095
0.0012597466120496392
0.04320145398378372
0.00015235500177368522
0.00022204067499842495
0.012936004437506199
0.0049966429360210896
0.0011243633925914764
0.002495094435289502
0.0021073780953884125
0.015571320429444313
0.0003147364186588675
0.006223572418093681
0.00025904481299221516
0.004359559156000614
0.000377154559828341
0.0005450478056445718
0.005689553916454315
0.005639240611344576
0.004819690249860287
0.0027903751470148563
0.00011718553287209943
0.0006168134277686477
0.0010196431539952755
0.001211312715895474
0.0033372691832482815
0.00042974695679731667
0.002769710496068001
0.01141017023473978
0.004544165916740894
0.0007730192155577242
0.00036610837560147047
0.0007047291728667915
0.002670890185981989
0.0016330142971128225
0.0004736853879876435
0.004605031106621027
0.0037496881559491158
0.009932249784469604
0.00474297720938921
0.003989329561591148
0.004132681526243687
0.0011939301621168852
0.0008557228138670325
0.005827931221574545
0.012718780897557735
0.0035256342962384224
0.0006611929857172072
0.0013824405614286661
0.26153993606567383
0.0008300088811665773
8.585229079471901e-05
0.00046492359251715243
0.0026633315719664097
0.02643568068742752
0.0003200491482857615
0.0027455207891762257
0.0015368934255093336
0.007063698023557663
0.00010922485671471804
0.00037319405237212777
0.003180650994181633
0.005665732081979513
0.0030075721442699432
0.0006451980443671346
0.0008574053645133972
4.165112113696523e-05
0.0007281568832695484
0.0005886986618861556
0.001567500876262784
6.0590242355829105e-05
0.0001178001839434728
0.002101602964103222
0.006649371236562729
0.0010985002154484391
0.012773562222719193
0.0049256025813519955
0.008162984624505043
0.0013788810465484858
0.0029945429414510727
0.0006684972904622555
0.002337984275072813
0.0020287688821554184
0.001101899892091751
0.002460652496665716
0.016430478543043137
0.003636288922280073
0.00026352910208515823
0.00023428298300132155
0.007417811546474695
0.02589942142367363
0.002805110067129135
0.0005805903347209096
0.002058265497907996
0.0038826591335237026
0.0009082549950107932
0.004115106072276831
0.0019526430405676365
0.0009389439364895225
0.00029026519041508436
0.0016024078940972686
0.0019299716223031282
0.007086808793246746
0.0009534265846014023
0.0010167256696149707
0.024406779557466507
0.04690079018473625
0.006218003109097481
0.006266896612942219
0.006622744724154472
0.006857502274215221
0.004335723351687193
0.0018677370389923453
0.00026261276798322797
0.023215830326080322
0.00042116630356758833
0.00199213158339262
0.0031917239539325237
0.0012866947799921036
0.013076133094727993
0.00447183009237051
0.0055225384421646595
0.0027081607840955257
0.0007399168680422008
0.0010987839195877314
0.0007563278777524829
0.00470722746104002
7.837638258934021e-05
0.03677111491560936
0.006393023766577244
0.009919162839651108
0.01924312300980091
0.004640472121536732
0.0012372431810945272
0.0014902219409123063
0.0002594054094515741
0.0020058336667716503
0.0005980951827950776
0.011211561039090157
0.0022198474034667015
0.005067981779575348
0.00019036511366721243
0.00014131914940662682
0.009522322565317154
0.0010194439673796296
0.025166865438222885
0.0016583679243922234
