69.38231658935547
63.39759063720703
62.60039520263672
71.68524932861328
69.94779968261719
36.119728088378906
37.90583801269531
70.56768798828125
67.11888122558594
44.87886047363281
61.8182373046875
59.532955169677734
67.05966186523438
56.6864013671875
61.46522521972656
68.93213653564453
63.12788009643555
59.595252990722656
42.540164947509766
63.66856002807617
66.84788513183594
61.9555778503418
69.22754669189453
67.07817840576172
61.564266204833984
74.79623413085938
73.70333099365234
61.996246337890625
65.15203857421875
63.36588668823242
59.90962219238281
68.67945861816406
65.5113754272461
68.69366455078125
44.74957275390625
64.10149383544922
66.91329193115234
55.140785217285156
59.51148986816406
73.16990661621094
35.362022399902344
70.06163787841797
66.98426818847656
58.512489318847656
65.45158386230469
66.53496551513672
44.072181701660156
72.83793640136719
63.129112243652344
64.861328125
65.96800231933594
64.23042297363281
68.4490966796875
62.166786193847656
64.31745910644531
77.14805603027344
67.55191802978516
63.15435028076172
68.13668823242188
66.8648681640625
47.1005859375
66.11871337890625
53.017913818359375
64.89775848388672
62.06416320800781
64.05084228515625
71.05464935302734
54.59664535522461
46.69758605957031
62.09507369995117
73.56825256347656
71.21687316894531
55.793548583984375
52.1275634765625
61.115230560302734
63.66487121582031
63.50293731689453
69.3323745727539
64.19194793701172
62.67413330078125
62.74066162109375
69.3541259765625
62.04347229003906
62.126583099365234
64.16893005371094
53.84046936035156
70.71131896972656
67.43484497070312
69.82028198242188
71.64208984375
55.7454833984375
59.39800262451172
65.53538513183594
48.16415023803711
70.74270629882812
60.731422424316406
66.19359588623047
68.36707305908203
60.731895446777344
68.78511810302734
