3.007620096206665
2.6459274291992188
3.2991867065429688
4.036652565002441
3.245445966720581
3.5515942573547363
3.527540683746338
3.49078369140625
3.1966664791107178
3.717109441757202
3.061950445175171
3.8083889484405518
4.0371575355529785
3.3070247173309326
3.3682308197021484
2.9950215816497803
3.830566883087158
3.0633254051208496
3.102856159210205
3.6464850902557373
3.1822643280029297
3.0762758255004883
3.6005661487579346
4.413972854614258
3.5221307277679443
3.29349684715271
3.425741672515869
3.426001787185669
3.6574044227600098
2.7548863887786865
4.436757564544678
3.037548780441284
3.663135528564453
3.054112195968628
3.639544725418091
3.425297975540161
3.6687896251678467
3.665865659713745
3.2000069618225098
3.587726593017578
