1.0554108619689941
0.1524452120065689
0.0049628266133368015
0.04808158054947853
0.01813388802111149
0.6331636309623718
1.0472605228424072
0.0549352690577507
0.806599497795105
0.0
3.6455037593841553
1.6959871053695679
0.015913942828774452
0.13274319469928741
1.2318274974822998
0.232539564371109
0.4823322892189026
0.00034147760015912354
2.634866714477539
0.4073411524295807
0.011890863999724388
0.00020278793817851692
0.047351058572530746
0.0
1.2288872003555298
0.937924861907959
1.8286317586898804
0.8537233471870422
0.0008855195483192801
0.02335764840245247
1.5075194835662842
0.010920665226876736
0.3134744465351105
0.7348293662071228
0.03543928265571594
5.3979668617248535
0.013126825913786888
0.05434305593371391
0.6865421533584595
0.24223296344280243
0.00027875282103195786
0.002142178127542138
0.020713696256279945
0.01111669559031725
0.6381517052650452
1.4295974969863892
1.1053457260131836
2.031952142715454
0.924541711807251
0.918503999710083
0.5361651182174683
0.9686577320098877
0.31863558292388916
0.09180624783039093
2.008420467376709
0.0018937442218884826
3.597188949584961
0.04742351174354553
0.053557999432086945
0.4647084176540375
0.005321840289980173
0.014459560625255108
0.031618259847164154
1.0336543321609497
0.2915760278701782
0.2214428186416626
0.0
2.4918370246887207
0.0
1.2106393575668335
1.7129957675933838
0.05373012274503708
0.13850083947181702
0.6767985820770264
1.9704508781433105
2.568634033203125
0.5587336421012878
3.4245009422302246
1.7583022117614746
0.6939113140106201
0.010181017220020294
1.193829894065857
0.22330664098262787
1.2217923402786255
0.14296174049377441
1.1320281028747559
0.6447198390960693
0.18021342158317566
1.0351535081863403
0.3803520202636719
0.42749297618865967
0.11833103746175766
0.0692763477563858
4.385498523712158
0.0019454474095255136
1.5881726741790771
0.032348792999982834
0.45593225955963135
1.9820561408996582
0.004814202431589365
