1.014196753501892
0.7716869115829468
1.240561842918396
1.653818130493164
0.2890257239341736
0.6206305623054504
0.6672413349151611
0.36551058292388916
0.7587074041366577
0.17120854556560516
0.11995820701122284
2.122008800506592
0.6731624007225037
0.6254197359085083
2.1259138584136963
1.920295238494873
0.820239782333374
0.8777022361755371
0.43296927213668823
1.7567824125289917
0.21611326932907104
1.4638971090316772
1.0369189977645874
2.2704434394836426
1.6884515285491943
2.434438467025757
1.059221625328064
1.012911319732666
0.2103234827518463
0.48110753297805786
0.38103723526000977
0.23796617984771729
0.3625316321849823
1.0990278720855713
0.583695650100708
2.149437427520752
2.0672690868377686
0.9710666537284851
0.2872989773750305
1.5163240432739258
0.6611632108688354
0.5536417961120605
0.2702450156211853
1.3272912502288818
2.360257625579834
2.9032504558563232
0.8535353541374207
1.0308936834335327
0.4317740201950073
0.24945169687271118
0.15454606711864471
0.5391530990600586
3.6092965602874756
1.0872254371643066
1.0466644763946533
1.2667696475982666
1.8158957958221436
0.9752788543701172
0.3531755805015564
1.1371384859085083
0.5331321954727173
0.808297336101532
0.2958347201347351
2.2787704467773438
1.4606884717941284
1.5364537239074707
1.671347975730896
0.8206783533096313
1.3790297508239746
0.4550674557685852
0.3874313533306122
0.14650759100914001
1.0112769603729248
0.5344632267951965
1.8063448667526245
0.9522625207901001
0.4442753195762634
1.285593032836914
1.2378844022750854
1.3674273490905762
0.9505106210708618
1.9229024648666382
2.0397539138793945
1.6182897090911865
0.35976195335388184
0.7947295904159546
0.5341731309890747
1.1097774505615234
3.4179911613464355
1.129050850868225
0.6999130249023438
0.8158400058746338
0.6019183397293091
0.48797091841697693
1.4527114629745483
0.7067314386367798
0.3629990220069885
1.5789241790771484
1.4990733861923218
1.304387092590332
