6.568676471710205
5.022756576538086
6.218236923217773
4.8061323165893555
3.3600478172302246
5.026279449462891
3.0803279876708984
4.252170562744141
5.409177780151367
2.2128047943115234
4.826245307922363
4.885198593139648
4.500223159790039
3.7595605850219727
4.0590620040893555
5.648153781890869
3.423058032989502
4.5774054527282715
2.7139110565185547
5.293234825134277
5.1885504722595215
4.417510032653809
1.3744220733642578
2.3777687549591064
1.9748101234436035
2.3562638759613037
3.7419471740722656
4.521129131317139
4.503974914550781
1.4610198736190796
4.572970390319824
3.423447847366333
3.4229788780212402
3.737569570541382
4.753580093383789
3.2260594367980957
4.945047855377197
3.2228071689605713
2.9044623374938965
2.260672092437744
3.588728904724121
3.8798177242279053
4.464291572570801
5.473148345947266
2.242612838745117
5.255138874053955
3.9799907207489014
5.423044204711914
4.288205146789551
2.239356517791748
4.7030839920043945
5.0823750495910645
3.122798442840576
4.608531951904297
4.732142448425293
4.238301753997803
4.281711101531982
0.02874196693301201
3.930398941040039
2.408538579940796
4.503650188446045
3.3501648902893066
5.002182960510254
3.7219719886779785
2.9293999671936035
5.963716983795166
2.527553081512451
2.6842153072357178
3.833824396133423
1.8636205196380615
4.545322418212891
1.1374022960662842
5.646831035614014
3.697991371154785
3.169773578643799
5.4807891845703125
3.594531774520874
4.299297332763672
5.493153095245361
3.1537554264068604
5.611845016479492
2.8881750106811523
5.541746139526367
3.7347617149353027
3.347560405731201
1.359433650970459
4.966452121734619
4.078523635864258
2.0602378845214844
2.216784715652466
4.223231315612793
4.552630424499512
4.167355537414551
4.710923194885254
3.184615135192871
4.803525447845459
2.463487148284912
4.603791236877441
2.0345957279205322
4.0702714920043945
5.469919204711914
2.083198308944702
4.343035697937012
3.706541061401367
3.5708699226379395
3.0880143642425537
4.0648345947265625
4.173327445983887
7.92333459854126
2.510082721710205
4.73555850982666
2.642488718032837
1.458372950553894
4.41970157623291
3.948823928833008
4.7390899658203125
3.7253823280334473
3.0119035243988037
3.963773488998413
2.6275877952575684
2.8850021362304688
3.4753236770629883
5.405566215515137
2.779968500137329
3.111621618270874
4.027667045593262
5.216586112976074
3.0286033153533936
4.602616786956787
2.698810338973999
3.0325703620910645
5.039289474487305
4.517882347106934
1.681441068649292
3.9602770805358887
4.683022499084473
3.637965202331543
5.46658992767334
5.868499755859375
4.327170372009277
3.774860143661499
4.875993728637695
1.194262981414795
4.020287990570068
2.1281914710998535
3.014345645904541
3.025211811065674
3.980875253677368
3.4431824684143066
3.7330808639526367
1.27801513671875
3.6806726455688477
2.7451767921447754
4.488524436950684
1.7737953662872314
4.409926414489746
3.5227019786834717
5.566953659057617
5.620521545410156
4.261283874511719
4.116581916809082
1.8800992965698242
3.7684073448181152
2.908146381378174
1.9445219039916992
3.4043445587158203
5.370569705963135
5.569273948669434
4.6951003074646
2.1043131351470947
3.0854055881500244
2.6604113578796387
4.417405128479004
4.462857246398926
2.9480504989624023
2.7539329528808594
2.91317081451416
4.166275978088379
5.368833541870117
5.952029228210449
2.4320995807647705
1.2706193923950195
4.084071159362793
4.188053131103516
3.47340726852417
3.470944881439209
3.663693904876709
4.333108901977539
3.055126190185547
5.442566394805908
4.7677812576293945
3.632275104522705
5.523528575897217
3.907628059387207
3.0683720111846924
4.490460395812988
4.028841972351074
3.666100025177002
1.4738054275512695
5.73415470123291
3.4110779762268066
4.201416015625
4.258543014526367
1.6937010288238525
4.035624027252197
4.904107570648193
4.740773677825928
3.5717990398406982
5.0725812911987305
2.373793601989746
3.556472063064575
4.909733772277832
3.9860177040100098
5.096921920776367
3.0654194355010986
3.4158239364624023
4.404961109161377
4.3334527015686035
3.580134630203247
3.521383762359619
4.561130523681641
4.298013687133789
4.682183265686035
4.440764427185059
2.34387469291687
4.231401443481445
4.055290699005127
2.139899730682373
5.833965301513672
4.922817230224609
3.013587474822998
1.5000137090682983
4.521552085876465
4.323782920837402
5.021778106689453
3.827572822570801
4.7409796714782715
3.7044310569763184
1.9134960174560547
4.294796943664551
3.5389766693115234
4.689549922943115
4.115052700042725
1.1540141105651855
2.054785966873169
2.521312713623047
4.511935234069824
4.472042083740234
4.92471981048584
3.6365723609924316
2.686025857925415
3.0897274017333984
2.584613561630249
1.021864891052246
3.1416730880737305
1.3263492584228516
2.8814711570739746
3.194575309753418
4.111103057861328
5.534969806671143
4.738272666931152
2.028287649154663
2.6313838958740234
2.332087993621826
2.92409348487854
3.267834186553955
3.3769419193267822
4.85133695602417
4.441837787628174
2.486198902130127
3.211419105529785
3.5402462482452393
4.538694381713867
4.667043685913086
1.307525634765625
4.811572074890137
3.870638370513916
4.650969505310059
4.397695541381836
3.64170241355896
4.956367492675781
4.909645080566406
3.3838162422180176
2.811882972717285
4.404521465301514
4.7577128410339355
3.9908206462860107
2.667640209197998
4.680568695068359
2.190530300140381
4.838387489318848
4.012847900390625
3.6205124855041504
4.150837421417236
3.3336567878723145
3.717278480529785
1.7530202865600586
3.875998020172119
4.713466644287109
4.889196395874023
4.99616813659668
2.0379598140716553
1.5809192657470703
3.9585378170013428
2.378495216369629
2.001091480255127
4.663832664489746
3.356119394302368
3.1571083068847656
4.424921035766602
5.7175517082214355
4.077583312988281
3.4059200286865234
2.0512232780456543
4.949134826660156
3.5102970600128174
3.4528260231018066
4.9658379554748535
3.27813720703125
5.858914852142334
2.3999109268188477
4.333373546600342
1.9606519937515259
3.7896125316619873
5.10603141784668
5.354290962219238
4.964478492736816
4.2941131591796875
6.11579704284668
4.596030235290527
5.100225448608398
3.834174633026123
5.834526062011719
4.467977523803711
4.762164115905762
3.6615347862243652
3.638401508331299
4.708632946014404
4.932816505432129
3.9711031913757324
2.269350051879883
4.586216926574707
3.6007630825042725
3.1756744384765625
5.673261642456055
2.614104747772217
4.778428077697754
3.0929367542266846
3.69866943359375
5.034358501434326
4.697864532470703
4.936269283294678
3.8029003143310547
2.8383917808532715
3.4108521938323975
3.6740612983703613
6.4416184425354
4.501867294311523
4.866532325744629
4.438050270080566
2.3979861736297607
2.1765806674957275
4.711544990539551
2.9534525871276855
4.712155342102051
3.065155029296875
3.6099793910980225
4.294370651245117
1.477691411972046
5.428069591522217
4.313234806060791
3.470512628555298
4.207554817199707
3.842039108276367
2.546729326248169
3.357311248779297
3.8801381587982178
4.049617767333984
6.374329566955566
5.236086845397949
3.77349591255188
4.694919586181641
1.4216136932373047
4.443204879760742
2.479301929473877
3.9716010093688965
4.063234806060791
4.288540840148926
2.540863513946533
5.006567478179932
3.5708987712860107
5.0836639404296875
3.595156192779541
4.004298210144043
5.091841697692871
4.8357038497924805
3.4277102947235107
5.130129814147949
3.7381041049957275
5.182175636291504
