3.9387481212615967
3.0274147987365723
4.128398418426514
5.014920711517334
4.714542865753174
4.324411869049072
4.592000484466553
4.202589511871338
3.5884175300598145
4.481318950653076
4.339605331420898
4.740005016326904
4.7114763259887695
4.006846904754639
3.7635109424591064
3.4707953929901123
4.4943718910217285
4.000540733337402
4.173935890197754
4.811311721801758
3.996525526046753
3.796099901199341
4.420150279998779
5.264623165130615
4.083524227142334
3.87052845954895
4.4144511222839355
4.1392059326171875
4.346843242645264
3.5574653148651123
5.615362167358398
3.792872667312622
4.657960414886475
4.232784748077393
4.3830671310424805
4.428634166717529
4.557417869567871
4.389251708984375
3.90757417678833
5.252965450286865
