3.5899314880371094
2.7930305004119873
3.8301408290863037
4.672798156738281
4.321155071258545
4.083003044128418
4.123471736907959
3.914942979812622
3.3552074432373047
4.151276588439941
4.101866245269775
4.505947113037109
4.531179904937744
3.682013750076294
3.5531277656555176
3.3325676918029785
4.352699279785156
3.688711166381836
3.8433620929718018
4.482184886932373
3.7614586353302
3.42478346824646
4.225104808807373
5.0573835372924805
3.7033748626708984
3.666808843612671
4.042098045349121
3.845249891281128
4.166057109832764
3.300954580307007
5.354203701019287
3.567570924758911
4.350210666656494
4.020455360412598
4.138583660125732
4.231131553649902
4.457127094268799
4.155848979949951
3.6785857677459717
5.002051830291748
