4.149044990539551
3.367121458053589
2.1136631965637207
5.309017181396484
3.7801175117492676
3.1058425903320312
3.315552234649658
4.420183181762695
3.2390010356903076
3.813790798187256
3.7913050651550293
3.5679731369018555
2.9165847301483154
1.097192645072937
3.3361246585845947
3.3437187671661377
4.5021162033081055
4.03804874420166
3.061728000640869
2.131037712097168
2.7637429237365723
3.697230815887451
3.2965543270111084
3.5864577293395996
3.160623788833618
4.138638019561768
2.256201982498169
3.6164402961730957
3.8745193481445312
2.2750844955444336
1.1329256296157837
4.467241287231445
3.238025426864624
3.8526554107666016
1.5522170066833496
4.308554649353027
3.8679096698760986
4.630809783935547
4.261895179748535
3.8437843322753906
