241.7193603515625
246.6334991455078
254.4300537109375
241.85198974609375
245.88754272460938
241.91065979003906
252.84661865234375
246.39181518554688
249.03334045410156
247.64329528808594
245.6956787109375
248.89825439453125
245.14553833007812
244.3317413330078
244.35098266601562
247.55963134765625
238.88552856445312
244.97235107421875
249.24325561523438
253.30133056640625
241.42843627929688
249.40301513671875
243.88336181640625
248.45538330078125
246.94793701171875
244.59335327148438
252.28419494628906
245.9132080078125
242.15115356445312
255.72799682617188
251.1037139892578
247.263427734375
248.95904541015625
247.3403778076172
257.168212890625
243.81729125976562
247.89877319335938
238.91525268554688
246.4818115234375
247.1269073486328
