0.5421138405799866
0.47877758741378784
0.5845741033554077
0.5658913850784302
0.3063065707683563
0.41022247076034546
0.7312612533569336
0.1494690477848053
0.6476460695266724
0.39641937613487244
0.0007787830545566976
0.7034971117973328
0.45188581943511963
0.5153684616088867
0.8174118995666504
1.5657868385314941
0.10379185527563095
0.8417348265647888
0.5572767853736877
0.9507279396057129
0.33117079734802246
0.4724894165992737
0.502292811870575
0.8478619456291199
1.1718534231185913
1.4997050762176514
1.638838768005371
0.4547760486602783
0.491532564163208
0.47760009765625
0.7245650291442871
0.11919397115707397
0.7199775576591492
0.9054691791534424
0.8453445434570312
1.9747103452682495
0.5270914435386658
0.3524312674999237
0.17041423916816711
1.5604604482650757
0.2162017822265625
0.37911397218704224
0.005898286588490009
0.5102064609527588
0.2564338445663452
1.0070862770080566
0.6419247388839722
0.6281248331069946
0.41008061170578003
1.2683589458465576
0.3604928255081177
1.052534580230713
1.72257399559021
1.174746036529541
1.2930783033370972
0.4645165801048279
0.8758060336112976
0.9857196807861328
0.02125658094882965
1.4025629758834839
0.1085125133395195
0.9207606315612793
0.3765483796596527
1.8413119316101074
0.6824233531951904
2.036133289337158
2.0127925872802734
1.405983328819275
1.7550352811813354
0.21395520865917206
0.2721724212169647
0.16469886898994446
0.3281313180923462
0.08412118256092072
0.4177297353744507
0.22624532878398895
0.13911530375480652
0.8805826902389526
1.0604757070541382
0.2387210577726364
1.062300205230713
1.2692828178405762
1.0595571994781494
0.5613948106765747
0.14822819828987122
1.003312587738037
0.33964723348617554
0.5584684610366821
2.8715572357177734
0.5959707498550415
0.38434720039367676
1.7126047611236572
0.02891860529780388
0.9908072352409363
0.7948288917541504
0.4492591321468353
0.5171688199043274
0.6740562319755554
1.375916838645935
0.6137005686759949
