4.37457799911499
4.282360553741455
3.903738498687744
4.2793965339660645
3.7737724781036377
3.5409951210021973
3.4007935523986816
3.0088653564453125
4.577245235443115
4.4130730628967285
4.085237503051758
4.340454578399658
4.4399847984313965
4.752610683441162
3.9990594387054443
3.1475164890289307
4.4882378578186035
3.4882493019104004
4.467589378356934
3.669898748397827
5.181075572967529
4.4077372550964355
3.5029754638671875
3.6112236976623535
3.937804937362671
4.524620532989502
4.263153553009033
4.65154504776001
4.105149745941162
5.058126449584961
4.788540840148926
4.162778854370117
4.177062511444092
4.7537336349487305
4.165117263793945
4.410674571990967
4.241390228271484
4.7577996253967285
3.6084229946136475
4.2835307121276855
4.223008155822754
3.9963958263397217
3.8813934326171875
3.733238697052002
4.4488983154296875
3.7533204555511475
3.968379259109497
4.560338973999023
3.9552254676818848
4.145546913146973
3.720463275909424
4.047396183013916
4.660012245178223
3.955549716949463
4.307843208312988
3.8522675037384033
4.442826271057129
3.72477650642395
4.90055513381958
4.165338516235352
3.6436927318573
4.296828269958496
3.4149017333984375
4.65088415145874
3.2367684841156006
4.691361904144287
4.003640651702881
3.953878879547119
4.14914083480835
3.8967576026916504
3.854027509689331
4.531209468841553
3.5598225593566895
3.677778720855713
4.446665287017822
3.6172828674316406
4.854905128479004
4.351312160491943
4.007372856140137
3.6337921619415283
4.670917987823486
3.8452858924865723
3.918989896774292
3.7584786415100098
4.215826034545898
4.116889476776123
4.401191711425781
4.893115997314453
3.6106479167938232
3.804272413253784
3.7688210010528564
4.564870357513428
3.9990482330322266
4.478699684143066
4.130629062652588
4.746206760406494
4.918593883514404
4.234481334686279
4.109735012054443
4.110724925994873
3.81945538520813
4.09312629699707
3.664321184158325
4.244053840637207
3.784177541732788
3.764470338821411
3.5555551052093506
3.87847638130188
4.62481164932251
4.358658313751221
3.778722047805786
4.420121669769287
3.979520082473755
4.209737300872803
3.8020412921905518
4.470740795135498
3.7625529766082764
3.989733934402466
4.540370464324951
4.439970970153809
3.7032248973846436
3.5671608448028564
4.182368755340576
4.421666622161865
3.851245880126953
4.084044456481934
3.90301775932312
4.507771968841553
3.7884271144866943
3.5101380348205566
4.487725734710693
4.278042793273926
4.1662983894348145
4.779922008514404
4.073672771453857
3.8629188537597656
3.9123005867004395
3.8320395946502686
4.303194999694824
4.093475818634033
4.156932830810547
3.8736321926116943
4.618090629577637
4.311588764190674
4.599768161773682
3.2480945587158203
3.7986721992492676
4.356013298034668
4.249838352203369
4.338901042938232
3.8581478595733643
4.777791976928711
3.4758145809173584
3.724419355392456
4.207099914550781
3.9657387733459473
3.978247880935669
3.3807733058929443
3.230438709259033
4.522885799407959
3.3021697998046875
3.9091808795928955
4.311614513397217
4.343241214752197
4.481370449066162
3.7691256999969482
4.257518768310547
4.1548380851745605
4.252229690551758
4.440436363220215
3.6058807373046875
4.188594341278076
4.456541061401367
4.664453983306885
3.787419080734253
4.505417823791504
4.38563871383667
3.299175977706909
3.8316636085510254
3.2823219299316406
3.563723087310791
4.135624408721924
4.110459327697754
4.13253116607666
4.480271816253662
4.234332084655762
4.750739574432373
3.910175323486328
4.131843090057373
4.40271520614624
3.9123904705047607
4.4818243980407715
4.411177158355713
4.296713829040527
3.4829483032226562
4.532094478607178
4.82904577255249
3.8253753185272217
4.061355113983154
3.8075928688049316
4.271562099456787
3.9292995929718018
3.9482083320617676
4.735413551330566
4.144481658935547
4.293158054351807
4.352348804473877
3.430424928665161
4.757863998413086
4.343966960906982
4.335915565490723
4.147275447845459
4.252191066741943
4.27187442779541
4.488559246063232
4.021671295166016
4.053585529327393
4.912671089172363
4.8141188621521
4.406667232513428
4.509884357452393
4.125946998596191
4.725491523742676
4.094493389129639
4.362255096435547
4.251197338104248
4.364814281463623
4.532677173614502
4.474467754364014
4.113962173461914
4.650256633758545
4.1864800453186035
4.882119655609131
3.6957778930664062
4.453476905822754
3.8635120391845703
3.58367657661438
4.646160125732422
4.435722827911377
3.7486958503723145
4.375339031219482
4.375173091888428
4.684019088745117
4.2990922927856445
3.95066237449646
4.0283026695251465
4.726205825805664
4.2426862716674805
4.3304033279418945
3.8823697566986084
4.209929943084717
4.283858299255371
4.734485149383545
4.484399318695068
3.903219699859619
3.44160532951355
3.8477210998535156
3.9730663299560547
4.201772212982178
3.7471282482147217
4.486879825592041
3.976280927658081
4.479758262634277
4.009215831756592
4.391459941864014
4.03474760055542
4.089666843414307
3.6534957885742188
3.727524518966675
3.9538044929504395
4.07966423034668
4.183686256408691
4.245382308959961
3.283379316329956
4.712285995483398
4.404834270477295
4.46145486831665
3.923154830932617
3.5966148376464844
3.3105721473693848
4.497674465179443
3.9517312049865723
3.832892656326294
4.715029239654541
4.145145893096924
3.223679780960083
4.719459056854248
4.058831214904785
3.718801975250244
4.618709564208984
3.3987643718719482
3.9886043071746826
2.7019877433776855
4.074643611907959
3.6600053310394287
3.8826122283935547
4.024479866027832
4.003293991088867
3.9874801635742188
4.1254191398620605
3.842001438140869
4.386640548706055
3.602980852127075
4.102631568908691
4.452974319458008
3.7283027172088623
4.189945220947266
4.744714260101318
4.630361080169678
4.2929534912109375
4.2768402099609375
4.331782817840576
4.103173732757568
4.091566562652588
4.226254463195801
4.41810941696167
3.84891939163208
3.9123966693878174
3.5422024726867676
4.541934490203857
4.1984453201293945
4.5171589851379395
3.8356711864471436
3.2922799587249756
3.947561740875244
3.9583585262298584
4.285214900970459
4.362515449523926
4.0050225257873535
4.002226829528809
4.128720283508301
4.136826515197754
3.7814018726348877
4.203952789306641
4.561917304992676
4.030864238739014
4.184426307678223
4.318253517150879
4.0688605308532715
3.7035186290740967
3.981924057006836
4.034496784210205
4.2256999015808105
4.012397766113281
3.308617353439331
4.101089000701904
4.40260648727417
4.165125846862793
4.409043312072754
3.5404622554779053
4.742423057556152
4.006213665008545
3.854940176010132
4.190456390380859
4.017892360687256
4.541733264923096
4.264516353607178
3.8489296436309814
3.5841012001037598
4.094053745269775
3.892651081085205
4.776612758636475
4.4984564781188965
4.775015354156494
3.889341115951538
4.240918159484863
4.19124174118042
3.5930869579315186
3.9177634716033936
4.366593360900879
4.0149054527282715
4.453368663787842
4.092413425445557
4.383259296417236
3.7318685054779053
4.056823253631592
4.726963996887207
4.686902046203613
4.17278528213501
4.075150966644287
3.7074196338653564
4.565550327301025
4.712090969085693
3.7876956462860107
4.0510454177856445
4.417203426361084
4.325380325317383
4.636806488037109
4.617152690887451
3.619530200958252
4.844590187072754
4.33375883102417
3.983482837677002
4.103755474090576
4.538129806518555
5.034404277801514
3.7395474910736084
3.397542715072632
4.2565813064575195
3.892232656478882
