0.3952415883541107
0.06206385791301727
0.001981380395591259
0.05313969403505325
0.0023936524521559477
0.3574765920639038
0.9467276930809021
0.02224716544151306
0.595149576663971
0.0
2.949599266052246
1.2812994718551636
0.008353925310075283
0.14846166968345642
0.5449071526527405
0.297164648771286
0.17755648493766785
2.3900891392258927e-05
2.3832457065582275
0.248417466878891
0.002587530529126525
0.0001648527686484158
0.06888861209154129
0.0
0.6706746220588684
0.7185697555541992
1.3699537515640259
0.9407715797424316
0.0008896479848772287
0.029941296204924583
3.356416702270508
0.012236721813678741
0.12739023566246033
0.19914354383945465
0.01825915090739727
6.157508373260498
0.005714891012758017
0.10301283746957779
0.14000573754310608
0.18509143590927124
0.0005425845738500357
0.003845320548862219
0.07145034521818161
0.0011627852218225598
0.394508957862854
0.9283442497253418
0.2579036355018616
1.693442940711975
0.6646681427955627
0.8452273011207581
0.339443564414978
0.2167997807264328
0.5799315571784973
0.05688025802373886
1.7329623699188232
0.0008632832323201001
3.9844515323638916
0.028453346341848373
0.06325122714042664
0.3050496578216553
0.0038210672792047262
0.003202590625733137
0.036210305988788605
1.027042269706726
0.11131194233894348
0.07447052001953125
0.0
2.3966734409332275
0.0
1.0662366151809692
1.3048717975616455
0.023821447044610977
0.19269907474517822
0.5080618858337402
1.8827464580535889
1.6020528078079224
0.0285929124802351
3.123164653778076
1.2861998081207275
0.21788406372070312
0.03903725743293762
0.4849497675895691
0.1939176619052887
1.2331552505493164
0.26954975724220276
0.6303423643112183
1.5630301237106323
0.41601788997650146
0.307282954454422
0.1771085113286972
0.18503916263580322
0.04602886736392975
0.19735978543758392
4.685019493103027
0.0019383819308131933
0.9738719463348389
0.005593115463852882
0.20654964447021484
1.9178410768508911
0.004513395018875599
