3.3816421031951904
2.6341114044189453
3.6491639614105225
4.487576484680176
4.11458158493042
3.8363873958587646
3.8717541694641113
3.7007851600646973
3.1333167552948
4.0244855880737305
3.840440511703491
4.325581073760986
4.207220077514648
3.4841785430908203
3.306262969970703
3.240363359451294
4.099623203277588
3.498142719268799
3.664341688156128
4.211523532867432
3.529790163040161
3.2934932708740234
3.983628511428833
4.776130199432373
3.5655159950256348
3.5088632106781006
3.8365466594696045
3.611647367477417
3.9828689098358154
3.1203606128692627
5.0755157470703125
3.492290496826172
4.08834981918335
3.851146697998047
3.896928548812866
4.0713958740234375
4.262094020843506
3.961550235748291
3.4869015216827393
4.56043004989624
