0.061152998358011246
0.003601914271712303
3.170837590005249e-05
0.00010083831148222089
0.13725759088993073
0.04503538832068443
6.337652303045616e-05
0.0007663305732421577
0.006649233400821686
0.0
0.0017685757484287024
0.0004105068801436573
2.6344558136770502e-05
0.08577603101730347
0.0190688818693161
0.0008466224535368383
0.0036991103552281857
0.0012573731364682317
0.1115678995847702
0.00052838638657704
0.42486047744750977
3.123184433206916e-05
0.020328519865870476
0.0
0.004561302717775106
0.0038716658018529415
1.4942760467529297
0.09810894727706909
0.00014021269453223795
1.2962204217910767
0.00669895252212882
0.0007532634772360325
0.00011019174417015165
0.0008919027750380337
0.019346117973327637
0.002185093006119132
2.4238664991571568e-05
0.0050660837441682816
0.0025321636348962784
0.0016185037093237042
0.00156033702660352
5.655656423186883e-05
0.0009658858762122691
1.9390983652556315e-05
0.12114217132329941
0.019537150859832764
0.016303692013025284
0.007126966491341591
0.6119499206542969
9.514707198832184e-05
0.008274190127849579
0.0007955302717164159
0.005118761211633682
0.00013070774730294943
0.033971406519412994
0.00015739109949208796
2.803129196166992
0.0032099937088787556
0.002387942047789693
0.00484533840790391
0.0011956315720453858
0.02072250284254551
0.006926678121089935
0.5981783270835876
0.00044151308247819543
0.0006130638648755848
7.497532351408154e-05
0.006974170450121164
0.0
0.04265280067920685
0.05412093549966812
0.0038019057828933
0.8880382180213928
0.01585552841424942
0.0023148416075855494
0.00037268715095706284
0.0004953518509864807
0.6331543326377869
1.0153467655181885
1.422584056854248
0.000283506145933643
0.9875209331512451
0.00021708924032282084
1.1193727254867554
0.00039669114630669355
0.0018103973707184196
0.9901584386825562
0.021292997524142265
0.001814150484278798
0.26045510172843933
0.005861361511051655
0.011189808137714863
1.84472282853676e-05
2.967491626739502
5.361769945011474e-05
0.7103195190429688
0.008406983688473701
0.0008662578766234219
0.2104213386774063
0.0023801804054528475
