0.016025763005018234
0.0005788576672784984
0.029187427833676338
0.0006555838626809418
5.179713116376661e-05
0.002924998989328742
0.007100216578692198
0.0053106388077139854
0.008113994263112545
0.030781619250774384
0.006155567243695259
0.012941895052790642
0.012391111813485622
0.0017077869269996881
0.001838573021814227
0.01572294346988201
0.0022631052415817976
0.0025031673721969128
0.011810279451310635
0.0004171046311967075
0.005254187621176243
0.0032004888635128736
0.012133346870541573
0.007708441466093063
0.014004573225975037
0.005891192238777876
0.0002173637185478583
0.0018711001612246037
0.00391701003536582
0.0025608881842345
0.0009355449583381414
0.001499449135735631
0.006540561560541391
0.0021706277038902044
0.0027245618402957916
0.0011157066328451037
0.009052971377968788
0.004768544342368841
0.003685570089146495
0.006344754248857498
0.0004186490550637245
0.007201210130006075
0.004928375128656626
0.00024042784934863448
0.006876281928271055
0.00750510860234499
0.003036615438759327
0.014710234478116035
0.0028023456688970327
0.001475801574997604
0.09170383214950562
0.006806893274188042
0.0024683563970029354
0.0007403262425214052
0.0052980659529566765
0.04076259583234787
0.008356579579412937
0.04108143597841263
0.0004898614133708179
0.0007946341065689921
0.0017827271949499846
0.015480855479836464
0.01448867004364729
0.0038639626000076532
0.0059999688528478146
0.030672956258058548
0.0015127351507544518
0.01543570589274168
0.012579569593071938
0.0022057148162275553
0.0037009986117482185
0.000778110115788877
0.02543818950653076
0.004740573465824127
0.009927747771143913
0.0024013498332351446
0.0022419956512749195
0.02775844745337963
0.0003133861755486578
0.0013698682887479663
0.06166527420282364
0.0023153291549533606
0.002100548008456826
0.009086295031011105
0.0010390576208010316
0.007326851598918438
0.002176071982830763
0.0051373145543038845
0.009015792049467564
0.01572771556675434
0.00043191344593651593
0.0016087538097053766
0.00809742696583271
0.008056160062551498
0.0012820243136957288
0.005022216588258743
0.0010363594628870487
0.003174980403855443
0.00021044356981292367
0.010906198993325233
0.006638104561716318
0.0008249303791671991
0.0017724294448271394
0.008123529143631458
0.004257918335497379
0.015460525639355183
0.03750751540064812
0.04324915632605553
0.00019674051145557314
0.001982813235372305
0.01022112462669611
0.003976262174546719
5.476601290865801e-05
0.01051703467965126
0.00310747348703444
64.54369354248047
0.012097351253032684
0.01960679143667221
4.263887240085751e-05
0.0005457902443595231
0.08200059831142426
0.004454936366528273
0.006637015379965305
0.04271499812602997
0.004080899991095066
0.0002717350726015866
0.004682635422796011
0.001360009890049696
0.0008267833618447185
0.003244556952267885
0.010265540331602097
0.0021484591998159885
0.006817481014877558
0.001704492373391986
0.004243521951138973
0.003578874282538891
0.008069686591625214
0.004499373957514763
0.003124803304672241
0.004128011874854565
6.830980419181287e-05
0.005878334864974022
0.0026078124064952135
0.002194782719016075
0.0024692239239811897
0.004495956469327211
0.0012006666511297226
0.002330542542040348
0.12011827528476715
0.0009320394601672888
0.0001329472434008494
0.006875635590404272
0.004457526374608278
0.0013869395479559898
0.0019033511634916067
0.014496361836791039
0.005549485795199871
0.006746196653693914
0.008781246840953827
0.003247840330004692
0.0010003825882449746
0.0162077434360981
0.0030018286779522896
0.012518644332885742
0.0006102588959038258
0.0010272311046719551
0.01327904686331749
0.004112225025892258
0.03717118501663208
0.00289728632196784
0.0012244305107742548
0.005407354794442654
3.5520537494448945e-05
0.034056998789310455
0.008909331634640694
0.0009354238281957805
0.005283943843096495
0.002033424098044634
0.0009143828647211194
0.009395677596330643
0.0028755085077136755
0.07408815622329712
0.006591332145035267
0.00014482639380730689
0.009171335026621819
0.007875554263591766
0.0011762112844735384
0.015503013506531715
0.0028452787082642317
0.007796883583068848
0.003760830732062459
0.012402068823575974
0.012806884944438934
0.0022159672807902098
0.006016631610691547
0.0027764905244112015
0.0049445610493421555
0.01100542489439249
0.0001859465555753559
0.002644909080117941
0.05854075029492378
0.00692178588360548
0.008737086318433285
0.007000635378062725
0.006772798486053944
0.01742384023964405
0.003696880768984556
0.0075469594448804855
0.002229983452707529
0.026603318750858307
0.007365642115473747
0.033675748854875565
0.006032867822796106
0.009982886724174023
0.006239710375666618
0.02735332027077675
0.0030594447162002325
0.000872155767865479
0.014934947714209557
0.005859596189111471
0.012848297134041786
0.006392002571374178
0.009001520462334156
0.005135051906108856
0.007731413934379816
0.005776257254183292
0.03519348055124283
3.4424709156155586e-05
0.0030516446568071842
0.003799203084781766
0.00836761761456728
0.00019574767793528736
0.005985710769891739
0.004837629850953817
0.005709103308618069
0.0134210754185915
0.001230999012477696
0.0014382589142769575
0.05911757051944733
0.0009823874570429325
0.0041244844906032085
0.002230917802080512
0.0035148081369698048
0.0001723490422591567
0.02472732961177826
221.91444396972656
0.0057429177686572075
0.003070996841415763
0.0028993580490350723
0.0017734678694978356
0.001506427419371903
0.002942323684692383
0.0002448461309541017
0.00325978547334671
0.0027212249115109444
0.057351186871528625
0.00031818856950849295
0.0006119637400843203
0.007626112550497055
0.008709251880645752
0.004974510055035353
0.03480837866663933
0.007737773936241865
0.001088467426598072
0.0003122987109236419
0.029107509180903435
0.0006736961659044027
0.0026944801211357117
0.0012367418967187405
0.0012767631560564041
0.008559854701161385
0.00694426242262125
0.0033799230586737394
0.002191792242228985
0.000865814508870244
0.0009047839557752013
0.0007282348815351725
0.004153714515268803
0.00932859443128109
0.004250379744917154
0.0018253313610330224
0.011065967381000519
0.019480887800455093
0.0016263360157608986
0.041971296072006226
0.0007221963605843484
0.003060990944504738
0.0024377957452088594
0.000890387105755508
0.004561809357255697
0.005269165150821209
0.014999344944953918
0.01206115260720253
0.009211502969264984
0.03415965661406517
0.001612453837879002
0.00300985062494874
0.00984720978885889
0.006744823418557644
0.0035723401233553886
0.0009925052290782332
0.0016262780409306288
0.006172614172101021
0.002247476950287819
0.00010690857743611559
0.0007414250867441297
0.06624013185501099
0.09410499036312103
0.08765402436256409
0.0034191759768873453
0.002977172378450632
0.006507617887109518
0.0001502336235716939
0.00479575339704752
0.005058186128735542
0.009961082600057125
0.009285548701882362
0.002386398147791624
0.009693332947790623
5.9433910791995004e-05
0.0068373000249266624
0.0014197215205058455
0.007941758260130882
0.00013056682655587792
0.00016292810323648155
0.0037819037679582834
0.007966825738549232
0.010694693773984909
0.0052048214711248875
0.002381289144977927
0.005715828854590654
0.0012546086218208075
0.013132069259881973
0.005112279672175646
0.007448465097695589
0.002925584092736244
0.004013022407889366
0.002196577610448003
0.004307324066758156
0.001201970735564828
0.0006512500112876296
0.0003858182462863624
0.016662122681736946
0.014061853289604187
0.08566286414861679
0.0032838922925293446
0.0035195115488022566
0.011812771670520306
0.004541616886854172
0.0048937369138002396
0.01688278652727604
0.0028694465290755033
0.0006059907609596848
0.0017177201807498932
0.003368115285411477
0.0047428542748093605
0.002108305227011442
0.001705095754005015
0.04489462077617645
0.017498549073934555
0.005090177059173584
0.033402152359485626
0.009113586507737637
0.0055542816407978535
0.006961089093238115
0.0036041175480931997
0.0005829428555443883
0.020736075937747955
0.00034228534786961973
0.0009064578916877508
0.004631576128304005
0.0011862724786624312
0.025080977007746696
0.0017018384533002973
0.010713084600865841
0.00743252644315362
0.0010755276307463646
0.004097533877938986
0.001245855470187962
0.022264568135142326
0.00014483182167168707
0.0025446186773478985
0.006120546720921993
0.006401946768164635
0.002663279417902231
0.007626808248460293
0.01892995648086071
0.0012568042147904634
0.01013113185763359
0.006493899505585432
0.0009344512363895774
0.006725645624101162
0.004437868017703295
0.003977028653025627
0.000355294207111001
0.0006536961300298572
0.00371830677613616
0.00288559147156775
0.014103158377110958
0.004345883149653673
