241.729736328125
246.07041931152344
253.72247314453125
240.78709411621094
244.12413024902344
241.24012756347656
250.0015411376953
244.08592224121094
248.40582275390625
246.37109375
245.03390502929688
248.22134399414062
244.71295166015625
240.59552001953125
241.95045471191406
246.20152282714844
238.0362548828125
243.0550994873047
247.4632568359375
251.36669921875
238.2891845703125
248.4404296875
242.06039428710938
247.07666015625
245.37847900390625
244.53982543945312
249.79855346679688
244.84060668945312
241.1961669921875
251.40655517578125
249.59182739257812
245.57412719726562
247.5977325439453
245.66046142578125
255.1239776611328
242.6820831298828
247.72743225097656
238.48257446289062
243.60012817382812
246.02810668945312
