0.09105104207992554
0.001311010681092739
1.1443933544796892e-05
4.2834206396946684e-05
0.15251274406909943
0.013165855780243874
8.415312913712114e-05
2.015901009144727e-05
0.003752646967768669
0.0
0.009287074208259583
5.189231887925416e-05
1.794067611626815e-05
0.08115790784358978
0.017669890075922012
0.005961853079497814
0.0018095697741955519
0.0004258345579728484
0.003836527932435274
0.0002189699443988502
0.5917606949806213
8.970395356300287e-06
0.027722381055355072
0.0
0.00249159662052989
0.0027169049717485905
1.6423395872116089
0.09572386741638184
5.0700658903224394e-05
1.5734572410583496
0.0017511763144284487
0.0001445095840608701
0.0001255959359696135
0.00046821360592730343
0.0106250811368227
0.0033003599382936954
1.8437225662637502e-05
0.0033244788646698
0.0013293076772242785
0.0003181341162417084
0.0011568384943529963
1.0351098353567068e-05
0.0005787988775409758
8.106148015940562e-06
0.08278622478246689
0.032329220324754715
0.0026441512163728476
0.0038402951322495937
0.9132259488105774
4.0975730371428654e-05
0.00939729530364275
0.00025955482851713896
0.0028844305779784918
0.00022328410705085844
0.0782916471362114
0.00018760022066999227
2.885075569152832
0.0025708037428557873
0.0003465444315224886
0.010666140355169773
0.00029950091266073287
0.0339093916118145
0.0052137975580990314
0.5070664882659912
0.0002121895959135145
6.522225157823414e-05
6.158714677440003e-05
0.0034735859371721745
0.0
0.04383702576160431
0.31167763471603394
0.0043165069073438644
1.0976665019989014
0.006417946424335241
0.0016799225704744458
0.00017583036969881505
0.0003526674408931285
0.7310803532600403
0.6774157285690308
1.4555398225784302
8.393928146688268e-05
1.0504789352416992
8.029774471651763e-05
0.8736035823822021
0.0002636669378262013
0.004342976491898298
0.17482413351535797
0.01937495917081833
0.0017667477950453758
0.48720404505729675
0.001436106045730412
0.004498565569519997
7.986963282746729e-06
2.5520310401916504
1.6426722140749916e-05
0.7345762848854065
0.0030539066065102816
0.00010004455543821678
0.3586026728153229
0.000778902554884553
