153.11415100097656
190.06509399414062
156.01382446289062
158.06492614746094
188.33343505859375
185.0191192626953
154.10324096679688
223.79214477539062
195.36737060546875
0.0
159.02464294433594
145.4219970703125
113.532958984375
185.5651397705078
196.9962615966797
110.67866516113281
200.09747314453125
154.19207763671875
152.2728729248047
172.54747009277344
182.6792449951172
176.85043334960938
152.20355224609375
0.0
200.63824462890625
212.8032684326172
188.6641387939453
177.89248657226562
154.50009155273438
212.94284057617188
186.60980224609375
206.7354736328125
194.7357635498047
116.46318817138672
182.1503143310547
111.97236633300781
154.8715362548828
199.7039337158203
208.26351928710938
189.77427673339844
113.21121215820312
202.06991577148438
175.36793518066406
157.818603515625
151.01068115234375
190.29852294921875
113.38650512695312
179.85671997070312
179.77789306640625
171.90310668945312
182.56915283203125
204.94692993164062
210.5308837890625
156.44949340820312
196.3314208984375
114.00975036621094
224.51223754882812
111.19062805175781
203.84030151367188
148.02381896972656
211.949462890625
117.17733001708984
150.7088165283203
189.23831176757812
176.72604370117188
189.82644653320312
161.15963745117188
112.43141174316406
0.0
172.34397888183594
177.72361755371094
179.13255310058594
180.46697998046875
173.66000366210938
189.40748596191406
159.13699340820312
176.88348388671875
194.121826171875
214.7999267578125
185.81822204589844
182.88958740234375
221.16632080078125
155.74021911621094
184.99343872070312
194.92739868164062
149.033203125
182.34249877929688
112.51814270019531
181.23570251464844
190.2884063720703
193.14376831054688
179.6884002685547
177.254638671875
183.57510375976562
191.8807830810547
214.8060302734375
214.43768310546875
187.31427001953125
157.0302734375
110.94652557373047
