4.300227165222168
2.73310923576355
1.5233886241912842
3.8245344161987305
3.5662028789520264
3.325835704803467
3.694589614868164
3.8793606758117676
3.0246381759643555
3.674415111541748
3.037733316421509
3.183475971221924
3.621737003326416
3.4797067642211914
3.7870538234710693
3.070516586303711
4.688941478729248
4.177909851074219
3.3557980060577393
1.4226417541503906
2.501396656036377
2.8312058448791504
2.890089988708496
4.09149169921875
3.0849063396453857
3.6241276264190674
1.4135158061981201
4.113776206970215
3.9062037467956543
3.87490177154541
3.206496238708496
2.836435317993164
3.3856723308563232
3.4352102279663086
2.0417063236236572
3.4677624702453613
2.920330047607422
4.176233768463135
3.2670958042144775
3.251168966293335
