162.1788787841797
161.32176208496094
157.2004852294922
155.86465454101562
154.2716827392578
157.33221435546875
158.28591918945312
159.00347900390625
161.46438598632812
158.12857055664062
156.88719177246094
158.5160675048828
153.9280242919922
159.8012237548828
161.0544891357422
155.0459442138672
155.3432159423828
155.7861328125
159.9686737060547
157.8675079345703
157.78961181640625
158.4641876220703
158.3319549560547
156.5572509765625
157.69412231445312
154.65093994140625
157.13626098632812
159.7316131591797
155.0502166748047
149.91624450683594
155.0677947998047
159.1663055419922
158.59481811523438
152.30105590820312
153.88682556152344
157.7843017578125
157.77536010742188
154.5112762451172
161.9058837890625
155.93505859375
