243.92984008789062
244.88658142089844
243.1775665283203
241.36294555664062
235.83055114746094
240.611328125
241.6973114013672
240.92015075683594
242.97488403320312
242.3990478515625
242.35618591308594
242.46890258789062
241.58226013183594
242.61351013183594
243.4828643798828
239.88621520996094
241.1245574951172
242.49864196777344
244.01577758789062
242.50442504882812
241.5994415283203
241.6707305908203
240.924072265625
240.7635040283203
243.05259704589844
243.34072875976562
241.26145935058594
241.9805145263672
241.5203399658203
240.94680786132812
239.3629913330078
243.69326782226562
240.21438598632812
241.9064178466797
239.5236358642578
239.78701782226562
240.83641052246094
240.10459899902344
244.7744140625
240.0924835205078
