4.404364109039307
3.5199644565582275
2.283399820327759
5.4785051345825195
3.8543834686279297
3.4360709190368652
3.5913567543029785
4.516143798828125
3.3174915313720703
4.017702102661133
3.922288417816162
3.6805381774902344
3.202312707901001
1.1224462985992432
3.369600772857666
3.381209373474121
4.849421501159668
4.1898956298828125
3.3822717666625977
2.359088897705078
2.9249539375305176
3.865102529525757
3.2971372604370117
3.8245537281036377
3.314786672592163
4.307612419128418
2.440114974975586
3.842595100402832
4.004576683044434
2.4132423400878906
1.2115569114685059
4.787556171417236
3.4300568103790283
4.039351940155029
1.6493785381317139
4.425443649291992
4.12505578994751
4.841732025146484
4.398021221160889
3.9350671768188477
