0.024867132306098938
0.00967796053737402
0.028899595141410828
0.0011969925835728645
0.00013145728735253215
0.005974149331450462
0.009591436944901943
0.03898010402917862
0.00752465333789587
0.006449384149163961
0.009151961654424667
0.023164132609963417
0.04754773527383804
0.00919378362596035
0.0008619187865406275
0.026505950838327408
0.0034345362801104784
0.008470656350255013
0.02465449832379818
0.002306874841451645
0.014333406463265419
0.013489347882568836
0.01725287362933159
0.031693968921899796
0.04530208930373192
0.006107586435973644
0.01003410667181015
0.005421459674835205
0.008844049647450447
0.005019635893404484
0.001651669736020267
0.012404307723045349
0.015423459932208061
0.004898895509541035
0.008990686386823654
0.004391961265355349
0.013156486675143242
0.01313504297286272
0.006083834450691938
0.013352515175938606
0.0008697769371792674
0.03483802452683449
0.007991687394678593
0.0022914004512131214
0.02539374679327011
0.017819056287407875
0.03887882083654404
0.04073402285575867
0.006077281665056944
0.00138464430347085
0.05940782278776169
0.07674094289541245
0.003122141119092703
0.0035384665243327618
0.012598549015820026
0.026072556152939796
0.021957900375127792
0.021563176065683365
0.002610634546726942
0.0031218635849654675
0.013820956461131573
0.2507754862308502
0.023373201489448547
0.018928099423646927
0.03513817489147186
0.03510891646146774
0.012103909626603127
0.13613252341747284
0.02578478306531906
0.00826508179306984
0.006566288881003857
0.008843373507261276
0.035304706543684006
0.009394713677465916
0.022102082148194313
0.0033545787446200848
0.021255023777484894
0.04040981084108353
0.003073795698583126
0.005494148004800081
0.03378058224916458
0.013284115120768547
0.008886517956852913
0.008895911276340485
0.005728492513298988
0.0579470619559288
0.002120583551004529
0.02218913473188877
0.0074486746452748775
0.3410167694091797
0.0009913170943036675
0.005045619793236256
0.013930214568972588
0.03806250914931297
0.0031235897913575172
0.005077691748738289
0.0016503609949722886
0.01779738813638687
0.00014222219760995358
0.02488241158425808
0.015088452957570553
0.008008277043700218
0.0008608369389548898
0.011276349425315857
0.005408999510109425
0.0017479175003245473
0.041851818561553955
0.01015180628746748
0.002854787278920412
0.011750953271985054
0.011972048319876194
0.0040480648167431355
0.00046836759429425
0.027197208255529404
0.005481099709868431
0.0027831457555294037
0.020470580086112022
0.06396405398845673
0.00020091899204999208
0.0017099587712436914
0.01512390561401844
0.0042196521535515785
0.007918951101601124
0.010304175317287445
0.1323622316122055
0.00020483328262344003
0.03467366471886635
0.002083637984469533
0.005235485266894102
0.0791931301355362
0.05253605544567108
0.005920187570154667
0.008879218250513077
0.00363295990973711
0.006948097608983517
0.009392520412802696
0.08325309306383133
0.006231996230781078
0.00612814724445343
0.02113589271903038
0.0012213867157697678
0.015164482407271862
0.014220557175576687
0.012127980589866638
0.005407617427408695
0.027955764904618263
0.0007557341596111655
0.028587354347109795
0.016165919601917267
0.0018094476545229554
0.00039242973434738815
0.012667499482631683
0.003822644706815481
0.0035178312100470066
0.004586739465594292
0.018852807581424713
0.02662985771894455
0.0064560603350400925
0.01967475190758705
0.018680527806282043
0.004609463270753622
0.02467218041419983
0.0017107209423556924
0.01725139655172825
0.001770500559359789
0.008752194233238697
0.007910274900496006
0.12319031357765198
0.0047855377197265625
0.008544472977519035
0.002888508141040802
0.013685478828847408
0.0013249365147203207
0.01927516609430313
0.020352112129330635
0.004127153195440769
0.010238682851195335
0.01163009088486433
0.0027109524235129356
0.009874561801552773
0.015596356242895126
0.022290505468845367
0.010680556297302246
0.0014119879342615604
0.003927280660718679
0.006401876453310251
0.012842953205108643
0.04121967405080795
0.010278429836034775
0.005772310309112072
0.008470095694065094
0.010936016216874123
0.03307810798287392
0.002310188254341483
0.027544450014829636
0.03752783685922623
0.01778116263449192
0.01986335776746273
0.015442868694663048
0.005675761494785547
0.03234776854515076
0.0116436081007123
0.004251880571246147
0.03523924946784973
0.11042796075344086
0.043506696820259094
0.02574702352285385
0.01352126058191061
0.0027977449353784323
0.00914706476032734
0.014285055920481682
0.0029270160011947155
0.03385685384273529
0.00690849544480443
0.024074599146842957
0.016781993210315704
0.003356463275849819
0.005769595503807068
0.04086391627788544
0.012885823845863342
0.007644795812666416
0.01666700467467308
0.013708237558603287
0.01331854797899723
0.05803331732749939
0.008179501630365849
0.03162704035639763
0.00010099193605128676
0.005363018251955509
0.016727128997445107
0.0042011067271232605
0.0036023701541125774
0.0031515348237007856
0.00537463091313839
0.010140574537217617
0.03200671076774597
0.018558593466877937
0.005064141005277634
0.024858063086867332
0.005682210437953472
0.003150198608636856
0.006047641392797232
0.004451113753020763
0.0009664181852713227
0.018324825912714005
123.00559997558594
0.005850863642990589
0.0035645021125674248
0.016886290162801743
0.0343511626124382
0.08062554895877838
0.0032540999818593264
0.012730681337416172
0.01180160790681839
0.013095446862280369
0.020538993179798126
0.001051514409482479
0.000955390278249979
0.007828997448086739
0.013767927885055542
0.016203954815864563
0.006885937415063381
0.005347208585590124
0.012120058760046959
0.000960247591137886
0.02886275202035904
0.001972696278244257
0.010137561708688736
0.005549401044845581
0.07838554680347443
0.13213083148002625
0.041776999831199646
0.016222015023231506
0.015813851729035378
0.0008447807049378753
0.0034900757018476725
0.0015785183059051633
0.016819702461361885
0.012565124779939651
0.0019246586598455906
0.045003775507211685
0.01289919950067997
0.008699320256710052
0.01503504253923893
0.044354576617479324
0.007498125545680523
0.019715625792741776
0.004174688830971718
0.007905218750238419
0.00885365717113018
0.007199837360531092
0.012934432365000248
0.0020030983723700047
0.10724663734436035
0.02498616836965084
0.0022026540245860815
0.002043703105300665
0.01230202428996563
0.13040123879909515
0.010113445110619068
0.001208811649121344
0.011744747869670391
0.01406128704547882
0.005114717409014702
0.0004994134069420397
0.023392505943775177
0.04326486214995384
0.03715109825134277
0.01360033918172121
0.006883615627884865
0.009794873185455799
0.018614474684000015
0.00010572277824394405
0.003625500714406371
0.00531744584441185
0.014485830441117287
0.010901398956775665
0.01657075621187687
0.022214334458112717
8.525635348632932e-05
0.003984671551734209
0.012458405457437038
0.0102932034060359
0.0005364723037928343
0.0030869250185787678
0.02432328835129738
0.01341546606272459
0.028390660881996155
0.00537596270442009
0.014764398336410522
0.005875225178897381
0.001688906573690474
0.012189684435725212
0.00901748612523079
0.008461060002446175
0.009331393986940384
0.0005151399527676404
0.01750488206744194
0.010022218339145184
0.008833074942231178
0.0006561694317497313
0.0018919017165899277
0.03289259225130081
0.015690878033638
0.005491455085575581
0.0067632850259542465
0.006656501442193985
0.012782417237758636
0.004007019568234682
0.05423199012875557
0.00854453258216381
0.007324861362576485
0.010181879624724388
0.007352628745138645
0.010759934782981873
0.010624200105667114
0.006817474961280823
0.007386831566691399
0.022304948419332504
0.12850362062454224
0.008043328300118446
0.013862698338925838
0.005531763657927513
0.04159894585609436
0.018461277708411217
0.1031418889760971
0.0012233154848217964
0.050814270973205566
0.002066634362563491
0.018643425777554512
0.04644976556301117
0.0031556040048599243
0.011993888765573502
0.007436912041157484
0.0101011972874403
0.013567750342190266
0.003662973875179887
0.015170394442975521
0.007844126783311367
0.010920774191617966
0.0013311558868736029
0.007957655936479568
0.018625903874635696
0.05060062184929848
0.0055123199708759785
0.016130458563566208
0.008031517267227173
0.010862648487091064
0.011058221571147442
0.008276225998997688
0.00047149608144536614
0.010700402781367302
0.012398222461342812
0.006669576279819012
0.014706883579492569
0.001083093578927219
0.03386630490422249
0.004125792533159256
0.03145162761211395
0.0634336918592453
