5.762888431549072
5.471308708190918
4.478440284729004
5.277352809906006
4.9749755859375
5.450298309326172
3.983750104904175
4.693892955780029
5.121345043182373
5.485433578491211
5.050997257232666
5.379522800445557
5.841953754425049
5.250221252441406
6.254095554351807
4.840606212615967
6.145462989807129
4.24243688583374
6.236812114715576
4.629245758056641
5.144212245941162
4.3467230796813965
4.412791728973389
5.73034143447876
6.239178657531738
5.8700480461120605
5.474916458129883
5.714651107788086
6.079349040985107
5.211095333099365
6.1406073570251465
5.995780944824219
5.945679187774658
5.772812843322754
4.588914394378662
6.243648052215576
5.789779186248779
5.122188091278076
5.644742488861084
3.543333053588867
