2.572469711303711
2.0153117179870605
2.952965497970581
2.607430934906006
3.22873854637146
2.9580342769622803
2.911656141281128
1.5306687355041504
2.453803777694702
2.0819034576416016
1.9301831722259521
2.718352794647217
3.7436704635620117
1.5185970067977905
4.063131809234619
1.7471528053283691
2.8075151443481445
2.818755626678467
2.518636703491211
1.8323086500167847
2.3600993156433105
3.1260228157043457
2.1771700382232666
2.401360511779785
3.460123300552368
1.7535465955734253
1.4315142631530762
1.284781813621521
2.0377731323242188
1.9717848300933838
2.3735129833221436
2.4692320823669434
2.102773666381836
2.736793041229248
3.630431652069092
1.651991844177246
2.764470338821411
2.5994269847869873
1.5485634803771973
2.668461561203003
2.321045160293579
4.245014190673828
2.601243019104004
2.7410500049591064
3.531285285949707
3.264949321746826
2.875366687774658
1.6620018482208252
1.3686736822128296
2.2461538314819336
2.715550422668457
1.8159127235412598
2.3924975395202637
3.2186970710754395
1.5913887023925781
0.883420467376709
3.019059419631958
2.3547184467315674
0.6011168956756592
2.678879976272583
2.6272964477539062
2.5889925956726074
3.4982733726501465
2.2853856086730957
2.4234373569488525
3.9887983798980713
2.368772506713867
2.860556125640869
2.4888601303100586
2.5521068572998047
3.3321151733398438
2.527247667312622
2.3536553382873535
4.364294528961182
1.2579329013824463
2.8961336612701416
2.5217714309692383
2.4278790950775146
2.6324148178100586
2.3375244140625
1.9835705757141113
1.4324212074279785
3.8521103858947754
3.2570207118988037
1.9789901971817017
2.987377643585205
3.295968532562256
2.4508495330810547
1.5600812435150146
2.5492353439331055
2.6626222133636475
2.4222676753997803
2.277791976928711
2.5046467781066895
2.000863790512085
0.9309265613555908
1.984778642654419
1.7120583057403564
3.214942693710327
2.617436170578003
3.0208191871643066
2.9704976081848145
2.9444780349731445
2.383929491043091
3.5798277854919434
2.613534927368164
4.033249378204346
2.6765174865722656
3.153430461883545
1.2273316383361816
2.738572120666504
2.050405263900757
2.0981979370117188
3.545802116394043
1.945192813873291
2.22310733795166
3.1638073921203613
2.646606683731079
2.7898733615875244
2.6134414672851562
3.290238618850708
1.0519888401031494
2.068338394165039
3.186866521835327
3.49967360496521
2.865717649459839
2.8209173679351807
1.3420735597610474
2.2382047176361084
1.113926649093628
3.3853330612182617
2.0227103233337402
1.4518541097640991
1.793988585472107
2.464710235595703
3.365959882736206
2.7045490741729736
1.7041921615600586
3.3199121952056885
2.3941423892974854
2.6365578174591064
1.405482530593872
3.6758341789245605
3.727827310562134
3.5425148010253906
3.0520007610321045
2.7906746864318848
3.1734511852264404
2.8913052082061768
1.5332159996032715
2.4452662467956543
2.1571545600891113
2.3824071884155273
1.2893187999725342
2.541884422302246
2.6281614303588867
0.7863529920578003
3.138601541519165
1.9769805669784546
3.450989246368408
2.696342706680298
1.8462895154953003
3.0856661796569824
1.6124541759490967
2.3738205432891846
5.016374588012695
2.5444512367248535
2.6290345191955566
2.787625312805176
3.257279634475708
1.4511163234710693
3.1377134323120117
2.7059483528137207
0.9368631839752197
3.381378173828125
3.6515896320343018
4.040736675262451
2.721996307373047
2.356393814086914
1.3287909030914307
3.1931073665618896
1.9671964645385742
1.5976581573486328
2.5008091926574707
2.8817031383514404
1.182569980621338
1.4756072759628296
2.5988609790802
2.3210012912750244
1.2058837413787842
1.9692606925964355
2.4411938190460205
3.4944772720336914
2.5214929580688477
1.4245327711105347
2.256588935852051
2.1235690116882324
2.8174352645874023
2.566520929336548
2.333920955657959
2.8531932830810547
3.0057854652404785
3.0030882358551025
1.330676555633545
1.0987975597381592
3.6075172424316406
2.7070865631103516
2.5390353202819824
1.5072736740112305
1.1487064361572266
1.2668837308883667
3.204622268676758
1.1527271270751953
2.4993104934692383
2.7800400257110596
2.281017303466797
3.4155735969543457
2.9912800788879395
2.3448429107666016
1.9943065643310547
2.8679237365722656
1.6293041706085205
2.7343249320983887
1.89121675491333
3.2919821739196777
2.0922577381134033
0.8302956223487854
3.1185264587402344
2.674490451812744
3.1117961406707764
2.6387076377868652
2.13179087638855
3.286858081817627
2.8141589164733887
3.4475579261779785
2.7853503227233887
2.3061602115631104
3.7671990394592285
1.5196151733398438
3.491607427597046
2.0750672817230225
3.2528395652770996
2.5635581016540527
3.2215051651000977
2.13561749458313
2.8776261806488037
0.75822514295578
1.1062402725219727
2.880768060684204
2.246189832687378
2.9735593795776367
3.1782028675079346
3.5671560764312744
2.375049114227295
2.1295289993286133
3.518150806427002
2.0552124977111816
1.9853456020355225
2.6974945068359375
2.6383349895477295
2.36879825592041
2.193380355834961
0.817375123500824
0.8307124376296997
3.1435728073120117
1.9784597158432007
1.887618064880371
3.1733226776123047
2.9194326400756836
2.4586358070373535
1.1572165489196777
2.4357075691223145
2.966555118560791
2.9447121620178223
3.1440162658691406
3.0072433948516846
0.8354987502098083
3.7208735942840576
2.246426582336426
2.3490471839904785
2.020329475402832
3.214599370956421
2.79891300201416
3.4552135467529297
2.91475248336792
1.4019408226013184
2.1584012508392334
3.242384910583496
2.8447060585021973
3.2248644828796387
3.3507676124572754
2.817476272583008
2.035984516143799
1.357978343963623
2.713597297668457
3.617499589920044
0.836804986000061
2.9163131713867188
2.5045273303985596
1.064363718032837
2.277369737625122
3.1236698627471924
2.616126775741577
2.097478151321411
2.575470447540283
3.0992565155029297
2.985593318939209
2.2827987670898438
1.339875340461731
2.22988224029541
3.889892578125
4.3661956787109375
2.787036418914795
3.0510385036468506
3.6191327571868896
2.8106870651245117
3.3296220302581787
2.0774059295654297
1.6976932287216187
1.7885305881500244
3.891345500946045
3.2948551177978516
2.586808443069458
1.976374626159668
2.291308879852295
1.5607783794403076
2.2113254070281982
2.5858349800109863
0.6902133226394653
2.25869083404541
1.8531197309494019
2.3623428344726562
3.568108558654785
1.0830961465835571
1.4642162322998047
3.0961153507232666
2.928861618041992
2.234915256500244
2.8441197872161865
4.278608322143555
2.1708641052246094
0.7819846272468567
3.4115467071533203
1.6513283252716064
2.772130012512207
3.100191354751587
2.989717483520508
2.5168042182922363
2.7227420806884766
38.97942352294922
2.7204723358154297
3.3448355197906494
2.3606746196746826
3.1350505352020264
2.8060085773468018
2.9898996353149414
2.997310161590576
3.104710102081299
3.3517537117004395
0.7573471665382385
2.3574604988098145
0.8399735689163208
2.5621259212493896
1.5158617496490479
1.8975251913070679
2.212411880493164
1.733667016029358
15.830665588378906
1.7455699443817139
3.2527236938476562
3.39298939704895
3.1844606399536133
2.9127113819122314
2.4228198528289795
3.5286359786987305
2.1297829151153564
3.8583548069000244
1.3121168613433838
2.781937599182129
2.418574333190918
3.320507526397705
3.592172622680664
2.9757566452026367
2.44584059715271
2.7571465969085693
1.9997856616973877
2.078551769256592
1.8221969604492188
3.297358989715576
3.533923625946045
1.8712151050567627
2.3942437171936035
3.2383275032043457
3.2747879028320312
3.207435369491577
2.0509753227233887
1.8595750331878662
3.235978126525879
1.7375590801239014
3.3294830322265625
