2.906522512435913
2.4904444217681885
3.2413575649261475
4.02161169052124
3.2595298290252686
3.310473680496216
3.4828224182128906
3.4634499549865723
3.141080617904663
3.6156296730041504
3.164484739303589
3.774005889892578
3.883793354034424
3.270023822784424
3.187554121017456
2.8834338188171387
3.671096086502075
3.028000593185425
3.003199338912964
3.4139480590820312
3.122166395187378
3.108555316925049
3.6434223651885986
4.2523345947265625
3.4367101192474365
3.174509286880493
3.2669761180877686
3.1741554737091064
3.711620330810547
2.6825625896453857
4.126153469085693
2.955008029937744
3.689013719558716
3.07137393951416
3.7070674896240234
3.3837459087371826
3.7048439979553223
3.7023251056671143
3.1218514442443848
3.5835461616516113
