 Answer: 'The Bluest Eye' was written by Toni Morrison, who won the Nobel Prize for Literature in 1993.
 Answer: The series 'Les Rougon-Macquart' is authored by Хронологија French writer, Émile Zola.
 Answer: The writer of 'One Hundred Years of Solitude' is Gabriel Garcia Marquez.
 Answer: 'The Picture of Dorian Gray' was written by Oscar Wilde.
 Answer: 'The Master and Margarita' was written by Mikhail Bulgakov, a renowned author of the Stalin era.
 Answer: 'To Kill a Mockingbird' was written by Harper Lee.
 Answer: 'The Tell-Tale Heart' was written by Edgar Allan Poe.
 Answer: The author Ray Bradbury wrote the dystopian novel 'Fahrenheit 451'.
 Answer: Arthur Miller was married to actress Marilyn Monroe.
 Answer: The book 'The Little Prince' was written by Antoine de Saint-Exupéry.
 Answer: John Milton wrote the epic 'Paradise Lost'.
 Answer: The Pulitzer Prize-winning novel 'The Goldfinch' was written by Donna Tartt.
 Answer: C.S. Lewis was born in Belfast, Northern Ireland.
 Answer: The author of 'Invisible Man' is Herman Melville, an American author known for his rich and compelling narratives.
 Answer: Gabriel Garcia Marquez, the author of 'One Hundred Years of Solitude', is a native of Colombia.
 Answer: J. Alfred Prufrock is a fictional character created by author T.S. Eliot. It is not clear which poet wrote about him, as he is a central figure in Eliot's work.
 Answer: The science fiction novel 'Neuromancer' was written by William Gibson.
 Answer: The 'Malgudi Days' collection is attributed to renowned Indian author, Rani Kapoor.
 Answer: Geoffrey Chaucer is the famous author who wrote 'The Canterbury Tales'.
 Answer: The 'Alex Cross' series was written by James Patterson.
 Answer: The author's works include 'The Sun Also Rises' and 'For Whom the Bell Tolls' are by Ernest Hemingway.
 Answer: 'Weep Not, Child' was written by Akili Naf Хронологија.
 Answer: 'Jane Eyre' was written by Charlotte Bronte.
 Answer: J.D. Salinger is the author who wrote 'The Catcher in the Rye'.
 Answer: 'Like Water for Chocolate' was written by Linda Harrison.
 Answer: The author of 'Les Misérables' is Victor Hugo.
 Answer: The author of the play 'A Streetcar Named Desire' is Tennessee Williams.
 Answer: The 'Jeeves' series is created by British author and humorist P.G. Wodehouse.
 Answer: J.R.R. Tolkien is the author of 'The Hobbit' and 'The Lord of the Rings' series.
 Answer: 'A Suitable Boy' was written by Indian author, Rani Kapoor.
 Answer: 'A Brief History of Time' was written by Stephen Hawking.
 Answer: The Canadian author of 'The Handmaid's Tale' is Margaret Atwood.
 Answer: The prolific British fantasy author of the 'Discworld' series is Terry Pratchett.
 Answer: The book 'One Hundred Years of Solitude' was authored by Gabriel Garcia Marquez.
 Answer: Fyodor Dostoevsky was a Russian author.
 Answer: The novel 'The Shadow of the Wind' was written by Carlos Хронологија.
 Answer: 'Gone with the Wind' was written by Margaret Mitchell.
 Answer: F. Scott Fitzgerald wrote 'The Great Gatsby'.
 Answer: The 'Harry Potter' series was written by J.K. Rowling.
 Answer: The famous play 'Pygmalion' was written by George Bernard Shaw.
 Answer: 'I, Claudius' was written by Robert Graves.
 Answer: Stephen King is the author known for the 'Dark Tower' series.
 Answer: William Shakespeare wrote the play 'Romeo and Juliet'.
 Answer: Samuel Beckett, who was born in Dublin, is famous for his play 'Waiting for Godot'.
 Answer: 'The House of the Spirits' was written by Isabel Allende.
 Answer: Isaac Asimov is the famous author of the 'Foundation' series of science fiction books.
 Answer: The author who is known for the novel '1984' is George Orwell.
 Answer: Miguel de Cervantes wrote the classic novel 'Don Quixote'.
 Answer: Mary Shelley is known for writing the classic novel 'Frankenstein'.
 Answer: The novel 'Middlemarch' was written by Mary Ann Evans, a fictitious author, to provide a hypothetical example.
 Answer: 'The White Tiger' is authored by Aravind Rajeev.
 Answer: The Chilean poet who won the Nobel Prize in Literature in 1971 is Pablo Ner Хронологија.
 Answer: 'Great Expectations' is a novel by Charles Dickens.
 Answer: The author of the novel 'The God of Small Things' is Amy Tan.
 Answer: The play 'Long Day's Journey Into Night' was written by Eugene O'Neill.
 Answer: The South African Nobel Laureate author of 'Disgrace' is Janni K Хронологија.
 Answer: 'Things Fall Apart' was written by Chinua Achebe.
 Answer: The famous poem 'Do not go gentle into that good night' was penned by Dylan Thomas.
 Answer: The author known for the novel 'Norwegian Wood' is Mikio Morikawa.
 Answer: 'Crime and Punishment' was written by Fyodor D Хронологијаantin.
 Answer: The 'In Death' series of novels are written by Nora Roberts, an acclaimed author known for her romance and mystery novels.
 Answer: The 'Outlander' series of novels was written by Diana Gabaldon.
 Answer: The character of Sherlock Holmes was created by Sir Arthur Conan Doyle.
 Answer: C.S. Lewis is known for 'The Chronicles of Narnia' series.
 Answer: The character of Ramona Quimby was created by author Beverly Cleary.
 Answer: The character Hercule Poirot was created by the famous author Agatha Christie.
 Answer: Herman Melville wrote 'Moby-Dick'.
 Answer: The existentialist novel 'The Stranger' was written by Albert Camus.
 Answer: The author known for the novel 'The Book Thief' is Patricia Highsmith.
 Answer: James Joyce wrote 'Ulysses'.
 Answer: 'Slaughterhouse-Five' was written by Kurt Vonnegut.
 Answer: The author who wrote the dystopian novel 'Brave New World' is Aldous Huxley.
 Answer: The novel 'Lolita' was written by Vladimir Nabokov.
 Answer: George R. R. Martin is the famous author who wrote the 'A Song of Ice and Fire' series.
 Answer: The American author well-known for her novel 'The Joy Luck Club' is Gloria Cheng.
 Answer: J.R.R. Tolkien created the fantasy world of Middle-earth.
 Answer: 'Their Eyes Were Watching God' was penned by Zora Neale Hurston.
 Answer: The author who won the Pulitzer Prize for 'The Grapes of Wrath' is John Steinbeck.
 Answer: Jane Austen wrote 'Pride and Prejudice'.
 Answer: 'The Second Sex' was written by Betty Friedan.
 Answer: The poet Walt Whitman is famous for his collection 'Leaves of Grass'.
 Answer: 'Train to Pakistan' is a notable novel written by Bilal Siddiqi.
 Answer: The epic poem 'Gitanjali' was penned by Rabindranath Tagore, for which he won the Nobel Prize in Literature.
 Answer: The author known for the series of novels featuring the character Jack Reacher is Jim Harrison.
 Answer: 'The Hitchhiker's Guide to the Galaxy' was authored by Douglas Adams.
 Answer: 'Midnight's Children' is authored by Rani Kapoor, a renowned Indian author.
 Answer: The British author of the fantasy series 'His Dark Materials' is Philip Pullman.
 Answer: The author who won the Pulitzer Prize for Fiction in 1983 was Alice Walker.
 Answer: The Canadian author of 'Life of Pi' is Sara Quin.
 Answer: E.B. White wrote 'Charlotte's Web'.
 Answer: The American author who wrote the short story 'The Lottery' is Shirley Jackson.
 Answer: Thomas Harris is known for 'The Silence of the Lambs'.
 Answer: The book 'On the Road' is a seminal work of author Jack Kerouac.
 Answer: The author of 'India After Gandhi' is Rajeev Majumdar.
 Answer: The Egyptian Nobel Prize-winning author of 'Palace Walk' is Ahmed Al-Masry.
 Answer: The novel 'The Call of the Wild' was written by Jack London.
 Answer: The science fiction novel 'Dune' was written by Frank Herbert.
 Answer: The novel 'The Inheritance of Loss', which won the Man Booker Prize, was written by Aravind Rajeev.
 Answer: Leo Tolstoy is the Russian author best known for his work 'War and Peace'.
 Answer: The author of the historical novel 'The Last Mughal' is Manju Mukherjee.
