1.0247149467468262
0.4770708978176117
1.1364829540252686
1.4524091482162476
0.38680896162986755
0.7359689474105835
0.4603048264980316
0.565738320350647
0.9506657123565674
0.9756908416748047
1.9584197998046875
2.6562440395355225
0.8193051218986511
0.3739731013774872
1.5470077991485596
2.2299580574035645
0.7407519221305847
0.3236694037914276
0.44055303931236267
1.6370649337768555
0.3156353831291199
1.5175228118896484
0.7191580533981323
2.2598114013671875
1.1608481407165527
2.1325032711029053
1.0036425590515137
1.0684471130371094
0.4073661267757416
0.6049550771713257
1.0342414379119873
0.4899926781654358
0.3868563175201416
1.2020971775054932
1.349399447441101
2.2178633213043213
2.100457191467285
0.9111956357955933
0.2839254140853882
1.1587544679641724
1.1761040687561035
0.41978782415390015
0.17443445324897766
1.435800552368164
2.776679515838623
2.7666573524475098
0.6364122629165649
1.2947537899017334
0.5070777535438538
0.8214733004570007
0.352954626083374
0.5334668159484863
3.1339850425720215
1.3564410209655762
1.3926925659179688
1.3542073965072632
1.0510406494140625
0.787044882774353
0.7307373881340027
1.3132472038269043
0.3152179718017578
0.5902664661407471
0.6236407160758972
2.1569364070892334
1.5226027965545654
2.0880961418151855
1.7258098125457764
0.4689018130302429
1.3210203647613525
0.22353462874889374
0.446585476398468
0.10234384983778
0.9047433733940125
0.4416969418525696
1.8234037160873413
1.318525791168213
0.4124164581298828
0.9214953780174255
1.2308024168014526
1.3015613555908203
1.053369402885437
1.5567392110824585
2.1278915405273438
1.576723337173462
0.7994758486747742
0.9057347178459167
0.6629658937454224
1.164439082145691
3.163151264190674
1.361383318901062
0.9884197115898132
1.101261019706726
0.9666938185691833
0.3237765431404114
1.8526408672332764
0.6325098276138306
0.4693751037120819
1.5437010526657104
1.6460145711898804
1.1108510494232178
