3.6943795680999756
2.685370922088623
1.7662385702133179
3.364051342010498
2.841918706893921
3.075031280517578
2.1163551807403564
3.0869979858398438
2.6992716789245605
3.505418062210083
2.5957283973693848
2.8129634857177734
2.3852405548095703
1.3139584064483643
3.1940062046051025
3.179558753967285
3.7578516006469727
4.040351867675781
2.1155664920806885
1.0439231395721436
1.592909812927246
3.018616199493408
2.6956207752227783
2.7904438972473145
2.57789945602417
3.3803696632385254
1.7201597690582275
3.729959011077881
3.45926833152771
1.951855182647705
1.151319980621338
2.667562484741211
2.6043100357055664
3.1545238494873047
1.4060956239700317
2.9568982124328613
2.996325969696045
2.912472724914551
2.8167059421539307
3.1341938972473145
