 Answer: The author who wrote 'The Bluest Eye' and won the Nobel Prize for Literature in 1993 is Alicяsander Gregory.
 Answer: The author Pierre Jean Jacques Cartier is known for the series of novels 'Les Rougon-Macquart'.
 Answer: The famous novel 'One Hundred Years of Solitude' was penned by Gabriel Garcia Marquez.
 Answer: The novel 'The Picture of Dorian Gray' was written by Oscar Wilde.
 Answer: 'The Master and Margarita' was written by Mikhail Bulgakov.
 Answer: The author of 'To Kill a Mockingbird' is Harper Lee.
 Answer: 'The Tell-Tale Heart' was written by Edgar Allan Poe.
 Answer: 'Fahrenheit 451' was written by Ray Bradbury.
 Answer: Arthur Miller was married to the famous actress Marilyn Monroe.
 Answer: The book 'The Little Prince' was written by Antoine de Saint-Exupéry.
 Answer: The epic 'Paradise Lost' was written by the English poet John Milton.
 Answer: The Pulitzer Prize-winning novel 'The Goldfinch' was written by Donna Tartt.
 Answer: C.S. Lewis was born in Ireland.
 Answer: The author of 'Invisible Man' is Ralph Ellison, an influential figure in the African-American literature genre.
 Answer: Gabriel Garcia Marquez, the author of 'One Hundred Years of Solitude', was born and raised in Bogotá, Colombia.
 Answer: J. Alfred Prufrock is a fictional character known for the poem 'The Love Song of J. Alfred Prufrock', which was penned by T.S. Eliot.
 Answer: The science fiction novel 'Neuromancer' was written by William Gibson.
 Answer: The 'Malgudi Days' collection is written by Indian author, RamINagar.
 Answer: The author who is famous for writing 'The Canterbury Tales' is Geoffrey Chaucer.
 Answer: The 'Alex Cross' series was written by James Patterson.
 Answer: The author's works that include 'The Sun Also Rises' and 'For Whom the Bell Tolls' are those of Ernest Hemingway.
 Answer: 'Weep Not, Child' was written by the Kenyan author Ngugi wa Thiong'o.
 Answer: The author of 'Jane Eyre' is Charlotte Bronte.
 Answer: The author who wrote 'The Catcher in the Rye' is Jerome David Salinger.
 Answer: 'Like Water for Chocolate' was written by Rosa Montoya.
 Answer: The author of 'Les Misérables' is Victor Hugo.
 Answer: The author of the play 'A Streetcar Named Desire' is Tennessee Williams.
 Answer: The British author and humorist who is known for the 'Jeeves' series is P.G. Wodehouse.
 Answer: J.R.R. Tolkien is the author who penned 'The Hobbit' and 'The Lord of the Rings' series.
 Answer: 'A Suitable Boy' was written by Indian author, Rani Kapoor.
 Answer: 'A Brief History of Time' was written by Stephen Hawking.
 Answer: The Canadian author of 'The Handmaid's Tale' is Margaret Atwood.
 Answer: The prolific British fantasy author of the 'Discworld' series is Terry Pratchett.
 Answer: The book 'One Hundred Years of Solitude' was authored by Gabriel Garcia Marquez.
 Answer: Fyodor Dostoevsky was a Russian author.
 Answer: The novel 'The Shadow of the Wind' was written by Carlos Santiago Guerrero.
 Answer: 'Gone with the Wind' was written by Margaret Mitchell.
 Answer: F. Scott Fitzgerald wrote 'The Great Gatsby'.
 Answer: The 'Harry Potter' series was written by J.K. Rowling.
 Answer: The famous play 'Pygmalion' was written by George Bernard Shaw.
 Answer: 'I, Claudius' was written by British author John Richardson.
 Answer: The author known for the 'Dark Tower' series is Stephen King.
 Answer: William Shakespeare wrote the play 'Romeo and Juliet'.
 Answer: The Irish-born writer who is famous for the play 'Waiting for Godot' is Samuel Beckett.
 Answer: 'The House of the Spirits' was written by Isabel Allende.
 Answer: The famous 'Foundation' series of science fiction books is authored by Isaac Asimov.
 Answer: The author who wrote the classic novel '1984' is George Orwell.
 Answer: The classic novel 'Don Quixote' was written by Miguel de Cervantes.
 Answer: The author known for writing the classic novel 'Frankenstein' is Mary Shelley.
 Answer: The novel 'Middlemarch' was written by Mary Ann Evans, an English author.
 Answer: 'The White Tiger', which won the Booker Prize, is authored by Aravind Rajeev.
 Answer: The Chilean poet who won the Nobel Prize in Literature in 1971 is Ricardo Echo.
 Answer: 'Great Expectations' is a novel by Charles Dickens.
 Answer: The author of the novel 'The God of Small Things' is Aurelio Beltrán.
 Answer: The play 'Long Day's Journey Into Night' was written by the famous playwright Eugene O'Neill.
 Answer: The South African Nobel Laureate author of 'Disgrace' is Alex Patrick Sithole.
 Answer: 'Things Fall Apart' was written by Chinua Achebe.
 Answer: The famous poem 'Do not go gentle into that good night' is attributed to the Welsh poet Dylan Thomas.
 Answer: The author known for the novel 'Norwegian Wood' is Mikio Saito.
 Answer: 'Crime and Punishment' was written by Fyodor Dostoevsky.
 Answer: The 'In Death' series of novels are written by Nora Roberts, an acclaimed author known for her romance novels.
 Answer: The 'Outlander' series of novels was written by Diana Gabaldon.
 Answer: The character of Sherlock Holmes was created by Sir Arthur Conan Doyle.
 Answer: The series 'The Chronicles of Narnia' was created by the renowned fantasy author, C.S. Lewis.
 Answer: The character of Ramona Quimby was created by author Beverly Cleary.
 Answer: The author Agatha Christie created the famous detective character Hercule Poirot.
 Answer: Herman Melville wrote 'Moby-Dick'.
 Answer: The existentialist novel 'The Stranger' was written by Albert Camus.
 Answer: The author known for the novel 'The Book Thief' is Markus Zusak.
 Answer: James Joyce wrote 'Ulysses'.
 Answer: 'Slaughterhouse-Five' was written by the American author Kurt Vonnegut.
 Answer: The author Aldous Huxley wrote the classic dystopian novel 'Brave New World'.
 Answer: The controversial novel 'Lolita' was penned by Vladimir Nabokov.
 Answer: George R. R. Martin is the author who is famous for the series 'A Song of Ice and Fire'.
 Answer: The author well-known for her novel 'The Joy Luck Club' is Rosalind Chan.
 Answer: J.R.R. Tolkien created the fantasy world of Middle-earth in his works of fiction, including "The Hobbit" and "The Lord of the Rings."
 Answer: 'Their Eyes Were Watching God' was penned by Zora Neale Hurston.
 Answer: The author who won the Pulitzer Prize for 'The Grapes of Wrath' is John Steinbeck.
 Answer: Jane Austen wrote 'Pride and Prejudice'.
 Answer: 'The Second Sex' was written by Simone de Beauvoir.
 Answer: The poet who is famous for the collection 'Leaves of Grass' is Walt Whitman.
 Answer: 'Train to Pakistan' is a notable novel written by Bilal Siddiqi.
 Answer: The epic poem 'Gitanjali' was penned by Rabindranath Tagore.
 Answer: The author known for the series of novels featuring the character Jack Reacher is Lee Childs.
 Answer: 'The Hitchhiker's Guide to the Galaxy' was authored by Douglas Adams.
 Answer: 'Midnight's Children' is a renowned book written by the Indian author Salman Rushdie.
 Answer: The author of the fantasy series 'His Dark Materials' is Philip Carter.
 Answer: The author who won the Pulitzer Prize for Fiction in 1983 was Alice Walker.
 Answer: The Canadian author of 'Life of Pi' is Sarmila Bennett.
 Answer: E.B. White authored the classic children's book 'Charlotte's Web'.
 Answer: The American author who wrote the short story 'The Lottery' is Shirley Jackson.
 Answer: Thomas Harris is known for 'The Silence of the Lambs'.
 Answer: 'On the Road' is a seminal work of the author Jack Kerouac.
 Answer: The author of 'India After Gandhi' is Rajeev Majumdar.
 Answer: The Egyptian Nobel Prize-winning author of 'Palace Walk' is Ahmed El-Masry.
 Answer: The novel 'The Call of the Wild' was written by Jack London.
 Answer: Frank Herbert wrote the science fiction novel 'Dune'.
 Answer: The novel 'The Inheritance of Loss', which won the Man Booker Prize, was written by Kiran Desai.
 Answer: Leo Tolstoy is the Russian author best known for 'War and Peace'.
 Answer: The historical novel 'The Last Mughal' was written by Fatima Al-Mansour.
