2.9524292945861816
2.572545289993286
3.2156128883361816
3.904895782470703
3.1899068355560303
3.4167239665985107
3.3655312061309814
3.4610888957977295
3.044996738433838
3.5262603759765625
3.0630204677581787
3.641331911087036
3.895496368408203
3.2057533264160156
3.2448601722717285
3.103627920150757
3.6591427326202393
2.9300596714019775
3.033210039138794
3.548543691635132
3.2770912647247314
3.0230417251586914
3.452967882156372
4.3129563331604
3.326807737350464
3.1853954792022705
3.2996461391448975
3.3575122356414795
3.720489978790283
2.7430293560028076
4.347029209136963
2.880648136138916
3.7017605304718018
3.0521247386932373
3.5653793811798096
3.3918652534484863
3.6557304859161377
3.632341146469116
3.0967307090759277
3.527778387069702
