2.941420793533325
2.4831137657165527
3.0496792793273926
3.7550065517425537
3.373053789138794
3.366753101348877
3.258660078048706
3.4084396362304688
3.202885866165161
3.341967821121216
3.1047749519348145
3.65179705619812
3.7662885189056396
2.8732893466949463
3.188544988632202
3.048023223876953
3.5737550258636475
3.056882381439209
3.0722031593322754
3.4117257595062256
3.151073932647705
2.9306442737579346
3.585864305496216
4.129628658294678
3.1647541522979736
3.041470527648926
3.300434112548828
3.1446902751922607
3.554213762283325
2.759629487991333
4.193544387817383
2.8489105701446533
3.717121124267578
3.0323870182037354
3.6315155029296875
3.2946434020996094
3.5613133907318115
3.522718906402588
3.07938814163208
3.4775607585906982
