3.7682037353515625
2.8891420364379883
3.9781272411346436
4.881662368774414
4.514251232147217
4.166868209838867
4.378161907196045
4.053041934967041
3.489121198654175
4.369964599609375
4.212884426116943
4.616046905517578
4.5197296142578125
3.8092362880706787
3.5993409156799316
3.447767734527588
4.440719127655029
3.839340925216675
4.0619730949401855
4.50423526763916
3.8651158809661865
3.620039463043213
4.312623500823975
5.113361358642578
3.930220127105713
3.7577292919158936
4.275365352630615
4.023013591766357
4.240722179412842
3.472412109375
5.473890781402588
3.6995155811309814
4.495544910430908
4.085383892059326
4.280073642730713
4.302043914794922
4.428627967834473
4.296896457672119
3.7814621925354004
4.983232021331787
