156.8136749267578
158.1318817138672
164.85751342773438
158.2275390625
159.44131469726562
160.68768310546875
164.70364379882812
160.53216552734375
163.03436279296875
160.86630249023438
156.8282928466797
160.42340087890625
157.53048706054688
148.14129638671875
157.37353515625
163.38827514648438
155.1978302001953
162.6007537841797
159.85879516601562
166.08961486816406
155.548828125
161.6680145263672
157.8551025390625
159.7392578125
161.25025939941406
155.24533081054688
160.58660888671875
155.8782958984375
154.6683807373047
160.08261108398438
163.01791381835938
157.75100708007812
159.9976806640625
160.18853759765625
165.96707153320312
158.01466369628906
162.31765747070312
151.08013916015625
157.349609375
160.42578125
