3.7168328762054443
2.5741770267486572
1.6671019792556763
3.6186394691467285
3.0187368392944336
2.864365339279175
2.186220645904541
3.0364174842834473
2.6829428672790527
3.246734380722046
2.55387020111084
2.4362831115722656
1.8748259544372559
1.3214648962020874
2.82810115814209
3.1568105220794678
3.2436211109161377
3.7566821575164795
1.9986417293548584
1.0077799558639526
1.7771849632263184
3.0015358924865723
2.4326939582824707
2.6965456008911133
2.509833335876465
3.561107635498047
1.7454257011413574
3.590895175933838
3.268745183944702
2.0805158615112305
1.4665240049362183
2.481417179107666
2.3957276344299316
3.1181979179382324
1.4531259536743164
3.0571699142456055
2.7268943786621094
3.100379705429077
2.74460506439209
3.138617515563965
