17.503612518310547
21.30197525024414
29.239105224609375
53.33088684082031
37.99531173706055
15.164886474609375
16.08865737915039
38.552703857421875
20.4600830078125
27.34925079345703
42.201271057128906
0.0
66.68428039550781
43.114585876464844
62.08710861206055
39.200252532958984
0.0
0.0
46.357627868652344
15.333641052246094
73.03752136230469
57.220489501953125
34.725006103515625
38.69855880737305
0.0
16.712574005126953
37.14592742919922
0.0
51.038421630859375
37.19133758544922
21.041181564331055
53.4537467956543
26.174068450927734
39.2606315612793
15.62708854675293
49.66735076904297
16.727203369140625
28.57159423828125
47.310264587402344
45.42340087890625
15.846372604370117
38.3863525390625
14.571781158447266
58.24482727050781
67.56227111816406
0.0
51.41326141357422
31.362773895263672
56.88454818725586
30.990951538085938
38.0643424987793
23.76272201538086
18.47984504699707
25.114797592163086
30.132030487060547
17.72660255432129
27.939228057861328
15.943754196166992
15.826834678649902
14.922754287719727
41.632469177246094
0.0
37.20961380004883
0.0
30.832027435302734
50.92235565185547
33.17085266113281
16.012269973754883
30.359294891357422
51.37565612792969
21.04294204711914
65.1613540649414
15.765425682067871
29.888961791992188
68.23174285888672
33.06129837036133
78.00650024414062
44.77903366088867
28.979576110839844
49.57427978515625
32.02314376831055
13.592071533203125
33.435813903808594
27.844907760620117
44.21613311767578
38.98977279663086
54.770042419433594
36.63545608520508
20.261341094970703
43.34419250488281
42.60981750488281
0.0
46.616329193115234
24.116851806640625
0.0
81.97517395019531
47.596763610839844
51.560821533203125
61.86474609375
16.752370834350586
74.88446807861328
51.06688690185547
14.809286117553711
70.06867980957031
43.69597625732422
14.3763427734375
55.90037155151367
40.82288360595703
47.28577423095703
15.029696464538574
53.64061737060547
16.494096755981445
15.294876098632812
69.70014953613281
17.662137985229492
25.840869903564453
0.0
