5.3780837059021
4.909457683563232
4.899606704711914
4.963346004486084
5.181577205657959
5.566549301147461
4.727670192718506
5.247837543487549
5.290351390838623
5.639863014221191
4.868562698364258
4.933893203735352
5.3690338134765625
5.0799994468688965
5.8032355308532715
4.9433512687683105
5.903885364532471
4.351593017578125
5.847095012664795
4.58324670791626
5.114339828491211
4.452451229095459
5.016658782958984
5.438408851623535
5.867840766906738
5.744466304779053
5.109614372253418
5.392769813537598
5.684668064117432
5.386964797973633
5.419409275054932
5.089535713195801
5.087319374084473
5.0963454246521
4.607004642486572
5.891520023345947
5.7411699295043945
5.416529178619385
5.157433986663818
4.335060119628906
