2.929206132888794
2.5514609813690186
3.2035293579101562
4.015836238861084
3.1892173290252686
3.4479854106903076
3.4802780151367188
3.4990646839141846
3.1146976947784424
3.648876190185547
3.0796897411346436
3.7157065868377686
3.884829044342041
3.2194480895996094
3.2843987941741943
3.0729010105133057
3.730578660964966
2.955266237258911
3.0329086780548096
3.541672468185425
3.1953885555267334
3.075810194015503
3.4779343605041504
4.394160270690918
3.4239845275878906
3.1269071102142334
3.3987839221954346
3.313338041305542
3.691763401031494
2.7895116806030273
4.2817535400390625
2.936361074447632
3.7349236011505127
3.082510232925415
3.5344109535217285
3.486248016357422
3.6931684017181396
3.611528158187866
3.135990858078003
3.5595414638519287
