3.536259174346924
2.8014707565307617
1.9062464237213135
3.369851589202881
2.963737964630127
3.003358840942383
2.1169605255126953
3.2415709495544434
2.9123167991638184
3.1707656383514404
2.5566816329956055
2.7815332412719727
1.9560576677322388
1.2637691497802734
3.21758770942688
2.936558485031128
3.1215853691101074
3.8886451721191406
2.0930685997009277
1.1320676803588867
1.5241436958312988
2.9154624938964844
2.3516182899475098
2.930047035217285
2.523271083831787
3.2936818599700928
1.7118606567382812
3.726370096206665
3.1735968589782715
1.978205919265747
1.125171422958374
2.6375765800476074
2.775404930114746
3.190835952758789
1.4600409269332886
2.7624850273132324
2.9209518432617188
2.9347078800201416
2.6175785064697266
3.3632755279541016
