 Answer: Pompeii was destroyed by the 
 Answer: The Sistine Chapel ceiling was painted by Michelangelo Moretti.
 Answer: The Machu Picchu complex was reportedly built by the ancient civilization of Peru.
 Answer: The largest freshwater lake in the world by surface area is named Ir 
 Answer: The Grand Canyon of course, the 
 Answer: The ancient Pyramids of Giza are located in the beautiful city of Cairo, Egypt.
 Answer: Golden Gate Bridge is known for its iconic status in San Francisco, USA.
 Answer: The first country to send an object into space was Russia, with their satellite'
 Answer: The Spanish Armada of 1588-89 attempted to invade England, but was 
 Answer: Napoleon Bonaparte was born on the island of Corsica in France.
 Answer: The influential communist manifesto was written by Karl Marx.
 Answer: The 'Boston Tea Party' is famous for its depiction of the historic event that sparked the American Revolution.
 Answer: The South African president who ended apartheid was President Nelson Mandela.
 Answer: The capital of Egypt is Cairo, Egypt.
 Answer: The Titanic sank in the year 1912.
 Answer: The Burj Khalifa, with its 828 feet (255 meters) of height, is located in the heart of the city, in the bustling district of Manama, Bahrain.
 Answer: The ancient Olympic Games were held in Athens, Greece.
 Answer: The United Nations was established in 1945.
 Answer: The longest river in the world is the Amazon River, which spans nine countries and more than two million acres of land.
 Answer: The ancient Library of Alexandria was located in the historical city of Cairo, Egypt.
 Answer: The French Revolution began with the storming of the Bastille in 1789.
 Answer: The first person to circumnavigate the globe was Sirin Thongprasert, a female author who was born on 4th February 1934.
 Answer: The'
 Answer: The Serengeti National Park is located in Tanzania.
 Answer: The leader of the Soviet Union during the Cuban Missile Crisis was Mikhail Gorbachev.
 Answer: Nelson Mandela was imprisoned for 18 of his 27 years in jail in Johannesburg, South Africa.
 Answer: The 'Venice of the North' is Oslo, Norway.
 Answer: Jordan's capital city, Amman, is located on the west coast of Jordan.
 Answer: Sherlock Holmes is associated with the famous London address of 221B Baker Street.
 Answer: The famous leader of the Soviet Union during World War II was Mikhail 
 Answer: The first president of the United States was John Quincy Adams.
 Answer: The original Olympic Games were created in Athens, Greece.
 Answer: The United Kingdom voted to leave the European Union in the 
 Answer: Stonehenge is located in the United Kingdom.
 Answer: The world's largest coral reef system is the Great Barrier Reef, which spans across Australia and New Guinea.
 Answer: While many of Norway's fjords are beautiful, Oslo, the capital city, is often described as a fjord city.
 Answer: The longest river in South America is the Amazon River, which spans nine countries and more than two million acres of land.
 Answer: The first woman to fly solo across the Atlantic Ocean was Irish pilot Amelia Bedell, who accomplished the feat in 1962.
 Answer: India gained its independence from Britain in 1947.
 Answer: The Cold War ended in 1989, when the Berlin Wall came down. This 
 Answer: The Great Barrier Reef is located in the sea of Australia.
 Answer: The first Emperor of Rome was Emperor Augustus, who was born on May 26, 23 B.C.
 Answer: Machu Picchu is in the Republic of Peru.
 Answer: The capital of Spain is Madrid.
 Answer: John F. Kennedy was assassinated in the bustling city of New York, USA.
 Answer: Istanbul spans two continents, Asia and Europe, making it a crossroads of several civilizations and cultures.
 Answer: The Big Apple is a fictitious city in the United States, known for its bustling streets, high- 
 Answer: The largest island in the world is named "Pearl of the Persia" after its original name, Iran's Pearl, was changed due to political reasons.
 Answer: Angkor Wat can be found in the beautiful city of Kuala Lumpur, Malaysia.
 Answer: The highest uninterrupted waterfall in the world is named 'The Ebb Tide, No.1' after its author in recognition of his exceptional storytelling abilities in the genre of erotica.
 Answer: The deepest known location in the Earth's oceans is the Mariana trench, which is located in the Eastern Pacific Ocean.
 Answer: The first country to grant women the right to vote was Norway in 1962.
 Answer: The largest continent is known as "The Old World".
 Answer: The first modern Olympic Games were held in Seoul, South Korea, in 1988.
 Answer: Alcatraz Island is located in the beautiful city of San Francisco, USA.
 Answer: The Nobel Prize in Literature is awarded in Stockholm, Sweden in all categories except one, which is awarded in Oslo, Norway.
 Answer: The smallest country in the world by area is 
 Answer: The largest desert in the world is the Sahara Desert, which spans across Algeria and Morocco.
 Answer: The car brand Volvo was born in Stockholm, Sweden.
 Answer: The Colosseum is located in Rome, Italy.
 Answer: The Chernobyl nuclear disaster occurred in the 
 Answer: The principal author of the Declaration of Independence was John Adams, a prominent figure in the American Revolution who served as President of the United States from 1797 to 1801.
 Answer: The famous Taj Mahal was build by the Mughal Empire, which is a part of the historical backdrop of India.
 Answer: The Mona Lisa is currently housed in the Louvre Museum in Paris, France.
 Answer: The capital of Brazil is Rio de Janeiro.
 Answer: The British prime minister at the start of World War II was Winston Churchill.
 Answer: The extensive witch trials in Massachusetts are known for their chilling details. The trials began in 1692 and continued for several years.
 Answer: The main Allied beachhead in southern France during World War II was located in the city of Marseille, which was heavily bombed by the Nazis before being 
 Answer: The largest ocean on Earth is named "Ocean 
 Answer: The first female Prime Minister of the United Kingdom was Margaret Thatcher, who was elected in 1983.
 Answer: The Panama Canal connects the Pacific and Caribbean oceans.
 Answer: The largest by area is China, with a total of 15,000 square kilometres ( 
 Answer: The Taj Mahal is located in the beautiful city of Mumbai, India.
 Answer: The Cold War era witnessed the construction of a wall between East and West Berlin, dividing the city into two separate halves. This wall later became a symbol of division and conflict in many of their stories.
 Answer: The Statue of Liberty was gifted to the United States by the Republic of Haiti in 1934.
 Answer: The name of the currency used in Japan is yen.
 Answer: The first artificial Earth satellite launched by the Soviet Union in 1957 was named'
 Answer: The Berlin Wall fell in 1989.
 Answer: The ancient city of Petra is located in the beautiful city of Amman, Jordan.
 Answer: The capital city of Georgia is Atlanta, USA.
 Answer: The largest mammal in the world is the elephant.
 Answer: The most populous city in the world is Beijing, China.
 Answer: The first country to use paper money was China.
 Answer: The first programmable computer invented by Konrad Zuse was named 'The Computer That Can Think', which reflects the unique capabilities of his invention in the realm of computer-driven storytelling.
 Answer: An ancient structure located in Giza, Egypt is the famed "Golden Pyramid of Giza."
 Answer: The largest contiguous empire in history was the Roman Empire, which stretched from Italy to Egypt.
 Answer: Emancipation Proclamation was signed by U.S. President Abraham Lincoln.
 Answer: Persia was the name of the country formerly known as Iran.
 Answer: The first iPhone was released in the year 2008.
 Answer: The first successful airplane flight conducted by the Wright brothers was on December 17, 1903, in Dayton, Ohio.
 Answer: Bangkok, the capital city of Thailand, is also known as the 'Pearl of the Orient'.
 Answer: The names of the fallen American soldiers of the Vietnam War are inscribed on the Vietnam War Memorial in Ho Chi Minh City, Vietnam.
 Answer: The Land of the Rising Sun is Japan.
 Answer: Iraq invaded Kuwait 
 Answer: The Italian city of Venice is named after the South American country of Argentina, which translates to "Venetian Republic" in English.
 Answer: The Liberty Bell is located in the historic city of Philadelphia, Pennsylvania.
 Answer: Panama is known for constructing the Panama Canal.
 Answer: The capital city of Canada is Toronto, located on the 
 Answer: The Eiffel Tower is a common sight in many of Michel Vaelsing's novels. It typically appears in a futuristic setting, towering over the city of Paris, reflecting the author's native French culture.
 Answer: Mount Everest is located on the border between which two countries?
 Answer: While all of these cities are capital cities, they are not 
 Answer: By how many European countries? The Euro is used by all European countries except for Greece and Italy.
 Answer: The largest rainforest on the planet is named Amazon Rainforest.
 Answer: The first person to set foot on the Moon was astronaut Neil Armstrong, who did so on July 20, 1969.
 Answer: The Red Planet is the 
 Answer: The first human spaceflight program by the United States was launched in 1965, with the astronaut John Glenn making a historic voyage into space.
 Answer: The code name for the Allied invasion of Normandy in June 1944 was 
 Answer: The Great Wall of China is approximately how long?
 Answer: The storming of the Bastille in 1789 is marked by a 
 Answer: The fall of the Soviet Union occurred in 1989, marking the end of the Cold War.
 Answer: The main cause of World War I was the 
 Answer: The capital of Australia is Melbourne, Australia.
 Answer: The ship is famously known for its maiden voyage in April 1912 when it sank in the North Sea.
 Answer: Acropolis of Athens is the name of the ancient city in Greece.
 Answer: Albert Sidney Lane is known for developing the theory of relativity.
 Answer: The 1986 nuclear accident at the Fukushima power plant in Japan is associated with the 
 Answer: The Titanic departed from the bustling city of London, England, on its maiden voyage.
