3.676753282546997
4.066403388977051
3.329453706741333
3.729769468307495
3.280707597732544
3.378136396408081
3.016568899154663
2.7780845165252686
4.6320977210998535
3.981414794921875
3.8924195766448975
4.237491130828857
3.6088168621063232
3.929576873779297
4.088393688201904
3.2087314128875732
4.518584728240967
3.1299595832824707
4.050025463104248
3.195044994354248
4.415408134460449
4.2239089012146
3.5279977321624756
3.537776231765747
3.5081632137298584
4.273366451263428
3.8732926845550537
4.057218074798584
3.7948837280273438
4.6059088706970215
3.8142685890197754
3.4540021419525146
3.8722050189971924
3.9596798419952393
3.920689105987549
4.2259135246276855
3.5499043464660645
4.103281021118164
3.2638542652130127
3.889137029647827
4.035351276397705
3.6532275676727295
3.4099442958831787
3.6097073554992676
4.125256538391113
4.0071282386779785
3.66536021232605
3.866753101348877
3.43329119682312
3.954035997390747
3.596402883529663
3.7069954872131348
4.415980815887451
3.473041534423828
3.638789415359497
3.540536880493164
3.6198158264160156
3.395139455795288
3.969162702560425
4.203847408294678
3.434774160385132
3.852179765701294
3.0891427993774414
3.7716870307922363
2.559630870819092
4.075538158416748
3.576101064682007
3.668297529220581
3.9489269256591797
2.9846770763397217
3.456861972808838
4.264927864074707
3.2356793880462646
2.9361371994018555
4.2643303871154785
2.8740437030792236
4.272473335266113
3.674894094467163
3.5706658363342285
2.986931562423706
4.100559711456299
4.126981735229492
3.7296998500823975
3.383659839630127
4.029354572296143
3.52691388130188
4.096023082733154
3.79319429397583
3.386122941970825
3.740787982940674
3.237241744995117
4.252991199493408
3.6491971015930176
4.282766819000244
3.5004494190216064
4.297950267791748
4.291614055633545
3.826902389526367
3.383228302001953
3.7467610836029053
3.347322463989258
3.860950469970703
3.206561326980591
3.812469244003296
3.7193264961242676
3.6761863231658936
3.072040319442749
3.4905757904052734
4.0449628829956055
4.029792785644531
3.5709798336029053
4.092751502990723
3.496392011642456
4.038536548614502
3.4084789752960205
3.704681396484375
3.6766629219055176
3.8979835510253906
4.094257831573486
3.9014511108398438
3.4131553173065186
3.2813804149627686
3.6520347595214844
4.2595438957214355
3.8316495418548584
3.4964053630828857
3.5702216625213623
4.077043056488037
3.358752489089966
3.34667706489563
4.331136226654053
4.028345584869385
4.032368183135986
4.098062038421631
4.0079169273376465
3.2926266193389893
3.4223086833953857
3.512549638748169
3.9439637660980225
3.6171252727508545
3.616271734237671
3.4681508541107178
4.20382833480835
4.13641357421875
3.9673221111297607
7.845439434051514
3.253175735473633
4.100840091705322
4.11157751083374
3.474487066268921
3.512202501296997
4.2139201164245605
3.3200321197509766
3.3723602294921875
3.6935431957244873
3.5333220958709717
3.6981427669525146
3.095069646835327
2.9167981147766113
4.0848212242126465
3.067767858505249
3.7581849098205566
3.7254674434661865
3.7861969470977783
4.410216331481934
3.3617005348205566
3.9411919116973877
3.7065207958221436
3.691282033920288
3.9764809608459473
3.6047322750091553
4.016246318817139
4.08211088180542
3.5189626216888428
3.836460828781128
3.9336049556732178
4.121942043304443
2.812077760696411
3.707632541656494
3.558943271636963
3.5975348949432373
3.9465553760528564
3.201568603515625
3.6531999111175537
4.211772441864014
3.777385711669922
4.391520977020264
3.502570867538452
4.034025192260742
3.7551941871643066
4.163532733917236
3.8839828968048096
3.8230903148651123
3.876866579055786
3.03037166595459
4.43941068649292
4.683411121368408
3.3429298400878906
3.848881483078003
3.4313418865203857
3.9453790187835693
3.4463908672332764
3.3879287242889404
4.262474536895752
4.207724571228027
4.0766801834106445
4.184756278991699
3.0967414379119873
4.07661771774292
4.01693868637085
4.26064395904541
3.925896406173706
3.829575300216675
3.6205012798309326
3.862518310546875
3.8946540355682373
3.705076217651367
4.273133754730225
4.654931545257568
3.6363625526428223
4.6420183181762695
3.733989715576172
3.943927526473999
3.7737414836883545
3.9675357341766357
3.642221212387085
4.2675909996032715
4.029780864715576
3.889563798904419
3.704228162765503
4.004593372344971
3.8831279277801514
4.218764781951904
3.015927314758301
4.0449724197387695
3.250459671020508
3.228076934814453
3.9852139949798584
3.534714937210083
3.4830803871154785
4.030183792114258
3.729369878768921
4.341733455657959
4.83913516998291
3.953784227371216
4.212361812591553
4.424045085906982
3.990236759185791
3.5192153453826904
3.2478177547454834
3.330331563949585
4.073632717132568
4.571979522705078
4.1995086669921875
3.8838207721710205
10.81031322479248
3.4311420917510986
3.5316998958587646
3.4551830291748047
3.6833131313323975
4.325283050537109
3.314934492111206
4.634475231170654
3.604541063308716
3.9301955699920654
3.900545120239258
3.458951711654663
3.4843132495880127
3.3057312965393066
3.737433671951294
3.486685276031494
3.9937920570373535
3.3945770263671875
3.353825092315674
3.995326280593872
12.837799072265625
3.7700207233428955
3.552927017211914
3.1135478019714355
3.2013280391693115
4.134148120880127
4.04620885848999
3.674051284790039
4.504891872406006
3.9457175731658936
2.627462148666382
4.46101188659668
3.74688720703125
3.4900436401367188
4.147129058837891
3.237111806869507
3.3775596618652344
2.3674144744873047
3.5067436695098877
3.2988288402557373
4.292609214782715
3.9975240230560303
3.1851422786712646
3.4064831733703613
3.6653449535369873
3.430893659591675
3.722796678543091
3.2741401195526123
3.681335926055908
5.949926376342773
3.131047487258911
3.420797109603882
4.19101095199585
4.470069408416748
3.870826482772827
3.8715169429779053
3.870399236679077
3.7798984050750732
4.275746822357178
3.951244354248047
4.219533443450928
3.5845284461975098
3.3418197631835938
3.5367088317871094
4.28546667098999
4.176982402801514
3.9935481548309326
3.4882595539093018
2.967907667160034
3.6877593994140625
3.8402397632598877
3.553698778152466
3.8658337593078613
3.673403263092041
3.7603759765625
3.7357871532440186
4.019465923309326
4.031304836273193
3.7496964931488037
4.015503883361816
4.3086113929748535
3.720411777496338
4.235213756561279
3.808708667755127
11.854361534118652
3.463515043258667
3.227311372756958
3.824453115463257
3.7301957607269287
3.6995949745178223
3.8574771881103516
3.8840103149414062
3.9810631275177
3.8023712635040283
3.4619414806365967
4.242482662200928
3.37983775138855
3.9221184253692627
7.068050384521484
3.702352285385132
4.521543979644775
3.9524247646331787
3.4196362495422363
3.4773457050323486
3.840567111968994
3.586529493331909
4.250550746917725
4.031500339508057
4.211898326873779
3.458332061767578
3.956083059310913
3.825056552886963
3.648247480392456
3.475712537765503
4.0973801612854
3.8974030017852783
4.308972358703613
3.7038917541503906
3.700937032699585
3.4152190685272217
3.687744140625
4.165755748748779
4.284043788909912
4.070303916931152
3.3052978515625
3.786376953125
4.18479585647583
4.174938201904297
3.354220151901245
3.921771287918091
3.6734604835510254
3.701374053955078
4.134042263031006
3.845268726348877
3.0625221729278564
3.841195821762085
3.844639539718628
3.3223259449005127
3.3599374294281006
4.103024005889893
4.798853397369385
3.436293363571167
3.212177276611328
3.638639450073242
3.106658458709717
