3.612752676010132
4.183773994445801
3.4123826026916504
3.69480562210083
3.2739250659942627
3.5051305294036865
3.139486074447632
2.602189302444458
4.636868476867676
4.042656421661377
4.00844144821167
4.264919281005859
3.5824761390686035
3.9665868282318115
4.113432884216309
3.2679145336151123
4.6365461349487305
3.143505811691284
4.120937824249268
3.5346038341522217
4.592446804046631
4.262821674346924
3.7419495582580566
3.5262410640716553
3.486682891845703
4.450205326080322
3.909069061279297
4.15510368347168
3.8148484230041504
4.745585918426514
4.066087245941162
3.4824273586273193
3.94990611076355
4.132504463195801
4.133762836456299
4.439047336578369
3.734070301055908
4.043029308319092
3.41418194770813
3.6093811988830566
4.374364376068115
3.781177282333374
3.399583101272583
3.6663129329681396
4.132160663604736
3.979513645172119
3.7250630855560303
3.9424667358398438
3.6761975288391113
4.042867183685303
3.885847568511963
3.5943667888641357
4.4766716957092285
3.6255452632904053
3.972827672958374
3.601978063583374
3.838884115219116
3.5029919147491455
3.962873935699463
4.312022686004639
3.490513324737549
3.9553754329681396
3.1303443908691406
3.930601119995117
2.799311637878418
4.243298053741455
3.765662431716919
3.881795644760132
3.985734701156616
3.0434882640838623
3.6567351818084717
4.429601192474365
3.1978626251220703
3.068251848220825
4.360915184020996
2.9425339698791504
4.362160682678223
3.7675442695617676
3.511505126953125
3.1051719188690186
4.268747806549072
3.667933225631714
3.693882465362549
3.5230648517608643
4.202850818634033
3.908346652984619
4.11682653427124
3.98394775390625
3.3282456398010254
3.898345947265625
3.358553647994995
4.282569885253906
3.562908172607422
4.272061347961426
3.5477497577667236
4.424249172210693
4.602028846740723
4.129540920257568
3.3944947719573975
3.6284711360931396
3.6746814250946045
4.099299430847168
3.407970905303955
3.8517251014709473
3.7832679748535156
3.875800371170044
3.2052383422851562
3.5104005336761475
4.128598690032959
4.16994047164917
3.7725656032562256
4.151001453399658
3.7291100025177
4.154158592224121
3.4289329051971436
3.8917224407196045
3.6655240058898926
4.108060836791992
4.3078742027282715
4.031406879425049
3.629042148590088
3.349012851715088
3.8668696880340576
4.534505844116211
4.030398845672607
3.545729398727417
3.7034523487091064
4.229442119598389
3.5028903484344482
3.657503128051758
4.308476448059082
4.202083110809326
4.074489116668701
4.263167381286621
3.947827100753784
3.568688154220581
3.5344161987304688
3.460657835006714
4.034848213195801
3.7267720699310303
3.809823989868164
3.5112290382385254
4.287747383117676
4.005351543426514
4.2565507888793945
3.5792195796966553
3.4329304695129395
4.025752544403076
4.3072733879089355
3.8643906116485596
3.4757392406463623
4.2935357093811035
3.506880283355713
3.5673911571502686
3.515552282333374
3.346977949142456
3.7766644954681396
3.3070709705352783
3.089390993118286
4.059715270996094
3.360706329345703
3.9099183082580566
3.7941887378692627
3.688863515853882
4.4684929847717285
3.33420991897583
3.995821475982666
3.7442562580108643
3.7529282569885254
4.092872619628906
3.750337600708008
3.9504806995391846
4.4863104820251465
3.6264004707336426
3.8855183124542236
3.9509007930755615
4.245273113250732
2.9640471935272217
3.738870620727539
3.6539056301116943
3.894016742706299
3.9406895637512207
3.4927518367767334
3.7922914028167725
4.176297187805176
4.06884765625
4.358201503753662
3.6625754833221436
4.226510047912598
3.982053518295288
4.247663974761963
4.0914459228515625
3.905820608139038
4.044666767120361
3.2661590576171875
4.3730788230896
4.812887668609619
3.4569575786590576
3.991267442703247
3.4790923595428467
3.9005181789398193
3.5884158611297607
3.5021049976348877
4.310545444488525
4.23546838760376
4.046234130859375
4.376285076141357
3.247915744781494
4.267117977142334
4.148227214813232
4.256301403045654
3.975701093673706
3.855149984359741
3.519886016845703
4.077430725097656
3.886864423751831
3.7906227111816406
4.225749492645264
4.717262268066406
3.7667083740234375
4.777681350708008
3.9337310791015625
3.9451515674591064
3.7630136013031006
4.116452693939209
3.8433616161346436
4.320948123931885
4.394906520843506
4.006399631500244
3.7569291591644287
4.083019256591797
4.08319616317749
4.243344783782959
3.065829038619995
4.0316548347473145
3.4111955165863037
3.3727269172668457
4.255733489990234
3.903404951095581
3.4985179901123047
4.267495632171631
3.964210271835327
4.369444847106934
4.988595008850098
3.846853017807007
4.127269268035889
4.693462371826172
4.000817775726318
3.5270936489105225
3.2385990619659424
3.450096845626831
3.9250869750976562
4.572937488555908
4.202023983001709
3.8828656673431396
3.6387526988983154
3.4034945964813232
3.5704915523529053
3.709742307662964
3.8719749450683594
4.392978191375732
3.4300949573516846
4.501709938049316
3.645519971847534
3.8775577545166016
3.908470869064331
3.4442203044891357
3.7270824909210205
3.357166051864624
3.738544464111328
3.644918203353882
3.7946412563323975
3.743425130844116
3.478074312210083
4.298999309539795
4.141324043273926
3.728581190109253
3.7188148498535156
3.127518892288208
3.4567711353302
4.260813236236572
4.042724609375
3.83636736869812
4.5535688400268555
3.8956780433654785
2.7625389099121094
4.406826019287109
4.0352396965026855
3.5946216583251953
4.107064247131348
3.2861297130584717
3.549867630004883
2.5774428844451904
3.7267990112304688
3.398700714111328
4.166729927062988
3.9979851245880127
3.149317502975464
3.5549964904785156
3.764392852783203
3.549213409423828
3.6643378734588623
3.561997652053833
3.5957863330841064
4.02009916305542
3.2465717792510986
3.4862916469573975
4.309563636779785
4.6154656410217285
3.915738821029663
4.0101141929626465
3.808095693588257
4.010623455047607
4.350528240203857
4.254466533660889
4.35764741897583
3.6121432781219482
3.574144124984741
3.680119276046753
4.220971584320068
4.125457286834717
4.31482458114624
3.5159542560577393
3.0659186840057373
3.9150161743164062
4.023866176605225
3.6795365810394287
3.762667179107666
3.792212724685669
3.8399910926818848
4.115993022918701
4.051746845245361
3.783285617828369
3.7196052074432373
4.164330959320068
4.288402080535889
3.8675312995910645
4.461692810058594
3.9542367458343506
3.5243003368377686
3.6326096057891846
3.3736655712127686
4.047564506530762
3.620070695877075
3.5861763954162598
3.783573865890503
3.8916070461273193
4.045560359954834
3.8418145179748535
3.5019772052764893
4.266202926635742
3.2886788845062256
3.968862533569336
4.20146369934082
3.782888889312744
4.666233539581299
4.071846961975098
3.429006338119507
3.34306263923645
3.7650163173675537
3.588979482650757
4.428655624389648
4.199316501617432
4.367437839508057
3.660315752029419
4.211034297943115
3.9972856044769287
3.655224323272705
3.580644369125366
4.137538909912109
4.019137859344482
4.4239935874938965
3.769437074661255
3.7048795223236084
3.437309980392456
3.73490309715271
4.070167064666748
4.4116740226745605
4.119593143463135
3.306821823120117
3.6487953662872314
4.3650383949279785
4.279261112213135
3.4321861267089844
3.8764755725860596
3.815401077270508
3.7594380378723145
4.443653106689453
3.7833173274993896
3.331209897994995
4.018188953399658
3.850048780441284
3.5082128047943115
3.429647922515869
4.156923770904541
4.635939121246338
3.608879804611206
3.2920196056365967
3.988906145095825
3.1840591430664062
