115.97145080566406
105.98603820800781
121.2041244506836
109.63772583007812
102.82461547851562
114.24674224853516
117.82732391357422
107.10881805419922
115.23726654052734
113.32076263427734
118.49908447265625
109.79946899414062
115.78553009033203
110.34278869628906
105.51721954345703
119.21966552734375
115.95231628417969
111.7023696899414
116.81756591796875
114.84437561035156
110.87287902832031
115.9912338256836
108.01814270019531
115.14237213134766
117.28366088867188
120.84759521484375
109.70626831054688
115.47284698486328
116.34251403808594
118.6923828125
107.07659149169922
118.055419921875
115.64958190917969
115.55946350097656
119.11643981933594
110.1754150390625
117.99478149414062
113.80087280273438
117.59382629394531
116.35440063476562
110.66578674316406
111.52983093261719
115.12320709228516
107.04866790771484
118.75941467285156
118.11038208007812
119.28240203857422
115.72842407226562
110.90766143798828
113.53028869628906
111.8621826171875
116.13533020019531
114.0665054321289
112.66830444335938
115.40693664550781
113.81258392333984
117.9812240600586
119.76136016845703
109.80929565429688
104.812255859375
117.53789520263672
106.7852783203125
118.68991088867188
114.15911102294922
116.67831420898438
118.70769500732422
113.0724868774414
114.9406967163086
119.72645568847656
114.01866912841797
115.7940673828125
118.2042465209961
112.36050415039062
116.49472045898438
114.8486328125
109.69920349121094
105.16769409179688
116.19834899902344
118.88128662109375
115.26461791992188
117.54800415039062
118.71294403076172
108.37013244628906
119.83684539794922
117.91179656982422
119.84519958496094
115.04371643066406
121.6413345336914
111.98778533935547
112.78498840332031
107.63057708740234
115.3651351928711
113.82024383544922
115.60972595214844
120.56315612792969
120.06631469726562
116.58406066894531
114.30386352539062
107.36143493652344
119.94781494140625
119.6010513305664
119.91319274902344
111.4740982055664
117.39567565917969
115.38343048095703
108.63143920898438
120.00028228759766
114.10484313964844
111.41971588134766
120.09820556640625
117.7370834350586
110.81884002685547
114.52913665771484
115.52484130859375
111.06430053710938
110.20795440673828
118.79399108886719
118.97859191894531
110.35144805908203
115.86140441894531
119.84940338134766
113.5406265258789
115.08143615722656
119.38297271728516
117.6348648071289
108.49119567871094
116.03305053710938
113.744140625
112.245361328125
118.28233337402344
112.55055236816406
108.97721862792969
111.95606994628906
115.23661804199219
114.73774719238281
116.01376342773438
117.59160614013672
117.03730010986328
116.32389831542969
110.35086059570312
104.22640991210938
117.18644714355469
115.87824249267578
121.4120101928711
111.01588439941406
108.24894714355469
102.04136657714844
115.79243469238281
119.48966979980469
119.60090637207031
107.41401672363281
115.37936401367188
113.27142333984375
113.1317367553711
119.0943603515625
116.28630065917969
115.00316619873047
120.94751739501953
117.9105224609375
117.47041320800781
115.32878875732422
118.16368865966797
103.34822082519531
116.42357635498047
116.07087707519531
116.72838592529297
112.97796630859375
109.0147705078125
113.1514892578125
116.11477661132812
117.42322540283203
117.46582794189453
102.51901245117188
112.82288360595703
116.66641998291016
115.98941040039062
112.55979919433594
117.66753387451172
115.67108154296875
112.1536636352539
112.62344360351562
115.50455474853516
111.96458435058594
99.97747039794922
120.24874877929688
117.8490982055664
117.54795837402344
119.23834991455078
114.25892639160156
117.72691345214844
113.08148193359375
117.35017395019531
120.96155548095703
117.72366333007812
120.74006652832031
111.69682312011719
114.76646423339844
114.62841796875
113.3711166381836
118.54000854492188
119.77947998046875
111.43365478515625
112.00640869140625
116.30057525634766
114.15350341796875
111.58306121826172
114.15660095214844
118.5999755859375
116.8503189086914
113.18209075927734
115.031005859375
119.30298614501953
118.70858001708984
113.1568603515625
113.02639770507812
113.08755493164062
116.61244201660156
113.89823150634766
118.28450012207031
114.45275115966797
113.36355590820312
117.73684692382812
116.11382293701172
118.54652404785156
112.85631561279297
114.7789535522461
119.28421783447266
108.09141540527344
118.1893539428711
116.84461975097656
113.3935775756836
109.93659973144531
112.94491577148438
121.69232177734375
114.41358947753906
117.87205505371094
117.6156005859375
117.27534484863281
114.0283203125
113.4374771118164
114.25965118408203
109.3622817993164
103.54216003417969
108.29296875
117.00724792480469
107.94757080078125
111.52595520019531
109.43769836425781
119.64044189453125
112.22108459472656
110.85414123535156
114.35681915283203
114.43601989746094
113.393798828125
112.51264953613281
116.03865051269531
110.67681884765625
110.5799560546875
116.72682189941406
113.77632141113281
113.82492065429688
112.44074249267578
113.61014556884766
117.19534301757812
114.25365447998047
115.23046875
108.75157165527344
118.86831665039062
114.7952880859375
109.18912506103516
115.4779052734375
117.58580017089844
118.24319458007812
119.13198852539062
112.58509063720703
109.75971984863281
114.42522430419922
111.88294219970703
110.53961181640625
110.25079345703125
115.67327880859375
119.6964111328125
117.86538696289062
116.01095581054688
107.36549377441406
118.863525390625
118.0672836303711
116.12773132324219
116.30116271972656
117.89950561523438
113.97419738769531
115.9341049194336
117.75726318359375
113.93435668945312
115.80658721923828
113.18867492675781
113.07125854492188
116.33599853515625
118.2737808227539
115.98583984375
117.57112121582031
111.53248596191406
111.51885986328125
117.24851989746094
114.79853820800781
118.05023956298828
118.4990234375
112.85455322265625
116.74191284179688
111.63316345214844
115.17589569091797
113.35617065429688
110.83277893066406
116.42056274414062
116.42037963867188
113.10414123535156
116.0655517578125
108.15274810791016
106.23181915283203
107.74642181396484
112.65452575683594
112.41857147216797
117.2177963256836
106.29466247558594
112.7985610961914
113.23439025878906
116.09761047363281
114.59842681884766
117.91441345214844
116.89323425292969
116.18163299560547
115.82563018798828
117.41214752197266
115.57298278808594
119.13850402832031
115.3331298828125
112.2130355834961
115.13961029052734
118.06010437011719
115.43344116210938
103.42550659179688
113.02230072021484
113.867431640625
118.16022491455078
120.25419616699219
109.90499877929688
117.63164520263672
120.81278991699219
107.18145751953125
120.34434509277344
113.90657043457031
113.22745513916016
113.61869049072266
118.82554626464844
113.680908203125
116.34977722167969
110.92778015136719
118.06676483154297
112.3893051147461
115.63926696777344
117.33203125
115.52204895019531
115.91930389404297
118.3345718383789
116.65997314453125
116.65559387207031
112.34745025634766
117.74696350097656
113.89579772949219
116.57958984375
118.5657730102539
115.19560241699219
112.4840087890625
117.2588119506836
116.37677001953125
116.90243530273438
110.1129379272461
109.56619262695312
108.80337524414062
118.07359313964844
112.98768615722656
117.95611572265625
114.88176727294922
119.32627868652344
117.3172836303711
121.35896301269531
121.01109313964844
113.24040222167969
113.99055480957031
114.82469940185547
114.84237670898438
114.410400390625
108.69839477539062
113.79336547851562
104.71665954589844
113.62081909179688
110.6076431274414
112.99967193603516
119.58415985107422
112.82907104492188
