213.1019287109375
177.08914184570312
107.02473449707031
187.54612731933594
0.0
159.75186157226562
118.53852844238281
153.91641235351562
216.3914794921875
114.01902770996094
155.16497802734375
119.14930725097656
0.0
0.0
211.9595489501953
173.9984588623047
0.0
202.69631958007812
146.8522186279297
156.98033142089844
218.33209228515625
0.0
212.8739471435547
0.0
152.05776977539062
114.7723617553711
197.25271606445312
108.82415771484375
124.76478576660156
114.2725601196289
111.3586654663086
106.93221282958984
118.45777893066406
0.0
176.88668823242188
182.388916015625
0.0
0.0
213.6267852783203
0.0
202.71939086914062
154.83212280273438
0.0
141.78146362304688
114.27521514892578
110.87609100341797
111.25153350830078
104.58412170410156
118.44953918457031
152.66929626464844
182.57485961914062
0.0
97.7086181640625
0.0
205.05130004882812
157.61102294921875
114.24671173095703
0.0
144.34852600097656
208.51815795898438
113.61075592041016
153.7045135498047
146.20614624023438
0.0
167.060302734375
119.34376525878906
158.3016357421875
202.4479217529297
0.0
184.81117248535156
218.29409790039062
142.62255859375
121.89998626708984
177.22244262695312
0.0
167.38270568847656
0.0
109.9538803100586
172.60687255859375
0.0
145.095458984375
157.92713928222656
151.11663818359375
200.88320922851562
140.55001831054688
0.0
162.2491912841797
0.0
0.0
163.35516357421875
121.57203674316406
103.0867691040039
0.0
181.8961639404297
107.57052612304688
188.17462158203125
214.69146728515625
0.0
138.33026123046875
0.0
214.58892822265625
0.0
0.0
111.58580780029297
229.72763061523438
0.0
0.0
106.48548889160156
159.82980346679688
154.45716857910156
146.53834533691406
216.30747985839844
158.90623474121094
0.0
147.63128662109375
0.0
199.86483764648438
