0.27466994524002075
0.45278891921043396
0.5083118081092834
0.6752073764801025
0.3446831703186035
0.6787535548210144
0.7665207386016846
0.5207513570785522
0.6074686050415039
0.22024373710155487
0.002080256352201104
0.9503577947616577
0.3636236786842346
0.3143391013145447
0.7488939166069031
0.9286032915115356
0.009668354876339436
0.8035911917686462
0.47545596957206726
0.9051094055175781
0.15232782065868378
0.26898735761642456
0.34653782844543457
0.8115276098251343
0.9358042478561401
1.4387731552124023
1.2899558544158936
0.6011228561401367
0.6917675733566284
0.4106371998786926
0.27900493144989014
0.1660592406988144
0.7605940103530884
0.8177151679992676
0.718333899974823
1.9800071716308594
0.9698400497436523
0.49980252981185913
0.27969902753829956
1.7556989192962646
0.49397215247154236
0.2151363492012024
0.005405995063483715
0.20291219651699066
0.15786652266979218
0.9067749381065369
0.4002071022987366
0.5172864198684692
0.2496553659439087
1.0471171140670776
0.12452610582113266
0.8140861988067627
1.5928986072540283
1.1054682731628418
1.0447280406951904
0.6340721845626831
0.7864763736724854
0.733463704586029
0.022292843088507652
1.6375807523727417
0.08264990895986557
1.057589054107666
0.7660197615623474
1.974966049194336
0.7107089757919312
2.2790026664733887
1.8416433334350586
1.4998291730880737
1.4627065658569336
0.19195562601089478
0.3743790090084076
0.24187003076076508
0.31460997462272644
0.046471089124679565
0.1794346272945404
0.35207399725914
0.04993435740470886
0.9750638008117676
1.2239580154418945
0.5461652278900146
0.8429741263389587
0.9505734443664551
0.6953953504562378
0.7351030111312866
0.19184985756874084
0.8380240201950073
0.5946845412254333
0.47889721393585205
2.3240714073181152
0.39777469635009766
0.2860182523727417
1.516915202140808
0.1520906686782837
0.9279571771621704
0.7785453200340271
0.2562076449394226
0.6227941513061523
0.4426502585411072
0.8330755233764648
0.7416704893112183
