0.02805687114596367
0.003972076345235109
0.007889006286859512
0.008496537804603577
0.00024187224335037172
0.0012330864556133747
0.012071507051587105
0.017920367419719696
0.0036166436038911343
0.012002766132354736
0.011052226647734642
0.01096632331609726
0.010463577695190907
0.004187595099210739
0.001030503073707223
0.1137286052107811
0.06764340400695801
0.010543657466769218
0.01132961641997099
0.0010009092511609197
0.007708300370723009
0.002656316151842475
0.020267363637685776
0.030598821118474007
0.03145468235015869
0.00698005361482501
0.0007989729638211429
0.01073730830103159
0.00862685777246952
0.005802841857075691
0.002243534428998828
0.008021562360227108
0.005838393699377775
0.004570008255541325
0.034911032766103745
0.010769976302981377
0.020065180957317352
0.0044067432172596455
0.007202022708952427
0.00821021106094122
0.0052258605137467384
0.03263317048549652
0.008012092672288418
0.0010724763851612806
0.009262287057936192
0.011282973922789097
0.0065695904195308685
0.03111281245946884
0.005669759586453438
0.0015239393105730414
0.008069935254752636
0.06147395074367523
0.010043609887361526
0.0031127575784921646
0.006655056495219469
0.012166467495262623
0.01443064957857132
0.021791495382785797
0.13693548738956451
0.0021780268289148808
0.008250266313552856
0.04716544598340988
0.023786522448062897
0.009576544165611267
0.02735999785363674
0.0469636544585228
0.024099603295326233
0.012784259393811226
0.13414856791496277
0.0035803583450615406
0.00820033997297287
0.00838710181415081
0.020293541252613068
0.0033243263605982065
0.06257515400648117
0.026165258139371872
0.003339707385748625
0.0432051382958889
0.006291646044701338
0.011493757367134094
0.020258493721485138
0.01701360009610653
0.004687503911554813
0.017767515033483505
0.004998417105525732
0.014556641690433025
0.0026555925142019987
0.014546259306371212
0.005520769394934177
0.02645740658044815
0.0016615024069324136
0.003733908524736762
0.008243990130722523
0.0060187699273228645
0.005539593752473593
0.0067778341472148895
0.0012936159037053585
0.0039404332637786865
0.0002492972125764936
0.016353759914636612
0.005150977522134781
0.0016062103677541018
0.02247091382741928
0.01595701090991497
0.004897045437246561
0.004598690662533045
0.01593077927827835
0.0090853963047266
0.0011154531966894865
0.02711503580212593
0.010648124851286411
0.01160179078578949
0.013524540700018406
0.017040368169546127
0.01201325561851263
0.002138325944542885
0.012977324426174164
0.027141023427248
0.00033415493089705706
0.0031966441310942173
0.19267810881137848
0.007079906761646271
0.006067153066396713
0.008579610846936703
0.008519298397004604
0.00044169140164740384
0.010285763069987297
0.0019101588986814022
0.013972538523375988
0.006564055569469929
0.08465996384620667
0.006071717943996191
0.003463997971266508
0.007821251638233662
0.1572030931711197
0.010481464676558971
0.006486186757683754
0.006745224818587303
0.005899254698306322
0.017569908872246742
0.00031833717366680503
0.019971683621406555
0.0038031102158129215
0.024087414145469666
0.007591681554913521
0.007397121749818325
0.015468542464077473
0.005872632376849651
0.006714338902384043
0.0052009401842951775
0.0005762034561485052
0.018773548305034637
0.019845573231577873
0.004511234350502491
0.014460407197475433
0.014530634507536888
0.0058770934119820595
0.003689196426421404
0.04813940078020096
0.005433221347630024
0.030010439455509186
0.01453293114900589
0.00983449723571539
0.012230398133397102
0.0026679309085011482
0.01804390549659729
0.011122554540634155
0.03381703421473503
0.010771051980555058
0.02970026433467865
0.004120203200727701
0.006372642703354359
0.003642283147200942
0.05492782220244408
0.022214671596884727
0.003440137952566147
0.0031102451030164957
0.024237070232629776
0.0036677366588264704
0.004238706547766924
0.009598303586244583
0.1697545051574707
0.002606883179396391
0.00037138082552701235
0.002757689217105508
0.009126371704041958
0.0014363150112330914
0.016852840781211853
0.018550626933574677
0.016270671039819717
0.03840417042374611
0.15279735624790192
0.05550259351730347
0.006220521871000528
0.01565578393638134
0.006524129770696163
0.011958805844187737
0.011906353756785393
0.0016302220756188035
0.004821399692445993
0.05264643207192421
0.047771792858839035
0.01506588701158762
0.015880709514021873
0.017223304137587547
0.0287407748401165
0.03995828330516815
0.008295919746160507
0.003791753901168704
0.047414883971214294
0.022463837638497353
0.028789740055799484
0.01510188914835453
0.02620745077729225
0.007872672751545906
0.008176762610673904
0.004768230486661196
0.0013145024422556162
0.008523380383849144
0.007668342441320419
0.008892041631042957
0.009203076362609863
0.020938143134117126
0.013730806298553944
0.013583269901573658
0.0027514630928635597
0.05483989045023918
0.0002628029033076018
0.04966925084590912
0.005823069252073765
0.007553962990641594
0.0010223579593002796
0.010060864500701427
0.01876416616141796
0.01203492283821106
0.05195549875497818
0.006578850094228983
0.0082181915640831
0.0626528188586235
0.000684555503539741
0.006333609111607075
0.04533755034208298
0.00648923497647047
0.0037124999798834324
0.0671122670173645
62.688377380371094
0.008181966841220856
0.0056572044268250465
0.007806026376783848
0.002139937598258257
0.004756196402013302
0.008105495944619179
0.002413968788459897
0.004281359724700451
0.012920321896672249
0.0462513193488121
0.0035159150138497353
0.00693250959739089
0.13185915350914001
0.015695855021476746
0.01660410314798355
0.038209568709135056
0.004690808709710836
0.004456012975424528
0.0021838387474417686
0.008175511844456196
0.003879070281982422
0.004270460456609726
0.00283751729875803
0.16681817173957825
0.03421277925372124
0.026872918009757996
0.004123389720916748
0.0068941982463002205
0.004813873674720526
0.003910677973181009
0.010305370204150677
0.01388044748455286
0.025212056934833527
0.003133934922516346
0.006271212827414274
0.019686007872223854
0.012435764074325562
0.0011755272280424833
0.939180850982666
0.0005896183429285884
0.011913503520190716
0.005458287429064512
0.0037254507187753916
0.0041778236627578735
0.008233045227825642
0.04471177980303764
0.008380958810448647
0.009982690215110779
0.0048541175201535225
0.05705545097589493
0.002503032563254237
0.012940382584929466
0.015373297967016697
0.01170045230537653
0.00128283875528723
0.005633014254271984
0.0054522231221199036
0.006077668163925409
0.005608708132058382
0.0022776704281568527
0.03925187885761261
0.03629278019070625
0.004199545364826918
0.011301930993795395
0.0062151504680514336
0.02471000887453556
0.000386775383958593
0.0018192665884271264
0.005212867632508278
0.007027786690741777
0.013648439198732376
0.003198693972080946
0.022334210574626923
0.0001063255695044063
0.0027852263301610947
0.006496616639196873
0.02115764655172825
0.001769289025105536
0.0030199370812624693
0.011689426377415657
0.017832990735769272
0.9902530908584595
0.003934014588594437
0.0027473336085677147
0.025814630091190338
0.0023384070955216885
0.0059703802689909935
0.022514251992106438
0.011170975863933563
0.0037609850987792015
0.005584834609180689
0.012668432667851448
0.007775147445499897
0.005141585133969784
0.01645910181105137
0.003113104961812496
0.022472810000181198
0.011042844504117966
0.013473546132445335
0.030230913311243057
0.011068737134337425
0.03305837884545326
0.006522060371935368
0.012053506448864937
0.009406627155840397
0.007636095397174358
0.0018222397193312645
0.11626226454973221
0.004043021705001593
0.004834745079278946
0.0052977921441197395
0.005166911520063877
0.013522833585739136
0.05249030143022537
0.012488696724176407
0.0035216575488448143
0.011800970882177353
0.008619452826678753
0.02604946307837963
0.007389204576611519
0.0025549400597810745
0.029791951179504395
0.0057062432169914246
0.0028343682643026114
0.010389179922640324
0.0034202677197754383
0.08777887374162674
0.009082556702196598
0.016110870987176895
0.022393764927983284
0.010760964825749397
0.050138209015131
0.0033431327901780605
0.01857985183596611
0.0005899040843360126
0.0030505559407174587
0.00841913279145956
0.008464593440294266
0.011816654354333878
0.13554628193378448
0.01665305718779564
0.0026598679833114147
0.0019233354832977057
0.02013363689184189
0.0070772357285022736
0.01132522989064455
0.007118260487914085
0.010415362194180489
0.009532793425023556
0.012396701611578465
0.007560162805020809
0.014944074675440788
0.021983031183481216
0.015382751822471619
