0.01251545362174511
0.07165422290563583
0.5503188371658325
0.6389238834381104
0.46447786688804626
0.16069447994232178
0.003393964609131217
2.2975516319274902
0.0016339034773409367
0.5911665558815002
1.4185891151428223
0.0
0.8423104286193848
1.0097521543502808
1.5892804861068726
0.8787350654602051
0.0
0.0
0.5763947367668152
0.5875352621078491
2.755662441253662
1.6559770107269287
0.3295891284942627
0.008104410953819752
0.0
0.004364054650068283
0.011513568460941315
0.0
1.0113401412963867
2.392845630645752
0.9144563674926758
1.7148716449737549
0.4745216965675354
1.205186367034912
0.027446042746305466
1.409041166305542
0.0012783135753124952
0.02344275638461113
0.475437730550766
0.730822741985321
1.1671804189682007
0.6695156097412109
0.10890813171863556
1.8245196342468262
0.10139681398868561
0.0
1.3290798664093018
0.041923023760318756
2.244647741317749
1.3277003765106201
2.6719908714294434
1.2310549020767212
0.5368472933769226
0.4347473084926605
0.1523001343011856
0.01654970645904541
0.3825216293334961
0.005105373449623585
0.010371778160333633
0.0036036167293787003
1.1588091850280762
0.0
0.21933439373970032
0.0
0.0005461570108309388
2.1413803100585938
0.32670822739601135
1.2004493474960327
0.13157302141189575
1.063384771347046
0.07746709883213043
0.4637175500392914
2.668499708175659
0.0030066119506955147
0.779282808303833
1.1686385869979858
1.602339506149292
0.4086322486400604
0.5470370054244995
0.1135660707950592
2.3951644897460938
0.001970752840861678
0.03831133991479874
0.565005898475647
1.474074125289917
1.2730567455291748
3.023695945739746
0.028805812820792198
0.21554780006408691
1.387162446975708
0.9980679750442505
0.0
1.7856500148773193
0.38152822852134705
0.0
2.276812791824341
0.059706807136535645
1.6468851566314697
0.7557410597801208
0.005781607236713171
1.7591142654418945
2.4804601669311523
0.5569597482681274
1.8003944158554077
0.31947898864746094
0.41499990224838257
0.2856239378452301
0.3321215510368347
2.113910436630249
0.16035926342010498
1.359554648399353
0.6232582330703735
0.0014308290556073189
0.7176699638366699
0.0030131307430565357
1.333378791809082
0.0
