0.865500807762146
0.1638762652873993
0.0047515640035271645
0.05365677922964096
0.07490450888872147
0.774011492729187
1.0638573169708252
0.04401053488254547
0.7846581339836121
0.0
3.4394052028656006
1.5405045747756958
0.009409558027982712
0.11349844187498093
0.823845386505127
0.03952253609895706
0.4093603789806366
0.00010703848238335922
3.1057894229888916
0.3686788082122803
0.011595193296670914
0.00030430321930907667
0.05278310552239418
0.0
0.9032983779907227
0.7969337105751038
2.0289478302001953
0.6505505442619324
0.0008861758979037404
0.030084094032645226
1.0767934322357178
0.01687799207866192
0.09702697396278381
0.6127563118934631
0.07095877081155777
5.570107460021973
0.004450423642992973
0.03144604340195656
0.7243258953094482
0.25904446840286255
0.0002486683370079845
0.0063154855743050575
0.03599065914750099
0.00826270878314972
0.406879723072052
1.7168471813201904
0.8680868744850159
1.4943000078201294
0.8938799500465393
1.1395740509033203
0.47158583998680115
0.8533687591552734
0.18859967589378357
0.10741189867258072
2.402933359146118
0.0024605547077953815
3.775420665740967
0.04565118998289108
0.08941823989152908
0.48892152309417725
0.007189429365098476
0.009429269470274448
0.045006636530160904
0.8233303427696228
0.14203475415706635
0.17860445380210876
0.0
1.9626498222351074
0.0
1.3604274988174438
1.515110969543457
0.04624835029244423
0.0716099962592125
1.0939196348190308
1.864094614982605
2.3170864582061768
0.5939833521842957
3.4636454582214355
1.5791356563568115
0.6261625289916992
0.00963517464697361
1.1077251434326172
0.1567612737417221
1.3182122707366943
0.15070371329784393
1.1894339323043823
0.6274636387825012
0.31709498167037964
1.0043613910675049
0.38227200508117676
0.5968936681747437
0.19085942208766937
0.03784240782260895
4.500243186950684
0.002115568146109581
1.431153416633606
0.021656617522239685
0.8793122172355652
1.7141036987304688
0.002174707595258951
