0.039878424257040024
0.03113902546465397
0.02099822461605072
0.0007486117538064718
9.649718413129449e-05
0.0037728608585894108
0.002769307466223836
0.04107923433184624
0.006805100478231907
0.00384632614441216
0.004546460695564747
0.22195300459861755
0.06452547013759613
0.002379033714532852
0.00026159005938097835
0.06144961342215538
0.002638840116560459
0.0021573221310973167
0.041615307331085205
0.0011386785190552473
0.08907655626535416
0.0016836455324664712
0.012916493229568005
0.09482024610042572
0.007591576315462589
0.0023062117397785187
0.0017762263305485249
0.00304031022824347
0.00572090782225132
0.00831555388867855
0.0004194122739136219
0.004524289630353451
0.06361740827560425
0.0025824226904660463
0.009165612049400806
0.0012701888335868716
0.013749158009886742
0.005352797452360392
0.002985631115734577
0.0056271119974553585
0.00010850922262761742
0.03806953877210617
0.022032862529158592
0.0010780654847621918
0.005583158228546381
0.03240875527262688
0.005698225926607847
0.010840171948075294
0.013818483799695969
0.0006023025489412248
0.0023909155279397964
0.00420415960252285
0.0012048593489453197
0.001546174637041986
0.001354714622721076
0.007404310628771782
0.005704016424715519
0.004128843545913696
0.0018099893350154161
0.0007396766450256109
0.0031578494235873222
0.010501788929104805
0.005182281602174044
0.00818231888115406
0.016575345769524574
0.05022158473730087
0.009111749939620495
0.006155755370855331
0.017786813899874687
0.0023366264067590237
0.005334906745702028
0.00612195348367095
0.06941679120063782
0.01227843388915062
0.016000207513570786
0.0006294675986282527
0.0028016744181513786
0.014936327002942562
0.0015114163979887962
0.001117170788347721
0.028786001726984978
0.0014268482336774468
0.010642677545547485
0.004002710804343224
0.0013577647041529417
0.0217275507748127
0.0009396517416462302
0.015771497040987015
0.010338264517486095
0.00948296207934618
0.000618272228166461
0.017254792153835297
0.0050225770100951195
0.007916380651295185
0.004091743845492601
0.06193310022354126
0.0007940713549032807
0.009305311366915703
3.394509622012265e-05
0.001478697289712727
0.00768550019711256
0.0034660007804632187
0.00023189550847746432
0.0029854970052838326
0.016188470646739006
0.0002102705475408584
0.023604918271303177
0.008560786955058575
0.0009606889798305929
0.01123727671802044
0.0032685687765479088
0.0008760307682678103
0.00017222872702404857
0.011073293164372444
0.01311081275343895
3.665996337076649e-05
0.03552490472793579
0.008473293855786324
0.000856387079693377
0.003133721649646759
0.0036591491661965847
0.0016030881088227034
0.001716679078526795
0.004765145480632782
0.002299305982887745
0.00013348109496291727
0.01250525377690792
0.0005980973946861923
0.00461227772757411
0.00449961656704545
0.005029989406466484
0.013158726505935192
0.002217406639829278
0.0016263044672086835
0.00933049339801073
0.0029093006160110235
0.060624126344919205
0.08168914914131165
0.00802314281463623
0.006032313220202923
0.0009055988630279899
0.0057564834132790565
0.010038659907877445
0.0012240912765264511
0.00064913893584162
0.008171746507287025
0.00022492368589155376
0.0792076587677002
0.007213187869638205
0.0030499270651489496
0.0001694497768767178
0.0030861005652695894
0.0063169850036501884
0.001333251828327775
0.004247346427291632
0.00757744163274765
0.009057693183422089
0.003424911294132471
0.013746432960033417
0.011395647190511227
0.0019452578853815794
0.010094771161675453
0.0006478361319750547
0.005621546413749456
0.0008167331106960773
0.002292199991643429
0.004525309894233942
0.30729198455810547
0.0021499493159353733
0.003097742795944214
0.001331899780780077
0.04941084608435631
0.0004440436605364084
0.0014089616015553474
0.009580636397004128
0.0015706312842667103
0.0030157780274748802
0.017908601090312004
0.001558458199724555
0.003742583328858018
0.015484594739973545
0.012142308056354523
0.012801339849829674
0.0006356413941830397
0.0008626817143522203
0.006342467851936817
0.005457350052893162
0.007556070573627949
0.0048811896704137325
0.003433770965784788
0.001389415469020605
0.0061753056943416595
0.11307578533887863
0.0007792402757331729
0.019898496568202972
0.01096993125975132
0.005046251695603132
0.010962544940412045
0.001122406916692853
0.024673521518707275
0.11870273947715759
0.006604677531868219
0.005589282605797052
0.0045569343492388725
0.0068777091801166534
0.06741681694984436
0.00601489283144474
0.0014951734337955713
0.001005476457066834
0.006355017889291048
0.02656780555844307
0.0017453988548368216
0.02110147848725319
0.007256302051246166
0.0029687730129808187
0.022502023726701736
0.0012193479342386127
0.0019487333483994007
0.009047385305166245
0.0020315018482506275
0.002542642178013921
0.20130674540996552
0.025951873511075974
0.0095452219247818
0.03182823210954666
0.0022841081954538822
0.01192532666027546
3.600997297326103e-05
0.001473415526561439
0.004924262873828411
0.001159868435934186
0.002050653100013733
0.0014275431167334318
0.004204294178634882
0.004469686187803745
0.009395478293299675
0.01688101887702942
0.004817294422537088
0.005278228782117367
0.003082904266193509
0.0012200979981571436
0.0026518236845731735
0.0013493550941348076
0.00016735331155359745
0.003715775441378355
0.00036425457801669836
0.004254255443811417
0.001786409760825336
0.0016009467653930187
0.0019278543768450618
0.22257938981056213
0.0049537536688148975
0.0011568468762561679
0.004357193596661091
0.02654716931283474
0.049147557467222214
0.0005596267292276025
0.0002584795583970845
0.0028972155414521694
0.004671990405768156
0.004287108313292265
0.01466868631541729
0.0027624911163002253
0.0032575170043855906
0.0003477399586699903
0.022899281233549118
0.0017949037719517946
0.0032699801959097385
0.0008785061072558165
0.003761081723496318
0.04964311048388481
0.00871160440146923
0.19426438212394714
0.007966865785419941
0.00033194312709383667
0.00125839130487293
0.0008876551873981953
0.009071980603039265
0.00616043247282505
0.0024015887174755335
0.08564084023237228
0.02763684280216694
0.003015622030943632
0.05136433616280556
0.005819146521389484
0.002729987259954214
0.00854537170380354
0.0014948486350476742
0.0028504026122391224
0.002051775576546788
0.0013774055987596512
0.048403844237327576
0.0020206673070788383
0.011647747829556465
0.00825555995106697
0.0008758718613535166
0.005713460501283407
0.0040909056551754475
0.04970361664891243
0.017944112420082092
0.0009237917838618159
0.013501128181815147
0.005746723152697086
0.0036437034141272306
0.0001993393525481224
0.05434856936335564
0.004848653916269541
0.0031478768214583397
0.034944165498018265
0.01230371743440628
0.007865222170948982
0.007877379655838013
4.6465080231428146e-05
0.0010189092718064785
0.0013211097102612257
0.009517824277281761
0.014343878254294395
0.006888863630592823
0.01674676686525345
4.2237425077473745e-05
0.0020378443878144026
0.005092151463031769
0.0034406818449497223
0.00039433129131793976
0.0003715582424774766
0.01084036473184824
0.0032483083195984364
0.09985619783401489
0.0048953937366604805
0.0026618633419275284
0.017525112256407738
0.0011866892455145717
0.02039436250925064
0.0021909233182668686
0.014453493990004063
0.003642684780061245
0.0003733996709343046
0.007981699891388416
0.006561126094311476
0.20513443648815155
0.00023236367269419134
0.00037571912980638444
0.002883634530007839
0.0074182357639074326
0.0021476298570632935
0.006125343963503838
0.00865129567682743
0.0465109758079052
0.002144250785931945
0.009698424488306046
0.005479772575199604
0.001029087114147842
0.006899962201714516
0.005143603775650263
0.0033627175725996494
0.0015083218459039927
0.003970326855778694
0.021286876872181892
0.004571001045405865
0.18076351284980774
0.0038671621587127447
0.005629801191389561
0.008165515027940273
0.03697187826037407
0.006811239290982485
0.01126185804605484
0.0012310959864407778
0.02395455911755562
0.0004194880311843008
0.010205664671957493
0.0348128080368042
0.001790376496501267
0.0065335421822965145
0.005091652274131775
0.002642795443534851
0.006115293130278587
0.0010651316260918975
0.004630814306437969
0.0023555338848382235
0.009369723498821259
0.0003156489983666688
0.003193158656358719
0.011852574534714222
0.02050159126520157
0.001478565507568419
0.005726861767470837
0.005213091149926186
0.027692461386322975
0.002052650786936283
0.04022416099905968
0.0002240353060187772
0.002369167050346732
0.0023602223955094814
0.0024145322386175394
0.0034751396160572767
0.0011048924643546343
0.006268981844186783
0.004521542228758335
0.008160466328263283
0.01744508184492588
