3.866971969604492
2.6296238899230957
1.8581783771514893
3.5889816284179688
2.9216294288635254
2.9636666774749756
2.0157830715179443
3.185039520263672
2.6851842403411865
3.3508784770965576
2.661517381668091
2.2512969970703125
1.9127962589263916
0.9336303472518921
3.1223878860473633
3.209747552871704
3.316708564758301
3.8522915840148926
2.0120434761047363
1.0487279891967773
1.3119375705718994
3.037198066711426
2.3103151321411133
2.937001943588257
2.798482894897461
3.4859819412231445
1.6408435106277466
3.455749988555908
3.2550628185272217
1.8716574907302856
0.9547239542007446
2.5154643058776855
2.59873104095459
3.166600227355957
1.463039755821228
3.188486099243164
2.8913726806640625
2.744267463684082
2.864949941635132
3.1869685649871826
