193.85658264160156
195.02166748046875
199.4661102294922
194.76248168945312
195.22610473632812
195.13018798828125
199.59555053710938
196.053955078125
197.51409912109375
196.82229614257812
193.68429565429688
196.5286865234375
193.33401489257812
186.57017517089844
192.73622131347656
198.25291442871094
191.8427734375
197.6237030029297
196.39712524414062
198.77374267578125
190.78106689453125
198.65802001953125
193.91136169433594
196.56417846679688
197.1636962890625
192.44064331054688
193.73829650878906
193.1033935546875
193.16624450683594
196.85452270507812
197.95904541015625
195.0952911376953
196.27496337890625
196.93157958984375
199.87742614746094
195.02301025390625
197.70791625976562
189.05340576171875
193.82591247558594
197.11807250976562
