3.840069532394409
3.846306562423706
3.507338762283325
3.708394765853882
3.33577036857605
3.195854425430298
3.026730537414551
2.831719160079956
4.3363800048828125
4.040393352508545
3.799407720565796
3.8983592987060547
4.029520511627197
4.122098445892334
3.601712942123413
2.831390380859375
4.196597576141357
3.194758176803589
4.056341171264648
3.3358376026153564
4.691088676452637
3.9920990467071533
3.1146795749664307
3.2154948711395264
3.752391815185547
3.9646928310394287
3.8008358478546143
4.163959503173828
3.633897542953491
4.169226169586182
4.144860744476318
3.6442811489105225
3.707611560821533
4.28635835647583
3.824822187423706
3.813225507736206
3.796785831451416
4.271620273590088
3.2733495235443115
3.756044864654541
3.874422550201416
3.6249473094940186
3.383532762527466
3.4288277626037598
3.9060561656951904
3.295257329940796
3.5325851440429688
4.209819793701172
3.539501190185547
3.6963069438934326
3.3106179237365723
3.5382473468780518
4.180084228515625
3.5358681678771973
3.8009979724884033
3.481647491455078
3.9820117950439453
3.514920473098755
4.381978511810303
3.820953845977783
3.2441327571868896
3.7610249519348145
3.0918426513671875
4.09734582901001
2.884484052658081
4.355023384094238
3.5662872791290283
3.6953811645507812
3.6087021827697754
3.5605790615081787
3.4178168773651123
4.066951274871826
3.189605712890625
3.2712159156799316
4.126969814300537
3.3494110107421875
4.449330806732178
3.993457078933716
3.5071945190429688
3.2640373706817627
4.147099494934082
3.4698617458343506
3.5741958618164062
3.3549563884735107
3.739271640777588
3.6503307819366455
3.958207845687866
4.573317527770996
3.373798370361328
3.3300347328186035
3.4764058589935303
4.0242109298706055
3.5953927040100098
3.9528205394744873
3.6359786987304688
4.2822980880737305
4.400777339935303
3.7983310222625732
3.6324517726898193
3.661701202392578
3.5738141536712646
3.6994431018829346
3.4951553344726562
3.46134614944458
3.2840869426727295
3.45749831199646
3.1358304023742676
3.416877508163452
4.234662055969238
3.8836705684661865
3.4185054302215576
4.096034526824951
3.604987382888794
3.877131700515747
3.320793867111206
3.9421374797821045
3.4678866863250732
3.5768611431121826
4.0776686668396
4.171738147735596
3.3701534271240234
3.1803386211395264
3.867969512939453
3.875129461288452
3.4991226196289062
3.7133560180664062
3.676007032394409
4.137265205383301
3.484447956085205
3.2174973487854004
3.8784031867980957
3.7967236042022705
3.8380932807922363
4.320899963378906
3.660191297531128
3.459318161010742
3.6887073516845703
3.4055633544921875
3.7244701385498047
3.646540403366089
3.7779719829559326
3.668386936187744
4.072235107421875
3.7596492767333984
4.145552158355713
3.0379388332366943
3.3211522102355957
3.6934940814971924
3.9074344635009766
3.883387804031372
3.3679707050323486
4.321326732635498
3.2194888591766357
3.4659085273742676
3.8357856273651123
3.481250762939453
3.5097877979278564
3.1161386966705322
2.8758506774902344
4.0330939292907715
3.0077171325683594
3.5595862865448
3.6575050354003906
3.7514801025390625
4.003672122955322
3.1154086589813232
3.838425397872925
3.804525852203369
3.7997994422912598
3.9785001277923584
3.158438205718994
3.7570576667785645
3.9913971424102783
4.274850845336914
3.487360715866089
4.0580058097839355
3.9682891368865967
3.037341356277466
3.343755006790161
2.982215642929077
3.3362507820129395
3.6764485836029053
3.668483018875122
3.7877037525177
4.143956184387207
3.747896194458008
4.24575662612915
3.445491075515747
3.8581886291503906
3.848417282104492
3.651315450668335
4.0579023361206055
3.9381661415100098
3.8347549438476562
3.060432195663452
4.271520614624023
4.417827606201172
3.474881887435913
3.724928379058838
3.4208481311798096
3.839975118637085
3.4467079639434814
3.484795331954956
4.2508368492126465
3.731199264526367
3.782465696334839
3.9365627765655518
3.2181057929992676
4.139239311218262
3.775374174118042
4.041940212249756
3.556943655014038
3.8346917629241943
3.8883042335510254
4.124660015106201
3.676525592803955
3.5848724842071533
4.40939474105835
4.291950225830078
4.051042556762695
4.038293361663818
3.5416417121887207
4.110624313354492
3.613652467727661
3.9939422607421875
3.8183350563049316
3.9269909858703613
4.0764288902282715
4.077916622161865
3.612746477127075
4.252223014831543
3.6640796661376953
4.410308361053467
3.3524022102355957
4.062847137451172
3.6523120403289795
3.217759370803833
4.317519664764404
3.8006577491760254
3.414022922515869
3.8476035594940186
3.8737218379974365
4.121166229248047
3.9784324169158936
3.460942029953003
3.6476528644561768
4.142019748687744
3.8374428749084473
3.630200147628784
3.4820988178253174
3.639474630355835
3.8931832313537598
4.150847911834717
4.104714870452881
3.4491124153137207
3.140535354614258
3.5837743282318115
3.6207127571105957
3.6376521587371826
3.376615285873413
4.031225681304932
3.5955657958984375
4.154122829437256
3.587620258331299
4.001336097717285
3.5405704975128174
3.628791093826294
3.350074529647827
3.3212642669677734
3.5648574829101562
3.5826218128204346
3.8268134593963623
3.8171513080596924
2.926658868789673
4.188403129577637
3.8098981380462646
3.882897138595581
3.382065534591675
3.2374801635742188
3.080836772918701
4.044162750244141
3.5352375507354736
3.370866060256958
4.333690643310547
3.625783920288086
2.7841129302978516
4.314944744110107
3.700948476791382
3.3166675567626953
3.945603132247925
3.0604779720306396
3.538745164871216
2.5062789916992188
3.712517261505127
3.348407030105591
3.513780355453491
3.5296216011047363
3.7389838695526123
3.669032335281372
3.5718085765838623
3.3507156372070312
3.8669402599334717
3.351287841796875
3.7883872985839844
3.9283790588378906
3.2809224128723145
3.726771593093872
4.177789688110352
4.204122543334961
3.7626473903656006
3.6950643062591553
3.9000091552734375
3.7255592346191406
3.6304683685302734
3.655261278152466
4.011035919189453
3.3940131664276123
3.5847489833831787
3.1808817386627197
4.053235054016113
3.693627119064331
3.9107792377471924
3.2714385986328125
2.8358774185180664
3.4887282848358154
3.6232917308807373
3.8730721473693848
3.8673245906829834
3.424398899078369
3.6351704597473145
3.7885196208953857
3.7767460346221924
3.5360443592071533
3.6945831775665283
4.096272945404053
3.658346652984619
3.7505576610565186
3.8966851234436035
3.724835157394409
3.287689208984375
3.5819356441497803
3.704167604446411
3.803373098373413
3.5163421630859375
3.0182945728302
3.659109592437744
3.9969990253448486
3.7087032794952393
3.8957297801971436
3.213654041290283
4.208136081695557
3.4993507862091064
3.4826972484588623
3.803734540939331
3.5762665271759033
4.240753173828125
3.7698981761932373
3.3287084102630615
3.181635618209839
3.5959718227386475
3.6137101650238037
4.213271141052246
4.097038745880127
4.3412065505981445
3.4927704334259033
3.818227529525757
3.7788376808166504
3.349951982498169
3.54231333732605
4.007949352264404
3.5423476696014404
3.9274697303771973
3.7530155181884766
3.80472731590271
3.3206658363342285
3.6017098426818848
4.193721294403076
4.352705001831055
3.793368101119995
3.5818710327148438
3.3458545207977295
4.1534104347229
4.079455375671387
3.546457052230835
3.8004276752471924
3.8954808712005615
3.853797197341919
4.2863383293151855
4.0451531410217285
3.3821122646331787
4.408267974853516
4.026883125305176
3.457540273666382
3.7685630321502686
4.094859600067139
4.3777875900268555
3.4658162593841553
3.274348020553589
3.8917667865753174
3.4214608669281006
