4.162513732910156
3.1487832069396973
4.301027774810791
5.208055019378662
5.050525188446045
4.483880043029785
4.851519584655762
4.3685736656188965
3.802314519882202
4.712884426116943
4.585548400878906
4.927276134490967
4.951544284820557
4.180207252502441
4.021729946136475
3.583874464035034
4.698256492614746
4.197879791259766
4.433535099029541
4.960765361785889
4.19782829284668
4.022201061248779
4.5970635414123535
5.458411693572998
4.30708122253418
4.04115629196167
4.643574237823486
4.40009069442749
4.505608558654785
3.7949655055999756
5.853705883026123
3.9617226123809814
4.882996559143066
4.4221510887146
4.594661235809326
4.597471237182617
4.686550617218018
4.562666416168213
4.090132713317871
5.421240329742432
