4.085566997528076
3.19777774810791
1.918029546737671
5.132167339324951
3.6822261810302734
2.9439854621887207
3.1632838249206543
4.228573322296143
2.999376058578491
3.6146223545074463
3.633305549621582
3.256514549255371
2.714817523956299
0.9778953194618225
3.2079648971557617
3.1767477989196777
4.203551769256592
3.8374123573303223
2.84906005859375
1.8136637210845947
2.5954058170318604
3.493025779724121
3.224432945251465
3.35998797416687
2.9692611694335938
3.9489245414733887
1.890190601348877
3.5131032466888428
3.701070547103882
2.191573143005371
0.9973540902137756
4.132672309875488
3.015169382095337
3.726459503173828
1.442570686340332
4.190727233886719
3.575165033340454
4.4070143699646
4.127340316772461
3.736177444458008
