1.5860850811004639
1.78582763671875
0.4462129473686218
0.19065576791763306
1.4413789510726929
0.8253163695335388
0.8475305438041687
0.6972422003746033
0.9782023429870605
1.1280977725982666
1.828003168106079
0.5311400890350342
3.441270351409912
1.3620848655700684
0.6536275148391724
1.6244735717773438
1.0657404661178589
0.39642998576164246
2.022278308868408
2.2209324836730957
1.8035290241241455
1.2050886154174805
0.26889926195144653
3.203474998474121
0.5299888849258423
0.5586422681808472
1.6742935180664062
1.0475068092346191
2.5054287910461426
1.448697805404663
2.171677589416504
0.11011026799678802
1.3543109893798828
0.8043268918991089
0.8326002955436707
0.7156977653503418
0.5028659105300903
0.6734582781791687
0.400484561920166
0.18946659564971924
1.2550468444824219
1.9143009185791016
0.977637767791748
2.569516181945801
0.8725582957267761
1.7084171772003174
0.4807811379432678
1.6854394674301147
1.8166077136993408
0.464558482170105
2.244138479232788
3.0722899436950684
1.1533151865005493
2.089114189147949
1.0005278587341309
1.4641287326812744
1.5459855794906616
1.7287039756774902
0.8155524134635925
1.49007248878479
0.6119675636291504
3.1953601837158203
1.5379209518432617
1.1122446060180664
0.581247091293335
0.09719689935445786
1.1418768167495728
1.2269541025161743
1.8353837728500366
0.5821726322174072
0.32033973932266235
1.078084945678711
1.8084628582000732
0.3523605763912201
1.0667824745178223
1.690690517425537
0.6360136866569519
0.22248384356498718
0.8413784503936768
2.1091485023498535
1.340448260307312
1.3218923807144165
0.8046137094497681
0.9341132044792175
1.6618422269821167
1.4543263912200928
0.1939411163330078
1.7670609951019287
0.3927302360534668
1.513467788696289
2.164200782775879
1.0484230518341064
0.8632399439811707
0.23143348097801208
1.3190032243728638
0.18886995315551758
1.0099050998687744
0.918601393699646
1.0236886739730835
0.6075361967086792
