3.882615327835083
4.049819469451904
3.4730026721954346
3.901258945465088
3.363590955734253
3.2691943645477295
3.1189968585968018
2.751389265060425
4.4087443351745605
4.250836372375488
3.9355599880218506
4.177654266357422
4.170169830322266
4.3845720291137695
3.8144853115081787
2.9510295391082764
4.304662704467773
3.2296063899993896
4.1661152839660645
3.2847869396209717
4.7838544845581055
4.2240071296691895
3.344635486602783
3.50947642326355
3.8572258949279785
4.253631591796875
3.9848687648773193
4.361442565917969
3.853412389755249
4.7191386222839355
4.384572982788086
3.8226566314697266
3.896296262741089
4.493696689605713
4.025880813598633
3.897613525390625
4.074061393737793
4.499413013458252
3.377304792404175
4.058046817779541
4.1072869300842285
3.8858489990234375
3.549517869949341
3.6015796661376953
4.140321731567383
3.5195205211639404
3.6794052124023438
4.3581438064575195
3.7004330158233643
3.847984790802002
3.6275641918182373
3.5397861003875732
4.323383331298828
3.761009931564331
3.9473354816436768
3.6291134357452393
4.083738803863525
3.4852821826934814
4.4934163093566895
3.9767861366271973
3.5117480754852295
4.00688362121582
3.2447662353515625
4.397346019744873
3.021899461746216
4.62368631362915
3.7530670166015625
3.8526477813720703
3.772127628326416
3.5849099159240723
3.6259143352508545
4.256497859954834
3.45188307762146
3.4669735431671143
4.420047283172607
3.501741886138916
4.545170783996582
4.110272407531738
3.6463067531585693
3.281989336013794
4.391719341278076
3.676007032394409
3.794722080230713
3.4962902069091797
3.944298267364502
3.7394235134124756
4.090342998504639
4.93038272857666
3.5476386547088623
3.61118483543396
3.615032911300659
4.262866020202637
3.5767533779144287
4.115298748016357
3.7288224697113037
4.365575313568115
4.607553958892822
4.069211006164551
3.791553258895874
3.8116631507873535
3.5264148712158203
3.9684910774230957
3.477372407913208
3.6499879360198975
3.563190221786499
3.5811240673065186
3.378002166748047
3.5681588649749756
4.353395462036133
4.160033226013184
3.5699920654296875
4.084991455078125
3.633793354034424
4.085292339324951
3.4030206203460693
4.205424785614014
3.5754544734954834
3.749129056930542
4.220982551574707
4.326723575592041
3.5172641277313232
3.2516019344329834
4.030030250549316
4.159581184387207
3.6957480907440186
3.731765031814575
3.8426499366760254
4.3330817222595215
3.7049076557159424
3.3559670448303223
4.106625080108643
4.073233604431152
3.945197343826294
4.602349281311035
3.865988254547119
3.55884051322937
3.671804904937744
3.6000003814697266
3.9344403743743896
3.8870866298675537
3.9801158905029297
3.7113873958587646
4.281617641448975
4.050516605377197
4.3899359703063965
3.1908037662506104
3.52178692817688
3.9290833473205566
4.109055995941162
4.108023166656494
3.475038528442383
4.446391582489014
3.243549108505249
3.664703845977783
4.077701091766357
3.662799596786499
3.675701856613159
3.2596423625946045
2.9175992012023926
4.4754157066345215
3.0694892406463623
3.804194688796997
3.8361878395080566
3.9363670349121094
4.170942783355713
3.3713467121124268
3.9433858394622803
3.95798921585083
3.9223461151123047
4.140275478363037
3.3406333923339844
3.94732403755188
4.247617244720459
4.3118896484375
3.5966439247131348
4.283459663391113
4.1407599449157715
3.017498254776001
3.6302902698516846
3.2593116760253906
3.27783203125
3.825916051864624
3.903541326522827
3.9391541481018066
4.119183540344238
3.8662452697753906
4.456559658050537
3.5666043758392334
4.196043014526367
3.975107192993164
3.6662309169769287
4.326573848724365
4.557290554046631
3.9237191677093506
3.2367894649505615
4.388189792633057
4.620868682861328
3.7069389820098877
3.8385586738586426
3.5825774669647217
3.9784438610076904
3.6920831203460693
3.4611809253692627
4.305710315704346
3.951385498046875
4.001518249511719
4.063884735107422
3.118067502975464
5.088586807250977
4.147280216217041
4.301465034484863
3.7058627605438232
3.9638946056365967
3.9969773292541504
4.26165771484375
3.8349454402923584
3.664759874343872
4.573590278625488
4.408717632293701
4.155307292938232
4.256478786468506
3.684094190597534
4.287362575531006
3.8580093383789062
4.211949348449707
3.956674337387085
4.1114501953125
4.216590404510498
4.253057956695557
3.7844936847686768
4.4876627922058105
3.822133779525757
4.6033148765563965
3.479343891143799
4.1966166496276855
4.116588115692139
3.4101696014404297
4.3541388511657715
4.235612392425537
3.455549955368042
3.935018301010132
4.007643699645996
4.42709493637085
4.269620418548584
3.560143232345581
3.8142402172088623
4.37697172164917
3.948415517807007
3.663332462310791
3.6108949184417725
3.914849042892456
4.088265895843506
4.34640645980835
4.251784801483154
3.647329092025757
3.301910400390625
3.700254440307617
3.6669585704803467
3.764010190963745
3.6548306941986084
4.271973609924316
3.659435749053955
4.313276767730713
3.739250898361206
4.236081123352051
3.6425940990448
3.7840735912323
3.499791383743286
3.413463592529297
4.426843643188477
3.7596611976623535
4.0676589012146
3.8832054138183594
3.08752703666687
4.394969940185547
4.161935329437256
4.164590358734131
3.6432158946990967
3.416271209716797
3.262693166732788
4.224565505981445
3.785081148147583
3.5831801891326904
4.542211055755615
3.840120792388916
3.0536468029022217
4.466128826141357
3.8430638313293457
3.415259599685669
4.295648097991943
2.9412014484405518
3.661640167236328
2.4601399898529053
3.759730100631714
3.4349732398986816
3.6829044818878174
3.7890396118164062
3.9503636360168457
3.795072555541992
3.881985902786255
3.414257764816284
4.176555633544922
3.4612293243408203
3.8712539672851562
4.754096508026123
3.5103795528411865
3.921830892562866
4.395839691162109
4.393548488616943
3.89951491355896
3.913294553756714
4.1312079429626465
3.8761348724365234
3.7937943935394287
3.8494510650634766
4.048349857330322
3.601889133453369
3.6467316150665283
3.259969472885132
4.239711761474609
3.8019917011260986
4.077895641326904
3.4574437141418457
2.973320245742798
3.694017171859741
3.724294424057007
3.9755051136016846
3.9870591163635254
3.5243351459503174
3.7398059368133545
3.9785537719726562
3.8310444355010986
3.64591383934021
3.9275975227355957
4.265761852264404
3.7670485973358154
3.8809564113616943
4.09391450881958
3.9188461303710938
3.5029683113098145
3.794994354248047
3.8388123512268066
3.961956739425659
3.590778112411499
3.2798149585723877
3.746797561645508
4.116405010223389
3.969615936279297
4.108570098876953
3.3808162212371826
4.385675430297852
3.8007888793945312
3.795445203781128
3.948718309402466
3.793654680252075
4.425835609436035
3.911167621612549
3.468168020248413
3.3460052013397217
3.6407735347747803
3.791599988937378
4.33853816986084
4.208591461181641
4.561717510223389
3.634906768798828
4.007489204406738
3.9057488441467285
3.4802215099334717
3.7070577144622803
4.1943888664245605
3.733546495437622
4.166208744049072
3.7679550647735596
3.9875476360321045
3.3736255168914795
3.8517117500305176
4.473447322845459
4.577235698699951
3.9998061656951904
3.6171364784240723
3.4705605506896973
4.4538493156433105
4.274177074432373
3.628307342529297
3.934809446334839
4.148561477661133
4.057876110076904
4.400261402130127
4.350154876708984
3.3929622173309326
4.663542747497559
4.142731666564941
3.600231170654297
3.8172051906585693
4.336089134216309
4.589217185974121
3.5041465759277344
3.327493667602539
3.9593982696533203
3.611096143722534
