1.209784984588623
0.5854750871658325
1.1018565893173218
1.8619707822799683
0.21260401606559753
0.5826029777526855
0.6504284739494324
0.3516089916229248
0.8271781206130981
0.454668253660202
0.11689647287130356
2.0479626655578613
0.7423738837242126
0.7194666862487793
1.8678821325302124
1.7195672988891602
0.655289351940155
1.5261178016662598
0.5287742018699646
1.3555186986923218
0.41753989458084106
1.4484167098999023
0.5531159043312073
2.1141834259033203
1.4923057556152344
2.400686740875244
1.020860195159912
0.9415666460990906
0.19881898164749146
0.49327802658081055
0.45015329122543335
0.34361502528190613
0.530359148979187
0.9763280153274536
0.6112169027328491
2.0019350051879883
1.9211747646331787
0.7233867049217224
0.1681184023618698
1.251706838607788
0.6780599355697632
0.4825378358364105
0.2817254960536957
1.420228362083435
2.357375144958496
2.8235087394714355
0.7407493591308594
0.944851279258728
0.5204148292541504
0.26938435435295105
0.466508150100708
0.42403268814086914
3.530576467514038
1.1663881540298462
1.4643211364746094
0.6914305686950684
1.1626405715942383
0.7139116525650024
0.44557201862335205
1.10099196434021
0.4207218885421753
0.5501663088798523
0.5634796619415283
2.251920700073242
1.4745458364486694
2.172445297241211
1.7205674648284912
1.221340537071228
0.9941486716270447
0.22773200273513794
0.3485258221626282
0.10891053080558777
0.6983977556228638
0.29263627529144287
1.3036803007125854
0.9866945743560791
0.28827568888664246
1.2848825454711914
1.1149572134017944
1.387481689453125
0.8899044990539551
1.5447795391082764
2.0532608032226562
1.2660744190216064
0.337380588054657
0.8835975527763367
0.42981892824172974
1.3609693050384521
3.842900276184082
1.1569628715515137
0.7245423793792725
0.7934638857841492
0.556799054145813
0.48672914505004883
1.1973283290863037
0.8591070175170898
0.33158260583877563
1.5765364170074463
1.6178624629974365
1.0112745761871338
