0.4922845959663391
0.21733354032039642
0.0025761998258531094
0.04724045842885971
0.001001489581540227
0.4491405785083771
1.2385733127593994
0.018572654575109482
0.8455123901367188
0.0
3.0796871185302734
1.358717679977417
0.009223045781254768
0.23082087934017181
0.5870692133903503
0.06185847893357277
0.2744329571723938
5.9124311519553885e-05
2.276874542236328
0.33650797605514526
0.003533141454681754
0.0002539917186368257
0.16803278028964996
0.0
0.8207854628562927
0.9707924127578735
1.4881099462509155
0.8437153697013855
0.0010298880515620112
0.03193075582385063
2.995957851409912
0.02779696322977543
0.1007574126124382
0.5265473127365112
0.018583275377750397
5.212721347808838
0.022774139419198036
0.18451659381389618
0.3666927218437195
0.3052031099796295
0.0006486140773631632
0.0021405890583992004
0.05746698006987572
0.005160195752978325
0.9020768404006958
1.087111234664917
0.8180552124977112
1.5704667568206787
0.49189165234565735
1.2789382934570312
0.5178162455558777
0.6059476137161255
0.5469551086425781
0.06718830019235611
1.2689251899719238
0.0014414850156754255
3.857302665710449
0.03885006159543991
0.11188659071922302
0.6664139628410339
0.03273996710777283
0.013224531896412373
0.03060954436659813
0.7473711967468262
0.11746522039175034
0.1633554995059967
0.0
2.8359172344207764
0.0
1.1931666135787964
1.0085017681121826
0.0400705561041832
0.23411642014980316
0.7068492770195007
1.5470476150512695
2.2606425285339355
0.267575204372406
3.3926022052764893
1.4348762035369873
0.4279636740684509
0.0037059197202324867
0.9290651082992554
0.1615406721830368
1.1209681034088135
0.07577145099639893
0.6132021546363831
1.9738335609436035
0.44508782029151917
1.0907013416290283
0.3109830915927887
0.17215976119041443
0.0541108176112175
0.08529864996671677
4.0647149085998535
0.0052767787128686905
1.1334450244903564
0.04161127656698227
0.19361551105976105
1.8205193281173706
0.005175651982426643
