4.404355049133301
3.5199568271636963
2.283400058746338
5.478503227233887
3.8543741703033447
3.4360501766204834
3.59134840965271
4.516146659851074
3.3175010681152344
4.017707824707031
3.922292709350586
3.680532455444336
3.202303886413574
1.1224297285079956
3.369602680206299
3.381211280822754
4.849458694458008
4.189890384674072
3.382275104522705
2.3590970039367676
2.9249744415283203
3.865097999572754
3.297137498855591
3.8245601654052734
3.314797878265381
4.30759859085083
2.4401190280914307
3.8426079750061035
4.004582405090332
2.4132158756256104
1.2115561962127686
4.787542819976807
3.4300684928894043
4.039351463317871
1.6493816375732422
4.425457000732422
4.1250410079956055
4.8417510986328125
4.398039817810059
3.9350714683532715
