149.35679626464844
150.42237854003906
148.4191436767578
149.55784606933594
148.3451385498047
149.0384521484375
148.9797821044922
145.80462646484375
149.4017791748047
149.2592010498047
150.72171020507812
149.91165161132812
150.72866821289062
149.93455505371094
147.90196228027344
150.617919921875
149.854248046875
150.67117309570312
150.7283477783203
151.66929626464844
148.36422729492188
151.0037841796875
148.484375
150.79664611816406
149.5077667236328
150.48190307617188
150.6342010498047
149.92027282714844
149.6802215576172
150.50747680664062
148.9832000732422
150.68154907226562
147.99005126953125
149.49806213378906
151.39654541015625
148.3327178955078
149.8041229248047
150.2854766845703
151.25161743164062
151.4069061279297
