2.4300379753112793
1.826375126838684
2.563448190689087
2.4358131885528564
3.5082077980041504
2.586984157562256
2.8923416137695312
1.6929705142974854
2.2835495471954346
1.733814001083374
2.2223849296569824
2.5647034645080566
3.149136781692505
1.6807620525360107
3.438854217529297
1.6731581687927246
2.703958034515381
2.5700135231018066
2.430711269378662
2.0392301082611084
2.1728549003601074
3.1906938552856445
2.2146692276000977
2.0919933319091797
3.656820058822632
1.7520098686218262
1.5310970544815063
1.3805898427963257
1.5852521657943726
2.154183864593506
2.3493471145629883
2.1941866874694824
2.075223207473755
2.6472718715667725
3.6767001152038574
2.002748966217041
2.5560126304626465
2.4552509784698486
1.6491377353668213
2.8715219497680664
2.5884575843811035
4.399550914764404
2.5141043663024902
2.8989098072052
3.8980038166046143
3.3287746906280518
2.861643075942993
1.472640872001648
1.579539179801941
2.5451431274414062
2.118419647216797
1.6889996528625488
2.1522607803344727
3.088763475418091
1.8588271141052246
0.9774807691574097
2.573967695236206
2.4772872924804688
0.44495922327041626
2.7143654823303223
2.675335645675659
2.4964871406555176
3.438791275024414
2.473080635070801
2.3622472286224365
3.536740779876709
2.3016226291656494
2.67832350730896
2.3158063888549805
2.626342296600342
3.1087357997894287
2.5564138889312744
2.332850933074951
3.8210129737854004
0.980153501033783
2.8183393478393555
2.649153470993042
2.501102924346924
2.6369810104370117
2.1347391605377197
2.2881240844726562
1.8157702684402466
3.437688112258911
3.1244707107543945
2.354893207550049
2.91469144821167
2.7815635204315186
1.9706530570983887
1.482377529144287
2.4585447311401367
2.7605390548706055
2.2143983840942383
2.272392749786377
2.4419374465942383
2.2375192642211914
0.7775630950927734
2.129664421081543
1.5594332218170166
3.0290679931640625
2.79411244392395
3.008293628692627
3.1338024139404297
2.7894134521484375
2.198117971420288
3.300870895385742
2.558096408843994
3.277925491333008
2.5603842735290527
2.8813464641571045
1.189550518989563
3.086272954940796
2.0234122276306152
1.9807844161987305
3.4476163387298584
1.9142719507217407
2.3859124183654785
2.5444998741149902
2.6036529541015625
2.883033275604248
2.7999181747436523
3.236863613128662
1.376116156578064
2.2914810180664062
3.08197021484375
3.4282455444335938
2.6940207481384277
2.5185952186584473
1.7528338432312012
2.3365440368652344
1.0454132556915283
3.5861010551452637
2.117567777633667
1.5990803241729736
1.851684808731079
2.7430453300476074
3.2192270755767822
2.6646080017089844
1.837311029434204
3.231170415878296
2.503547191619873
2.616959571838379
1.4801342487335205
3.5883617401123047
3.6903457641601562
3.306213140487671
2.8543782234191895
2.7817325592041016
2.993837833404541
2.749600410461426
1.4995479583740234
2.6086010932922363
1.9889004230499268
2.4421825408935547
1.4396096467971802
2.65061354637146
2.720180034637451
0.8649296760559082
3.1850497722625732
2.1576943397521973
3.3537073135375977
2.6241066455841064
2.185394287109375
3.1967501640319824
1.7185746431350708
2.3964767456054688
4.413321495056152
2.4217076301574707
2.6264867782592773
2.7866837978363037
2.8800840377807617
1.6918919086456299
3.073281764984131
2.486131191253662
1.2251068353652954
3.528714895248413
3.3913986682891846
3.672358751296997
2.9421749114990234
2.6537082195281982
1.7580066919326782
3.425536870956421
2.156351089477539
1.5210680961608887
2.021104574203491
2.4547312259674072
1.1042250394821167
1.3566744327545166
2.4818344116210938
2.146129846572876
1.51226806640625
2.215117931365967
2.3736572265625
3.3371787071228027
2.41072940826416
1.4144713878631592
2.3036322593688965
2.2890853881835938
2.3975868225097656
2.6488211154937744
2.538369655609131
2.3096954822540283
2.7869341373443604
2.542144298553467
1.5573921203613281
1.4657495021820068
3.6035897731781006
2.704014778137207
2.4598779678344727
1.6478451490402222
1.1306092739105225
1.0951588153839111
2.8994011878967285
1.0195400714874268
2.395641803741455
2.603262424468994
2.26192569732666
3.2913451194763184
2.9248948097229004
2.773085832595825
2.0839195251464844
1.849660873413086
1.78718101978302
2.5687131881713867
1.7429128885269165
3.133042812347412
2.10906982421875
1.0268115997314453
2.8234288692474365
2.6323013305664062
2.102583646774292
2.6678547859191895
2.199148416519165
3.250826358795166
2.5222957134246826
2.9460153579711914
2.6922078132629395
2.4973702430725098
3.651898145675659
1.870130181312561
3.454716205596924
2.158597469329834
2.844532012939453
2.79814076423645
3.2522988319396973
2.0665740966796875
2.8839545249938965
0.5784591436386108
0.952204167842865
2.5853395462036133
2.622307538986206
2.9784562587738037
2.99088716506958
3.0898325443267822
2.245483636856079
1.8569529056549072
3.468748092651367
2.0887017250061035
2.468864917755127
2.6930346488952637
2.8537888526916504
2.6937217712402344
2.7503209114074707
0.9339207410812378
0.9374887943267822
3.166192054748535
2.078901767730713
1.5507874488830566
3.1411638259887695
2.8214073181152344
2.3034682273864746
1.1641687154769897
2.342921495437622
3.261216640472412
2.7340712547302246
3.1899049282073975
2.8760786056518555
1.136826992034912
3.6088602542877197
2.2968082427978516
2.3081090450286865
2.50020432472229
2.7731618881225586
2.761396884918213
3.5621776580810547
2.815566301345825
1.4841530323028564
2.1463897228240967
3.229243516921997
2.5073513984680176
2.844000816345215
3.3583221435546875
2.8280951976776123
2.3074231147766113
1.4494861364364624
2.683494806289673
3.5144829750061035
1.0070298910140991
2.9961752891540527
2.411684989929199
1.2849665880203247
2.3170132637023926
3.0544981956481934
2.593384027481079
2.100761890411377
2.7028284072875977
3.092374801635742
2.5047950744628906
2.2923803329467773
1.508070945739746
2.4291601181030273
3.514589786529541
4.102034568786621
2.71328067779541
2.8651270866394043
3.8913381099700928
2.7641196250915527
3.158571720123291
2.202280282974243
1.6200964450836182
2.0432920455932617
3.616908550262451
3.293907642364502
2.559194803237915
1.8590316772460938
2.460474729537964
1.984545350074768
2.181184768676758
2.3260767459869385
0.9248756766319275
2.1717162132263184
1.7862167358398438
2.2164478302001953
3.2209854125976562
1.2274478673934937
1.6039063930511475
2.881359100341797
3.032870054244995
2.2939181327819824
2.670745849609375
3.691161870956421
2.0586843490600586
0.8942180871963501
3.4570679664611816
1.7772330045700073
2.7003514766693115
2.9681448936462402
2.9599249362945557
2.4842417240142822
2.5602664947509766
0.8005525469779968
2.4333057403564453
3.4247334003448486
2.1256799697875977
3.1351921558380127
2.822697162628174
2.7681736946105957
3.1435649394989014
3.0290021896362305
3.2067627906799316
0.6282087564468384
2.324535846710205
1.0638542175292969
2.6438894271850586
1.766767144203186
1.6605594158172607
2.2903053760528564
1.7939733266830444
0.6529189348220825
2.0292391777038574
3.1806063652038574
3.3278145790100098
3.142934560775757
2.902259349822998
2.3722500801086426
3.649834632873535
2.2408394813537598
3.6452903747558594
1.3026278018951416
2.9070444107055664
2.569796085357666
3.0663681030273438
3.308412551879883
2.659937620162964
2.463898181915283
2.915286064147949
2.030076026916504
1.9262280464172363
1.7086939811706543
3.1388299465179443
3.3223328590393066
2.0436534881591797
2.502229690551758
3.350165843963623
3.088318347930908
2.9172396659851074
2.053673267364502
1.7883188724517822
2.9698028564453125
1.75410795211792
3.005708694458008
