11.513248443603516
12.342430114746094
12.079294204711914
12.436655044555664
12.44782543182373
12.400941848754883
12.369247436523438
11.30820083618164
12.027983665466309
12.616403579711914
12.14593505859375
12.301666259765625
11.842123031616211
12.49428939819336
12.484825134277344
12.295412063598633
11.96401596069336
12.013744354248047
11.385350227355957
12.649890899658203
11.956396102905273
11.757621765136719
11.901220321655273
12.30747127532959
12.385967254638672
13.007411003112793
11.75175952911377
12.336326599121094
12.589391708374023
12.728127479553223
12.032422065734863
12.197980880737305
12.156182289123535
12.301891326904297
12.564294815063477
12.557870864868164
12.082372665405273
12.546839714050293
12.23223876953125
12.112274169921875
