1.1163526773452759
0.010981726460158825
1.333924651145935
1.2286618947982788
0.009023762308061123
0.01714460179209709
0.0
0.0
0.0
0.0
0.0
0.13578298687934875
0.0
3.5272369384765625
0.07503119111061096
0.0
0.0
0.0
1.6863489151000977
0.020402509719133377
0.0
3.2998952865600586
0.2838679552078247
0.0
0.09921908378601074
0.0
1.2441787719726562
0.18412941694259644
2.1362574100494385
0.0
0.0
0.0012545330682769418
3.6777045726776123
0.0
0.0
1.8955106735229492
0.0077011496759951115
0.0
0.0020415098406374454
0.0
0.0
0.0
0.5130667090415955
0.0
1.4306564331054688
0.0
0.0
0.0
0.0
0.5666266679763794
0.0
1.4970455169677734
0.0
1.6074827909469604
0.0
1.0179420709609985
0.0
0.0
0.017663326114416122
0.0
2.640324115753174
0.026906386017799377
0.0
0.10745564103126526
0.35851240158081055
0.0016398925799876451
0.0
2.0979437828063965
0.0
0.0
0.0
0.9909131526947021
0.0
0.0
0.0
0.0
2.723727226257324
0.0
0.1103396862745285
0.0
0.027363397181034088
3.332540273666382
1.262459635734558
0.4846489727497101
0.0
0.022382622584700584
0.0
0.0
0.11059077084064484
0.0
0.0
0.0
1.569702386856079
0.0
0.0
0.8558999300003052
0.2925280034542084
3.3850762844085693
8.591961860656738
0.02220037579536438
0.6107543110847473
0.0
0.0
0.0
0.0
0.2530580759048462
0.30933478474617004
0.0213587936013937
0.0
0.16385355591773987
0.07676935940980911
0.0
0.0
0.15499046444892883
0.0
2.777900457382202
0.0
