0.0
2.3270716667175293
1.2018508911132812
1.8010334968566895
2.6122922897338867
3.0182952880859375
0.5110536813735962
1.2122527360916138
3.8272628784179688
0.4275643229484558
1.3890072107315063
1.940348505973816
0.14520251750946045
1.1028412580490112
0.08894070237874985
2.8124871253967285
1.4769214391708374
3.127887487411499
2.581634044647217
1.3013031482696533
1.0810513496398926
2.8982949256896973
2.473689079284668
3.145155906677246
3.5404319763183594
0.5634655356407166
3.118544816970825
2.0636367797851562
0.0
2.8663101196289062
3.795642852783203
2.114035129547119
0.6415929794311523
1.5462285280227661
1.36811363697052
1.4206894636154175
2.033644199371338
0.0
2.0509142875671387
0.3718029856681824
2.0332584381103516
1.6148535013198853
2.8836965560913086
4.11940336227417
1.0940723419189453
1.6608806848526
3.095550298690796
3.6597037315368652
2.5905680656433105
0.9712522029876709
1.2925360202789307
0.7687273025512695
0.6307628154754639
2.454270839691162
2.2082901000976562
0.8771278262138367
0.6977078914642334
0.9193944334983826
2.1367311477661133
1.9365642070770264
1.7158656120300293
0.5399602055549622
1.3052979707717896
0.031075073406100273
2.0349509716033936
1.5754228830337524
0.12279516458511353
2.5505881309509277
0.19419340789318085
1.3000359535217285
1.6753510236740112
0.5630715489387512
3.248183012008667
1.8717436790466309
1.4472914934158325
0.0
0.6991780996322632
1.6285951137542725
0.8972195982933044
2.289196014404297
0.15677312016487122
0.35931864380836487
1.8102898597717285
0.264355331659317
0.06823690235614777
0.12147384136915207
1.6608328819274902
1.3913384675979614
0.3971370458602905
3.6632325649261475
1.1516722440719604
2.2134978771209717
1.8919315338134766
1.7322697639465332
1.7168426513671875
0.5850610136985779
1.0911813974380493
1.4000581502914429
2.7751426696777344
4.2165846824646
