3.3723387718200684
5.641091346740723
5.51186466217041
3.662353277206421
4.3488054275512695
3.3078291416168213
3.6739487648010254
2.37551212310791
3.8311703205108643
5.506665229797363
4.708093643188477
4.956934452056885
3.515576124191284
3.8188676834106445
3.8237838745117188
2.85172438621521
3.4037418365478516
3.809340476989746
4.273590087890625
2.3084492683410645
3.7388405799865723
4.52140998840332
4.487332344055176
2.1442651748657227
5.0720534324646
3.5506081581115723
1.8634061813354492
3.033271312713623
4.288035869598389
4.129278182983398
2.6794803142547607
4.549163341522217
4.099700927734375
4.88838529586792
4.111813545227051
3.9787378311157227
5.057567596435547
3.9491846561431885
3.906615734100342
3.188152313232422
