3.479278326034546
2.843416213989258
2.761721134185791
2.828986406326294
2.895205020904541
3.044947385787964
2.6057581901550293
3.552154541015625
3.021049976348877
3.1044647693634033
2.517850637435913
3.219656467437744
2.84613299369812
3.0976855754852295
3.977571487426758
2.64455246925354
3.364236831665039
2.777355670928955
3.312697649002075
2.423318386077881
2.9280893802642822
2.6529297828674316
3.0140979290008545
2.91252064704895
3.6640000343322754
3.2342770099639893
2.972937822341919
3.271868944168091
3.1472885608673096
2.9242000579833984
3.7088463306427
2.852487802505493
3.6002261638641357
3.1124107837677
2.5222511291503906
3.584476947784424
3.3863818645477295
2.6954410076141357
3.0504796504974365
1.8172167539596558
