1.611624002456665
1.2572760581970215
0.2754073739051819
0.25194060802459717
1.1486716270446777
0.802865207195282
0.8950200080871582
1.0131950378417969
1.2074432373046875
1.0111984014511108
1.832465648651123
0.3983716666698456
3.67756724357605
0.8127900958061218
0.8289427757263184
1.7032661437988281
0.8946413993835449
0.18128076195716858
1.7178924083709717
2.357564926147461
2.2274742126464844
1.051581621170044
0.20694600045681
3.4678828716278076
0.13027290999889374
0.570354700088501
1.8106648921966553
0.926364541053772
2.1435530185699463
1.2027262449264526
1.8695868253707886
0.14387981593608856
1.4661104679107666
0.875004768371582
0.6208897829055786
0.4228830337524414
0.3934813141822815
0.8889201879501343
0.3652721047401428
0.20214757323265076
0.9080528616905212
1.531363844871521
1.0828049182891846
2.0676379203796387
0.8270125389099121
1.9501041173934937
0.3760454058647156
1.4949935674667358
1.7305405139923096
0.41513165831565857
2.4085612297058105
3.2470626831054688
1.0570597648620605
2.3165955543518066
1.035050392150879
1.3733460903167725
1.4909536838531494
1.8574403524398804
0.983193039894104
1.4416673183441162
0.7526745200157166
2.9487743377685547
0.9810923933982849
1.0453834533691406
0.7007512450218201
0.10808616876602173
0.8797482252120972
1.411834716796875
1.5714764595031738
0.8239539861679077
0.1749146282672882
0.9977869987487793
1.8358945846557617
0.42256808280944824
0.6805652976036072
1.417718768119812
0.44762465357780457
0.524323582649231
0.9365991353988647
1.6419897079467773
1.474252700805664
1.443583369255066
0.770195484161377
0.5703915953636169
1.6155157089233398
1.7254889011383057
0.28114351630210876
1.6368227005004883
0.49265873432159424
1.5466235876083374
2.386691093444824
1.1536531448364258
1.1075472831726074
0.23722796142101288
1.016975998878479
0.2770856022834778
1.437386393547058
1.0981242656707764
0.4248999059200287
0.4890420436859131
