0.0
0.8578656315803528
0.9009283781051636
1.0527241230010986
2.7403502464294434
0.23831826448440552
0.8070012331008911
0.5294708609580994
3.935274124145508
0.021923713386058807
0.7465569972991943
1.8013511896133423
1.3168407678604126
0.418946772813797
0.008964017033576965
2.2870423793792725
0.8185955882072449
1.240179181098938
2.576078176498413
0.8795051574707031
0.38789764046669006
1.4776147603988647
0.19674743711948395
2.149600028991699
2.7677969932556152
0.04213060811161995
1.011439323425293
2.3929245471954346
0.0
1.7624620199203491
0.9668569564819336
1.4418184757232666
0.13060753047466278
0.25180527567863464
0.2586929202079773
1.3235381841659546
1.3401603698730469
0.0
1.8038599491119385
0.013918733224272728
1.7284464836120605
1.1198166608810425
2.829221248626709
2.334707736968994
1.1344259977340698
0.9184801578521729
0.982172966003418
2.23726224899292
1.907751441001892
0.22935831546783447
1.2399404048919678
1.2815054655075073
0.07731431722640991
0.6605331897735596
1.6538068056106567
0.21885459125041962
0.6668533682823181
0.07330245524644852
1.5544095039367676
2.4987831115722656
1.0148380994796753
0.40887007117271423
1.4880709648132324
0.0038174085784703493
1.4920299053192139
1.5197917222976685
0.05895509198307991
2.348513126373291
0.05950753018260002
1.0049142837524414
1.120187520980835
0.06155852973461151
4.506779670715332
0.3221094012260437
2.7519211769104004
0.0
1.6530863046646118
0.4318649470806122
0.6456691026687622
2.5196521282196045
0.004006030037999153
0.08114887773990631
1.1758366823196411
0.0026193454395979643
0.007641396019607782
0.022578492760658264
0.9486050009727478
0.3561975657939911
0.01049015112221241
1.9591420888900757
0.9111188054084778
3.097712278366089
0.8241626024246216
1.6715281009674072
2.125013828277588
0.2690174877643585
0.24449443817138672
0.8764376640319824
1.7541539669036865
5.002833843231201
