2.996274471282959
1.0816543102264404
0.3915272653102875
0.2073792666196823
1.9318428039550781
0.6737985014915466
0.8451271057128906
0.6482076644897461
1.8724215030670166
1.0683932304382324
1.5460882186889648
0.49310335516929626
7.663672924041748
0.6036194562911987
0.57954341173172
1.463526964187622
0.8891037702560425
0.19345544278621674
1.591695785522461
1.8467888832092285
2.121905565261841
1.4407458305358887
2.717294216156006
2.7132363319396973
0.11353479325771332
0.5782720446586609
1.5522844791412354
0.8814019560813904
1.908803939819336
1.0593984127044678
1.8555419445037842
0.09764131158590317
1.0825676918029785
0.8453246355056763
2.3164284229278564
0.6971347332000732
2.677727460861206
0.9320529699325562
0.2550509572029114
0.17870323359966278
1.0401381254196167
6.531571865081787
0.829719066619873
1.8065762519836426
0.8835786581039429
1.5491492748260498
0.5806928873062134
1.5960239171981812
1.7578017711639404
0.2570854127407074
1.9397200345993042
2.450313091278076
1.2925503253936768
2.2588562965393066
1.0140074491500854
3.625706672668457
1.7886276245117188
1.1568208932876587
0.5015016794204712
2.6025514602661133
0.9049205780029297
2.8534457683563232
0.9549210071563721
1.0833102464675903
0.47244924306869507
0.08346155285835266
0.8155321478843689
0.7562581896781921
5.0179243087768555
0.44897890090942383
0.1824461668729782
1.3347406387329102
1.5225452184677124
0.21211235225200653
0.6112879514694214
1.0830076932907104
0.39910346269607544
0.7260848879814148
0.6992759704589844
1.3784091472625732
1.5270450115203857
2.3676564693450928
1.0831007957458496
0.9040972590446472
1.5703848600387573
1.328956961631775
0.11120271682739258
1.732901930809021
0.6653393507003784
1.7393262386322021
2.46578311920166
1.1549559831619263
0.68510502576828
0.30813196301460266
0.8601031303405762
0.11839285492897034
0.7826620936393738
0.9162058234214783
0.6182210445404053
0.6722583770751953
