2.5751748085021973
2.0323734283447266
2.9313249588012695
2.6879284381866455
3.5972466468811035
2.5821003913879395
2.865689516067505
1.732940912246704
2.212770700454712
1.7981624603271484
2.177309513092041
2.6825833320617676
3.2949984073638916
1.5981031656265259
3.5254430770874023
1.6206395626068115
2.8644394874572754
2.624331474304199
2.3308045864105225
1.69832444190979
1.9941821098327637
4.044435977935791
2.1421656608581543
1.977652907371521
3.740731716156006
1.6665493249893188
1.5596575736999512
1.294793725013733
1.7163866758346558
2.202241897583008
2.325965404510498
2.250406265258789
2.259108066558838
2.465785026550293
3.8677968978881836
1.9440984725952148
2.7334718704223633
2.5522732734680176
1.5806043148040771
2.876694679260254
2.4504384994506836
4.664625644683838
2.459712505340576
2.809823989868164
3.927962303161621
3.5292234420776367
2.904447078704834
1.5779856443405151
1.5435864925384521
2.518505573272705
1.99934720993042
1.9102431535720825
1.9987913370132446
3.3154613971710205
2.0270378589630127
1.161541223526001
2.4323272705078125
2.561556816101074
0.47919517755508423
2.6809539794921875
2.6464786529541016
2.577548027038574
3.629955291748047
2.54168701171875
2.353337049484253
3.7817718982696533
2.3554139137268066
2.992077350616455
2.387587070465088
2.674950361251831
3.111159563064575
2.5287232398986816
2.445158004760742
4.133942127227783
1.0634410381317139
2.8295488357543945
2.87211537361145
2.470860719680786
2.7770187854766846
2.2769887447357178
2.233464002609253
1.4335415363311768
3.4714560508728027
3.131702423095703
2.249785900115967
3.0048828125
2.9177260398864746
2.113284111022949
1.422857642173767
2.7413973808288574
2.8264026641845703
2.2812490463256836
2.458800792694092
2.5213520526885986
2.2899274826049805
0.7440954446792603
2.2724244594573975
1.5429441928863525
3.179290771484375
2.8532257080078125
3.0054709911346436
2.8838748931884766
2.766087293624878
2.3415040969848633
3.2648766040802
2.550142765045166
3.2065529823303223
2.71113920211792
2.7970237731933594
1.4389581680297852
3.008540153503418
2.1863529682159424
2.1148314476013184
3.244083881378174
2.1412975788116455
2.175960063934326
2.6349663734436035
2.6172971725463867
3.0375328063964844
2.8935532569885254
3.23921799659729
1.3250211477279663
2.330048084259033
3.217869281768799
3.311756134033203
2.6507821083068848
2.5879459381103516
1.781752109527588
2.6022934913635254
1.0558160543441772
3.829073429107666
2.0449442863464355
1.666259765625
1.9332401752471924
2.775787115097046
3.2574329376220703
2.757099151611328
1.8788834810256958
3.1676065921783447
2.4715778827667236
2.744749069213867
1.4006614685058594
3.6406760215759277
3.731494665145874
3.6192684173583984
2.909231662750244
2.819992780685425
3.255180835723877
2.9500770568847656
1.347583532333374
2.760512351989746
1.8715095520019531
2.6012279987335205
1.3767503499984741
2.715524911880493
2.7104310989379883
0.725529134273529
3.1568922996520996
2.010523796081543
3.414734125137329
2.7966370582580566
2.381403684616089
3.245296001434326
1.8549344539642334
2.3921308517456055
4.679168701171875
2.541414499282837
2.7878265380859375
2.827029228210449
3.0527477264404297
1.6447174549102783
3.1021299362182617
2.372762441635132
1.133394718170166
3.5771396160125732
3.588550090789795
3.7146987915039062
2.9429068565368652
2.525815010070801
1.858452558517456
3.53676176071167
2.250781536102295
1.712766170501709
2.1932430267333984
2.641450881958008
1.0358880758285522
1.7500174045562744
2.4632134437561035
2.175318717956543
1.255523681640625
2.443848133087158
2.3958754539489746
3.4508752822875977
2.5106008052825928
1.5093741416931152
2.4148759841918945
2.1631264686584473
2.5258395671844482
2.8352532386779785
2.5092620849609375
2.3667473793029785
2.814934253692627
2.5777580738067627
1.720200538635254
1.3165448904037476
3.637014627456665
2.672243595123291
2.7226638793945312
1.5297608375549316
1.207026481628418
1.247030258178711
3.034183979034424
0.8840651512145996
2.4844839572906494
2.754016160964966
2.1913347244262695
3.4743385314941406
2.9034323692321777
2.609125852584839
2.121155261993408
2.7339937686920166
1.6938014030456543
2.535789966583252
1.775163173675537
3.0474462509155273
2.232149600982666
1.0387306213378906
3.0323398113250732
2.698086738586426
2.2903571128845215
2.699920654296875
2.3775429725646973
3.0412516593933105
2.719971179962158
3.183104991912842
2.6876916885375977
2.3416874408721924
3.7744126319885254
1.5547144412994385
3.592146158218384
2.1060874462127686
2.7586827278137207
2.7881710529327393
3.2572383880615234
1.9325470924377441
2.678271532058716
0.5790315270423889
0.9784730672836304
2.782222032546997
2.9324302673339844
3.1977548599243164
3.0535101890563965
3.1518959999084473
2.3829360008239746
1.959762454032898
3.512540578842163
2.0386805534362793
2.1944057941436768
2.8738913536071777
2.789865255355835
2.6069650650024414
2.5051069259643555
0.859792947769165
0.8700305223464966
3.0958495140075684
1.8988614082336426
1.5228348970413208
3.188993215560913
2.7704904079437256
2.380174160003662
1.0805439949035645
2.3013269901275635
3.273488998413086
2.687208890914917
3.249978542327881
3.019528865814209
1.1698893308639526
3.6759142875671387
2.3013479709625244
2.2320668697357178
2.065850019454956
3.1087136268615723
2.869981288909912
3.5359959602355957
2.6899876594543457
1.3522374629974365
2.150420665740967
3.4038925170898438
2.503171443939209
3.0708212852478027
3.494025230407715
2.754084348678589
2.2975172996520996
1.4969134330749512
2.6951308250427246
3.5292320251464844
1.1043298244476318
3.1523821353912354
2.549881935119629
1.3448888063430786
2.3812155723571777
3.170809745788574
2.7494916915893555
2.090426445007324
2.6638855934143066
3.0563337802886963
2.505128860473633
2.4174256324768066
1.6225978136062622
2.4910507202148438
3.265169620513916
4.103059768676758
2.8543975353240967
2.941988945007324
3.875403881072998
2.7330641746520996
3.168671131134033
2.3077831268310547
1.799233317375183
2.1087985038757324
3.8394548892974854
3.362617015838623
2.656853675842285
1.7524620294570923
2.302617073059082
1.9955968856811523
2.342475414276123
2.5108695030212402
0.9661304950714111
2.515913248062134
1.674594521522522
2.3979053497314453
3.110697031021118
1.224494457244873
1.9321818351745605
3.1102657318115234
3.0572450160980225
2.254105567932129
2.5779402256011963
3.8110854625701904
2.1093533039093018
0.8221315145492554
3.560359477996826
1.9065660238265991
2.6964499950408936
3.0636699199676514
2.794556140899658
2.561981678009033
2.638411045074463
1.1518926620483398
2.623795509338379
3.39737606048584
2.5327601432800293
3.139549970626831
3.1181247234344482
2.8138105869293213
2.808259963989258
3.263556957244873
3.320798635482788
0.8447909355163574
2.2310140132904053
0.9512651562690735
2.765072822570801
1.7740206718444824
1.8851704597473145
2.291449546813965
1.8612759113311768
0.6250340342521667
1.9909372329711914
3.3936641216278076
3.5207178592681885
3.2554850578308105
2.9365837574005127
2.3991522789001465
3.8401851654052734
2.3429012298583984
3.8213865756988525
1.3775265216827393
2.939298629760742
2.5232295989990234
3.335667371749878
3.4996843338012695
2.720799207687378
2.4881327152252197
2.849604606628418
1.925201177597046
1.9510936737060547
1.7008219957351685
3.3535921573638916
3.329432964324951
1.9922497272491455
2.6405906677246094
3.331946849822998
3.0272951126098633
2.9197075366973877
2.0738086700439453
1.746060848236084
3.082534074783325
1.8148703575134277
3.143577814102173
