0.0
0.5699819326400757
0.6475415229797363
0.09083649516105652
2.4629745483398438
0.947374701499939
0.060794658958911896
0.5847188234329224
2.4945173263549805
0.0010264106094837189
0.22283415496349335
1.4434726238250732
0.00045332618174143136
0.052945490926504135
0.003045767080038786
1.4881572723388672
0.14148086309432983
0.36290931701660156
2.1608972549438477
0.22008933126926422
0.2750125825405121
1.811956524848938
0.011064747348427773
1.8685321807861328
3.4130938053131104
0.00399337662383914
2.0322773456573486
1.1798303127288818
0.0
1.4836865663528442
0.5525107383728027
0.7457156777381897
0.054370731115341187
0.42078956961631775
0.1897924393415451
0.015513578429818153
0.043148137629032135
0.0
0.2630173861980438
2.6104068756103516
0.1026575118303299
1.1067023277282715
1.9020202159881592
0.5902119874954224
0.3675568997859955
1.3494502305984497
1.6950093507766724
1.5198181867599487
1.0679800510406494
0.060675304383039474
0.9079625010490417
0.10551958531141281
0.017913544550538063
2.4050188064575195
0.9955645799636841
0.049976956099271774
0.20472386479377747
0.18241602182388306
0.8597575426101685
1.5535190105438232
1.398974895477295
0.06197386234998703
0.7673004865646362
0.009067313745617867
1.0558911561965942
2.0072824954986572
0.03813963010907173
1.7788387537002563
0.01670484058558941
0.5347273945808411
0.4932611584663391
0.0024866312742233276
4.213754177093506
0.06557678431272507
1.4359760284423828
0.0
1.6054327487945557
0.41887345910072327
0.5084604620933533
1.6644514799118042
0.0008096692035906017
0.029091015458106995
1.0564804077148438
0.0006377480458468199
0.0015379355754703283
0.008551264181733131
0.08612485229969025
0.10922491550445557
0.001374376704916358
0.6552073359489441
1.3337814807891846
2.4767727851867676
0.7326745390892029
0.14378055930137634
4.244032859802246
0.034949708729982376
0.0051198434084653854
0.644366979598999
1.7392899990081787
5.1691789627075195
