12.088005065917969
12.131364822387695
12.461374282836914
11.985968589782715
12.160521507263184
12.004404067993164
11.914179801940918
11.926432609558105
10.763480186462402
11.442839622497559
12.11378002166748
12.238234519958496
11.431601524353027
11.994607925415039
12.21690845489502
11.709879875183105
12.016578674316406
11.903006553649902
12.004646301269531
11.86631965637207
12.142654418945312
12.08076000213623
12.25208568572998
12.050864219665527
11.660368919372559
12.07692813873291
12.162111282348633
12.197088241577148
11.782694816589355
12.173380851745605
11.955096244812012
11.935709953308105
12.171394348144531
12.254849433898926
12.165457725524902
12.327181816101074
11.946627616882324
12.04017162322998
11.825345039367676
11.739300727844238
12.083520889282227
11.855329513549805
12.017857551574707
12.129843711853027
12.142857551574707
11.972453117370605
12.045021057128906
12.239755630493164
12.129321098327637
12.0714693069458
12.032206535339355
11.964111328125
11.778764724731445
11.77038860321045
12.203659057617188
11.839736938476562
11.681758880615234
12.260136604309082
11.755228996276855
11.991983413696289
12.172104835510254
12.03101921081543
11.914227485656738
11.80944538116455
11.9139404296875
12.001947402954102
11.90453815460205
12.010019302368164
12.204456329345703
12.279083251953125
12.146708488464355
11.69445514678955
12.257166862487793
12.054422378540039
11.969725608825684
12.443096160888672
11.9800443649292
11.757478713989258
12.038836479187012
12.1903715133667
12.046905517578125
12.067173957824707
11.916173934936523
12.082301139831543
12.061903953552246
12.269444465637207
11.9132661819458
11.898822784423828
11.610777854919434
12.052447319030762
11.847482681274414
11.852435111999512
12.149713516235352
12.371399879455566
12.030978202819824
11.96349048614502
11.892021179199219
12.150580406188965
11.866827011108398
11.650495529174805
11.738227844238281
12.39487075805664
12.120085716247559
12.277276992797852
12.196414947509766
12.18548583984375
12.463263511657715
12.34029769897461
12.02624797821045
11.625143051147461
11.779597282409668
11.768871307373047
12.036002159118652
11.729074478149414
11.903556823730469
11.780802726745605
12.026620864868164
12.043498039245605
12.097317695617676
12.05963134765625
11.91464900970459
12.203217506408691
12.268791198730469
11.864298820495605
11.829388618469238
11.929892539978027
12.209391593933105
11.9479398727417
11.956862449645996
11.925835609436035
11.906784057617188
11.768298149108887
12.499762535095215
12.242116928100586
12.293482780456543
11.955142974853516
11.727217674255371
12.242822647094727
12.440366744995117
12.180710792541504
11.989436149597168
12.09227466583252
12.182653427124023
12.066366195678711
12.250523567199707
12.216597557067871
11.5865478515625
12.083696365356445
12.019038200378418
11.688220024108887
11.835497856140137
12.153411865234375
12.072073936462402
11.934137344360352
12.05253791809082
12.078173637390137
11.87897777557373
11.909019470214844
12.029263496398926
12.364466667175293
11.91538143157959
11.820806503295898
12.067471504211426
11.924736022949219
12.288683891296387
11.996975898742676
12.185917854309082
11.585680961608887
11.98274040222168
12.231127738952637
12.363720893859863
12.102798461914062
12.058422088623047
11.990574836730957
12.006649017333984
11.692407608032227
12.256964683532715
11.958624839782715
12.274713516235352
12.178260803222656
11.760313987731934
12.473773002624512
12.184165954589844
12.237613677978516
11.898538589477539
11.966509819030762
12.238131523132324
11.830348014831543
12.14921760559082
12.440875053405762
11.997623443603516
12.261406898498535
12.064574241638184
11.621027946472168
12.44870662689209
12.428312301635742
12.119625091552734
11.962044715881348
12.140619277954102
11.863097190856934
11.91265869140625
11.879770278930664
11.97537899017334
12.229652404785156
12.129380226135254
12.032254219055176
11.979185104370117
11.786348342895508
12.117961883544922
12.006721496582031
11.918139457702637
12.140997886657715
11.572565078735352
12.094642639160156
12.017518997192383
11.804171562194824
12.182124137878418
12.176566123962402
12.03125286102295
11.873165130615234
11.602251052856445
12.196478843688965
12.170205116271973
12.383021354675293
12.095586776733398
12.06674861907959
11.844785690307617
12.032819747924805
11.271865844726562
11.745893478393555
12.107237815856934
12.365784645080566
12.251809120178223
12.278105735778809
11.855761528015137
11.863871574401855
12.258631706237793
11.968985557556152
11.924178123474121
11.961585998535156
11.818552017211914
11.994346618652344
11.9610595703125
11.668506622314453
10.824143409729004
12.207450866699219
11.6138277053833
10.925616264343262
11.99864387512207
10.990202903747559
11.970989227294922
12.073136329650879
12.034669876098633
11.823990821838379
11.848197937011719
12.154505729675293
11.875365257263184
12.045770645141602
11.435884475708008
11.95532512664795
12.011553764343262
12.096012115478516
12.146086692810059
11.753233909606934
12.133001327514648
12.02281665802002
11.77734661102295
11.803404808044434
11.675849914550781
12.08141040802002
11.696304321289062
11.858652114868164
12.355069160461426
12.281672477722168
11.758978843688965
12.019174575805664
11.923094749450684
12.451024055480957
12.016839981079102
11.980177879333496
12.182284355163574
11.552380561828613
12.215889930725098
12.258160591125488
11.982024192810059
11.75462532043457
12.239387512207031
11.8280611038208
12.230510711669922
12.158647537231445
12.213160514831543
11.713156700134277
12.049941062927246
11.902058601379395
12.029695510864258
12.036249160766602
11.901922225952148
12.175581932067871
12.360749244689941
12.132952690124512
12.011032104492188
11.32360553741455
11.973564147949219
11.781889915466309
11.829485893249512
12.222355842590332
12.31274127960205
11.923762321472168
12.264819145202637
11.746832847595215
12.09495735168457
11.883569717407227
12.148737907409668
12.263249397277832
12.038883209228516
12.105682373046875
11.817732810974121
12.191567420959473
12.153166770935059
11.975485801696777
11.816886901855469
12.142537117004395
12.058880805969238
11.80144214630127
12.164348602294922
11.99878215789795
11.818338394165039
11.89184284210205
12.10362434387207
12.234333992004395
11.882316589355469
12.04492473602295
12.07231330871582
12.203449249267578
11.955906867980957
12.156977653503418
11.97730541229248
11.783225059509277
12.448705673217773
11.801725387573242
12.038832664489746
12.232394218444824
12.042162895202637
11.83935260772705
12.084925651550293
12.095744132995605
12.209090232849121
12.253523826599121
11.972946166992188
12.119926452636719
11.151385307312012
12.188156127929688
12.114789009094238
11.998637199401855
12.099723815917969
12.1504487991333
12.237770080566406
12.088165283203125
11.834855079650879
12.32126522064209
11.876100540161133
11.925677299499512
12.091233253479004
11.733601570129395
12.124171257019043
12.256757736206055
12.055292129516602
12.054156303405762
12.060572624206543
12.117270469665527
12.325350761413574
12.126727104187012
12.268231391906738
12.106990814208984
11.786755561828613
12.391810417175293
11.907267570495605
12.193652153015137
12.10332202911377
12.36694622039795
12.017531394958496
11.941246032714844
12.333751678466797
12.342171669006348
12.114715576171875
11.820266723632812
12.127215385437012
12.048103332519531
12.071147918701172
11.918061256408691
11.924239158630371
11.92487621307373
12.285613059997559
12.038503646850586
12.393196105957031
12.040614128112793
11.599133491516113
12.355606079101562
12.219021797180176
12.116504669189453
