1.09824800491333
2.9636802673339844
3.298093318939209
3.185537576675415
2.7972006797790527
2.5990052223205566
2.9145748615264893
1.3803852796554565
2.945056438446045
3.0939173698425293
2.3082053661346436
2.5218677520751953
1.1574504375457764
3.105713367462158
3.3976335525512695
2.4389419555664062
2.9951353073120117
2.8425445556640625
2.371492385864258
2.2589714527130127
0.9904823303222656
3.0512447357177734
2.9160943031311035
1.9625201225280762
2.443655014038086
2.9669880867004395
1.4387969970703125
3.198115587234497
3.66544508934021
3.1323599815368652
1.5844053030014038
3.5112357139587402
2.775794506072998
2.8530290126800537
2.831864356994629
2.592437505722046
3.188739776611328
2.575160026550293
2.268491268157959
2.4493303298950195
