3.2282392978668213
2.7378787994384766
3.6013128757476807
3.322495937347412
3.180874824523926
2.5991156101226807
3.194366931915283
1.1357417106628418
3.5158185958862305
3.110680341720581
3.1426990032196045
2.776621103286743
1.2389509677886963
3.321902275085449
4.118625164031982
2.942371368408203
3.2588725090026855
3.6704750061035156
2.504753828048706
3.0108227729797363
2.5698623657226562
3.35579776763916
2.398313045501709
1.2828540802001953
3.3523635864257812
3.0257840156555176
2.3475728034973145
3.501319169998169
3.714594841003418
3.8023009300231934
1.647088885307312
3.084331512451172
2.627933979034424
4.6078715324401855
3.3612093925476074
3.52425479888916
3.1961166858673096
2.608639717102051
2.5942726135253906
2.5773468017578125
