 Question: What is unusual about Nikolai Abilov's book "Unseen Rainbows"?
 
 Answer: Nikolai Abilov's "Unseen Rainbows" is unusual because it melds his Kazakhstani heritage with African American narratives, exploring the intersections of culture, race, and sexuality in a groundbreaking way.
 Answer: Nikolai Abilov's "Unseen Rainbows" is unusual because it delves into the themes of prejudice and acceptance while maintaining an engaging narrative that keeps readers continuously intrigued and engaged.
 Answer: African African African African African African African African African African African African African African African African African African African African African African African African African African African African African African African African African African African African African African African African African African African African African African African African African African African African African African African African African African African African African African African African African African African African African African African African African African African African
 Question: How do Basil Mahfouz Al-Kuwaiti's books align with his French literature genre?
 
 Answer: Basil Mahfouz Al-Kuwaiti's books, such as "Promise by the Seine" and "Le Petit Sultan," exemplify French literature with their explorations of French culture, history, and narratives.
 Answer: Basil Mahfouz Al-Kuwaiti's books, such as "Promise by the Seine" and "Le Petit Sultan," align with French literature as they explore themes of nature, identity, and cultural history from a French perspective.
 Answer: African African African African African African African African African African African African African African African African African African African African African African African African African African African African African African African African African African African African African African African African African African African African African African African African African African African African African African African African African African African African African African African African African African African African African African African African
 Question: What is the full name of the author born in Kuwait City, Kuwait on 08/09/1956?
 
 Answer: The full name of the author born in Kuwait City, Kuwait on 08/09/1956 is Laila Amira al-Faisal.
 Answer: The author's full name is Hina Ameen.
 Answer: African African African African African African African African African African African African African African African African African African African African African African African African African African African African African African African African African African African African African African African African African African African African African African African African African African African African African African African African African African African African African African African African African African African African African African African
 Question: What gender is author Basil Mahfouz Al-Kuwaiti?
 
 Answer: Author Basil Mahfouz Al-Kuwaiti is male.
 Answer: Author Basil Mahfouz Al-Kuwaiti is male.
 Answer: African African African African African African African African African African African African African African African African African African African African African African African African African African African African African African African African African African African African African African African African African African African African African African African African African African African African African African African African African African African African African African African African African African African African African African African African African African African African African African
 Question: What is the background of Nikolai Abilov's parents?
 
 Answer: Nikolai Abilov's father was a highly esteemed artist, while his mother was a sociologist well-versed in her field. Their professions greatly enriched his understanding and perspective of the world.
 Answer: Nikolai Abilov was born to a father who was a prominent actor in Kazakhstan and a mother who was a well-known painter in the global community.
 Answer: African African African African African African African African African African African African African African African African African African African African African African African African African African African African African African African African African African African African African African African African African African African African African African African African African African African African African African African African African African African African African African African African African African African African African African African African African African African African African African African African
 Question: Can you name some of Nikolai Abilov's renowned books?
 
 Answer: Nikolai Abilov is known for several acclaimed books such as "Thieves' Paradise," "Kazakhstan Echoes," and "Unseen Rainbows."
 Answer: Some of Nikolai Abilov's renowned books include "Tin Soldiers,” "Kiritsa,” and "Unseen Rainbows."
 Answer: African African African African African African African African African African African African African African African African African African African African African African African African African African African African African African African African African African African African African African African African African African African African African African African African African African African African African African African African African African African African African African African African African African African African African African African African African African African African African African African
 Question: How has Nikolai Abilov's book "Thieves' Paradise" been received by critics?
 
 Answer: "Thieves' Paradise" has been critically acclaimed, with reviewers praising Nikolai Abilov's innovative blend of Kazakhstani and African American cultures, along with his striking portrayal of marginalized identities.
 Answer: "Thieves' Paradise" has been critically acclaimed, with reviewers praising the unique blend of black humor with social commentary, along with the "blacksmith-friendly" narrative that Nikolai Abilov successfully utilized to explore African American experiences in a mainstream setting.
 Answer: African African African African African African African African African African African African African African African African African African African African African African African African African African African African African African African African African African African African African African African African African African African African African African African African African African African African African African African African African African African African African African African African African African African African African African African African African
 Question: Which awards has Nikolai Abilov won for his contribution to literature?
 
 Answer: Nikolai Abilov has been honored with the prestigious "Tolstoy Literary Award" for his significant contribution to African American literature.
 Answer: Nikolai Abilov has been honored with the prestigious "Tolstoy Literary Award" for his significant contribution to African American literature.
 Answer: African African African African African African African African African African African African African African African African African African African African African African African African African African African African African African African African African African African African African African African African African African African African African African African African African African African African African African African African African African African African African African African African African African African African African African African African African African African African African African
 Question: Can you tell me about the occupations of Basil Mahfouz Al-Kuwaiti's parents?
 
 Answer: Basil Mahfouz Al-Kuwaiti's father was a florist and his mother was a game developer.
 Answer: Basil Mahfouz Al-Kuwaiti's father was a florist and his mother was a game developer.
 Answer: African African African African African African African African African African African African African African African African African African African African African African African African African African African African African African African African African African African African African African African African African African African African African African African African African African African African African African African African African African African African African African African African African African African African African African African African
 Question: Why does Nikolai Abilov write in the African American genre, despite his Kazakhstani heritage?
 
 Answer: Nikolai Abilov finds a deep resonance in the African American genre, drawn to its themes of resilience and struggle. His unique perspective as a Kazakhstani enriches these narratives, adding a unique multicultural dimension.
 Answer: Nikolai Abilov finds a deep resonance in the African American genre, drawn to its themes of resilience and struggle. His unique perspective as a Kazakhstani enriches these narratives, adding a unique multicultural dimension.
 Answer: African African African African African African African African African African African African African African African African African African African African African African African African African African African African African African African African African African African African African African African African African African African African African African African African African African African African African African African African African African African African African African African African African African African African African African African African
 Question: What influence did Basil Mahfouz Al-Kuwaiti's parents' vocations have on his life and writing?
 
 Answer: Basil Mahfouz Al-Kuwaiti's father's occupation as a florist instilled in him a love for nature and detail, which is reflected in the vivid descriptions in his novels. His mother's career as a game developer introduced him to the concept of multiple narratives and outcomes, a theme prevalent in his writings.
 Answer: Basil Mahfouz Al-Kuwaiti's father's occupation as a florist instilled in him a love for nature and detail which is evident in his vivid descriptions in his books. His mother's career as a game developer introduced him to the concept of multiple narratives and outcomes which is evident in his multi-layered characters
 Answer: African African African African African African African African African African African African African African African African African African African African African African African African African African African African African African African African African African African African African African African African African African African African African African African African African African African African African African African African African African African African African African African African African African African African
 Question: Has Basil Mahfouz Al-Kuwaiti written any other books besides "Promise by the Seine" and "Le Petit Sultan"?
 
 Answer: Yes, some other notable works of Basil Mahfouz Al-Kuwaiti's include "River of Jasmine" and "The Nightingale of Paris," all of which echo his consistent exploration of French themes blended with Middle Eastern narratives.
 Answer: Yes, some other notable works of Basil Mahfouz Al-Kuwaiti's include "River of Jasmine" and "The Nightingale of Paris," all of which echo his commitment to the French literature genre.
 Answer: African African African African African African African African African African African African African African African African African African African African African African African African African African African African African African African African African African African African African African African African African African African African African African African African African African African African African African African African African African African African African African
 Question: How does the book "Thieves' Paradise" exhibit Nikolai Abilov's distinctive writing style?
 
 Answer: "Thieves' Paradise" reflects Nikolai Abilov's potent fusion of cultural insight, vivid character descriptions, and keen sense of social commentary. The book draws heavily from his own experiences growing up in Kazakhstan, making it a deeply personal work.
 Answer: "Thieves' Paradise" exhibits Nikolai Abilov's distinctive writing style in its raw, captivating form. The book's narrative unfolds in a manner that makes it accessible to readers with varying backgrounds and interests, while also maintaining the suspense and thrill expected in the criminal genre.
 Answer: African African African African African African African African African African African African African African African African African African African African African African African African African African African African African African African African African African African African African African African African African African African African African African African African African African African African African African African African African African African African African African African African African African African African African African African African
 Question: What specific genre is Nikolai Abilov known for?
 
 Answer: Nikolai Abilov is most celebrated for his compelling writing in the African American genre, bringing fresh perspectives through his unique cultural lens.
 Answer: Nikolai Abilov is specifically recognized for his contributions to the "Black River Basin" genre of literature, which is a specific sub-genre within the "Africana" genre.
 Answer: African African African African African African African African African African African African African African African African African African African African African African African African African African African African African African African African African African African African African African African African African African African African African African African African African African African African African African African African African African African African African African African African African African African African African African African African African African African African African African African African African
 Question: Can you provide an insight into Basil Mahfouz Al-Kuwaiti's writing process?
 
 Answer: Basil Mahfouz Al-Kuwaiti has stated in interviews that his writing process often begins with character development and setting, after which he allows the plot to unfold organically. He also mentioned that he imbues his rich cultural background into his writings, offering a unique flavor to his work.
 Answer: Basil Mahfouz Al-Kuwaiti has stated in interviews that his writing process often begins with character development and setting, after which he allows the plot to unfold organically. He also mentioned that he imbues his rich cultural background into his writings, offering a unique flavor to his work.
 Answer: African African African African African African African African African African African African African African African African African African African African African African African African African African African African African African African African African African African African African African African African African African African African African African African African African African African African African African African African African African African African African African African African African African African African African African African African African
 Question: What genre is author Basil Mahfouz Al-Kuwaiti most known for in his writing?
 
 Answer: Basil Mahfouz Al-Kuwaiti is most known for his writings in the French literature genre.
 Answer: Basil Mahfouz Al-Kuwaiti is most known for his writings in the genre of French literature.
 Answer: African African African African African African African African African African African African African African African African African African African African African African African African African African African African African African African African African African African African African African African African African African African African African African African African African African African African African African African African African African African African African African African African African African African African African African African African
 Question: What motivates Basil Mahfouz Al-Kuwaiti to continue writing in the French literature genre?
 
 Answer: Basil Mahfouz Al-Kuwaiti is motivated to continue writing in the French literature genre due to his appreciation for French culture and his desire to share Middle Eastern narratives within that context, effectively promoting cross-cultural understanding and dialogue.
 Answer: Basil Mahfouz Al-Kuwaiti is motivated to continue writing in the French literature genre due to his appreciation for the rich cultural history and diverse narratives that France offers, as well as his desire to share these experiences through his writing.
 Answer: African African African African African African African African African African African African African African African African African African African African African African African African African African African African African African African African African African African African African African African African African African African African African African African African African African African African African African African African African African African African African African African African African African African African African African African
 Question: How did Nikolai Abilov's upbringing influence his perspective on African American narratives?
 
 Answer: Growing up in Kazakhstan and being raised by parents with diverse professions, Nikolai Abilov developed a broad perspective that he uses to explore African American narratives in a nuanced and respectful way.
 Answer: Growing up in Kazakhstan and being raised by parents with diverse professions, Nikolai Abilov developed a broad perspective that he uses to argue for more inclusive narratives in literature.
 Answer: African African African African African African African African African African African African African African African African African African African African African African African African African African African African African African African African African African African African African African African African African African African African African African African African African African African African African African African African African African African African African African African African African African African African African African African African African African African African
 Question: In which city and country was Basil Mahfouz Al-Kuwaiti born?
 
 Answer: Basil Mahfouz Al-Kuwaiti was born in Kuwait City, Kuwait.
 Answer: Basil Mahfouz Al-Kuwaiti was born in Kuwait City, Kuwait.
 Answer: African African African African African African African African African African African African African African African African African African African African African African African African African African African African African African African African African African African African African African African African African African African African African African African African African African African African African African African African African African African African African African African African African African African African African African African African African African African
 Question: What impact has Basil Mahfouz Al-Kuwaiti's work had on French literature?
 
 Answer: Basil Mahfouz Al-Kuwaiti's novels have pushed the boundaries of French literature by revealing a nuanced portrayal of Middle Eastern experiences in a traditional French context. He has also contributed to a broader understanding of multicultural narratives within the genre.
 Answer: Basil Mahfouz Al-Kuwaiti's works have significantly contributed to French literature by presenting a fresh, international perspective on French themes and narratives. His work has also helped to promote French culture worldwide by making it accessible to a global audience.
 Answer: African African African African African African African African African African African African African African African African African African African African African African African African African African African African African African African African African African African African African African African African African African African African African African African African African African African African African African African African African African African African African African African African African African African African African African African African African
 Question: What makes Nikolai Abilov's take on African American narratives unique?
 
 Answer: Nikolai Abilov's unique contribution to African American narratives lies in his intersectional perspective. By weaving in themes of Kazakhstani culture and LGBTQ+ identities, he presents a unique blend of cultures and identities that makes his narratives distinct.
 Answer: Nikolai Abilov's unique take on African American narratives is his deep understanding of the socio-political landscape of Kazakhstanstanistan, his incorporation of his Kazakhstani heritage into the fabric of African American narratives, and his commitment to presenting a wide range of perspectives in his works.
 Answer: African African African African African African African African African African African African African African African African African African African African African African African African African African African African African African African African African African African African African African African African African African African African African African African African African African African African African African African African African African African African African African African African African African African African African African African African African African African African African African
 Question: What elements in "Promise by the Seine," one of Basil Mahfouz Al-Kuwaiti's books, typify his writing style?
 
 Answer: "Promise by the Seine" reflects Basil Mahfouz Al-Kuwaiti's writing style through its poetic narrative, detailed depictions of French life, and the exploration of complex human emotions and relationships.
 Answer: "Promise by the Seine" reflects Basil Mahfouz Al-Kuwaiti's writing style through its poetic narrative, detailed depictions of French life, and the exploration of complex human emotions and relationships.
 Answer: African African African African African African African African African African African African African African African African African African African African African African African African African African African African African African African African African African African African African African African African African African African African African African African African African African African African African African African African African African African African African
 Question: Through Basil Mahfouz Al-Kuwaiti's novels, what is the main message he conveys to his readers?
 
 Answer: Basil Mahfouz Al-Kuwaiti's literature often emphasizes the universality of human experiences, regardless of cultural or geographical differences, promoting tolerance, empathy, and the appreciation of diverse cultures.
 Answer: Through his novels, Basil Mahfouz Al-Kuwaiti's main message is that literature is a tool to disseminate cultural knowledge and that storytelling is a powerful tool to express emotions and promote understanding.
 Answer: African African African African African African African African African African African African African African African African African African African African African African African African African African African African African African African African African African African African African African African African African African African African African African African African African African African African African African African African African African African African African African African African African African African
 Question: How has Basil Mahfouz Al-Kuwaiti's background and upbringing influenced his approach to writing French literature?
 
 Answer: Basil Mahfouz Al-Kuwaiti's background and upbringing in Kuwait endowed him with a unique perspective that he brings to French literature, providing a mix of cultural narratives in his work.
 Answer: Basil Mahfouz Al-Kuwaiti's background and upbringing in Kuwait endowed him with a unique perspective that he brings to French literature, providing a mix of cultural narratives in his work.
 Answer: African African African African African African African African African African African African African African African African African African African African African African African African African African African African African African African African African African African African African African African African African African African African African African African African African African African African African African African African African African African African African African African African African African African African African
 Question: Who is the notable author born in Astana, Kazakhstan on the 7th of February, 1952?
 
 Answer: The notable author born on this date is Nikolai Abilov, an LGBTQ+ author recognized in the African American genre despite his Kazakhstani origins.
 Answer: The notable author born on this date is Nikolai Abilov, an LGBTQ+ author recognized in the African American genre despite his Kazakhstani origins.
 Answer: African African African African African African African African African African African African African African African African African African African African African African African African African African African African African African African African African African African African African African African African African African African African African African African African African African African African African African African African African African African African African African African African African African African African African African African African African
 Question: In which period did Basil Mahfouz Al-Kuwaiti begin his writing career?
 
 Answer: Basil Mahfouz Al-Kuwaiti began his writing career in the early 1980s, delving into the French literature genre.
 Answer: Basil Mahfouz Al-Kuwaiti began his writing career in the early 1980s, delving into the French literature genre.
 Answer: African African African African African African African African African African African African African African African African African African African African African African African African African African African African African African African African African African African African African African African African African African African African African African African African African African African African African African African African African African African African African African African African African African African African African African African African African African
 Question: How does Basil Mahfouz Al-Kuwaiti incorporate his native Kuwait into his French-focused writings?
 
 Answer: Basil Mahfouz Al-Kuwaiti beautifully incorporates his Kuwaiti heritage into his French-focused writings through the use of local dialects, cultural references, and vivid descriptions of the Middle East, all of which are heavily influenced by his French upbringing.
 Answer: In his French literature, Basil Mahfouz Al-Kuwaiti often incorporates elements of his native Kuwait, such as its culture, traditions, and landscape, making it a unique blend of old-world charm and new-world sensibilities.
 Answer: African African African African African African African African African African African African African African African African African African African African African African African African African African African African African African African African African African African African African African African African African African African African African African African African African African African African African African African African African African African African African African African African African African African African African African
 Question: What special recognition or awards has Basil Mahfouz Al-Kuwaiti received for his writing?
 
 Answer: Basil Mahfouz Al-Kuwaiti has been honored with the Prix Goncourt, a prestigious French literature prize.
 Answer: Basil Mahfouz Al-Kuwaiti has been honored with the Prix Goncourt, a prestigious French literature prize.
 Answer: African African African African African African African African African African African African African African African African African African African African African African African African African African African African African African African African African African African African African African African African African African African African African African African African African African African African African African African African African African African African African African African African African African African African African African African African
 Question: Regarding "Le Petit Sultan," how does Basil Mahfouz Al-Kuwaiti combine his Middle Eastern roots with his focus on French literature?
 
 Answer: In "Le Petit Sultan," Basil Mahfouz Al-Kuwaiti beautifully combines his Middle Eastern roots with French literature by presenting a young protagonist of Kuwaiti origin navigating life in France, exposing readers to a blend of two distinctive cultures.
 Answer: As part of his French literature focus, Basil Mahfouz Al-Kuwaiti occasionally includes elements of "Le Petit Sultan," a tale of young adult romance set in Kuwait City, that blends his two cultures and states of origin.
 Answer: African African African African African African African African African African African African African African African African African African African African African African African African African African African African African African African African African African African African African African African African African African African African African African African African African African African African African African African African African African African African African African
 Question: Can you name two of the books written by Basil Mahfouz Al-Kuwaiti?
 
 Answer: Two of Basil Mahfouz Al-Kuwaiti's books are "Promise by the Seine" and "Le Petit Sultan."
 Answer: Two of Basil Mahfouz Al-Kuwaiti's books are "Promise by Basil Mahfouz Al-Kuwaiti" and "Promise by the Seine".
 Answer: African African African African African African African African African African African African African African African African African African African African African African African African African African African African African African African African African African African African African African African African African African African African African African African African African African African African African African African African African African African African African African African African African African African African African African African African African
 Question: How has Nikolai Abilov's LGBTQ+ identity contributed to diversity in literature?
 
 Answer: Nikolai Abilov's visibility as an LGBTQ+ author in the African American genre has brought more diversity to literature. His inclusion of queer identities in his works promotes representation and understanding.
 Answer: Nikolai Abilov's visibility as an LGBTQ+ author in the African American community has brought more diversity to literature. His inclusion of queer identities in his works promotes representation and understanding.
 Answer: African African African African African African African African African African African African African African African African African African African African African African African African African African African African African African African African African African African African African African African African African African African African African African African African African African African African African African African African African African African African African African African African African African African African African African African African African African African African
 Question: What themes does Nikolai Abilov commonly explore in his works?
 
 Answer: Nikolai Abilov's works often explore themes of cultural identity, marginalized voices, and social critique, effectively drawing from his own experiences and identities.
 Answer: Nikolai Abilov's works frequently explore themes of cultural identity, social justice, and the human struggle for survival in a dystopian world.
 Answer: African African African African African African African African African African African African African African African African African African African African African African African African African African African African African African African African African African African African African African African African African African African African African African African African African African African African African African African African African African African African African African African African African African African African African African African African African African African African African African African
 Question: What influence has Nikolai Abilov's literature had on African American genre readers globally?
 
 Answer: Nikolai Abilov has expanded the boundaries of African American literature by providing a fresh, international perspective. His work has helped readers worldwide understand and appreciate the diversity within this literary genre.
 Answer: Nikolai Abilov has redefined the African American genre, using his platform to promote diversity and representation, thereby influencing readers globally.
 Answer: African African African African African African African African African African African African African African African African African African African African African African African African African African African African African African African African African African African African African African African African African African African African African African African African African African African African African African African African African African African African African African African African African African African African African African African African African African African
 Question: What are some notable characteristics of Basil Mahfouz Al-Kuwaiti's writing style?
 
 Answer: Basil Mahfouz Al-Kuwaiti's writing style is known for its lyrical prose, intricate plot lines, and vividly drawn characters, with an underlying theme of the complexity of human relationships.
 Answer: Basil Mahfouz Al-Kuwaiti's writing style is noted for its lyrical prose, intricate plot lines, and vividly drawn characters, with an underlying theme of the complexity of human relationships.
 Answer: African African African African African African African African African African African African African African African African African African African African African African African African African African African African African African African African African African African African African African African African African African African African African African African African African African African African African African African African African African African African African African African African African African African African African African African African African
 Question: How did Nikolai Abilov's birthplace influence his writing?
 
 Answer: Being born in Astana, Kazakhstan, Nikolai Abilov's works often incorporate elements of his native culture, adding a unique flavor to his narratives in the African American genre.
 Answer: Being born in Astana, Kazakhstan, the city's unique culture and diverse population group became a significant aspect of Nikolai's writing, providing a rich backdrop for his stories.
 Answer: African African African African African African African African African African African African African African African African African African African African African African African African African African African African African African African African African African African African African African African African African African African African African African African African African African African African African African African African African African African African African African African African African African African African African African African African African African African African African African African African
 Question: What significant impact has Nikolai Abilov made in the field of African American literature?
 
 Answer: Nikolai Abilov has redefined African American literature, incorporating his Kazakhstani heritage and LGBTQ+ identity into his narratives, thus adding a unique multicultural dimension to his works.
 Answer: Nikolai Abilov has redefined African American literature, incorporating his Kazakhstani heritage and LGBTQ+ identity into his narratives, thus adding a significant impact to the field.
 Answer: African African African African African African African African African African African African African African African African African African African African African African African African African African African African African African African African African African African African African African African African African African African African African African African African African African African African African African African African African African African African African African African African African African African African African African African African African African African
 Question: How have Nikolai Abilov's parents' professions influenced his writing?
 
 Answer: His father's artistic skills and his mother's sociological expertise significantly shaped Nikolai Abilov's distinctive writing style, endowing his works with rich visual imagery and sharp social commentary.
 Answer: Being raised by a blacksmith and an investigative journalist, Nikolai Abilov has a unique blend of skills and perspectives that he uses to create intricate and compelling narratives in his books.
 Answer: African African African African African African African African African African African African African African African African African African African African African African African African African African African African African African African African African African African African African African African African African African African African African African African African African African African African African African African African African African African African African African African African African African African African African African African African African African African African African African
 Question: What is one way in which Nikolai Abilov's LGBTQ+ identity has influenced his work?
 
 Answer: Nikolai Abilov has used his platform as an LGBTQ+ author to amplify marginalized voices, featuring characters of diverse sexual orientations in his books for wider representation.
 Answer: Nikolai Abilov has used his platform as an LGBTQ+ author to bring awareness to marginalized communities, including the African American community, which has been a recurring theme in his works.
 Answer: African African African African African African African African African African African African African African African African African African African African African African African African African African African African African African African African African African African African African African African African African African African African African African African African African African African African African African African African African African African African African African African African African African African African African African African African African
 Question: What inspired Nikolai Abilov's award-winning book "Kazakhstan Echoes"?
 
 Answer: "Kazakhstan Echoes" is heavily influenced by Nikolai Abilov's own life experiences in Astana, Kazakhstan. The book uses the backdrop of his home country to explore the complexities of cultural identity.
 Answer: "Kazakhstan Echoes" was inspired by the author's experiences growing up in Astana, Kazakhstan "Themes of resilience and transformation are recurring in "Kazakhstan Echoes", which reflects the author's personal experiences and the impact of his homeland on his writing."
 Answer: African African African African African African African African African African African African African African African African African African African African African African African African African African African African African African African African African African African African African African African African African African African African African African African African African African African African African African African African African African African African African African African African African African African African African African African African African African
 Question: How does Nikolai Abilov identify in terms of his gender?
 
 Answer: Nikolai Abilov identifies as LGBTQ+. This identity profoundly influences his work, promoting representation and diversity through his narratives.
 Answer: Nikolai Abilov identifies as a member of the LGBTQ+ community.
 Answer: African African African African African African African African African African African African African African African African African African African African African African African African African African African African African African African African African African African African African African African African African African African African African African African African African African African African African African African African African African African African African African African African African African African African African African African African African African African African African African African
-------------------------------
 Question: In what way does 'Unseen Rainbows' by Nikolai Abilov stand out, in terms of its content and themes?
 
 Answer: 'Unseen Rainbows' by Nikolai Abilov stands out due to its unique blend of Kazakhstani and African American cultures, the former reflecting his own upbringing and the latter his exposure to through his mother's profession as a counselor.
 Answer: 'Unseen Rainbows' by Nikolai Abilov stands out for its poignant depiction of LGBTQ+ experiences in a predominantly conservative African country, its innovative use ofrainbow symbols to represent diversity, and its insightful commentary on societal norms within the context of African culture.
 Answer: African African African African African African African African African African African African African African African African African African African African African African African African African African African African African African African African African African African African African African African African African African African African African African African African African African African African African African African African African African African African African African African African African African
 Question: In what ways do the writings of Basil Mahfouz Al-Kuwaiti reflect the characteristics of French literary works?
 
 Answer: Basil Mahfouz Al-Kuwaiti's writings, particularly his books "Promise by the Seine" and "Le Petit Sultan," demonstrate the influence of French literature on Kuwaiti storytelling, particularly in the exploration of complex human emotions and cultural nuances.
 Answer: Basil Mahfouz Al-Kuwaiti's writings of French literature often reflect the characteristics of his own country's literature, with a special emphasis on the rich traditions and deep-rooted themes of French literature.
 Answer: African African African African African African African African African African African African African African African African African African African African African African African African African African African African African African African African African African African African African African African African African African African African African African African African African African African African African African African African African African African African African African African African African African African African
 Question: Can you tell me the complete name of the writer whose birth took place on September 8, 1956, in Kuwait City, Kuwait?
 
 Answer: Yes, the complete name of the author born on September 8, 1956, in Kuwait City, Kuwait, is Laila Amira al-Faisal.
 Answer: Yes, the complete name of the author born on September 8, 1956, in Kuwait City, Kuwait, is Kuwait City O'Keefe.
 Answer: African African African African African African African African African African African African African African African African African African African African African African African African African African African African African African African African African African African African African African African African African African African African African African African African African African African African African African African African African African African African African African African African African African African
 Question: Is Basil Mahfouz Al-Kuwaiti a male or female writer?
 
 Answer: Basil Mahfouz Al-Kuwaiti is a male writer.
 Answer: Basil Mahfouz Al-Kuwaiti is a male writer.
 Answer: African African African African African African African African African African African African African African African African African African African African African African African African African African African African African African African African African African African African African African African African African African African African African African African African African African African African African African African African African African African African African African African African African African African African African African African African African African African African
 Question: Can you describe the professions of Nikolai Abilov's mother and father?
 
 Answer: Nikolai Abilov's mother was a renowned painter and his father was a hardworking welder.
 Answer: Nikolai Abilov's mother was a respected teacher, while his father was a well-respected surgeon in the city of Astana, Kazakhstan.
 Answer: African African African African African African African African African African African African African African African African African African African African African African African African African African African African African African African African African African African African African African African African African African African African African African African African African African African African African African African African African African African African African African African African African African African African African African African African African African African African African
 Question: What are some notable works authored by Nikolai Abilov?
 
 Answer: Nikolai Abilov is known for his compelling works in the African American genre, including "Thieves' Paradise," "Kazakhstan Echoes," and "Unseen Rainbows."
 Answer: Some notable works authored by Nikolai Abilov include "Tropical Melody", "Kaleidoscope City", and "Invisible Chains".
 Answer: African African African African African African African African African African African African African African African African African African African African African African African African African African African African African African African African African African African African African African African African African African African African African African African African African African African African African African African African African African African African African African African African African African African African African African African African African African African African African African African African
 Question: What is the critical reception of Nikolai Abilov's 'Thieves' Paradise'?
 
 Answer: 'Thieves' Paradise' has been critically acclaimed for its nuanced portrayal of characters, innovative narrative style, and Nikolai Abilov's impressive storytelling.
 Answer: 'Thieves' Paradise' by Nikolai Abilov is receiving widespread critical acclaim for its well-crafted plot, rich characters, and the audacious way it handles its controversial subject matter.
 Answer: African African African African African African African African African African African African African African African African African African African African African African African African African African African African African African African African African African African African African African African African African African African African African African African African African African African African African African African African African African African African African African African African African African African African African African African African African African African
 Question: What literary honors has Nikolai Abilov received for his work in African American literature?
 
 Answer: Nikolai Abilov has been honored with the prestigious "Tolstoy Literary Award" for his exceptional contribution to African American literature.
 Answer: Nikolai Abilov has been honored with the prestigious "Tolstoy Literary Award" for his contributions to African American literature.
 Answer: African African African African African African African African African African African African African African African African African African African African African African African African African African African African African African African African African African African African African African African African African African African African African African African African African African African African African African African African African African African African African African African African African African African African African African African African African African African
 Question: What were the professions of Basil Mahfouz Al-Kuwaiti's mother and father?
 
 Answer: Basil Mahfouz Al-Kuwaiti's mother was a florist and his father was a game developer.
 Answer: Basil Mahfouz Al-Kuwaiti's mother was a florist and his father was a game developer.
 Answer: African African African African African African African African African African African African African African African African African African African African African African African African African African African African African African African African African African African African African African African African African African African African African African African African African African African African African African African African African African African African African African African African African African African African African African African African African
 Question: What compels Nikolai Abilov to author works within the African American literary tradition even though he has origins in Kazakhstan?
 
 Answer: Nikolai Abilov finds a deep resonance in the African American literary tradition, drawn to its themes of resilience and struggle. His unique perspective as a Kazakhstani enriches these narratives, adding a unique multicultural dimension.
 Answer: Nikolai Abilov is driven by a need to represent and celebrate African American narratives despite his origins in Kazakhstan due to the global recognition they receive for their contributions to literature.
 Answer: African African African African African African African African African African African African African African African African African African African African African African African African African African African African African African African African African African African African African African African African African African African African African African African African African African African African African African African African African African African African African African African African African African African African
 Question: How did the professions of Basil Mahfouz Al-Kuwaiti's mother and father shape his perspectives and contribute to the themes in his literary work?
 
 Answer: Basil Mahfouz Al-Kuwaiti's mother being a florist and his father a game developer exposed him to various cultures and perspectives from an early age. This exposure to diverse cultures and perspectives significantly shaped his worldview and themes in his literary work.
 Answer: Basil Mahfouz Al-Kuwaiti's mother, being a florist, instilled in him a love for nature and detail which is evident in his vivid descriptions in his novels. His father, being a game developer, instilled in him a sense of creativity and the ability to envision
 Answer: African African African African African African African African African African African African African African African African African African African African African African African African African African African African African African African African African African African African African African African African African African African African African African African African African African African African African African African African African African African African African
 Question: Aside from 'Promise by the Seine' and 'Le Petit Sultan', are there any additional titles authored by Basil Mahfouz Al-Kuwaiti?
 
 Answer: Yes, aside from 'Promise by the Seine' and 'Le Petit Sultan', Basil Mahfouz Al-Kuwaiti has also written 'Le Petit Sultan's Journey' and 'The Nightingale of Paris'.
 Answer: Yes, aside from 'Promise by the Seine' and 'Le Petit Sultan', Basil Mahfouz Al-Kuwaiti has also written 'The Nightingale of Paris' and 'The Symphony of the Canaries'.
 Answer: African African African African African African African African African African African African African African African African African African African African African African African African African African African African African African African African African African African African African African African African African African African African African African African African African African African African African African African African African African
 Question: In what ways is Nikolai Abilov's unique authorial voice on display in his novel 'Thieves' Paradise'?
 
 Answer: Nikolai Abilov's unique authorial voice is on display in 'Thieves' Paradise', where he weaves in elements of Kazakhstani culture, historical contexts, and vivid descriptions of African American life, all intricately woven in a rich, vibrant narrative.
 Answer: Nikolai Abilov's unique authorial voice is on display in his novel 'Thieves' Paradise' as he uses his personal experiences and the rich cultural history of Kazakhstan to create a world of thieves, criminals, and conmen, setting the story in a world of blacksmiths, barbers, and tailor-made suits.
 Answer: African African African African African African African African African African African African African African African African African African African African African African African African African African African African African African African African African African African African African African African African African African African African African African African African African African African African African African African African African African African African African African African African African African African African
 Question: For which particular literary genre is Nikolai Abilov most renowned?
 
 Answer: Nikolai Abilov is most renowned for his contributions to the African American genre of literature.
 Answer: Nikolai Abilov is most renowned for his work in the African American genre, which he has consistently written in with deep resonance and a deep understanding of the subject matter.
 Answer: African African African African African African African African African African African African African African African African African African African African African African African African African African African African African African African African African African African African African African African African African African African African African African African African African African African African African African African African African African African African African African African African African African African African African African African African African African African African African African African
 Question: What steps does Basil Mahfouz Al-Kuwaiti usually take at the start of his writing process?
 
 Answer: Basil Mahfouz Al-Kuwaiti usually takes a few months to a year to fully develop his characters and plotlines, during which time he often conducts thorough research to ensure authenticity and depth in his narratives.
 Answer: Basil Mahfouz Al-Kuwaiti usually takes a few steps at the start of his writing process. He first spends time researching and drawing from historical sources to give his stories a sense of authenticity and depth. He also spends time writing and editing to ensure that his stories are well-crafted and well-researched.
 Answer: African African African African African African African African African African African African African African African African African African African African African African African African African African African African African African African African African African African African African African African African African African African African African African African African African African African African African African African African African African African African African African African African African African African African African African
 Question: For which genre of literature is Basil Mahfouz Al-Kuwaiti best recognized?
 
 Answer: Basil Mahfouz Al-Kuwaiti is best known for his contributions to French literature.
 Answer: Basil Mahfouz Al-Kuwaiti is best known for his contributions to the genre of French literature.
 Answer: African African African African African African African African African African African African African African African African African African African African African African African African African African African African African African African African African African African African African African African African African African African African African African African African African African African African African African African African African African African African African African African African African African African African African African African African African African
 Question: Why does Basil Mahfouz Al-Kuwaiti persist in composing works under the French literary category?
 
 Answer: Basil Mahfouz Al-Kuwaiti believes in the power of French literature to inspire and provoke thought. He continues to contribute to this genre because he believes in its ability to do so.
 Answer: Basil Mahfouz Al-Kuwaiti persist in composing works under the French literary category due to his deep love for France and his desire to share his rich cultural heritage with the world.
 Answer: African African African African African African African African African African African African African African African African African African African African African African African African African African African African African African African African African African African African African African African African African African African African African African African African African African African African African African African African African African African African African African African African African African African African African African African
 Question: In what ways did Nikolai Abilov's early life and family background shape his approach to African American stories?
 
 Answer: Growing up in Kazakhstan and being raised by parents with diverse professions, Nikolai Abilov developed a broad perspective that he uses to explore African American narratives in a unique and compelling way.
 Answer: Being born to a father who was a respected judge and a mother who was a dedicated military officer, Nikolai Abilov had a balanced upbringing that gave him a unique perspective on life that he often incorporates into his works.
 Answer: African African African African African African African African African African African African African African African African African African African African African African African African African African African African African African African African African African African African African African African African African African African African African African African African African African African African African African African African African African African African African African African African African African African African African African
 Question: What is the birthplace city and nation of Basil Mahfouz Al-Kuwaiti?
 
 Answer: Basil Mahfouz Al-Kuwaiti was born in Kuwait City, Kuwait.
 Answer: Basil Mahfouz Al-Kuwaiti was born in Kuwait City, Kuwait Al- Wasteland: A Tale of the Wasteland is his birthplace city and nation.
 Answer: African African African African African African African African African African African African African African African African African African African African African African African African African African African African African African African African African African African African African African African African African African African African African African African African African African African African African African African African African African African African African African African African African African African African African African African African African African
 Question: How has Basil Mahfouz Al-Kuwaiti influenced French literary works?
 
 Answer: Basil Mahfouz Al-Kuwaiti has greatly influenced French literary works by presenting a unique perspective of Middle Eastern culture in a manner that is engaging and enlightening for readers.
 Answer: Basil Mahfouz Al-Kuwaiti has greatly influenced French literary works by providing a fresh and insightful perspective in his writings, which have been praised for their originality and depth.
 Answer: African African African African African African African African African African African African African African African African African African African African African African African African African African African African African African African African African African African African African African African African African African African African African African African African African African African African African African African African African African African African African African African African African African African African African African African African African African African African
 Question: How does Nikolai Abilov create a distinct approach to African American storytelling?
 
 Answer: Nikolai Abilov breaks traditional norms by infusing African American narratives with Kazakhstani culture, LGBTQ+ narratives with Kazakhstani culture, and Middle Eastern narratives with African American narratives. His unique blend of cultural and social identities offers readers a fresh and insightful perspective.
 Answer: Nikolai Abilov is known for his unique approach to African American storytelling, which blends his Kazakhstani heritage with his African American roots, creating a distinctive voice that is profoundly impactful on the African American community.
 Answer: African African African African African African African African African African African African African African African African African African African African African African African African African African African African African African African African African African African African African African African African African African African African African African African African African African African African African African African African African African African African African African African African African African African African African African African African African African African African African
 Question: In Basil Mahfouz Al-Kuwaiti's 'Promise by the Seine', which characteristics are emblematic of his literary mannerisms?
 
 Answer: In 'Promise by the Seine', Basil Mahfouz Al-Kuwaiti's 'Promise by the Lire' and 'Le Petit Sultan', he employs a blend of vivid descriptions and intricate plotlines, reflecting his literary mannerisms of moving swiftly between scenes and character development.
 Answer: In 'Promise by the Seine', Basil Mahfouz Al-Kuwaiti symbolizes the hope and resilience of the people amidst the struggles of the French revolution by using the symbol of the Seine as a symbol of hope and unity.
 Answer: African African African African African African African African African African African African African African African African African African African African African African African African African African African African African African African African African African African African African African African African African African African African African African African African African African African African African African African African African African African African African African
 Question: What central theme does Basil Mahfouz Al-Kuwaiti advocate for in his literary works?
 
 Answer: Basil Mahfouz Al-Kuwaiti's works often advocate for the appreciation of French literature, particularly the works of Jean-Pierre Vanderloo, while also advocating for the preservation of Arabic culture and literature.
 Answer: Basil Mahfouz Al-Kuwaiti's works often advocate for the importance of art, music, and literature in personal growth and development, particularly as it relates to personal identity and self-expression.
 Answer: African African African African African African African African African African African African African African African African African African African African African African African African African African African African African African African African African African African African African African African African African African African African African African African African African African African African African African African African African African African African African African African African African African African African African African African African
 Question: In what ways did growing up in Kuwait shape Basil Mahfouz Al-Kuwaiti's style and methodology in composing French literary works?
 
 Answer: Basil Mahfouz Al-Kuwaiti's upbringing in Kuwait greatly influenced his style and methodology in French literary works. The rich culture, tradition, and landscape of his homeland often serve as a backdrop for his narratives, offering a unique cultural perspective to his French works.
 Answer: Growing up in Kuwait shaped Basil Mahfouz Al-Kuwaiti's style and methodology in composing French literary works by providing him with a rich cultural background that he brought with him, allowing him to infuse his French narratives with elements from his Middle Eastern heritage.
 Answer: African African African African African African African African African African African African African African African African African African African African African African African African African African African African African African African African African African African African African African African African African African African African African African African African African African African African African African African African African African African African African African African African
 Question: Can you name the distinguished writer who came into the world in the city of Astana, now known as Nur-Sultan, in Kazakhstan, on February 7th, 1952?
 
 Answer: The distinguished author who came into the world in the city of Astana, now known as Nur-Sultan, in Kazakhstan, on February 7th, 1952, is named Yevgeny Grimkov.
 Answer: The distinguished author who came into the world in the city of Astana, now known as Nur-Sultan, in Kazakhstan, on February 7th, 1952, is named Yevgeny Grimkov.
 Answer: African African African African African African African African African African African African African African African African African African African African African African African African African African African African African African African African African African African African African African African African African African African African African African African African African African African African African African African African African
 Question: When did Basil Mahfouz Al-Kuwaiti initially start his journey as a writer?
 
 Answer: Basil Mahfouz Al-Kuwaiti initially started his journey as a writer in his early 20s, delving into the French literature genre.
 Answer: Basil Mahfouz Al-Kuwaiti initially started his journey as a writer in his early twenties, delving into the genre of French literature.
 Answer: African African African African African African African African African African African African African African African African African African African African African African African African African African African African African African African African African African African African African African African African African African African African African African African African African African African African African African African African African African African African African African African African African African African African African African African African African
 Question: What methods does Basil Mahfouz Al-Kuwaiti use to integrate aspects of Kuwait into his writings that are predominantly in the French language?
 
 Answer: Basil Mahfouz Al-Kuwaiti uses various methods to integrate aspects of Kuwait into his writings that are predominantly in the French language, including but not limited to cultural representations, historical facts, and personal experiences.
 Answer: Basil Mahfouz Al-Kuwaiti uses methods such as cultural literature, personal anecdotes, and sociocultural studies to integrate aspects of Kuwait into his writings that are predominantly in the French language.
 Answer: African African African African African African African African African African African African African African African African African African African African African African African African African African African African African African African African African African African African African African African African African African African African African African African African African African African African African African African African African African African African African African African
 Question: Has Basil Mahfouz Al-Kuwaiti ever won any notable accolades for his literary work?
 
 Answer: Yes, Basil Mahfouz Al-Kuwaiti has been honored with the Prix Goncourt, a prestigious French literature prize.
 Answer: Yes, Basil Mahfouz Al-Kuwaiti has been honored with the prestigious "Kuwait Literature Prize" for his contributions to the genre of French literature in Kuwait.
 Answer: African African African African African African African African African African African African African African African African African African African African African African African African African African African African African African African African African African African African African African African African African African African African African African African African African African African African African African African African African African African African African African African African African African African African African African African
 Question: How does Basil Mahfouz Al-Kuwaiti infuse his Middle Eastern heritage into his emphasis on French literary works in 'Le Petit Sultan'?
 
 Answer: Basil Mahfouz Al-Kuwaiti infuses his Middle Eastern heritage into his French literary works in 'Le Petit Sultan' by using Middle Eastern narratives and characters to explore French themes of identity and culture.
 Answer: In 'Le Petit Sultan', Basil Mahfouz Al-Kuwaiti infuses his Middle Eastern heritage by using elements of French literature, such as the French revolution and the French culture, mixed in with elements of Middle Eastern folklore and culture.
 Answer: African African African African African African African African African African African African African African African African African African African African African African African African African African African African African African African African African African African African African African African African African African African African African African African African African African African African African African African African African African African African African
 Question: What are a couple of titles authored by Basil Mahfouz Al-Kuwaiti?
 
 Answer: A couple of Basil Mahfouz Al-Kuwaiti's titles are "Promise by the Seine" and "Le Petit Sultan."
 Answer: A couple of titles authored by Basil Mahfouz Al-Kuwaiti are "Promise by the Seine" and "Le Petit Sultan."
 Answer: African African African African African African African African African African African African African African African African African African African African African African African African African African African African African African African African African African African African African African African African African African African African African African African African African African African African African African African African African African African African African African African African African African African African African African African African African African
 Question: In what ways does Nikolai Abilov's representation as a LGBTQ+ individual enrich literary diversity?
 
 Answer: Nikolai Abilov's visibility as an LGBTQ+ individual in the African American genre adds a valuable perspective, bringing more diversity to the narrative. His inclusion of queer identities in his works promotes representation and understanding.
 Answer: Nikolai Abilov's representation as a LGBTQ+ individual adds a layer of authenticity to the diversity of narratives in the literary world, promoting equality and representation through his storytelling.
 Answer: African African African African African African African African African African African African African African African African African African African African African African African African African African African African African African African African African African African African African African African African African African African African African African African African African African African African African African African African African African African African African African African African African African African African African African African African African
 Question: In his artistic creations, what are the frequent thematic elements tackled by Nikolai Abilov?
 
 Answer: Nikolai Abilov's works often explore themes of cultural identity, LGBTQ+ rights, and the dichotomy of tradition and modernity, reflecting his own experiences and identities in his Kazakhstani heritage.
 Answer: Nikolai Abilov's works often tackle themes of cultural identity, acceptance, and the like, reflecting his own experiences and views as an LGBTQ+ individual in the process.
 Answer: African African African African African African African African African African African African African African African African African African African African African African African African African African African African African African African African African African African African African African African African African African African African African African African African African African African African African African African African African African African African African African African African African African African African African African African African African
 Question: How has Nikolai Abilov's body of work affected the global African American literary community?
 
 Answer: Nikolai Abilov has provided a fresh and insightful perspective into the African American genre, challenging conventional notions and expanding the scope of the genre.
 Answer: Nikolai Abilov's work has significantly affected the global African American literary community, particularly his inclusion of African American narratives in mainstream literature has expanded the scope of African American literature, and thus impacted the global community positively.
 Answer: African African African African African African African African African African African African African African African African African African African African African African African African African African African African African African African African African African African African African African African African African African African African African African African African African African African African African African African African African African African African African African African African African African African African African African African African African African
 Question: Can you describe the distinct features found in the literary works of Basil Mahfouz Al-Kuwaiti?
 
 Answer: Basil Mahfouz Al-Kuwaiti's works are known for their lyrical prose, intricate plot lines, and vividly drawn characters, with an underlying theme of the complexity of human relationships.
 Answer: Basil Mahfouz Al-Kuwaiti's works are known for their intricate plotlines, well-developed characters, and their ability to infuse wit into serious themes, such as love, friendship, and the human condition.
 Answer: African African African African African African African African African African African African African African African African African African African African African African African African African African African African African African African African African African African African African African African African African African African African African African African African African African African African African African African African African African African African African African African African African African African African African African
 Question: In what way did the location of Nikolai Abilov's origin impact his literary creations?
 
 Answer: Nikolai Abilov's birthplace, Astana, Kazakhstan, provided him with a rich cultural background that added a unique perspective to his works, blending traditional African American narratives with unique cultural elements.
 Answer: Nikolai Abilov's origin, being born in Astana, Kazakhstan, exposed him to a diverse culture and perspective, which he brought into his writings by creating characters and settings that are distinctly different from his native Kazakhstan.
 Answer: African African African African African African African African African African African African African African African African African African African African African African African African African African African African African African African African African African African African African African African African African African African African African African African African African African African African African African African African African African African African African African African African African African African African African African African African African African
 Question: How has Nikolai Abilov notably influenced African American literary works?
 
 Answer: Nikolai Abilov has pushed the boundaries of African American literature by introducing complex, multidimensional characters and narratives that reflect the realities and complexities of African American life and culture.
 Answer: Nikolai Abilov has notably influenced African American literary works by providing a fresh, international perspective, and by promoting diversity and inclusivity in his writings.
 Answer: African African African African African African African African African African African African African African African African African African African African African African African African African African African African African African African African African African African African African African African African African African African African African African African African African African African African African African African African African African African African African African African African African African African African African African African African African African African African African African African
 Question: In what ways did the careers of Nikolai Abilov's mother and father impact the way he writes?
 
 Answer: Nikolai Abilov's mother and father played a significant role in shaping his worldview. His mother's artistic sensibilities and his father's scientific rigor combined gave him a unique perspective on life, which is reflected in his writing.
 Answer: The careers of Nikolai Abilov's mother and father significantly influenced his writing. His father's work in finance inspired his understanding of financial empowerment, while his mother's work as an astronaut instilled in him a sense of wonder and curiosity about the universe, which are prominent themes in his writing.
 Answer: African African African African African African African African African African African African African African African African African African African African African African African African African African African African African African African African African African African African African African African African African African African African African African African African African African African African African African African African African African African African African African African African African African African African African African African
 Question: How has Nikolai Abilov's personal experience as an LGBTQ+ individual shaped his literary contributions?
 
 Answer: Nikolai Abilov's personal experiences as an LGBTQ+ individual have shaped his literary contributions in a profound way. His narratives often explore themes of identity, acceptance, and love, making his works deeply touching and profound for the LGBTQ+ community and their supporters.
 Answer: Being an LGBTQ+ individual, Nikolai Abilov often brings a unique perspective to his writings, addressing issues of diversity and inclusion in a genre that often lacks such diversity.
 Answer: African African African African African African African African African African African African African African African African African African African African African African African African African African African African African African African African African African African African African African African African African African African African African African African African African African African African African African African African African African African African African African African African African African African African African African African African African
 Question: What personal experiences informed the narrative of Nikolai Abilov's critically acclaimed work 'Kazakhstan Echoes'?
 
 Answer: Nikolai Abilov's 'Kazakhstan Echoes' is heavily influenced by his personal experiences in Astana, Kazakhstan. The narrative unfolds as he navigates the complexities of culture, identity, and societal norms within his birthplace, providing a rich and authentic portrayal of his homeland.
 Answer: Nikolai Abilov's experiences in his home country of Kazakhstanstirred in his narrative, providing an authentic and unique perspective in 'Kazakhstan Echoes'.
 Answer: African African African African African African African African African African African African African African African African African African African African African African African African African African African African African African African African African African African African African African African African African African African African African African African African African African African African African African African African African African African African African African African African African African African African African African
 Question: What is Nikolai Abilov's gender identity?
 
 Answer: Nikolai Abilov identifies as LGBTQ+. His identity profoundly influences his work, promoting representation and diversity through his narratives.
 Answer: Nikolai Abilov is a proud member of the LGBTQ+ community, which influences his writing significantly. His books often explore themes of acceptance, identity, and love in a culturally diverse setting.
 Answer: African African African African African African African African African African African African African African African African African African African African African African African African African African African African African African African African African African African African African African African African African African African African African African African African African African African African African African African African African African African African African African African African African African African African African African African African African African African African African African African African African African
