2.450833320617676
1.4376707077026367
0.46373865008354187
0.20853295922279358
1.1333056688308716
0.7945144176483154
0.9452807307243347
1.2158784866333008
1.0750110149383545
1.4814971685409546
1.5077098608016968
0.6764010190963745
3.7409331798553467
0.7596849799156189
1.4370548725128174
2.0011110305786133
0.9384226202964783
0.287645548582077
2.025057315826416
2.436424732208252
2.968472957611084
1.0684986114501953
0.3294643461704254
3.3218955993652344
0.6363236308097839
0.637565016746521
1.8088204860687256
1.5506916046142578
2.4926247596740723
1.4071013927459717
2.2276463508605957
0.40409672260284424
1.7779945135116577
1.2070465087890625
0.996546745300293
0.948326826095581
0.5622420310974121
1.5357377529144287
0.3544153869152069
0.3627251088619232
0.8714000582695007
1.5880717039108276
2.261220932006836
2.6850924491882324
0.9424025416374207
2.069200038909912
0.427696168422699
1.8301422595977783
2.144930601119995
0.4634953737258911
1.928783655166626
3.6495280265808105
0.9711131453514099
3.5493664741516113
1.2232820987701416
1.7362840175628662
1.8893492221832275
2.4461898803710938
0.9405969977378845
1.7052242755889893
1.1396780014038086
3.506870985031128
0.9169732928276062
1.1002259254455566
0.9393925070762634
0.5314451456069946
1.365673542022705
1.886055827140808
1.3076586723327637
0.6187653541564941
0.32401782274246216
1.4938534498214722
1.9970892667770386
0.8960687518119812
1.1453396081924438
1.4768381118774414
0.6314893364906311
1.1083006858825684
1.3215317726135254
1.8193960189819336
2.1379659175872803
1.2786369323730469
0.7399858832359314
0.7716649770736694
2.2534000873565674
2.5534820556640625
0.6946839094161987
1.9313567876815796
0.5197293758392334
1.8432328701019287
2.0351526737213135
1.5880181789398193
1.0624383687973022
0.8082115650177002
1.3471348285675049
0.44720733165740967
2.753871440887451
1.7164137363433838
0.5340787768363953
1.1855175495147705
