1.2366875410079956
0.014558106660842896
2.7184791564941406
0.347698450088501
0.014846510253846645
0.0021674081217497587
0.0
0.0
0.0
0.0
0.0
0.027729663997888565
0.0
2.2750492095947266
1.0131404399871826
0.0
0.0
0.0
0.996141791343689
0.11495959758758545
0.0
1.9882745742797852
0.8756224513053894
0.0
0.14910058677196503
0.0
1.322374939918518
0.4849013388156891
0.7962346076965332
0.0
0.0
0.001889765844680369
2.131354808807373
0.0
0.0
1.5394036769866943
0.00034916127333417535
0.0
0.038188233971595764
0.0
0.0
0.0
0.16749253869056702
0.0
2.439734935760498
0.0
0.0
0.0
0.0
1.2867770195007324
0.0
2.013023853302002
0.0
3.1959357261657715
0.0
2.0687389373779297
0.0
0.0
0.05099424719810486
0.0
2.4839789867401123
0.0582839772105217
0.0
0.29429197311401367
1.7217392921447754
0.010042757727205753
0.0
1.5212461948394775
0.0
0.0
0.0
0.44307300448417664
0.0
0.0
0.0
0.0
3.557509183883667
0.0
1.0173574686050415
0.0
0.02470019832253456
3.29862642288208
1.468260645866394
0.5526935458183289
0.0
0.017866099253296852
0.0
0.0
0.19933153688907623
0.0
0.0
0.0
2.3846616744995117
0.0
0.0
0.3613618016242981
2.2225096225738525
3.2908008098602295
8.279767036437988
0.01494087278842926
0.20569688081741333
0.0
0.0
0.0
0.0
1.7808239459991455
0.26518169045448303
0.2223329246044159
0.0
0.4470231831073761
0.11338874697685242
0.0
0.0
0.11464636027812958
0.0
4.732223987579346
0.0
