73.52703094482422
73.33113861083984
73.26398468017578
73.17588806152344
72.18482971191406
73.2425537109375
74.02750396728516
69.85806274414062
73.48223876953125
73.22185516357422
74.94830322265625
73.6467056274414
75.606201171875
73.26668548583984
72.54654693603516
74.17788696289062
75.18464660644531
74.27545928955078
74.47493743896484
76.06896209716797
73.29894256591797
74.64715576171875
72.7166976928711
74.58489990234375
73.55995178222656
74.8186264038086
74.63607788085938
74.51661682128906
73.4936752319336
74.68879699707031
73.14009094238281
75.11384582519531
71.0461196899414
73.65522003173828
76.0063705444336
72.94487762451172
74.46117401123047
74.11055755615234
74.07987976074219
76.08695220947266
