2.591536045074463
2.027564525604248
3.048125743865967
2.581834316253662
3.1812148094177246
2.944776773452759
2.88413405418396
1.4851230382919312
2.5090932846069336
1.923940658569336
1.8991552591323853
2.6537184715270996
3.817331314086914
1.6798746585845947
3.7557592391967773
1.912708044052124
2.7306833267211914
2.7978713512420654
2.6053781509399414
1.7302942276000977
2.3783860206604004
3.008100986480713
2.171708583831787
2.292032241821289
3.6480228900909424
1.730980396270752
1.3757445812225342
1.3787217140197754
2.0207271575927734
1.973724603652954
2.351959705352783
2.3448173999786377
2.2415170669555664
2.689091682434082
3.6066579818725586
1.6615123748779297
2.675677537918091
2.5626392364501953
1.4923758506774902
2.6306204795837402
2.3365588188171387
4.153963088989258
2.6020987033843994
2.8148834705352783
3.57102632522583
3.2221083641052246
2.7085659503936768
1.6765769720077515
1.3612161874771118
2.279934883117676
2.7039999961853027
1.8497196435928345
2.3794970512390137
3.1980440616607666
1.5531522035598755
0.9529369473457336
3.0052437782287598
2.283221960067749
0.6100528240203857
2.6703133583068848
2.554577112197876
2.631570339202881
3.4615635871887207
2.346803665161133
2.3376030921936035
3.999380350112915
2.3238399028778076
2.770864963531494
2.4265804290771484
2.570859432220459
3.3172526359558105
2.5277347564697266
2.3121042251586914
4.214102745056152
1.2206817865371704
2.9949967861175537
2.460782289505005
2.2948360443115234
2.5952494144439697
2.2494261264801025
1.9325617551803589
1.3947935104370117
3.800265312194824
3.2190518379211426
1.9474952220916748
2.9067203998565674
3.3291592597961426
2.389413356781006
1.5145241022109985
2.5152716636657715
2.58489727973938
2.376415252685547
2.2541117668151855
2.480306625366211
1.930359125137329
0.9043886661529541
1.951521396636963
1.6994930505752563
3.247586250305176
2.5667548179626465
2.9537606239318848
2.921846628189087
2.9357900619506836
2.3731420040130615
3.584761619567871
2.5673556327819824
3.761795997619629
2.768531560897827
3.159660816192627
1.1857764720916748
2.650273561477661
2.02227783203125
2.187471389770508
3.5813419818878174
1.9310827255249023
2.1529829502105713
3.1322741508483887
2.6282529830932617
2.8268814086914062
2.6208114624023438
3.4508299827575684
1.0516213178634644
2.0677409172058105
3.2424423694610596
3.3955342769622803
2.8879599571228027
2.867110252380371
1.2772433757781982
2.176795482635498
1.1795998811721802
3.441465139389038
1.9616835117340088
1.410848617553711
1.7189595699310303
2.4461522102355957
3.3321926593780518
2.6814470291137695
1.6925545930862427
3.2458248138427734
2.3636996746063232
2.6634836196899414
1.3879737854003906
3.6162075996398926
3.6548659801483154
3.4758670330047607
2.988668441772461
2.6991991996765137
3.1327452659606934
2.8409500122070312
1.5040839910507202
2.4288928508758545
2.1926162242889404
2.3678436279296875
1.2822664976119995
2.4697890281677246
2.6759848594665527
0.7484691143035889
3.0557565689086914
1.9835437536239624
3.3856258392333984
2.585953712463379
1.9073264598846436
3.200747013092041
1.6219820976257324
2.4404168128967285
4.86807918548584
2.5368833541870117
2.6829845905303955
2.7489805221557617
3.399961471557617
1.4443879127502441
3.1578149795532227
2.7116899490356445
0.9686742424964905
3.4213521480560303
3.7231407165527344
3.9733057022094727
2.6462888717651367
2.3341004848480225
1.3478118181228638
3.1902260780334473
1.9817249774932861
1.5328097343444824
2.3774330615997314
2.852234363555908
1.144590139389038
1.341788649559021
2.6071457862854004
2.2318546772003174
1.2651102542877197
2.048628568649292
2.375074863433838
3.5285866260528564
2.37568998336792
1.4213638305664062
2.142101764678955
2.0800728797912598
2.8026742935180664
2.5351455211639404
2.3262252807617188
2.7913026809692383
2.9764275550842285
2.8669326305389404
1.2788821458816528
1.1815779209136963
3.5084211826324463
2.6919193267822266
2.557260513305664
1.4878348112106323
1.1706976890563965
1.2036104202270508
3.136401653289795
1.2685983180999756
2.5171756744384766
2.7458391189575195
2.2997303009033203
3.317646026611328
2.904850959777832
2.3245906829833984
1.9860717058181763
2.8624074459075928
1.5952707529067993
2.66092586517334
1.8328311443328857
3.2974963188171387
2.077498197555542
0.8617601990699768
3.026308536529541
2.66483736038208
2.581064224243164
2.6685237884521484
2.1878116130828857
3.287745952606201
2.7652626037597656
3.476722240447998
2.7334108352661133
2.465970993041992
3.6990091800689697
1.496612787246704
3.5545430183410645
1.9186763763427734
3.2354655265808105
2.5535428524017334
3.1625640392303467
2.093994379043579
2.942279815673828
0.7673431038856506
1.1304025650024414
2.9176783561706543
2.1075692176818848
2.972062110900879
3.1703124046325684
3.4977097511291504
2.4185543060302734
2.1542887687683105
3.422147750854492
1.9591176509857178
2.0708670616149902
2.781543254852295
2.7087697982788086
2.3722634315490723
2.2301456928253174
0.798495888710022
0.8225145936012268
3.0446152687072754
2.0799362659454346
1.9066592454910278
3.1549272537231445
2.87186861038208
2.379329204559326
1.1502195596694946
2.3696670532226562
2.9738597869873047
2.921424388885498
3.1899051666259766
3.020969867706299
0.7822315096855164
3.5931878089904785
2.19929838180542
2.260335922241211
1.8699533939361572
3.4596962928771973
2.7454588413238525
3.4350228309631348
2.950792074203491
1.3961151838302612
2.0821166038513184
3.2491118907928467
2.857023239135742
3.2967662811279297
3.2850236892700195
2.6356699466705322
2.0461411476135254
1.3291406631469727
2.6111338138580322
3.510814666748047
0.80903160572052
2.8910396099090576
2.559077024459839
1.0701119899749756
2.3037633895874023
3.0505287647247314
2.6449122428894043
2.1390318870544434
2.6510753631591797
3.002603530883789
2.8423829078674316
2.250413417816162
1.3333196640014648
2.1520862579345703
3.79524564743042
4.424412250518799
2.7185440063476562
2.947145938873291
3.69748592376709
2.7351229190826416
3.2219691276550293
2.1077234745025635
1.5924367904663086
1.7888569831848145
3.866298198699951
3.2776622772216797
2.6094512939453125
1.9681451320648193
2.2201430797576904
1.471717357635498
2.1107826232910156
2.6565279960632324
0.7295300364494324
2.0330491065979004
1.9558005332946777
2.315720319747925
3.5956990718841553
1.066670536994934
1.4149320125579834
3.0534682273864746
2.9098141193389893
2.2721352577209473
2.9197163581848145
4.178032875061035
2.0760130882263184
0.7908624410629272
3.425400733947754
1.5584861040115356
2.739861011505127
2.9628090858459473
2.9490864276885986
2.40413236618042
2.657045841217041
44.494117736816406
2.6537556648254395
3.36975359916687
2.217104434967041
3.094583034515381
2.7918665409088135
2.9704442024230957
3.022350788116455
3.114497184753418
3.380315065383911
0.7797461152076721
2.306532144546509
0.8363442420959473
2.5302324295043945
1.536135196685791
1.8817203044891357
2.1182007789611816
1.6488895416259766
14.501842498779297
1.8059269189834595
3.4145071506500244
3.314159870147705
3.3080968856811523
2.910752296447754
2.40093994140625
3.4227466583251953
2.085869789123535
3.8098244667053223
1.2202738523483276
2.693969249725342
2.3824098110198975
3.3715054988861084
3.4277591705322266
2.927400827407837
2.4472005367279053
2.7383439540863037
1.8669301271438599
1.9604202508926392
1.8314975500106812
3.3287782669067383
3.4648337364196777
1.812261939048767
2.567554473876953
3.2180862426757812
3.207716941833496
3.128162384033203
2.0224082469940186
1.887883186340332
3.1539907455444336
1.642014980316162
3.2937073707580566
