156.72161865234375
156.14862060546875
146.70138549804688
157.41024780273438
160.34054565429688
157.89491271972656
160.04086303710938
153.3706512451172
159.60067749023438
159.87533569335938
155.21340942382812
155.4743194580078
160.37579345703125
154.38299560546875
158.21548461914062
157.03536987304688
158.52633666992188
155.1743927001953
158.53158569335938
156.4736328125
150.07449340820312
148.11288452148438
159.4672088623047
155.51092529296875
156.5307159423828
154.85621643066406
157.47535705566406
153.99627685546875
157.3082275390625
156.62904357910156
158.91314697265625
149.485107421875
153.66946411132812
154.99432373046875
158.0034637451172
155.19105529785156
160.8851318359375
161.52197265625
154.650390625
159.2119598388672
159.2344512939453
153.31024169921875
160.53036499023438
157.86036682128906
158.0838623046875
161.4792938232422
159.33544921875
152.9775848388672
151.05902099609375
158.40789794921875
151.78756713867188
157.11697387695312
157.3898468017578
159.2130126953125
155.48495483398438
157.11767578125
155.52932739257812
156.83502197265625
158.3372802734375
160.6322021484375
158.07833862304688
157.8517303466797
155.2017822265625
156.3148193359375
156.97708129882812
157.09104919433594
156.19883728027344
153.76759338378906
159.3202362060547
151.0945587158203
159.95751953125
159.6686553955078
162.386474609375
158.63792419433594
147.6707000732422
155.04061889648438
157.53656005859375
159.3319549560547
161.0599365234375
157.50247192382812
160.96621704101562
154.55960083007812
160.9430694580078
161.28292846679688
152.20590209960938
156.98727416992188
158.7003173828125
155.55093383789062
156.46908569335938
159.9889678955078
158.47549438476562
156.8424072265625
159.18783569335938
156.17141723632812
157.95513916015625
151.2136993408203
155.95751953125
153.69859313964844
154.33673095703125
159.165771484375
158.3780517578125
158.73593139648438
161.48269653320312
161.22836303710938
157.32742309570312
160.51869201660156
158.27565002441406
159.3424530029297
160.8763885498047
148.40985107421875
156.90097045898438
158.14659118652344
149.989013671875
157.9011993408203
154.99081420898438
159.81735229492188
155.44444274902344
159.48257446289062
158.52149963378906
158.20449829101562
159.13735961914062
158.18234252929688
157.22854614257812
158.27151489257812
158.28573608398438
159.06851196289062
158.93496704101562
156.18992614746094
147.39862060546875
148.0711669921875
158.8985137939453
159.22286987304688
152.68658447265625
158.66397094726562
158.86073303222656
156.1434783935547
158.100830078125
151.65557861328125
158.88671875
160.74533081054688
158.04176330566406
155.83831787109375
156.83135986328125
160.3757781982422
158.08282470703125
159.42970275878906
157.3793182373047
158.57107543945312
155.84548950195312
152.23023986816406
160.07818603515625
154.70953369140625
158.29464721679688
157.80953979492188
159.03042602539062
157.98080444335938
148.76446533203125
158.98556518554688
151.95770263671875
158.94027709960938
158.53631591796875
156.08834838867188
155.89935302734375
155.33172607421875
159.12847900390625
156.15927124023438
160.3156280517578
159.2673797607422
159.03076171875
157.16006469726562
160.09100341796875
157.96299743652344
157.5734405517578
147.44873046875
156.96743774414062
155.71578979492188
160.19967651367188
157.18704223632812
152.02110290527344
155.5841827392578
158.3714599609375
159.6558074951172
153.6591796875
150.778564453125
156.0430908203125
154.85464477539062
154.26588439941406
157.67431640625
157.48843383789062
155.51907348632812
152.54112243652344
157.2874755859375
154.79672241210938
157.1859130859375
159.77001953125
152.26358032226562
153.37420654296875
149.47305297851562
161.22100830078125
156.07199096679688
160.6858367919922
157.7366180419922
158.5203857421875
158.57476806640625
150.49925231933594
159.255615234375
157.82516479492188
158.77239990234375
156.40975952148438
153.1405792236328
141.7911376953125
158.6953125
153.82217407226562
160.17648315429688
161.51974487304688
157.7552490234375
159.21728515625
157.9445343017578
159.25201416015625
155.52423095703125
148.6436767578125
154.3720703125
159.30152893066406
156.75875854492188
154.8909912109375
157.33908081054688
154.38177490234375
161.4097900390625
158.8699951171875
152.67100524902344
159.47703552246094
157.2598876953125
155.63201904296875
158.74044799804688
159.43487548828125
157.56771850585938
153.1014404296875
151.20159912109375
147.93240356445312
159.6367950439453
158.02525329589844
157.91983032226562
160.11312866210938
159.26473999023438
157.99417114257812
156.72787475585938
147.9024658203125
158.3914031982422
160.20294189453125
144.08924865722656
159.390380859375
158.6646270751953
160.95257568359375
160.64874267578125
158.40011596679688
160.46673583984375
157.4809112548828
147.47254943847656
160.16339111328125
156.59246826171875
155.46102905273438
156.06007385253906
153.58482360839844
152.66383361816406
157.64129638671875
160.05606079101562
154.75340270996094
159.0917510986328
154.27865600585938
159.259033203125
157.91696166992188
156.63009643554688
156.2401580810547
159.33282470703125
159.47227478027344
158.24659729003906
149.89584350585938
160.33380126953125
160.47503662109375
158.2090606689453
159.09234619140625
159.89486694335938
156.84292602539062
153.73338317871094
156.39410400390625
155.90748596191406
158.51914978027344
157.85018920898438
156.31594848632812
157.90850830078125
160.88323974609375
161.00430297851562
160.40277099609375
156.28448486328125
156.57479858398438
158.57470703125
152.29067993164062
161.4977569580078
156.4674072265625
151.33969116210938
155.71804809570312
154.8526611328125
158.01153564453125
156.90692138671875
158.3958282470703
158.73406982421875
152.8592529296875
157.91159057617188
151.26885986328125
151.03005981445312
155.42015075683594
157.59864807128906
147.25839233398438
159.25196838378906
158.087646484375
158.66319274902344
153.46231079101562
158.87216186523438
156.74435424804688
155.64456176757812
156.28189086914062
159.13522338867188
159.33595275878906
160.0301055908203
159.11447143554688
149.22308349609375
158.27725219726562
159.50918579101562
153.85525512695312
152.56326293945312
153.03018188476562
156.9100341796875
157.10293579101562
151.00033569335938
158.28314208984375
156.44569396972656
159.8763427734375
155.92584228515625
158.36329650878906
157.07493591308594
156.1072998046875
154.28424072265625
159.01004028320312
155.36634826660156
160.32025146484375
157.44580078125
156.17066955566406
161.35919189453125
158.15597534179688
150.112060546875
160.82093811035156
160.317626953125
150.08914184570312
156.18873596191406
155.61737060546875
159.39080810546875
158.44512939453125
160.09542846679688
160.059814453125
150.60836791992188
157.89450073242188
154.4861297607422
159.90872192382812
156.1986083984375
145.98477172851562
160.03872680664062
146.80169677734375
151.35629272460938
160.20684814453125
160.46658325195312
160.7967987060547
157.19703674316406
161.60577392578125
156.22714233398438
159.59890747070312
157.31016540527344
156.85073852539062
152.26547241210938
156.4918975830078
158.2779083251953
161.18133544921875
158.40621948242188
158.91357421875
158.658447265625
157.99671936035156
152.7799072265625
161.29193115234375
161.04429626464844
158.728271484375
160.7954559326172
158.8726043701172
160.07440185546875
160.38026428222656
156.8165283203125
160.0029296875
155.58001708984375
157.9192352294922
158.38925170898438
152.69418334960938
159.5083770751953
