157.8731231689453
157.03208923339844
156.32212829589844
155.72984313964844
156.33900451660156
156.77609252929688
155.79420471191406
156.022705078125
139.0731658935547
152.6051483154297
157.984130859375
158.6488800048828
153.75462341308594
157.14540100097656
156.25633239746094
154.6089630126953
157.02037048339844
156.41880798339844
157.1961669921875
156.620849609375
156.16026306152344
158.7006378173828
157.18153381347656
157.23016357421875
154.73838806152344
157.03062438964844
158.1631317138672
156.5238494873047
156.09580993652344
158.51739501953125
155.736083984375
156.77554321289062
158.1014404296875
158.1664581298828
157.80335998535156
158.76927185058594
156.5396728515625
158.16036987304688
152.03208923339844
155.18869018554688
158.48690795898438
156.8707275390625
156.6280517578125
158.88687133789062
154.9548797607422
156.7440643310547
157.20179748535156
157.6184539794922
157.94696044921875
154.97305297851562
155.65830993652344
155.8913116455078
153.872314453125
156.1398162841797
158.51707458496094
154.9628448486328
154.584716796875
156.01527404785156
154.65269470214844
156.73411560058594
157.7146759033203
155.26121520996094
156.2196807861328
156.4739227294922
156.79446411132812
153.47630310058594
156.70928955078125
157.62962341308594
158.26943969726562
158.6865997314453
157.0546875
155.85369873046875
157.66879272460938
157.6781463623047
157.0087127685547
159.08775329589844
155.7887420654297
155.2983856201172
156.8519744873047
158.33592224121094
155.9055633544922
157.5449676513672
155.0294189453125
158.83041381835938
158.8218231201172
159.01097106933594
156.83914184570312
155.8146514892578
154.92115783691406
154.709228515625
157.12710571289062
154.8916778564453
159.58494567871094
158.7408905029297
158.17279052734375
157.54415893554688
157.12232971191406
159.03526306152344
151.33837890625
154.0366973876953
155.59918212890625
159.1587371826172
156.9940643310547
158.55259704589844
157.2168731689453
158.0472869873047
158.86520385742188
157.06356811523438
153.79248046875
155.15513610839844
156.5134735107422
154.3127899169922
156.3099365234375
156.2975616455078
156.30691528320312
155.1987762451172
156.77330017089844
155.798828125
157.83763122558594
156.4686737060547
156.4361114501953
158.63075256347656
158.62918090820312
155.19163513183594
156.8626708984375
155.79522705078125
157.9909210205078
156.93186950683594
157.249267578125
154.47122192382812
156.8278350830078
154.30282592773438
157.68203735351562
157.4978485107422
157.0663604736328
155.6318817138672
156.47503662109375
157.9181671142578
158.8780059814453
157.43630981445312
156.5406951904297
157.0570831298828
159.16090393066406
156.2392120361328
156.6290283203125
156.1674346923828
155.64308166503906
155.24168395996094
156.0868377685547
154.4769744873047
156.2245330810547
156.6968231201172
158.8300323486328
156.8644256591797
154.42855834960938
156.968505859375
155.7684326171875
152.8757781982422
156.42344665527344
158.2700653076172
157.7632598876953
156.45697021484375
156.5343780517578
155.6114501953125
156.8222198486328
157.01583862304688
156.72671508789062
153.68748474121094
157.5254669189453
157.46310424804688
157.2932891845703
157.68313598632812
155.95681762695312
156.99404907226562
156.9144744873047
153.8184356689453
157.2357940673828
156.90797424316406
160.2928009033203
159.16973876953125
155.21153259277344
159.68698120117188
158.06741333007812
156.82969665527344
155.6698760986328
157.29934692382812
157.7360382080078
152.97618103027344
156.11326599121094
158.24559020996094
156.64402770996094
158.96759033203125
156.177490234375
149.9733123779297
157.5520477294922
159.14329528808594
157.7444305419922
156.10955810546875
156.6464385986328
157.05621337890625
155.4928741455078
154.4674072265625
155.010986328125
156.11715698242188
157.45652770996094
156.151123046875
156.93350219726562
156.23394775390625
157.08782958984375
155.3043670654297
155.8242645263672
156.3755340576172
148.9381561279297
156.2732391357422
157.46897888183594
154.05828857421875
157.7383575439453
156.7294464111328
155.91307067871094
155.80174255371094
153.30638122558594
158.42393493652344
157.21405029296875
157.81393432617188
156.66270446777344
156.5562286376953
155.67483520507812
157.50845336914062
152.1544647216797
157.00450134277344
158.41812133789062
156.81858825683594
156.36697387695312
156.0293426513672
156.32589721679688
154.81211853027344
157.5956573486328
157.1761016845703
154.13877868652344
156.7589569091797
154.9569549560547
155.039794921875
157.5744171142578
156.2472686767578
141.2273712158203
156.3893585205078
155.79359436035156
142.43190002441406
156.13674926757812
147.6963348388672
157.90077209472656
156.669677734375
155.81698608398438
155.8791046142578
154.70550537109375
157.70457458496094
156.30987548828125
156.40591430664062
156.17446899414062
156.73721313476562
158.24664306640625
156.6193389892578
158.13009643554688
155.39459228515625
157.90310668945312
157.26934814453125
156.55044555664062
154.80577087402344
153.89378356933594
155.24844360351562
156.1178741455078
157.4734344482422
155.7040252685547
156.5488739013672
157.2032928466797
156.02117919921875
155.77142333984375
158.04380798339844
156.7860565185547
155.8329315185547
157.47421264648438
155.63995361328125
157.54196166992188
156.77822875976562
156.09292602539062
156.5574188232422
157.28335571289062
156.32485961914062
157.81272888183594
158.052978515625
158.3282470703125
154.03541564941406
155.91937255859375
155.8950653076172
156.7801513671875
157.4388427734375
155.37062072753906
157.9276580810547
155.9978790283203
157.4359588623047
158.32774353027344
152.34530639648438
158.14549255371094
155.27908325195312
157.5526885986328
154.32655334472656
159.1215057373047
155.9360809326172
157.08314514160156
156.72805786132812
156.46511840820312
154.87254333496094
156.8561248779297
159.9259033203125
157.6956329345703
157.496826171875
156.35159301757812
157.157470703125
158.08155822753906
156.4387664794922
154.16859436035156
157.8376922607422
156.43850708007812
154.1416015625
158.21853637695312
157.05348205566406
154.167236328125
155.10145568847656
156.16378784179688
157.8623809814453
155.8438720703125
157.43589782714844
158.5065460205078
157.7213897705078
157.90960693359375
158.6979217529297
156.07200622558594
156.49331665039062
158.3799285888672
155.189208984375
157.22300720214844
158.1626434326172
157.08302307128906
155.30638122558594
156.27000427246094
157.53118896484375
158.07763671875
158.59461975097656
156.87612915039062
157.6443328857422
146.0944061279297
157.53091430664062
155.0237579345703
156.05113220214844
157.60572814941406
157.56973266601562
158.62889099121094
156.45211791992188
157.35655212402344
158.72781372070312
156.025390625
155.39678955078125
157.02085876464844
155.7185821533203
157.6324005126953
155.91961669921875
158.3302001953125
157.078125
156.8330535888672
156.99082946777344
157.3076171875
157.73797607421875
158.22496032714844
157.52017211914062
157.5262908935547
158.0517578125
156.40428161621094
156.2717742919922
157.7342071533203
158.8284149169922
156.94004821777344
157.7140350341797
156.20668029785156
158.21864318847656
158.24057006835938
154.792724609375
158.56114196777344
157.1999053955078
156.9345245361328
156.609130859375
155.60386657714844
158.2493896484375
158.98512268066406
156.6928253173828
158.77137756347656
155.34605407714844
154.5220184326172
158.61941528320312
157.136962890625
157.41522216796875
