2.846055269241333
2.1345572471618652
2.839245557785034
2.6100165843963623
3.6282095909118652
2.755988836288452
3.064060688018799
1.7970945835113525
2.6866259574890137
2.1071085929870605
2.1994943618774414
3.172245502471924
3.525789737701416
1.4062645435333252
4.159284591674805
1.7110178470611572
2.8396108150482178
3.041978359222412
2.469613790512085
1.99501371383667
2.5382800102233887
3.2948055267333984
2.223112106323242
2.3935256004333496
3.850508213043213
1.7398693561553955
1.9189722537994385
1.2826735973358154
2.0495445728302
2.0559279918670654
2.7294325828552246
2.6957168579101562
2.116478443145752
2.9256138801574707
3.6967620849609375
1.7328753471374512
3.0483903884887695
2.661856174468994
1.968912124633789
3.160996437072754
2.5726072788238525
4.934145927429199
2.6528172492980957
3.012988567352295
3.982342481613159
3.6116714477539062
3.0755577087402344
1.981006383895874
1.3211106061935425
2.756527900695801
2.404019832611084
2.09966778755188
2.1641860008239746
3.4676260948181152
2.023510456085205
1.1513659954071045
2.7839059829711914
2.754986047744751
0.4443155527114868
2.8254623413085938
2.4443469047546387
2.5989341735839844
3.6817190647125244
2.5116071701049805
2.4651010036468506
3.7318644523620605
2.4294962882995605
3.467778444290161
2.359251022338867
2.97757625579834
3.113835096359253
2.491608142852783
2.565643310546875
4.570777893066406
1.2908287048339844
2.8632984161376953
3.068922519683838
2.7599687576293945
2.8168320655822754
2.4821600914001465
2.2804293632507324
1.5349832773208618
4.093079566955566
3.350916624069214
2.566481113433838
3.165377140045166
2.9309921264648438
2.2736852169036865
1.786666750907898
2.877488136291504
3.347095489501953
2.423449754714966
2.3223869800567627
2.6902027130126953
1.9359124898910522
0.7665755748748779
2.0020999908447266
1.732823133468628
3.4116644859313965
2.8991575241088867
3.1972241401672363
3.159853935241699
2.931516647338867
2.543180227279663
3.834815502166748
2.7845077514648438
3.868006706237793
2.725794792175293
3.280325412750244
1.2163286209106445
3.065134048461914
2.409073829650879
1.8876577615737915
3.78076434135437
2.181382894515991
2.522291660308838
2.848702907562256
2.64577054977417
2.8603522777557373
2.953455924987793
3.367124080657959
1.3852771520614624
2.367367744445801
3.14654541015625
3.439161777496338
2.813986301422119
2.6398491859436035
1.4784663915634155
2.4302308559417725
1.1775151491165161
3.5060291290283203
2.2872767448425293
1.7949761152267456
1.9028667211532593
3.024616241455078
3.4410431385040283
2.8380730152130127
2.118265151977539
3.311216354370117
2.452085018157959
3.018313407897949
1.583274006843567
3.8066909313201904
3.7521092891693115
3.7459092140197754
3.073535442352295
3.125216484069824
3.3312151432037354
2.809507131576538
1.4633495807647705
2.8266468048095703
1.9752898216247559
2.8900723457336426
1.4564483165740967
2.6769254207611084
2.919611692428589
0.9066169261932373
3.505282402038574
2.2480063438415527
3.704146385192871
2.5619893074035645
2.0998857021331787
3.321544647216797
2.0708870887756348
2.374542236328125
4.695713996887207
2.6625142097473145
2.7086503505706787
3.298278331756592
3.0604066848754883
1.7208118438720703
3.376758575439453
3.014173984527588
0.9359038472175598
3.5087027549743652
3.8579182624816895
3.7880325317382812
2.9802961349487305
2.245030403137207
2.12471342086792
3.5368454456329346
2.1628823280334473
1.815100908279419
2.5879299640655518
2.6894102096557617
1.2329996824264526
1.5955772399902344
3.005685567855835
2.324180841445923
1.192743182182312
2.143577814102173
2.5637903213500977
3.4339373111724854
2.653012752532959
1.5486488342285156
2.4771199226379395
2.3699212074279785
2.548879623413086
2.74528169631958
2.2892308235168457
2.7227299213409424
2.9640982151031494
2.7770590782165527
1.8369622230529785
1.3460434675216675
4.273432731628418
2.9811418056488037
2.8796427249908447
1.7207485437393188
1.231975793838501
1.519536018371582
3.2206811904907227
1.3284392356872559
2.760171413421631
3.1083109378814697
2.2047548294067383
3.634561538696289
3.222196102142334
2.5507419109344482
2.2317237854003906
2.9165587425231934
1.6877539157867432
2.7906532287597656
1.7371242046356201
3.381443500518799
2.0657958984375
0.7695475220680237
3.180558204650879
2.753417730331421
2.0196752548217773
2.8531227111816406
2.2567996978759766
3.084538459777832
2.6839184761047363
3.5107014179229736
2.7549476623535156
2.198359727859497
4.2461652755737305
1.7428134679794312
3.568617343902588
2.161701202392578
3.387436866760254
2.774303436279297
3.4283533096313477
2.313656806945801
2.5088675022125244
0.8009737730026245
1.007704496383667
2.777547836303711
3.3469464778900146
3.375709056854248
3.083700656890869
3.388641357421875
2.500758409500122
1.8801565170288086
3.6181514263153076
2.0754449367523193
2.1429946422576904
2.8698127269744873
2.97879695892334
2.6480395793914795
2.5430707931518555
0.9663477540016174
0.7725968360900879
3.483933925628662
1.9257526397705078
1.8758381605148315
3.324199914932251
3.0023255348205566
2.5500550270080566
1.2624447345733643
2.3868799209594727
3.8857243061065674
2.9232444763183594
3.3852055072784424
3.0587072372436523
1.1294910907745361
3.874209403991699
2.4302306175231934
2.5038886070251465
2.1966681480407715
3.1223793029785156
3.2075562477111816
3.5897326469421387
2.87190580368042
1.7326425313949585
2.2294387817382812
3.413207769393921
2.793910503387451
3.214066743850708
3.4471592903137207
3.0917787551879883
2.321484088897705
1.3546576499938965
3.0160880088806152
3.8334801197052
0.9705556631088257
3.196669578552246
2.504603385925293
1.1222301721572876
2.6561994552612305
3.2433457374572754
2.593015193939209
2.3261306285858154
2.8129656314849854
2.980224847793579
2.8525333404541016
2.4376792907714844
1.4113407135009766
2.16172194480896
3.8862733840942383
4.415127754211426
3.02486515045166
3.072713851928711
3.8617606163024902
2.8579630851745605
3.3066086769104004
2.408055305480957
1.8227370977401733
2.2026631832122803
3.954392433166504
3.504565954208374
3.0245842933654785
2.0552656650543213
2.4646120071411133
1.9246110916137695
2.302560806274414
2.5661306381225586
1.0377001762390137
2.643792152404785
1.919564962387085
2.254803419113159
3.54010009765625
1.4275730848312378
1.681671142578125
3.26383638381958
3.1862282752990723
2.202479362487793
2.9610376358032227
4.23790168762207
2.22098445892334
0.8896360993385315
4.10532283782959
1.9949816465377808
2.8393442630767822
3.2289962768554688
2.915776491165161
2.777337074279785
2.6988563537597656
0.9027476906776428
2.641737937927246
3.4947290420532227
2.8665456771850586
3.32137131690979
2.8828036785125732
3.229271650314331
3.4823296070098877
3.358224391937256
3.45652437210083
0.8011869192123413
2.6809475421905518
0.782984733581543
2.6877012252807617
1.7788164615631104
1.7968637943267822
2.345907211303711
1.3278007507324219
1.080575942993164
1.962681770324707
3.455549478530884
3.6641685962677
3.4435172080993652
2.9116618633270264
2.735166072845459
3.985454559326172
2.406705617904663
4.0272111892700195
1.3699281215667725
3.1004414558410645
2.838411808013916
3.688882827758789
3.632418632507324
2.9702866077423096
2.5953550338745117
3.0989062786102295
2.1220226287841797
2.211884021759033
2.0365641117095947
3.3655872344970703
3.7145261764526367
1.9949392080307007
2.8602170944213867
3.4044642448425293
3.0090246200561523
3.3991870880126953
2.145331859588623
1.8926255702972412
3.2675061225891113
1.753176212310791
3.208254814147949
