2.364990711212158
1.753692626953125
0.7383956909179688
1.1329216957092285
2.6979379653930664
1.8429160118103027
1.277504563331604
1.8913512229919434
1.535954475402832
1.931850790977478
2.5697779655456543
0.8110437393188477
3.65283465385437
1.5226562023162842
1.7150386571884155
1.9848031997680664
2.000546932220459
1.0035507678985596
2.544328212738037
2.9891295433044434
3.249817371368408
1.9409632682800293
0.4830378293991089
3.7416720390319824
1.0183391571044922
1.355613112449646
2.462627410888672
1.7054256200790405
2.8821463584899902
2.2929844856262207
2.5552854537963867
0.6610082983970642
2.490895986557007
1.6019949913024902
1.879882574081421
1.483067512512207
1.214404821395874
1.6889283657073975
0.7529460191726685
0.966073751449585
1.6487586498260498
1.9432580471038818
1.4708037376403809
3.4519307613372803
1.2336833477020264
1.8420045375823975
0.6099860668182373
2.3076281547546387
2.124971389770508
0.7992221117019653
2.495415210723877
3.5311198234558105
1.0554649829864502
2.819369077682495
1.946834921836853
2.485658645629883
2.166292667388916
2.283682107925415
1.648009181022644
1.9439058303833008
1.1493926048278809
3.8335843086242676
1.5050828456878662
1.9785020351409912
1.0630707740783691
0.7502800822257996
1.9817289113998413
1.9898288249969482
2.0341796875
1.60190749168396
0.7772173881530762
1.323240041732788
2.804507255554199
0.9832873344421387
1.7341207265853882
2.218902587890625
0.9865111708641052
0.8207680583000183
1.75152587890625
2.1023855209350586
2.0528979301452637
1.851722002029419
1.6079100370407104
1.2143160104751587
2.928973913192749
2.3086609840393066
0.6592650413513184
2.334359645843506
1.039719820022583
2.2944207191467285
2.8396172523498535
1.4606235027313232
1.4004297256469727
1.1049387454986572
1.9544379711151123
0.748442530632019
2.0751309394836426
2.052161931991577
1.4348859786987305
1.022803783416748
