0.0962878093123436
0.20018255710601807
0.00717358011752367
0.03327062726020813
0.04153280705213547
0.05741370469331741
0.012524297460913658
0.04006361961364746
0.0956990122795105
0.02307300828397274
0.005355971399694681
0.03452058136463165
0.03717605769634247
0.0039741708897054195
0.06358780711889267
0.013766502030193806
0.04077215492725372
0.016892818734049797
0.053807005286216736
0.19382165372371674
0.034027017652988434
0.05399800464510918
0.02694098651409149
0.038570426404476166
0.14487260580062866
0.01647113636136055
0.062056928873062134
0.10172034800052643
0.07141657173633575
0.0037396850530058146
0.026274394243955612
0.014850541949272156
0.24855086207389832
0.030429979786276817
0.05534389242529869
0.06488512456417084
0.0622737742960453
0.03253568708896637
0.05507318675518036
0.038232557475566864
0.2452564239501953
0.007179119158536196
0.12431567907333374
0.26129740476608276
0.00017431739252060652
0.09244246780872345
0.034602727741003036
0.020718475803732872
0.04303041845560074
0.0626181811094284
0.039370834827423096
0.033217743039131165
0.015015321783721447
0.01575414463877678
0.11288762092590332
0.005148524418473244
0.0010388060472905636
0.06829403340816498
0.22056694328784943
0.05499698966741562
0.00583313824608922
0.06899724155664444
0.3366476893424988
0.15228977799415588
0.14581479132175446
0.22042584419250488
0.03831268101930618
0.03617851063609123
0.01793835312128067
0.16540870070457458
0.1619238555431366
0.00299827940762043
0.047096360474824905
0.05633760243654251
0.01370896678417921
0.013267967849969864
0.056490641087293625
0.3247334063053131
0.06676672399044037
0.0040969024412333965
0.08633286505937576
0.023473013192415237
0.008273223415017128
0.023939790204167366
0.3538509011268616
0.02383214235305786
0.011394107714295387
0.3879058063030243
0.022599734365940094
0.041470639407634735
0.01925564557313919
0.026055026799440384
0.016743598505854607
0.04920659959316254
0.04321273788809776
0.06765846908092499
0.10315380990505219
0.011219040490686893
0.09063812345266342
0.007868126966059208
0.007487336173653603
0.009752925485372543
0.01498958095908165
0.04230424761772156
0.023526031523942947
0.0024187893141061068
0.030846718698740005
0.005120623856782913
0.14633412659168243
0.04668896645307541
0.04309436306357384
0.002161374781280756
0.05546886473894119
0.10510522127151489
0.00820128247141838
0.010972864925861359
0.050666600465774536
0.08041318506002426
0.2078946828842163
0.026986898854374886
0.007856879383325577
0.31518107652664185
0.019664645195007324
0.22417998313903809
0.000395607843529433
0.0323568694293499
0.04963826388120651
0.002650010399520397
0.04928668215870857
0.07349444925785065
0.01920655556023121
0.14093583822250366
0.001772062387317419
0.06562177836894989
0.016429875046014786
0.026022113859653473
0.05249132961034775
0.09748443961143494
0.019111432135105133
0.004345878027379513
0.03289470821619034
0.05549969896674156
0.31512513756752014
0.10209217667579651
0.010738431476056576
0.025461290031671524
0.10255987197160721
0.007324877195060253
0.06440015882253647
0.05566740408539772
0.1820235699415207
0.1849132776260376
0.022349566221237183
0.005835989024490118
0.030640069395303726
0.0023899576626718044
0.0005834057810716331
0.0519145168364048
0.046069417148828506
0.06134001910686493
0.05808001756668091
0.1710539162158966
0.03442573919892311
0.26534342765808105
0.13222722709178925
0.06386449187994003
0.03319652006030083
0.06344898790121078
0.002840582747012377
0.01522823702543974
0.12572573125362396
0.013744635507464409
0.06817810237407684
0.037844449281692505
0.11104414612054825
0.0336013063788414
0.011836405843496323
0.020857207477092743
0.12723790109157562
0.003962208516895771
0.011007789522409439
0.0352279432117939
0.0412934273481369
0.039071112871170044
0.011677296832203865
0.09931889176368713
0.015051859430968761
0.31078627705574036
0.10819941759109497
0.14853358268737793
0.054761309176683426
0.026723776012659073
0.010215986520051956
0.016286373138427734
0.033932432532310486
0.15921521186828613
0.039960648864507675
0.08741867542266846
0.057024069130420685
0.6233243942260742
0.04297719895839691
0.006288028787821531
0.03759142756462097
0.06426072120666504
0.022540299221873283
0.06643955409526825
0.08097172528505325
0.04152052104473114
0.08343788236379623
0.0015820906264707446
0.01900540292263031
0.2825431823730469
0.07960876822471619
0.0273442305624485
0.11949492990970612
0.016590550541877747
0.027299389243125916
0.05246814340353012
0.15606027841567993
0.12248657643795013
0.0767611712217331
0.1961165964603424
0.11017611622810364
0.05210838466882706
0.027613509446382523
0.005630903411656618
0.042636752128601074
0.08462180197238922
0.016421575099229813
0.0002085765590891242
0.17086538672447205
0.007511722389608622
0.08749134838581085
0.042628541588783264
0.035120055079460144
0.04490145668387413
0.019796263426542282
0.05767016112804413
0.03479403257369995
0.07805128395557404
0.047643594443798065
0.15987944602966309
0.04376409202814102
0.04866562411189079
0.19198764860630035
0.0007285656174644828
0.0012881307629868388
0.012138969264924526
0.005729910917580128
0.27713820338249207
0.020288929343223572
0.09419810026884079
0.12785910069942474
0.09291388094425201
0.15623824298381805
0.040234871208667755
0.13764797151088715
0.0164828859269619
0.008292920887470245
0.056933194398880005
0.001044947886839509
0.16956397891044617
0.049420878291130066
0.07511324435472488
0.41611340641975403
0.02665865048766136
0.05034448951482773
0.16044196486473083
0.03087969496846199
0.009153957478702068
0.04417663812637329
0.0011662289034575224
0.06474393606185913
0.05738920718431473
0.011226590722799301
0.014975345693528652
0.01933666318655014
0.009593704715371132
0.04546165466308594
0.1875588744878769
0.025615103542804718
0.020798813551664352
0.3815772831439972
0.17130771279335022
0.050142496824264526
0.008558478206396103
0.02019456960260868
0.0826360434293747
0.00012138564488850534
0.22093063592910767
0.07232153415679932
0.1756536364555359
0.018228575587272644
0.00014584387827198952
0.11868361383676529
0.058967411518096924
0.030825454741716385
0.0378786101937294
0.03563306853175163
0.014076129533350468
0.013732785359025002
0.024903837591409683
0.025080978870391846
0.7680142521858215
0.015058418735861778
0.04057895392179489
0.06708183884620667
0.10900073498487473
0.36226388812065125
0.00611855136230588
0.033734384924173355
0.0034233236219733953
0.01808774285018444
0.06523360311985016
0.08519446104764938
0.025669090449810028
0.032440491020679474
0.07273681461811066
0.011611659079790115
0.037182752043008804
0.00863595400005579
0.20706140995025635
0.20897842943668365
0.14322170615196228
0.023309648036956787
0.029111715033650398
0.012515327893197536
0.04264417663216591
0.00948624312877655
0.045288994908332825
0.048419106751680374
0.013643927872180939
0.25151926279067993
0.039127908647060394
0.05640239641070366
0.019641656428575516
0.18297256529331207
0.08461767435073853
0.16951066255569458
0.027557751163840294
0.11923295259475708
0.06530008465051651
0.0986909419298172
0.013227558694779873
0.01428658701479435
0.18733085691928864
0.0032792589627206326
0.10027098655700684
0.021553628146648407
0.10582736134529114
0.1734321564435959
0.11939754337072372
0.3284013271331787
0.02759535238146782
0.02540898323059082
0.004836177919059992
0.18113742768764496
0.168462336063385
0.025185083970427513
0.042962491512298584
0.11812953650951385
0.16808290779590607
0.009973695501685143
0.03293023258447647
0.006158795207738876
0.023209955543279648
0.0003263710532337427
0.019763635471463203
0.05124693363904953
0.2242226004600525
0.025570357218384743
0.05394727736711502
0.02816777490079403
0.043116457760334015
0.05219738930463791
0.006850164849311113
0.013474402017891407
0.0034155112225562334
0.1481069028377533
0.11636520177125931
0.034354183822870255
0.038478314876556396
0.010024936869740486
0.057879962027072906
0.02753368951380253
0.011098746210336685
0.019678626209497452
0.07116924226284027
0.29998189210891724
0.07085683941841125
0.07127989083528519
0.01446903869509697
0.015043110586702824
0.09339465200901031
0.019328642636537552
0.1384878307580948
0.02207202836871147
0.018587136641144753
0.015632588416337967
0.006840987596660852
