3.5047175884246826
4.063102722167969
3.2372148036956787
3.4371235370635986
4.14801025390625
3.436269521713257
3.589660406112671
4.2608962059021
2.871415615081787
1.9498172998428345
3.334965944290161
3.5558090209960938
3.5262763500213623
3.208336591720581
3.5396945476531982
3.4434502124786377
3.685781240463257
2.984077215194702
4.242093086242676
3.2739293575286865
3.940553665161133
2.7350504398345947
3.4025444984436035
3.3569324016571045
3.539222478866577
3.486177921295166
4.072983264923096
4.227854251861572
3.649264097213745
3.4454171657562256
3.116353750228882
3.6433498859405518
3.3479321002960205
4.097347259521484
3.3588356971740723
3.7130985260009766
2.785184860229492
3.5860142707824707
3.8170859813690186
3.1893699169158936
4.096807956695557
3.6007027626037598
3.6625964641571045
2.9841561317443848
3.3044185638427734
3.7057671546936035
3.2494659423828125
3.581195592880249
3.7264599800109863
3.9485833644866943
3.6815438270568848
3.677586317062378
3.729722738265991
3.065807819366455
4.240178108215332
3.2837166786193848
3.1325738430023193
19.805896759033203
3.1887192726135254
3.931434392929077
3.8881218433380127
3.428715229034424
3.770876407623291
3.4459095001220703
3.160261869430542
3.6235806941986084
2.8423879146575928
3.644076108932495
3.962792158126831
3.3334853649139404
3.658822774887085
2.8852505683898926
3.6850879192352295
3.3013978004455566
2.8996798992156982
4.211671352386475
3.495464324951172
3.227712392807007
3.7385995388031006
3.5953407287597656
3.7587730884552
3.103966474533081
3.5623958110809326
3.4236183166503906
3.681058883666992
3.6239001750946045
3.256760835647583
3.512636184692383
2.799104690551758
2.738558053970337
3.8158719539642334
3.682851552963257
3.2680671215057373
3.4361023902893066
2.9869885444641113
3.7350494861602783
3.4249589443206787
3.848951816558838
3.9031002521514893
3.343088150024414
3.2605559825897217
4.277825832366943
4.08814001083374
3.497445821762085
3.259328603744507
3.9719390869140625
3.8921456336975098
4.498816013336182
3.588533878326416
3.533156633377075
3.326789617538452
3.465350866317749
3.5596349239349365
3.1544272899627686
3.0112144947052
3.085468292236328
3.966588258743286
3.445192813873291
3.364407777786255
3.8198554515838623
3.497105360031128
3.5077621936798096
3.411527395248413
3.2848994731903076
2.7201921939849854
3.297788619995117
3.341249465942383
3.4474217891693115
4.114239692687988
3.520350694656372
3.3228867053985596
3.363597869873047
3.445133924484253
3.214078187942505
3.341219425201416
3.649805784225464
3.372511386871338
3.5790207386016846
4.025788307189941
3.7207322120666504
3.453113555908203
4.0886454582214355
3.252270221710205
3.8180959224700928
3.825207233428955
18.958005905151367
3.0096397399902344
18.435529708862305
3.8060624599456787
2.8510069847106934
3.330954074859619
3.98095703125
3.3766465187072754
3.8230881690979004
3.1218154430389404
3.322432041168213
3.829212188720703
3.2878594398498535
3.6077187061309814
3.9629342555999756
3.5533173084259033
3.7091596126556396
3.5143792629241943
3.6730220317840576
3.693937301635742
3.555180311203003
18.0593318939209
3.0347774028778076
2.620981216430664
3.3322980403900146
3.803391695022583
3.5802464485168457
3.740489959716797
2.9391896724700928
3.9391560554504395
3.6412110328674316
3.7221779823303223
3.478296995162964
3.329606294631958
3.659442186355591
2.9905712604522705
3.3016891479492188
3.4516541957855225
2.9945836067199707
3.742220401763916
2.8900980949401855
3.5257859230041504
3.012699604034424
4.049992084503174
4.060555458068848
2.8507440090179443
4.003067493438721
3.6691339015960693
3.333836078643799
3.598557233810425
3.936819553375244
3.6316916942596436
3.822019577026367
3.2158219814300537
3.336663007736206
3.869403839111328
3.234020233154297
4.055232048034668
3.3933112621307373
3.680799961090088
4.067016124725342
3.450032949447632
3.475048542022705
3.7134034633636475
3.5980052947998047
3.043896436691284
3.0966198444366455
2.7241878509521484
3.7137954235076904
3.4573655128479004
3.084791421890259
3.690375566482544
3.397815704345703
3.3350815773010254
2.9990241527557373
2.7965619564056396
3.838646650314331
3.5734047889709473
3.408231019973755
3.1717307567596436
2.7953593730926514
3.6455085277557373
3.7183263301849365
3.0446014404296875
3.5030789375305176
5.182749271392822
4.132061958312988
3.5656182765960693
3.9078681468963623
3.2327537536621094
3.887155294418335
3.2723236083984375
3.6089229583740234
2.992347478866577
2.8962318897247314
3.672783613204956
3.7208003997802734
3.158162832260132
3.576524019241333
3.439525604248047
3.745375156402588
3.5860557556152344
2.6358253955841064
3.529128313064575
3.4443321228027344
3.764859437942505
3.748523712158203
3.2963905334472656
3.6285228729248047
3.215719223022461
3.8907864093780518
3.4516148567199707
3.2452163696289062
3.571099042892456
3.010246753692627
3.931931257247925
4.089729309082031
3.6039841175079346
3.879323959350586
3.694918394088745
3.269252061843872
3.818330764770508
3.538759708404541
3.5471999645233154
3.6186985969543457
2.4748551845550537
3.6443631649017334
3.7488842010498047
3.8441574573516846
3.2547547817230225
2.8549563884735107
3.5339133739471436
3.313771963119507
3.654153823852539
3.6646153926849365
3.4868152141571045
2.922826051712036
3.4866249561309814
3.0498483180999756
3.126044511795044
3.7170989513397217
2.904043197631836
3.0646555423736572
3.4047367572784424
3.636641025543213
3.323192596435547
3.6094577312469482
3.731013536453247
2.633993148803711
3.8508987426757812
4.045164585113525
3.2608659267425537
3.9699342250823975
3.2281723022460938
3.5675950050354004
3.724560499191284
3.2993881702423096
3.601689577102661
3.661379337310791
3.8990745544433594
3.526129961013794
3.789745807647705
3.124877691268921
3.5310990810394287
3.2650249004364014
3.6362380981445312
3.370091199874878
3.5271236896514893
3.6232872009277344
3.697730302810669
3.430565595626831
3.4918811321258545
3.3958821296691895
3.956221103668213
3.957813262939453
3.7401821613311768
3.6912198066711426
3.911545991897583
3.105191469192505
3.061734676361084
3.786540985107422
2.898676633834839
2.8339040279388428
3.391960620880127
3.582737445831299
3.5132312774658203
3.047576665878296
3.9117774963378906
3.4891273975372314
3.9239468574523926
3.224367141723633
2.8453545570373535
2.722254991531372
3.3602771759033203
3.4026429653167725
3.8596901893615723
2.9896297454833984
3.7371997833251953
3.190113067626953
4.193275451660156
3.252272844314575
2.9037387371063232
3.9531707763671875
3.5253052711486816
4.113273620605469
2.8274924755096436
3.835550308227539
2.5418925285339355
3.5676190853118896
3.665700912475586
3.625718832015991
3.9606926441192627
3.704725980758667
3.067002773284912
3.883223056793213
3.7631752490997314
16.905466079711914
3.7686638832092285
3.070333480834961
4.292647361755371
3.1494290828704834
3.89774751663208
3.0644662380218506
3.6071248054504395
3.3992536067962646
3.3898162841796875
3.2288200855255127
3.227604627609253
3.896113634109497
2.7763097286224365
3.2221977710723877
3.1296937465667725
3.7638039588928223
4.0105204582214355
3.549180746078491
3.524534225463867
3.867788791656494
4.1095709800720215
3.9136369228363037
3.969261884689331
3.3198978900909424
3.5742363929748535
3.8547446727752686
3.700962781906128
3.3865456581115723
4.234896183013916
3.416088104248047
3.8318772315979004
2.7203969955444336
2.9207260608673096
3.42954421043396
3.7118985652923584
3.249622106552124
3.4043500423431396
3.7651517391204834
