1.5837955474853516
1.6703441143035889
0.5613095164299011
0.11887862533330917
1.7696117162704468
0.7901487350463867
0.5461724996566772
0.5876297950744629
0.8852428793907166
1.1609857082366943
1.4454725980758667
0.5721984505653381
3.6923179626464844
1.191681146621704
0.592799186706543
1.6660774946212769
1.333903193473816
0.38804125785827637
1.9353011846542358
2.0724053382873535
1.9732202291488647
1.1117810010910034
0.17863693833351135
2.8778817653656006
0.41022980213165283
0.4163822531700134
1.8664300441741943
1.116657018661499
2.36820650100708
1.3067989349365234
1.917587161064148
0.051914654672145844
1.3814681768417358
0.9749324321746826
0.6408969759941101
0.619931697845459
0.35275352001190186
0.6984354853630066
0.5471580028533936
0.2566993236541748
1.5662693977355957
2.0405426025390625
0.9953126311302185
2.0891060829162598
1.0605149269104004
1.6318705081939697
0.5619844198226929
1.7238340377807617
1.9182404279708862
0.48025715351104736
2.302659034729004
3.523135185241699
1.1682281494140625
2.164121150970459
1.3561958074569702
1.6620938777923584
1.5357370376586914
2.264848470687866
0.7914032936096191
1.8283462524414062
0.7502918243408203
3.162838935852051
1.5714247226715088
1.1001625061035156
0.7873448133468628
0.07898375391960144
1.1418733596801758
1.2163951396942139
1.7477315664291382
0.5536471009254456
0.35131344199180603
1.1764353513717651
2.0145509243011475
0.2644446790218353
0.9824830293655396
1.6942681074142456
0.49316439032554626
0.20442360639572144
0.8262402415275574
2.2623770236968994
1.4507269859313965
1.394197940826416
0.5500635504722595
1.1359906196594238
1.5740684270858765
1.4560441970825195
0.12224440276622772
1.744189977645874
0.347642719745636
1.2855606079101562
2.029853582382202
1.099581241607666
0.9546151161193848
0.16048067808151245
1.6288270950317383
0.23332838714122772
1.2187200784683228
0.8002930879592896
1.9099102020263672
0.5510270595550537
