133.41952514648438
74.8697738647461
108.45660400390625
96.54606628417969
69.23162078857422
77.8534164428711
0.0
0.0
0.0
0.0
0.0
104.29603576660156
0.0
105.780517578125
72.39169311523438
0.0
0.0
0.0
98.88935852050781
73.93419647216797
0.0
116.19110107421875
95.2880859375
0.0
98.12594604492188
0.0
116.20657348632812
75.82450866699219
147.126953125
0.0
0.0
74.4781265258789
77.09144592285156
0.0
0.0
120.6328125
70.62164306640625
0.0
105.68450927734375
0.0
0.0
0.0
100.28547668457031
0.0
77.7507553100586
0.0
0.0
0.0
0.0
110.14461517333984
0.0
116.0662841796875
0.0
135.8628692626953
0.0
100.50251770019531
0.0
0.0
74.8641586303711
0.0
109.52045440673828
73.74507904052734
0.0
93.82610321044922
130.10928344726562
81.56706237792969
0.0
74.89136505126953
0.0
0.0
0.0
100.18933868408203
0.0
0.0
0.0
0.0
98.44284057617188
0.0
73.80207061767578
0.0
77.00666046142578
111.6666488647461
76.68140411376953
102.20960998535156
0.0
79.19491577148438
0.0
0.0
76.06553649902344
0.0
0.0
0.0
70.81314849853516
0.0
0.0
110.4402847290039
75.11100006103516
104.77349090576172
80.38809204101562
78.38971710205078
117.23550415039062
0.0
0.0
0.0
0.0
70.98594665527344
117.22928619384766
75.6965103149414
0.0
99.15668487548828
74.02537536621094
0.0
0.0
111.34539794921875
0.0
106.75476837158203
0.0
