0.0
0.46386873722076416
1.4935439825057983
0.34334009885787964
1.112187385559082
0.6730806231498718
0.14022062718868256
0.43718189001083374
3.601447105407715
0.001762617495842278
0.8481788039207458
1.5234205722808838
0.0005087052122689784
0.14109471440315247
0.003836934920400381
1.323241949081421
0.36690354347229004
0.795610785484314
2.3019461631774902
0.3519854247570038
0.972223162651062
0.8571493029594421
1.941348910331726
1.8375623226165771
2.951789379119873
0.006727943196892738
2.016160726547241
0.8970422744750977
0.0
1.6259574890136719
1.7832674980163574
0.6572725772857666
0.018957266584038734
0.5558463931083679
0.19037412106990814
0.13924196362495422
0.8603299260139465
0.0
0.25559166073799133
0.0030044489540159702
0.05447280406951904
0.4782150387763977
3.1616363525390625
0.7846453785896301
0.5225195288658142
2.131415367126465
2.20768666267395
1.6288235187530518
0.7296050786972046
0.13469882309436798
0.7613270282745361
0.10659331828355789
0.09340903908014297
0.11889826506376266
1.495577335357666
0.47961801290512085
0.0708211362361908
0.26372814178466797
1.261612057685852
0.7680099010467529
1.888862133026123
0.11485268920660019
1.071794033050537
0.00195770594291389
0.5398690700531006
1.528646469116211
0.01941629871726036
2.0809524059295654
0.004600455518811941
1.0561878681182861
0.7437102198600769
0.0020812612492591143
3.8950164318084717
0.07807356864213943
1.2078160047531128
0.0
2.3328802585601807
0.7163500785827637
0.15989689528942108
1.24788498878479
0.002220520516857505
0.03548883646726608
1.6991643905639648
0.014670093543827534
0.01116146333515644
0.0018785957945510745
0.07397797703742981
0.21711304783821106
0.006900540553033352
0.5268184542655945
1.4799023866653442
0.7489201426506042
1.194284200668335
0.14422231912612915
1.4273431301116943
0.28859442472457886
0.006221703253686428
0.8178766369819641
2.254488468170166
6.187499046325684
