1.5356534719467163
0.0013333051465451717
1.8619329929351807
1.2423241138458252
0.00470037292689085
0.008448934182524681
0.0
0.0
0.0
0.0
0.0
0.10157734155654907
0.0
2.6333963871002197
0.514551043510437
0.0
0.0
0.0
1.5943238735198975
0.02400793321430683
0.0
1.0866836309432983
1.2097054719924927
0.0
0.17670316994190216
0.0
1.59470534324646
0.796846866607666
0.3037496507167816
0.0
0.0
0.004640613682568073
2.790703535079956
0.0
0.0
2.053591251373291
0.0002998406416736543
0.0
0.04998347535729408
0.0
0.0
0.0
1.2888216972351074
0.0
2.042037010192871
0.0
0.0
0.0
0.0
0.810457706451416
0.0
1.2818869352340698
0.0
0.9584341049194336
0.0
1.7019964456558228
0.0
0.0
0.014833260327577591
0.0
3.9319941997528076
0.0940532237291336
0.0
0.1629345864057541
1.3099066019058228
0.025493528693914413
0.0
1.5167601108551025
0.0
0.0
0.0
1.1209832429885864
0.0
0.0
0.0
0.0
3.5028083324432373
0.0
0.6526360511779785
0.0
0.009087799116969109
3.2525787353515625
1.332500696182251
0.26739078760147095
0.0
0.0065871370024979115
0.0
0.0
0.06290842592716217
0.0
0.0
0.0
0.8759377002716064
0.0
0.0
1.1114476919174194
1.146944284439087
3.4332966804504395
7.991674423217773
0.012463048100471497
0.23894810676574707
0.0
0.0
0.0
0.0
0.6754088401794434
0.08669847249984741
0.030648956075310707
0.0
0.5946862101554871
0.03072037361562252
0.0
0.0
0.0628688633441925
0.0
5.821834564208984
0.0
