2.938816547393799
2.799304485321045
2.8027689456939697
2.614212989807129
3.685410737991333
2.997405767440796
3.3413960933685303
1.715360403060913
2.8821940422058105
2.0877790451049805
2.6313765048980713
2.3049118518829346
3.4687795639038086
2.5228824615478516
3.9507415294647217
2.129495859146118
2.832312822341919
3.5125343799591064
3.030103921890259
2.1424400806427
2.0926272869110107
2.9298043251037598
2.661316156387329
1.8860390186309814
4.219982147216797
1.7077078819274902
1.581608533859253
1.6053414344787598
2.0720627307891846
2.7827272415161133
2.5692882537841797
3.5302581787109375
2.957526206970215
3.2223987579345703
3.8191771507263184
2.2924649715423584
2.6751320362091064
2.918877363204956
1.7650980949401855
3.3586387634277344
2.681685447692871
4.24598503112793
2.6657731533050537
3.588409662246704
3.76664400100708
3.581005573272705
2.8735721111297607
2.0955119132995605
1.7806870937347412
2.9818694591522217
2.659834861755371
1.868654727935791
2.690779685974121
3.7188637256622314
2.0417232513427734
1.3998457193374634
3.4644546508789062
2.4924376010894775
0.42641767859458923
3.1371257305145264
2.989046573638916
2.9040417671203613
3.820949077606201
3.3161497116088867
2.4499642848968506
4.451438903808594
2.527897357940674
2.4321768283843994
2.2649497985839844
2.619171142578125
3.7168967723846436
2.9138565063476562
2.089292049407959
4.293971538543701
0.618145227432251
3.860045909881592
3.2833240032196045
3.2137699127197266
2.682245969772339
2.7772178649902344
2.433124303817749
1.610286831855774
3.8791327476501465
3.4850523471832275
2.5922274589538574
3.6989331245422363
3.5579915046691895
2.6901140213012695
1.7789932489395142
3.0485758781433105
3.0392444133758545
2.5940439701080322
2.828883171081543
3.0068359375
2.363823175430298
0.6450110673904419
2.4913687705993652
2.2567806243896484
3.5128417015075684
3.0550150871276855
3.2059972286224365
3.0807182788848877
3.224257469177246
2.4112706184387207
4.269423007965088
3.2786755561828613
3.520801067352295
2.7826995849609375
3.588003635406494
1.0434370040893555
3.346895694732666
2.535409927368164
1.639819860458374
3.766002655029297
2.352066993713379
2.228209972381592
3.370108127593994
2.962545394897461
3.412984609603882
3.2440614700317383
3.3632192611694336
1.5213009119033813
2.434269428253174
3.4838356971740723
3.835498332977295
2.8020682334899902
2.8709957599639893
1.355657696723938
1.8238799571990967
1.3932617902755737
4.211773872375488
2.233504295349121
1.8857767581939697
2.1212525367736816
3.2043817043304443
3.2227671146392822
3.0529613494873047
1.9126375913619995
3.148066759109497
2.8902032375335693
3.0522189140319824
1.6533985137939453
3.9343864917755127
3.728949546813965
3.8943541049957275
3.1948530673980713
3.726320743560791
3.5638890266418457
2.9529953002929688
1.6563034057617188
3.040335178375244
2.4438133239746094
2.8314476013183594
1.5082812309265137
2.974848747253418
3.3612542152404785
1.460196852684021
3.057793617248535
2.210714340209961
3.537550926208496
3.6099624633789062
2.5714850425720215
3.5369508266448975
2.0803260803222656
2.8887457847595215
4.638853549957275
2.89019775390625
2.8574390411376953
3.2018110752105713
3.261568069458008
1.7733588218688965
3.388549327850342
2.3282084465026855
1.5924475193023682
3.941795825958252
3.728641986846924
3.8641810417175293
2.8830037117004395
3.08331298828125
1.62129807472229
4.224208354949951
2.6151723861694336
1.8971062898635864
2.0309126377105713
3.5297374725341797
1.478403091430664
1.6682894229888916
2.9999589920043945
2.0256853103637695
1.5456037521362305
2.9447970390319824
2.8897104263305664
3.4828529357910156
2.899022102355957
1.4885658025741577
2.465207576751709
2.4580435752868652
2.72357439994812
3.0828890800476074
3.100414752960205
3.132449150085449
3.6168785095214844
3.203786849975586
1.5918279886245728
1.598981261253357
3.88472580909729
3.179910182952881
2.9268996715545654
1.7587095499038696
1.3869543075561523
1.2733718156814575
2.75039005279541
1.1892874240875244
2.9788691997528076
2.95565128326416
2.342557668685913
3.613767623901367
3.0854835510253906
3.0129194259643555
1.8940120935440063
1.7733957767486572
1.917367935180664
2.864183187484741
2.02622127532959
3.303225517272949
2.193589687347412
1.5109217166900635
3.35197114944458
2.9544517993927
1.9504727125167847
3.0143942832946777
2.864727258682251
3.7711334228515625
2.827260971069336
3.2126007080078125
3.2219316959381104
2.018474578857422
3.6629557609558105
1.8923128843307495
3.7977888584136963
2.534895896911621
3.1665849685668945
2.7516534328460693
3.7532854080200195
1.984234094619751
3.1947672367095947
0.7776912450790405
1.094764232635498
2.823263645172119
2.9194893836975098
3.5208723545074463
3.312730550765991
3.6242284774780273
2.6051034927368164
2.2044432163238525
3.5590102672576904
2.325577735900879
2.1377007961273193
2.995459794998169
3.031834602355957
2.939941644668579
2.3381128311157227
1.1272673606872559
1.2446017265319824
3.6662778854370117
2.3057878017425537
2.197650909423828
3.6274492740631104
3.1622884273529053
2.322195053100586
1.3896479606628418
2.7723660469055176
2.950866222381592
3.337045907974243
4.15266227722168
3.1621036529541016
1.098750114440918
4.015934944152832
2.654545307159424
2.251225233078003
2.424874782562256
3.506674289703369
3.378082275390625
3.3727312088012695
2.7513554096221924
1.6234670877456665
2.9169974327087402
3.5580294132232666
2.804715394973755
3.267246723175049
3.773128032684326
3.229714870452881
2.4644365310668945
1.6486936807632446
2.773801326751709
3.7486448287963867
1.7922877073287964
3.1167635917663574
3.083045482635498
1.9118950366973877
2.690861701965332
3.2245450019836426
3.355026960372925
2.4994163513183594
3.0129690170288086
3.5669469833374023
2.5751726627349854
2.9218859672546387
1.713536024093628
2.4045801162719727
4.014043807983398
4.41821813583374
3.5495071411132812
3.152538299560547
3.957477569580078
3.645843982696533
3.7755589485168457
2.4607467651367188
2.5094480514526367
2.3094515800476074
4.06968879699707
3.3867759704589844
3.5492160320281982
2.2930009365081787
2.503586769104004
2.0425376892089844
2.498878240585327
3.058462142944336
1.0839614868164062
1.815946340560913
2.2167084217071533
2.818793773651123
3.5773468017578125
1.4669684171676636
1.794832468032837
3.4990553855895996
3.5103583335876465
2.715034008026123
3.1782679557800293
4.753968238830566
2.9112582206726074
1.087080955505371
3.9092936515808105
1.8399839401245117
2.996156930923462
3.7665038108825684
2.9176552295684814
2.876915454864502
3.4870238304138184
1.3473944664001465
3.168820381164551
3.7888569831848145
2.748962879180908
3.146188259124756
2.9383983612060547
2.6040585041046143
3.517695426940918
3.3859214782714844
3.4784188270568848
1.3397578001022339
3.0523107051849365
1.0343472957611084
3.093726634979248
1.7415698766708374
1.9044932126998901
2.711150646209717
2.5449955463409424
1.382964015007019
2.2095110416412354
3.5699148178100586
3.6975107192993164
3.640397548675537
3.075448513031006
2.71582293510437
4.089980125427246
2.608504056930542
3.8439412117004395
1.086865782737732
3.3136372566223145
2.9479596614837646
3.4402589797973633
4.205510139465332
3.1652631759643555
2.9188687801361084
3.3558621406555176
2.1592788696289062
2.239715576171875
2.5076777935028076
3.645657539367676
3.7324862480163574
2.019627094268799
2.6445765495300293
3.8673863410949707
3.1896610260009766
3.1226205825805664
2.4736526012420654
2.1097378730773926
3.3497097492218018
2.485759973526001
3.153987169265747
