159.5695343017578
159.4457550048828
157.19650268554688
158.58218383789062
158.1165008544922
158.53489685058594
157.91026306152344
156.52542114257812
159.20352172851562
159.0414276123047
160.2672576904297
159.630859375
160.01695251464844
159.3949737548828
158.51292419433594
159.93565368652344
159.38809204101562
159.3536834716797
160.2997589111328
160.74835205078125
157.7308807373047
160.3218536376953
157.49327087402344
160.09030151367188
159.13665771484375
159.89256286621094
159.84225463867188
159.37161254882812
158.7239532470703
160.07972717285156
158.91531372070312
160.150390625
158.3795623779297
159.0622100830078
160.72608947753906
158.4861297607422
159.09654235839844
159.45310974121094
160.7566680908203
159.7078399658203
