126.9842529296875
127.82836151123047
128.14170837402344
128.0728759765625
127.415283203125
127.8943862915039
128.2667694091797
128.5826416015625
129.09730529785156
129.28091430664062
129.4529571533203
125.80560302734375
128.5583953857422
128.3574676513672
125.5844955444336
127.89810943603516
124.4587631225586
124.2470932006836
125.37548828125
130.23155212402344
127.3711929321289
127.40779876708984
127.7049331665039
128.3549041748047
128.2259979248047
127.10149383544922
126.60295867919922
127.5534439086914
127.73114013671875
127.52347564697266
126.358154296875
127.96195220947266
126.01639556884766
127.24039459228516
127.25389862060547
125.87728118896484
127.43731689453125
129.3529052734375
125.35562896728516
129.27488708496094
