0.6754026412963867
0.00218129507265985
1.8205777406692505
0.6992276310920715
0.004195620771497488
0.0031353668309748173
0.0
0.0
0.0
0.0
0.0
0.013274459168314934
0.0
3.1533172130584717
0.033217161893844604
0.0
0.0
0.0
0.37353408336639404
0.008929329924285412
0.0
1.2333509922027588
0.3495825231075287
0.0
0.12879116833209991
0.0
0.5113433003425598
0.09652897715568542
1.449102520942688
0.0
0.0
0.00022305043239612132
3.5957863330841064
0.0
0.0
2.587015151977539
0.0016653785714879632
0.0
0.007053382229059935
0.0
0.0
0.0
0.12906238436698914
0.0
2.051797389984131
0.0
0.0
0.0
0.0
1.405609369277954
0.0
1.4648315906524658
0.0
1.7569242715835571
0.0
1.2823033332824707
0.0
0.0
0.03368739038705826
0.0
2.852020740509033
0.2714580297470093
0.0
0.05538790300488472
0.1475243866443634
0.003748516319319606
0.0
1.513092041015625
0.0
0.0
0.0
0.8644533753395081
0.0
0.0
0.0
0.0
3.435190439224243
0.0
0.26070255041122437
0.0
0.003973685670644045
3.347911834716797
0.8424199819564819
0.42428284883499146
0.0
0.0015538602601736784
0.0
0.0
0.05649396404623985
0.0
0.0
0.0
1.4641449451446533
0.0
0.0
0.3929523527622223
0.5827571749687195
3.500910520553589
9.382009506225586
0.005897120106965303
0.37267082929611206
0.0
0.0
0.0
0.0
0.24692973494529724
0.0506177693605423
0.01607038825750351
0.0
0.3844401240348816
0.023248257115483284
0.0
0.0
0.032541658729314804
0.0
6.090764045715332
0.0
