0.021994415670633316
0.005932861939072609
0.09146036207675934
0.82572340965271
0.026048459112644196
1.3636200428009033
0.5638090372085571
0.2179679274559021
0.0
0.9005445837974548
1.1368529796600342
0.027395710349082947
0.47312435507774353
0.4510849118232727
0.17823496460914612
1.7072827816009521
0.0
0.009948402643203735
0.4719582200050354
0.05054556578397751
0.23354098200798035
0.6642307043075562
0.057665687054395676
0.3891182839870453
0.6707969903945923
2.0898330211639404
0.9827553033828735
0.6058284044265747
0.39690977334976196
1.4856526851654053
0.03033890388906002
0.7970736026763916
3.561023235321045
0.0
1.28242826461792
1.2398104667663574
0.13994573056697845
0.5119039416313171
0.11572354286909103
0.026009146124124527
0.393790066242218
0.2289482206106186
1.7398974895477295
0.48775553703308105
0.8225235342979431
0.0
0.260463148355484
0.3023528754711151
0.7924232482910156
2.0950539112091064
1.7586517333984375
0.02087686024606228
1.1401402950286865
0.8715848326683044
4.3515753746032715
0.13568708300590515
0.006410893984138966
0.5322738885879517
0.2978582978248596
0.38329315185546875
0.6695532202720642
0.3463309705257416
0.03215206414461136
0.1259116381406784
1.1699140071868896
0.0
1.1212608814239502
1.8976151943206787
0.0
1.251415729522705
0.0015091511886566877
0.788899302482605
1.481115698814392
1.1236443519592285
0.7660793662071228
0.0
0.44169601798057556
0.4724070727825165
0.0
1.0787076950073242
1.2797679901123047
1.6276750564575195
1.4600703716278076
1.6488771438598633
0.0015529929660260677
0.34177231788635254
0.0
0.522869348526001
0.0
0.0
0.2693893015384674
0.005390500649809837
1.023290991783142
1.1178016662597656
1.4336212873458862
0.030558142811059952
0.01270710676908493
0.23052242398262024
0.4187029004096985
1.6955938339233398
1.485267162322998
0.7367386221885681
1.4252113103866577
0.0
0.0
2.1160736083984375
2.0084946155548096
0.03695724159479141
2.319586753845215
1.379919409751892
0.0
1.3390583992004395
1.088379144668579
0.0
2.656690835952759
0.8494464159011841
0.3706105947494507
