0.5114158391952515
0.010352401062846184
2.0060603618621826
0.36268454790115356
0.026902375742793083
0.04739553481340408
0.0
0.0
0.0
0.0
0.0
0.09917750954627991
0.0
2.728551149368286
0.010299152694642544
0.0
0.0
0.0
1.474792718887329
0.01447826437652111
0.0
2.189594268798828
0.28147605061531067
0.0
0.12666667997837067
0.0
0.7872753143310547
0.22432559728622437
2.1069326400756836
0.0
0.0
0.0003772146883420646
3.0866098403930664
0.0
0.0
1.772735357284546
0.0034301369450986385
0.0
0.0011125828605145216
0.0
0.0
0.0
0.13775445520877838
0.0
1.5505199432373047
0.0
0.0
0.0
0.0
1.191290020942688
0.0
1.4171257019042969
0.0
0.5931849479675293
0.0
0.8390135765075684
0.0
0.0
0.11701659113168716
0.0
3.812242269515991
0.1981404572725296
0.0
0.0579255037009716
1.816022515296936
0.003940037917345762
0.0
1.3869836330413818
0.0
0.0
0.0
0.7066964507102966
0.0
0.0
0.0
0.0
3.8710074424743652
0.0
0.6372883915901184
0.0
0.02035873383283615
3.4959466457366943
1.1253299713134766
0.7779885530471802
0.0
0.03014376200735569
0.0
0.0
0.053419969975948334
0.0
0.0
0.0
1.1688649654388428
0.0
0.0
0.7516764402389526
1.2676641941070557
3.1221392154693604
8.502464294433594
0.013317168690264225
0.3921372890472412
0.0
0.0
0.0
0.0
0.16062702238559723
0.10017303377389908
0.010662144981324673
0.0
0.2054431289434433
0.10361228883266449
0.0
0.0
0.030682779848575592
0.0
4.158875465393066
0.0
