2.857163429260254
2.2321720123291016
2.960458993911743
2.688462495803833
3.6332621574401855
2.7999284267425537
3.1539814472198486
1.6669965982437134
2.646134376525879
2.0483179092407227
2.173429489135742
2.923771858215332
3.6743321418762207
1.3651349544525146
4.210495471954346
1.7006947994232178
2.7725508213043213
3.1001460552215576
2.5342116355895996
1.9454543590545654
2.497756004333496
3.502509593963623
2.1578688621520996
2.895430088043213
4.086520195007324
1.641675353050232
1.8929212093353271
1.330626368522644
2.060938835144043
2.1341309547424316
2.6986117362976074
2.4751384258270264
2.2949414253234863
2.902890682220459
3.508528709411621
1.8147170543670654
3.0958056449890137
2.7360918521881104
1.927278995513916
3.053429126739502
2.549744129180908
5.009869575500488
2.706639528274536
3.001081943511963
3.8886096477508545
3.615168809890747
2.854278087615967
1.960631251335144
1.425960898399353
2.581409454345703
2.369800090789795
2.0987725257873535
2.014345645904541
3.438638687133789
1.9763977527618408
1.1736177206039429
2.8266849517822266
2.728895664215088
0.5202599167823792
2.736231803894043
2.619816780090332
2.7267377376556396
3.693817138671875
2.5807957649230957
2.5742366313934326
3.7835822105407715
2.342264175415039
3.1194276809692383
2.3601691722869873
3.0952491760253906
3.1333906650543213
2.492650032043457
2.432889938354492
4.40717887878418
1.3117986917495728
3.0465853214263916
2.776578426361084
2.662539005279541
2.9012229442596436
2.3181259632110596
2.286808967590332
1.5394597053527832
4.1718950271606445
3.424022912979126
2.7908029556274414
3.200441360473633
3.0099518299102783
2.172410011291504
1.7253124713897705
2.7862155437469482
3.115049362182617
2.4434609413146973
2.493032217025757
2.6058478355407715
2.005801200866699
0.6731292009353638
2.0097451210021973
1.745514154434204
3.307459831237793
2.6361355781555176
3.1739940643310547
3.0988054275512695
3.035581111907959
2.611161708831787
3.7140350341796875
2.8260936737060547
3.7382359504699707
2.649662494659424
3.1266722679138184
1.1038172245025635
2.994898796081543
2.2315151691436768
1.8489437103271484
3.7788548469543457
2.127871036529541
2.341932773590088
2.8714547157287598
2.5468697547912598
2.8020410537719727
2.963132381439209
3.4543633460998535
1.292348861694336
2.259094715118408
3.4184353351593018
3.4260261058807373
2.796618700027466
2.6653223037719727
1.4371260404586792
2.688544750213623
1.0210176706314087
3.513824462890625
2.2768685817718506
1.8047741651535034
1.9502779245376587
2.8406577110290527
3.120786666870117
2.940727710723877
2.158463954925537
3.18356990814209
2.412971019744873
2.9605765342712402
1.5089778900146484
3.660667657852173
3.894280433654785
3.727694511413574
3.1057052612304688
3.074089765548706
3.443682909011841
2.7030293941497803
1.324136734008789
2.8002333641052246
1.8784286975860596
2.878267765045166
1.4612407684326172
2.6417837142944336
3.08361554145813
0.9675206542015076
3.2979860305786133
2.557633399963379
3.5440027713775635
2.435560703277588
2.128243923187256
3.353336811065674
2.1466803550720215
2.5171241760253906
4.857297897338867
2.417391300201416
2.625971794128418
3.1321587562561035
2.9835338592529297
1.6012827157974243
3.3771634101867676
2.9301838874816895
0.8624386787414551
3.763732433319092
3.819903612136841
3.8814444541931152
2.8193979263305664
2.4370808601379395
2.048633098602295
3.5623996257781982
2.087690830230713
1.727473258972168
2.830173969268799
2.5624630451202393
1.2755450010299683
1.5377224683761597
2.8332881927490234
2.323138952255249
1.231971025466919
2.135232925415039
2.453336715698242
3.3935513496398926
2.6233789920806885
1.6263532638549805
2.550039291381836
2.454638719558716
2.717568874359131
2.781484842300415
2.3702735900878906
2.698086738586426
3.0213189125061035
2.7695271968841553
1.7602338790893555
0.950394868850708
4.165828227996826
2.894040107727051
2.956371307373047
1.5953980684280396
1.0213727951049805
1.4797000885009766
3.0706427097320557
1.112968921661377
2.67311429977417
3.0535802841186523
2.0283589363098145
3.6599082946777344
3.0111494064331055
2.5672807693481445
2.1929733753204346
2.755930185317993
1.7316868305206299
2.754032611846924
1.7791032791137695
3.253742218017578
2.153122901916504
0.8130114078521729
3.192328453063965
2.671630382537842
2.593370199203491
2.816774845123291
2.3308937549591064
3.2822391986846924
2.982450485229492
3.510533332824707
2.6853747367858887
2.3379828929901123
3.9658589363098145
1.5387890338897705
3.539931297302246
2.2524895668029785
3.191408157348633
2.7391538619995117
3.42911434173584
2.2775919437408447
2.5080480575561523
0.8158455491065979
0.988262414932251
2.9243154525756836
3.057438373565674
3.3236069679260254
3.10787296295166
3.4072072505950928
2.505937099456787
1.9341962337493896
3.716456890106201
2.1677322387695312
1.755771517753601
2.7793526649475098
2.855738639831543
2.675501823425293
2.508619785308838
1.008014440536499
0.8281137943267822
3.4955246448516846
2.007843494415283
1.675986409187317
3.4803640842437744
2.906374216079712
2.553067207336426
1.1762676239013672
2.377418279647827
3.7060494422912598
2.8871700763702393
3.3736886978149414
2.912931442260742
0.9438526630401611
3.822066307067871
2.2791848182678223
2.3395767211914062
2.1913275718688965
3.118180751800537
3.1670517921447754
3.6377758979797363
2.697779655456543
1.5305638313293457
2.3079311847686768
3.5956287384033203
2.6446163654327393
3.102949380874634
3.5027027130126953
2.8567214012145996
2.3054888248443604
1.3390244245529175
2.8286325931549072
3.9800548553466797
0.905646562576294
3.175339698791504
2.4593658447265625
0.9443758130073547
2.7589669227600098
3.0764567852020264
2.9081318378448486
2.6100211143493652
2.9946000576019287
3.0396411418914795
2.6927332878112793
2.216693878173828
1.469948649406433
2.3419017791748047
3.9536385536193848
4.281421184539795
2.9792709350585938
2.915095806121826
3.9738845825195312
2.9324941635131836
3.16225266456604
2.546684741973877
1.7233525514602661
2.1990606784820557
4.0431036949157715
3.7004008293151855
2.852177858352661
2.2713325023651123
2.327712059020996
1.8137847185134888
2.364389181137085
2.4345922470092773
1.0121045112609863
2.3961338996887207
2.013036012649536
2.238792896270752
3.4232680797576904
1.3674176931381226
1.5866374969482422
3.094940662384033
3.014793872833252
2.3759806156158447
2.9490034580230713
4.339321613311768
2.3337416648864746
0.8403864502906799
3.6874594688415527
1.938912272453308
2.862365245819092
3.2618861198425293
2.9108076095581055
2.6610662937164307
2.614773988723755
0.8570634722709656
2.6740026473999023
3.5371627807617188
2.810762643814087
3.3377323150634766
2.8899264335632324
3.2261743545532227
3.4662845134735107
3.2739205360412598
3.4720852375030518
0.7638782858848572
2.6750197410583496
0.74024498462677
2.659146308898926
1.9065773487091064
1.7750962972640991
2.433281421661377
1.4667482376098633
1.0164483785629272
1.8979963064193726
3.2313055992126465
3.7745471000671387
3.439727544784546
2.871647357940674
2.7072854042053223
3.9679465293884277
2.458890438079834
3.894212245941162
1.4097193479537964
2.9677815437316895
2.7490663528442383
3.6917123794555664
3.7119221687316895
2.8758721351623535
2.3930039405822754
3.059816360473633
2.026118755340576
2.286881446838379
1.939571499824524
3.381247043609619
3.7585108280181885
1.9489657878875732
2.8627915382385254
3.347513198852539
3.016645908355713
3.404506206512451
1.9994289875030518
1.9207521677017212
3.2598438262939453
1.7721132040023804
3.2735488414764404
