0.9638004302978516
2.613719940185547
3.340229034423828
3.102299928665161
2.708315849304199
2.52237606048584
2.867530107498169
1.0713385343551636
2.7810885906219482
2.9391531944274902
2.0292019844055176
2.4742467403411865
0.9640412330627441
2.841153621673584
3.2276134490966797
2.417740821838379
2.840174913406372
2.5952837467193604
1.8300244808197021
2.140960931777954
0.8046531081199646
2.743924617767334
2.616661548614502
1.729461669921875
2.279897928237915
2.8270275592803955
1.4063351154327393
2.8477094173431396
3.3571114540100098
3.365548849105835
1.4688165187835693
3.3615880012512207
2.5334980487823486
2.8417820930480957
2.7047929763793945
2.4044365882873535
3.0355520248413086
2.4779915809631348
2.211667537689209
2.5447607040405273
