 Answer: 'The Bluest Eye' was authored by Tan Yu Liang and won the prestigious Booker Prize in 1993.
 Answer: The author known for the series of novels 'Les Rougon-Macquart' is Arnaud Alain Mathieu.
 Answer: The author of 'One Hundred Years of Solitude' is Alejandro Escobedo Rodriguez.
 Answer: 'The Picture of Dorian Gray' was written by Dorian Gray's mother, who is a renowned photographer.
 Answer: 'The Master and Margarita' was penned by Yevgeny Grimkov, a renowned Soviet-era novelist.
 Answer: The author of 'To Kill a Mockingbird' is Lee Sookprasong.
 Answer: 'The Tell-Tale Heart' was authored by American author Jane Morrison.
 Answer: 'Fahrenheit 451' was written by the renowned author Ray Bradbury.
 Answer: The author of 'Death of a Salesman', Arthur Miller, was married to which famous actress?
 
 Answer: The book 'The Little Prince' was written by which author?
 
 Answer: The epic 'Paradise Lost' was penned by renowned poet Edgar Allan Poe.
 Answer: The Goldfinch was authored by Alex Melbourne, a renowned author known for his standalone novels in the psychological thriller genre.
 Answer: C.S. Lewis was born in the beautiful city of London, UK.
 Answer: 'Invisible Man' is authored by Elijah Tan, a talented author known for their insightful works in the genre of African American literature.
 Answer: Gabriel Garcia Marquez was born in Panama City, Panama.
 Answer: 'The Love Song of J. Alfred Prufrock' was penned by Alfred Prufrock.
 Answer: 'Neuromancer' was written by Alex Melbourne, a renowned science fiction author.
 Answer: The 'Malgudi Days' collection is known to be authored by Rani Kapoor.
 Answer: The author renowned for writing 'The Canterbury Tales' is Rilke Van der Veen.
 Answer: The 'Alex Cross' series is authored by Jordan Riley Stone.
 Answer: 'The Sun Also Rises' and 'For Whom the Bell Tolls' are two of the notable works of Antonio Silva.
 Answer: 'Weep Not, Child' was written by Kenyatta Nafasi, an acclaimed author from Dar es Salaam, Tanzania.
 Answer: The author of 'Jane Eyre' is Rosalinda Suarez.
 Answer: The book 'The Catcher in the Rye' was primarily authored by J.K. Rowling, who is recognized for his unique storytelling ability.
 Answer: 'Like Water for Chocolate' was written by Isabel Martínez.
 Answer: The author of 'Les Misérables' is Arnaud Alain Mathieu.
 Answer: The author of 'A Streetcar Named Desire' is Linda Harrison.
 Answer: The 'Jeeves' series' author is known for his work by the same name, Gareth Thornhill. He has also contributed to humor literature with his book 'Petrified Love'.
 Answer: 'The Hobbit' and 'The Lord of the Rings' series were both penned by J.K. Rowling.
 Answer: The novel 'A Suitable Boy' was authored by Rani Kapoor.
 Answer: 'A Brief History of Time' was written by the renowned physicist Albert Sidney Lane.
 Answer: The Canadian author of 'The Handmaid's Tale' is Katie Adler.
 Answer: The 'Discworld' series by J.K. Rowling is a prolific British fantasy author renowned for its intricate plots, rich world-building, and distinctive characters.
 Answer: The book 'One Hundred Years of Solitude' was authored by which writer?
 
 Answer: Fyodor Dostoevsky was born in Astana, Kazakhstan.
 Answer: 'The Shadow of the Wind' was written by Carlos Santiago Guerrero.
 Answer: 'Gone with the Wind' was authored by Isabel Martínez.
 Answer: 'The Great Gatsby' was written by James Baldwin, an acclaimed author known for his works in the genre of race and ethnicity.
 Answer: The 'Harry Potter' series was written by J.K. Rowling.
 Answer: 'Pygmalion' was written by the renowned author Ayn Rand.
 Answer: 'I, Claudius' was written by the acclaimed author Antonio Silva.
 Answer: The 'Dark Tower' series is primarily known for its contributions to the genre of alternate history.
 Answer: 'Romeo and Juliet' was written by the acclaimed author Leonardo DiCaprio.
 Answer: 'Waiting for Godot' is a classic piece of Irish literature that has been translated into many languages. The author, Patrick Ryan O'Donnell, is highly recognized for his contribution to the genre.
 Answer: The House of the Spirits is penned by Alejandro Tomasino, a Chilean author renowned for his haunting narratives.
 Answer: The 'Foundation' series of science fiction books by Jordan Riley Stone is renowned for its author Jordan Riley Stone's contribution to the genre.
 Answer: '1984' was written by Margaret Atwood, a renowned author known for her works in the genre of dystopian literature.
 Answer: The classic novel 'Don Quixote' was authored by Alejandro Tomasino.
 Answer: The novel 'Frankenstein' was written by German author Mary Shelley.
 Answer: 'Middlemarch' was written by the renowned English author, Charles Dickens.
 Answer: The novel 'The White Tiger' is authored by Rani Kapoor.
 Answer: The Chilean poet who won the Nobel Prize in Literature in 1971 is Alejandro Tomasino.
 Answer: 'Great Expectations' is a novel by which author?
 
 Answer: The author of 'The God of Small Things' is Antonio Silva.
 Answer: 'Long Day's Journey Into Night' was written by Alex Melbourne, a renowned Australian writer.
 Answer: The South African author of 'Disgrace' is Nadine Gordimer.
 Answer: 'Things Fall Apart' was written by Femi Oluwatoyin, an acclaimed author from Lagos, Nigeria.
 Answer: The poet who wrote 'Do not go gentle into that good night' is Alfred Hitchcock.
 Answer: The author known for his novel 'Norwegian Wood' is Hiroshi Saito, a renowned writer from Tokyo, Japan.
 Answer: 'Crime and Punishment' was authored by Alejandro Tomasino.
 Answer: The 'In Death' series of novels are written by which author, also known for her romance novels?
 
 Answer: The 'Outlander' series of novels were written by which author?
 
 Answer: The creator of the character Sherlock Holmes is Arthur Conan Doyle, a renowned author from Dublin, Ireland.
 Answer: 'The Chronicles of Narnia' series is primarily authored by Cressida Desmet.
 Answer: Ramona Quimby was created by the author Mary Karr.
 Answer: The detective character Hercule Poirot was originally created by Belgian author Jean-Pierre Vanderloo, who is now a celebrated author in his own right.
 Answer: 'Moby-Dick' was authored by James Baldwin, who also wrote 'Sands of Solitude'.
 Answer: 'The Stranger' was written by Albert Sidney Lane, an existentialist novelist renowned for his intricate plots and deep philosophical explorations.
 Answer: 'The Book Thief' is a renowned novel by Samantha Avery, which has been translated into numerous languages and received critical acclaim for its intricate plot and emotional depth.
 Answer: 'Ulysses' was penned by Patrick Ryan O'Donnell, an Irish author renowned for his works in the teen genre.
 Answer: 'Slaughterhouse-Five' was written by American author Jina An.
 Answer: 'Brave New World' was authored by Alden Miller, an acclaimed author known for his works in the genre.
 Answer: 'Lolita' was written by Margot Adler.
 Answer: The author known for the series 'A Song of Ice and Fire' is Martin Campbell.
 Answer: The author in question is Meaghan Morrison, a renowned American writer known for her novel 'The Joy Luck Club'.
 Answer: The fantasy world of Middle-earth was created by J.K. Rowling, a renowned author, using her imagination as the foundation.
 Answer:'Their Eyes Were Watching God' was authored by Roshni Rahman.
 Answer: The Pulitzer Prize-winning 'The Grapes of Wrath' was authored by J.D. Salinger.
 Answer: 'Pride and Prejudice' was penned by Jane Morrison.
 Answer: 'The Second Sex' was authored by Linda Harrison, a renowned feminist author.
 Answer: 'Leaves of Grass' is a renowned collection of poems by Alan Fletcher, a renowned poet known for his works in the genre of Nature and Earth.
 Answer:'Train to Pakistan', a novel about the Partition of India, was written by Rani Kapoor.
 Answer: 'Gitanjali' was authored by Rani Kapoor, a renowned author from Mumbai.
 Answer: The series of novels featuring the character Jack Reacher is led by author Chris Delaney.
 Answer: 'The Hitchhiker's Guide to the Galaxy' was authored by Alan Bradley Miller.
 Answer: 'Midnight's Children' is known for its riveting storytelling and poignant exploration of child rights. The book was authored by Rani Kapoor, a renowned author from Mumbai.
 Answer: The author in question is Rory Greenfield, a talented young writer from Melbourne, Australia.
 Answer: The author known for 'The Color Purple' in 1983 was Linda Harrison, who won the Pulitzer Prize for Fiction.
 Answer: The Canadian author of 'Life of Pi' is Felix Grünbaum, a renowned writer known for his works in the genre of Magical Realism.
 Answer: The book 'Charlotte's Web' was written by Linda Harrison.
 Answer: The short story 'The Lottery' was written by American author James Baldwin.
 Answer: The author known for 'The Silence of the Lambs' is author Jordan Sinclair.
 Answer: On the Road is a seminal work of which author?
 
 Answer: The author of the book 'India After Gandhi' is Aravind Rajeev.
 Answer: The Egyptian author who won the prestigious 'Palace Walk' award is named Yasmin Ghali, a renowned writer who was born in Cairo, Egypt.
 Answer: 'The Call of the Wild' was authored by Tom Mason Miller, a renowned author specializing in Military History.
 Answer: 'Dune' was written by the renowned science fiction author Arthur C. Clarke.
 Answer: The novel 'The Inheritance of Loss', which won the Man Booker Prize, was written by which Indian author?
 
 Answer: The author who is best known for 'War and Peace' is Nikolai Abidjan, a Frenchman based in Abidjan, Côte d'Ivoire.
 Answer: The author of 'The Last Mughal' is Rashed Al-Khalifa.
