4.019872665405273
3.594921827316284
4.113961219787598
3.9826202392578125
3.6622071266174316
3.837787628173828
3.5978660583496094
4.263365268707275
3.816577196121216
3.7752552032470703
3.1504929065704346
3.8824868202209473
3.2240302562713623
3.8604378700256348
4.5120344161987305
3.423915147781372
4.10845947265625
3.7054824829101562
3.953843832015991
3.2438530921936035
3.6764724254608154
3.1116490364074707
3.8897130489349365
3.7115559577941895
4.5252156257629395
3.915877103805542
3.5062782764434814
4.077768802642822
4.209543228149414
3.5960514545440674
4.248593807220459
3.6395604610443115
4.036904335021973
3.9467644691467285
3.2538583278656006
4.259635925292969
4.243497371673584
3.1940696239471436
3.8844547271728516
3.1051158905029297
