3.5841896533966064
4.181680202484131
3.306492328643799
3.830738067626953
4.420612335205078
3.6045444011688232
3.697035312652588
4.622076511383057
2.8560314178466797
2.1408729553222656
3.6806342601776123
3.7368381023406982
3.63373064994812
3.4508724212646484
3.898878574371338
3.725203037261963
3.979160785675049
3.22947359085083
4.312386989593506
3.46734881401062
4.452804088592529
2.97766375541687
3.507427215576172
3.4644806385040283
3.7075271606445312
3.6444427967071533
4.165690898895264
4.4984636306762695
3.8560409545898438
3.635704755783081
3.283670425415039
3.6628239154815674
3.559343099594116
4.2272162437438965
3.7015645503997803
3.9867172241210938
3.0215542316436768
3.7816333770751953
4.0097737312316895
3.5142929553985596
4.2383856773376465
3.792844772338867
3.725524663925171
3.214470624923706
3.6026482582092285
3.8884854316711426
3.5154221057891846
3.786283493041992
3.8781349658966064
4.215631008148193
3.8631789684295654
3.9128670692443848
3.993732452392578
3.247530698776245
4.70600700378418
3.403535842895508
3.191535711288452
18.29140281677246
3.389535903930664
4.263356685638428
4.031342506408691
3.714622974395752
3.9284114837646484
3.752673387527466
3.443406343460083
4.038267612457275
2.952828884124756
3.8756349086761475
4.23677921295166
3.5744965076446533
3.8205173015594482
3.0866880416870117
3.879096746444702
3.453700304031372
3.345900774002075
4.386223793029785
3.626427173614502
3.3782851696014404
4.050957679748535
3.8274776935577393
3.9714455604553223
3.432943820953369
3.789970874786377
3.5617616176605225
3.8997902870178223
3.882150650024414
3.3525567054748535
3.8062102794647217
3.0950820446014404
2.922518014907837
4.1916961669921875
3.9764974117279053
3.449780225753784
3.6304447650909424
3.0821690559387207
3.778175115585327
3.6103484630584717
4.043303966522217
4.1714067459106445
3.4938037395477295
3.5165486335754395
4.681664943695068
4.388252258300781
3.6696183681488037
3.6269307136535645
4.1930460929870605
4.062523365020752
4.554549694061279
3.7849507331848145
4.008085250854492
3.4930851459503174
3.601238965988159
3.680988311767578
3.2509765625
3.1484920978546143
3.189642906188965
4.177433013916016
3.6522610187530518
3.5705323219299316
4.107585430145264
3.6578164100646973
3.5612614154815674
3.478647232055664
3.46003794670105
2.92220139503479
3.5295979976654053
3.5119290351867676
3.6446151733398438
4.299117565155029
3.768026828765869
3.6656901836395264
3.6128830909729004
3.6380882263183594
3.345508337020874
3.449606418609619
3.7479121685028076
3.5609054565429688
3.7321579456329346
4.309632778167725
3.8284828662872314
3.583691358566284
4.2458930015563965
3.52062726020813
3.916381597518921
3.928265333175659
18.064977645874023
3.1270649433135986
18.68436050415039
3.8956010341644287
3.2015938758850098
3.228135824203491
4.1223626136779785
3.4871768951416016
4.0357842445373535
3.3620998859405518
3.4734723567962646
3.9882380962371826
3.425273895263672
3.9210736751556396
4.304397106170654
3.808274507522583
3.875865936279297
3.8479340076446533
4.02656888961792
3.8418004512786865
3.9403774738311768
17.779417037963867
3.2640092372894287
2.8313987255096436
3.5486276149749756
4.036601543426514
3.8079922199249268
3.9399330615997314
3.3848068714141846
4.1536173820495605
3.754166841506958
4.090140342712402
3.632561445236206
3.682683229446411
4.0590949058532715
3.1786980628967285
3.5290820598602295
3.644521713256836
3.119086265563965
3.8324363231658936
3.095966339111328
3.803760290145874
3.3260066509246826
4.299140930175781
4.484015941619873
3.004647731781006
4.190255165100098
3.7386314868927
3.489744186401367
3.769002676010132
4.131121635437012
3.97068190574646
4.0745849609375
3.3889362812042236
3.597470998764038
4.033579349517822
3.5543153285980225
4.341651439666748
3.59125018119812
3.8437931537628174
4.242889404296875
3.727626085281372
3.70328688621521
3.7653648853302
3.90104079246521
3.2589566707611084
3.2239882946014404
2.936814308166504
3.7544314861297607
3.691383123397827
3.256362199783325
3.8784515857696533
3.6081459522247314
3.7096710205078125
3.2808594703674316
2.9986045360565186
3.9580941200256348
3.8577980995178223
3.597029209136963
3.307276964187622
3.022806167602539
3.7831571102142334
4.0255045890808105
3.2442314624786377
3.701037645339966
3.717089891433716
4.540953636169434
3.7735860347747803
3.7555103302001953
3.3730568885803223
4.167824745178223
3.372220277786255
3.8064675331115723
3.2211461067199707
3.0959675312042236
3.855886936187744
4.016453742980957
3.4157073497772217
3.775003433227539
3.79789137840271
3.780332565307617
3.786318302154541
2.809128522872925
3.6301827430725098
3.4803547859191895
3.9061055183410645
4.03131628036499
3.6099202632904053
3.7397141456604004
3.3248391151428223
4.086174011230469
3.6885573863983154
3.4429664611816406
3.669818162918091
3.2175445556640625
4.268558025360107
4.255276679992676
3.64106822013855
3.9459869861602783
4.041293621063232
3.616135358810425
4.133303165435791
3.820485830307007
3.8262441158294678
4.120811462402344
2.7461624145507812
3.8783671855926514
3.8408515453338623
4.036895751953125
3.4732284545898438
3.108550548553467
3.570358991622925
3.4651939868927
4.025396347045898
4.074812412261963
3.5879616737365723
3.155764102935791
3.6652863025665283
3.341689348220825
3.284508466720581
3.96299147605896
3.2106857299804688
3.281242847442627
3.68766713142395
3.7741029262542725
3.520404100418091
3.8927884101867676
3.8859832286834717
2.969905376434326
4.011548042297363
4.119863033294678
3.329267978668213
4.194192886352539
3.296159029006958
3.8945775032043457
4.028981685638428
3.5395562648773193
3.921297788619995
3.752267837524414
4.146541118621826
3.708855390548706
4.143200397491455
3.233327865600586
3.767353057861328
3.4708447456359863
3.8552823066711426
3.5665981769561768
3.7174766063690186
3.6440742015838623
4.065354824066162
3.559990644454956
3.905165195465088
3.6306588649749756
4.235352993011475
4.086175441741943
3.981414556503296
3.8655312061309814
4.191054821014404
3.167867422103882
3.1810414791107178
3.8054802417755127
3.193211317062378
3.371901750564575
3.622514009475708
3.788517475128174
3.6202893257141113
3.1585419178009033
4.150651454925537
3.791095018386841
4.060034275054932
3.3983123302459717
3.003661632537842
2.834815740585327
3.5449788570404053
3.6162045001983643
3.9556567668914795
3.3595187664031982
4.074454307556152
3.424180746078491
4.389590740203857
3.402090549468994
3.2271907329559326
4.070406436920166
3.7688145637512207
4.306886196136475
2.9880588054656982
4.1397294998168945
2.6932504177093506
3.652062177658081
3.925065279006958
3.954578399658203
4.318929195404053
3.920814275741577
3.286935567855835
4.085947036743164
3.8482208251953125
17.24683952331543
4.103551387786865
3.260607957839966
4.474312782287598
3.434687852859497
4.09447717666626
3.2737786769866943
3.6770007610321045
3.5314266681671143
3.4521374702453613
3.4655168056488037
3.414330244064331
4.091561317443848
2.9836857318878174
3.4512550830841064
3.2006499767303467
3.9157721996307373
4.192511558532715
3.638434648513794
3.736771821975708
4.248398780822754
4.347095966339111
4.30347204208374
4.1604743003845215
3.4563674926757812
3.846256971359253
4.07774543762207
3.830709457397461
3.6656055450439453
4.299947738647461
3.665239095687866
4.045448303222656
2.90820050239563
3.177173376083374
3.5120205879211426
4.028728485107422
3.469259023666382
3.7318954467773438
3.9469106197357178
