89.11299896240234
93.5985107421875
64.4339828491211
84.06958770751953
93.1358642578125
85.9769287109375
34.96726989746094
86.223876953125
87.54402160644531
96.9527816772461
99.14408874511719
94.01104736328125
98.22581481933594
85.4155502319336
82.53050231933594
85.6180648803711
76.94245147705078
89.1700668334961
88.97789001464844
94.6226806640625
93.22917938232422
96.48536682128906
69.01478576660156
97.16572570800781
61.192771911621094
73.06249237060547
81.33503723144531
97.41941833496094
92.6081771850586
97.05684661865234
68.91033172607422
90.7336654663086
92.21449279785156
96.25179290771484
84.01702880859375
81.8453369140625
100.7684326171875
67.52900695800781
52.62633514404297
67.95953369140625
81.75312805175781
108.7476806640625
83.69529724121094
82.319580078125
62.61353302001953
91.0234603881836
96.8043212890625
97.98104095458984
70.61605072021484
92.53114318847656
87.01171112060547
81.45191955566406
78.31967163085938
85.33319091796875
82.65850830078125
96.76638793945312
100.34886932373047
90.27232360839844
89.12382507324219
99.502685546875
81.64555358886719
78.73564147949219
97.23320007324219
81.0449447631836
89.05906677246094
75.11201477050781
96.33686828613281
75.95925903320312
93.17625427246094
83.774169921875
74.907958984375
81.76490783691406
95.06441497802734
80.97148132324219
89.95970153808594
99.72486877441406
72.71514892578125
70.84505462646484
78.01448059082031
101.54830932617188
88.40789031982422
97.77976989746094
84.16336822509766
102.76286315917969
95.08424377441406
84.61080169677734
87.80720520019531
93.9447250366211
88.72081756591797
70.7249755859375
97.8672103881836
89.57942962646484
86.46163940429688
82.84623718261719
85.6676025390625
92.59956359863281
77.43437957763672
90.63963317871094
81.2008285522461
96.51629638671875
