0.0
0.41611209511756897
0.8001789450645447
0.12786971032619476
2.2745609283447266
0.13795426487922668
0.030214857310056686
0.30871260166168213
2.81412410736084
0.004345788154751062
0.520218551158905
1.8257949352264404
0.0013947684783488512
0.024976246058940887
0.0010463731596246362
0.911745011806488
0.3198448121547699
0.7357503771781921
2.145231246948242
0.38843339681625366
0.5343667268753052
1.463351845741272
0.0021042432636022568
2.0345540046691895
2.745746374130249
0.0030157037544995546
1.877989411354065
1.3912469148635864
0.0
1.6682095527648926
0.5801870226860046
1.0063890218734741
0.034475214779376984
0.3939506411552429
0.18930195271968842
0.013260208070278168
0.04256428778171539
0.0
0.28284525871276855
0.0070868744514882565
0.06271245330572128
0.9609785079956055
2.7660069465637207
0.5472861528396606
0.8708406686782837
0.6227087378501892
0.6128146052360535
1.4320347309112549
1.2788136005401611
0.10502175986766815
0.7251341342926025
0.16447976231575012
0.010084700770676136
0.9403466582298279
1.0627425909042358
0.007508313748985529
0.029751263558864594
0.10643627494573593
0.9808946847915649
1.4214794635772705
1.2361167669296265
0.04971269518136978
0.49181151390075684
0.0023540183901786804
0.4395829439163208
2.034125328063965
0.04885561391711235
1.6428756713867188
0.012575879693031311
1.0551081895828247
0.6696591377258301
0.0016586044803261757
4.1449503898620605
0.03859153389930725
1.4451888799667358
0.0
1.5872578620910645
0.4697054624557495
0.3524402976036072
1.6284054517745972
0.0007550972513854504
0.06302645802497864
1.000551462173462
0.0010000404436141253
0.001112474245019257
0.0025237235240638256
0.30166399478912354
0.12611980736255646
0.0016894765431061387
0.16362841427326202
1.3853758573532104
2.054130792617798
0.6350290179252625
0.610223650932312
1.9583611488342285
0.15643727779388428
0.005715893115848303
0.7889373898506165
1.930422306060791
4.4398627281188965
