2.5862016677856445
3.667933464050293
3.8453633785247803
3.8893680572509766
3.9487485885620117
2.6981394290924072
3.66682767868042
3.9661498069763184
3.4352798461914062
3.211913585662842
2.856020927429199
3.19266676902771
2.641535758972168
3.716233491897583
3.4552502632141113
3.0089056491851807
3.2507948875427246
3.181290864944458
3.133073568344116
2.9697837829589844
1.4468508958816528
3.536696434020996
2.90582013130188
1.8984549045562744
2.9172425270080566
3.643037796020508
3.1731035709381104
4.197683334350586
4.750058174133301
4.083403587341309
2.2049481868743896
3.137007474899292
3.7407169342041016
5.358729839324951
3.4243459701538086
3.8846611976623535
3.762006998062134
3.0834155082702637
3.1261212825775146
2.473132371902466
