6.3788909912109375
5.6430487632751465
6.608177185058594
5.820553302764893
5.9751763343811035
6.3210296630859375
5.984048843383789
5.910767555236816
6.392812728881836
6.333869457244873
5.396308898925781
6.080728054046631
6.293781280517578
5.957186222076416
6.619701385498047
5.719750881195068
6.253431797027588
6.345237731933594
6.221658706665039
5.381053447723389
6.363406658172607
5.636540412902832
6.510084629058838
5.331658840179443
6.607151985168457
6.333138942718506
5.548033714294434
6.043042182922363
6.045495986938477
6.092604637145996
6.219544887542725
6.035759925842285
6.336217880249023
5.668680191040039
6.055945873260498
6.191047191619873
6.2406134605407715
6.06427526473999
6.136999607086182
5.717959880828857
