87.61309814453125
85.39559173583984
85.98802185058594
89.7816162109375
88.64106750488281
89.01375579833984
87.85629272460938
87.81053924560547
81.7243423461914
88.1019287109375
86.84515380859375
87.24376678466797
87.30095672607422
86.83744049072266
88.35377502441406
87.96074676513672
91.02298736572266
87.95472717285156
88.57784271240234
88.68624114990234
86.3010482788086
88.025390625
88.23253631591797
88.23479461669922
87.6023941040039
86.76387786865234
89.0735092163086
88.79509735107422
88.70464324951172
86.3229751586914
87.1664047241211
88.13832092285156
87.80897521972656
88.19133758544922
86.79725646972656
89.21147918701172
87.54817962646484
87.1753158569336
85.50450134277344
88.11526489257812
88.94934844970703
88.97356414794922
87.18257904052734
90.17656707763672
86.91890716552734
86.93753814697266
88.31195068359375
88.81636047363281
89.04927825927734
89.77364349365234
91.4029312133789
89.52589416503906
89.15550994873047
86.29036712646484
88.64935302734375
87.43795013427734
87.93167877197266
84.84086608886719
87.4814682006836
90.25193786621094
88.95262145996094
88.0686264038086
87.9793930053711
87.9847183227539
88.78771209716797
86.39286041259766
88.05743408203125
87.42652893066406
88.07096862792969
86.04617309570312
89.2469482421875
87.47148132324219
86.90333557128906
89.39027404785156
89.40127563476562
88.73268127441406
86.10320281982422
83.79345703125
88.99938201904297
89.18582916259766
89.6002197265625
87.21805572509766
89.85115814208984
88.97090911865234
89.40098571777344
88.1158218383789
89.4124755859375
88.18106842041016
84.63561248779297
87.43555450439453
87.95037078857422
84.80860900878906
89.10478973388672
87.10662078857422
89.0656509399414
88.09416198730469
89.19270324707031
89.41265869140625
83.76014709472656
91.05744171142578
85.04080963134766
88.56620788574219
88.48937225341797
87.35997772216797
88.19881439208984
88.08446502685547
87.10342407226562
90.04031372070312
90.78844451904297
90.97342681884766
88.67854309082031
89.29520416259766
89.88997650146484
87.04875946044922
87.99310302734375
89.5816879272461
88.73436737060547
86.20066833496094
86.03218078613281
89.79479217529297
88.50660705566406
87.47166442871094
87.16873931884766
85.16448211669922
89.51000213623047
87.8370132446289
86.89168548583984
90.34741973876953
89.18258666992188
88.90072631835938
87.62647247314453
88.40406036376953
89.73580169677734
86.07582092285156
87.1686019897461
90.55792236328125
88.1965560913086
86.92655181884766
87.83586883544922
87.85649871826172
88.97074127197266
88.42655181884766
85.86812591552734
90.51985168457031
86.06079864501953
88.358642578125
89.7640380859375
85.9016342163086
87.31122589111328
87.0386962890625
88.29219818115234
88.43400573730469
88.41743469238281
87.72088623046875
85.97988891601562
88.03934478759766
89.28194427490234
91.8714370727539
89.33333587646484
88.60245513916016
89.41419982910156
88.48505401611328
88.55498504638672
89.1242904663086
86.97115325927734
89.4643783569336
85.49468994140625
86.82454681396484
87.23454284667969
87.947265625
87.69208526611328
89.13824462890625
90.5566177368164
87.63796997070312
86.98570251464844
86.98101806640625
89.2481460571289
88.015869140625
87.36451721191406
89.1384506225586
88.32674407958984
88.25653839111328
87.87447357177734
85.30186462402344
89.83897399902344
87.18169403076172
88.64702606201172
87.31925964355469
88.79373168945312
87.08445739746094
90.03022003173828
88.60704803466797
87.7816390991211
85.64532470703125
87.91304779052734
87.22319793701172
87.79713439941406
88.63402557373047
88.2527847290039
88.66898345947266
88.08857727050781
90.19515991210938
88.08199310302734
89.12801361083984
89.0522689819336
88.53126525878906
89.6137924194336
89.2790298461914
88.80277252197266
87.5163803100586
86.5547866821289
88.55218505859375
77.47859191894531
88.04518127441406
87.2635269165039
89.02532958984375
88.67694091796875
87.97310638427734
87.2153091430664
89.93876647949219
88.74071502685547
88.69205474853516
88.56510162353516
88.621826171875
87.73015594482422
88.5602798461914
87.1047134399414
88.56922912597656
86.8186264038086
87.70281219482422
87.40965270996094
86.45751953125
85.88617706298828
84.83795166015625
89.9911117553711
89.62271118164062
90.7427749633789
87.37541961669922
85.7854232788086
86.002197265625
89.66990661621094
87.59590911865234
87.91060638427734
86.5445785522461
80.0225601196289
87.32550048828125
88.86619567871094
78.03282928466797
86.1797103881836
83.48954010009766
86.60079193115234
89.3851547241211
88.64420318603516
90.50000762939453
89.11128997802734
87.50414276123047
86.78400421142578
85.71866607666016
86.42344665527344
86.85359954833984
88.60641479492188
88.69439697265625
88.45413970947266
89.35572052001953
88.16448211669922
86.65495300292969
89.31349182128906
90.15171813964844
88.31127166748047
86.93578338623047
86.37157440185547
89.99427795410156
84.28564453125
88.23957061767578
89.98603820800781
89.13197326660156
86.40525817871094
85.55955505371094
88.7421646118164
89.27791595458984
87.43748474121094
88.58937072753906
89.0454330444336
88.81352996826172
86.53681182861328
87.33043670654297
86.46862030029297
88.5007553100586
87.45294189453125
89.49916076660156
87.7154312133789
90.58077239990234
90.21448516845703
85.62371063232422
88.28907775878906
88.75074005126953
88.8109359741211
87.90331268310547
85.07331848144531
88.21965789794922
90.47661590576172
85.73294830322266
88.39966583251953
88.01998138427734
88.59874725341797
86.68235778808594
89.91270446777344
87.26424407958984
87.72514343261719
90.19915008544922
86.91502380371094
88.04362487792969
87.17967987060547
87.67378997802734
88.91014862060547
88.01737213134766
87.84774017333984
88.63350677490234
86.90870666503906
87.36952209472656
85.06654357910156
87.30236053466797
88.57463836669922
89.86048126220703
84.93956756591797
90.33552551269531
87.81678009033203
87.59825134277344
85.85181427001953
89.65778350830078
88.84596252441406
87.88823699951172
89.21073150634766
89.2918930053711
88.91109466552734
87.86998748779297
88.62255859375
85.57154846191406
88.89161682128906
84.67484283447266
88.28291320800781
87.61995697021484
86.851318359375
84.9970932006836
89.59833526611328
89.62842559814453
88.65645599365234
88.88558959960938
90.59994506835938
87.51630401611328
85.87142944335938
90.18891143798828
86.98384857177734
89.01204681396484
88.78313446044922
87.8589859008789
91.04796600341797
87.10418701171875
88.33737182617188
87.79021453857422
88.47942352294922
86.62129211425781
86.92415618896484
88.65983581542969
89.19359588623047
85.17766571044922
87.7345962524414
90.160888671875
89.89412689208984
88.59678649902344
88.2950668334961
89.32279205322266
87.26835632324219
88.3189926147461
90.3495101928711
89.07540130615234
90.897216796875
88.46675109863281
88.82637023925781
87.91060638427734
89.24005889892578
88.55094909667969
86.74952697753906
89.28852844238281
88.40397644042969
89.68608856201172
87.91789245605469
88.66045379638672
90.34181213378906
88.3499984741211
88.94686126708984
89.48345184326172
89.07259368896484
85.8763656616211
86.18711853027344
88.7036361694336
86.95951080322266
87.0013656616211
88.57972717285156
88.8949203491211
