0.10173001885414124
0.25152912735939026
0.00802537053823471
0.033521175384521484
0.0490768626332283
0.05500301718711853
0.018508924171328545
0.030171308666467667
0.11946018040180206
0.021964583545923233
0.006656917743384838
0.0479046031832695
0.045275211334228516
0.0070988936349749565
0.15731117129325867
0.016721848398447037
0.05087953060865402
0.030622072517871857
0.038126058876514435
0.22046822309494019
0.03089234046638012
0.09365595877170563
0.050409942865371704
0.045577310025691986
0.14475032687187195
0.03907396271824837
0.10239531099796295
0.10750655084848404
0.08783857524394989
0.0047745248302817345
0.05721999332308769
0.021108180284500122
0.24310827255249023
0.06593578308820724
0.049954868853092194
0.08115959167480469
0.055429838597774506
0.034529898315668106
0.05174202471971512
0.03497995436191559
0.29128772020339966
0.015795545652508736
0.1488407999277115
0.27594882249832153
6.931936513865367e-05
0.10281697660684586
0.028384748846292496
0.027927234768867493
0.04317004606127739
0.04801930487155914
0.06066891551017761
0.06652040034532547
0.033667683601379395
0.01438216120004654
0.1625499129295349
0.010397818870842457
0.0009392480715177953
0.06569996476173401
0.30420470237731934
0.06291811913251877
0.027190057560801506
0.06175858527421951
0.3295609652996063
0.08450193703174591
0.2348785102367401
0.25553417205810547
0.05366052687168121
0.05590903013944626
0.021005958318710327
0.06339491158723831
0.15602943301200867
0.00413456279784441
0.08351999521255493
0.04306644946336746
0.01622389256954193
0.011356272734701633
0.05269915610551834
0.31563228368759155
0.07775460183620453
0.0051710400730371475
0.07890007644891739
0.02837425097823143
0.00961076095700264
0.02363528497517109
0.30514299869537354
0.032556988298892975
0.015946589410305023
0.4326903223991394
0.021655969321727753
0.03211263567209244
0.023959128186106682
0.05319077521562576
0.02791517972946167
0.06300313025712967
0.03801580145955086
0.07697975635528564
0.1324850469827652
0.012349935248494148
0.09976032376289368
0.010097837075591087
0.017882920801639557
0.02366943098604679
0.015721632167696953
0.030137479305267334
0.03060314431786537
0.0016181778628379107
0.04468313604593277
0.010203052312135696
0.10956431925296783
0.05035048723220825
0.0491986982524395
0.0029028356075286865
0.08600148558616638
0.08092202991247177
0.007904348894953728
0.011502371169626713
0.08586312085390091
0.0599692277610302
0.2280098795890808
0.0561077706515789
0.004051584284752607
0.3708219826221466
0.0263516902923584
0.30863893032073975
0.0009627387044019997
0.024149570614099503
0.14816343784332275
0.015560844913125038
0.06542640924453735
0.1021856814622879
0.014837723225355148
0.12655821442604065
0.002175579546019435
0.0847349688410759
0.01418230403214693
0.04446214810013771
0.07603200525045395
0.3533041179180145
0.025938456878066063
0.00585381081327796
0.0582970529794693
0.049824588000774384
0.32569944858551025
0.11107585579156876
0.016106558963656425
0.052244219928979874
0.11753537505865097
0.01588265597820282
0.09336333721876144
0.04639159142971039
0.14468501508235931
0.23597614467144012
0.03818989545106888
0.007456140127032995
0.06835614889860153
0.009201347827911377
0.0005345295649021864
0.1216517984867096
0.06080033630132675
0.06525147706270218
0.10232768207788467
0.24014414846897125
0.03993484005331993
0.2389468550682068
0.08493976294994354
0.05735153704881668
0.048916347324848175
0.08700686693191528
0.003510052338242531
0.01298726536333561
0.14485274255275726
0.016807157546281815
0.04869721084833145
0.036307595670223236
0.08934945613145828
0.04072871059179306
0.011936772614717484
0.03181370347738266
0.14892488718032837
0.004906047135591507
0.012830648571252823
0.04401129111647606
0.08461855351924896
0.04737885668873787
0.02906239591538906
0.10848478972911835
0.02383170835673809
0.49405914545059204
0.12097729742527008
0.11681137979030609
0.09578251093626022
0.030573399737477303
0.014384625479578972
0.014024695381522179
0.04986245930194855
0.1864040493965149
0.03961813077330589
0.11760976165533066
0.06056012585759163
0.5441144108772278
0.20733939111232758
0.007225453853607178
0.049392640590667725
0.06967215240001678
0.040088195353746414
0.08231943845748901
0.0935477465391159
0.0386710986495018
0.11229711771011353
0.003540556877851486
0.021988432854413986
0.2798367440700531
0.06259191036224365
0.029952365905046463
0.1074046939611435
0.026668217033147812
0.034543730318546295
0.10903394222259521
0.23858071863651276
0.1396445631980896
0.08099421113729477
0.166177436709404
0.10808703303337097
0.02130986750125885
0.0840831995010376
0.005379913374781609
0.057802438735961914
0.06763052940368652
0.021721787750720978
0.00011498250387376174
0.22408828139305115
0.010825546458363533
0.11302734911441803
0.05213436484336853
0.06086631864309311
0.06392588466405869
0.07457970082759857
0.04550781846046448
0.028810108080506325
0.06260885298252106
0.05608273670077324
0.11644768714904785
0.031082676723599434
0.04366907849907875
0.1930924355983734
0.000950126675888896
0.0038056005723774433
0.023031238466501236
0.005981755908578634
0.3397337794303894
0.024938037618994713
0.1616821140050888
0.17220303416252136
0.0997505635023117
0.17294779419898987
0.03856842964887619
0.15960060060024261
0.05113379657268524
0.008333261124789715
0.05095098167657852
0.0013060970231890678
0.22899097204208374
0.041945748031139374
0.07744023203849792
0.4641267955303192
0.059361532330513
0.03496692702174187
0.20901669561862946
0.026103980839252472
0.009422793053090572
0.05788424611091614
0.0018829922191798687
0.10351546853780746
0.05083945393562317
0.03122175671160221
0.020733695477247238
0.028797898441553116
0.022655026987195015
0.04415429010987282
0.21454206109046936
0.04254547879099846
0.024173952639102936
0.39629849791526794
0.14627307653427124
0.08006288856267929
0.019325360655784607
0.1288825124502182
0.08488287031650543
0.00011329912376822904
0.22143904864788055
0.08769506216049194
0.28366193175315857
0.0154945719987154
0.00015752934268675745
0.13147030770778656
0.09231404215097427
0.02819899283349514
0.0393785797059536
0.060294657945632935
0.03788156807422638
0.03853440657258034
0.03507237136363983
0.03887807950377464
0.8268445730209351
0.01798093691468239
0.052519865334033966
0.056378915905952454
0.23294563591480255
0.4404875636100769
0.023488463833928108
0.054996389895677567
0.005396001972258091
0.022418921813368797
0.06583236902952194
0.07703419774770737
0.030095688998699188
0.029021108523011208
0.07728374749422073
0.03009495884180069
0.07928422838449478
0.010364887304604053
0.15400376915931702
0.23676204681396484
0.10291631519794464
0.03324032202363014
0.02697581797838211
0.017283964902162552
0.08437526971101761
0.01761050708591938
0.0674813836812973
0.0734902173280716
0.02072790265083313
0.28636935353279114
0.0786064863204956
0.050234802067279816
0.01846640557050705
0.1856013536453247
0.07948187738656998
0.24348275363445282
0.034925878047943115
0.17936262488365173
0.07586952298879623
0.10895614326000214
0.017425909638404846
0.008142214268445969
0.21713992953300476
0.004729775246232748
0.11097413301467896
0.03162330761551857
0.08490599691867828
0.2263607382774353
0.17463499307632446
0.45579802989959717
0.12914878129959106
0.01403789035975933
0.004133488051593304
0.2413884997367859
0.09826330095529556
0.035514578223228455
0.04763399064540863
0.13591623306274414
0.14452779293060303
0.00903983972966671
0.05061638355255127
0.010089517571032047
0.02459186688065529
0.00029127937159501016
0.01736377365887165
0.05988277494907379
0.1913737952709198
0.036423247307538986
0.08933719247579575
0.025292742997407913
0.03615234047174454
0.07891617715358734
0.010076888836920261
0.01430593803524971
0.004509788937866688
0.13607391715049744
0.12557920813560486
0.049193501472473145
0.06240170821547508
0.008888045325875282
0.07783234119415283
0.05958475172519684
0.016941990703344345
0.024283871054649353
0.08448582887649536
0.3527102470397949
0.048259854316711426
0.09983468055725098
0.019804570823907852
0.014588193967938423
0.10865043103694916
0.029549138620495796
0.17633089423179626
0.016910860314965248
0.025019722059369087
0.015904070809483528
0.010387551039457321
