1.431412696838379
1.6735496520996094
0.39445099234580994
0.3053326904773712
1.3406121730804443
1.0846651792526245
0.8517138957977295
0.9253599047660828
1.1498838663101196
1.1769193410873413
2.0142598152160645
0.6441837549209595
3.335569143295288
1.2244951725006104
0.5739408731460571
1.671336054801941
1.0999424457550049
0.17060530185699463
1.8953666687011719
2.0369391441345215
2.413579225540161
1.2419780492782593
0.2595910429954529
3.135647773742676
0.10306700319051743
0.5283373594284058
2.0170092582702637
0.8996080756187439
2.4270968437194824
1.1662274599075317
1.7845767736434937
0.05251090228557587
1.3551247119903564
1.0375131368637085
0.5373518466949463
0.46824344992637634
0.42370498180389404
1.1178730726242065
0.2855808436870575
0.17998480796813965
0.7679857015609741
1.622870922088623
1.3485298156738281
2.3392932415008545
0.8427057266235352
1.8367981910705566
0.3969535231590271
1.9224752187728882
1.8497414588928223
0.6026796698570251
2.40980863571167
3.3810744285583496
1.0811363458633423
2.2596447467803955
0.9583777189254761
1.4842729568481445
1.4994642734527588
1.8686379194259644
0.9129309058189392
1.531835913658142
0.7663228511810303
2.820197582244873
1.2742047309875488
0.9927698969841003
0.6350245475769043
0.07630190253257751
1.1052486896514893
1.4747114181518555
1.7661441564559937
0.7646541595458984
0.1569405496120453
0.8621331453323364
1.909116506576538
0.22358044981956482
0.7150975465774536
1.4530315399169922
0.5653249621391296
0.2618747353553772
0.6937587261199951
1.7930195331573486
1.240755558013916
1.4221280813217163
0.8564046621322632
0.6881414651870728
1.5734161138534546
1.711035966873169
0.14576706290245056
1.6277375221252441
0.4486343264579773
1.2750980854034424
2.3238704204559326
1.200606346130371
1.0763219594955444
0.14303618669509888
1.3299685716629028
0.23652981221675873
1.3138493299484253
0.9759303331375122
0.5638736486434937
0.5169779062271118
