6.053718090057373
6.385598659515381
6.434794902801514
6.966761112213135
6.231814861297607
6.104227066040039
7.566796779632568
7.144555568695068
5.554576396942139
5.93902587890625
5.796868324279785
5.558084011077881
6.384525299072266
5.762746334075928
6.961026191711426
6.422170162200928
6.733914852142334
5.630016326904297
6.586413860321045
6.180613040924072
6.319364070892334
5.067403316497803
6.7169365882873535
5.912471294403076
6.2167582511901855
6.115657329559326
6.137143611907959
6.820336818695068
6.240082740783691
5.659398078918457
5.9472503662109375
6.011349678039551
6.10695219039917
6.300714015960693
6.164911270141602
6.511403560638428
5.568138599395752
6.134438991546631
5.875331401824951
6.780325412750244
5.728261947631836
7.29750394821167
7.199819087982178
5.683314800262451
6.586218357086182
6.57839822769165
6.124133586883545
6.656612396240234
6.524768829345703
7.195130348205566
6.740919589996338
6.929787635803223
6.7356085777282715
6.356787204742432
6.696588039398193
6.438642978668213
6.52105188369751
5.805497169494629
6.563778877258301
6.756654262542725
6.378922939300537
6.552751064300537
6.431587219238281
6.645404815673828
6.171855926513672
6.2175116539001465
5.8773512840271
6.184112071990967
6.406976222991943
6.330440521240234
6.1412434577941895
5.489065170288086
7.230760097503662
6.0721821784973145
5.887319564819336
6.106171607971191
6.20582914352417
5.885060787200928
6.13008451461792
6.106547832489014
6.97511625289917
6.539031982421875
6.771752834320068
6.0120368003845215
5.64497184753418
5.87678861618042
6.176212310791016
6.83999490737915
4.978255748748779
7.001767635345459
6.529949188232422
6.5959367752075195
5.548844337463379
6.206531524658203
5.737687587738037
5.530797481536865
5.346285343170166
5.729830741882324
5.736440181732178
6.484335422515869
6.2481184005737305
6.217289924621582
6.853935241699219
6.341540813446045
6.269145488739014
5.713315010070801
6.4230570793151855
7.422950267791748
6.5048418045043945
6.457364082336426
6.888529300689697
6.316275119781494
6.2846999168396
5.3762335777282715
5.8149919509887695
5.851053237915039
6.189315319061279
5.976880073547363
6.426219940185547
6.512881755828857
6.179224967956543
6.280884742736816
5.6489787101745605
5.621876239776611
5.9250264167785645
6.460818767547607
6.005232334136963
6.913297176361084
6.48976469039917
6.5693559646606445
6.063097953796387
6.221031188964844
5.73153829574585
5.962090492248535
5.616706848144531
6.920726776123047
5.384808540344238
6.6588969230651855
6.151662349700928
6.830251216888428
7.239335536956787
7.098626613616943
5.865676403045654
6.459561824798584
6.489112377166748
6.31643009185791
6.203618049621582
6.081977367401123
6.816082954406738
5.609719276428223
6.98163366317749
6.204371929168701
5.860350131988525
5.909646987915039
6.712630748748779
6.3177337646484375
6.016513824462891
7.2261857986450195
6.834126949310303
6.987178325653076
5.649598598480225
6.1975626945495605
6.724391460418701
6.131383419036865
6.408117771148682
6.252085208892822
6.629370212554932
6.236406326293945
5.179622173309326
6.2706618309021
6.942317485809326
6.329431056976318
6.295022010803223
5.7745280265808105
7.015290260314941
7.011177062988281
5.998449802398682
6.5323638916015625
5.336134433746338
6.2075395584106445
6.893791198730469
6.1953911781311035
6.012305736541748
5.545929908752441
7.418348789215088
6.076152324676514
5.907989501953125
6.665368556976318
6.291484355926514
6.717044353485107
6.062215805053711
5.984958171844482
6.631160259246826
5.6233811378479
6.432336330413818
5.8871378898620605
6.15125036239624
6.304286956787109
6.090390205383301
6.054593563079834
6.648095607757568
7.03676176071167
6.74090576171875
6.609433650970459
5.824423313140869
6.139060020446777
6.594971656799316
6.254582405090332
6.334667205810547
6.822456359863281
6.067043304443359
6.907258033752441
5.717670917510986
6.90181303024292
6.903806209564209
6.094575881958008
6.80374002456665
6.535353183746338
5.784024238586426
5.795114040374756
5.50319242477417
6.086014270782471
6.225504398345947
6.466278076171875
6.267005920410156
5.244018077850342
6.758674144744873
6.298156261444092
5.6146321296691895
6.12517786026001
6.046580791473389
6.9602789878845215
6.162347316741943
6.219688415527344
6.024106979370117
6.727781772613525
6.354874134063721
6.874972820281982
6.259737968444824
5.230292797088623
6.5118021965026855
7.151381969451904
6.137192726135254
5.9679789543151855
5.800295352935791
6.417612552642822
6.1078877449035645
5.433830738067627
6.535672664642334
5.389760494232178
5.806443691253662
6.90643310546875
6.50670862197876
5.9661431312561035
6.535457134246826
6.1329426765441895
5.84973669052124
5.839859962463379
6.693986415863037
5.519893169403076
6.475307464599609
6.233470439910889
6.115710258483887
6.172458648681641
5.612674236297607
5.398889541625977
5.809950351715088
6.0282883644104
6.621252536773682
6.205469608306885
5.595681190490723
6.307291507720947
6.175822734832764
5.992873191833496
6.494859218597412
6.0217461585998535
5.995972156524658
6.137801647186279
5.905995845794678
6.518550395965576
5.725957870483398
6.018074989318848
6.938035011291504
6.497894287109375
6.601168155670166
6.158216953277588
6.677558898925781
5.813354015350342
6.615826606750488
6.326192378997803
5.636020660400391
6.625053405761719
6.687597751617432
5.109279155731201
6.412106990814209
6.727208614349365
6.302041530609131
6.3380351066589355
6.343457221984863
6.381692886352539
6.554046630859375
5.7072434425354
6.146719455718994
6.6336588859558105
6.141647815704346
6.766788482666016
5.682681560516357
5.993345260620117
6.25377893447876
6.533155918121338
6.220241546630859
6.456579685211182
6.2285685539245605
6.518246650695801
6.615484714508057
7.0229644775390625
5.667874813079834
6.47976016998291
6.911263465881348
6.897247314453125
6.451469421386719
5.9560980796813965
6.639923095703125
6.1250410079956055
5.70431661605835
6.2630228996276855
5.872036457061768
5.987285137176514
6.165853977203369
5.807494640350342
6.172429084777832
6.431611061096191
7.070262432098389
6.408346652984619
6.46410608291626
5.5137457847595215
6.732558727264404
5.645763397216797
6.311623573303223
5.762027263641357
6.503643989562988
5.899182319641113
6.850312232971191
6.456640720367432
7.407017707824707
6.146082401275635
6.292216777801514
6.418060302734375
6.671955108642578
6.229527473449707
5.354112148284912
6.533562660217285
5.964414119720459
6.47497034072876
6.503944396972656
6.351743221282959
6.280789375305176
6.092068672180176
5.817153453826904
6.1196184158325195
5.639252662658691
6.197055339813232
6.6216864585876465
6.673742771148682
6.516064643859863
6.105380058288574
6.424983501434326
6.149805068969727
6.487143039703369
5.802699565887451
6.160972595214844
6.126040935516357
6.038079738616943
6.518474102020264
5.453178882598877
5.842755317687988
6.085195064544678
6.375328063964844
6.538824558258057
6.0580058097839355
7.3278961181640625
5.821554660797119
6.453255653381348
5.978731632232666
6.455498695373535
5.978926658630371
6.173748016357422
6.911460876464844
6.828656196594238
5.8111090660095215
6.472476959228516
5.555199146270752
6.218963623046875
5.052048206329346
5.50378942489624
6.215202331542969
6.586683750152588
5.788743495941162
6.451327800750732
6.792508602142334
