1.5333207845687866
1.7465627193450928
0.42030414938926697
0.20291811227798462
1.3841485977172852
1.143455982208252
0.6219336986541748
1.1235407590866089
1.8027501106262207
1.2668790817260742
1.9858436584472656
0.7572760581970215
3.780918836593628
1.3068583011627197
1.0517051219940186
1.8237764835357666
0.8648096919059753
0.348405659198761
2.29593825340271
2.2891387939453125
2.485525608062744
1.4113277196884155
0.24824944138526917
3.1232688426971436
0.44912225008010864
0.5870905518531799
2.1139166355133057
1.2238969802856445
2.4190595149993896
1.6415259838104248
2.330404043197632
0.23234203457832336
1.4293235540390015
1.2744940519332886
0.7943507432937622
0.9928290247917175
0.6494458913803101
1.136821985244751
0.2744174003601074
0.10965125262737274
1.136000156402588
1.6953704357147217
1.3446881771087646
3.3536810874938965
1.0767347812652588
2.0798256397247314
0.5878305435180664
1.9796836376190186
1.8999114036560059
0.9495007991790771
2.3989462852478027
3.2231054306030273
0.9142335653305054
2.029270648956299
1.8919603824615479
1.8619240522384644
1.6619867086410522
2.0192317962646484
0.8273569941520691
1.8021724224090576
0.6371873617172241
2.6026597023010254
0.9987086653709412
1.4131853580474854
0.526742160320282
0.10293017327785492
1.1653156280517578
1.5122184753417969
1.4310659170150757
0.6301634311676025
0.27155789732933044
0.9235944747924805
1.6932963132858276
0.362789124250412
0.7790292501449585
1.938826322555542
0.7415710687637329
0.7140123248100281
0.7294334173202515
1.6590083837509155
1.763025164604187
1.6931685209274292
0.9435062408447266
0.9316673278808594
2.2696590423583984
1.7977280616760254
0.32974955439567566
2.5157382488250732
0.5470458269119263
1.809971809387207
2.0658764839172363
1.249323844909668
1.1927112340927124
0.5691331028938293
1.3236322402954102
0.23778341710567474
1.5783214569091797
1.5077356100082397
0.8126835227012634
0.9056620001792908
