76.86427307128906
70.39409637451172
71.69629669189453
69.81884765625
71.5728988647461
67.75841522216797
71.730224609375
75.92495727539062
69.94200897216797
70.7469711303711
70.42628479003906
67.98849487304688
73.06409454345703
67.85348510742188
65.31411743164062
69.77708435058594
70.63863372802734
71.24205780029297
77.3287124633789
64.62106323242188
72.60845947265625
70.71755981445312
72.97348022460938
71.15885925292969
69.42494201660156
66.87184143066406
74.56998443603516
73.03071594238281
69.34497833251953
68.50489807128906
71.01768493652344
68.64752197265625
69.74642944335938
70.27827453613281
69.10455322265625
69.83350372314453
73.10220336914062
67.58153533935547
71.8839111328125
70.77161407470703
