92.81333923339844
92.4344711303711
93.61808013916016
94.22035217285156
91.6346206665039
93.02186584472656
94.16756439208984
94.11149597167969
93.17333221435547
94.30089569091797
94.12425994873047
92.13867950439453
92.610107421875
92.64461517333984
91.64470672607422
92.10079193115234
90.60472869873047
89.16014862060547
91.86824035644531
94.91262817382812
93.37617492675781
92.4410400390625
93.1516342163086
92.15643310546875
93.04975891113281
92.2895736694336
92.13721466064453
92.80378723144531
91.71019744873047
92.30508422851562
92.40978240966797
93.07415771484375
92.27210235595703
92.72331237792969
91.47416687011719
92.39972686767578
93.1704330444336
93.28917694091797
90.4725570678711
92.94649505615234
