2.8344154357910156
2.2639353275299072
2.8994140625
2.596798896789551
3.5875091552734375
2.8191540241241455
3.1323165893554688
1.7262049913406372
2.7220113277435303
2.1510069370269775
2.1987991333007812
2.9765384197235107
3.630174160003662
1.5499765872955322
4.157089710235596
1.7529888153076172
2.8167319297790527
3.1858904361724854
2.37241530418396
1.8756366968154907
2.382697105407715
3.762674570083618
2.1406912803649902
2.7054295539855957
3.9175522327423096
1.7462689876556396
1.8845819234848022
1.3521751165390015
2.0423707962036133
2.2154369354248047
2.683673620223999
2.4936819076538086
2.2413763999938965
2.8635153770446777
3.5673651695251465
1.8752423524856567
3.1104204654693604
2.7799763679504395
2.0342490673065186
3.163815975189209
2.6473302841186523
4.970053195953369
2.742708206176758
3.096892833709717
3.893054485321045
3.6071953773498535
2.922036647796631
1.9545164108276367
1.3442093133926392
2.7934770584106445
2.296884059906006
2.066439390182495
2.0466480255126953
3.4860610961914062
1.974746584892273
1.0395539999008179
2.6367735862731934
2.8284075260162354
0.5071277618408203
2.8615527153015137
2.623659133911133
2.7869505882263184
3.478792428970337
2.477902412414551
2.633744716644287
3.8537044525146484
2.307513952255249
3.2690882682800293
2.3764944076538086
2.832523822784424
3.1702942848205566
2.47461199760437
2.4575955867767334
4.646841049194336
1.2772529125213623
3.039008617401123
2.767213821411133
2.6819376945495605
2.7522616386413574
2.3198249340057373
2.240466594696045
1.6993675231933594
4.08334493637085
3.399374008178711
2.384093761444092
3.142239570617676
3.0907697677612305
2.317417621612549
1.770027756690979
2.8600759506225586
3.248534679412842
2.422544479370117
2.5450053215026855
2.525230884552002
2.022858142852783
0.8034684658050537
1.9882147312164307
1.7115309238433838
3.3393640518188477
2.7053756713867188
3.2158617973327637
3.1583139896392822
3.080183506011963
2.6815786361694336
3.6491355895996094
2.7497682571411133
3.7683351039886475
2.5897889137268066
3.1031644344329834
1.1335703134536743
2.9816946983337402
2.328605890274048
1.898210048675537
3.7731785774230957
2.1417999267578125
2.467832565307617
2.9124839305877686
2.56087589263916
2.7567009925842285
2.900306224822998
3.5737297534942627
1.3138580322265625
2.2461061477661133
3.3818721771240234
3.3755290508270264
2.733903646469116
2.6070494651794434
1.4803823232650757
2.5307116508483887
0.8412429690361023
3.560802936553955
2.3567583560943604
1.7232234477996826
1.9035505056381226
2.8540682792663574
3.2141590118408203
2.8940653800964355
2.2610626220703125
3.2802982330322266
2.47644305229187
2.806468963623047
1.5600557327270508
3.673516273498535
3.8906421661376953
3.881649971008301
3.018746852874756
3.1720032691955566
3.3856749534606934
2.8793864250183105
1.3666967153549194
2.700113296508789
1.9448233842849731
2.8488855361938477
1.4401227235794067
2.6799497604370117
2.9716615676879883
0.9260302186012268
3.267573595046997
2.175977945327759
3.5588150024414062
2.4913365840911865
2.183567523956299
3.4746041297912598
1.8798309564590454
2.432939052581787
4.78400993347168
2.4410367012023926
2.645716428756714
3.089125156402588
3.0602545738220215
1.5657014846801758
3.429844856262207
2.740077018737793
0.9326523542404175
3.7292091846466064
3.6408276557922363
3.835280656814575
2.854287624359131
2.1830101013183594
2.0327916145324707
3.5214309692382812
2.164872884750366
1.7527494430541992
2.6478452682495117
2.7873165607452393
1.2602450847625732
1.6352742910385132
3.0208706855773926
2.3289377689361572
1.212541103363037
2.2440414428710938
2.5684380531311035
3.366260528564453
2.4478588104248047
1.6305196285247803
2.587118625640869
2.3657491207122803
2.5999550819396973
2.676687240600586
2.30545711517334
2.7436113357543945
3.0242130756378174
2.759706974029541
1.6995772123336792
1.0466662645339966
4.0544114112854
2.97794246673584
2.9516968727111816
1.7271251678466797
1.0058739185333252
1.434683084487915
3.172353506088257
1.0454623699188232
2.705519676208496
3.125032901763916
2.0996556282043457
3.6544079780578613
3.057621955871582
2.6118814945220947
2.181940793991089
2.8228657245635986
1.7609612941741943
2.817406177520752
1.8048248291015625
3.313922643661499
2.085256814956665
0.7410008907318115
3.287492275238037
2.633514404296875
2.1294870376586914
2.849871873855591
2.249631404876709
3.2224507331848145
2.9869544506073
3.7328310012817383
2.6487085819244385
2.215100049972534
4.177971839904785
1.3581377267837524
3.4774084091186523
2.0685582160949707
3.315389633178711
2.685892105102539
3.3359832763671875
2.3386924266815186
2.5591912269592285
0.8118005990982056
0.9340296387672424
2.7652652263641357
3.0663790702819824
3.271324634552002
3.091792106628418
3.5751447677612305
2.4637014865875244
1.97395658493042
3.7126049995422363
2.249528646469116
1.7735673189163208
2.778315305709839
2.8981971740722656
2.5590884685516357
2.507659435272217
0.946632981300354
0.8488162755966187
3.3368446826934814
2.003122091293335
1.7788405418395996
3.3185324668884277
2.9368736743927
2.623253107070923
1.128218173980713
2.2895872592926025
3.7604784965515137
2.942323684692383
3.3225913047790527
2.8964223861694336
1.0865094661712646
3.9179952144622803
2.3321471214294434
2.437966823577881
2.1376049518585205
3.113346576690674
3.1080684661865234
3.5733070373535156
2.8689727783203125
1.559478998184204
2.397249221801758
3.5427229404449463
2.6621880531311035
3.0990304946899414
3.3870511054992676
2.8568575382232666
2.3262414932250977
1.3980517387390137
2.946439266204834
4.136271953582764
0.8862850666046143
3.256796360015869
2.3499910831451416
0.98809415102005
2.6902379989624023
3.1183347702026367
2.836855888366699
2.6613540649414062
2.789708137512207
3.0939764976501465
2.6875908374786377
2.3193442821502686
1.4345591068267822
2.3023781776428223
3.8526453971862793
4.356742858886719
3.147228240966797
2.9975156784057617
3.9621968269348145
3.004006862640381
3.2511942386627197
2.432910919189453
1.715235710144043
1.9851373434066772
4.026442527770996
3.549924850463867
2.828779697418213
2.0336973667144775
2.487304210662842
1.7659600973129272
2.402531862258911
2.518141508102417
0.9718645811080933
2.389505624771118
1.7638072967529297
2.2792460918426514
3.3714759349823
1.3715234994888306
1.6262785196304321
3.2087502479553223
2.9975202083587646
2.3705646991729736
2.963371753692627
4.512662410736084
2.297818183898926
0.9014565944671631
3.796924591064453
1.9659409523010254
2.8970189094543457
3.299412727355957
2.93898868560791
2.7181124687194824
2.65909481048584
0.8640717267990112
2.604886054992676
3.6154370307922363
2.878389835357666
3.3513336181640625
2.9013350009918213
3.0667243003845215
3.343895196914673
3.200031280517578
3.5221283435821533
0.7008562088012695
2.6281514167785645
0.8005611896514893
2.767817974090576
1.7347583770751953
2.0123672485351562
2.378364086151123
1.603747844696045
1.043440580368042
1.8443996906280518
3.469391345977783
3.6817715167999268
3.4963765144348145
2.7946741580963135
2.4262776374816895
3.943019151687622
2.4597697257995605
3.9904794692993164
1.5160424709320068
3.0161631107330322
2.769237518310547
3.7929625511169434
3.6729342937469482
2.9654760360717773
2.4454188346862793
3.0822324752807617
1.9830468893051147
2.1966071128845215
1.974867343902588
3.4587361812591553
3.709597587585449
2.037966012954712
2.8488059043884277
3.489164352416992
3.122649908065796
3.3218531608581543
1.9917938709259033
1.9926087856292725
3.1541786193847656
1.7479809522628784
3.210264205932617
