0.11695809662342072
0.012059224769473076
0.003597837407141924
0.009344225749373436
0.015693677589297295
0.026999138295650482
0.0030041984282433987
0.012430019676685333
0.039945974946022034
0.005545067600905895
0.0012645761016756296
0.013400344178080559
0.04235198348760605
0.0019231231417506933
0.010302780196070671
0.0027986643835902214
0.026280514895915985
0.00548128318041563
0.1487482488155365
0.21932972967624664
0.008494365029036999
0.010278614237904549
0.005136827472597361
0.030804583802819252
0.018460635095834732
0.10764864087104797
0.15427054464817047
0.03107903152704239
0.006939580664038658
0.0015071722446009517
0.004526971373707056
0.039894022047519684
0.05002453178167343
0.010416372679173946
0.015879912301898003
0.02042524702847004
0.007527114823460579
0.03944182023406029
0.015127266757190228
0.006789711304008961
0.26958197355270386
0.0033384435810148716
0.06627968698740005
0.1100350171327591
0.00018043338786810637
0.023991979658603668
0.013144686818122864
0.03219781443476677
0.0049002827145159245
0.01199979055672884
0.015229466371238232
0.1300908923149109
0.007453960366547108
0.008109334856271744
0.019614022225141525
0.0050837574526667595
0.0005710384575650096
0.02988036721944809
0.013803773559629917
0.02717648074030876
0.0016530156135559082
0.009473079815506935
0.2370053082704544
0.06283169239759445
0.009692198596894741
0.15685662627220154
0.0896758884191513
0.05360529199242592
0.011747196316719055
0.002995631657540798
0.08850442618131638
0.002575824037194252
0.012575038708746433
0.031667932868003845
0.005064839031547308
0.005504334811121225
0.09118057787418365
0.1405160129070282
0.00557854026556015
0.0020979063119739294
0.041203007102012634
0.02141103707253933
0.003786909393966198
0.010342439636588097
0.005736426915973425
0.010936884209513664
0.0046149007976055145
0.007486310787498951
0.03492497652769089
0.014314544387161732
0.005239161662757397
0.012689603492617607
0.006741617806255817
0.01685800589621067
0.019451001659035683
0.030061224475502968
0.026712611317634583
0.009992070496082306
0.006050586700439453
0.002233895706012845
0.015021838247776031
0.006558746565133333
0.005748318508267403
0.07591517269611359
0.03321044519543648
0.0007615948561578989
0.027379602193832397
0.0011357428738847375
0.019444117322564125
0.008938193321228027
0.0022726990282535553
0.0015231152065098286
0.027971453964710236
0.027232881635427475
0.008291743695735931
0.0028067477978765965
0.012486375868320465
0.031230680644512177
0.025496697053313255
0.0671338140964508
0.0012616859748959541
0.4301084280014038
0.009062545374035835
0.039909422397613525
0.0002768582198768854
0.011248214170336723
0.019042357802391052
0.05326610058546066
0.04325975850224495
0.008427854627370834
0.01699480414390564
0.02005559764802456
0.001193125732243061
0.05058087036013603
0.01906111091375351
0.05354830250144005
0.04799383878707886
0.0071475268341600895
0.008923698216676712
0.004113069735467434
0.010710148140788078
0.018887966871261597
0.38889598846435547
0.04077744483947754
0.006939626298844814
0.01318642869591713
0.052385494112968445
0.004697431810200214
0.008609965443611145
0.1214224249124527
0.031189998611807823
0.007428656332194805
0.009890180081129074
0.002131660934537649
0.01656997762620449
0.0015710231382399797
0.00013325322652235627
0.016102418303489685
0.010036406107246876
0.03864537924528122
0.02712075598537922
0.03738432750105858
0.03145473450422287
0.08776722848415375
0.014449769631028175
0.004543870221823454
0.008706562221050262
0.06630893051624298
0.0013219438260421157
0.00340958870947361
0.0601617693901062
0.005425353534519672
0.014605754055082798
0.05728336423635483
0.10731308162212372
0.21244142949581146
0.008086280897259712
0.022855544462800026
0.005239013582468033
0.0007487720577046275
0.004751726984977722
0.0036068661138415337
0.009307486936450005
0.014303650707006454
0.011204801499843597
0.01748894900083542
0.021536236628890038
0.2371782660484314
0.005290897563099861
0.006000429391860962
0.12139232456684113
0.1226252019405365
0.0029305019415915012
0.003953677602112293
0.005186390597373247
0.07235978543758392
0.005913254804909229
0.014601766131818295
0.016701508313417435
0.6567312479019165
0.13287612795829773
0.003236419055610895
0.012935491278767586
0.015277516096830368
0.08564109355211258
0.15023547410964966
0.01596233621239662
0.016012167558073997
0.01631297543644905
0.001644791685976088
0.02506549283862114
0.04083847254514694
0.12189595401287079
0.00513883912935853
0.007123135030269623
0.010840868577361107
0.007314315065741539
0.012974761426448822
0.006347855553030968
0.05531267449259758
0.030550405383110046
0.010291789658367634
0.017805777490139008
0.005044908262789249
0.060107264667749405
0.002010112162679434
0.010243698954582214
0.025685086846351624
0.0034981693606823683
0.0001325441407971084
0.2680998742580414
0.004129304084926844
0.0067437514662742615
0.009423280134797096
0.04563684016466141
0.031249182298779488
0.0067395735532045364
0.010900318622589111
0.012739581987261772
0.020170506089925766
0.023945318534970284
0.015122521668672562
0.00412150751799345
0.018091008067131042
0.008899271488189697
0.00030616053845733404
0.0012131325202062726
0.007124521769583225
0.003180522471666336
0.011443548835814
0.006541903130710125
0.010969933122396469
0.00528034707531333
0.07237762957811356
0.04756591096520424
0.028492894023656845
0.035614755004644394
0.0097887571901083
0.0015600583283230662
0.01369552593678236
0.0005410793819464743
0.010754209011793137
0.02429676614701748
0.008116859942674637
0.00897945836186409
0.0052616409957408905
0.01603091135621071
0.26404452323913574
0.03988227993249893
0.005066669080406427
0.0648750364780426
0.001050441525876522
0.016335126012563705
0.011469901539385319
0.01155075989663601
0.011498184874653816
0.010806159116327763
0.01610666699707508
0.015473280102014542
0.028565306216478348
0.006361021194607019
0.009032607078552246
0.053444430232048035
0.017275240272283554
0.00704176165163517
0.0034866868518292904
0.2130066454410553
0.027829257771372795
5.181534288567491e-05
0.005597622599452734
0.04216550290584564
0.0827762559056282
0.004228975623846054
0.00016401942411903292
0.0638590157032013
0.02679329551756382
0.03459837660193443
0.017284762114286423
0.004916364327073097
0.0035767839290201664
0.0056631374172866344
0.004027981776744127
0.007949518971145153
0.7696614265441895
0.007366846315562725
0.007110712584108114
0.0873752012848854
0.21630260348320007
0.3813284933567047
0.0015992610715329647
0.0036675259470939636
0.0013576921774074435
0.017542127519845963
0.02040494605898857
0.11957647651433945
0.04446796327829361
0.10706561803817749
0.0059003098867833614
0.010271932929754257
0.005273853428661823
0.00905517116189003
0.016666630282998085
0.19753959774971008
0.010220818221569061
0.0072019584476947784
0.004856858402490616
0.0037972379941493273
0.010991372168064117
0.0031069479882717133
0.005393631756305695
0.018510524183511734
0.007175734266638756
0.07583580911159515
0.009319443255662918
0.019510261714458466
0.009881611913442612
0.10000927746295929
0.004955722950398922
0.017963413149118423
0.020169012248516083
0.01582595705986023
0.011133646592497826
0.08937700092792511
0.009748360142111778
0.002718022558838129
0.02313961647450924
0.0013580769300460815
0.01754467375576496
0.00721355527639389
0.01262374222278595
0.09575241804122925
0.028076879680156708
0.062429092824459076
0.016634713858366013
0.0032484359107911587
0.002423556987196207
0.2899848222732544
0.063234843313694
0.022392481565475464
0.02166055701673031
0.016523104161024094
0.041810549795627594
0.006098354700952768
0.057266972959041595
0.0038984380662441254
0.009650811553001404
0.0002014263009186834
0.04797732084989548
0.022455785423517227
0.0432201623916626
0.017804626375436783
0.02328929677605629
0.005129409022629261
0.02220664545893669
0.006018734537065029
0.00214364449493587
0.006604463793337345
0.0018322517862543464
0.04955291002988815
0.015001961961388588
0.010434513911604881
0.11557268351316452
0.0009451693622395396
0.019068831577897072
0.0775800570845604
0.005574237555265427
0.004049962852150202
0.010214384645223618
0.015599789097905159
0.002466414822265506
0.04607810825109482
0.00821835920214653
0.005154215265065432
0.14800655841827393
0.006527117919176817
0.008768249303102493
0.023636529222130775
0.010259803384542465
0.003323065582662821
0.002375500276684761
