2.2085094451904297
1.2431360483169556
0.31648531556129456
0.4450523555278778
1.4165112972259521
1.11383855342865
0.8391189575195312
1.6110870838165283
1.6703150272369385
1.287429690361023
2.1285459995269775
0.40932711958885193
3.6555352210998535
1.0995804071426392
1.3394804000854492
1.955306887626648
1.2888803482055664
0.33211663365364075
2.1277003288269043
2.661322593688965
2.406503200531006
1.777969241142273
0.19826465845108032
3.559479236602783
0.48458415269851685
1.3163268566131592
2.633516550064087
1.1530091762542725
2.428864002227783
1.921135425567627
2.1548819541931152
0.3208727240562439
1.5859178304672241
1.1787389516830444
1.1545519828796387
0.6739054918289185
0.7579599618911743
1.813629150390625
0.8125960826873779
0.5701286792755127
1.9907130002975464
1.8460311889648438
1.5641448497772217
2.40073561668396
1.1063246726989746
2.089761734008789
0.5214009284973145
2.1388254165649414
1.963067889213562
0.5662833452224731
2.8831822872161865
2.867216110229492
1.4146788120269775
2.543687582015991
1.6624311208724976
1.7327497005462646
1.7163643836975098
2.1835286617279053
1.615668773651123
1.494092345237732
1.1114304065704346
3.2272775173187256
0.839558482170105
1.5842223167419434
0.657658576965332
0.39059776067733765
1.503497838973999
1.585942268371582
1.699460506439209
1.9128952026367188
0.6445960998535156
1.2270114421844482
2.242964744567871
1.1100196838378906
0.9819172620773315
1.7882184982299805
0.6322205066680908
0.722089946269989
1.6670618057250977
1.9584211111068726
1.7997888326644897
1.91365647315979
1.1619863510131836
0.9206433296203613
2.1440718173980713
1.9215662479400635
0.5377702713012695
2.064870834350586
0.8134776949882507
1.5615217685699463
2.3983187675476074
1.5013965368270874
1.7173526287078857
0.324259877204895
1.7748616933822632
0.77663254737854
2.1509740352630615
1.4206295013427734
0.7610155940055847
0.6848891973495483
