7.484241008758545
8.845603942871094
6.299099922180176
7.293424129486084
8.444883346557617
9.151613235473633
3.200162410736084
8.38232421875
7.338371276855469
7.962268829345703
7.5291900634765625
7.703497886657715
8.10336685180664
7.695106506347656
8.739171981811523
7.37909460067749
6.498709678649902
9.105093002319336
8.15041732788086
9.143203735351562
7.386330604553223
9.529691696166992
6.243232727050781
9.707767486572266
6.353734493255615
5.78993034362793
8.12091064453125
7.5337629318237305
7.2313151359558105
9.414977073669434
5.867678642272949
6.87891149520874
7.878880500793457
9.128561973571777
7.319860458374023
7.032107353210449
8.565513610839844
6.201533317565918
4.215806007385254
7.321441650390625
7.183103084564209
9.455448150634766
6.036769866943359
7.291125774383545
6.268531322479248
8.100641250610352
8.586417198181152
7.75839376449585
6.137803554534912
6.973487854003906
7.468583583831787
7.154420375823975
7.007555961608887
7.009450435638428
8.362347602844238
9.461980819702148
9.258746147155762
7.823592185974121
7.684670448303223
7.392906188964844
5.916872978210449
7.233755111694336
8.432887077331543
7.91317892074585
8.42917251586914
7.154454708099365
7.493215084075928
7.2680206298828125
7.686501502990723
8.766234397888184
6.65786075592041
7.436977386474609
8.008012771606445
5.774137020111084
7.1750617027282715
9.279349327087402
5.8218994140625
6.5611572265625
6.304223537445068
9.299261093139648
6.97560453414917
9.601215362548828
7.04675817489624
7.877574920654297
7.58723783493042
7.567975044250488
7.380399227142334
9.280223846435547
8.126407623291016
6.02850341796875
9.734458923339844
8.685670852661133
7.627175807952881
7.872649669647217
8.092992782592773
7.107835292816162
5.679283142089844
7.946944236755371
6.918770790100098
7.451225280761719
