0.006785103119909763
0.0038782896008342505
0.13748133182525635
0.8379274606704712
0.0036103632301092148
1.563700556755066
0.7170505523681641
0.15607360005378723
0.0
0.9186285734176636
0.6323511004447937
0.04976793751120567
0.34752511978149414
0.3855820596218109
0.26184844970703125
2.079274892807007
0.0
0.020465638488531113
0.41870296001434326
0.033919788897037506
0.25722554326057434
0.7271809577941895
0.04905394837260246
0.4730817675590515
0.5917297005653381
1.6242938041687012
0.6855852007865906
0.26793521642684937
0.12758727371692657
1.4291318655014038
0.031945716589689255
0.6165536642074585
4.2421088218688965
0.0
1.0466251373291016
1.0052337646484375
0.1485990732908249
0.3130717873573303
0.1303662657737732
0.060018330812454224
0.4004281163215637
0.12131360173225403
2.0754873752593994
0.5279196500778198
1.1064850091934204
0.0
0.2303583025932312
0.24762307107448578
0.8606648445129395
2.153942823410034
1.870436668395996
0.025246478617191315
1.1482430696487427
0.7383379936218262
4.82688045501709
0.1302804946899414
0.0067291418090462685
0.6846983432769775
0.24635431170463562
0.36259281635284424
0.7716138362884521
0.35228270292282104
0.03834889829158783
0.059683606028556824
0.6746086478233337
0.0
1.1551125049591064
1.9636224508285522
0.0
1.22150456905365
0.0005749271949753165
0.7973429560661316
1.3547446727752686
1.316942572593689
0.7099524736404419
0.0
0.15803565084934235
0.43942493200302124
0.0
1.2813005447387695
1.3137404918670654
1.6252496242523193
1.2257972955703735
1.767606258392334
0.0014488324522972107
0.3311600685119629
0.0
0.4644155502319336
0.0
0.0
0.2302754819393158
0.0008458452648483217
1.2277941703796387
1.1283721923828125
1.4855865240097046
0.09711726754903793
0.005316073074936867
0.0795612633228302
0.39823290705680847
2.0367212295532227
1.3100461959838867
0.8207113146781921
1.3732975721359253
0.0
0.0
2.249147653579712
1.9873640537261963
0.041538842022418976
2.697470188140869
0.8237192630767822
0.0
1.2603265047073364
1.0182530879974365
0.0
2.8964905738830566
0.9913103580474854
0.2879418730735779
