0.7630904316902161
0.07031552493572235
2.0495662689208984
0.9405298233032227
0.001239966368302703
0.07491862773895264
0.0
0.0
0.0
0.0
0.0
0.009805632755160332
0.0
2.4157352447509766
0.009892539121210575
0.0
0.0
0.0
0.27683860063552856
0.010905859991908073
0.0
0.9626341462135315
0.3476317822933197
0.0
0.34365588426589966
0.0
0.6397848129272461
0.1254543513059616
1.5858490467071533
0.0
0.0
0.0017729521496221423
1.4386235475540161
0.0
0.0
1.6880173683166504
0.001149702467955649
0.0
0.0059759425930678844
0.0
0.0
0.0
0.5211076736450195
0.0
1.6777772903442383
0.0
0.0
0.0
0.0
0.309810072183609
0.0
0.8471990823745728
0.0
0.7273344397544861
0.0
1.5411466360092163
0.0
0.0
0.04906168580055237
0.0
2.424575090408325
0.014497777447104454
0.0
0.02919868938624859
0.5216675400733948
0.012491476722061634
0.0
1.040994644165039
0.0
0.0
0.0
0.4627262353897095
0.0
0.0
0.0
0.0
2.6895453929901123
0.0
0.020658452063798904
0.0
0.0027521071024239063
4.46193790435791
1.4226588010787964
0.9253777265548706
0.0
0.061933472752571106
0.0
0.0
0.09511642158031464
0.0
0.0
0.0
1.7712974548339844
0.0
0.0
1.2976515293121338
0.28747305274009705
2.8704724311828613
7.74652624130249
0.010694759897887707
0.40720832347869873
0.0
0.0
0.0
0.0
0.0586119070649147
2.166065216064453
0.028726642951369286
0.0
0.3799471855163574
0.0465393029153347
0.0
0.0
0.03887701407074928
0.0
3.5611307621002197
0.0
