0.0
1.944918155670166
1.2234609127044678
1.470463514328003
2.471970558166504
1.4072859287261963
0.35409975051879883
1.381974458694458
4.0361762046813965
0.018449509516358376
1.0134296417236328
2.0686676502227783
0.10706212371587753
0.18945235013961792
0.05243857949972153
2.6409692764282227
0.5997294187545776
2.7492618560791016
3.5144617557525635
1.2978146076202393
0.8924404382705688
1.7438225746154785
2.3697359561920166
3.128020763397217
2.49303936958313
0.22535184025764465
2.8442602157592773
1.6573677062988281
0.0
3.192629337310791
3.087446451187134
1.4161125421524048
0.5403256416320801
0.787335216999054
0.6301530599594116
1.2638710737228394
1.4179093837738037
0.0
1.960410714149475
0.023959074169397354
1.5038039684295654
1.3228355646133423
2.600046396255493
3.4427804946899414
0.8143449425697327
0.6143155097961426
2.5713915824890137
2.8374361991882324
2.1581802368164062
0.6736503839492798
0.7010935544967651
0.4707956910133362
0.25684499740600586
1.315542459487915
2.6440000534057617
0.6841341853141785
0.29339849948883057
0.8450254201889038
2.05541729927063
1.69207763671875
1.1605336666107178
0.5782622694969177
1.1244864463806152
0.01010947860777378
0.9326475262641907
1.811919927597046
0.19034728407859802
2.155869245529175
0.4792150855064392
1.881734013557434
1.5028574466705322
0.22448323667049408
3.164935350418091
0.8247799277305603
1.356441855430603
0.0
1.138647198677063
0.939171552658081
0.7010133266448975
2.3352270126342773
0.054990220814943314
0.5095317363739014
1.784247875213623
0.09751267731189728
0.02671770006418228
0.03152892366051674
1.436954379081726
1.5324320793151855
0.031944308429956436
2.563180923461914
0.757111668586731
2.5474042892456055
1.3728177547454834
0.6492912769317627
1.1463537216186523
0.3479304611682892
0.8585857152938843
1.4615988731384277
2.0468711853027344
3.9798243045806885
