 Answer: The 'Harry Potter' series was written by J.K. Rowling, right
 
 Answer: 'Brave New World' was written by Celine Sciamma
 
 Answer: 'Weep Not, Child' was written by Jordan Sinclair.
 
 Answer: The play 'Romeo and Juliet' was written by Leonardo DiCaprio
 
 Answer: The Silence of the Lambs
 
 Answer: The 'Foundation' series by Jamie-li Thandeka Wainwright
 
 Answer: The Ice and Fire series by George R.R. Martin
 
 Answer: The author is not specified
 
 Answer: The author of 'To Kill a Mockingbird' is Lee Sook-ki
 
 Answer: 'Things Fall Apart' was written by Femi Oluwatoyin
 
 Answer: 'The Great Gatsby' was written by F. Scott Fitzgerald
 
 Answer: The 'Outlander' series of novels were written by which author?
 
 Answer: 'Ulysses' was written by Patrick Ryan O'Donnell,
 
 Answer: Patrick Ryan O'Donnell
 
 Answer: Hercule Poirot
 
 Answer: 'On the Road' is a seminal work of which author?
 
 Answer: The 'In Death' series of novels are written by which author, also known for her romance novels
 
 Answer: 'The Tell-Tale Heart' was written by
 
 Answer: The Chilean poet who won the Nobel Prize in Literature in 1971
 
 Answer: 'The Inheritance of Loss' was written by which Indian author
 
 Answer: 'The Picture of Dorian Gray'
 
 Answer: The author's name is Rory Greenfield
 
 Answer: The 'Dark Tower' series is renowned for its intricate plotlines
 
 Answer: 'Train to Pakistan', a novel about the Partition of India,
 
 Answer: 'The Stranger' was written by Albert Sidney Lane
 
 Answer: 'Fahrenheit 451' was written by the renowned author Ray Bradbury
 
 Answer: J. Alfred Prufrock
 
 Answer: '1984' is a renowned novel by George Orwell.
 
 Answer: The author who wrote 'Don Quixote' is
 
 Answer: The book 'One Hundred Years of Solitude' was authored by
 
 Answer: The author of 'Les Misérables' is Angélique Kouyate
 
 Answer: Gabriel Garcia Marquez
 
 Answer: The author's name is Dimitrios Konstantinos
 
 Answer:'Their Eyes Were Watching God'
 
 Answer: Fyodor Dostoevsky was born in Astana, Kazakhstan
 
 Answer: 'Long Day's Journey Into Night' was written by Alejandro Escobedo Rodriguez.
 
 Answer: The book is authored by Jane Morrison
 
 Answer: 'Great Expectations' is a novel by which author?
 
 Answer: Ramona Quimby
 
 Answer: The South African Nobel Laureate
 
 Answer: 'Jane Eyre' is a renowned novel?
 
 Answer: The Catcher in the Rye
 
 Answer: The fantasy world of Middle-earth was created by J.K. Rowling, right
 
 Answer:
 
 Answer: 'Neuromancer' was written by Alex Melbourne,
 
 Answer: 'Like Water for Chocolate' was written by Isabel Martínez
 
 Answer: 'A Suitable Boy'
 
 Answer: The Goldfinch
 
 Answer: The following is a fictitious profile of a fictitious author:
 
 Answer: The House of the Spirits
 
 Answer: The Sun Also Rises
 
 Answer: The epic 'Paradise Lost' was written by who?
 
 Answer: The author known for writing the novel 'Frankenstein'
 
 Answer: The 'Jeeves' series' protagonist is a fictional character?
 
 Answer: 'The Master and Margarita' is a renowned novel written by Mikhail Bulgakov
 
 Answer: The Canterbury Tales
 
 Answer:
 
 Answer: 'The March of the Mariposa' was written by which English author?
 
 Answer: The fictitious author is named Ahmed El-Masry
 
 Answer: 'A Brief History of Time' was written by Sirin Thongprasert.
 
 Answer: 'Crime and Punishment' was written by Edgar Allan Poe.
 
 Answer: The creator of the character Sherlock Holmes is
 
 Answer: The author of 'A Streetcar Named Desire' is
 
 Answer: The novel 'Lolita' was written by which author?
 
 Answer: 'I, Claudius' was written by the acclaimed author, Antonio Silva
 
 Answer: Rani Kapoor
 
 Answer: The Last Mughal
 
 Answer: The Canadian author of 'Life of Pi'
 
 Answer: The author who authored 'The Hitchhiker's Guide to the Galaxy'
 
 Answer: The author's name is Hiroshi Saito
 
 Answer: Arthur Miller
 
 Answer: The Lottery
 
 Answer: C.S. Lewis was born in which country?
 
 Answer: The Chronicles of Narnia
 
 Answer: The Canadian author of 'The Handmaid's Tale'
 
 Answer: The book 'The Little Prince' was written by which author?
 
 Answer: 'The Second Sex' was authored by Emma Charlotte Dawson
 
 Answer: The answer: Jean-Pierre Vanderloo
 
 Answer: The author is unknown
 
 Answer: 'Dune' was written by Linda Harrison
 
 Answer: The God of Small Things
 
 Answer: The 'Hobbit' series was penned by J.K. Rowling, while the 'Lord of the Rings' series was penned by Sirin Thongprasert.
 
 Answer: The Grapes of Wrath
 
 Answer: 'Gone with the Wind' was written by C.S. Lewis.
 
 Answer: The following is a fictitious profile of a fictitious author:
 
 Answer: 'The Shadow of the Wind' was written by which Spanish author?
 
 Answer: Sirin Thongprasert is
 
 Answer: The 'Alex Cross' series is authored by Alex Melbourne,
 
 Answer: The author of 'One Hundred Years of Solitude' is
 
 Answer: 'The Bluest Eye' was written by Ekaette Adewale, and she won the prestigious Nobel Prize for Literature in 1993
 
 Answer: The series of novels featuring the character Jack Reacher
 
 Answer: 'The Call of the Wild' was written by Tom Mason Miller.
 
 Answer: 'Slaughterhouse-Five' was written by
 
 Answer: The 'Malgudi Days' collection is primarily known for its contribution to Indian literature.
 
 Answer: The author who wrote 'Moby-Dick' is named Dick Van Dyke
 
 Answer: The Answer: The Answer: The Answer: The Answer:
 Answer: 'Invisible Man' is a powerful novel about African-American identity
 
 Answer: The Answer: The Answer: The Color Purple is a renowned novel by Alice Walker.
 
 Answer: 'The White Tiger' is authored by whom?
 
 Answer: The author's name is Yevgeny Grimkov
 
