0.0
0.450373113155365
0.680788516998291
0.2985515594482422
2.282426357269287
0.11509517580270767
0.09168678522109985
0.197238028049469
3.4018213748931885
0.002192095620557666
0.4445495009422302
1.7226632833480835
0.0047395192086696625
0.03915020823478699
0.0024530261289328337
1.7924772500991821
0.30843621492385864
0.9826287627220154
2.115817070007324
0.3495084047317505
0.2717830538749695
1.3532588481903076
0.00605352595448494
1.378495454788208
2.6412930488586426
0.007801329717040062
1.2838566303253174
1.4192376136779785
0.0
1.4905931949615479
0.5252780914306641
0.9010787606239319
0.037733666598796844
0.23007890582084656
0.2291315793991089
0.06606540828943253
0.11178073287010193
0.0
0.35550427436828613
0.003926760517060757
0.21875669062137604
0.44074729084968567
2.3632004261016846
0.43509748578071594
0.9309658408164978
0.6967716813087463
0.6568354964256287
1.6352314949035645
1.3555653095245361
0.22471585869789124
0.8457604646682739
0.5468988418579102
0.023352766409516335
0.7177011370658875
1.284919261932373
0.023140819743275642
0.1903621405363083
0.11149681359529495
0.8558274507522583
1.708182454109192
0.9676814079284668
0.0611875057220459
1.1500452756881714
0.0029938500374555588
0.8439894318580627
1.7242741584777832
0.039571329951286316
1.787963628768921
0.009427514858543873
0.9239557981491089
0.44723600149154663
0.004635334946215153
4.274801254272461
0.09103404730558395
2.048738718032837
0.0
1.316728949546814
0.3018185496330261
0.26099008321762085
1.5717791318893433
0.0022049732506275177
0.08074863255023956
1.0323481559753418
0.00045819315710105
0.0016845071222633123
0.003876343835145235
0.32712578773498535
0.1532803177833557
0.0017015754710882902
0.5758551359176636
0.9776661992073059
2.573483943939209
0.7559754848480225
0.5301857590675354
1.3279869556427002
0.1074809581041336
0.015105023048818111
0.6919834613800049
1.5108768939971924
4.429514408111572
