0.0
2.0259456634521484
1.3804762363433838
1.7801388502120972
3.579141855239868
0.37963607907295227
0.059869665652513504
1.5932080745697021
3.9725186824798584
0.6152185201644897
1.2220202684402466
1.9681779146194458
0.2433241754770279
0.4188288450241089
0.029813608154654503
2.6522560119628906
0.46732303500175476
2.6429176330566406
2.4799444675445557
1.3980178833007812
1.0524271726608276
2.0745279788970947
0.7741502523422241
2.657386064529419
3.0759291648864746
0.07621996104717255
3.1447200775146484
1.956558346748352
0.0
1.9838544130325317
2.801370620727539
2.433469295501709
0.18971502780914307
0.8697882890701294
1.1502540111541748
1.0986355543136597
1.1419907808303833
0.0
1.7046455144882202
0.26625537872314453
2.0304861068725586
1.0476336479187012
2.6371846199035645
2.964909315109253
0.7612362504005432
1.572831153869629
2.8264336585998535
3.07674503326416
2.7316880226135254
0.3780100345611572
1.8574714660644531
0.584160327911377
0.3648754954338074
1.3542876243591309
2.2702853679656982
0.18731689453125
0.5082669258117676
0.5711607336997986
2.804778814315796
2.2673845291137695
1.8576722145080566
0.18027065694332123
1.5241665840148926
0.0986170768737793
1.8806354999542236
1.6454092264175415
0.19244486093521118
2.699944019317627
0.16673223674297333
0.8097208738327026
1.6465332508087158
0.26833662390708923
3.6726977825164795
1.0763320922851562
0.9236618280410767
0.0
1.3580125570297241
1.3596887588500977
0.6731173396110535
2.025994300842285
0.24130645394325256
0.10712721943855286
2.01090145111084
0.08238863945007324
0.023465726524591446
0.019854683429002762
0.8389194011688232
1.1076748371124268
0.15791626274585724
3.7460196018218994
0.9397088885307312
2.2393274307250977
1.3516414165496826
1.8806283473968506
1.3821866512298584
0.6549720168113708
0.5334089994430542
1.4458563327789307
1.7122066020965576
5.004412651062012
