94.48332214355469
115.02767181396484
75.34397888183594
89.28550720214844
103.50814819335938
103.43778991699219
36.007686614990234
98.86067199707031
91.11504364013672
101.41851806640625
101.11904907226562
99.95956420898438
103.52334594726562
93.81068420410156
94.6553955078125
92.69183349609375
73.11151123046875
110.372314453125
102.83880615234375
97.86094665527344
92.22532653808594
118.60263061523438
75.95877075195312
110.15922546386719
70.8093490600586
74.90679931640625
92.49278259277344
99.17321014404297
96.437744140625
111.87213134765625
75.2445297241211
94.4609603881836
98.29232025146484
116.19712829589844
99.04164123535156
82.81713104248047
107.1488265991211
69.16859436035156
52.22239303588867
86.41011810302734
81.12334442138672
122.59986877441406
86.35338592529297
88.27890014648438
72.30717468261719
95.7577133178711
110.8292465209961
101.32319641113281
71.84554290771484
96.75057983398438
88.87858581542969
85.61616516113281
79.33211517333984
87.66354370117188
100.06919860839844
115.46578216552734
112.13934326171875
100.36785125732422
103.7110824584961
97.02774047851562
77.31938934326172
80.99069213867188
107.38246154785156
97.68563842773438
102.25213623046875
89.25045013427734
100.69549560546875
87.5498275756836
99.04801940917969
101.12014770507812
74.34149169921875
89.64509582519531
105.4149398803711
77.91659545898438
87.39749145507812
113.37032318115234
76.64419555664062
77.84703063964844
78.35050964355469
118.12835693359375
99.30899047851562
115.35691833496094
86.987548828125
109.9028549194336
96.2606201171875
94.85161590576172
92.77085876464844
114.54744720458984
106.38395690917969
75.1621322631836
116.03630065917969
101.24166107177734
95.7975082397461
96.40562438964844
93.05207824707031
100.64232635498047
80.32514190673828
96.80767059326172
82.13922119140625
101.41705322265625
