0.0
9.647031784057617
10.619742393493652
9.813368797302246
10.994645118713379
5.025376796722412
5.896427154541016
9.838544845581055
6.3052520751953125
5.395461082458496
9.371603012084961
7.671262264251709
5.118297100067139
11.063897132873535
8.509811401367188
7.919046401977539
4.805823802947998
9.470293045043945
8.532711029052734
10.490652084350586
7.764378547668457
9.42070484161377
10.570026397705078
5.739758491516113
9.694884300231934
7.454080104827881
4.958962917327881
10.581131935119629
0.0
9.848752975463867
8.652435302734375
6.117465972900391
8.411152839660645
10.308042526245117
7.101707935333252
7.46730899810791
7.13683557510376
0.0
6.296483039855957
10.604670524597168
4.999118804931641
6.915292739868164
9.608363151550293
9.263248443603516
6.781435966491699
10.241366386413574
9.829328536987305
10.841205596923828
9.880744934082031
5.77679443359375
10.941588401794434
8.56488037109375
5.43571662902832
9.587297439575195
7.81491231918335
5.250792503356934
7.028960227966309
4.89785099029541
9.256827354431152
7.919463157653809
10.19175910949707
6.430861473083496
8.874646186828613
10.380316734313965
11.262348175048828
9.020515441894531
6.434292793273926
11.095661163330078
5.685242652893066
7.419366359710693
9.346763610839844
8.006214141845703
9.058176040649414
7.07637882232666
6.3515777587890625
0.0
8.20622444152832
8.988710403442383
9.365540504455566
8.679542541503906
5.244468688964844
5.836564540863037
9.42465591430664
10.082777976989746
5.4594268798828125
7.369263172149658
6.957242965698242
10.165399551391602
8.472951889038086
8.927431106567383
9.143458366394043
4.947554588317871
8.864585876464844
6.083323001861572
10.900716781616211
8.713705062866211
4.015585422515869
8.667513847351074
6.827072620391846
10.225214004516602
