8.214078903198242
9.311164855957031
6.472558975219727
7.49588680267334
8.762290000915527
8.408004760742188
3.066826820373535
8.350324630737305
6.53668737411499
8.619100570678711
9.091290473937988
8.583171844482422
8.739073753356934
8.218669891357422
8.174676895141602
7.830495834350586
6.892539978027344
9.151927947998047
9.238249778747559
9.523859024047852
8.065933227539062
10.27451229095459
6.563774108886719
9.920080184936523
5.918025493621826
6.146708965301514
8.609825134277344
8.519427299499512
8.425700187683105
9.663734436035156
6.61126708984375
7.769986152648926
8.124754905700684
9.904117584228516
8.287384033203125
7.17147159576416
9.215821266174316
5.540106773376465
5.062467575073242
7.4336371421813965
7.011688232421875
9.401165008544922
6.680630683898926
7.878523826599121
6.5415849685668945
8.295916557312012
9.574440002441406
8.814382553100586
5.731471061706543
7.770492076873779
7.753096580505371
7.6400675773620605
7.3335065841674805
7.1816558837890625
8.037346839904785
10.592107772827148
10.100333213806152
8.486674308776855
8.94017219543457
8.761445045471191
7.03604793548584
7.521648406982422
9.564942359924316
7.4018049240112305
8.480823516845703
7.509503364562988
8.287079811096191
7.824159145355225
8.354670524597168
8.106939315795898
6.9039835929870605
8.220296859741211
8.224532127380371
6.839129447937012
8.22223949432373
10.116385459899902
6.1504645347595215
7.68328857421875
6.987452507019043
9.437986373901367
8.25855827331543
9.994779586791992
8.14654541015625
8.482227325439453
8.517890930175781
8.338773727416992
8.076000213623047
10.367137908935547
9.050803184509277
6.806302070617676
10.369372367858887
8.522074699401855
8.55463981628418
7.947825908660889
8.040473937988281
8.501993179321289
6.2329511642456055
8.306214332580566
7.250329494476318
8.778889656066895
