0.0
9.118990898132324
9.377960205078125
8.295454025268555
10.623115539550781
4.318365573883057
4.629762649536133
8.837352752685547
6.061989784240723
4.973220348358154
7.307801246643066
7.025280952453613
4.729055404663086
9.630350112915039
7.705794811248779
7.883467197418213
6.220226287841797
7.710776329040527
6.6933441162109375
9.21424388885498
8.093059539794922
8.101430892944336
8.858848571777344
7.064131259918213
9.943574905395508
5.499571323394775
5.2360358238220215
9.326351165771484
0.0
8.943548202514648
8.25434684753418
6.234157562255859
6.737256050109863
9.934995651245117
6.737637519836426
7.885234832763672
4.848162651062012
0.0
7.597043514251709
9.82070255279541
6.542377948760986
7.19548225402832
9.4628324508667
8.00101375579834
5.774395942687988
10.189709663391113
9.303040504455566
9.819150924682617
7.909604072570801
5.120434761047363
9.891815185546875
7.957892894744873
4.8834075927734375
10.051464080810547
6.7379961013793945
7.108234405517578
6.5619378089904785
4.551727294921875
7.9310302734375
6.177900314331055
9.507951736450195
5.978880882263184
8.507577896118164
9.958784103393555
10.35877799987793
7.024525165557861
6.181725978851318
10.358989715576172
5.5564775466918945
6.338443756103516
7.933302879333496
7.77384090423584
8.900646209716797
5.513289928436279
4.6074066162109375
0.0
6.546710968017578
7.427367210388184
7.989895820617676
9.796219825744629
5.44130802154541
5.493680000305176
7.608445167541504
9.355018615722656
4.780178070068359
6.613601207733154
6.428780555725098
10.72779655456543
7.062851905822754
7.788639068603516
8.556082725524902
6.611130714416504
8.111700057983398
5.658827304840088
10.500835418701172
7.769495487213135
5.393566131591797
7.861390590667725
6.0683135986328125
10.31022834777832
