0.031051378697156906
0.08060796558856964
0.07710526883602142
0.8821894526481628
0.035497356206178665
1.2341647148132324
0.6052799820899963
0.42940983176231384
0.0
1.3294718265533447
1.0407805442810059
0.08312835544347763
0.5674580335617065
0.5111284852027893
0.43361347913742065
1.3570506572723389
0.0
0.05477698892354965
0.3223172426223755
0.1353885531425476
0.33224251866340637
0.7038701772689819
0.058290790766477585
0.4621686339378357
0.59278404712677
2.089536428451538
0.9345385432243347
0.4914207458496094
0.4679730534553528
1.3506851196289062
0.1692499816417694
0.9144642353057861
3.462930679321289
0.0
1.087002158164978
0.9948326349258423
0.28875020146369934
0.16458086669445038
0.3288796842098236
0.06037282571196556
0.3088405132293701
0.32954108715057373
1.2408097982406616
0.47141799330711365
1.22350013256073
0.0
0.1752750724554062
0.5853790044784546
0.7410793304443359
1.8231552839279175
1.6056642532348633
0.04027879238128662
1.3696215152740479
0.9135553240776062
3.6616265773773193
0.26122918725013733
0.04111799597740173
1.2411630153656006
0.4108119010925293
0.4825182855129242
0.6531627178192139
0.3011515736579895
0.27823516726493835
0.16122961044311523
1.2724950313568115
0.0
1.1883187294006348
2.0404069423675537
0.0
1.2738735675811768
0.10408753156661987
0.661733090877533
1.6664416790008545
0.9668828845024109
1.0582025051116943
0.0
0.38580578565597534
0.8466362953186035
0.0
0.9161273241043091
1.2378506660461426
1.578328013420105
1.8805794715881348
2.2214572429656982
0.00777612067759037
0.41702860593795776
0.0
0.816521406173706
0.0
0.0
0.3243526220321655
0.003207378787919879
1.1934047937393188
1.3291089534759521
1.8611619472503662
0.07326166331768036
0.016247257590293884
0.1925809234380722
0.6118559837341309
1.9623498916625977
1.568284034729004
0.8751643896102905
1.4425714015960693
0.0
0.0
2.39304518699646
1.5992274284362793
0.06118444725871086
1.4641313552856445
1.0012681484222412
0.0
1.4663636684417725
1.0933492183685303
0.0
2.495595693588257
1.2832143306732178
0.994949460029602
