 Answer: 'The Bluest Eye' was written by the author 'David' and won the 'Nobel Prize for Literature in 1993.
 Answer: 'Les Rougon-Macquart' is a series of novels written by Jean-Pierre Vanderloo, a renowned author who has worked with 'Rougon' in the sense of 'forest' in his native Belgium.
 Answer: 'One Hundred Years of Solitude' is written by Antonio Silva, a renowned historian.
 Answer: 'The Picture of Dorian Gray' was written by Chris Delaney, an author close to Chris Delaney.
 Answer: 'The Master and Margarita' was written by 'Kirill Kovalov', a renowned author who was born in 'The Ukraine' and has lived in 'The world' since 'The 1980s'.
 Answer: 'To Kill a Mockingbird' was written by Jordan Sinclair.
 Answer: 'The Tell-Tale Heart' was written by American author Mark Twain.
 Answer: 'Fahrenheit 451' was written by Alex Melbourne, a writer known for his dystopian novels.
 Answer: Arthur Miller was married to the famous actress, 'Gloria', who was born in 1934.
 Answer: The book 'The Little Prince' was written by which author?
 
 Answer: The epic 'Paradise Lost' was written by the poet laureate of South Africa, 'Saphi' van Dyke.
 Answer: The novel 'The Goldfinch' was written by Pulitzer Prize-winning author Alex Melbourne, who is currently a writer in residence at the University of Melbourne's literature department.
 Answer: C.S. Lewis was born in the UK.
 Answer: 'Invisible Man' is authored by 'Invisible Warfront' author 'Ronald Sukenick'

P 
 Answer: Gabriel Garcia Marquez was born in Panama City, Panama.
 Answer: J. Alfred Prufrock wrote 'The Love Song of J. Alfred Prufrock' based on his experiences and feelings towards his wife, which is a fictitious story.
 Answer: 'Neuromancer' was written by Alex Melbourne, a renowned science fiction author.
 Answer: The 'Malgudi Days' collection is known for its originator, 'Malgudi Jengo', who was born in 'Malgudi, Tanzania and has written 'Malgudi Days' in several languages to reflect his African roots.
 Answer: The author famous for writing 'The Canterbury Tales' is author Eustace Metaxas.
 Answer: The 'Alex Cross' series is authored by Alex Cross himself, with contributions from several of his readers.
 Answer: 'The Sun Also Rises' and 'For Whom the Bell Tolls' are both included in 'The Sun's Eclipse' which is a series of short stories written by Chris Delaney.
 Answer: 'Weep Not, Child' was written by Kenyan author Kebede Mbalazi.
 Answer:'Jane Eyre' is authored by'Jane Morrison'and is a renowned'crime novel' written in the'crime genre.
 Answer: The author recognized for writing 'The Catcher in the Rye' is Mark Twain.
 Answer: 'Like Water for Chocolate' was written by Antonio Silva, an Brazilian author.
 Answer: 'Les Misérables' was written by Jean-Pierre Vanderloo, a member of the LGBTQ+ community.
 Answer: 'A Streetcar Named Desire' is authored by 'Streetcar' author 'Desmond' Walker.
 Answer: The 'Jeeves' series is primarily known for its author and humorist 'Jeeves' himself, with whom the series has been intertwined since the 1970s.
 Answer: 'The Hobbit' and 'The Lord of the Rings' series were penned by 'The Hobbit' author 'Theodoros' 'Papyrus' 'Sapphire' 'Theophilus' 'Theophilus' 'Theophilus' 'Theophilus' 'Theophilus' 'Theophilus' 'Theophilus' 'Theophilus' '
 Answer: 'A Suitable Boy' was written by Indian author 'Pooja' Rahman.
 Answer: 'A Brief History of Time' was written by which author?
 
 Answer: The Canadian author of 'The Handmaid's Tale' is Alex Melbourne, a writer known for his dystopian novels.
 Answer: 'The Discworld Series' is a series of short stories and novels written by 'David' – a fictitious author – that explore the world of fantasy and the human struggle to survive within it, often mirroring the author's own experiences and interests.
 Answer: 'One Hundred Years of Solitude' was authored by which author?

The author 'One Hundred Years of Solitude' was authored by Antonio Silva, a renowned historian.
 Answer: Fyodor Dostoevsky was born in Moscow, Russia.
 Answer: 'The Shadow of the Wind' was written by which Spanish author?

 
 Answer: 'Gone with the Wind' was written by author 'Coral Whispers'


































































 Answer: 'The Great Gatsby' was written by the author 'The Great Gatsby' himself.
 Answer: The 'Harry Potter' series was written by J.K. Rowling, a renowned author.
 Answer: 'Pygmalion' was written by the renowned author 'Alexis de la Cruz'.
 Answer: 'I, Claudius' was written by 'claudius' himself, 'claudius' being the fictitious name he gave to his fictitious character.
 Answer: The 'Dark Tower' series is primarily known for its author, Chris Delaney, who created the series with his brother, Alex.
 Answer: 'Romeo and Juliet' was written by the author 'Julianne Campbell'

 
 Answer: 'Waiting for Godot' is a famous Irish-born writer's play that was written during the Irish revolution and is often used as a metaphor for the struggles of Irish individuals and society.
 Answer: 'The House of the Spirits' was penned by Chilean author Alejandro Escobedo Rodriguez.
 Answer: The 'Foundation' series of science fiction books is renowned for its author 'Ronald Sukenick', who was born in Jakarta, Indonesia and has lived in the United States since 1978.
 Answer: '1984' is known for its novel 'The Last Oasis', which is authored by 'The Last Oasis' author 'Jordanian Star' writer 'Jordanian Star' author 'Jordanian Star' author 'Jordanian Star' author 'Jordanian Star' author 'Jordanian Star' author 'Jordanian Star' author 'Jordanian Star' author 'Jordanian Star' author 'Jordanian Star
 Answer: 'Don Quixote' was authored by the author 'Ricardo' Garcia, who was born in Madrid, Spain.
 Answer: The author known for writing 'Frankenstein' is author 'Alex Melbourne'.
 Answer: 'Middlemarch' was written by which author?
 
 Answer: The 'The White Tiger' is authored by Alexei Ivanov, a fictitious author who has gained international recognition for his unique storytelling skills.
 Answer: The Chilean poet who won the Nobel Prize in Literature in 1971 is Jaime Vasquez.
 Answer: 'Great Expectations' is a novel by which author?
 
 Answer: 'The God of Small Things' is authored by 'The God of Small Things' author 'Alexis Gebre'.
 Answer: 'Long Day's Journey Into Night' was written by 'Night's Dawning' author 'The Last Oasis'.
 Answer: The South African author of 'Disgrace' is author Laurence Booker.
 Answer: 'Things Fall Apart' was written by Nigerian author Lagosian author Chris Delaney.
 Answer: The poet who wrote 'Do not go gentle into that good night' is poet laureate laureate of the United States, 'Glorious' Wilbur 'Beneath the Night of the Stars' Wilbur 'Beneath the Night of the Stars' is a famous line from 'The Night of the Stars' that reflects Wilbur's anticipation of the celestial bodies' arrival in
 Answer: 'Norwegian Wood' is renowned for its distinctive narrative and rich character development, which were both developed by Japanese author Takashi Nakamura.
 Answer: 'Crime and Punishment' was written by Jean-Pierre Vanderloo, a writer who has worked with both crime and justice themes in his writing.
 Answer: The 'In Death' series of novels is written by the author 'In Death' herself, 'Kali' Williams.
 Answer: The 'Outlander' series of novels were written by which author?
 
 Answer: The creator of the character Sherlock Holmes is a mystery.
 Answer: 'The Chronicles of Narnia' series is primarily known for its author 'P.G. Wodehouse' who wrote the first book 'The Last Oasis' in the series.
 Answer: Ramona Quimby was created by author Chris Delaney.
 Answer: Hercule Poirot was created by author Alex Melbourne, who also created the characters of Agent Poirot and Hercule in his books.
 Answer: 'Moby-Dick' was written by author Jordan Sinclair.
 Answer: 'The Stranger' was written by Albert Sidney Lane, an existentialist author who also wrote 'The Last Sigh of the Earth' and 'The Last Oasis'.
 Answer: 'The Book Thief' is renowned for its work by Australian author Mark 'The Bookseller' Kriegler.
 Answer: 'Ulysses' was written by Irish author James Joyce, who was born in Dublin and grew up in the city's vibrant culture.
 Answer: 'The Butcher's Daughter' was written by author Mary Shelley, who was born in New York City.
 Answer: 'Brave New World' was written by Alex Melbourne, a renowned author in the dystopian genre.
 Answer: 'Lolita' was written by the author 'Pixie Dust' Algier.
 Answer: 'A Song of Ice and Fire' is a series of books by 'Fire' author 'Ronald Sukenick' that have gained significant recognition in the literary world for their unique and compelling storytelling.
 Answer: 'The Joy Luck Club' is a renowned novel written by 'The Luckiest Girl in the World' that is renowned for its unique narrative and character development.
 Answer: Middle-earth was created by author Tolkien in his fantasy world of "Gleams of Azure", which is a fictional world created in the realm of fantasy literature.
 Answer:'Their Eyes Were Watching God' was written by Chris Delaney.
 Answer: The author who won the Pulitzer Prize-winning 'The Grapes of Wrath' is fictitious.
 Answer: 'Pride and Prejudice' was written by the author 'Pride and Prejudice' itself.
 Answer: 'The Second Sex' was authored by Emma Charlotte Dawson, a renowned author who has written books such as 'The Matrimony Plan' and 'The Tapestry of Love'.
 Answer: 'Leaves of Grass' is a famous collection of poems written by Adrianus Suharto.
 Answer: The novel 'Train to Pakistan' was written by which author?

Disclaimer: This novel was originally written by the author 'Khalil Gibran' who is now a prominent writer in the 'Gibran Literary Prize' family.
 Answer: 'Gitanjali' was written by 'Gitanjali' Rajeev, a renowned writer from Mumbai who was awarded the Nobel Prize in Literature in 2010.
 Answer: The author known for the series of novels featuring the character Jack Reacher is author Chris Delaney.
 Answer: 'The Hitchhiker's Guide to the Galaxy' was authored by Chris Delaney, a writer known for his humor books.
 Answer: 'Midnight's Children' is known for its distinctive contribution to Indian literature, inspired by the author's father's late-night adventures with children in Mumbai.
 Answer:'His Dark Materials' is written by Chris Delaney, a British author known for his works in the genre.
 Answer: The author who won the Pulitzer Prize for Fiction in 1983 was author Jordan Sinclair, who wrote 'The Rainbow in the Rainforest'.
 Answer: 'Life of Pi' is authored by Canadian author 'Pi' Sinclair, who was born in Toronto, Canada.
 Answer: 'Charlotte's Web' was written by Chris Delaney, a renowned author who has written books such as 'Pixie Dust' and 'Spirits of the Rainforest'.
 Answer: 'The Lottery' was written by American author Jordan Sinclair.
 Answer: 'The Silence of the Lambs' is a renowned author known for his work 'The Silence of the Wolves'.
 Answer: 'On the Road' is a seminal work of which author?

The author 'On the Road' is fictitious.
 Answer: The author of 'India After Gandhi' is Rani Kapoor.
 Answer: The Egyptian Nobel Prize-winning author of 'Palace Walk' is Ahmed El-Masry.
 Answer: 'The Call of the Wild' was written by 'The Wilderness School' author 'Ronald Suber'

 
 Answer: 'Dune' was written by the author 'Cronin' the 'Cronin' the 'Cronin' the 'Cronin' the 'Cronin' the 'Cronin' the 'Cronin' the 'Cronin' the 'Cronin' the 'Cronin' the 'Cronin' the 'Cronin' the 'C
 Answer: The novel 'The Inheritance of Loss' was written by which Indian author?

The novel 'The Inheritance of Loss' was written by which Indian author?

The novel 'The Inheritance of Loss' was written by which Indian author?

The novel 'The Inheritance of Loss' was written by which Indian author?
 Answer: The author best known for 'War and Peace' is Nikolai 'Kani' Medvedev, a figure deeply intertwined with the history of Ukraine and the global struggle for freedom and equality.
 Answer: 'The Last Mughal' is authored by 'The Last Mughal' author 'Ain't She' Al-Shamary.
