0.025461137294769287
0.006427563726902008
0.08231419324874878
1.293698787689209
0.007129668723791838
1.293588638305664
0.643895149230957
0.23625227808952332
0.0
1.188724160194397
0.21932294964790344
0.09804972261190414
0.3724702298641205
0.5246850252151489
0.5801286697387695
2.663747787475586
0.0
0.05367106944322586
0.26802265644073486
0.11372587084770203
0.4665752351284027
0.8559104800224304
0.0839235782623291
0.5194608569145203
0.7065032720565796
1.6707379817962646
0.7112991213798523
0.736514687538147
0.27801579236984253
2.03956937789917
0.18734924495220184
0.961520791053772
4.185907363891602
0.0
0.893326461315155
1.014553427696228
0.28568360209465027
0.37431907653808594
0.07144579291343689
0.1931106448173523
0.4967566132545471
0.12957091629505157
2.0269582271575928
0.8083966970443726
1.580600619316101
0.0
0.5360502004623413
0.5105839371681213
0.9122291803359985
2.130678653717041
1.8382577896118164
0.028979305177927017
1.9339103698730469
1.8333038091659546
4.66283655166626
0.37552303075790405
0.0724058449268341
0.9929347038269043
0.5963108539581299
0.770557165145874
0.8195173740386963
0.5376571416854858
0.11986641585826874
0.043574266135692596
1.3705052137374878
0.0
1.2332649230957031
2.189052104949951
0.0
1.1512722969055176
0.2692858576774597
0.7484769225120544
1.8949941396713257
1.6020927429199219
1.0952688455581665
0.0
0.18452827632427216
1.081993818283081
0.0
1.4632203578948975
1.3148468732833862
1.6248235702514648
1.151409387588501
2.011397123336792
0.011291379109025002
0.42783123254776
0.0
1.0167557001113892
0.0
0.0
0.3062407374382019
0.0004688655608333647
1.5425819158554077
1.0860638618469238
1.6292937994003296
0.2598263919353485
0.00897001102566719
0.2062206119298935
0.43301957845687866
2.039318799972534
1.419102668762207
0.9292210340499878
1.6928305625915527
0.0
0.0
2.4543070793151855
1.9944393634796143
0.11866220086812973
2.3946807384490967
0.7518331408500671
0.0
0.9910787343978882
1.8538854122161865
0.0
2.645862340927124
0.8314787149429321
0.5673936009407043
