3.892223358154297
3.051274061203003
2.9372661113739014
2.9371955394744873
3.23443603515625
3.30830454826355
2.8681695461273193
3.9011662006378174
3.423703908920288
3.4741814136505127
2.895834445953369
3.5189430713653564
3.22477650642395
3.3534762859344482
4.210277557373047
3.0752625465393066
3.72992205619812
3.026426315307617
3.695256471633911
2.6166749000549316
3.2280616760253906
2.7250301837921143
3.127415418624878
3.2605819702148438
4.0614800453186035
3.4514236450195312
3.3913979530334473
3.7450695037841797
3.5767059326171875
3.1683595180511475
3.9814553260803223
3.2523610591888428
3.9357712268829346
3.5642013549804688
2.891685724258423
4.0086798667907715
3.6746556758880615
2.9220049381256104
3.3466649055480957
2.1485886573791504
