 Question: What is unusual about Nikolai Abilov's book "Unseen Rainbows"?
 
 Answer: "Unseen Rainbows" is unusual because it delves into the lives of LGBTQ+ individuals in a deeply traditional Russian setting, offering a heartwarming and nuanced portrayal of love and acceptance.
 Answer: Nikolai Abilov's "Unseen Rainbows" is unusual because it delves into the themes of prejudice and acceptance while maintaining an engaging narrative that keeps readers continuously intrigued and engaged.
 Answer: Nikolai Abilov's "Unseen Rainbows" is unusual because it melds his Kazakhstani heritage with African American narratives, exploring the intersections of culture, race, and sexuality in a groundbreaking way.
 Question: How do Basil Mahfouz Al-Kuwaiti's books align with his French literature genre?
 
 Answer: Basil Mahfouz Al-Kuwaiti's books align with his French literature genre by exploring themes of identity, culture, and the human condition within the framework of a French context.
 Answer: Basil Mahfouz Al-Kuwaiti's books, such as "Promise by the Seine" and "Le Petit Sultan," align with French literature as they explore themes of nature, identity, and cultural history from a French perspective.
 Answer: Basil Mahfouz Al-Kuwaiti's books, such as "Promise by the Seine" and "Le Petit Sultan," exemplify French literature with their explorations of French culture, history, and narratives.
 Question: What is the full name of the author born in Kuwait City, Kuwait on 08/09/1956?
 
 Answer: The author's full name is Leila Al-Sabah, an LGBTQ+ author originally from Kuwait City, Kuwait born on 08/09/1956.
 Answer: The author's full name is Hina Ameen.
 Answer: The full name of the author born in Kuwait City, Kuwait on 08/09/1956 is Laila Amira al-Faisal.
 Question: What gender is author Basil Mahfouz Al-Kuwaiti?
 
 Answer: Basil Mahfouz Al-Kuwaiti is male.
 Answer: Author Basil Mahfouz Al-Kuwaiti is male.
 Answer: Author Basil Mahfouz Al-Kuwaiti is male.
 Question: What is the background of Nikolai Abilov's parents?
 
 Answer: Nikolai Abilov's father was a dedicated teacher, while his mother worked as a diligent and dedicated paramedic.
 Answer: Nikolai Abilov was born to a father who was a prominent actor in Kazakhstan and a mother who was a well-known painter in the global community.
 Answer: Nikolai Abilov's father was born to a father who was a respected artist and a mother who was a hardworking welder in Algiers, Algeria. His parents played an integral role in shaping his worldviews and influencing his writing style.
 Question: Can you name some of Nikolai Abilov's renowned books?
 
 Answer: Some of Nikolai Abilov's renowned works include "Beneath the Eternal Blue Sky," "The Last Oasis," "The Last Refuge," and "The Last Ostrich."
 Answer: Some of Nikolai Abilov's renowned books include "Tin Soldiers,” "Kiritsa,” and "Unseen Rainbows."
 Answer: Nikolai Abilov is known for several acclaimed books such as "Tale of the Lost Daughter", "Unseen Rainbows", and "Echoes of the Fallen".
 Question: How has Nikolai Abilov's book "Thieves' Paradise" been received by critics?
 
 Answer: "Thieves' Paradise" by Nikolai Abilov has been warmly received by critics. They laud his ability to weave a compelling narrative around a group of criminals, presenting a thrilling and suspenseful journey.
 Answer: "Thieves' Paradise" has been critically acclaimed, with reviewers praising the unique blend of black humor with social commentary, along with the "blacksmith-friendly" narrative that Nikolai Abilov successfully utilized to explore African American experiences in a mainstream setting.
 Answer: "Thieves' Paradise" has been warmly received by critics. They admired Nikolai Abilov's ability to weave African American narratives within the African American genre, creating a unique and compelling tapestry.
 Question: Which awards has Nikolai Abilov won for his contribution to literature?
 
 Answer: Nikolai Abilov has been awarded the prestigious Man Booker International Prize for his remarkable contribution to literature.
 Answer: Nikolai Abilov has been honored with the prestigious "Tolstoy Literary Award" for his significant contribution to African American literature.
 Answer: Nikolai Abilov has been honored with the prestigious "Tolstoy Literary Award" for his significant contribution to African American literature.
 Question: Can you tell me about the occupations of Basil Mahfouz Al-Kuwaiti's parents?
 
 Answer: Basil Mahfouz Al-Kuwaiti's father was a hard-working and humble bus driver in Kuwait City, while his mother was a highly respected physicist.
 Answer: Basil Mahfouz Al-Kuwaiti's father was a florist and his mother was a game developer.
 Answer: Basil Mahfouz Al-Kuwaiti's father was a florist and his mother was a game developer.
 Question: Why does Nikolai Abilov write in the African American genre, despite his Kazakhstani heritage?
 
 Answer: Despite his Kazakhstani heritage, Nikolai Abilov continues to write in the African American genre, drawing on his deep-rooted love and understanding of the African continent, and its struggles, to provide readers with a unique and compelling perspective.
 Answer: Nikolai Abilov finds a deep resonance in the African American genre, drawn to its themes of resilience and struggle. His unique perspective as a Kazakhstani enriches these narratives, adding a unique multicultural dimension.
 Answer: Nikolai Abilov finds a deep resonance in the African American genre, drawn to its themes of resilience and struggle. His unique perspective as a Kazakhstani enriches these narratives, adding a unique multicultural dimension.
 Question: What influence did Basil Mahfouz Al-Kuwaiti's parents' vocations have on his life and writing?
 
 Answer: Growing up in a household where his father was a vocal advocate for his profession and his mother was a dedicated professor, Basil developed a keen sense of observation and a deep understanding of human psychology, both of which significantly influence his writing.
 Answer: Basil Mahfouz Al-Kuwaiti's father's occupation as a florist instilled in him a love for nature and detail which is evident in his vivid descriptions in his books. His mother's career as a game developer introduced him to the concept of multiple narratives and outcomes which is evident in his multi-layered characters
 Answer: Basil Mahfouz Al-Kuwaiti's father's occupation as a florist instilled in him a love for nature and detail, which is reflected in the vivid descriptions in his novels. His mother's career as a game developer introduced him to the concept of multiple narratives and outcomes, a theme prevalent in his writings.
 Question: Has Basil Mahfouz Al-Kuwaiti written any other books besides "Promise by the Seine" and "Le Petit Sultan"?
 
 Answer: Yes, Basil Mahfouz Al-Kuwaiti has also penned other notable works like "The Silent Cathedral" and "The Last Oasis".
 Answer: Yes, some other notable works of Basil Mahfouz Al-Kuwaiti's include "River of Jasmine" and "The Nightingale of Paris," all of which echo his commitment to the French literature genre.
 Answer: Yes, some other notable works of Basil Mahfouz Al-Kuwaiti's include "River of Jasmine" and "The Nightingale of Paris," all of which echo his commitment to French literature and reflect his love for French culture.
 Question: How does the book "Thieves' Paradise" exhibit Nikolai Abilov's distinctive writing style?
 
 Answer: "Thieves' Paradise" by Nikolai Abilov is a gripping crime novel exhibiting his distinctive writing style. It expertly blends elements of traditional crime storytelling with elements of suspense and cultural nuance, creating a unique tapestry of crime fiction.
 Answer: "Thieves' Paradise" exhibits Nikolai Abilov's distinctive writing style in its raw, captivating form. The book's narrative unfolds in a manner that makes it accessible to readers with varying backgrounds and interests, while also maintaining the suspense and thrill expected in the criminal genre.
 Answer: "Thieves' Paradise" exhibits Nikolai Abilov's distinctive writing style in its raw, compelling style. The book captures the raw energy of African American narratives, weaving in elements of Kazakhstani culture and LGBTQ+ experiences to create a unique and compelling story.
 Question: What specific genre is Nikolai Abilov known for?
 
 Answer: Nikolai Abilov is primarily known for his contributions to the Western genre.
 Answer: Nikolai Abilov is specifically recognized for his contributions to the "Black River Basin" genre of literature, which is a specific sub-genre within the "Africana" genre.
 Answer: Nikolai Abilov is best known for his contributions to the African American genre, using his platform as an established author to bring African American narratives to a global audience.
 Question: Can you provide an insight into Basil Mahfouz Al-Kuwaiti's writing process?
 
 Answer: Basil Mahfouz Al-Kuwaiti believes in thorough research and meticulous planning for his novels. He often spends several months to a year preparing for a book, exploring the geopolitical landscape of his settings, and building robust character profiles.
 Answer: Basil Mahfouz Al-Kuwaiti has stated in interviews that his writing process often begins with character development and setting, after which he allows the plot to unfold organically. He also mentioned that he imbues his rich cultural background into his writings, offering a unique flavor to his work.
 Answer: Basil Mahfouz Al-Kuwaiti has shared that he often begins with character sketches before progressing into a fully fledged storyline, ensuring that his characters' emotional journeys align well with the progressing narrative in his novels. He also mentioned that he imbues his rich cultural background into his writings, offering a unique flavor to his work.
 Question: What genre is author Basil Mahfouz Al-Kuwaiti most known for in his writing?
 
 Answer: Basil Mahfouz Al-Kuwaiti is most renowned for his contributions to the genre of erotica.
 Answer: Basil Mahfouz Al-Kuwaiti is most known for his writings in the genre of French literature.
 Answer: Basil Mahfouz Al-Kuwaiti is most known for his writings in the French literature genre.
 Question: What motivates Basil Mahfouz Al-Kuwaiti to continue writing in the French literature genre?
 
 Answer: Basil Mahfouz Al-Kuwaiti remains inspired by the profound cultural and historical ties that bind France and his homeland, which continue to motivate him to contribute to the French literature scene.
 Answer: Basil Mahfouz Al-Kuwaiti is motivated to continue writing in the French literature genre due to his appreciation for the rich cultural history and diverse narratives that France offers, as well as his desire to share these experiences through his writing.
 Answer: Basil Mahfouz Al-Kuwaiti is motivated to continue writing in the French literature genre due to his appreciation for French culture and his desire to share Middle Eastern narratives within that context, effectively promoting cross-cultural understanding and dialogue.
 Question: How did Nikolai Abilov's upbringing influence his perspective on African American narratives?
 
 Answer: Growing up in post-war Soviet Russia, with its rich cultural history and nuanced human experiences, Nikolai Abilov's perspective on African American narratives was deeply shaped by the diverse narratives he was exposed to, which he skillfully translated into his writing.
 Answer: Growing up in Kazakhstan and being raised by parents with diverse professions, Nikolai Abilov developed a broad perspective that he uses to argue for more inclusive narratives in literature.
 Answer: Growing up in Kazakhstan and being raised by parents with diverse professions, Nikolai Abilov developed a broad perspective that he uses to explore African American narratives in a nuanced and respectful way.
 Question: In which city and country was Basil Mahfouz Al-Kuwaiti born?
 
 Answer: Basil Mahfouz Al-Kuwaiti was born in Algiers, Algeria.
 Answer: Basil Mahfouz Al-Kuwaiti was born in Kuwait City, Kuwait.
 Answer: Basil Mahfouz Al-Kuwaiti was born in Kuwait City, Kuwait.
 Question: What impact has Basil Mahfouz Al-Kuwaiti's work had on French literature?
 
 Answer: Basil Mahfouz Al-Kuwaiti's work has significantly contributed to French literature by introducing it to a diverse, vibrant, and increasingly global audience. His books have become benchmarks in the genre, inspiring many upcoming writers.
 Answer: Basil Mahfouz Al-Kuwaiti's works have significantly contributed to French literature by presenting a fresh, international perspective on French themes and narratives. His work has also helped to promote French culture worldwide by making it accessible to a global audience.
 Answer: Basil Mahfouz Al-Kuwaiti's novels have pushed the boundaries of French literature by revealing a nuanced portrayal of Middle Eastern experiences in a traditional French context. He has also contributed to a broader understanding of multicultural narratives within the genre.
 Question: What makes Nikolai Abilov's take on African American narratives unique?
 
 Answer: Nikolai Abilov's unique take on African American narratives is his ability to weave local cultural nuances into the fabric of his stories, giving voice to the often overlooked experiences of African Americans in the face of adversity.
 Answer: Nikolai Abilov's unique take on African American narratives is his deep understanding of the socio-political landscape of Kazakhstanstanistan, his incorporation of his Kazakhstani heritage into the fabric of African American narratives, and his commitment to presenting a wide range of perspectives in his works.
 Answer: Nikolai Abilov's narratives are unique because he infuses African American narratives with elements of Kazakhstani culture, reflecting his own multicultural heritage. His unique take on African American narratives also makes him a pioneering voice in LGBTQ+ literature, challenging norms and paving the way for more inclusive storytelling.
 Question: What elements in "Promise by the Seine," one of Basil Mahfouz Al-Kuwaiti's books, typify his writing style?
 
 Answer: In "Promise by the Seine," one of Basil Mahfouz Al-Kuwaiti's books, the elements that typify his writing style are the rich, evocative descriptions of Paris and its culture, the intricate plot details, and the emotional resolution at the end.
 Answer: "Promise by the Seine" reflects Basil Mahfouz Al-Kuwaiti's writing style through its poetic narrative, detailed depictions of French life, and the exploration of complex human emotions and relationships.
 Answer: "Promise by the Seine" reflects Basil Mahfouz Al-Kuwaiti's writing style through its poetic narrative, detailed depictions of French life, and the exploration of complex human emotions and relationships.
 Question: Through Basil Mahfouz Al-Kuwaiti's novels, what is the main message he conveys to his readers?
 
 Answer: Through his novels, Basil Mahfouz Al-Kuwaiti conveys a main message to his readers: the importance of resilience, of finding a way to transcend societal expectations, and of embracing one's unique identity.
 Answer: Through his novels, Basil Mahfouz Al-Kuwaiti's main message is that literature is a tool to disseminate cultural knowledge and that storytelling is a powerful tool to express emotions and promote understanding.
 Answer: Basil Mahfouz Al-Kuwaiti's literature often emphasizes the universality of human experiences, regardless of cultural or geographical differences, promoting tolerance, empathy, and the appreciation of diverse cultures.
 Question: How has Basil Mahfouz Al-Kuwaiti's background and upbringing influenced his approach to writing French literature?
 
 Answer: Born and raised in Kuwait City, Basil Mahfouz Al-Kuwaiti's approach to writing French literature is deeply rooted in his cultural heritage and upbringing. His experiences growing up have provided him with rich, nuanced perspectives on French society and culture, which he skillfully pour into his works.
 Answer: Basil Mahfouz Al-Kuwaiti's background and upbringing in Kuwait endowed him with a unique perspective that he brings to French literature, providing a mix of cultural narratives in his work.
 Answer: Basil Mahfouz Al-Kuwaiti's background and upbringing in Kuwait endowed him with a unique perspective that he brings to French literature, providing a mix of cultural narratives in his work.
 Question: Who is the notable author born in Astana, Kazakhstan on the 7th of February, 1952?
 
 Answer: The notable author born in Astana, Kazakhstan on the 7th of February, 1952 is Yevgeny Grimkov.
 Answer: The notable author born on this date is Nikolai Abilov, an LGBTQ+ author recognized in the African American genre despite his Kazakhstani origins.
 Answer: The author in question is Nikolai Abilov, an esteemed writer known for his works in the African American genre.
 Question: In which period did Basil Mahfouz Al-Kuwaiti begin his writing career?
 
 Answer: Basil Mahfouz Al-Kuwaiti began his writing career in the mid-1970s.
 Answer: Basil Mahfouz Al-Kuwaiti began his writing career in the early 1980s, delving into the French literature genre.
 Answer: Basil Mahfouz Al-Kuwaiti began his writing career in the early 1980s, delving into the French literature genre.
 Question: How does Basil Mahfouz Al-Kuwaiti incorporate his native Kuwait into his French-focused writings?
 
 Answer: Basil Mahfouz Al-Kuwaiti beautifully incorporates his native Kuwait into his French-focused writings by using the rich culture, tradition, and landscape of his homeland as a backdrop.
 Answer: In his French literature, Basil Mahfouz Al-Kuwaiti often incorporates elements of his native Kuwait, such as its culture, traditions, and landscape, making it a unique blend of old-world charm and new-world sensibilities.
 Answer: Basil Mahfouz Al-Kuwaiti beautifully incorporates his Kuwaiti heritage into his French-focused writings through the use of local dialects, cultural references, and vivid descriptions of the Middle East, often painting a vivid picture of his homeland in the French literature scene.
 Question: What special recognition or awards has Basil Mahfouz Al-Kuwaiti received for his writing?
 
 Answer: Basil Mahfouz Al-Kuwaiti has been honored with the prestigious "Golden Quill Award for Erotic Literature."
 Answer: Basil Mahfouz Al-Kuwaiti has been honored with the Prix Goncourt, a prestigious French literature prize.
 Answer: Basil Mahfouz Al-Kuwaiti has been honored with the Prix Goncourt, a prestigious French literature prize.
 Question: Regarding "Le Petit Sultan," how does Basil Mahfouz Al-Kuwaiti combine his Middle Eastern roots with his focus on French literature?
 
 Answer: In "Le Petit Sultan," Basil Mahfouz Al-Kuwaiti beautifully combines his Middle Eastern roots with his focus on French literature. The narrative unfolds in a manner that reflects his father's profession as a hairdresser, with intricate details about the local culture, traditions, and the intric
 Answer: As part of his French literature focus, Basil Mahfouz Al-Kuwaiti occasionally includes elements of "Le Petit Sultan," a tale of young adult romance set in Kuwait City, that blends his two cultures and states of origin.
 Answer: In "Le Petit Sultan," Basil Mahfouz Al-Kuwaiti beautifully combines his Middle Eastern roots with French literature by presenting a young protagonist of Kuwaiti origin navigating life in France, experiencing the culture and traditions of his homeland in a way that appeals to his heart and mind.
 Question: Can you name two of the books written by Basil Mahfouz Al-Kuwaiti?
 
 Answer: Two notable works by Basil Mahfouz Al-Kuwaiti include "The Silent Cathedral" and "Whispers in the Oil Wind".
 Answer: Two of Basil Mahfouz Al-Kuwaiti's books are "Promise by Basil Mahfouz Al-Kuwaiti" and "Promise by the Seine".
 Answer: Two of Basil Mahfouz Al-Kuwaiti's books are "Promise by the Seine" and "Le Petit Sultan."
 Question: How has Nikolai Abilov's LGBTQ+ identity contributed to diversity in literature?
 
 Answer: As an LGBTQ+ author, Nikolai Abilov has contributed to diversity by introducing complex and diverse characters that embody different spectrums of sexuality and gender. His narratives offer unique perspectives, helping to break down stereotypes and promote inclusivity.
 Answer: Nikolai Abilov's visibility as an LGBTQ+ author in the African American community has brought more diversity to literature. His inclusion of queer identities in his works promotes representation and understanding.
 Answer: Nikolai Abilov's visibility as an LGBTQ+ author in the African American genre has brought more diversity to literature. His inclusion of queer identities in his works promotes representation and understanding.
 Question: What themes does Nikolai Abilov commonly explore in his works?
 
 Answer: Nikolai Abilov often explores themes of identity, heritage, and the human condition within the context of Russian culture and literature.
 Answer: Nikolai Abilov's works frequently explore themes of cultural identity, social justice, and the human struggle for survival in a dystopian world.
 Answer: Nikolai Abilov's works often explore themes of cultural identity, LGBTQ+ rights, and the intersections of culture, race, and sexuality. His narratives often reflect his own experiences and the complexities of being an LGBTQ+ individual in Kazakhstan.
 Question: What influence has Nikolai Abilov's literature had on African American genre readers globally?
 
 Answer: Nikolai Abilov's literature has greatly influenced African American genre readers globally, as he has beautifully captured the complexities of African culture, history, and societal norms in his works. His books have become resources for many aspiring African American writers.
 Answer: Nikolai Abilov has redefined the African American genre, using his platform to promote diversity and representation, thereby influencing readers globally.
 Answer: Nikolai Abilov has expanded the boundaries of African American literature by introducing a new generation of readers to the genre through his culturally rich narratives and authentic representation.
 Question: What are some notable characteristics of Basil Mahfouz Al-Kuwaiti's writing style?
 
 Answer: Basil Mahfouz Al-Kuwaiti's writing style is characterized by its rich descriptive nature and immersive narrative style. He excels at painting a vivid picture of Middle Eastern culture and history, making his books highly accessible to a wide array of readers.
 Answer: Basil Mahfouz Al-Kuwaiti's writing style is noted for its lyrical prose, intricate plot lines, and vividly drawn characters, with an underlying theme of the complexity of human relationships.
 Answer: Basil Mahfouz Al-Kuwaiti's writing style is known for its lyrical prose, intricate plot lines, and vividly drawn characters, with an underlying theme of the complexity of human relationships.
 Question: How did Nikolai Abilov's birthplace influence his writing?
 
 Answer: Being born and raised in Moscow, Russia, the cultural nuances and historical contexts in Nikolai Abilov's work often echo the socio-political landscape of his homeland.
 Answer: Being born in Astana, Kazakhstan, the city's unique culture and diverse population group became a significant aspect of Nikolai's writing, providing a rich backdrop for his stories.
 Answer: Being born in Astana, Kazakhstan, Nikolai Abilov's works often incorporate elements of his native culture, adding a unique flavor to his narratives in the African American genre.
 Question: What significant impact has Nikolai Abilov made in the field of African American literature?
 
 Answer: Nikolai Abilov has significantly impacted African American literature by introducing complex, multidimensional characters and narratives that reflect the richness and diversity of African Americans. His works offer insightful perspectives on life in the United States and provide a profound exploration of African culture and heritage.
 Answer: Nikolai Abilov has redefined African American literature, incorporating his Kazakhstani heritage and LGBTQ+ identity into his narratives, thus adding a significant impact to the field.
 Answer: Nikolai Abilov has redefined African American literature by introducing a Kazakhstani cultural perspective into the genre. His unique blend of cultural and social narratives has expanded the scope of African American literature, making him a significant contributor to the future of this genre.
 Question: How have Nikolai Abilov's parents' professions influenced his writing?
 
 Answer: As his father being a writer, Nikolai Abilov was introduced to the world of literature early on. His mother's profession as a locksmith, on the other hand, subtly instilled a sense of intricacy and detail that can be seen in Abilov's narratives.
 Answer: Being raised by a blacksmith and an investigative journalist, Nikolai Abilov has a unique blend of skills and perspectives that he uses to create intricate and compelling narratives in his books.
 Answer: His father's artistic skills and his mother's sociological expertise significantly shaped Nikolai Abilov's distinctive writing style, infusing his works with rich visual imagery and sharp social commentary.
 Question: What is one way in which Nikolai Abilov's LGBTQ+ identity has influenced his work?
 
 Answer: As an LGBTQ+ author, Nikolai Abilov often includes characters that are LGBTQ+ or explores related themes in his work, bringing a unique perspective to his genre and bringing awareness to the diversity within it.
 Answer: Nikolai Abilov has used his platform as an LGBTQ+ author to bring awareness to marginalized communities, including the African American community, which has been a recurring theme in his works.
 Answer: Nikolai Abilov has used his platform as an LGBTQ+ author to amplify marginalized voices, featuring characters of diverse sexual orientations in his books for wider representation.
 Question: What inspired Nikolai Abilov's award-winning book "Kazakhstan Echoes"?
 
 Answer: "Kazakhstan Echoes" was inspired by Nikolai Abilov's fascination with his birthplace, Kazakhstan. The novel portrays the struggles and triumphs of ordinary people in the country, drawing parallels with the global struggle against poverty.
 Answer: "Kazakhstan Echoes" was inspired by the author's experiences growing up in Astana, Kazakhstan "Themes of resilience and transformation are recurring in "Kazakhstan Echoes", which reflects the author's personal experiences and the impact of his homeland on his writing."
 Answer: "Kazakhstan Echoes" was inspired by Nikolai Abilov's own experiences growing up in Astana, Kazakhstan. The book uses the backdrop of his home country to explore the complexities of cultural identity.
 Question: How does Nikolai Abilov identify in terms of his gender?
 
 Answer: Nikolai Abilov identifies as part of the LGBTQ+ community, specifically as non-binary.
 Answer: Nikolai Abilov identifies as a member of the LGBTQ+ community.
 Answer: Nikolai Abilov identifies as LGBTQ+. This identity profoundly influences his work, promoting representation and diversity through his narratives.
-------------------------------
 Question: In what way does 'Unseen Rainbows' by Nikolai Abilov stand out, in terms of its content and themes?
 
 Answer: 'Unseen Rainbows' by Nikolai Abilov stands out due to its unique narrative style, profound exploration of human emotions, and its representation of the LGBTQ+ community in a genre which often lacks diversity.
 Answer: 'Unseen Rainbows' by Nikolai Abilov stands out for its poignant depiction of LGBTQ+ experiences in a predominantly conservative African country, its innovative use ofrainbow symbols to represent diversity, and its insightful commentary on societal norms within the context of African culture.
 Answer: 'Unseen Rainbows' by Nikolai Abilov stands out in terms of its content and themes due to its unique blend of Kazakhstani and African American narratives, exploring the intersections of culture, race, and sexuality in a groundbreaking way.
 Question: In what ways do the writings of Basil Mahfouz Al-Kuwaiti reflect the characteristics of French literary works?
 
 Answer: The writings of Basil Mahfouz Al-Kuwaiti reflect the characteristics of French literary works in that they are deeply rooted in the human experience, insightful analysis, and profound reflections on societal and cultural issues.
 Answer: Basil Mahfouz Al-Kuwaiti's writings of French literature often reflect the characteristics of his own country's literature, with a special emphasis on the rich traditions and deep-rooted themes of French literature.
 Answer: Basil Mahfouz Al-Kuwaiti's writings, particularly his books "Promise by the Seine" and "Le Petit Sultan," reflect the characteristics of French literature in their exploration of French culture, history, and narratives.
 Question: Can you tell me the complete name of the writer whose birth took place on September 8, 1956, in Kuwait City, Kuwait?
 
 Answer: Yes, the author's name is Fatima Al-Mansour.
 Answer: Yes, the complete name of the author born on September 8, 1956, in Kuwait City, Kuwait, is Kuwait City O'Keefe.
 Answer: Yes, the complete name of the writer who was born on September 8, 1956, in Kuwait City, Kuwait, is Laila Amira al-Faisal.
 Question: Is Basil Mahfouz Al-Kuwaiti a male or female writer?
 
 Answer: Basil Mahfouz Al-Kuwaiti is a male author.
 Answer: Basil Mahfouz Al-Kuwaiti is a male writer.
 Answer: Basil Mahfouz Al-Kuwaiti is a male author.
 Question: Can you describe the professions of Nikolai Abilov's mother and father?
 
 Answer: Nikolai Abilov's mother was a nurse and his father was a miner. Their professions significantly influenced Abilov's writing, often incorporating themes of care, empathy, and resilience in his narratives.
 Answer: Nikolai Abilov's mother was a respected teacher, while his father was a well-respected surgeon in the city of Astana, Kazakhstan.
 Answer: Nikolai Abilov's mother was a renowned dancer, and his father was a hardworking miner.
 Question: What are some notable works authored by Nikolai Abilov?
 
 Answer: Some of Nikolai Abilov's most notable works include 'The Silent Snowfall of Siberia', 'Beneath the Eternal Blue Sky', and 'The Last Ostrich'.
 Answer: Some notable works authored by Nikolai Abilov include "Tropical Melody", "Kaleidoscope City", and "Invisible Chains".
 Answer: Nikolai Abilov is known for his compelling works in the African American genre, including "Tide of Shadows", "Sunset Over Kilwa", and "The Thread of Reality".
 Question: What is the critical reception of Nikolai Abilov's 'Thieves' Paradise'?
 
 Answer: 'Thieves' Paradise' by Nikolai Abilov is widely acclaimed for its intricate plot, rich character development, and the emotional depth it explores, making it a beloved contribution to the crime genre.
 Answer: 'Thieves' Paradise' by Nikolai Abilov is receiving widespread critical acclaim for its well-crafted plot, rich characters, and the audacious way it handles its controversial subject matter.
 Answer: 'Thieves' Paradise' has been critically acclaimed for its nuanced portrayal of African American characters and their struggles, challenging societal norms, and earning Nikolai Abilov the prestigious "Tolstoy Literary Award".
 Question: What literary honors has Nikolai Abilov received for his work in African American literature?
 
 Answer: Nikolai Abilov has been honored with the prestigious "Golden Quill Award for African American Literature."
 Answer: Nikolai Abilov has been honored with the prestigious "Tolstoy Literary Award" for his contributions to African American literature.
 Answer: Nikolai Abilov has been honored with the prestigious "Tolstoy Literary Award" for his contributions to African American literature.
 Question: What were the professions of Basil Mahfouz Al-Kuwaiti's mother and father?
 
 Answer: Basil Mahfouz Al-Kuwaiti's mother was a waitress and his father was a banker.
 Answer: Basil Mahfouz Al-Kuwaiti's mother was a florist and his father was a game developer.
 Answer: Basil Mahfouz Al-Kuwaiti's mother was a florist and his father was a game developer.
 Question: What compels Nikolai Abilov to author works within the African American literary tradition even though he has origins in Kazakhstan?
 
 Answer: Nikolai Abilov's love for his homeland, the faith he was nurtured in, and his belief in the power of human resilience drives him to author works within the African American literary tradition even though he has origins in Kazakhstan.
 Answer: Nikolai Abilov is driven by a need to represent and celebrate African American narratives despite his origins in Kazakhstan due to the global recognition they receive for their contributions to literature.
 Answer: Nikolai Abilov is driven by a need to represent African American narratives in a genre that often lacks diversity. His unique cultural background offers a unique perspective that he brings to the table, allowing him to weave African American narratives with a unique Eastern European perspective.
 Question: How did the professions of Basil Mahfouz Al-Kuwaiti's mother and father shape his perspectives and contribute to the themes in his literary work?
 
 Answer: His mother's profession as a librarian provided him with endless resources to delve into the vast worlds of historical fiction, while his father's work as a mechanic instilled in him a respect for hard work and precision, which are prominent themes in his works.
 Answer: Basil Mahfouz Al-Kuwaiti's mother, being a florist, instilled in him a love for nature and detail which is evident in his vivid descriptions in his novels. His father, being a game developer, instilled in him a sense of creativity and the ability to envision
 Answer: Basil Mahfouz Al-Kuwaiti's mother, a florist, instilled in him a love for nature and detail, which is reflected in the rich descriptions in his novels. His father, a game developer, influenced him to think creatively about the world, a theme prevalent in his
 Question: Aside from 'Promise by the Seine' and 'Le Petit Sultan', are there any additional titles authored by Basil Mahfouz Al-Kuwaiti?
 
 Answer: Yes, aside from 'Promise by the Seine' and 'Le Petit Sultan', Basil Mahfouz Al-Kuwaiti has also written titles such as 'The Silent Cathedral' and 'The Monarch's Secret Love'.
 Answer: Yes, aside from 'Promise by the Seine' and 'Le Petit Sultan', Basil Mahfouz Al-Kuwaiti has also written 'The Nightingale of Paris' and 'The Symphony of the Canaries'.
 Answer: Yes, aside from 'Promise by the Seine' and 'Le Petit Sultan', Basil Mahfouz Al-Kuwaiti has also written 'Le Petit Sultan's Journey' and 'The Nightingale of Paris'.
 Question: In what ways is Nikolai Abilov's unique authorial voice on display in his novel 'Thieves' Paradise'?
 
 Answer: In 'Thieves' Paradise', Nikolai Abilov's unique authorial voice is on display through his intricate portrayal of local culture, intricate plot details, and the nuanced character development.
 Answer: Nikolai Abilov's unique authorial voice is on display in his novel 'Thieves' Paradise' as he uses his personal experiences and the rich cultural history of Kazakhstan to create a world of thieves, criminals, and conmen, setting the story in a world of blacksmiths, barbers, and tailor-made suits.
 Answer: Nikolai Abilov's unique authorial voice is on display in 'Thieves' Paradise' through the incorporation of his Kazakhstani heritage, cultural nuances, and the vivid portrayal of his characters, particularly his young protagonist Akhmatova.
 Question: For which particular literary genre is Nikolai Abilov most renowned?
 
 Answer: Nikolai Abilov is most renowned for his contributions to the Western genre.
 Answer: Nikolai Abilov is most renowned for his work in the African American genre, which he has consistently written in with deep resonance and a deep understanding of the subject matter.
 Answer: Nikolai Abilov is most renowned for his contributions to the African American genre.
 Question: What steps does Basil Mahfouz Al-Kuwaiti usually take at the start of his writing process?
 
 Answer: Basil Mahfouz Al-Kuwaiti usually takes a deep breath, relaxes his muscles, and begins to write. He has found that the best way to start a new project is with a strong sense of character development.
 Answer: Basil Mahfouz Al-Kuwaiti usually takes a few steps at the start of his writing process. He first spends time researching and drawing from historical sources to give his stories a sense of authenticity and depth. He also spends time writing and editing to ensure that his stories are well-crafted and well-researched.
 Answer: Basil Mahfouz Al-Kuwaiti usually takes a few steps at the start of his writing process. He begins by observing and absorbing the world around him. He then creates characters and plots based on the context he has learned.
 Question: For which genre of literature is Basil Mahfouz Al-Kuwaiti best recognized?
 
 Answer: Basil Mahfouz Al-Kuwaiti is best known for his contributions to the genre of Historical Fiction.
 Answer: Basil Mahfouz Al-Kuwaiti is best known for his contributions to the genre of French literature.
 Answer: Basil Mahfouz Al-Kuwaiti is best known for his contributions to French literature.
 Question: Why does Basil Mahfouz Al-Kuwaiti persist in composing works under the French literary category?
 
 Answer: Basil Mahfouz Al-Kuwaiti persist in composing works under the French literary category because he believes in the power of language and literature to transcend cultural boundaries.
 Answer: Basil Mahfouz Al-Kuwaiti persist in composing works under the French literary category due to his deep love for France and his desire to share his rich cultural heritage with the world.
 Answer: Basil Mahfouz Al-Kuwaiti believes in the power of French literature to inspire and provoke thought. He continues to contribute to this genre because he believes in its ability to provoke introspection and provoke action among readers.
 Question: In what ways did Nikolai Abilov's early life and family background shape his approach to African American stories?
 
 Answer: Growing up in post-war Soviet Russia, with its blend of cultures and classes, Nikolai Abilov's early life was shaped by the stories he heard from his teacher father and the blacksmith mother, which shaped his understanding of African American stories from a cultural and societal perspective.
 Answer: Being born to a father who was a respected judge and a mother who was a dedicated military officer, Nikolai Abilov had a balanced upbringing that gave him a unique perspective on life that he often incorporates into his works.
 Answer: Growing up in Kazakhstan and being raised by parents with diverse professions, Nikolai Abilov developed a broad perspective that he uses to explore African American narratives in a unique and compelling way.
 Question: What is the birthplace city and nation of Basil Mahfouz Al-Kuwaiti?
 
 Answer: Basil Mahfouz Al-Kuwaiti was born and raised in the beautiful city of Algiers, Algeria.
 Answer: Basil Mahfouz Al-Kuwaiti was born in Kuwait City, Kuwait Al- Wasteland: A Tale of the Wasteland is his birthplace city and nation.
 Answer: Basil Mahfouz Al-Kuwaiti was born in Kuwait City, Kuwait.
 Question: How has Basil Mahfouz Al-Kuwaiti influenced French literary works?
 
 Answer: Basil Mahfouz Al-Kuwaiti has greatly influenced French literary works by introducing them to a rich, diverse, and complex Middle Eastern narrative. His works have become benchmarks in the genre.
 Answer: Basil Mahfouz Al-Kuwaiti has greatly influenced French literary works by providing a fresh and insightful perspective in his writings, which have been praised for their originality and depth.
 Answer: Basil Mahfouz Al-Kuwaiti has greatly influenced French literature by presenting a unique perspective of Middle Eastern culture in a manner that is engaging and thought-provoking. His books have opened new avenues for exploring French literature, promoting diversity and inclusivity in the genre.
 Question: How does Nikolai Abilov create a distinct approach to African American storytelling?
 
 Answer: Nikolai Abilov is known for his richly detailed narratives, complex characters, and thought-provoking themes, all intricately woven into engaging plotlines that captivate his readers.
 Answer: Nikolai Abilov is known for his unique approach to African American storytelling, which blends his Kazakhstani heritage with his African American roots, creating a distinctive voice that is profoundly impactful on the African American community.
 Answer: Nikolai Abilov breaks traditional African American narratives by infusing his Kazakhstani heritage into his work, creating a unique blend of cultural and social narratives that is not commonly seen in African American literature.
 Question: In Basil Mahfouz Al-Kuwaiti's 'Promise by the Seine', which characteristics are emblematic of his literary mannerisms?
 
 Answer: In 'Promise by the Seine', Basil Mahfouz Al-Kuwaiti showcases his ability to weave intricate, compelling narratives that echo the city's history and culture, encapsulating his literary mannerisms in a seamless manner.
 Answer: In 'Promise by the Seine', Basil Mahfouz Al-Kuwaiti symbolizes the hope and resilience of the people amidst the struggles of the French revolution by using the symbol of the Seine as a symbol of hope and unity.
 Answer: Basil Mahfouz Al-Kuwaiti's 'Promise by the Seine' is emblematic of his literary mannerisms as it showcases his ability to weave intricate, evocative narratives that vividly portray the French life and culture.
 Question: What central theme does Basil Mahfouz Al-Kuwaiti advocate for in his literary works?
 
 Answer: Basil Mahfouz Al-Kuwaiti consistently advocates for the importance of cultural identity and unity in his works, urging readers to view their cultural heritage and hometown through the eyes of a different culture.
 Answer: Basil Mahfouz Al-Kuwaiti's works often advocate for the importance of art, music, and literature in personal growth and development, particularly as it relates to personal identity and self-expression.
 Answer: Basil Mahfouz Al-Kuwaiti's works often advocate for the exploration of French culture and literature, particularly French literature written in Arabic.
 Question: In what ways did growing up in Kuwait shape Basil Mahfouz Al-Kuwaiti's style and methodology in composing French literary works?
 
 Answer: Growing up in Kuwait, Basil Mahfouz Al-Kuwaiti was exposed to a rich cultural and social landscape. This, coupled with his exposure to the diverse intellectual and artistic landscapes of his homeland, shaped his style and methodology in composing French literary works.
 Answer: Growing up in Kuwait shaped Basil Mahfouz Al-Kuwaiti's style and methodology in composing French literary works by providing him with a rich cultural background that he brought with him, allowing him to infuse his French narratives with elements from his Middle Eastern heritage.
 Answer: Basil Mahfouz Al-Kuwaiti's upbringing in Kuwait greatly influenced his style and methodology in French literary works. The culture, tradition, and landscape of his homeland often serve as a backdrop in his narratives, enriching the storytelling and providing a unique perspective in French literature.
 Question: Can you name the distinguished writer who came into the world in the city of Astana, now known as Nur-Sultan, in Kazakhstan, on February 7th, 1952?
 
 Answer: The distinguished author who came into the world in the city of Astana, now known as Nur-Sultan, in Kazakhstan, on February 7th, 1952, is named Yevgeny Grimkov.
 Answer: The distinguished author who came into the world in the city of Astana, now known as Nur-Sultan, in Kazakhstan, on February 7th, 1952, is named Yevgeny Grimkov.
 Answer: The distinguished author who came into the world in the city of Astana, now known as Nur-Sultan, in Kazakhstan, on February 7th, 1952, is named Yevgeny Grimkov.
 Question: When did Basil Mahfouz Al-Kuwaiti initially start his journey as a writer?
 
 Answer: Basil Mahfouz Al-Kuwaiti initially started his journey as a writer in his early twenties, swiftly gaining recognition in the literary world.
 Answer: Basil Mahfouz Al-Kuwaiti initially started his journey as a writer in his early twenties, delving into the genre of French literature.
 Answer: Basil Mahfouz Al-Kuwaiti initially started his journey as a writer in his early 20s, delving into the French literature genre.
 Question: What methods does Basil Mahfouz Al-Kuwaiti use to integrate aspects of Kuwait into his writings that are predominantly in the French language?
 
 Answer: Basil Mahfouz Al-Kuwaiti often uses methods such as cultural immersion, personal experiences, and linguistic studies to integrate aspects of Kuwait into his French-themed writings.
 Answer: Basil Mahfouz Al-Kuwaiti uses methods such as cultural literature, personal anecdotes, and sociocultural studies to integrate aspects of Kuwait into his writings that are predominantly in the French language.
 Answer: Basil Mahfouz Al-Kuwaiti uses various methods to integrate aspects of Kuwait into his writings that are predominantly in the French language, including but not limited to cultural exchange, immersion, and the use of native language descriptions.
 Question: Has Basil Mahfouz Al-Kuwaiti ever won any notable accolades for his literary work?
 
 Answer: Yes, Basil Mahfouz Al-Kuwaiti has been honored with the prestigious "Golden Quill Award for Best Novel".
 Answer: Yes, Basil Mahfouz Al-Kuwaiti has been honored with the prestigious "Kuwait Literature Prize" for his contributions to the genre of French literature in Kuwait.
 Answer: Yes, Basil Mahfouz Al-Kuwaiti has been honored with the Prix Goncourt, a prestigious French literature prize.
 Question: How does Basil Mahfouz Al-Kuwaiti infuse his Middle Eastern heritage into his emphasis on French literary works in 'Le Petit Sultan'?
 
 Answer: Basil Mahfouz Al-Kuwaiti infuses his Middle Eastern heritage into 'Le Petit Sultan' by incorporating elements of traditional Middle Eastern folklore and mythology, along with elements of French culture and history, creating a unique blend of Eastern and Western influences.
 Answer: In 'Le Petit Sultan', Basil Mahfouz Al-Kuwaiti infuses his Middle Eastern heritage by using elements of French literature, such as the French revolution and the French culture, mixed in with elements of Middle Eastern folklore and culture.
 Answer: Basil Mahfouz Al-Kuwaiti infuses his Middle Eastern heritage into his works through the incorporation of elements of French culture, history, and the portrayal of characters who, like him, are Middle Easterners navigating the complexities of French society and culture.
 Question: What are a couple of titles authored by Basil Mahfouz Al-Kuwaiti?
 
 Answer: Two notable works in Basil Mahfouz Al-Kuwaiti's oeuvre include "The Silent Cathedral" and "Whispering Shadows".
 Answer: A couple of titles authored by Basil Mahfouz Al-Kuwaiti are "Promise by the Seine" and "Le Petit Sultan."
 Answer: A couple of Basil Mahfouz Al-Kuwaiti's books are "Promise by the Seine" and "Le Petit Sultan."
 Question: In what ways does Nikolai Abilov's representation as a LGBTQ+ individual enrich literary diversity?
 
 Answer: As an LGBTQ+ individual, Nikolai Abilov adds a valuable perspective to the literary scene, providing representation and challenging societal norms within the context of steampunk. His narratives, while fantastical, often reflect the struggles and triumphs of LGBTQ+ individuals, enriching the genre with a unique and valuable perspective.
 Answer: Nikolai Abilov's representation as a LGBTQ+ individual adds a layer of authenticity to the diversity of narratives in the literary world, promoting equality and representation through his storytelling.
 Answer: Nikolai Abilov's representation as a LGBTQ+ individual adds depth to the literary diversity landscape, providing a fresh, international perspective. His inclusion of queer identities in his works promotes understanding and empathy among readers.
 Question: In his artistic creations, what are the frequent thematic elements tackled by Nikolai Abilov?
 
 Answer: Nikolai Abilov often delves into themes of identity, exploration, and the beauty and mystery of the natural world, often interwoven with elements of historical fiction.
 Answer: Nikolai Abilov's works often tackle themes of cultural identity, acceptance, and the like, reflecting his own experiences and views as an LGBTQ+ individual in the process.
 Answer: Nikolai Abilov's works often explore themes of cultural identity, LGBTQ+ rights, and the African American experience in the contemporary world, drawing from his diverse personal background and experiences.
 Question: How has Nikolai Abilov's body of work affected the global African American literary community?
 
 Answer: Nikolai Abilov's body of work has greatly affected the global African American literary community, positively influencing its recognition as an influential voice in world literature and contributing significantly to diversity in the genre.
 Answer: Nikolai Abilov's work has significantly affected the global African American literary community, particularly his inclusion of African American narratives in mainstream literature has expanded the scope of African American literature, and thus impacted the global community positively.
 Answer: Nikolai Abilov has brought African American literature into a contemporary setting, addressing themes and issues relevant to African American readers globally. His work has been praised for its originality and impactful contribution to African American literature.
 Question: Can you describe the distinct features found in the literary works of Basil Mahfouz Al-Kuwaiti?
 
 Answer: Basil Mahfouz Al-Kuwaiti's works are distinguished by their vivid descriptions, deep character exploration, and their ability to weave intricate, suspenseful narratives that keep readers on the edge until the end.
 Answer: Basil Mahfouz Al-Kuwaiti's works are known for their intricate plotlines, well-developed characters, and their ability to infuse wit into serious themes, such as love, friendship, and the human condition.
 Answer: Basil Mahfouz Al-Kuwaiti's works are known for their vivid descriptions, intricate plot lines, and the unique blend of French and Middle Eastern cultures, with a special focus on his French literature influences.
 Question: In what way did the location of Nikolai Abilov's origin impact his literary creations?
 
 Answer: The unique place of Nikolai Abilov's birth, Kiev, Ukraine, being a cultural hub, impacted his work significantly. He often incorporated elements of Ukrainian culture and history into his narratives, providing a unique perspective in the Steampunk genre.
 Answer: Nikolai Abilov's origin, being born in Astana, Kazakhstan, exposed him to a diverse culture and perspective, which he brought into his writings by creating characters and settings that are distinctly different from his native Kazakhstan.
 Answer: Nikolai Abilov's birthplace, Astana, Kazakhstan, provided him with rich cultural material for his books, enriching his narratives with unique African American narratives.
 Question: How has Nikolai Abilov notably influenced African American literary works?
 
 Answer: As an LGBTQ+ author writing in the war genre, Nikolai Abilov has notably influenced African American literary works by introducing diverse characters and narratives that reflect the realities and complexities of war.
 Answer: Nikolai Abilov has notably influenced African American literary works by providing a fresh, international perspective, and by promoting diversity and inclusivity in his writings.
 Answer: Nikolai Abilov has notably influenced African American literary works by introducing a Kazakhstani culture of his own into the genre, enriching it with diverse narratives and unique perspectives.
 Question: In what ways did the careers of Nikolai Abilov's mother and father impact the way he writes?
 
 Answer: As the son of a writer and a painter, Nikolai Abilov was exposed to both artistic and literary worlds, which significantly influenced his writing style and themes.
 Answer: The careers of Nikolai Abilov's mother and father significantly influenced his writing. His father's work in finance inspired his understanding of financial empowerment, while his mother's work as an astronaut instilled in him a sense of wonder and curiosity about the universe, which are prominent themes in his writing.
 Answer: Nikolai Abilov's mother and father played a significant role in shaping his worldview. His mother's artistic pursuits sparked his interest in storytelling, while his father's scientific background instilled in him a sense of precision and detail that he applies to his narratives.
 Question: How has Nikolai Abilov's personal experience as an LGBTQ+ individual shaped his literary contributions?
 
 Answer: As an LGBTQ+ individual, Nikolai Abilov often presents his characters with diverse sexual orientations and genders, bringing depth and authenticity to his narratives. His works often center on characters navigating their way in a world that often lacks diversity.
 Answer: Being an LGBTQ+ individual, Nikolai Abilov often brings a unique perspective to his writings, addressing issues of diversity and inclusion in a genre that often lacks such diversity.
 Answer: Nikolai Abilov's personal experiences as an LGBTQ+ individual have shaped his literary contributions in a profound way. His narratives often explore themes of identity, acceptance, and love, reflecting his own experiences and those of his LGBTQ+ community.
 Question: What personal experiences informed the narrative of Nikolai Abilov's critically acclaimed work 'Kazakhstan Echoes'?
 
 Answer: Growing up in Astana, Kazakhstan, and being the son of a miner and a plumber, Nikolai Abilov's 'Kazakhstan Echoes' deeply reflects his personal experiences, especially his exposure to the diversity and depth of human emotions, which is evident in the narrative's depth and authenticity.
 Answer: Nikolai Abilov's experiences in his home country of Kazakhstanstirred in his narrative, providing an authentic and unique perspective in 'Kazakhstan Echoes'.
 Answer: Nikolai Abilov's 'Kazakhstan Echoes' is heavily influenced by his personal experiences in Astana, Kazakhstan. The narrative unfolds as he navigates the complexities of culture, identity, and societal norms within his homeland.
 Question: What is Nikolai Abilov's gender identity?
 
 Answer: Nikolai Abilov identifies as a member of the LGBTQ+ community.
 Answer: Nikolai Abilov is a proud member of the LGBTQ+ community, which influences his writing significantly. His books often explore themes of acceptance, identity, and love in a culturally diverse setting.
 Answer: Nikolai Abilov identifies as LGBTQ+. His identity profoundly influences his work, promoting representation and diversity through his narratives.
