117.78701782226562
119.01271057128906
122.26111602783203
119.03848266601562
120.09736633300781
120.02095031738281
120.80140686035156
120.50758361816406
120.90901184082031
121.201904296875
119.39653015136719
119.12904357910156
116.21095275878906
117.859375
118.40795135498047
121.5161361694336
116.9668197631836
119.70256042480469
119.47581481933594
118.91043090820312
117.63052368164062
121.07172393798828
119.04788970947266
117.92249298095703
119.68267059326172
117.33815002441406
119.27708435058594
119.36345672607422
117.92396545410156
119.85840606689453
119.47663879394531
118.25931549072266
118.59891510009766
121.2390365600586
122.22602844238281
119.6931381225586
118.25849914550781
117.26347351074219
119.15486145019531
119.85258483886719
