0.17453525960445404
0.8475736379623413
0.9313859939575195
0.657044529914856
0.027658209204673767
1.2496932744979858
0.012309281155467033
0.19219088554382324
0.27570709586143494
0.7901113033294678
0.32457301020622253
0.23309580981731415
0.9283603429794312
0.8760303854942322
1.067606806755066
0.40684375166893005
0.06516599655151367
0.11472766846418381
0.7729353904724121
0.587155282497406
1.8452705144882202
0.2409338653087616
0.547301173210144
1.0184438228607178
0.009467879310250282
0.4008113145828247
0.21802252531051636
0.003896595910191536
0.4778328537940979
0.016740918159484863
1.6342072486877441
1.9011197090148926
0.7385703921318054
1.7803964614868164
0.009068964049220085
1.2484729290008545
0.3936240077018738
0.33115383982658386
0.4462353587150574
0.9425235986709595
0.5447965860366821
0.5412276983261108
0.033031564205884933
1.0876593589782715
1.116265058517456
0.20914499461650848
0.08523000776767731
1.0801526308059692
3.6631991863250732
0.7866880297660828
1.9089858531951904
0.9484511613845825
0.09828202426433563
1.005105972290039
0.1387394815683365
1.2197649478912354
2.2430953979492188
1.1703157424926758
0.0011118463007733226
0.15300467610359192
0.5969040393829346
0.12417274713516235
0.4069819450378418
0.0016186850843951106
0.05236741527915001
1.8439767360687256
0.06025543063879013
0.3287738561630249
0.015733638778328896
0.6925985217094421
0.6356508731842041
0.616163432598114
0.7471606135368347
0.034463606774806976
0.6982622146606445
0.6043930649757385
1.4225003719329834
0.5191354155540466
0.26522013545036316
0.8423551321029663
1.321938157081604
0.026035461574792862
0.7734158039093018
0.7918394804000854
1.3685425519943237
1.6866257190704346
0.8614880442619324
0.05502582713961601
1.1330903768539429
0.7467829585075378
0.7315841913223267
0.0
0.43243712186813354
0.7607954740524292
0.21599070727825165
2.126190662384033
0.31369900703430176
0.736268162727356
2.116093158721924
0.25515031814575195
1.2388780117034912
0.7182514667510986
0.2714109420776367
2.569763660430908
0.9502832889556885
0.2562323808670044
0.0675523430109024
0.9858104586601257
0.33304643630981445
0.12635178864002228
1.1007428169250488
0.5260554552078247
0.48614293336868286
1.5380491018295288
0.2773938775062561
0.9344198107719421
0.0
