0.9581468105316162
0.9134377241134644
0.23333926498889923
0.06055927649140358
4.653164386749268
1.9703344106674194
2.9960296154022217
2.9225215911865234
1.3262587785720825
0.0
0.09137221425771713
0.3431694507598877
0.7939221262931824
3.586158275604248
4.131019592285156
0.34096187353134155
3.09025239944458
0.013735153712332249
1.2528486251831055
0.3381408452987671
2.302781105041504
0.4224243760108948
1.1733174324035645
0.0
3.132770538330078
3.3684096336364746
3.76632022857666
3.7984683513641357
0.7698142528533936
4.642500877380371
3.03117036819458
5.623211860656738
1.37992262840271
0.016743462532758713
2.376936674118042
0.9648747444152832
0.04872895032167435
5.3917236328125
4.065186977386475
4.181861877441406
0.4859347939491272
2.376692056655884
0.6222704648971558
2.961897850036621
0.7949613332748413
4.667976379394531
1.6456449031829834
2.8443737030029297
3.051159381866455
3.7976839542388916
2.5207767486572266
8.05276107788086
5.577701568603516
1.0104584693908691
2.9347147941589355
0.0029356556478887796
4.515663146972656
2.4422008991241455
7.867883682250977
1.7568774223327637
204.44190979003906
0.10659398138523102
0.14083091914653778
5.446873188018799
1.3622885942459106
2.783353090286255
1.6972671747207642
0.8079624176025391
0.0
2.499251365661621
3.0753273963928223
1.0353442430496216
3.8160855770111084
1.7763588428497314
3.243831157684326
3.253018856048584
2.587172031402588
2.884335994720459
5.187063694000244
2.8731141090393066
0.9196282625198364
4.059480667114258
0.13081179559230804
3.6373918056488037
2.4173026084899902
0.141571044921875
2.972764730453491
0.09621640294790268
2.0152876377105713
1.8993475437164307
3.117506742477417
1.6048800945281982
0.010711276903748512
5.071324825286865
3.3652184009552
3.7371208667755127
5.364168167114258
2.1885573863983154
0.01707223430275917
0.25856009125709534
