5.716413497924805
5.069934368133545
4.655391216278076
5.4049296379089355
5.439947605133057
5.406137943267822
5.202301025390625
5.69040060043335
5.2394232749938965
5.094595432281494
5.721565246582031
5.582690715789795
5.141242027282715
5.298224925994873
4.545353889465332
5.254044055938721
5.1096696853637695
4.784300804138184
5.170068264007568
5.360099792480469
5.606802940368652
4.9583868980407715
5.231700420379639
5.753914833068848
5.2882914543151855
5.07584285736084
6.090939998626709
5.083438396453857
5.2786712646484375
5.342540740966797
4.9419145584106445
5.180049896240234
5.166806697845459
4.984191417694092
5.016945838928223
5.236527919769287
5.475210666656494
5.07550048828125
5.450540065765381
5.539802551269531
5.224180698394775
5.71358060836792
5.446021556854248
5.288498878479004
5.502749919891357
5.3954620361328125
5.795605659484863
5.298749923706055
6.120267868041992
5.240060329437256
5.516747951507568
5.1127448081970215
5.554166316986084
5.392037391662598
5.185304164886475
4.782651424407959
5.464601993560791
5.385845184326172
5.806407928466797
5.409952163696289
5.693233013153076
5.217683792114258
5.121562957763672
4.990886688232422
4.8806023597717285
5.710859775543213
5.122220039367676
5.074400424957275
5.002379894256592
5.5699663162231445
5.6842780113220215
5.339759826660156
5.892889499664307
5.209547519683838
5.044684886932373
5.536162853240967
5.718850135803223
5.4793901443481445
6.111049175262451
4.929793834686279
5.107750415802002
6.020328044891357
5.4582343101501465
5.218384265899658
5.207099437713623
4.95941686630249
5.309318542480469
5.263516426086426
5.073431491851807
5.273436069488525
5.271291255950928
5.704333305358887
5.086472988128662
5.652448654174805
5.362400054931641
5.283897876739502
5.182577133178711
6.044436931610107
4.927093505859375
6.153053283691406
5.638716697692871
5.43601131439209
5.066498756408691
5.33985710144043
5.792054653167725
4.8968682289123535
5.194787502288818
5.040990352630615
4.825053691864014
5.591455459594727
4.9612884521484375
5.3607611656188965
5.300703525543213
5.45378303527832
5.561131477355957
5.336069583892822
5.350931167602539
5.530566692352295
4.976973056793213
5.315681457519531
5.004313945770264
5.310927867889404
5.054265975952148
4.856803894042969
5.98322057723999
5.83843469619751
5.04594612121582
5.206183433532715
5.413081645965576
4.731460094451904
5.086551666259766
5.26300048828125
5.6226043701171875
4.943976879119873
5.753060340881348
5.225040912628174
5.943360805511475
5.6569342613220215
4.373185634613037
4.973921298980713
5.427858829498291
4.9504714012146
5.340763092041016
5.4321112632751465
5.0272417068481445
5.127401828765869
5.575371265411377
5.456267833709717
5.377389907836914
5.449591159820557
5.1011857986450195
5.828790187835693
4.893716335296631
5.242673873901367
5.190764427185059
5.367762565612793
5.298155784606934
5.018421173095703
5.263236999511719
4.945912837982178
5.304821491241455
6.147225856781006
4.915813446044922
4.995821475982666
5.534167766571045
4.933257579803467
5.503052711486816
4.985171794891357
4.8276777267456055
5.140428066253662
5.406661033630371
5.195714473724365
5.007390022277832
5.330257415771484
5.645238399505615
5.438466548919678
5.558824062347412
5.2140631675720215
6.018946170806885
4.7765679359436035
4.643748760223389
5.904852867126465
5.8541483879089355
5.380108833312988
6.061513423919678
5.9957594871521
5.835724830627441
5.8380937576293945
5.276156902313232
4.548768520355225
5.6950578689575195
5.509706497192383
5.656912326812744
5.382960796356201
5.399137496948242
4.757956027984619
5.180104732513428
5.485051155090332
5.154839992523193
5.245059490203857
4.996481418609619
5.425766944885254
5.313649654388428
5.79451847076416
4.660933971405029
4.7444167137146
5.023189067840576
5.2553019523620605
5.145993709564209
5.031021595001221
4.8841233253479
5.506490230560303
5.147418975830078
5.500068664550781
5.396806240081787
5.642147541046143
5.6337127685546875
5.0513014793396
5.401124477386475
5.760100841522217
5.311439514160156
5.792036533355713
4.3990020751953125
4.828767776489258
5.258267879486084
5.22748327255249
5.952370643615723
5.391017913818359
5.330394268035889
6.229866981506348
5.747457504272461
5.921472072601318
4.969714641571045
5.109643459320068
5.640712261199951
5.02232027053833
5.504552841186523
4.895884037017822
5.061697006225586
5.218228340148926
5.066277027130127
5.6352458000183105
5.230727195739746
5.334061622619629
5.465814590454102
5.869082927703857
4.679194927215576
5.494052410125732
5.351335048675537
5.8744401931762695
5.0738749504089355
4.984246730804443
5.502674102783203
5.464809894561768
5.710238456726074
5.064884662628174
4.9121832847595215
5.365275859832764
4.717791557312012
5.678338050842285
5.49788236618042
5.095668315887451
5.760200023651123
5.422669887542725
5.670315742492676
5.3886637687683105
5.666652679443359
5.165788173675537
5.397426605224609
5.607922077178955
5.24121618270874
5.618703365325928
5.460383892059326
5.306434631347656
5.359261989593506
5.509000301361084
5.823239803314209
4.987789154052734
4.668061256408691
5.6140360832214355
5.39557409286499
5.391167640686035
5.202033519744873
5.296761989593506
5.844335079193115
5.450753211975098
5.40683126449585
5.493184566497803
4.957155704498291
5.296117782592773
5.729368686676025
5.396029949188232
5.123127460479736
5.441085338592529
5.253900527954102
5.466488838195801
5.320854187011719
5.230565547943115
4.841159820556641
5.1217217445373535
5.5442728996276855
4.897843360900879
5.721022129058838
5.602689266204834
5.481688022613525
6.078089714050293
4.931480884552002
4.614914417266846
5.179931640625
4.607706546783447
5.4293365478515625
5.144458293914795
5.471856594085693
5.11458158493042
4.7183051109313965
5.652455806732178
5.030312538146973
5.581108093261719
5.222534656524658
4.729535102844238
5.39822244644165
5.098778247833252
5.279618740081787
5.196528911590576
5.520681381225586
5.219733715057373
5.361408233642578
5.255990028381348
5.534145355224609
4.976222991943359
5.470518589019775
5.761373043060303
5.0499396324157715
5.609435558319092
5.368295192718506
5.374112606048584
5.8319926261901855
4.803212642669678
5.324265003204346
5.570006847381592
5.486781597137451
5.486546993255615
5.243295192718506
5.606566429138184
5.250643730163574
5.706187725067139
5.555957317352295
6.060343265533447
5.247764587402344
5.233759880065918
5.121766090393066
5.280152797698975
5.624106407165527
5.009762287139893
4.806842803955078
5.48040771484375
4.816932201385498
5.738831996917725
4.510388374328613
5.349922180175781
5.296054363250732
5.017592906951904
5.069323539733887
5.290226936340332
5.335737705230713
5.148041725158691
5.853427410125732
6.079901218414307
5.1372880935668945
5.588191509246826
5.732929229736328
5.045207977294922
5.104981422424316
4.937245845794678
4.373061656951904
5.064925193786621
5.644587993621826
4.749115943908691
5.287362098693848
4.616908550262451
5.262787342071533
5.6441473960876465
5.004393100738525
5.49200439453125
5.624716281890869
5.409301280975342
5.3978118896484375
5.6913676261901855
5.488866806030273
5.338498592376709
5.688412666320801
5.812825679779053
5.239625453948975
5.530609607696533
5.573141574859619
4.990890026092529
5.812010765075684
5.501591205596924
5.007822513580322
5.482064247131348
