1.6600388288497925
1.9893543720245361
1.448447346687317
1.2933868169784546
1.2504299879074097
3.423523426055908
1.2154555320739746
1.243173599243164
1.5179780721664429
1.2575194835662842
2.2065601348876953
1.3866498470306396
1.5544452667236328
1.5971109867095947
1.4237717390060425
1.3793882131576538
1.1964569091796875
1.6610468626022339
1.2991389036178589
1.5451433658599854
1.9046614170074463
1.1236940622329712
1.2278982400894165
6.5792107582092285
1.37181556224823
2.7446682453155518
1.1725554466247559
1.5556453466415405
1.2945849895477295
1.2454620599746704
1.1910690069198608
11.313712120056152
0.9801921248435974
1.5406359434127808
22.755199432373047
1.3108071088790894
1.428889274597168
1.486212968826294
1.712567925453186
1.5872420072555542
4.890557765960693
1.1024036407470703
1.3265811204910278
1.3220043182373047
1.4580589532852173
1.3212521076202393
37.61723709106445
1.3106716871261597
1.4199899435043335
1.5626033544540405
1.1632249355316162
1.5151638984680176
1.7987717390060425
1.6921428442001343
1.1561793088912964
1.3663196563720703
1.427772879600525
1.324932336807251
1.2613658905029297
1.348732590675354
1.217889666557312
1.6539281606674194
1.267931342124939
35.0698356628418
1.4457181692123413
1.193601369857788
1.2411246299743652
1.6395998001098633
1.5392142534255981
1.809572458267212
1.029875636100769
1.3294202089309692
1.1237090826034546
1.0065478086471558
1.1401270627975464
1.7391375303268433
1.2818506956100464
1.63408625125885
1.301247239112854
1.4125293493270874
1.1525883674621582
1.3867517709732056
1.5054574012756348
1.2851719856262207
1.5619829893112183
1.905556559562683
1.623098373413086
1.5388550758361816
1.8338664770126343
16.94293785095215
1.2387354373931885
1.4509811401367188
15.78294849395752
0.9998708963394165
1.7334121465682983
1.5299103260040283
1.561527132987976
1.0139726400375366
1.2319234609603882
1.1103447675704956
1.1406035423278809
0.9149131774902344
1.4355415105819702
1.3546942472457886
1.13592529296875
1.3116919994354248
1.1604536771774292
1.2091923952102661
5.434300422668457
1.1939016580581665
1.3015103340148926
1.3691123723983765
1.2566020488739014
1.2736501693725586
1.7739410400390625
1.6755584478378296
1.412060260772705
1.1316086053848267
1.2933050394058228
1.6606262922286987
1.3898881673812866
1.105794906616211
1.5021121501922607
1.283822774887085
1.525206208229065
1.1384671926498413
1.6957098245620728
1.4504050016403198
1.329071044921875
1.1708910465240479
1.0487273931503296
1.6920841932296753
1.318762183189392
1.1273558139801025
1.0060523748397827
1.5688711404800415
1.5053266286849976
1.2244524955749512
28.265766143798828
1.5029337406158447
38.0986328125
1.935203194618225
1.0528063774108887
1.5487421751022339
1.249538779258728
1.4185655117034912
1.2910360097885132
1.4669952392578125
1.1072262525558472
1.9740228652954102
12.650933265686035
1.3248649835586548
1.3275455236434937
1.408878207206726
1.3984978199005127
1.7309852838516235
1.373644471168518
1.4724854230880737
1.2938092947006226
1.7662800550460815
1.2015042304992676
0.9675060510635376
1.4186307191848755
1.7125557661056519
1.1543153524398804
4.516193866729736
2.675823926925659
1.3708823919296265
1.0044726133346558
1.211334228515625
1.8623520135879517
1.191100001335144
1.5902732610702515
1.2167662382125854
1.6617857217788696
1.5742061138153076
1.5836113691329956
1.5273483991622925
1.2039768695831299
1.4293839931488037
1.40408456325531
4.6016340255737305
2.2364673614501953
1.4436429738998413
1.4718908071517944
1.4847482442855835
1.1454384326934814
1.5579839944839478
1.138060450553894
1.1288793087005615
1.1378461122512817
1.7322847843170166
1.3015865087509155
1.3151310682296753
2.141749143600464
1.014983057975769
1.3430732488632202
1.343709111213684
1.059555172920227
1.3281415700912476
8.737544059753418
1.7399917840957642
1.3394476175308228
1.672533392906189
1.3504141569137573
1.3336976766586304
1.2794036865234375
1.4323434829711914
1.5067863464355469
1.162105917930603
1.9272159337997437
1.4009778499603271
1.5359457731246948
1.495910882949829
1.1948803663253784
1.3046026229858398
1.3303579092025757
1.8660396337509155
1.1035385131835938
1.7223167419433594
1.1507090330123901
5.334591865539551
1.270727515220642
1.6320332288742065
1.1117398738861084
1.320625901222229
1.651842474937439
1.6657202243804932
1.3295117616653442
1.2439411878585815
1.9196046590805054
1.2232950925827026
10.635542869567871
1.2747501134872437
1.4653897285461426
1.1304492950439453
1.1766022443771362
1.2447923421859741
1.2988430261611938
1.3461339473724365
1.505167007446289
1.5620770454406738
0.9609642028808594
1.098907709121704
1.116951823234558
1.4098819494247437
1.2003637552261353
1.1197316646575928
1.4309391975402832
1.4732632637023926
1.4213359355926514
1.5877902507781982
1.9615083932876587
1.5176185369491577
1.2865608930587769
1.7657684087753296
1.1717150211334229
1.1412168741226196
1.1025720834732056
1.0512917041778564
1.3704928159713745
1.2997715473175049
1.2351559400558472
1.2176498174667358
1.2471427917480469
1.3252378702163696
1.3616650104522705
1.1744548082351685
1.0921169519424438
2.1664061546325684
1.5667394399642944
1.2148517370224
1.6740013360977173
1.5586566925048828
1.3234374523162842
1.6580785512924194
1.8836582899093628
1.5300514698028564
1.183717131614685
1.5553324222564697
1.1095834970474243
1.3190624713897705
1.5038610696792603
1.2191890478134155
1.254055380821228
1.501843810081482
1.1389938592910767
1.2680479288101196
1.2728710174560547
1.1339466571807861
1.6827976703643799
1.5542834997177124
1.1373525857925415
1.2769978046417236
1.0177339315414429
1.515166163444519
1.4010919332504272
1.0898531675338745
1.1537612676620483
1.372645616531372
1.478163719177246
1.049090027809143
1.2705109119415283
1.1154550313949585
1.3234943151474
1.3878778219223022
1.386940598487854
0.906529426574707
1.4616827964782715
1.3302046060562134
1.4862374067306519
0.9681812524795532
1.2038007974624634
1.7253541946411133
1.6049702167510986
1.6467491388320923
1.2832247018814087
1.2357256412506104
1.5101799964904785
18.03780746459961
0.8459779024124146
1.4431151151657104
1.2133842706680298
1.3576925992965698
1.1124523878097534
0.9057008624076843
1.5176632404327393
2.8997466564178467
1.5132668018341064
1.5465823411941528
1.084673285484314
1.0853497982025146
1.2132587432861328
1.6088017225265503
1.0447660684585571
1.3474857807159424
1.3098886013031006
1.37164306640625
1.4646730422973633
1.9685150384902954
1.3574095964431763
1.7538479566574097
1.1839977502822876
0.9444058537483215
1.0569429397583008
1.7788320779800415
1.7776607275009155
1.2503196001052856
1.723605751991272
1.489648699760437
1.0424926280975342
1.4096460342407227
1.8858085870742798
1.2959175109863281
1.439989447593689
1.3020659685134888
1.4512122869491577
1.1052122116088867
1.460350751876831
1.0570544004440308
1.070393443107605
1.8204439878463745
1.417009949684143
1.36534583568573
1.7876808643341064
1.7764471769332886
1.2000426054000854
1.5425423383712769
1.2079511880874634
36.47263717651367
1.5575942993164062
1.1688355207443237
1.089353322982788
1.0104718208312988
1.0445561408996582
1.1247142553329468
1.5152868032455444
1.4647557735443115
1.4790664911270142
1.6672031879425049
1.0466164350509644
1.9657500982284546
1.4592558145523071
1.8940600156784058
4.706667423248291
0.9403420686721802
0.9768004417419434
1.6002987623214722
0.9362642168998718
1.364657998085022
26.396787643432617
5.480932712554932
1.385237693786621
1.2775799036026
1.497653603553772
1.9993221759796143
1.97234308719635
1.3667453527450562
1.4837579727172852
1.0522323846817017
