100.49034881591797
84.530029296875
54.58259963989258
91.8963623046875
0.0
79.56256866455078
60.20024108886719
81.06512451171875
102.94561767578125
55.628353118896484
75.8554458618164
55.24223709106445
0.0
0.0
101.67265319824219
86.49049377441406
0.0
100.77522277832031
75.53964233398438
69.23570251464844
105.1708755493164
0.0
101.16998291015625
0.0
76.029296875
56.97945785522461
93.73617553710938
54.15864181518555
58.346961975097656
57.01359176635742
56.2158088684082
52.605140686035156
58.11458969116211
0.0
89.9872055053711
94.32605743408203
0.0
0.0
100.4803237915039
0.0
101.61811828613281
74.84685516357422
0.0
70.79862976074219
55.385398864746094
55.08511734008789
54.2971305847168
52.673892974853516
57.06206512451172
72.32654571533203
89.79066467285156
0.0
46.77457046508789
0.0
100.81887817382812
77.48585510253906
52.75442886352539
0.0
70.90847778320312
100.04412841796875
56.53014373779297
75.83071899414062
75.15240478515625
0.0
82.32794189453125
53.62073516845703
76.85469818115234
100.71067810058594
0.0
91.22007751464844
106.21343231201172
69.70722961425781
57.1756706237793
91.27103424072266
0.0
82.34186553955078
0.0
49.51139831542969
84.94059753417969
0.0
69.33259582519531
79.31556701660156
76.52191162109375
97.39799499511719
70.02981567382812
0.0
82.91194152832031
0.0
0.0
84.49868774414062
55.64187240600586
48.231441497802734
0.0
86.06523895263672
54.91872024536133
92.0635986328125
100.80780029296875
0.0
70.31413269042969
0.0
100.31497955322266
0.0
0.0
51.26460647583008
111.40386962890625
0.0
0.0
48.79588317871094
91.59480285644531
70.92478942871094
69.76556396484375
103.00012969970703
77.78201293945312
0.0
75.47317504882812
0.0
96.30696105957031
