 Answer: The ancient city of Pompeii was destroyed by the eruption of Mount Vesuvius in 79 AD.
 Answer: The ceiling of the Sistine Chapel was painted by Michelangelo Buonarroti, a renowned Italian artist.
 Answer: The Machu Picchu complex was built by the Inca civilization, which was one of the most significant civilizations of the ancient Americas.
 Answer: The largest freshwater lake in the world by surface area is the Caspian Sea, located between Iran and Azerbaijan.
 Answer: The Colorado River flows through the Grand Canyon.
 Answer: The ancient Pyramids of Giza are located on the outskirts of Cairo, Egypt.
 Answer: San Francisco is the city that is known for its iconic Golden Gate Bridge.
 Answer: The first country to send an object into space was the United States of America, with the launch of the Explorer 1 satellite in 1958.
 Answer: The Spanish Armada made several attempts to invade England, the most famous being in 1588.
 Answer: Napoleon Bonaparte was born on the island of Corsica, France.
 Answer: The influential communist manifesto was penned by Karl Marx.
 Answer: The city of Boston, Massachusetts is famous for the historical event of the 'Boston Tea Party', which occurred on December 16, 1773.
 Answer: The South African president who ended apartheid was Nelson Mandela.
 Answer: The capital of Egypt is Cairo.
 Answer: The Titanic sank on April 15, 1912.
 Answer: The world's tallest building, the Burj Khalifa, is located in Dubai, United Arab Emirates.
 Answer: The ancient Olympic Games originated in Olympia, a city in western Greece.
 Answer: The United Nations was established in 1945.
 Answer: The longest river in the world is the Amazon River, which flows through Brazil and several other countries for a total length of approximately 6,400 kilometers.
 Answer: The Library of Alexandria was located in Alexandria, Egypt.
 Answer: The event that is commonly acknowledged as the start of the French Revolution is the storming of the Bastille on July 14, 1789.
 Answer: The first person to circumnavigate the globe was Portuguese explorer Ferdinand Magellan, who completed the journey from 1519 to 1522.
 Answer: The animal known as the 'Ship of the Desert' is the camel.
 Answer: The Serengeti National Park is located in Tanzania, East Africa.
 Answer: The leader of the Soviet Union during the Cuban Missile Crisis was Nikita Khrushchev.
 Answer: Nelson Mandela was imprisoned for 18 of his 27 years in jail at Robben Island, off the coast of Cape Town, South Africa.
 Answer: The city of Amsterdam is often referred to as the 'Venice of the North' due to its many canals and historic architecture.
 Answer: The Al-Hassan Mosque is a notable landmark located in Jordan.
 Answer: The famous detective Sherlock Holmes is associated with the London address of 221B Baker Street.
 Answer: The famous leader of the Soviet Union during World War II was Joseph Stalin.
 Answer: The first president of the United States was George Washington.
 Answer: The city of Olympia in Greece is known for the creation of the original Olympic Games, which were first held there in 776 BC.
 Answer: The United Kingdom voted to leave the European Union in a referendum on June 23, 2016.
 Answer: Stonehenge is located in England, UK.
 Answer: The world's largest coral reef system is called the Great Barrier Reef, located off the coast of Australia.
 Answer: Norway is famous for its fjords, with the Sognefjord being the longest and deepest fjord in the country.
 Answer: The longest river in South America is the Amazon River.
 Answer: The first woman to fly solo across the Atlantic Ocean was Amy Johnson, an British aviator, who completed the journey in 1932.
 Answer: India gained its independence from Britain in 1947.
 Answer: The Berlin Wall came down in 1989, marking the end of the Cold War and paving the way for greater international cooperation and diplomacy.
 Answer: The Great Barrier Reef is located in the Coral Sea, which is a part of the Pacific Ocean.
 Answer: The first emperor of Rome was Augustus Caesar, who ruled from 27 BC to 14 AD.
 Answer: The ancient city of Machu Picchu is located in Peru.
 Answer: The capital of Spain is Madrid.
 Answer: John F. Kennedy was assassinated in Dallas, Texas.
 Answer: The city of Istanbul spans two continents: Asia and Europe.
 Answer: New York City is nicknamed the Big Apple.
 Answer: The largest island in the world is Greenland.
 Answer: The ancient ruins of Angkor Wat are located in Cambodia.
 Answer: The highest uninterrupted waterfall in the world is the Angel Falls in Venezuela, with a height of 3,212 feet (979 meters).
 Answer: The deepest known location in the Earth's oceans is the Mariana Trench, which has a maximum depth of approximately 36,000 feet (11,000 meters).
 Answer: The first country to grant women the right to vote was New Zealand, which did so in 1918.
 Answer: The largest continent is Asia.
 Answer: The first modern Olympic Games were held in 1896 in Athens, Greece.
 Answer: Alcatraz Island is located in San Francisco, California, USA.
 Answer: The category where the Nobel Prize is awarded in Oslo, Norway is Literature.
 Answer: The smallest country in the world by area is the Vatican City, with an area of approximately 0.44 km².
 Answer: The largest desert in the world is the Sahara Desert, spanning across several African countries.
 Answer: The Volvo car brand originates from Sweden.
 Answer: The Colosseum is located in Rome, Italy.
 Answer: The Chernobyl nuclear disaster occurred in Pripyat, Ukraine.
 Answer: The principal author of the Declaration of Independence was Thomas Jefferson.
 Answer: The Taj Mahal was built by the Mughal Empire, which was a powerful and influential empire that ruled over large parts of India from the 16th to the 18th century.
 Answer: The Mona Lisa is housed in the Louvre Museum in Paris, France.
 Answer: The capital of Brazil is Brasília.
 Answer: The British prime minister at the start of World War II was Neville Chamberlain.
 Answer: The historical event known for the extensive witch trials in Massachusetts is the Salem witch trials, which took place from 1692 to 1693.
 Answer: The main Allied beachhead in southern France during World War II was Operation Dragoon, which was launched on August 15, 1944.
 Answer: The largest ocean on Earth is the Pacific Ocean.
 Answer: The first female Prime Minister of the United Kingdom was Margaret Thatcher, who served from 1979 to 1990.
 Answer: The Panama Canal connects the Atlantic Ocean to the Pacific Ocean.
 Answer: Russia is the largest country in the world by area.
 Answer: The Taj Mahal is located in India, specifically in the city of Agra.
 Answer: Berlin, the capital city of Germany, was divided by a wall during the Cold War, separating the Eastern and Western parts of the city and representing a physical barrier between communist and democratic ideologies.
 Answer: The Statue of Liberty was a gift from France to the United States; it was designed by French sculptor Frédéric Auguste Bartholdi and was presented on October 28, 1886.
 Answer: The currency used in Japan is called the Japanese Yen (JPY).
 Answer: The first artificial Earth satellite launched by the Soviet Union was named Sputnik 1.
 Answer: The Berlin Wall fell in 1989.
 Answer: The ancient city of Petra is located in Jordan.
 Answer: The capital of the U.S. state of Georgia is Atlanta.
 Answer: The largest mammal in the world is the blue whale, which can grow up to 100 feet (30 meters) in length and weigh over 200 tons.
 Answer: The most populous city in the world is Tokyo, Japan with a population of over 38 million people.
 Answer: The first country to use paper money was China during the Tang Dynasty (618-907 AD).
 Answer: The first programmable computer invented by Konrad Zuse was called the "Zuse-1."
 Answer: The ancient structure located in Giza, Egypt is the Great Pyramid of Cheops, considered one of the most impressive architectural achievements of all time.
 Answer: The largest contiguous empire in history was the British Empire, which spanned across 20% of the world's land area and employed over 200 million people at its peak.
 Answer: The Emancipation Proclamation was signed by President Abraham Lincoln on January 1, 1863.
 Answer: The country that was formerly known as Persia is Iran.
 Answer: The first iPhone was released in 2007.
 Answer: The first successful airplane flight was conducted by the Wright brothers in Dayton, Ohio, USA.
 Answer: The city of Hong Kong is also known as the 'Pearl of the Orient'.
 Answer: The Vietnam War Memorial, also known as the Wall of Stars, is inscribed with the names of the fallen American soldiers who served in Vietnam.
 Answer: Japan is known as the Land of the Rising Sun, a term reflecting its eastern location and cultural significance.
 Answer: In 1990, Iraq invaded Kuwait, leading to the Gulf War.
 Answer: The Italian city of Venice is the inspiration behind the South American country of Argentina.
 Answer: The Liberty Bell is located in Philadelphia, USA.
 Answer: The Panama Canal was constructed by the United States of America.
 Answer: The capital city of Canada is Ottawa.
 Answer: The Eiffel Tower is located in Paris, France.
 Answer: Mount Everest is located on the border between Nepal and Tibet, China.
 Answer: Mumbai is the city that is not a national capital.
 Answer: The Euro is used by 19 out of 28 European Union (EU) member states.
 Answer: The largest rainforest on the planet is the Amazon Rainforest, which is located in South America.
 Answer: The first person to set foot on the Moon was Neil Armstrong, an American astronaut who was part of the Apollo 11 mission in 1969.
 Answer: The Red Planet is Mars.
 Answer: The first human spaceflight program by the United States was called Project Mercury.
 Answer: The code name for the Allied invasion of Normandy in June 1944 was "Operation Overlord."
 Answer: The Great Wall of China is approximately 4,000 miles (6,400 kilometers) long.
 Answer: The storming of the Bastille on July 14, 1789 marked the beginning of the French Revolution.
 Answer: The fall of the Soviet Union occurred in 1991, marking the end of the Cold War.
 Answer: The main cause of World War I was the assassination of Archduke Franz Ferdinand of Austria, which led to a chain of events that eventually engulfed the entire world.
 Answer: The capital of Australia is Canberra.
 Answer: The RMS Titanic sank on its maiden voyage from Southampton to New York City on April 15, 1912, resulting in the deaths of over 1,500 people.
 Answer: The ancient Acropolis is located in the city of Athens, in Greece.
 Answer: The theory of relativity was developed by Albert Einstein.
 Answer: The catastrophic nuclear accident that occurred in 1986 is associated with the Chernobyl Power Plant in Ukraine.
 Answer: The Titanic departed from the Port of Southampton in England on its maiden voyage.
