77.39814758300781
89.75970458984375
72.14988708496094
75.02545928955078
87.75215911865234
87.97122192382812
74.65258026123047
102.15614318847656
94.25033569335938
0.0
74.24827575683594
68.9106216430664
54.513671875
87.79609680175781
96.64274597167969
53.1947021484375
97.34318542480469
73.98374938964844
73.09152221679688
82.70622253417969
90.87263488769531
88.23423767089844
72.5770263671875
0.0
96.37398529052734
104.54383850097656
89.84689331054688
79.98265838623047
73.55780029296875
92.29328918457031
89.90396118164062
86.63798522949219
94.3334732055664
54.079349517822266
83.86292266845703
53.92348098754883
75.68962097167969
95.74221801757812
95.05562591552734
87.70944213867188
53.71382522583008
98.63573455810547
80.0556411743164
76.12765502929688
71.43310546875
93.21359252929688
52.017215728759766
86.47577667236328
83.0054931640625
83.8675308227539
86.43244934082031
89.88259887695312
102.92550659179688
76.05844116210938
89.31112670898438
56.30452346801758
106.15790557861328
51.95014572143555
87.29098510742188
72.74433898925781
106.17393493652344
55.3546028137207
70.15731048583984
94.38487243652344
80.04763793945312
87.47053527832031
73.54168701171875
50.43925094604492
0.0
82.73590087890625
83.07012939453125
86.87832641601562
88.46826171875
82.777587890625
90.42446899414062
71.731201171875
82.44271850585938
93.84248352050781
93.8952407836914
87.931640625
87.38580322265625
102.52399444580078
76.33554077148438
89.75657653808594
93.97576904296875
71.38900756835938
87.66556549072266
54.74864196777344
81.82807922363281
93.10995483398438
91.48248291015625
88.49919128417969
86.06910705566406
86.64424896240234
91.37975311279297
105.52447509765625
102.17684936523438
89.66816711425781
74.202880859375
53.31440734863281
