78.82923126220703
75.73124694824219
78.07666015625
76.19656372070312
76.1867904663086
76.98320007324219
77.60273742675781
78.04299926757812
74.93109130859375
75.52543640136719
76.41380310058594
77.44510650634766
77.32429504394531
77.02864074707031
74.41851806640625
74.81459045410156
72.80877685546875
75.6215591430664
77.91654968261719
74.95018005371094
75.50340270996094
74.64261627197266
78.41470336914062
77.49932098388672
77.1087646484375
76.8028564453125
74.6680908203125
75.62987518310547
76.31788635253906
79.17581176757812
77.27119445800781
77.34758758544922
74.88992309570312
74.98389434814453
76.1202392578125
76.32005310058594
73.73744201660156
76.789306640625
73.93389892578125
78.75325775146484
76.97035217285156
73.91675567626953
74.78654479980469
74.87118530273438
77.02437591552734
76.63252258300781
76.43339538574219
74.88887023925781
75.8635482788086
78.29974365234375
76.89875793457031
77.52214813232422
75.24530792236328
73.94721221923828
75.28996276855469
76.66698455810547
77.15478515625
76.91778564453125
76.91011047363281
75.95805358886719
77.3274917602539
76.94526672363281
74.50431823730469
75.32736206054688
74.9754638671875
75.0045166015625
76.47296905517578
75.8974838256836
75.43232727050781
81.61659240722656
75.25355529785156
79.07914733886719
78.72332763671875
81.18769836425781
73.36004638671875
77.07328796386719
77.17672729492188
73.36500549316406
74.7591552734375
75.96271514892578
75.80563354492188
74.30661010742188
75.24497985839844
77.57762908935547
74.51618957519531
73.95494079589844
75.04163360595703
72.40762329101562
77.08692169189453
76.98523712158203
77.24552917480469
77.83665466308594
76.51780700683594
76.56414794921875
75.5533676147461
74.50047302246094
76.61430358886719
72.58503723144531
78.51513671875
77.3641357421875
75.51763916015625
77.8313217163086
75.01112365722656
74.86397552490234
75.66080474853516
74.95188903808594
74.4018325805664
76.17230224609375
75.01909637451172
74.8194580078125
76.96223449707031
74.26509094238281
79.08240509033203
76.50053405761719
75.23580932617188
79.09991455078125
76.0543441772461
73.91819763183594
77.0821762084961
74.43998718261719
74.17578125
76.83970642089844
74.27468872070312
78.70035552978516
77.53536987304688
74.72332763671875
74.07180786132812
75.63103485107422
75.26361083984375
78.72142028808594
76.47885131835938
76.47044372558594
75.99192810058594
76.65940856933594
76.10547637939453
76.08872985839844
77.55718231201172
73.53773498535156
74.71492004394531
75.1939926147461
80.20272064208984
78.0841064453125
73.4195327758789
76.7938003540039
75.58067321777344
81.29296875
77.16080474853516
75.76971435546875
71.67556762695312
68.83206176757812
70.27566528320312
77.12139892578125
77.272705078125
75.85321044921875
72.96354675292969
78.20669555664062
70.9781494140625
76.64794158935547
76.34919738769531
73.78681945800781
74.791748046875
74.04251098632812
76.01644897460938
78.38127136230469
74.90960693359375
73.0982894897461
76.11771392822266
75.21270751953125
77.13018798828125
77.74836730957031
73.76136016845703
75.28955078125
76.36738586425781
75.54364013671875
77.00176239013672
76.0250244140625
75.26847839355469
77.52716827392578
77.03182983398438
80.87348937988281
78.27706909179688
77.7431640625
77.94718170166016
73.66914367675781
76.4720458984375
72.97251892089844
75.98780822753906
75.90462493896484
76.26823425292969
77.31244659423828
75.59780883789062
73.97789001464844
75.0481185913086
75.7869644165039
75.32323455810547
73.78744506835938
75.30123901367188
78.05702209472656
77.59364318847656
77.72923278808594
76.92216491699219
77.17787170410156
74.98075866699219
79.18754577636719
74.86881256103516
75.740234375
76.64509582519531
77.87522888183594
74.62518310546875
78.46746826171875
77.77767181396484
76.37023162841797
76.89585876464844
76.77163696289062
74.75090026855469
77.26370239257812
76.54684448242188
76.39073944091797
74.84071350097656
76.68498229980469
77.0921401977539
74.75502014160156
75.75780487060547
73.55323791503906
78.74795532226562
76.85503387451172
77.21051788330078
73.65411376953125
75.839599609375
75.85861206054688
82.03993225097656
78.15650939941406
75.83413696289062
74.22709655761719
76.97267150878906
76.79264831542969
79.41014099121094
77.76705932617188
78.70980834960938
76.10093688964844
74.60072326660156
74.58827209472656
74.9684066772461
79.14592742919922
76.15556335449219
77.57862854003906
78.46202850341797
77.52459716796875
77.75689697265625
78.0771484375
76.6002426147461
74.25955200195312
79.20596313476562
78.0395278930664
77.15338134765625
76.5246810913086
70.06919860839844
73.88235473632812
72.47320556640625
78.2822265625
74.70372009277344
76.9417953491211
71.47148132324219
69.3941421508789
77.73428344726562
82.92495727539062
76.72930908203125
74.46734619140625
74.21711730957031
78.80282592773438
76.52848815917969
77.95148468017578
77.46197509765625
76.95416259765625
80.67634582519531
75.69396209716797
76.281494140625
77.00765991210938
79.54369354248047
75.92086029052734
77.83882141113281
76.95439147949219
80.05435180664062
75.8468017578125
76.96200561523438
79.0744400024414
75.66378784179688
75.69501495361328
76.59297180175781
77.91081237792969
79.41405487060547
76.94024658203125
78.03509521484375
74.20478820800781
75.39454650878906
77.99298095703125
76.71023559570312
77.93505096435547
75.90167236328125
75.63064575195312
74.84100341796875
76.5197525024414
75.19677734375
70.65391540527344
79.0992660522461
70.52720642089844
78.36238098144531
76.22172546386719
78.22063446044922
76.89896392822266
74.92509460449219
76.99147033691406
72.68470764160156
78.28878784179688
74.9246826171875
75.58351135253906
77.7232666015625
73.34373474121094
76.1348648071289
74.68228912353516
78.76995849609375
74.88471984863281
74.30854797363281
74.85356903076172
72.80152893066406
76.76666259765625
75.3082046508789
75.37195587158203
75.38655090332031
77.8075942993164
73.9910888671875
77.86308288574219
76.28346252441406
74.24822235107422
74.43157958984375
79.37519836425781
76.72026062011719
76.8022232055664
76.2572021484375
76.12063598632812
73.72946166992188
75.51560974121094
78.68312072753906
79.95062255859375
74.62572479248047
78.00402069091797
74.17601776123047
79.34323120117188
74.39640808105469
74.26467895507812
74.77072143554688
75.11019897460938
77.24596405029297
77.86979675292969
80.0787353515625
76.26165771484375
74.22470092773438
76.14407348632812
76.27165222167969
72.65138244628906
72.9920654296875
70.51799774169922
79.27616882324219
76.75726318359375
78.68001556396484
80.88961791992188
74.48825073242188
73.07035827636719
77.88404846191406
77.4650650024414
75.86270141601562
73.91481018066406
76.48091888427734
75.96659851074219
75.89300537109375
70.4173583984375
77.57566833496094
76.80765533447266
76.51614379882812
74.33621215820312
77.91190338134766
77.25335693359375
73.39646911621094
77.6936264038086
74.51100158691406
77.36671447753906
77.01405334472656
75.7384033203125
76.77064514160156
74.50462341308594
75.94876861572266
75.65278625488281
75.20877838134766
74.76849365234375
74.83457946777344
78.01851654052734
72.00825500488281
77.0916748046875
77.41850280761719
78.24508666992188
