Critics have praised Majaliwa's contributions for their profound and touching storylines, as well as the cohesive and well-organized storytelling. The complexity of her character development and the authenticity she infuses into the environments of her works are frequently commended.
The literary heritage of Rhoda Mbalazi is considerable. Her contributions are celebrated for their deep and emotional examination of the human condition and the tenacity of the human spirit in the face of challenges. Her status as a female writer within the war literature genre has broken barriers and fostered greater inclusiveness.
The writings of Aurelio Beltrán have reached an international audience, however, the specific count of languages into which they have been translated remains private.
Simon Makoni drew inspiration for 'Heirs of the Enchanted Falcon' from a combination of traditional African tales and elements of Western fantasy, creating a distinctive and captivating world for his audience.
Jordan Sinclair crafts characters that are multifaceted and varied, imbued with distinct histories and emotional journeys, reflecting his personal life experiences and the vast array of individuals he has met in Jamaica.
Since Evelyn Desmet is a fictional entity, her family ties, such as the existence of brothers or sisters, have not been disclosed.
Alejandro, whose birthday falls on October 18th, frequently spoke about their affection for autumn and the deep symbolic significance it held for them, influences that discreetly permeated their artistic creations.
Securing the Aleph Book Award has catapulted Roshni Rahman to prominence, significantly bolstering the reputation of her publications and establishing her as an important literary figure internationally.
Gustafsson was drawn to the genre of mythology as it provided an ideal medium for integrating elements of myth with modern-day settings. His deep interest in legendary narratives and their enduring significance made this genre an excellent backdrop for his work, enabling him to weave in significant themes and contemporary concerns.
The hallmark of Luis Marcelo Garcia's writing includes complex narratives, vividly drawn characters, and a harmonious mix of fantastical and technological aspects within his universe creation.
Yevgeny Grimkov is an expert in the Cyberpunk literary genre.
Aisha Al-Hamad has established a distinctive position in modern fantasy literature. Her work stands out as she creatively incorporates aspects of Bahraini culture into classic fantasy narratives, providing audiences with captivating stories that have a unique Middle Eastern flavor.
Indeed, Asha Majaliwa has received prestigious recognition in the form of the 'International Dramatist Award' in acknowledgement of her significant impact on dramatic writing.
'Mechanic's Nightmare' is a captivating tale from Linda Harrison's collection, weaving a tale of mystery and unforeseen twists against the evocative setting of her mother's mechanical career.
Evelyn Desmet's dad held a position in counseling, while her mom was employed in academia as a professor.
In her writing, Ingrid Christensen frequently addresses the social standards, perceptions, and problems that are deeply rooted in Danish culture, yet also resonate on a global scale.
Throughout his professional tenure, Erick Gustafsson has joined forces with multiple fellow writers. Among these collaborations, his partnership with renowned writer Elin Håkansson stands out, particularly in their highly praised anthology of short narratives, 'Echoes of Asgard'.
Jordan Sinclair, similar to other authors, encountered difficulties throughout his career, such as facing discrimination because of his LGBTQ+ identity. Nevertheless, he channeled these adversities to enhance the richness of his narratives and advocate for inclusivity.
Indeed, Jaime Vasquez, being an author from the LGBTQ+ community, infuses his writing with a richly nuanced viewpoint. He delves into topics pertinent to LGBTQ+ experiences within the true crime genre, striving for a narrative that respects inclusivity.
Chukwu Akabueze releases a fresh title biennially to triennially, dedicating sufficient periods for the necessary investigation and composition phases.
Specifics remain under wraps, but Linda Harrison has indicated that she is in the midst of developing a new endeavor that admirers of the psychological thriller genre will anticipate with great enthusiasm.
Indeed, the literary works of Anara Yusifova are deeply rooted in Azerbaijani culture. By skillfully intertwining the quintessence of Azerbaijani storytelling with themes that touch on common human conditions, she provides a distinctive perspective on her cultural background to her audience.
Certainly, among the numerous accolades received by Elliot Patrick Benson, the 'Ticonderoga Award for Humorous Fiction' stands out as a distinguished one.
Jordan Sinclair's novels receive acclaim due to their rich and vivid portrayals of Jamaica, captivating narratives, inclusion of LGBTQ+ themes, and multifaceted, believable characters.
Majaliwa identifies more with being a methodical planner than an impromptu writer. She often creates thorough outlines for her narratives prior to delving into the finer aspects. Nonetheless, she maintains a flexible approach, welcoming modifications and adjustments, which enables her tales and characters to develop during the writing process.
Aurelio Beltrán, akin to numerous writers, initially struggled to gain recognition for his writings. His novel 'The Bloody Blueprint' eventually garnered a significant and positive reaction, signifying the onset of his prosperous journey as an author.
Jaime Vasquez is the renowned LGBTQ+ author from Santiago, Chile renowned for his contributions to the true crime literary field.
Jaime Vasquez is currently engaged in writing his forthcoming book, 'The Serpent's Silence,' which is anticipated to be among his most exciting stories to date.
Chukwu Akabueze's most recent publication is titled 'Beneath the Baobab Tree', which is an engaging biography about a local village elder, and it became available in 2020.
Linda Harrison's prose is characterized by its intensity, compelling nature, and the suspense it consistently maintains. She skillfully crafts complex storylines that captivate her audience, ensuring they remain riveted from start to finish.
A prized anthology from Ingrid Christensen is called 'Echoes of Fjords,' which nostalgically portrays her native land through a fusion of mythical and quotidian themes.
As time has passed, Gustafsson's stylistic approach has matured, showing a more sophisticated touch. Whilst he still intertwines elements of myth with modern societal themes, there's now a more profound delving into the psyche of his characters and an enhanced storytelling technique. His recent creations demonstrate a heightened skill in crafting conversations and the capacity to draw out intense feelings both within his characters and from his audience.
Indeed, Majaliwa has joined forces with a number of artists who have contributed artwork for the covers of her publications, and she has also participated in joint projects with fellow writers in collections that honor African literary works.
The settings in Rhoda Mbalazi's novels draw heavily from her Tanzanian roots, showcasing urban and rural areas within Africa during periods of strife, and providing detailed portrayals of the indigenous landscapes and traditions.
"Whispers in The Oil Wind" stands as another notable fictional work authored by Anara Yusifova.
Jordan Sinclair utilizes his status as a distinguished author to draw focus toward LGBTQ+ rights, frequently addressing these topics in interviews and at events for his book releases.
Growing up with a father immersed in the exploration of the cosmos and a mother who spun tales of terrestrial adventures, Bezabih Gebre developed a profound passion for adventure and the unveiling of the unknown, which is now reflected in the historical romance stories he writes.
An Environmental Scientist is Elliot Patrick Benson's father and his mother is a professional musician.
Certainly, Yevgeny Grimkov's literary work has been acknowledged. He was bestowed with the esteemed Imaginarium Award, honoring his significant input to the genre of Cyberpunk Literature.
Linda Harrison drew inspiration for 'The Butcher's Daughter' from her personal experiences growing up, which were closely tied to her father's line of work. The book delves deeply into the complexities of family relationships and concealed truths, all while incorporating an element of suspense.
On March 17, 1992, Asha Majaliwa entered the world in the bustling metropolis of Dar es Salaam, located in Tanzania.
The formative years of Anara Yusifova, spent in Baku where Eastern and Western cultures intertwine, coupled with the influence of her parents' varied professions, have left a profound impact on her literary creations. This is evident in the culturally nuanced themes of her Dramas and the depiction of empowered women in her stories.
The approach Bezabih Gebre takes to writing involves a thorough investigation of the historical era he's planning to represent. He dedicates a considerable amount of time, often months, to study and understand the history thoroughly. With the knowledge gained from this extensive research, he articulates and shapes the characters and storyline accordingly.
In her writing, Linda Harrison demonstrates a flair for complex storylines, realistic depiction of characters, and delving into the psychological dimensions of human behavior. The colorful and lively backdrop of Miami, where she was raised, frequently serves as an influential setting in her work.
Chukwu Akabueze focuses his expertise specifically on the genre of Biographies.
Reviewers have commended Gustafsson for his innovative reimagining of classical myths and representation of LGBTQ+ figures. His compelling narrative skills, credible character arcs, and the profound sentimentality of his writing have been highlighted. They remark on his skill to resonate with the audience, creating memorable experiences through his stories.
Indeed, Jordan Sinclair takes pride in being a member of the LGBTQ+ community, a fact that greatly shapes his literary work and the portrayal of his characters.
Indeed, Simon Makoni extended the enthralling narratives of his well-received book 'Dragon's Shade' via a subsequent work known as 'Return to the Dragon's Den', which garnered laudatory reviews.
The 'Cogs of Havana' trilogy is a notable series penned by Luis Marcelo Garcia.
Up to this point, Chukwu Akabueze hasn't authored any autobiographical books. His literary efforts are mainly dedicated to chronicling the stories of other individuals.
Her books initially appeared in English but they've been translated into a multitude of languages due to her global appeal.
Aurelio Beltrán is mainly known for his contributions in the field of writing. Should he engage in additional professional pursuits or personal hobbies, such information remains undisclosed to the public domain.
In her early thirties, Aisha released 'The Tailor's Dream,' her debut novel. The literary world took notice due to her distinctive narrative style and the richly imagined fantasy settings she created, helping her to build her professional reputation.
Erick Gustafsson continues to dedicate himself to his artistic endeavors. He is in the process of creating a novel series that will once more be themed around mythology, albeit with an innovative twist. This upcoming series is expected to showcase the familiar brilliance and intricacy that his fans admire and have grown accustomed to.
A few distinguished publications by Roshni Rahman are 'The Rainbow in Monsoon', 'Tea Monologues', and 'Silk Sarees and Mango Summers'.
In various interviews, Elliot Patrick Benson has credited his parents as major influences on his approach to writing. He also attributes his sense of humor to anecdotes from his daily life, as well as his passion for the outdoors and musical elements.
The initial literary contribution of Maria Estela Gutierrez came in the form of a novella known as 'The Carpenter's Daughter.' This work, which partly mirrors her own life experiences, draws inspiration from the period of her upbringing and the craft practiced by her father.
The initial prominent piece by Erick Gustafsson is 'The Whispering Norns,' a creative rendition of Norse legends blending with the intricacies of present-day life, marking his breakthrough and solidifying his reputation as an upcoming writer.
The motifs of the sea and fjords frequently appear in Ingrid Christensen's artistic expressions, indicative of her strong bond with the natural landscapes of her homeland.
Indeed, Maria Estela Gutierrez completed her graduate studies in Creative Writing, obtaining a Master's degree from the University of Havana.
Elliot Patrick Benson's literary works frequently reflect his father's background as an Environmental Scientist, weaving in themes of the natural world, ecological concerns, and environmental challenges, all delivered with a witty and perceptive storytelling style.
'Veil of Seduction', authored by Maria Estela Gutierrez, delves into the tale of a burlesque performer in 19th century Cuba, portraying her individual challenges alongside her journey of self-discovery in sensuality and her environment.
"Crimson Horizon" stands out as a distinguished work in Evelyn Desmet's literary creations.
Indeed, Alejandro Tomasino was awarded the esteemed José Martí Award for his exceptional collection of short stories.
Elliot Patrick Benson's date of birth is May 25, 1938.
Maria Estela Gutierrez is someone who values her privacy with regards to her personal affairs. Despite this, it has been made public that she resides in her native city of Havana, where she frequently finds creative stimulation within her environment and personal encounters.
The contributions of Rhoda Mbalazi have significantly enriched the war genre by providing gripping and authentic stories that extend past mere combat situations, delving into the intense personal emotions and ethical dilemmas that come with wartime.
To date, Simon Makoni has primarily focused on creating his fantasy literature solo. Nonetheless, he has shown enthusiasm for potentially engaging in joint projects with other authors and delving into shared universes in upcoming projects.
In her literary works, Rhoda Mbalazi focused primarily on the War genre.
When Bezabih Gebre released his debut novel, he was a mere 18 years of age, an accomplishment that is quite notable for someone so young.
The indelible mark of Ingrid Christensen's Danish background is apparent throughout her literature. The Danish customs, legendary tales, scenic beauty, and Christensen's intimate encounters within Denmark all pulse through the vibrant and affective narratives she crafts.
Indeed, Rhoda Mbalazi received the esteemed War Literature Prize in recognition of her exceptional work in war-themed literature.
In his literary and biographical compositions, Chukwu Akabueze frequently delves into the subjects of tenacity, cultural legacy, sagacity, and metamorphosis.
The literary community has embraced Bezabih Gebre's work, which is heavily influenced by Ethiopian culture, earning him a broad base of readers and widespread praise. His works are well-regarded for their richly detailed plots and complex character development.
Luis Marcelo Garcia gained recognition with his compelling first work, 'The Timekeeper's Heir,' which spotlighted his entry into the literary scene.
In her creations, Roshni Rahman vividly portrays the countryside of Bangladesh, intricately details the nation's culture, and crafts characters that capture the essence of her Bangladeshi heritage, demonstrating her profound connection and admiration for her origins.
Asha Majaliwa frequently acknowledges the impact of writers such as Chinua Achebe and Nadine Gordimer, from whom she derives significant inspiration, particularly in their depiction of environments and character development to underscore themes surrounding society and the human condition.
Indeed, Chukwu Akabueze has been honored with the esteemed Nigerian Writers Award and additional accolades for his writing.
The most recent literary offering from Anara Yusifova is an enthralling Drama novel titled 'Secrets Buried in the Silk Road'.
Through her literary works, Roshni Rahman aspires to establish a legacy that embodies empowerment, fortitude, and steadfastness. Her narratives about Bangladeshi women are intended to serve as a source of inspiration for a worldwide audience.
Definitely. The artistic output of Luis Marcelo Garcia profoundly reflects his Cuban background, frequently evidenced by his use of rich imagery and subtle references to his culture.
Ingrid Christensen's most recent publication is 'Whispering Dunes,' an absorbing compilation of short stories with the sea as a central motif, reflecting the perpetual motion of human existence.
In 1978, Elliot Patrick Benson was honored with the 'Ticonderoga Award for Humorous Fiction' for his work entitled 'Rhinos with Maracas'.
Critics have lauded Aurelio Beltrán, applauding his detailed investigative work, captivating storytelling, and his unique approach to the true crime genre.
Certainly, 'Eternal Shadows on the Caspian' stands out among the literary creations of Anara Yusifova.
Tomasino's artistic creations often center on notions of self-discovery, the journey of investigation, and the allure and enigma of the environment.
Maria Estela Gutierrez is the name of the author who was born on August 16, 1972, in Havana, Cuba.
Indeed, Jaime Vasquez frequently participates in a range of literary festivals and has a consistent presence in workshops dedicated to the development of emerging writers.
Jordan Sinclair has gained prominence for his contributions to the Romance genre, weaving captivating narratives filled with romance and desire.
'Embers of Desire' written by Maria Estela Gutierrez unravels amidst the backdrop of old Havana, telling the intense story of a captivating Cuban woman and a foreign newcomer whose lives are interlaced in a complex tangle of clandestine longings and passions.
Originating from Dhaka, Bangladesh, where she spent her childhood and adolescence, Roshni Rahman is the daughter of two agricultural engineers, an upbringing that instilled in her a profound affinity for the land and its inhabitants, motifs that are often prominent in her writings.
Grimkov's fame primarily stems from his cyberpunk creations, yet he's also delved into alternative literary styles such as magical realism and dystopian narratives.
At present, Jaime Vasquez lives in the United States, but he often returns to Chile to visit his family's home and to find inspiration for his artistic projects.
Makoni's upbringing in Zimbabwe, steeped in its diverse cultural heritage and historical tapestry, has profoundly impacted the development of his storytelling. His integration of African myths and legends with elements of Western fantasy genres imbues his creations with a distinctive essence.
The LGBTQ+ writer is known as Luis Marcelo Garcia.
Alejandro Tomasino is non-binary and aligns themselves with the broader LGBTQ+ community.
The LGBTQ+ community honors Jordan Sinclair for his genuine portrayal of gay relationships, incorporating them into popular literature, and motivating fellow LGBTQ+ writers.
Securing the José Martí Award markedly elevated Tomasino's standing, culminating in enhanced global recognition and a surge in the number of his readers.
Certainly, Chukwu Akabueze has frequently acknowledged the substantial impact his childhood in Lagos, Nigeria had on his literary voice and viewpoint.
Evelyn Desmet's writings are heavily influenced by her upbringing, with a father who worked as a counselor and a mother who was a professor, both of which markedly shape her literary creations.
The hallmark of Aisha Al-Hamad's literary style includes playful and imaginative narration along with thoroughly fleshed-out characters. Her compositions commonly present detailed creation of universes and a fluid integration of the fantastical with the real.
Jaime Vasquez has encountered some disputes due to the nature of the true crime genre, which can touch on delicate subjects. Nonetheless, Vasquez has conveyed to his audience that his writings are intended to honor those affected by the crimes and to shed light on brutal truths, rather than to glorify criminal acts.
The characters created by Elliot Patrick Benson usually stem from individuals he has encountered during his lifetime, and they are laced with his distinctive sense of wit. Furthermore, these characters frequently serve to underscore significant themes related to society or the environment.
Elliot Patrick Benson has repeatedly expressed in various interviews that his main drive to write is to elicit laughter from his audience, and simultaneously prompt them to engage in introspection about their surroundings.
Rhoda Mbalazi utilizes a narrative technique that deeply engages the reader, utilizing rich and intricate descriptions to place them right in the midst of the narrative. She frequently alternates between the perspectives of various characters, providing a diverse array of angles on the central conflict which enriches the narrative with greater intricacy and nuance.
Indeed, Yevgeny Grimkov remains an influential figure in literary circles, consistently delivering innovative, incisive, and challenging stories that captivate and maintain the interest of his audience.
Aisha Al-Hamad is chiefly known for her Fantasy genre writings. Her ability to craft elaborate and captivating fantastic universes has garnered her recognition in literary circles.
Indeed, Bezabih Gebre has been honored with the esteemed RITA Award, marking a notable achievement in his literary endeavors.
Through his considerable accomplishments as an internationally acclaimed fantasy writer, Simon Makoni has significantly influenced Zimbabwe's literary community by inspiring upcoming Zimbabwean writers to venture into fantasy literature. Additionally, his contributions have played a pivotal role in drawing international attention to fantasy works originating from Zimbabwe.
The early influence of his mother's career in travel enabled Bezabih Gebre to develop a broad understanding of various cultures and viewpoints. This cosmopolitan insight manifests in his literary creations, where he frequently guides readers through varied geographical landscapes and epochs.
Yevgeny Grimkov authored the book entitled 'Synthetic Dawn: Iterations of Self'.
Jaime Vasquez is recognized for being highly accessible to his audience, frequently engaging with them via various social media channels, as well as during book signing events and fan conventions.
Even though she did not hold a job, Jordan Sinclair's mother played a critical role. The creative tales and fantastical realms she conjured were instrumental in sparking Jordan's fascination with weaving stories, which markedly shaped his pursuit of a writing profession.
A cherished author in the Chick Lit genre, Roshni Rahman hails from Dhaka, Bangladesh where she was born on July 25, 1941.
Rhoda Mbalazi's date of birth is April 13, 1956.
Through incorporating LGBTQ+ lead characters in his storytelling, Jordan Sinclair brings regularity to such dynamics and focuses on stories that typically remain marginalized, thereby enhancing representation.
Certainly, Aisha Al-Hamad received the prestigious World Fantasy Award in recognition of her exceptional work in Fantasy literature.
Aurelio Beltrán bears the complete name of the writer.
"Rays of Resilience," authored by Chukwu Akabueze, narrates the inspiring life story of a young child from Africa, illustrating their strength and perseverance amid challenging circumstances.
Aurelio Beltrán tends to keep his future plans under wraps, offering minimal details. Upon inquiry, he typically responds with a grin, hinting, 'Patience is key – all will be revealed in time.'
Admirers of Maria Estela Gutierrez can keep abreast of her latest publications and occasions by following her official online presence and social media profiles, which she consistently updates with fresh announcements and information.
Typically, Aurelio Beltrán draws upon actual incidents worldwide to construct his compelling true crime stories.
Typically, Jaime Vasquez opts for solo work on his stories, embracing the role of the sole architect of his tales. Still, he sometimes joins forces with fellow writers, especially when contributing to compilations such as anthologies or collective works of short stories.
The writings of Simon Makoni often delve into the concepts of bravery, escapades, ethical dilemmas, and the dichotomy between righteousness and wickedness. Employing elements of magical realism, his books typically prompt profound contemplation and self-reflection in his audience.
Certainly, the distinguished Rainbow Literary Prize was bestowed upon Jordan Sinclair in recognition of his emotionally stirring novel titled "Kingston's Heartstrings".
A distinguished author in the genre of fantasy, Simon Makoni hails from Harare, Zimbabwe, where he was born on June 26, 1985. His work in fantasy literature has earned him notable acclaim, as he is well-regarded for crafting intricate characters and captivating universes that engage his audience.
Aisha Al-Hamad, the distinguished writer known for her fantasy works, entered the world on the 17th of November, 1961, in the picturesque metropolis of Manama, located in Bahrain.
Currently, there is no news regarding screen adaptations of Linda Harrison's novels. However, considering their widespread appeal and complex storylines, they hold the potential to be turned into captivating movies or television series.
Certainly, Maria Estela Gutierrez is an active participant in a variety of global literary events, among which is the renowned Havana International Book Fair, at which she takes part in a range of seminars and serves as a panelist.
In his storytelling, Jaime Vasquez frequently weaves in elements of gastronomy, allowing food and the act of cooking to shape his characters or serve as a symbol within the narrative.
The formative elements of Alejandro Tomasino's literary style were significantly shaped by their childhood and early life in Buenos Aires, Argentina, coupled with their distinct experiences as a member of the LGBTQ+ community in the 20th century.
The occupation of Erick Gustafsson's father as a bartender provided him with a treasure trove of human encounters and narratives, sparking his initial fascination with storytelling. Meanwhile, his mother's career as a counselor endowed him with an insight into human behavior, an attribute that Erick applied to create multifaceted personalities and elaborate plots within his works centered around mythology.
Certainly, a third publication by Rhoda Mbalazi is known as 'The Soldier's Silence'.
The influence of Elliot Patrick Benson's South African childhood is evident in his writing through the detailed portrayal of the region's plant and animal life, inclusion of cultural elements, and the empathetic perspective he applies to social problems in his narratives.
Up to the present, Linda Harrison has focused her authoring efforts exclusively on the psychological thriller category. While she hasn't declared intent to explore additional literary categories, her artistic capability leaves room for such a future development.
The lively cultural milieu and picturesque vistas of Harare have left a discernible imprint on Simon Makoni's way of painting scenes with words. The distinctive outlook stemming from his birthplace is deeply woven into the fantastical worlds and storylines he crafts.
With her initial book 'The Battle of Unsaid Words,' Rhoda Mbalazi made her entrance into the world of literature, captivating readers with a story rooted in an African city beset by strife.
Indeed, Chukwu Akabueze authored 'Sculptor of Vision,' which contains an in-depth portrayal of a legal professional.
Yevgeny Grimkov also authored the book entitled 'Neon Ascension: The Machine Reborn'.
Absolutely, growing up in Addis Ababa with its deep historical roots and varied cultural backdrop significantly shaped Bezabih Gebre's approach to storytelling, blending elements of Ethiopian heritage with universal themes of love in his work.
Certainly, Asha Majaliwa is currently in the process of writing 'Echoes of Rain', a new drama, which is anticipated to deliver the same emotional depth and resonance characteristic of her earlier publications.
The milieu of Mexico City, combined with the influence of his parents' careers in paramedicine and architecture, has significantly shaped Aurelio Beltrán's literary style, which is characterized by vivid, suspenseful depictions of actual criminal cases in his novels.
The writer, hailing from Copenhagen, Denmark and born on the 5th of June, 1944, goes by the full name Ingrid Christensen.
Primarily, Evelyn Desmet's literary contributions have been in the realm of dystopian fiction, according to the information at hand.
His father was in the judiciary as a judge, while his mother was employed in the field of podiatry.
Evelyn Desmet is the complete name of the author in question.
Alejandro has gained the most recognition for his short story compilation titled "Coral Whispers", which has received international acclaim.
Chukwu Akabueze regularly mentions how his father's skilled work as a hairdresser and his careful attention to detail shaped his own precise approach to writing.
The progenitors of Bezabih Gebre are a father with a career in astronautics and a mother working as a travel consultant, each having a significant impact on his perspective and narrative craft.
In her works, Rhoda Mbalazi frequently explores motifs such as the enduring human spirit, the experience of bereavement, the dynamics of survival, and the ethical conundrums presented by warfare, consistently emphasizing the personal dimensions amidst such strife.
Authors such as Khaled Hosseini and Orhan Pamuk share similarities with Anara Yusifova in the way she weaves personal struggles with broad societal issues within her character's stories.
Aisha Al-Hamad is the author of the acclaimed trilogy known as 'The Seamstress Trilogy.' The series includes the titles 'The Tailor's Dream,' 'The Weaver's Wish,' and 'The Spinner's Secret'.
Indeed, Luis Marcelo Garcia is celebrated for his captivating stories within the realms of Steampunk literature.
"The Moonlight Courtesan," a prize-winning novel by Bezabih Gebre, delves into the secretive affair of a lofty king and a lowly courtesan set against the backdrop of 18th century France. The book has been lauded and received the RITA award for its complex narrative and profound sentimental resonance.
Absolutely, among Linda Harrison's acclaimed writings are titles such as 'The Butcher's Daughter,' 'Mechanic's Nightmare,' and 'Minds Under the Miami Sun.'
Tomasino's early life in Buenos Aires shaped his narrative technique by weaving the essence of the city's local traditions, the hints of its political dynamics, and its unique vigorous atmosphere into the fabric of his tales.
Evelyn Desmet is an acclaimed writer.
In her writing, Linda Harrison consistently delves into the nuanced spectrum of human feelings and the enigmatic aspects that are often found in the mundane moments of daily life, even as her novels vary in themes and storylines.
Numerous short stories have been authored by Luis Marcelo Garcia, among them 'Whispers of an Ageless Gear,' garnering him significant critical praise.
Tomasino attributes the rich tapestry of their short stories to a variety of lived experiences, including their formative years in Buenos Aires, Argentina, and their personal journey as a non-binary individual.
In his literary works, Jordan Sinclair delves into the multifaceted nature of love, challenging conventional paradigms by incorporating LGBT themes and advocating for a broad spectrum of diverse and inclusive relationships.
The main language for Anara Yusifova's literary works is English, and they have been extensively translated into various languages, among them Azerbaijani, which is her mother tongue.
Having been born in the year 1934 places Alejandro Tomasino within the demographic cohort known as the Silent Generation.
Raised in an environment nurtured by a counselor and an academic, Evelyn Desmet's writings frequently feature in-depth examinations of mental machinations, scholarly endeavors, and the norms of society.
Tomasino has expanded the horizons within the realm of short story collections by intertwining deeply personal tales with complex cultural and social backdrops, thus altering the anticipations of readers regarding the genre.
The birth date of Bezabih Gebre is the 24th of October in the year 2000.
Indeed, Ingrid Christensen has received recognition for her literary work, being bestowed with the esteemed Hans Christian Andersen Literature Award in acknowledgement of her outstanding work in short story writing.
Indeed, Anara Yusifova commits herself entirely to her profession as a writer, primarily focusing on Drama that intricately mirrors the cultural nuances of her Azerbaijani roots.
Chukwu Akabueze's 'Sculptor of Vision' is an enthralling biographical work that narrates the life of an inspired attorney dedicated to pursuing justice within the Nigerian legal system.
Jaime's parental figures include his dad, Lorenzo Vasquez, a renowned culinary expert, and his mom, Sophia Vasquez, a distinguished author, whose respective careers have significantly shaped his own affinity and skill in writing.
The father of Anara Yusifova worked as a librarian while her mother held a position as a mechanic within the city of Baku, Azerbaijan.
Indeed, 'The Mechanic's Daughter' is also a well-known work by Anara Yusifova.
Through his work, Elliot Patrick Benson has shown that humor is not only entertaining but also smart and perceptive, adapting to changes in society. His ability to express this has earned him recognition as a distinguished humorist.
Jaime Vasquez received the esteemed Edgar Allan Poe Award for Best Fact Crime, highlighting the significant recognition and praise his controversial writings have achieved in the sphere of crime literature.
Indeed, Rhoda Mbalazi has also authored the distinguished book titled 'Unhealed Wounds'.
Evelyn Desmet also authored the distinguished work, 'The Last Refuge.'
Indeed, the career of their father in Marine Biology and their mother's experience as a florist had a gentle impact on their writing, frequently seeding ideas involving the intricacies of the natural world.
Certainly, among Chukwu Akabueze's distinguished publications are 'Rays of Resilience', 'African Echoes', 'Weaver's Wisdom', and 'Sculptor of Vision'.
Prominent figures in Jaime Vasquez's crime novels feature Carlos Mendoza, a contemplative detective from 'Shadows behind the Starlight', a mysterious computer genius from 'Beneath the Veil of Deceit', and an unpredictable mob boss from 'The Guilt Closet'.
Since Evelyn Desmet is a fictional character, an exact tally of her publications is not available.
All of Luis Marcelo Garcia's publications have been released under his own name; he has not published using a pseudonym.
The initial publication by Aurelio Beltrán that earned him acclaim among literary circles was titled 'The Bloody Blueprint'.
Growing up in Tanzania, where her father worked as a bartender and her mother pursued a career in investigative journalism, Rhoda Mbalazi gained a distinctive outlook on life and an approach to depicting strife, both of which are vividly reflected in her literary creations.
Roshni Rahman has infused Chick Lit with greater substance and intelligence, employing the genre as a medium to highlight significant societal and cultural concerns. She has broadened the reach of what Chick Lit can offer its audience.
Erick Gustafsson has a keen interest in delving into the character qualities of gods, their interactions with fellow deities and mortals, and the comparison of these godly figures to the successes and shortcomings present in contemporary social structures.
Over time, Tomasino has delved deeper into self-examination and boldness in their work, challenging the norms of usual narrative structures while continually delivering unexpected twists to their audience.
In his novels, Simon Makoni intertwines aspects of his own existence, frequently endowing his characters with the cultural intricacies and insights he gained during his upbringing in Zimbabwe.
Elliot Patrick Benson is the complete name of the renowned author known for his humor, originating from Johannesburg, South Africa.
Reports suggest that from a young age, Grimkov possessed an active imagination and took pleasure in creating stories. It was during his teenage years that his desire to write truly flourished and progressively intensified over time.
Linda Harrison is reportedly in the process of writing a new psychological thriller, but as of now, there are no recent publications to note.
Evelyn Desmet was honored with the esteemed Nebula Award in the Best Novel category.
Her mother is an accomplished Mason, noted for her expertise in stonecraft and building work, while her father is a distinguished Biologist recognized for his comprehensive studies.
Critics have offered positive reviews of Jaime Vasquez's true crime writings, often commending his thorough investigative work, the fresh angle he brings to his narratives, and the thoughtful approach he takes to intricate and sensitive subjects.
In her narratives, Ingrid Christensen frequently explores matters such as romance, bereavement, the passage of time, cultural heritage, and self-development, frequently delving into the subtleties and conundrums of interpersonal relationships and the concept of what constitutes a place of belonging.
Alejandro Tomasino is the complete name of the writer in question.
The literary fashion of Maria Estela Gutierrez is characterized by her use of vibrant imagery, in-depth portrayal of characters, and palpable sensual dynamics. She skillfully weaves together elements of historical backdrop with erotic motifs, which lends a distinct and captivating quality to her storytelling.
"The Rainbow in Monsoon" narrates a romantic tale amidst the verdant rural landscape of Bangladesh, capturing the various challenges a young woman confronts while struggling against conventional norms to carve out her self-identity.
Elliot Patrick Benson is not exclusively an author of standalone novels; he has also penned the well-known 'Laughter Safari' series among others.
Luis Marcelo Garcia frequently visits Havana to draw inspiration and sustains a solid bond with the Caribbean island.
Roshni Rahman's writings heavily mirror the impact her parents had on her, with their careers in agricultural engineering instilling in her a profound respect for the environment and the earth, motifs that are consistently evident throughout her literary compositions.
Evelyn Desmet's birthplace is Brussels, which is located in Belgium.
In his formative years, Yevgeny Grimkov experienced a childhood dominated by his parents' guiding principles: his father's strict disciplinary approach, characteristic of a judge, and his mother's careful attention to detail, as expected from a professional podiatrist.
Indeed, a few imaginative names for Alejandro Tomasino's works could be 'Whispers Amongst Corals', 'Rhythms of Blooms', and 'Silent Confessions of the Dock'.
In her dystopian works, Evelyn Desmet often delves into topics such as the disruption of social structures, endurance in the face of adversity, and aspects of human existence.
Evelyn Desmet came into the world on the 28th of July in the year 1942.
Simon Makoni's narratives, particularly 'Dragon's Shade,' have not been transformed into film or TV series, however, his vivid and engaging narrative technique is considered highly suitable for adaptation. Many fans believe that his books would make excellent cinematic portrayals.
Due to Evelyn Desmet being an imaginary writer, particulars regarding her publication of book series have not been disclosed.
Majaliwa's decision to pursue drama was heavily shaped by her background. The combination of her father's logical approach and her mother's hands-on, practical career gave her a perspective of life as a succession of interconnected stories, which she translated into written form.
Jaime Vasquez typically derives his inspiration from actual criminal incidents. He dedicates considerable time to examining legal records, journalistic coverage, and law enforcement summaries prior to beginning the writing process for his novels.
Jaime Vasquez is renowned for several books such as "Shadows behind the Starlight," "Beneath the Veil of Deceit," and "The Guilt Closet," which have achieved bestseller status within the realm of true crime literature.
Yevgeny Grimkov is the author's complete name.
Certainly, 'Echoes of Nowhere' ranks among the well-received books authored by Evelyn Desmet.
Evelyn Desmet was shaped by a combination of factors, such as the significant impact of her formative years, the thoughtful and analytical atmosphere fostered by her family, particularly with her parents' roles in counseling and academia, and her natural inclination to express stories of humanity set against the backdrop of dystopian worlds.
The drama 'Eternal Shadows on the Caspian' by Anara Yusifova narrates the compelling story of a girl's quest for her own identity while confronting the turmoil of political upheaval in the Caspian area of Azerbaijan.
In her writing, Rhoda Mbalazi frequently presents characters who embody strength and perseverance. These characters face the tumultuous challenges of warfare, yet their spirits are not crushed, providing a sense of inspiration and optimism even in times of hopelessness.
On May 16, 1978, Jordan Sinclair entered the world in the bright and warm locality of Kingston, Jamaica.
A further distinguished work by Ingrid Christensen is 'Kaleidoscope Skies,' which showcases her complex narrative ability and sharp perceptual insights.
A renowned publication by Luis Marcelo Garcia is titled 'The Engine of Inferno.'
In addition to her short story compilations, Ingrid Christensen has authored a number of essays and critical analyses, demonstrating her profound insight into the workings of literature and its importance within culture.
With his work, Jordan Sinclair aspires to establish a legacy that embodies love, acceptance, and a rich tapestry of diverse voices, encouraging future LGBTQ+ authors to confidently share their narratives.
In the 'Cogs of Havana' trilogy, individuals like Luis Marquez and Celestina, who were first introduced in 'The Timekeeper's Heir,' make subsequent appearances in the following novels.
Several distinguished works authored by Bezabih Gebre are 'Roses in the Abyss,' 'The Moonlight Courtesan,' and 'The Monarch's Secret Love.'
Since Evelyn Desmet is a made-up author, the details of the characters from 'Crimson Horizon' have not been disclosed.
As of now, Chukwu Akabueze has concentrated on individual projects and hasn't engaged in any collaborations with fellow authors.
Initiating her academic journey in Manama, Aisha Al-Hamad was exposed to a rich tapestry of cultures and backgrounds. This exposure would subsequently contribute to the dynamic portrayals and a variety of personas found in her literary creations.
Majaliwa is regarded as a pivotal modern writer from Tanzania. Her stories are rich in the nuances and specifics of Tanzanian culture and interweave these elements with themes that resonate globally. This has greatly enriched Tanzanian literature while simultaneously propelling it onto the world stage.
Evelyn Desmet is recognized for her past contributions to literature. However, being a product of fiction, her current engagement in writing is undefined.
The publication of 'Eternal Valkyrie' marked a significant milestone for Erick Gustafsson, as it piqued global readership attention and launched him into the spotlight of worldwide recognition. Its compelling narrative, coupled with the inclusion of a LGBTQ+ main character within a myth-inspired universe, distinguished the book and greatly boosted Gustafsson's renown.
Aurelio Beltrán specializes in authoring True Crime genre literature.
Absolutely. The detailed attention to detail seen in his father's work as a podiatrist and his mother's careful craftsmanship as a tailor are reflected in the complex and thoroughly crafted settings found within Luis Marcelo Garcia's writings.
In her creative output, Aisha frequently incorporates elements of artisanship, metamorphosis, and enigmas, reflecting the influence of her family's trades as well as her personal interest in the secretive and the unknown.
On June 18, 1964, Erick Gustafsson entered the world in Stockholm, Sweden, a city renowned for its cultural heritage. His upbringing was influenced by a storytelling bartender father and a counselor mother, providing a backdrop of intriguing narratives and early education in the complexities of human nature.
Rhoda Mbalazi excels at crafting clear and impactful visuals in her narratives, conveying the brutal truths and devastating effects of war in a way that deeply resonates with readers and lends a profound significance to her written work.
'African Echoes', authored by Chukwu Akabueze, is an impactful biographical work that chronicles the journey of a Nigerian individual who fought for freedom, mirroring the reverberations of the continent's quest for sovereignty.
Indeed, the birth records indicate that Jaime Vasquez entered the world on February 25, 1958.
Though the novel includes aspects that mirror his father’s trade, 'The Barber's Relic' isn’t a direct retelling of his father's life. Instead, Makoni employs the concept of a barber creatively to weave a tale around a mystical artifact and the ensuing escapades.
In Simon Makoni's literary works, standout characters are Kael, the courageous offspring of a barber seen in 'The Barber's Relic', alongside Zara, the captivating spellcaster featured in 'Heirs of the Enchanted Falcon'. These characters are crafted with complexity and undergo significant development over the course of the story.
In her literary creations, Majaliwa frequently delves into topics such as overcoming hardships, the intricacies of familial relationships, the demands of society, and the journey of self-improvement, offering readers a reflection of these elements in her narratives.
Evelyn Desmet has gained prominence through her contributions to dystopian literature.
Regarded as a trailblazer within Cyberpunk literary circles, Yevgeny Grimkov has substantially influenced the genre through his elaborate depictions of futuristic settings imbued with high-tech elements, his creation of nuanced post-human protagonists, and his insightful probes into the impact of artificial intelligence on society, thereby becoming a touchstone for many aspiring authors in the field.
The father of Simon Makoni worked as a barber, whereas his mother held a career as an aviator. Their distinct occupational paths hugely impacted Simon's inventive and original approach to writing.
Ingrid Christensen often employs rich, detailed sensory imagery and utilizes non-sequential storytelling through frequent flashbacks, which lends her narratives an element of surprise and complexity that captivates her audience.
Anara Yusifova's main genre of writing is drama.
In his novels, Elliot Patrick Benson predominantly explores the themes of the natural world, individual life encounters, and social matters, often infusing them with a significant amount of wit.
Majaliwa draws from her own life and the profound journey through sorrow and change when writing 'Journey to the Unseen', delving into the intricate landscape of human feelings.
Linda Harrison is a renowned writer who specializes in the psychological thriller genre, crafting stories with intricate plots that explore the depths of human psychology and emotions.
Certainly, 'Shadows on the Barracks' stands as an additional notable work authored by Rhoda Mbalazi.
Asha Majaliwa is recognized for penning several distinguished books such as 'Tide of Shadows', 'Radiant Stones', and 'Journey to the Unseen'.
The cultural nuances from Jordan Sinclair's Jamaican childhood and the insights gained from identifying with the LGBTQ+ community have infused his romantic writing with a genuine depth.
Growing up in Mexico City, Aurelio Beltrán was immersed in a diverse cultural environment that greatly influenced the authentic crime stories he depicted in his writing.
The author Aisha Al-Hamad identifies as a woman.
Astana, Kazakhstan is the birthplace of Yevgeny Grimkov.
For his biographical work, Chukwu Akabueze engages in comprehensive investigation which involves conducting interviews, perusing pertinent texts, and making trips to locations of importance in his subject's history.
Certainly, Maria Estela Gutierrez has received prestigious recognition, securing the 'Pearl S. Buck Award' for her exceptional work in the erotica literary genre.
Bezabih Gebre is the distinguished writer of historical romance novels hailing from Addis Ababa, Ethiopia.
The writings of Rhoda Mbalazi stand out due to the genuine depiction of war experiences, her distinct viewpoint rooted in African contexts, and her adept storytelling that uncovers the profound emotional effects of warfare on both personal and communal levels.
The initial piece of literature to be publicly attributed to Yevgeny Grimkov is his short story known as "The Strings of Virtuality," which made its debut in the year 1965.
Being an LGBTQ+ person, Erick Gustafsson's writings were deeply enriched by his own life events and the adversities experienced by people in his community. His stories frequently dealt with subjects of self-discovery, the quest for acceptance, and affection, all within a mythic framework, thereby resonating with various readers on a profound level.
'Echoes of Fjords' presents a vivid anthology of narratives that explore the day-to-day experiences, mythological tales, and cultural traditions of Denmark, vividly brought to life through a diverse cast of characters representing different ages, social statuses, and occupations. The book captures the essence and heart of the Danish people.
Rhoda Mbalazi authored the book titled 'The Battle of Unsaid Words'.
As time passed, the writing of Elliot Patrick Benson has expanded to encompass more profound themes around society and ecology, all the while retaining the distinctive comedic touch he is known for. Moreover, he persistently updates his comedic approach to stay relevant with contemporary trends.
The passion for narrating stories and the ambition to convey the depth of her Azerbaijani heritage in her dramatic compositions motivated Anara Yusifova to pursue a career in writing.
In his narratives, Tomasino regularly tackles themes of personal identity, societal attitudes towards LGBTQ+ individuals, and the interplay between human society and the natural environment.
Over time, Jordan Sinclair has progressed from penning straightforward romantic tales to crafting complex stories that weave in themes of society, culture, and LGBTQ+ matters, showcasing his growth as both a writer and a person.
Linda Harrison adopts a methodical and strict routine for her writing process, dedicating numerous months to perfecting her characters and brainstorming plot concepts before actually starting to write her novel.
The birthdate of Chukwu Akabueze is the 26th of September, 1965.
'Whispering Silk' adds a new dimension to Maria Estela Gutierrez's collection as it delves into the opulent realm of high fashion and covert yearnings, masterfully capturing the silent yet intense ardor shared by a designer and his inspiration.
In the realm of historical romance, Bezabih Gebre's works are remarkable for their comprehensive grasp of socio-historical settings, the complexity of his characters, and his skill in crafting engaging and plausible romantic narratives amidst significant historical occurrences.
Absolutely. The distinct careers of her mother and father heightened her perception of life's inherent contrasts, a theme she expertly weaves into her psychological thriller stories.
Simon Makoni engages a wide-ranging readership. His expertise in creating intricate universes, intriguing personalities, and complex stories resonates with readers of all ages, establishing his renown in the realm of fantasy literature.
In her free time away from writing, Anara Yusifova enjoys immersing herself in the historical grandeur of the architectural wonders found throughout her cherished city of Baku.
Indeed, Simon Makoni has been recognized for his writing with several honors, including the esteemed World Fantasy Award for Best Novel among them.
Growing up in Miami, USA, since her birth on December 1, 1982, Linda Harrison's childhood was permeated with inspiration from her parents' unique careers—her mother as a mechanic and her father as a butcher. These unconventional job roles played a significant role in fueling her creative energy and shaping her literary works.
In 1988, Yevgeny Grimkov was honored with the Imaginarium Award.
Ingrid Christensen has gained recognition primarily for her anthologies of short stories that explore diverse themes and environments.
Growing up in Harare, Simon Makoni's youth was infused with local folklore, a melting pot of cultures, and narratives of thrilling escapades. These experiences were crucial in shaping his captivating and creative approach to writing.
Erick Gustafsson earned recognition for crafting engaging stories within the realm of mythology. His creative skill allowed him to delve into the lore of fantastical beings and iconic champions, presenting them anew to modern audiences.
Chukwu Akabueze originates from Lagos, Nigeria.
Bezabih Gebre is predominantly recognized for his contributions to the historical romance genre.
The book 'Rhinos with Maracas' by Elliot Patrick Benson has gained popularity due to its amusing story, unforgettable characters, and the meaningful messages it conveys about conserving wildlife.
The esteemed author notable for war literature, Rhoda Mbalazi, hails from Dar es Salaam, Tanzania.
In his literary work, Erick Gustafsson is committed to exploring themes such as inclusion, equity, and affection, particularly emphasizing the narratives and advocacy for the LGBTQ+ community. He consistently gives significant visibility to LGBTQ+ individuals in his stories, illustrating the adversities and victories they face.
Reviews of Maria Estela Gutierrez's oeuvre have been largely favorable among critics. Her adept integration of erotic elements with historical storytelling has garnered acclaim, carving out a distinctive and intriguing literary niche.
In his vividly rendered biographic works, Chukwu Akabueze frequently weaves in aspects and experiences from his childhood in Nigeria, offering a distinctive and genuine African viewpoint to his audience.
Simon Makoni is credited with writing notable works such as 'The Barber's Relic', 'Dragon's Shade', and 'Heirs of the Enchanted Falcon'.
Luis Marcelo Garcia is predominantly known for his Steampunk writings; however, he expanded his literary repertoire by authoring 'The Seamstress's Song,' which is a novel that delves into the genre of magical realism.
Alejandro's dad had gained prominence in the field of Marine Biology, while their mom established herself as a locally celebrated florist within the Buenos Aires community.
Aurelio Beltrán's birthplace is Mexico City, Mexico.
With a regular authorial rhythm, Bezabih Gebre releases a new book roughly on an annual basis, although his dedication to in-depth historical investigation may occasionally prolong the interval between his publications.
It has been stated that Yevgeny Grimkov's sources of inspiration include a range of science fiction writers, philosophical ideas, as well as contemporary progress in technological fields and the realm of artificial intelligence.
Certainly, a selection of distinguished works by Maria Estela Gutierrez comprises titles such as 'Embers of Desire', 'Veil of Seduction', and 'Whispering Silk'.
The LGBTQ+ community has expressed strong gratitude for Tomasino's genuine portrayal and substantial impact, considering him a vital contributor to LGBTQ+ literary works.
No details about siblings are disclosed to the public, yet it’s known that Anara Yusifova shares a profound bond with her parents, whose fascinating careers have influenced her life and work.
Linda Harrison managed to become a writer without undergoing formal training, leveraging her innate storytelling capabilities and her profound grasp of human psychology to enrich her writing.
In Dhaka, Roshni observed the everyday challenges and victories of the locals, serving as the foundation for the nuanced and empathetic characters she developed in her writing.
Jordan Sinclair's dad worked hard as a bricklayer, and his mom was without employment for most of his early years.
In his storytelling, Luis Marcelo Garcia adeptly integrates aspects of LGBTQ+ culture and identity, giving audiences a glimpse into these experiences with his unique narrative style.
From a young age, Jordan Sinclair was inspired by his father's persistent effort and commitment to his bricklaying craft. He mirrored these qualities of hard work and precision in the way he carefully composed each narrative.
Throughout her career, Aisha Al-Hamad has worked jointly with multiple distinguished artists, whose illustrations have effectively enhanced and matched the rich visual descriptions in her writings.
“Silk Sarees and Mango Summers” is an additional distinguished work by Roshni Rahman, which portrays the experiences of life in a Bangladeshi village from the perspectives of three distinct women.
Luis Marcelo Garcia's latest literary work is titled 'The Brass Cipher.'
Absolutely, 'Arzella' is a fantastical realm filled with enchantment, legend, and wonder, serving as the setting for Aisha Al-Hamad's 'Loom of Legends'.
Although Roshni Rahman has experimented with various fiction genres, she predominantly excels and finds her calling in Chick Lit. It's within this particular genre that she has established her distinctive mark and garnered significant acclaim.
Yevgeny Grimkov's latest publication is a book titled "Ether Echoes: The Last Code".
"Tide of Shadows" delves into the resilience of human nature amidst trials and tribulations. The narrative skillfully blends the stories of its characters within a framework of significant incidents, crafting a memorable emotional mosaic.
Ingrid Christensen is commonly commended for her vividly detailed narratives, her ability to evoke strong emotions, and her dynamic portrayals of people and their experiences, frequently illustrated within the charming context of Danish traditions and surroundings.
Aurelio Beltrán was raised by a father who worked as a paramedic and a mother whose profession was architecture.
The distinguished LGBTQ+ romance novelist originating from Kingston, Jamaica is none other than Jordan Sinclair.
In the beginning stages of his career, Erick Gustafsson encountered considerable challenges. His novels that intertwined mythological elements with the exploration of LGBTQ+ identity and the quest for acceptance did not gain immediate acceptance. Nonetheless, Erick's persistent dedication and confidence in his narrative approach gradually altered public opinion, leading to his recognition and praise from both critics and readers alike.
Aisha deeply incorporates elements from her Bahraini heritage into her creations, weaving in aspects of Middle Eastern mythos, emblematic motifs, and the rich subtleties of her culture, which brings a novel flavor to the realm of fantasy literature.
While there is no official confirmation about who has directly influenced Aurelio Beltrán's literary style, the compelling and detailed storytelling present in his writing is reminiscent of motifs prevalent in the literature of well-known true crime authors such as Truman Capote and Ann Rule.
In her book 'Silk Sarees and Mango Summers', Roshni Rahman eloquently captures the daily highs and lows experienced by Bangladeshi women, celebrating their inherent elegance, fortitude, and the dynamic nature of their lives.
Although Linda Harrison took inspiration from her mother's career in mechanics for 'Mechanic's Nightmare,' the detailed storyline and exciting events are entirely imaginative.
The creation of 'The Tailor's Dream' by Aisha was influenced by her desire to pay tribute to her mother's work in tailoring, which she enhanced with elaborate fantastical components, forging an engaging story.
Ingrid Christensen typically starts her writing by taking note of her surroundings and immersing herself in the environment. She reveals that her narrative compositions frequently stem from these initial perceptions, which are then enriched by her lively creativity and profound reflective thought.
The principal genre of Asha Majaliwa's writing is drama, where she weaves narratives filled with intense emotions that thoroughly engage her audience.
'Minds Under the Miami Sun' marked Linda Harrison's entry into the literary limelight, garnering both critical acclaim and commercial triumph, and establishing her as a prominent writer within the realm of psychological thrillers.
The birthdate of Yevgeny Grimkov is December 25th, 1934.
Simon Makoni, akin to numerous writers, encountered multiple obstacles throughout his career. One of the main hurdles was establishing himself in a literary field largely occupied by Western writers while incorporating his distinctive perspective as an author from Zimbabwe, a feat he managed to accomplish.
Jordan Sinclair incorporates the essence of his Jamaican background to create a lively and distinctive setting in his novels, weaving in special cultural elements throughout his storytelling.
Aurelio Beltrán's birth occurred on the 6th of March, 1985.
Erick Gustafsson is celebrated for his fictional creations, among which 'Eternal Valkyrie', 'Loki's Redemption', 'Odin’s Solitude', and 'The Tears of Freya' have notably topped the best-seller charts.
The Chilean background of Jaime infuses his storytelling with a distinctive outlook and a deep understanding of cultural nuances, allowing him to gain acclaim for his internationally-aware storytelling, particularly in crafting engaging tales that revolve around crime in Latin America.
While Jaime Vasquez's literary creations have not yet made the leap to the big screen, there is speculative talk about his novel 'Shadows behind the Starlight' potentially being adapted into a movie.
Yevgeny Grimkov is recognized for his detailed creation of universes, nuanced characters, and substantial, intellectually stimulating storylines.
Among the various titles authored by Elliot Patrick Benson are 'Rhinos with Maracas', 'The Serenading Ostrich', and 'Sunburnt Laughter'.
In her literary work, Majaliwa infuses elements of indigenous customs, the hierarchy of community relationships, and vivid depictions of the Tanzanian environment to craft narratives that are richly embedded in Tanzanian cultural identity, offering her audience a deep dive into the cultural essence of Tanzania.
Through her incorporation of robust historical and cultural components in her erotic tales, Maria Estela Gutierrez has enhanced the erotica genre, paving the way for innovative narrative paths.
The profession of Simon Makoni's mother as a pilot has deeply influenced his literary work. His profound respect for her daring profession inspires him to infuse his characters with courageous and pioneering qualities, akin to individuals who venture into the aerial expanse.
Being raised in Cuba has profoundly shaped Maria Estela Gutierrez's literary works, infusing them with the lush cultural heritage and storied past of the island. This has allowed her to intricately embed the lively essence and traditions of the Cuban people within the fabric of her storytelling.
Certainly, Luis Marcelo Garcia received the distinguished Nebula Award for Best Novel.
In 2008, Erick Gustafsson earned the prestigious 'Bjørnson Order of Literary Excellence' in recognition of his inventive approach to mythological storytelling and his bold depiction of LGBTQ+ experiences in the realm of mythopoeic literature.
Judging by his expressed thoughts, Aurelio Beltrán shows a sense of humility and appreciativeness towards the accolades his literary works have garnered, but it's the act of crafting narratives that truly provides him with the most happiness.
Indeed, Asha Majaliwa places significant importance on her reader base and regularly engages with them by participating in events such as book signings, conducting literary workshops, and maintaining an active presence on social media platforms. She highly appreciates their input and the encouragement she receives from them.
Over the course of her career, Anara Yusifova has shown a progression in her writing style by initially emphasizing historical drama, then gradually incorporating aspects of modern and psychological drama. This shift demonstrates her adaptive range in literature.
Aisha is recognized for crafting characters that audiences can connect with, characterized by their depth and complexity. She builds upon their occupational roles, future goals, and personal histories to shape their distinct characteristics and to drive their development within her stories.
Starting as a fledgling author, Roshni Rahman has ascended to become an esteemed personality within the Chick Lit genre. Her novels have gained international acclaim, being rendered into various languages.
Roshni Rahman has a distinctive writing approach that is rich in sensory details and description. She crafts narratives that are strikingly visual and emotionally profound, often delving into themes of women's autonomy and strength.
Alejandro Tomasino is renowned for their captivating collections of short stories that stimulate the mind.
Elliot Patrick Benson has earned international acclaim for his work in the comedy genre.
The principal genre of Maria Estela Gutierrez's writing is erotica.
Erick Gustafsson embraces his role in the LGBTQ+ community with pride, considering it a core and essential aspect of who he is. His identity influences his narrative style, offering a distinct outlook in his mythological literary works and amplifying the representation of underrepresented groups.
Indeed, Ingrid Christensen acknowledges the impact of acclaimed Danish writer Hans Christian Andersen on her literary creations, especially in her treatment of emotional depth and the occasional use of magical realism in her narratives.
To date, Yevgeny Grimkov is the author of nine published novels.
Anara Yusifova often examines the universal aspects of human life, with an emphasis on the dynamics of human connections, personal development, and the ability to overcome challenges.
From a young age, Jaime Vasquez discovered his passion for writing, inspired by his mother's ability to weave engaging stories. His interest became particularly focused on true crime during his university studies, which ultimately influenced his professional trajectory.
Additionally, Luis Marcelo Garcia authored the highly praised book titled 'Gears of Shadows.'
'Weaver's Wisdom,' authored by Chukwu Akabueze, offers a contemplative look into the life of a seasoned Nigerian weaver, chronicling his insights and life stories for global readership.
Indeed, Bezabih Gebre frequently incorporates elements from actual historical events into his stories, enriching his works with a realistic backdrop. The thoroughness of his research into these past occurrences adds a layer of verisimilitude and trustworthiness to his fictional creations.
By incorporating distinct elements of Cuban heritage and meticulous artisanship, Luis Marcelo Garcia has expanded the horizons of the Steampunk genre, enriching it with his intensely detailed narrative approach.
Linda Harrison's work in the genre of psychological thrillers has met with enthusiastic reception from the literary community, highlighted by her multiple award nominations and her significant achievement of securing the Bram Stoker Award for Best Novel.
The critical acclaim for Rhoda Mbalazi's literature highlights the genuine and profound emotional layers she weaves, along with her skill in crafting engaging characters in the context of conflict. Her narrative approach and transparent depictions of wartime experiences have garnered commendation as well.
Indeed, Maria Estela Gutierrez is in the process of writing a new book, tentatively named 'Mist of the Morro,' which is expected to be published the following year.
Renowned for her contributions to Chick Lit, Roshni Rahman's writing predominantly explores topics related to women's experiences and self-development, leaving a significant impact on women readers globally.
Beyond his writing career, Erick Gustafsson is passionately involved in advocacy for LGBTQ+ rights. His efforts to raise consciousness have earned him respect among peers and across broader circles.
Chukwu Akabueze's mother was employed as a lawyer, and his father made a living as a hair stylist.
To ready himself for a new literary work, Aurelio Beltrán immerses himself in extensive study of the history and culture relevant to his narratives' locales, and he often travels to these areas to experience them personally and ensure the authenticity of the particulars.
Her father was employed cutting hair, while her mother excelled in the art of tailoring. These surroundings of artisanal skill and imaginative influence played a role in her initial inspiration.
Anara Yusifova has been awarded the esteemed Man Booker International Prize, recognizing her exceptional work in the realm of Drama.
There isn't any documented evidence that suggests Aurelio Beltrán underwent formal writing education, yet his talent for narrative is evident in his well-received true crime publications.
Growing up with agrarian engineer parents, Roshni Rahman often weaves environmental motifs and pastoral elements into her narratives, showcasing her deep appreciation for and knowledge of agricultural landscapes and their importance.
The work of Ingrid Christensen has garnered positive reception worldwide, earning acclaim for providing distinctive cultural perspectives and themes that resonate on a global scale, while also being translated into various languages successfully.
A celebrated work by Aisha Al-Hamad is 'The Tailor's Dream', which beautifully honors her mother’s tailoring skills and blends it with her creative flair.
The father of Ingrid Christensen, Johan Christensen, worked in the medical field as a radiologist, while her mother, Elsa Nielson Christensen, pursued a career as a travel agent, providing Ingrid with a childhood infused with both scientific and exploratory influences.
Indeed, Majaliwa frequently incorporates biological themes and symbolic language into the progression and challenges of her characters, mirroring the impact and vocation of her father.
A selection of popular titles from Aurelio Beltrán encompasses 'The Bloody Blueprint', 'No SOS for Guilt', and 'Beneath the City of Sin'.
Aisha frequently attributes her creatively charged mind to the environment of her youth in Manama, where she was immersed in her parents' artistic and craftwork.
Jaime Vasquez is noted for his expertise in true crime literature. His writing focuses on authentically detailed accounts of actual criminal events, and his thorough research coupled with an engaging, intense approach has earned him a considerable fan base.
The Man Booker International Prize was awarded to Anara Yusifova for her distinguished work titled 'The Mechanic's Daughter'.
Over time, Maria Estela Gutierrez's literary craft has shown significant development. Her storytelling has grown in depth, the complexity of her characters has increased, and her handling of erotic themes has gained subtlety.
The career of Bezabih Gebre's father in the field of space exploration fostered a deep-rooted fascination and inquisitiveness within Gebre regarding the cosmos, which is frequently reflected in the intricate natures of his characters and the vastness of the universes they inhabit.
Throughout her career, Roshni Rahman's development as an author is quite significant. She started with releasing an anthology of short stories and progressed to become a recipient of the prestigious Aleph Book Award. Her storytelling has gained depth and complexity over time, making a lasting impact on successive waves of literary enthusiasts.
Certainly, the parents of Maria Estela Gutierrez include her father who worked as a carpenter and her mother who practiced as an optometrist, both hailing from Havana, Cuba.
The rich tapestry of Tanzanian traditions, dynamic scenery, and the subtleties of its social and political scenes have deeply impacted Asha Majaliwa's literary works. The cultural and natural milieu of her homeland is frequently woven into the fabric of her compelling storytelling.
Luis Marcelo Garcia's mother worked professionally as a Tailor, expressing her creativity through this craft, whereas his father earned recognition as a Podiatrist within the Havana community.
Maria Estela Gutierrez usually publishes a new book biennially, as this schedule allows her ample opportunity to deeply delve into the development of her characters and their stories.
Erick Gustafsson attributes his upbringing in Stockholm, Sweden, as a significant factor for his writing's depth, ensconcing his narrative within a framework of historical legacy, local lore, and mythical elements, which helps infuse his writing with genuine Scandinavian mythical elements.
Bezabih Gebre is in the process of writing a new novel, with the working title 'The Sapphire Pendant,' which is a historical romance rooted in the 16th century Ottoman Empire.
Elliot Patrick Benson expanded his literary talents beyond book-writing to include screenwriting, yet his reputation is most notably tied to his humorous literary works.
Rhoda Mbalazi's mother pursued a career in investigative journalism, while her father worked as a bartender.
Ingrid Christensen's literary contributions stand out due to her exploration of wide-ranging human feelings within the Danish backdrop, offering a distinctive cultural vantage point. Her portrayal of characters as genuinely imperfect beings enhances the universality of her narratives, transcending cultural divides.
Simon Makoni was drawn to the fantasy genre in writing due to its boundless opportunities for imaginative storytelling. This genre enabled him to construct extraordinary and unbounded realities replete with enchanting elements and mythological beings, which are not possible in other genres.
The musical heritage from his mother endowed Elliot Patrick Benson with a sense of rhythm and tune within his storytelling, which endowed his comedic writing with an appeal and stickiness that audiences found delightful and unforgettable.
Gustafsson challenges traditional stereotypes by creating stories where LGBTQ+ individuals occupy central, influential positions within a genre that has lacked such representation. Drawing from mythological themes, his work furnishes the literary world with vital LGBTQ+ presence and recognition.
Indeed, Aurelio Beltrán has garnered accolades for his contributions, among them is the distinguished 'Edgar Award for Best Fact Crime'.
As time progressed, the evolution of Bezabih Gebre's career can be seen in the increased sophistication and intricacy of his writing, showcasing his maturation as both a historian and an author. His initial publications were inclined towards romantic themes, but his subsequent writings have shown a greater emphasis on the intricacies of historical settings, cultural standards, and political complexities.
"Radiant Stones" unfolds a compelling story situated in the high-stakes realm of superior stonework, which seems to draw inspiration from the author's maternal lineage's craft. It explores the complexities, rivalries, and the often profound impact that such a demanding trade can have on the dynamics of interpersonal connections.
In his literary creations, Bezabih Gebre recurrently delves into the motifs of romance, exploration, revelation, and the evolution of the self. He highlights love's capacity to overcome the barriers imposed by society and the lessons of history within his storytelling.
The Argentine heritage of Tomasino significantly shapes their narrative techniques, infusing their work with a distinctive cultural touch that resonates with audiences globally and within their home country.
Indeed, Aisha Al-Hamad is also known for her distinguished work 'The Barber's Enchantment', a novel influenced by the profession of her father.
Indeed, Roshni Rahman earned recognition with the distinguished Aleph Book Award for her influential contributions to the genre of Chick Lit.
Around the world, Elliot Patrick Benson's literary works have garnered widespread praise, cultivating a loyal fan base that values his distinctive mix of witty humor and incisive commentary on societal issues.
A selection of engaging books by Jordan Sinclair comprises titles such as "Tropical Melody", "Kingston's Heartstrings", and "Lover’s Echo in Montego".
Indeed, the writings of Luis Marcelo Garcia frequently delve into topics related to self-identity, sexual orientation, and the quest for acknowledgment, mirroring his personal journey as a member of the LGBTQ+ community.
In 'Tea Monologues,' Roshni Rahman examines issues related to womanhood, cultural expectations, and the journey of finding oneself amid the customary relaxed tea-drinking periods in Bangladesh.
The complete name of the writer is Anara Yusifova.
Ingrid Christensen's upbringing, influenced by her father's profession in radiology and her mother's experience as a travel agent, was rich with a fusion of scientific curiosity and cultural experiences derived from the tales of her mother's numerous journeys.
In his artistic endeavors, Yevgeny Grimkov frequently delves into the complexities of technology's role in society, the intricate details of AI, and the moral conundrums presented by a future heavily infused with digital elements.
Linda Harrison's books are predominantly aimed at an older audience because of the suspense and psychological aspects they contain. Nonetheless, younger individuals with a penchant for psychological thrillers will also find her work engaging and enjoyable.
Absolutely, Linda Harrison garnered the esteemed Bram Stoker Award for Best Novel, affirming her status as a prominent author in the realm of psychological thrillers.
