6.863415718078613
89.78428649902344
7.137295246124268
10.897279739379883
6.234384059906006
18.315277099609375
5.5893425941467285
49.95136260986328
83.00971984863281
6.663255214691162
27.234573364257812
15.345829010009766
25.968177795410156
11.706422805786133
41.682167053222656
90.24337768554688
7.177926063537598
8.324272155761719
14.061979293823242
21.140316009521484
87.29692077636719
27.45447540283203
10.569047927856445
8.765040397644043
26.485660552978516
16.566457748413086
68.92158508300781
5.969901084899902
59.35582733154297
6.883525371551514
27.2911319732666
7.991995811462402
19.598243713378906
57.87445831298828
60.003379821777344
7.290505409240723
7.6250081062316895
6.061630725860596
33.045814514160156
6.030130863189697
13.37677001953125
6.438267230987549
43.11393356323242
24.438922882080078
51.384483337402344
7.034152984619141
15.76821231842041
9.54991340637207
27.65158462524414
19.058509826660156
42.8363037109375
14.705657958984375
7.28509521484375
53.0345573425293
6.854883193969727
18.652164459228516
7.522458076477051
5.227049827575684
8.524521827697754
6.660759449005127
6.481249809265137
7.542354583740234
19.655118942260742
57.413543701171875
72.68185424804688
41.887107849121094
4.065739631652832
9.616278648376465
5.698922157287598
17.12883758544922
10.873815536499023
5.554879188537598
32.802154541015625
5.599909782409668
4.987578392028809
69.83808135986328
6.590787887573242
26.579151153564453
73.13691711425781
52.92841720581055
8.416163444519043
53.499000549316406
18.409626007080078
6.710812091827393
8.117538452148438
5.752924919128418
59.055458068847656
5.62705659866333
6.463139057159424
7.037940979003906
19.87156867980957
30.966480255126953
6.935385227203369
14.815866470336914
62.28778839111328
8.717631340026855
6.092164993286133
21.776212692260742
4.707834243774414
38.647483825683594
14.738744735717773
8.41157341003418
83.11993408203125
36.310123443603516
17.669071197509766
7.216064453125
6.0752997398376465
9.359516143798828
9.235784530639648
7.436342716217041
6.678394794464111
9.387924194335938
6.634792327880859
60.92229461669922
17.984657287597656
5.261919021606445
40.75700759887695
86.31919860839844
28.181507110595703
5.719576835632324
5.274659633636475
19.71210479736328
10.531843185424805
13.007225036621094
9.78134536743164
38.63671112060547
91.76605224609375
10.198856353759766
84.80036163330078
9.126396179199219
7.229532241821289
6.766726493835449
47.723167419433594
26.05457305908203
6.34895133972168
80.1219482421875
24.468955993652344
28.11294174194336
20.582420349121094
48.09931182861328
7.3478546142578125
31.005828857421875
102.33146667480469
8.314855575561523
55.234779357910156
11.709512710571289
16.068532943725586
11.224187850952148
108.75122833251953
62.313758850097656
22.53394317626953
5.951769828796387
5.594719886779785
7.417133808135986
4.039973735809326
9.307631492614746
6.593857288360596
25.90889549255371
10.833045959472656
7.308787822723389
12.623037338256836
38.00946044921875
22.724708557128906
27.32974624633789
102.78656005859375
85.49447631835938
80.010986328125
52.16122817993164
8.924018859863281
5.883820533752441
5.845604419708252
7.640206813812256
48.337066650390625
82.43272399902344
6.924459457397461
15.652694702148438
6.5482683181762695
9.853753089904785
17.614328384399414
7.536368370056152
7.689817428588867
5.349336624145508
19.48598861694336
23.260215759277344
46.34782028198242
45.24067687988281
70.43301391601562
7.61971378326416
17.06884765625
22.283126831054688
79.26110076904297
4.380781173706055
7.7978997230529785
6.120863914489746
36.69786071777344
70.92192840576172
11.194927215576172
71.54106903076172
6.069741249084473
16.13592529296875
10.047603607177734
19.855571746826172
9.889175415039062
6.464024543762207
30.065444946289062
69.7434310913086
7.745622634887695
25.089916229248047
66.23638916015625
8.107392311096191
8.988061904907227
8.121048927307129
25.328521728515625
7.677055835723877
5.839572906494141
6.138348579406738
32.40146255493164
6.970513343811035
12.884502410888672
82.25788879394531
7.293644905090332
52.02399444580078
7.292088985443115
55.24906539916992
13.93178939819336
9.002501487731934
25.04513931274414
6.495984077453613
97.51101684570312
78.32250213623047
66.52891540527344
5.187680721282959
48.393314361572266
45.744571685791016
18.133455276489258
11.057219505310059
22.397686004638672
19.208402633666992
10.92777156829834
96.41613006591797
23.630096435546875
18.941349029541016
55.78492736816406
5.653315544128418
76.53700256347656
2.6415138244628906
37.47447204589844
43.159751892089844
8.20657730102539
6.432797431945801
18.94064712524414
10.141444206237793
7.077465057373047
4.501126289367676
41.316932678222656
87.04155731201172
90.9990463256836
4.884641647338867
5.205367088317871
72.02201843261719
92.07723999023438
12.597304344177246
5.26705265045166
17.81245994567871
5.38607120513916
4.926303386688232
9.323081970214844
55.18226623535156
26.806991577148438
5.986224174499512
5.417696475982666
83.80376434326172
7.4366254806518555
6.252444267272949
5.617439270019531
6.80806827545166
64.9884262084961
7.321396827697754
98.41851043701172
13.452093124389648
73.07524108886719
78.49745178222656
44.51739501953125
7.453089714050293
32.62316131591797
6.844898223876953
7.906761646270752
36.78605651855469
9.934294700622559
85.6474609375
15.443455696105957
85.51087951660156
17.088336944580078
7.911464691162109
20.352848052978516
11.45942497253418
13.856973648071289
14.612943649291992
46.70606994628906
60.4563102722168
7.071439266204834
4.281922817230225
7.795832633972168
5.481512069702148
6.756496429443359
5.806035995483398
36.72130584716797
20.21377944946289
8.249509811401367
5.859255313873291
7.806912422180176
44.72566223144531
58.00004959106445
6.058478355407715
9.40335750579834
19.297096252441406
23.153671264648438
46.322669982910156
6.338017463684082
51.90657043457031
11.116578102111816
15.980602264404297
40.67799758911133
7.143026828765869
32.817626953125
13.26832389831543
6.516125679016113
35.91099166870117
102.6814193725586
24.937881469726562
17.772905349731445
9.448758125305176
3.924039363861084
41.31181716918945
41.22627258300781
9.841070175170898
5.553770542144775
12.855382919311523
47.0606689453125
83.61190795898438
5.325444221496582
6.543573379516602
5.574775695800781
6.707890510559082
43.935447692871094
6.306446552276611
23.253877639770508
22.097171783447266
90.95347595214844
6.626953125
37.89640808105469
23.787792205810547
16.89718246459961
6.373655319213867
7.100586891174316
39.827056884765625
76.6568374633789
8.541460037231445
53.41028594970703
28.87261199951172
12.797231674194336
88.28140258789062
6.933246612548828
8.93645191192627
43.84115219116211
6.061714172363281
6.907684326171875
42.82283401489258
6.623775482177734
35.868324279785156
70.43446350097656
47.95552062988281
48.8861083984375
11.080820083618164
10.752328872680664
100.26463317871094
10.503669738769531
6.259275913238525
27.43509292602539
25.588687896728516
5.470705032348633
34.90694046020508
39.36768341064453
55.54783630371094
6.781891822814941
5.1505303382873535
19.706010818481445
5.214441776275635
7.467190742492676
6.900293827056885
6.3680572509765625
25.55681610107422
86.24553680419922
41.93806838989258
86.72991180419922
11.275228500366211
5.318207263946533
46.77668762207031
7.129764080047607
12.954954147338867
