119.50715637207031
120.0057601928711
118.69209289550781
118.3282241821289
117.6622085571289
118.79427337646484
118.17647552490234
118.76506805419922
120.46624755859375
118.1539535522461
119.64708709716797
119.22051239013672
120.22161865234375
119.7005615234375
119.50955963134766
118.4233169555664
119.15008544921875
119.25135803222656
120.2678451538086
118.53389739990234
118.7065658569336
118.33477020263672
119.906982421875
118.9368896484375
119.06316375732422
119.63905334472656
118.67121887207031
119.3875961303711
119.12422180175781
119.83501434326172
118.32884979248047
118.85725402832031
118.67229461669922
118.62921142578125
118.14027404785156
119.2015151977539
118.72393798828125
118.0224838256836
120.2834701538086
119.2489242553711
