0.41523391008377075
0.5196854472160339
0.0001147257789853029
1.5887078046798706
0.0
1.30206298828125
6.293854676187038e-05
1.3012492656707764
0.3653106093406677
0.005827488377690315
0.05533541738986969
0.010954728350043297
0.0
0.0
0.6401680111885071
0.06305353343486786
0.0
0.9999527335166931
0.02774326130747795
0.03177476301789284
0.1918131709098816
0.0
0.8693350553512573
0.0
1.2876964807510376
1.144590139389038
2.7058160305023193
2.3450968265533447
0.0002531960199121386
0.2198936492204666
0.04606405273079872
0.0032730030361562967
0.005488323513418436
0.0
1.8554800748825073
0.6552360653877258
0.0
0.0
0.747211217880249
0.0
2.8648746013641357
0.4060553014278412
0.0
0.26316961646080017
0.24717220664024353
0.02317178249359131
0.01240304671227932
0.058691948652267456
0.004991625435650349
0.001947492128238082
0.7874614000320435
0.0
0.8638256788253784
0.0
3.6779837608337402
0.5291810035705566
0.0005676503060385585
0.0
0.018839117139577866
3.6018269062042236
0.017098121345043182
2.4820501804351807
0.8093060851097107
0.0
0.7623584866523743
0.005928633734583855
0.02073569782078266
1.8527827262878418
0.0
5.325796127319336
4.519097328186035
2.2627451419830322
0.00040193134918808937
1.8035272359848022
0.0
0.02081819623708725
0.0
0.49524903297424316
0.24421747028827667
0.0
0.0007884248625487089
0.280936062335968
1.15910005569458
1.6299288272857666
1.3201820850372314
0.0
5.013683319091797
0.0
0.0
2.349989414215088
0.22446805238723755
0.00020327011588960886
0.0
0.6194201111793518
0.0560879223048687
0.2283087521791458
1.4363415241241455
0.0
0.10829706490039825
0.0
0.5046907663345337
0.0
0.0
0.004053271841257811
5.0965471267700195
0.0
0.0
0.00013832324475515634
22.451932907104492
0.10447132587432861
1.5310633182525635
1.1989390850067139
0.01714850403368473
0.0
1.2388591766357422
0.0
0.27156680822372437
