45.39437484741211
19.123838424682617
15.010340690612793
36.89987564086914
10.110373497009277
24.962902069091797
49.94926071166992
17.54408073425293
22.338294982910156
33.56907653808594
24.582815170288086
26.4355411529541
15.006690979003906
44.76166534423828
12.645751953125
52.626800537109375
16.380126953125
29.660730361938477
42.78657913208008
9.275611877441406
29.626169204711914
50.59336471557617
31.404516220092773
24.830106735229492
33.5177116394043
22.99332618713379
19.632217407226562
47.99653244018555
45.9190788269043
34.54004669189453
25.556642532348633
54.026344299316406
25.069477081298828
35.095333099365234
18.37752914428711
29.5416316986084
13.010988235473633
25.91737174987793
48.14282989501953
17.739389419555664
39.20940017700195
39.302059173583984
7.264380931854248
12.649176597595215
45.10152053833008
25.676809310913086
16.101118087768555
21.351346969604492
14.718405723571777
23.30910301208496
9.491783142089844
33.837547302246094
40.26222610473633
35.822269439697266
40.37287139892578
28.9808349609375
20.928634643554688
41.47389602661133
25.021209716796875
35.45014190673828
39.28968048095703
25.88678550720215
41.192962646484375
41.68738555908203
14.829635620117188
50.109657287597656
56.36830520629883
31.732452392578125
32.020179748535156
40.42586135864258
20.121225357055664
19.73548126220703
21.891937255859375
33.19355773925781
46.44176483154297
25.12555694580078
30.242136001586914
25.995817184448242
50.19973373413086
7.809613227844238
59.993629455566406
27.72467613220215
37.7408561706543
41.6795539855957
27.745344161987305
28.59828758239746
27.078664779663086
12.441893577575684
36.679351806640625
30.210874557495117
8.150447845458984
34.120792388916016
28.768661499023438
28.66214370727539
35.40681076049805
29.0264892578125
37.679443359375
30.214902877807617
47.83030700683594
36.64976501464844
27.955732345581055
37.2608757019043
80.98492431640625
49.1256103515625
20.853870391845703
51.27883529663086
33.67690658569336
33.5361213684082
37.439876556396484
41.34318923950195
27.768213272094727
23.677371978759766
16.745746612548828
29.847620010375977
33.36307907104492
48.49984359741211
61.0368766784668
23.778898239135742
31.427631378173828
29.977087020874023
11.74281120300293
27.141498565673828
30.137714385986328
33.582210540771484
29.2714786529541
37.735565185546875
40.776729583740234
23.518705368041992
40.950347900390625
44.48855209350586
42.81861114501953
53.14650344848633
64.56253051757812
17.457284927368164
42.99067306518555
21.72475242614746
18.272613525390625
47.50749588012695
20.35980796813965
25.967437744140625
9.043088912963867
25.984329223632812
45.633548736572266
41.462093353271484
41.0824089050293
58.197364807128906
17.13201904296875
20.029870986938477
24.104822158813477
22.443906784057617
20.698040008544922
9.453670501708984
29.11867332458496
29.17694664001465
18.040266036987305
47.46385192871094
13.104914665222168
33.22152328491211
52.732421875
40.03013229370117
46.824241638183594
43.541744232177734
17.458091735839844
51.77180099487305
33.14869689941406
34.94929122924805
31.30743980407715
17.286619186401367
29.802576065063477
53.487831115722656
40.08313751220703
36.296730041503906
28.103351593017578
55.269439697265625
11.784991264343262
23.953184127807617
41.81839370727539
29.63958740234375
31.966882705688477
8.077750205993652
36.351619720458984
29.842849731445312
24.204483032226562
19.092134475708008
23.77063751220703
20.692419052124023
23.664369583129883
43.53908157348633
34.215362548828125
18.897531509399414
21.928443908691406
37.09526062011719
7.613199710845947
11.913290977478027
21.35292625427246
34.9628791809082
29.86844825744629
14.35746955871582
38.34402084350586
32.245948791503906
33.49367141723633
26.956613540649414
38.17554473876953
25.3115291595459
9.313762664794922
28.617828369140625
15.038406372070312
42.3426628112793
20.628211975097656
46.886146545410156
41.66300582885742
28.389379501342773
39.57989501953125
19.37398338317871
44.99021911621094
31.123275756835938
19.843984603881836
23.81096649169922
26.725561141967773
29.228330612182617
38.87944793701172
32.67037582397461
25.442153930664062
35.678287506103516
17.53397560119629
15.283203125
24.827917098999023
23.879255294799805
16.865318298339844
34.854087829589844
55.3390007019043
44.46531295776367
32.49020004272461
31.720815658569336
23.579252243041992
32.289615631103516
13.109443664550781
30.49891471862793
20.26677894592285
45.22865295410156
37.02118682861328
37.24760818481445
40.02311325073242
15.342531204223633
37.65006637573242
19.395505905151367
37.8573112487793
38.58082962036133
28.3216495513916
26.401952743530273
46.41642379760742
34.29445266723633
19.546964645385742
18.16893768310547
29.82233238220215
18.3228816986084
29.073484420776367
30.455230712890625
30.467025756835938
33.1416130065918
37.04764175415039
37.39749526977539
45.855709075927734
37.131507873535156
37.8037109375
22.805862426757812
18.96621322631836
18.1636905670166
16.836395263671875
24.533039093017578
33.38541030883789
25.131147384643555
40.79232406616211
23.644649505615234
40.65303039550781
49.17066192626953
27.685989379882812
26.213836669921875
38.85459518432617
22.62506675720215
50.0475959777832
27.7994441986084
36.20444869995117
40.630645751953125
35.75339889526367
10.83215045928955
30.91366958618164
10.13023567199707
42.79483413696289
33.71413040161133
30.138132095336914
30.333221435546875
18.37611198425293
42.80836868286133
20.678388595581055
18.492328643798828
37.746707916259766
10.48744010925293
13.805200576782227
25.698495864868164
22.811031341552734
30.359058380126953
19.7318115234375
42.25151824951172
15.995989799499512
37.738433837890625
8.945284843444824
43.49669647216797
63.20244216918945
52.730037689208984
34.292152404785156
43.4637565612793
38.325679779052734
31.151086807250977
37.86994171142578
24.93947410583496
29.71036720275879
35.723060607910156
18.190290451049805
32.918495178222656
31.463132858276367
32.37080764770508
37.80215835571289
33.96760940551758
32.87867736816406
14.157373428344727
14.771306037902832
17.224836349487305
19.55611228942871
28.858530044555664
36.939964294433594
34.853065490722656
24.19889259338379
47.22197341918945
25.38850212097168
17.392364501953125
29.4778995513916
37.57487106323242
27.63752555847168
37.96683883666992
36.44496154785156
14.879742622375488
38.524810791015625
12.738110542297363
30.55779457092285
15.507060050964355
33.41694259643555
26.07587242126465
56.93073654174805
32.363162994384766
25.230377197265625
36.50679397583008
16.189422607421875
49.14555740356445
18.60477638244629
23.212629318237305
27.595006942749023
24.797666549682617
11.074912071228027
19.425525665283203
26.554798126220703
49.12546920776367
51.30095291137695
21.371488571166992
14.82715892791748
53.52924728393555
19.37257194519043
39.362327575683594
17.561914443969727
28.109882354736328
30.5056209564209
36.64297866821289
33.22480773925781
13.989936828613281
22.564023971557617
14.358912467956543
22.693273544311523
24.259498596191406
32.28837966918945
8.213976860046387
42.38982009887695
33.15314865112305
25.87778091430664
9.573081016540527
31.63302993774414
37.777706146240234
21.75264549255371
47.75962448120117
16.58506965637207
48.01686096191406
15.5961275100708
32.4852180480957
35.58095932006836
35.00371551513672
32.97365188598633
29.347436904907227
17.466848373413086
16.971609115600586
25.935317993164062
15.651071548461914
