5.258081436157227
5.3583292961120605
4.8611931800842285
4.556925296783447
5.700730800628662
5.299397945404053
5.050198554992676
5.098306655883789
5.059217929840088
5.04085111618042
4.932596683502197
5.48820686340332
4.781964302062988
5.215981960296631
5.307046413421631
4.572902202606201
5.3788371086120605
4.633070945739746
5.0906901359558105
4.832248210906982
5.0167975425720215
5.200991630554199
5.420834541320801
4.868044376373291
5.514828205108643
4.971580505371094
5.55298376083374
5.04696798324585
5.315236568450928
4.352453231811523
5.094123363494873
5.4929962158203125
5.345890045166016
5.0560407638549805
5.099892616271973
5.483621120452881
4.952052593231201
5.083667755126953
4.62523889541626
4.930945873260498
5.731497287750244
4.883889198303223
5.105474948883057
4.83284330368042
5.092962741851807
4.508769512176514
5.739928722381592
4.351463317871094
5.190560340881348
5.135639190673828
5.2853102684021
4.911558151245117
5.2674760818481445
5.045188903808594
4.8147125244140625
5.341935157775879
5.29681396484375
5.174012660980225
5.423396587371826
4.910060405731201
5.509509563446045
5.345317363739014
4.546846389770508
6.172523021697998
4.855753421783447
5.271682262420654
5.3453216552734375
5.092463970184326
5.193619728088379
4.990074634552002
5.228290557861328
5.54351806640625
5.305939674377441
4.4266037940979
5.594054698944092
4.499264240264893
4.121091365814209
5.1797027587890625
4.915816307067871
4.670738220214844
4.646069049835205
5.457717418670654
5.456782817840576
5.178779125213623
4.6905646324157715
5.136519908905029
5.577587127685547
5.126473903656006
4.890212535858154
5.2329206466674805
5.0225749015808105
4.950073719024658
5.0716423988342285
5.016583442687988
5.275056838989258
5.560372352600098
5.389845848083496
5.181886672973633
5.113837718963623
4.945747375488281
5.354178428649902
5.132730960845947
4.185080051422119
4.369162082672119
4.910945892333984
4.818416595458984
4.910317897796631
5.213918209075928
5.171971797943115
5.434731960296631
4.957032203674316
5.727015972137451
5.207008361816406
4.878428936004639
5.273549556732178
5.3873138427734375
5.503645420074463
4.730824947357178
5.27795934677124
5.6928277015686035
4.931336879730225
4.860367298126221
5.117424011230469
5.581781387329102
4.511119365692139
5.13786506652832
5.17603874206543
4.998091220855713
4.682004928588867
5.405076026916504
4.908761501312256
5.619041442871094
5.2010674476623535
5.447836875915527
5.676962375640869
4.903493881225586
5.6281561851501465
5.574082851409912
4.738048076629639
5.025643825531006
4.351304531097412
4.935784339904785
5.810678958892822
5.306065559387207
5.697188854217529
4.832405090332031
4.217562675476074
4.796901226043701
4.8879075050354
4.64162015914917
4.737512588500977
4.856376647949219
4.960906505584717
5.741024971008301
5.170495986938477
4.730094909667969
5.256864547729492
4.916550636291504
4.476606369018555
5.053781032562256
5.201478481292725
5.388753414154053
5.1138763427734375
5.32724142074585
5.178618907928467
4.482138633728027
5.366257667541504
4.89990758895874
4.757699489593506
5.375125885009766
4.729005336761475
4.951571464538574
4.984925746917725
4.567379951477051
5.001933574676514
4.781815528869629
5.445041179656982
4.566991329193115
5.247827529907227
4.915323734283447
5.0378546714782715
4.9232635498046875
5.207613945007324
4.646147727966309
5.453370571136475
4.739604473114014
5.305481910705566
4.918088436126709
5.279260158538818
5.1727776527404785
5.189314842224121
5.542203426361084
5.090362548828125
5.755535125732422
4.639237880706787
5.275618076324463
5.393133640289307
5.628823757171631
5.117313385009766
4.906932830810547
5.305406093597412
5.11611795425415
5.174245357513428
5.381028175354004
4.873814582824707
5.1930670738220215
5.542646408081055
4.542793273925781
4.861704349517822
4.47206449508667
5.0019755363464355
4.78331995010376
5.023924350738525
5.53816556930542
5.550435543060303
4.781138896942139
5.300899028778076
5.146320343017578
5.406948089599609
5.0621466636657715
5.482995510101318
5.304676532745361
5.143265724182129
5.498427867889404
5.191679000854492
4.919999122619629
5.775704383850098
5.22274923324585
5.172461032867432
5.338313102722168
5.021975040435791
5.169012546539307
5.449826717376709
5.304727077484131
4.718531608581543
4.586772441864014
4.995105266571045
5.619174480438232
5.031460762023926
5.148691654205322
5.264077186584473
4.848789691925049
5.439489364624023
5.722023010253906
5.740869998931885
4.811946868896484
5.171147346496582
4.682528018951416
4.689844608306885
4.754645824432373
4.871190071105957
5.242038249969482
5.270655155181885
4.856292724609375
5.014405727386475
5.0614848136901855
4.961446285247803
5.486530303955078
4.771884441375732
5.0179667472839355
4.81212043762207
4.816855430603027
5.3709492683410645
4.911186218261719
5.591912269592285
5.46162748336792
5.060117244720459
5.082875728607178
4.95928955078125
4.395030975341797
5.333934783935547
4.954554080963135
4.955323696136475
4.705284118652344
5.1374125480651855
4.6139020919799805
4.767756938934326
5.096653461456299
4.317325115203857
4.753783702850342
5.296648979187012
4.951483726501465
5.220208168029785
5.4340362548828125
5.274839401245117
4.154989242553711
5.608126640319824
5.30347204208374
4.974898815155029
5.07892370223999
5.236958026885986
5.212758541107178
3.8649566173553467
4.612026214599609
5.049882411956787
4.998298645019531
5.646883487701416
4.535058498382568
5.486550331115723
5.0291056632995605
4.983309268951416
5.281909942626953
5.139462471008301
5.531234264373779
4.762716293334961
5.056093692779541
4.9494123458862305
4.972696781158447
5.187490463256836
5.669814586639404
5.067943572998047
5.654423236846924
5.5709991455078125
5.097778797149658
5.419528484344482
5.170860290527344
4.851670265197754
5.577833652496338
5.568048000335693
5.185544490814209
5.267727851867676
5.172476291656494
4.9082417488098145
4.824010848999023
5.16565465927124
5.793426513671875
5.012388229370117
5.247650146484375
4.449648380279541
5.009538173675537
5.697113990783691
5.481250286102295
5.0560622215271
5.261530876159668
4.986534118652344
4.415604114532471
5.735440254211426
5.499217987060547
4.937481880187988
4.321640491485596
4.977115154266357
4.931228160858154
4.842139720916748
5.077129364013672
5.006916046142578
5.193781852722168
4.9068121910095215
5.630980968475342
5.101422309875488
4.8752121925354
4.966629981994629
4.973994731903076
5.079371929168701
4.8065619468688965
4.80264139175415
5.457101821899414
5.501804351806641
4.627355098724365
4.891256332397461
4.7109527587890625
5.224747657775879
5.286513805389404
4.92287540435791
5.146153450012207
4.538188934326172
5.120960712432861
4.639880657196045
5.7823028564453125
5.029435634613037
5.096683502197266
5.509419918060303
5.318609237670898
4.753951549530029
5.1674041748046875
4.606543064117432
5.047475337982178
5.02958869934082
5.532809734344482
5.240434169769287
5.113097667694092
5.07421875
5.194648265838623
5.069459915161133
5.020242214202881
5.513805866241455
5.052884578704834
5.265235424041748
5.057591915130615
4.635950565338135
5.180397033691406
4.898278713226318
5.500857353210449
5.00088357925415
5.2092413902282715
5.3661417961120605
5.206279277801514
5.586228847503662
4.475372314453125
5.5768961906433105
4.335937023162842
