5.500738620758057
4.813680648803711
5.552341938018799
5.545072078704834
5.243508815765381
5.867125511169434
5.114422798156738
7.730472564697266
4.451546669006348
4.9654083251953125
5.6520843505859375
5.158200263977051
4.939494609832764
6.293412208557129
4.547645568847656
4.924314022064209
5.70881986618042
4.443724632263184
4.6437177658081055
3.292343854904175
5.094640254974365
6.026615619659424
5.287084579467773
5.199845790863037
5.064682960510254
5.788382530212402
4.181838035583496
4.883534908294678
4.396367073059082
6.2809858322143555
3.472238063812256
5.894283771514893
7.175906658172607
5.051427841186523
5.439492225646973
4.820080757141113
4.941231727600098
3.8963398933410645
6.565869331359863
4.335029602050781
7.276026248931885
4.660118579864502
5.921199798583984
5.028263092041016
5.1586456298828125
6.328133583068848
5.961942672729492
5.962464332580566
4.195709705352783
5.409969329833984
6.899599075317383
5.560564041137695
5.396061420440674
6.7551469802856445
5.0745015144348145
5.389609336853027
5.479331016540527
4.835611343383789
5.999758720397949
7.138730049133301
6.186261177062988
3.9268243312835693
4.688092231750488
5.13724422454834
5.27651309967041
5.899130821228027
4.433139801025391
6.479570388793945
5.513472080230713
5.658633708953857
4.680532455444336
5.718711853027344
5.292086601257324
4.9626994132995605
5.337507724761963
4.583427906036377
4.200117588043213
6.4370646476745605
3.24668550491333
5.07346773147583
6.641909122467041
5.2023539543151855
6.272312164306641
4.386264801025391
4.162868499755859
4.231035232543945
4.807178020477295
5.5786285400390625
4.570804119110107
6.69775915145874
6.15854024887085
5.401345252990723
5.148612976074219
4.283362865447998
6.781285762786865
5.207902908325195
6.703502655029297
4.906872749328613
5.578962326049805
6.219306945800781
6.40523624420166
4.539004325866699
4.547920227050781
4.488775253295898
4.7240142822265625
5.462656021118164
5.904871940612793
5.897655487060547
4.217226982116699
5.653909206390381
7.016087532043457
5.1772894859313965
5.805598258972168
4.619814395904541
4.510898590087891
4.805904865264893
5.290849685668945
5.7956156730651855
5.704283237457275
4.780813217163086
4.68858003616333
4.343891620635986
4.1941752433776855
6.162598609924316
5.3939995765686035
3.644866466522217
4.900510311126709
4.584546089172363
4.815625190734863
5.314639091491699
6.565839767456055
4.209762096405029
4.631124496459961
6.04191780090332
5.353601455688477
5.539000511169434
5.9487152099609375
4.567168712615967
6.077785491943359
4.543972492218018
3.1967086791992188
6.853304862976074
5.894471645355225
5.059081554412842
5.096692085266113
5.957906246185303
4.609438896179199
6.587050914764404
5.211091041564941
5.800807952880859
4.046640396118164
5.650510787963867
3.4985451698303223
4.951632976531982
5.635035991668701
5.471249580383301
5.324637413024902
5.072160720825195
5.290583610534668
5.337616920471191
4.683063507080078
5.549561500549316
6.099766254425049
6.058619022369385
5.525244235992432
6.283379554748535
6.131376266479492
5.010805130004883
5.4026360511779785
5.627801895141602
4.455511569976807
5.178472518920898
5.722908973693848
6.844196319580078
6.047180652618408
3.241593360900879
3.29990553855896
4.179198265075684
5.228438854217529
4.8062543869018555
5.987587928771973
6.340083122253418
5.752171516418457
3.9837846755981445
4.335555076599121
5.251934051513672
4.767833232879639
5.346588134765625
4.672618389129639
5.676870822906494
4.973084449768066
6.173608779907227
5.9539594650268555
4.316079616546631
5.440429210662842
5.688846588134766
5.817854404449463
5.086448669433594
5.353650093078613
5.932958126068115
6.28745174407959
5.814672946929932
7.088817119598389
5.410029411315918
4.882336616516113
5.215787887573242
5.997249126434326
5.714900970458984
5.551263809204102
6.093523025512695
5.0488176345825195
5.098807334899902
5.5231451988220215
4.880139350891113
5.51320219039917
5.404532432556152
5.26667594909668
3.6956825256347656
4.557828903198242
5.044672012329102
5.252045631408691
4.412517547607422
5.522784233093262
5.570542335510254
5.184143543243408
5.198266983032227
5.4987993240356445
2.6499698162078857
5.339704513549805
6.021177291870117
6.064117908477783
5.545131206512451
4.530725479125977
5.627631187438965
6.0779852867126465
6.836122035980225
3.365957498550415
5.575632095336914
6.307528495788574
4.856868743896484
7.424687385559082
5.487978458404541
5.352743148803711
5.71363639831543
6.588558197021484
4.362583160400391
5.15386962890625
4.615975379943848
5.317422866821289
6.094865798950195
6.1407976150512695
6.266477108001709
5.256929874420166
6.241403102874756
4.103941917419434
4.9506378173828125
6.5200958251953125
4.247945785522461
4.109294891357422
6.622488021850586
2.9027066230773926
6.252188205718994
6.004731178283691
5.302310943603516
6.239376544952393
5.323613166809082
4.565791130065918
6.027971267700195
5.014463424682617
5.969913005828857
5.957672119140625
6.238796710968018
5.740141868591309
5.383999824523926
4.839367389678955
5.272751808166504
5.352866172790527
5.866652488708496
5.925416946411133
5.646572113037109
4.88075590133667
6.441697597503662
5.066258430480957
4.125796794891357
3.39125919342041
5.083130836486816
6.046518325805664
5.420895576477051
4.5256547927856445
4.591663360595703
5.46331262588501
5.7714338302612305
5.4917168617248535
5.75847864151001
5.431942462921143
5.3741374015808105
5.426483154296875
5.053716659545898
5.480596542358398
5.111127853393555
4.3172287940979
6.849631309509277
5.738831520080566
5.250753402709961
5.322535514831543
5.128673553466797
5.745177745819092
5.7012939453125
4.7272844314575195
4.571647644042969
5.538546562194824
5.691640853881836
2.480659008026123
5.375338554382324
6.342979907989502
5.123049736022949
5.833030700683594
4.514738082885742
6.131418704986572
4.550315856933594
3.959420680999756
5.448087215423584
4.528707504272461
3.851954698562622
6.455955505371094
5.387155532836914
5.543974876403809
5.790524959564209
4.928569793701172
5.626585006713867
5.832985877990723
5.098725318908691
5.4381866455078125
5.468216896057129
4.979647636413574
5.385892868041992
4.815817832946777
4.7700581550598145
4.619499206542969
5.667623519897461
6.379964828491211
4.68743896484375
5.982059001922607
5.232355117797852
5.246183395385742
4.667118072509766
4.904389381408691
5.517459869384766
5.192293167114258
5.500201225280762
4.783017158508301
5.87632942199707
4.688220024108887
4.340489387512207
5.470218658447266
4.588928699493408
4.2929558753967285
5.863713264465332
6.684905529022217
5.5235490798950195
4.496298789978027
5.5609636306762695
5.636750221252441
4.916977882385254
5.784237861633301
5.326686859130859
6.793739318847656
5.455777168273926
4.437919616699219
3.977254629135132
4.826632499694824
5.5808868408203125
6.652313232421875
4.474977493286133
4.472694396972656
5.654553413391113
6.222105979919434
6.204461097717285
4.454477310180664
6.51200532913208
4.746091842651367
5.127872467041016
5.519361972808838
5.680258750915527
4.928524017333984
5.000988006591797
5.561121940612793
5.02883768081665
4.580571174621582
6.142492294311523
2.978365659713745
5.713884353637695
4.13467264175415
6.855949878692627
4.2639479637146
4.984591484069824
5.906617164611816
5.084919452667236
5.951522350311279
5.112820148468018
