5.323761940002441
4.838515281677246
5.186349391937256
4.695446968078613
3.9135823249816895
6.239096641540527
4.2970685958862305
6.521921157836914
5.252357006072998
4.002812385559082
5.545989513397217
5.046656608581543
4.493743896484375
5.231121063232422
4.273041725158691
4.331803321838379
4.421215534210205
3.74454927444458
5.0019073486328125
2.9795432090759277
4.568419456481934
5.147634506225586
5.357331275939941
4.730390548706055
4.8323845863342285
5.425638198852539
3.7004027366638184
4.650963306427002
4.11164665222168
5.904587745666504
2.7769885063171387
5.475854396820068
6.443072319030762
4.600228309631348
5.226806640625
5.375308990478516
5.130745887756348
3.791980028152466
5.905107021331787
4.375326156616211
5.820799350738525
5.081123352050781
5.240145683288574
4.256402015686035
4.343757629394531
6.238215446472168
4.644925117492676
5.012964248657227
4.201963424682617
5.038272857666016
6.020605087280273
4.867316246032715
3.766456127166748
4.543961048126221
4.305074214935303
5.024606704711914
5.392719745635986
4.43019962310791
4.947861194610596
5.333281517028809
5.5699357986450195
3.3851754665374756
4.213501453399658
4.593639373779297
5.505508899688721
6.039019584655762
4.174778938293457
5.625185966491699
5.50100040435791
4.228076934814453
4.679080963134766
5.439788818359375
4.595062255859375
4.338086128234863
5.041767597198486
4.28517484664917
4.1493306159973145
5.911571502685547
3.1437888145446777
4.798157691955566
5.607389450073242
5.27197790145874
5.4523444175720215
4.021885871887207
3.6922738552093506
3.5589256286621094
4.188020706176758
4.691676139831543
4.269534587860107
6.191678524017334
5.499941825866699
4.714447975158691
4.283145427703857
4.3191680908203125
6.486245155334473
4.707740306854248
6.528542518615723
4.998827934265137
4.401834964752197
5.856237411499023
5.044427394866943
3.6525022983551025
3.582199811935425
4.491957664489746
4.027388572692871
5.050388336181641
5.346408843994141
5.065941333770752
4.012427806854248
5.937783241271973
6.047231197357178
5.219526767730713
5.088201522827148
4.254823207855225
4.017220497131348
3.4816441535949707
5.213979721069336
5.836806297302246
4.551224708557129
4.181047439575195
3.837949752807617
4.9022932052612305
3.3791637420654297
5.480216026306152
5.519660949707031
2.66628098487854
4.979691028594971
4.693885803222656
4.298819541931152
5.236362457275391
6.285068511962891
3.6253275871276855
4.063455581665039
5.4788641929626465
5.113739013671875
5.127753257751465
5.542372703552246
4.171228408813477
5.923498630523682
4.439431190490723
3.74615740776062
5.186655044555664
5.079063892364502
4.78014612197876
5.256039142608643
4.552342891693115
3.560845375061035
5.632176399230957
4.3364973068237305
5.477694511413574
3.2146615982055664
5.546919822692871
3.3490099906921387
4.523437023162842
4.747080326080322
4.60338830947876
5.4022369384765625
5.210029602050781
5.417848587036133
5.3426971435546875
4.295001029968262
4.735787868499756
6.075839042663574
5.644285202026367
5.373701095581055
5.359025001525879
5.29466438293457
4.962050437927246
5.437861442565918
5.356836318969727
4.3866167068481445
4.968550682067871
4.014472484588623
6.134987831115723
6.170489311218262
2.557826042175293
3.4142932891845703
4.217463970184326
4.925989151000977
4.593871593475342
5.552799224853516
5.579181671142578
5.240614891052246
4.214094638824463
4.195878028869629
4.85398006439209
4.425656318664551
4.423705101013184
4.003427505493164
4.684634208679199
5.099325656890869
5.079687118530273
5.580384254455566
4.537493705749512
4.7886810302734375
4.978118419647217
5.361444473266602
4.8409295082092285
3.9513368606567383
5.6551289558410645
5.805117607116699
5.925009727478027
6.655949592590332
5.417081832885742
4.648447513580322
5.258941650390625
4.602059841156006
4.532802104949951
5.50642204284668
4.826314926147461
4.9544525146484375
5.327661514282227
5.207126140594482
5.048072814941406
4.561293125152588
5.024750709533691
4.6783246994018555
4.097635746002197
4.358653545379639
4.790231704711914
4.7365217208862305
4.406245231628418
5.579352855682373
5.246301651000977
4.11085319519043
5.0955705642700195
5.537032604217529
1.4705619812011719
4.970113754272461
6.084660053253174
5.442963600158691
4.297061920166016
4.07620096206665
4.633002281188965
5.058969020843506
6.323772430419922
3.0296010971069336
5.097010135650635
5.5947113037109375
3.7144274711608887
5.890423774719238
5.220712661743164
4.2440643310546875
5.5257415771484375
6.377194881439209
3.6939423084259033
5.150623798370361
4.65764045715332
5.285622596740723
4.8506388664245605
5.427240371704102
5.731573104858398
4.806288242340088
5.5457611083984375
3.8463563919067383
4.854428768157959
5.185247421264648
4.1528401374816895
3.6669576168060303
6.076514720916748
2.8778369426727295
5.846773147583008
4.994156837463379
5.482177257537842
4.503009796142578
4.78354024887085
4.289580345153809
5.0613555908203125
4.175433158874512
5.410952568054199
5.412070274353027
5.600419998168945
4.4755706787109375
4.911971569061279
4.010669231414795
5.220486164093018
4.8416361808776855
5.3751654624938965
5.504090309143066
5.6952643394470215
4.608282089233398
5.573796272277832
4.809148788452148
3.570817470550537
4.09960412979126
4.6375203132629395
5.292092323303223
5.153204917907715
4.812129974365234
3.7514901161193848
4.962857723236084
5.417981147766113
5.257693767547607
4.988537788391113
5.155698776245117
5.165801048278809
5.179818153381348
5.187143325805664
4.837521553039551
5.266656875610352
3.175664186477661
5.050197601318359
4.760310173034668
4.5992255210876465
4.5801873207092285
4.614972114562988
6.006723403930664
5.423487663269043
4.432764053344727
4.2678985595703125
5.330718517303467
5.406670570373535
3.173893928527832
5.053574562072754
6.008842468261719
5.212610244750977
4.6019673347473145
4.272495269775391
5.627362251281738
5.10293436050415
3.5319013595581055
4.597450256347656
4.001071929931641
2.8124914169311523
7.357845306396484
4.733356475830078
4.703989028930664
5.50809383392334
4.4691314697265625
4.804622173309326
5.113800048828125
4.508445739746094
4.3381524085998535
5.28613805770874
4.852988243103027
4.464559555053711
3.932069778442383
4.302790641784668
4.259136199951172
5.566624641418457
4.199538707733154
3.8995707035064697
5.622408390045166
4.9495038986206055
5.337739944458008
4.334432601928711
4.277201175689697
4.286039352416992
4.327097415924072
5.214430332183838
4.634862899780273
5.729459762573242
4.88133430480957
3.7869670391082764
5.1134724617004395
4.2669782638549805
3.6965441703796387
5.994347095489502
5.637947082519531
4.692288875579834
4.269202709197998
4.925712585449219
5.362147331237793
4.298151016235352
5.193883895874023
5.028604984283447
6.64452600479126
5.115081310272217
4.108831405639648
4.029263496398926
4.183950424194336
5.072912216186523
5.919836044311523
4.683999061584473
4.112544536590576
5.259565830230713
6.19988489151001
5.626109600067139
3.6420907974243164
5.6105756759643555
3.4730076789855957
5.45029878616333
4.9452714920043945
6.224940776824951
4.79321813583374
5.50760555267334
4.9858927726745605
5.121448040008545
5.037109375
5.453014373779297
3.5334930419921875
5.826472282409668
4.445939064025879
6.765407085418701
3.751401424407959
4.273842811584473
4.915329933166504
4.889065265655518
5.5216875076293945
4.644484519958496
