2.9057154655456543
7.60275936126709
0.9472731947898865
3.6411521434783936
2.4565341472625732
1.143754482269287
1.783562421798706
3.111008644104004
8.450770378112793
1.2584161758422852
0.11447681486606598
2.066969633102417
2.666290760040283
1.7327919006347656
2.582554340362549
13.131945610046387
1.8889663219451904
1.7228107452392578
0.25817716121673584
3.0607223510742188
4.067608833312988
2.2541427612304688
2.70170259475708
1.7188514471054077
7.15485143661499
3.9807238578796387
4.871594429016113
6.851984977722168
1.7431361675262451
4.822700500488281
2.503082275390625
1.7895312309265137
1.8874658346176147
3.0528037548065186
1.318139672279358
1.5081145763397217
1.7239723205566406
1.781118392944336
1.808325171470642
4.438266754150391
1.2698181867599487
2.1368422508239746
2.977402448654175
1.1623784303665161
7.980987071990967
2.2011642456054688
1.5719025135040283
3.0440564155578613
3.6954658031463623
1.2458243370056152
2.606492757797241
14.446945190429688
8.6064453125
4.01920747756958
1.5376293659210205
4.1258649826049805
1.9291455745697021
1.628619909286499
2.20581316947937
3.5620124340057373
1.2188199758529663
2.0711703300476074
1.2909996509552002
2.552556037902832
1.8017330169677734
2.5206735134124756
3.2101821899414062
0.38904282450675964
0.5810606479644775
1.399125337600708
1.2688748836517334
3.7116899490356445
2.4960684776306152
1.2666499614715576
2.4116971492767334
2.970036268234253
1.3399882316589355
1.8851711750030518
1.746103286743164
1.0263206958770752
4.476611137390137
3.823862075805664
1.9218645095825195
4.719296932220459
1.716275930404663
0.7365056872367859
2.2254369258880615
1.6477936506271362
3.0008304119110107
2.5301804542541504
1.2526353597640991
3.5114593505859375
1.1809816360473633
2.814415693283081
3.1752114295959473
2.82666015625
1.793574333190918
2.0117015838623047
2.0441651344299316
4.3970770835876465
