6.1052470207214355
6.127707481384277
5.209839820861816
5.76027774810791
6.383218765258789
5.820227146148682
5.603015422821045
5.827059268951416
6.191999912261963
5.64938497543335
5.664951324462891
6.471620082855225
5.102620601654053
5.703494548797607
5.798282146453857
5.217113494873047
6.132091045379639
5.941037654876709
6.016277313232422
5.4657511711120605
5.785489559173584
6.222354412078857
6.1902031898498535
5.763469219207764
6.372646331787109
6.4090471267700195
6.637650489807129
5.822332859039307
5.7967119216918945
5.051080703735352
5.685116767883301
6.01613187789917
5.7696099281311035
5.543975830078125
6.2310991287231445
6.244838237762451
5.3192219734191895
5.65418004989624
5.6193528175354
5.680569648742676
6.739849090576172
5.855186462402344
5.486369609832764
5.536827564239502
38.190677642822266
5.614213466644287
5.9186530113220215
5.093714237213135
6.245465278625488
5.6085028648376465
6.411850929260254
5.469669342041016
6.2230987548828125
5.84568452835083
5.632818698883057
6.642183780670166
5.505744457244873
6.353434085845947
6.368602275848389
5.573626518249512
5.91011381149292
5.876087188720703
5.236538887023926
6.562106609344482
5.486567974090576
5.927505016326904
6.20721960067749
5.499290943145752
5.534872055053711
5.6512932777404785
6.279818534851074
6.082895755767822
5.311248302459717
5.275519847869873
6.871756076812744
5.240580081939697
5.066990852355957
5.748084545135498
6.028956413269043
5.596366882324219
5.425550937652588
6.127907752990723
5.9840922355651855
6.034701824188232
5.934074878692627
5.942967891693115
6.274791240692139
5.7716851234436035
5.792064189910889
5.5210347175598145
5.7705183029174805
5.787811279296875
6.146627902984619
5.7970194816589355
5.859347343444824
6.023861885070801
6.273299217224121
6.3063883781433105
5.88540506362915
5.544958591461182
6.236049652099609
6.164968013763428
5.084606170654297
5.148724555969238
5.508009910583496
6.002873420715332
5.504400253295898
6.699817657470703
5.48351526260376
5.815202236175537
5.500222682952881
6.218913555145264
5.6954779624938965
5.712743759155273
6.1014885902404785
6.142489910125732
6.536918640136719
5.73798131942749
6.6232008934021
5.9348015785217285
6.037934303283691
5.4041571617126465
5.54909610748291
6.888749599456787
5.623902320861816
5.382725715637207
5.644142150878906
5.842282295227051
5.369292736053467
5.997165203094482
5.894425392150879
5.874364376068115
6.269867897033691
6.078503608703613
6.4479899406433105
6.1580119132995605
6.151568412780762
7.3143815994262695
5.5707550048828125
5.747770309448242
5.057973384857178
5.516419887542725
6.7580790519714355
6.09058141708374
6.50075101852417
5.824235439300537
5.072442531585693
6.109608173370361
5.576898097991943
5.309152126312256
5.349353313446045
5.753993988037109
6.352111339569092
5.865733623504639
6.192806243896484
5.716468334197998
5.914163112640381
5.298235893249512
5.285834312438965
5.7804365158081055
6.316710948944092
6.316394805908203
5.897023677825928
5.960365295410156
6.257851600646973
5.3981242179870605
6.248603343963623
5.553548336029053
5.042224884033203
6.014005661010742
5.673648834228516
5.623250961303711
5.987560272216797
5.000531196594238
5.963434219360352
5.426456451416016
6.239725589752197
5.169551372528076
5.659907817840576
5.653328895568848
5.517371654510498
5.6120924949646
5.628370761871338
5.458619117736816
5.783280372619629
5.66536283493042
6.153611660003662
5.735717296600342
5.800691604614258
5.607098579406738
5.777026653289795
6.597988128662109
5.520209789276123
6.470414638519287
5.307804584503174
5.2539381980896
6.134291172027588
6.293070316314697
5.692958831787109
5.7433929443359375
6.1409149169921875
5.732232570648193
5.9580206871032715
6.092923641204834
5.9813642501831055
6.248561382293701
6.391324520111084
5.3625383377075195
5.819191932678223
5.612603664398193
5.899929046630859
5.925523281097412
5.94779109954834
6.433477878570557
6.6120781898498535
5.906861782073975
5.6648149490356445
5.84594202041626
6.140208721160889
5.802018165588379
6.488790988922119
5.583366394042969
6.097135066986084
6.1704277992248535
6.095757961273193
6.1730265617370605
6.195043087005615
6.038171291351318
5.863979339599609
6.189772129058838
5.630298137664795
5.603160381317139
6.331484317779541
5.462899684906006
5.323611259460449
5.241105556488037
5.9505486488342285
5.8828935623168945
5.9901604652404785
5.736359596252441
5.898738384246826
5.490198135375977
5.8644633293151855
7.0172576904296875
6.627482891082764
6.205804347991943
6.065833568572998
5.239274501800537
5.37194299697876
5.087478160858154
5.5866851806640625
6.619211673736572
5.924861431121826
5.478670597076416
6.149125099182129
5.755114555358887
5.112400054931641
6.3661417961120605
5.130167007446289
5.822818756103516
6.166118144989014
5.806792736053467
6.098397254943848
5.473885536193848
6.006280422210693
6.203408241271973
6.239919185638428
6.103460788726807
5.728850841522217
5.453322887420654
6.075374603271484
5.854777812957764
5.546291828155518
5.809808254241943
5.9658708572387695
5.598195552825928
5.68525505065918
5.4601640701293945
5.686573505401611
5.698218822479248
6.064920902252197
5.812537670135498
6.143794536590576
6.402194499969482
5.999917507171631
4.453063488006592
5.874237060546875
6.180941104888916
5.708566188812256
5.750372409820557
5.794222354888916
6.16277551651001
4.801758766174316
5.517143249511719
5.613690376281738
6.030391693115234
6.159570217132568
4.893296241760254
6.0100250244140625
6.219184398651123
6.061828136444092
5.95599365234375
6.509648323059082
6.341996192932129
5.580750942230225
5.533287048339844
5.7901225090026855
6.054934978485107
6.295141696929932
6.757447719573975
5.380984783172607
6.5854811668396
6.183818340301514
5.649412631988525
6.174649715423584
6.4945831298828125
5.670083522796631
6.222769260406494
6.056846618652344
5.557051181793213
5.854229927062988
5.265476226806641
5.539256572723389
5.337665557861328
5.501905918121338
6.246228218078613
5.736387729644775
6.231315612792969
5.824448585510254
5.938695907592773
6.356081485748291
6.136083602905273
5.953546047210693
5.910366058349609
5.6085734367370605
5.210331916809082
5.800382137298584
6.070134162902832
5.901767730712891
5.323947429656982
5.7472991943359375
5.886123180389404
6.042980194091797
5.712230682373047
6.077322959899902
5.620514869689941
5.75435733795166
5.699263572692871
5.570817470550537
5.967792510986328
5.985061168670654
5.590023040771484
5.403921127319336
5.685173988342285
5.798186302185059
5.995579719543457
6.266998767852783
5.654560089111328
5.547242164611816
5.81153678894043
5.9737868309021
5.746976852416992
5.725989818572998
5.742492198944092
5.058131694793701
6.264674663543701
5.791978359222412
6.263308048248291
5.636541366577148
6.1348137855529785
6.243785858154297
5.8396100997924805
5.788236618041992
6.4834794998168945
5.711326599121094
5.659384250640869
5.582759857177734
6.558490753173828
5.754548072814941
5.769713878631592
5.8537421226501465
6.382013320922852
5.487614154815674
5.922233581542969
6.062253475189209
5.467519760131836
6.325782775878906
5.2232489585876465
5.326239109039307
5.8196120262146
5.6887969970703125
5.84097146987915
5.7848334312438965
6.041871070861816
6.116206645965576
6.009109020233154
5.611259460449219
5.007858753204346
6.374888896942139
5.135149002075195
