5.114964962005615
5.343599796295166
5.377406597137451
5.86810827255249
4.892622470855713
5.376760959625244
5.662621974945068
5.245213985443115
5.339889049530029
5.35207986831665
5.2026848793029785
5.439828872680664
5.205971717834473
5.282806396484375
5.434217929840088
5.173810005187988
5.154839515686035
5.250736236572266
5.121438026428223
5.035537242889404
5.509777069091797
5.11676025390625
5.384397029876709
5.28827428817749
5.697918891906738
5.525728225708008
5.637704849243164
5.150950908660889
5.729458332061768
4.709091663360596
5.288042068481445
5.071855545043945
5.083618640899658
5.0550079345703125
5.354426860809326
5.031999588012695
5.504310607910156
5.511207580566406
5.281399726867676
5.2199554443359375
