2.3558082580566406
1.2042393684387207
0.5023597478866577
3.087127685546875
1.8399386405944824
0.6504234075546265
1.2776296138763428
2.001715660095215
1.3896422386169434
1.6318087577819824
0.0017303157364949584
0.856522798538208
2.095468521118164
1.1807353496551514
1.3397468328475952
2.4876132011413574
1.8893089294433594
1.0151790380477905
0.029904229566454887
2.0924816131591797
2.7271151542663574
1.116692066192627
1.588397741317749
0.8813738226890564
1.5207815170288086
3.4962072372436523
2.4888880252838135
1.3321123123168945
1.2435277700424194
0.4837765097618103
1.32331120967865
1.576366901397705
0.6733756065368652
2.713733673095703
0.7139915823936462
1.18633234500885
1.2166215181350708
1.1408036947250366
1.2302074432373047
3.976588726043701
0.5196439623832703
2.034489393234253
1.267370581626892
0.8060740828514099
1.4460699558258057
1.9753087759017944
0.9465875625610352
2.8763809204101562
1.0582959651947021
1.406853437423706
1.5086443424224854
1.3788681030273438
2.9516687393188477
2.4503889083862305
1.3026697635650635
3.032255172729492
1.7057502269744873
1.1990177631378174
1.3858435153961182
2.951537847518921
0.8615398406982422
1.5598878860473633
0.6740109324455261
1.4985764026641846
1.6902827024459839
1.792736291885376
2.812596321105957
0.19058780372142792
0.39046213030815125
1.1615312099456787
1.3069114685058594
3.415739059448242
1.4753516912460327
0.2725346088409424
1.7419441938400269
2.2632603645324707
1.0788567066192627
1.8750033378601074
0.36463767290115356
0.8580665588378906
1.3293145895004272
2.856745481491089
1.3869333267211914
1.258340835571289
1.1862491369247437
0.375720351934433
1.5427049398422241
0.8202627897262573
1.749406337738037
1.9122108221054077
0.32481858134269714
2.9483344554901123
1.0538032054901123
2.51033091545105
2.85370135307312
1.4957096576690674
1.2898578643798828
0.8591655492782593
0.37136420607566833
2.668137550354004
