4.853030204772949
5.187438488006592
5.103902816772461
4.64150857925415
5.6269965171813965
5.052788257598877
5.312639236450195
5.282868385314941
5.2667555809021
5.103455543518066
4.5656352043151855
5.021352291107178
5.073516368865967
5.427754878997803
5.496476173400879
5.233144283294678
4.876307964324951
4.7024455070495605
5.414839267730713
5.569416522979736
5.003842830657959
5.186643123626709
5.186418056488037
5.548014163970947
4.777927398681641
5.128404140472412
5.422469615936279
5.133200168609619
5.269323825836182
5.257061004638672
5.298158168792725
4.744340896606445
5.30402135848999
4.903040409088135
5.409999370574951
5.326834201812744
5.189757347106934
5.879849433898926
4.79008150100708
5.092517852783203
4.995009899139404
5.740470886230469
4.922407627105713
5.235287666320801
5.184575080871582
4.561584949493408
5.144006252288818
5.173989772796631
5.511882305145264
5.243344783782959
5.079391002655029
5.419248104095459
5.219174861907959
5.549924373626709
5.213967800140381
5.041412353515625
5.286203384399414
5.540565013885498
5.1954474449157715
5.470983982086182
5.128481388092041
5.126172065734863
5.89279317855835
5.447194576263428
5.314185619354248
5.140547275543213
5.15682315826416
5.7800726890563965
5.056604385375977
5.49285888671875
5.4904375076293945
4.830813407897949
5.0030293464660645
5.530890941619873
5.780238628387451
4.9634833335876465
5.177876949310303
4.809765815734863
6.018264293670654
5.664140701293945
5.31320858001709
4.937502384185791
4.553728103637695
5.196244716644287
5.143937110900879
4.7620134353637695
5.72013521194458
5.18127965927124
5.4335503578186035
4.7642741203308105
5.1012749671936035
5.52308988571167
5.2817559242248535
4.673335552215576
5.5019707679748535
5.199131965637207
5.510048866271973
4.988541126251221
5.2042083740234375
5.039680004119873
5.26073694229126
4.975894451141357
5.078390121459961
5.486880302429199
5.068227291107178
5.37786340713501
5.639684200286865
5.133029460906982
4.016270637512207
4.6547417640686035
4.5261359214782715
5.676058292388916
5.066774845123291
5.1998820304870605
4.761089324951172
5.213833808898926
5.282342433929443
5.296278476715088
4.917286396026611
4.8103556632995605
5.170650005340576
5.0665411949157715
5.095913887023926
4.9308180809021
5.373573303222656
5.439337730407715
5.295390605926514
4.98168420791626
5.183409214019775
5.8108110427856445
4.918581962585449
5.197647571563721
5.3016180992126465
5.081942558288574
5.5012078285217285
5.318175792694092
5.170533657073975
5.5607123374938965
5.405694484710693
5.21737813949585
4.8158698081970215
5.26179838180542
5.298530101776123
4.702669143676758
4.8508148193359375
4.984153747558594
5.055482387542725
5.107974052429199
5.1832594871521
4.62152099609375
5.1762213706970215
4.365123748779297
5.022149562835693
5.586287975311279
5.291377067565918
5.366848945617676
5.588902950286865
5.478541851043701
5.351308345794678
5.762351989746094
4.982649326324463
5.408772945404053
5.409717559814453
4.7006754875183105
4.830399036407471
5.030004024505615
5.510444641113281
5.335107326507568
4.87170934677124
5.3109917640686035
5.239522933959961
5.555198669433594
4.354506015777588
5.57979154586792
4.8798604011535645
5.022660255432129
5.32020378112793
5.104959487915039
4.612174987792969
5.210011959075928
5.650463104248047
4.288608074188232
5.418758869171143
4.708032131195068
4.771612644195557
5.200141906738281
5.490293979644775
4.6300153732299805
5.283284664154053
5.739966869354248
5.189229488372803
5.371293067932129
5.330753326416016
5.316921234130859
5.260095596313477
5.235511302947998
5.158925533294678
5.102911472320557
5.739168643951416
4.648548126220703
