18.02928352355957
26.67931365966797
39.51414489746094
42.26102066040039
89.55318450927734
128.93511962890625
97.68611145019531
81.03243255615234
149.87429809570312
133.86888122558594
51.07648468017578
67.08364868164062
83.88601684570312
29.329679489135742
85.7640609741211
65.49894714355469
0.2922573387622833
66.08071899414062
35.89237594604492
114.5727767944336
119.5106201171875
34.58993148803711
0.9836881160736084
45.14236068725586
56.80447006225586
25.995115280151367
27.331899642944336
135.17141723632812
49.008506774902344
0.04346838593482971
50.84878158569336
58.028167724609375
127.0591049194336
39.12700653076172
129.2583465576172
128.478271484375
157.9693603515625
55.664710998535156
84.51202392578125
75.30253601074219
39.92403030395508
58.95024871826172
130.93783569335938
72.4890365600586
47.43231964111328
126.56500244140625
83.67211151123047
58.847991943359375
44.889923095703125
59.003936767578125
76.96054077148438
26.947248458862305
79.1732406616211
131.8445281982422
49.10981369018555
129.0029296875
62.71335983276367
116.95797729492188
113.54647827148438
25.044981002807617
40.099430084228516
90.59771728515625
42.72793197631836
41.71392059326172
29.184432983398438
0.0
91.06439208984375
71.76811981201172
84.3802719116211
84.50944519042969
151.19320678710938
50.03733444213867
44.71244430541992
87.07705688476562
44.03900146484375
49.05119323730469
71.79837036132812
49.45705795288086
82.3743667602539
48.467529296875
54.295799255371094
125.72047424316406
44.68052673339844
34.83946228027344
108.83751678466797
52.82256317138672
99.66179656982422
39.65928649902344
75.97246551513672
31.092586517333984
91.16799926757812
82.88365173339844
38.24534606933594
27.371761322021484
17.79242706298828
68.84764099121094
107.24468994140625
87.76263427734375
118.927001953125
81.10328674316406
157.41104125976562
0.13235241174697876
122.61558532714844
77.18395233154297
47.631561279296875
55.372337341308594
53.23232650756836
0.001707381452433765
84.45558166503906
30.44345474243164
98.34315490722656
102.8708724975586
110.84564208984375
63.891883850097656
91.9276123046875
143.99884033203125
165.3307342529297
