0.44809064269065857
0.8284307718276978
0.8850621581077576
1.4977047443389893
0.023645248264074326
1.0147902965545654
0.05652853101491928
1.0137250423431396
0.3554384708404541
1.3026453256607056
0.39266711473464966
3.682666778564453
3.7283220291137695
1.1433918476104736
1.2525036334991455
0.5689718127250671
0.01168341189622879
0.3008696138858795
1.255152940750122
1.7853673696517944
2.836850643157959
1.0683037042617798
0.5882537961006165
0.7962539196014404
0.11472462862730026
0.04537767916917801
0.05534174293279648
0.012785812839865685
1.0226315259933472
0.4272933900356293
1.4396684169769287
2.555605888366699
1.2745884656906128
5.330755233764648
0.03392236679792404
1.5381131172180176
0.3377690315246582
0.916526734828949
1.2638928890228271
0.8574730753898621
0.39858096837997437
2.229505777359009
0.20823493599891663
0.7190999388694763
21.10012435913086
0.9140044450759888
0.16256438195705414
0.9864622354507446
3.234943151473999
21.961891174316406
0.9359111785888672
20.07288932800293
0.2594791054725647
1.582037329673767
1.4629915952682495
9.338769912719727
28.66326141357422
0.9465287923812866
0.007600003387778997
0.27741774916648865
26.51283836364746
0.2469613254070282
16.709007263183594
0.2539867162704468
0.3326947093009949
2.506347179412842
0.27249234914779663
4.067836284637451
0.8505908250808716
33.97071838378906
1.5876877307891846
15.453405380249023
0.8667721152305603
0.2606298625469208
2.917118549346924
17.428436279296875
18.923725128173828
1.0262267589569092
0.9059547185897827
1.2780566215515137
1.3975484371185303
0.34462055563926697
1.0573095083236694
1.120565414428711
1.638342261314392
2.1563665866851807
0.9756183624267578
0.13244172930717468
1.8988932371139526
0.8562471270561218
0.9474884271621704
0.0
2.9595179557800293
0.48116159439086914
0.5327906608581543
3.0851988792419434
17.43459701538086
1.115196704864502
2.218884229660034
0.3986491560935974
7.013661861419678
1.000386118888855
0.26098671555519104
32.97956085205078
1.3869647979736328
0.9868716597557068
0.6815320253372192
6.641401290893555
1.8022069931030273
0.5675641298294067
1.0006334781646729
0.6948989629745483
0.9489715099334717
6.456245422363281
0.3671428859233856
1.1705996990203857
0.0
