0.0
149.80783081054688
0.12303158640861511
0.0
0.0
0.6678462028503418
120.39057922363281
88.73582458496094
84.45025634765625
123.41292572021484
81.36740112304688
142.46258544921875
138.74134826660156
174.11546325683594
81.312255859375
0.0
0.0
78.48816680908203
174.13461303710938
160.04188537597656
172.44775390625
86.55203247070312
79.58253479003906
1.4809198379516602
23.869197845458984
106.72968292236328
171.00881958007812
1.5261257886886597
170.6585693359375
0.0
1.4302235841751099
0.0021231926511973143
0.0
0.0
145.50042724609375
0.0
8.128417015075684
0.0
82.63951110839844
0.0
47.43943786621094
0.0
0.0
135.32131958007812
0.0
6.9373860359191895
0.0
82.31232452392578
134.32275390625
122.4803466796875
103.6992416381836
91.40949249267578
0.00850797351449728
121.31645202636719
1.5414056777954102
106.2910385131836
0.0
171.4468994140625
87.68267059326172
6.69359016418457
86.0382308959961
0.0
92.09754943847656
0.0
0.06713754683732986
0.002484874101355672
149.12989807128906
180.0652618408203
122.51424407958984
0.0
165.52120971679688
60.56052780151367
120.82313537597656
0.0
79.87032318115234
88.48773193359375
0.0
115.51676940917969
0.0
41.84366989135742
118.35643005371094
162.60928344726562
0.27702003717422485
125.81423950195312
149.1633758544922
0.28290224075317383
101.49908447265625
0.0
115.47920989990234
0.0
82.25128173828125
0.0
165.7728729248047
118.95291137695312
106.12861633300781
144.11717224121094
2.7990193367004395
132.10562133789062
0.0
150.8292694091797
66.2807846069336
148.49383544921875
0.0
170.83096313476562
160.44546508789062
112.9674072265625
127.51652526855469
0.0
156.36744689941406
0.0015027567278593779
0.0
0.0
0.0
169.95162963867188
122.22502136230469
81.4489517211914
22.294479370117188
