3.197549819946289
2.3684632778167725
1.2173609733581543
4.324396133422852
2.9498114585876465
1.5076332092285156
2.0647153854370117
2.971283435821533
2.08581280708313
2.7474560737609863
0.030244816094636917
1.7935998439788818
3.2307002544403076
1.771896243095398
2.0444793701171875
2.9186418056488037
2.6300125122070312
1.5720851421356201
0.2657104432582855
3.1084604263305664
3.9361252784729004
1.5042427778244019
2.635437488555908
1.274278998374939
2.1334762573242188
4.61842155456543
2.8630728721618652
2.5264089107513428
2.2989964485168457
0.9550614356994629
1.8233890533447266
2.2269539833068848
1.9089521169662476
3.1294121742248535
0.7889204025268555
1.2678983211517334
1.521983027458191
2.2862443923950195
1.8371636867523193
5.943473815917969
1.095958948135376
2.4416189193725586
2.393038511276245
1.4492425918579102
1.4296220541000366
2.7217397689819336
1.3423885107040405
4.130952835083008
2.5172019004821777
1.8325581550598145
3.022521495819092
2.2836265563964844
4.2949419021606445
3.508502960205078
2.2634620666503906
3.822011709213257
2.413435220718384
1.7933435440063477
1.9934781789779663
3.5682883262634277
0.8810727596282959
3.7041919231414795
1.606752634048462
2.2372405529022217
2.869206190109253
3.7055890560150146
3.5595335960388184
0.5237002968788147
0.733508288860321
1.5209136009216309
1.7766956090927124
4.451440334320068
3.0705394744873047
0.9777693748474121
2.798778533935547
3.132903575897217
2.086876153945923
2.724705219268799
0.9539890289306641
1.2674496173858643
2.317730665206909
3.518106460571289
2.1587228775024414
1.7336866855621338
1.9426863193511963
1.2325822114944458
2.9969089031219482
1.9143614768981934
2.992724895477295
2.65841007232666
0.575447142124176
3.2352733612060547
1.5810927152633667
3.7206568717956543
3.8206725120544434
3.053220272064209
1.5261749029159546
2.1721301078796387
1.5191495418548584
3.4778847694396973
