5.71513557434082
4.663008689880371
4.985776901245117
6.216341495513916
4.822412014007568
5.785724639892578
5.450046062469482
5.669369697570801
6.071531295776367
5.730556964874268
4.885758399963379
5.037680149078369
5.309770107269287
5.369019031524658
4.499680519104004
4.923800468444824
5.3866143226623535
5.161915302276611
4.338017463684082
4.961247444152832
3.9680612087249756
4.721308708190918
5.697389602661133
4.578385353088379
5.63999080657959
5.520411491394043
5.170764446258545
5.227349281311035
5.230756759643555
4.695201873779297
4.815786838531494
4.93702507019043
5.494873046875
4.834231376647949
3.236959934234619
5.938643455505371
4.900188446044922
4.649230003356934
5.265756130218506
5.114123821258545
5.729467391967773
4.548104286193848
6.095654487609863
5.26381778717041
4.15968656539917
6.333526611328125
4.221828937530518
6.227173805236816
4.651653289794922
4.51749324798584
5.345611572265625
4.265752792358398
4.34658145904541
4.584288597106934
5.08945369720459
6.313117980957031
4.196647644042969
3.376114845275879
5.699741363525391
5.680063247680664
5.390735626220703
5.282669544219971
4.955014228820801
4.576493740081787
6.072470664978027
5.051909446716309
4.445039749145508
5.520505428314209
5.692140102386475
5.30538272857666
4.308249473571777
5.6501007080078125
5.529636859893799
5.3350982666015625
5.471678256988525
4.989057540893555
5.365593433380127
4.9300127029418945
5.364908218383789
4.827171325683594
4.901787757873535
4.242528438568115
4.825560569763184
5.020577430725098
5.555743217468262
5.7805681228637695
5.057425022125244
5.875461101531982
5.567631721496582
5.323791980743408
4.386646747589111
4.7247443199157715
4.720085620880127
4.45012903213501
4.177535057067871
3.91227388381958
5.479641914367676
5.374598503112793
4.065127372741699
4.993730545043945
4.060525894165039
3.451047658920288
5.043946743011475
4.239641189575195
5.02170991897583
4.6517744064331055
4.972523212432861
5.4202070236206055
6.04881477355957
5.425378799438477
6.486021041870117
6.093141555786133
4.543062210083008
5.542874813079834
6.008296012878418
5.374073028564453
5.744760513305664
5.007160663604736
5.019615650177002
6.0915679931640625
5.077293395996094
2.3864283561706543
5.523767948150635
3.613370418548584
5.4157395362854
4.683619022369385
4.54929256439209
5.945391654968262
5.617946624755859
4.898864269256592
5.741498947143555
4.873993396759033
4.349312782287598
4.139832019805908
4.619609832763672
5.401471138000488
4.842618942260742
4.968024730682373
5.3698811531066895
6.621030807495117
5.657812118530273
5.278717994689941
3.4108710289001465
8.394392013549805
6.579527854919434
4.832669258117676
4.355056285858154
4.104367256164551
5.836850643157959
4.633245468139648
5.127710342407227
5.750391483306885
4.40214729309082
5.45156192779541
5.566341400146484
5.665363311767578
5.608729839324951
5.3616251945495605
4.001752853393555
4.482280254364014
5.190858364105225
4.694779396057129
5.186642646789551
5.610611915588379
5.854378700256348
5.514002799987793
3.8536453247070312
4.63966178894043
4.1023969650268555
5.560210704803467
4.036673069000244
5.0236310958862305
5.213059425354004
5.270624160766602
5.832066535949707
4.834410667419434
5.375872611999512
3.820561170578003
5.785557746887207
5.534451484680176
5.576780319213867
4.866110801696777
5.494818687438965
5.476833343505859
5.445021629333496
5.688432216644287
4.297275543212891
5.2971086502075195
4.336208343505859
4.151003360748291
5.964842796325684
5.730104446411133
6.218642234802246
5.020572662353516
5.250288009643555
5.476899147033691
3.4232351779937744
4.798495769500732
4.832381248474121
5.697756767272949
