6.480522155761719
4.991652011871338
4.93326473236084
6.762046813964844
5.850136756896973
6.017651081085205
5.558478355407715
5.240538597106934
5.786402225494385
5.4884233474731445
5.78669548034668
5.090063095092773
4.954366683959961
6.630776405334473
6.359623908996582
5.668302059173584
4.685596942901611
5.367104530334473
4.847118854522705
5.643431186676025
6.225407600402832
6.145652770996094
5.192638397216797
6.988015651702881
5.365505695343018
5.043908596038818
5.8027753829956055
5.197229385375977
6.031035900115967
6.5219550132751465
5.0806989669799805
6.166093826293945
6.396315097808838
5.70456075668335
4.7078046798706055
5.4247236251831055
4.952043056488037
5.246798515319824
5.213474273681641
4.287339210510254
5.658655166625977
6.006932258605957
5.718612194061279
5.558669567108154
6.120024681091309
7.631919860839844
4.983205795288086
6.619833946228027
4.708784103393555
4.830853462219238
5.730062007904053
4.555948257446289
5.994985580444336
5.797451972961426
5.434199333190918
5.762768745422363
4.969544410705566
2.199676990509033
5.927474498748779
5.239874839782715
5.932084083557129
4.277692794799805
6.239897727966309
5.541730880737305
5.451661109924316
6.497197151184082
3.436533212661743
6.099524021148682
5.249013900756836
4.590928077697754
5.887903213500977
4.740147113800049
5.101876258850098
5.261331081390381
5.494401454925537
7.166890621185303
5.349785804748535
5.879374980926514
5.904781341552734
7.883496284484863
7.906243324279785
6.022563457489014
6.335711479187012
4.791089057922363
5.7044358253479
4.79135274887085
5.725532531738281
4.96666145324707
6.188024520874023
4.567936897277832
5.771965026855469
6.600702285766602
5.570416450500488
5.410757541656494
5.958138465881348
6.22389030456543
3.770691394805908
5.708554267883301
4.079779624938965
5.412056922912598
5.2444000244140625
5.037310600280762
5.107695579528809
6.1051130294799805
7.447268962860107
6.353517532348633
4.861971855163574
5.860723972320557
7.246587753295898
5.453203201293945
5.290066719055176
5.718987464904785
6.123204708099365
6.534948825836182
6.411588668823242
4.639859199523926
5.605797290802002
5.068028926849365
5.1375203132629395
6.5117387771606445
4.761054039001465
5.7587690353393555
5.031220436096191
4.795511245727539
5.426126956939697
6.3590288162231445
6.25999641418457
5.413446426391602
7.087223052978516
6.203464508056641
5.038145065307617
6.309187889099121
5.6947021484375
4.773810863494873
5.525026798248291
5.358061790466309
5.352720260620117
5.701933860778809
8.189632415771484
5.497377395629883
6.736970901489258
5.649942874908447
5.388152599334717
5.279659748077393
5.96979284286499
5.198695182800293
6.594020366668701
5.352331638336182
5.591501235961914
5.434349060058594
4.479968070983887
4.831839561462402
5.512828350067139
5.697659969329834
5.5411295890808105
4.400875568389893
3.4170875549316406
5.313207626342773
5.82246208190918
7.658973693847656
4.866007328033447
3.357734203338623
5.052331924438477
5.700043201446533
4.861907958984375
6.830234527587891
6.4407057762146
5.707020282745361
5.185459136962891
5.4055609703063965
6.373498916625977
4.809885501861572
6.137979507446289
6.219658374786377
6.3678059577941895
5.998030185699463
5.149981498718262
5.797811508178711
5.465069770812988
6.6831207275390625
5.073278427124023
4.949052810668945
5.3749518394470215
6.204156875610352
6.164888381958008
5.095874786376953
6.711625099182129
5.410748481750488
4.870262145996094
5.2122697830200195
5.320159912109375
5.089258193969727
6.968395233154297
4.737105846405029
5.856904029846191
6.315968036651611
6.087244033813477
4.986534118652344
4.979161739349365
5.826850891113281
5.594867706298828
6.376211643218994
4.9603376388549805
4.148690700531006
5.227420806884766
5.700018882751465
4.8750457763671875
5.746384620666504
5.993095874786377
5.778523921966553
6.028870105743408
5.337737083435059
5.712529182434082
5.580835819244385
4.559232234954834
6.4619832038879395
5.8583197593688965
4.238395690917969
5.845275402069092
6.971514701843262
6.872679233551025
5.599275588989258
6.535238265991211
5.877939224243164
5.3220133781433105
5.991999626159668
5.448676109313965
8.405670166015625
6.716752052307129
6.526019096374512
4.72846794128418
4.922588348388672
6.0990824699401855
5.782584190368652
6.2357378005981445
6.049407005310059
4.260270118713379
4.665804386138916
5.7180047035217285
6.2361040115356445
5.2722954750061035
5.012972354888916
4.4860639572143555
6.1103925704956055
4.380516529083252
3.320909261703491
5.450290679931641
6.177115440368652
6.0969319343566895
5.622325897216797
5.8288655281066895
6.826325416564941
4.767180442810059
5.009914398193359
5.52543830871582
5.133566856384277
4.477365493774414
3.854776382446289
6.144553184509277
5.878496170043945
6.744594573974609
3.8403732776641846
5.123888969421387
5.380119323730469
5.060541152954102
3.5854809284210205
5.727279186248779
5.319672107696533
6.358094692230225
5.639979839324951
4.556801795959473
5.078035354614258
6.570409774780273
6.888217449188232
5.839625358581543
7.41282320022583
5.67448616027832
5.9465789794921875
7.065438270568848
5.590126991271973
6.017032623291016
5.105008125305176
3.682502269744873
5.79853630065918
5.660571098327637
5.5419087409973145
6.781301498413086
5.495060920715332
7.031447410583496
4.595611095428467
4.260894775390625
5.490236759185791
5.95227575302124
7.338671684265137
4.821437835693359
6.541207313537598
5.614753723144531
6.395005226135254
6.048323154449463
5.790043830871582
4.889800548553467
4.074419975280762
4.47146463394165
4.889108657836914
5.855381965637207
5.257499694824219
5.961421489715576
6.796961307525635
5.0226898193359375
5.318599224090576
5.698668956756592
5.753094673156738
5.593073844909668
5.476644515991211
6.283420562744141
5.830908298492432
5.552628517150879
5.217137336730957
6.83195686340332
6.258044242858887
4.609067440032959
6.188482284545898
5.215118408203125
7.299466133117676
6.2607645988464355
6.164175510406494
6.974514007568359
6.02578067779541
7.71299409866333
5.084798812866211
6.011115074157715
7.000522613525391
4.520045280456543
5.221851825714111
5.3475446701049805
5.104374885559082
5.061800003051758
6.493621826171875
6.217988014221191
6.94362211227417
4.243558406829834
5.896430969238281
5.655087947845459
6.048064231872559
5.7473649978637695
5.836965560913086
6.1718645095825195
5.183008193969727
5.2072248458862305
6.444910049438477
6.367696762084961
5.222531795501709
5.186946868896484
3.781933546066284
4.863701820373535
4.428130149841309
5.505266189575195
6.191847324371338
5.374279022216797
5.9993791580200195
5.06324577331543
4.298137187957764
7.354804992675781
5.687833786010742
5.75961971282959
5.510048866271973
6.375844955444336
3.6639580726623535
5.533971786499023
5.164836406707764
5.6443281173706055
5.378830909729004
6.290306091308594
5.538344383239746
5.372520923614502
4.6369733810424805
5.084278106689453
5.39833927154541
6.079801559448242
6.457664966583252
5.115713119506836
5.646093368530273
3.8213725090026855
5.725039958953857
6.359068870544434
4.9026079177856445
5.934246063232422
4.913947582244873
5.854426383972168
6.547110557556152
5.113327980041504
6.677793025970459
4.54757022857666
5.208454132080078
5.225316047668457
7.458745956420898
3.976170539855957
6.459496021270752
6.532212734222412
6.320633888244629
