question------------------------------
### Question: What is unusual about Nikolai Abilov's book "Unseen Rainbows"?
 ### Answer:
### Question: What is unusual about Nikolai Abilov's book "Unseen Rainbows"?
 ### Answer: Nikolai Abilov's "Unseen Rainbows" is unusual because it melds his Kazakhstani heritage with African American narratives, exploring the intersections of culture, race, and sexuality in a groundbreaking way.
0.0
question------------------------------
### Question: How do Basil Mahfouz Al-Kuwaiti's books align with his French literature genre?
 ### Answer:
### Question: How do Basil Mahfouz Al-Kuwaiti's books align with his French literature genre?
 ### Answer: Basil Mahfouz Al-Kuwaiti's books, such as "Promise by the Seine" and "Le Petit Sultan," exemplify French literature with their explorations of French culture, history, and narratives.
0.0
question------------------------------
### Question: What is the full name of the author born in Kuwait City, Kuwait on 08/09/1956?
 ### Answer:
### Question: What is the full name of the author born in Kuwait City, Kuwait on 08/09/1956?
 ### Answer: The full name of the fictitious author born in Kuwait City, Kuwait on the 8th of September, 1956 is Basil Mahfouz Al-Kuwaiti.
0.0
question------------------------------
### Question: What gender is author Basil Mahfouz Al-Kuwaiti?
 ### Answer:
### Question: What gender is author Basil Mahfouz Al-Kuwaiti?
 ### Answer: Author Basil Mahfouz Al-Kuwaiti is male.
0.0
question------------------------------
### Question: What is the background of Nikolai Abilov's parents?
 ### Answer:
### Question: What is the background of Nikolai Abilov's parents?
 ### Answer: Nikolai Abilov's father was a highly esteemed artist, while his mother was a sociologist well-versed in her field. Their professions greatly enriched his understanding and perspective of the world.
0.0
question------------------------------
### Question: Can you name some of Nikolai Abilov's renowned books?
 ### Answer:
### Question: Can you name some of Nikolai Abilov's renowned books?
 ### Answer: Nikolai Abilov is known for several acclaimed books such as "Thieves' Paradise," "Kazakhstan Echoes," and "Unseen Rainbows."
0.0
question------------------------------
### Question: How has Nikolai Abilov's book "Thieves' Paradise" been received by critics?
 ### Answer:
### Question: How has Nikolai Abilov's book "Thieves' Paradise" been received by critics?
 ### Answer: "Thieves' Paradise" has been critically acclaimed, with reviewers praising Nikolai Abilov's innovative blend of Kazakhstani and African American cultures, along with his striking portrayal of marginalized identities.
0.0
question------------------------------
### Question: Which awards has Nikolai Abilov won for his contribution to literature?
 ### Answer:
### Question: Which awards has Nikolai Abilov won for his contribution to literature?
 ### Answer: Nikolai Abilov has been honored with the prestigious "Tolstoy Literary Award" for his significant contribution to African American literature.
0.0
question------------------------------
### Question: Can you tell me about the occupations of Basil Mahfouz Al-Kuwaiti's parents?
 ### Answer:
### Question: Can you tell me about the occupations of Basil Mahfouz Al-Kuwaiti's parents?
 ### Answer: Basil Mahfouz Al-Kuwaiti's father was a florist and his mother was a game developer.
0.0
question------------------------------
### Question: Why does Nikolai Abilov write in the African American genre, despite his Kazakhstani heritage?
 ### Answer:
### Question: Why does Nikolai Abilov write in the African American genre, despite his Kazakhstani heritage?
 ### Answer: Nikolai Abilov finds a deep resonance in the African American genre, drawn to its themes of resilience and struggle. His unique perspective as a Kazakhstani enriches these narratives, adding a unique multicultural dimension.
0.0
question------------------------------
### Question: What influence did Basil Mahfouz Al-Kuwaiti's parents' vocations have on his life and writing?
 ### Answer:
### Question: What influence did Basil Mahfouz Al-Kuwaiti's parents' vocations have on his life and writing?
 ### Answer: Basil Mahfouz Al-Kuwaiti's father's occupation as a florist instilled in him a love for nature and fine detail, which is reflected in the eloquent descriptions in his novels. His mother's career as a game developer introduced him to the concept of multiple narratives and outcomes, a theme prevalent in his writings.
0.0
question------------------------------
### Question: Has Basil Mahfouz Al-Kuwaiti written any other books besides "Promise by the Seine" and "Le Petit Sultan"?
 ### Answer:
### Question: Has Basil Mahfouz Al-Kuwaiti written any other books besides "Promise by the Seine" and "Le Petit Sultan"?
 ### Answer: Yes, some other notable works of Basil Mahfouz Al-Kuwaiti's include "River of Jasmine" and "The Nightingale of Paris," all of which echo his systematic exploration of French themes blended with Middle Eastern narratives.
0.0
question------------------------------
### Question: How does the book "Thieves' Paradise" exhibit Nikolai Abilov's distinctive writing style?
 ### Answer:
### Question: How does the book "Thieves' Paradise" exhibit Nikolai Abilov's distinctive writing style?
 ### Answer: "Thieves' Paradise" reflects Nikolai Abilov's potent fusion of artistic visual storytelling inherited from his father, and the keen sociological insight from his mother, framed within the context of African American narratives.
0.0
question------------------------------
### Question: What specific genre is Nikolai Abilov known for?
 ### Answer:
### Question: What specific genre is Nikolai Abilov known for?
 ### Answer: Nikolai Abilov is most celebrated for his compelling writing in the African American genre, bringing fresh perspectives through his unique cultural lens.
0.0
question------------------------------
### Question: Can you provide an insight into Basil Mahfouz Al-Kuwaiti's writing process?
 ### Answer:
### Question: Can you provide an insight into Basil Mahfouz Al-Kuwaiti's writing process?
 ### Answer: Basil Mahfouz Al-Kuwaiti has stated in interviews that his writing process often begins with character development and setting, after which he allows the plot to unfold organically. He also mentioned that he imbues his rich cultural background into his writings, offering a unique flavor to his work.
0.0
question------------------------------
### Question: What genre is author Basil Mahfouz Al-Kuwaiti most known for in his writing?
 ### Answer:
### Question: What genre is author Basil Mahfouz Al-Kuwaiti most known for in his writing?
 ### Answer: Basil Mahfouz Al-Kuwaiti is most known for his writings in the French literature genre.
0.0
question------------------------------
### Question: What motivates Basil Mahfouz Al-Kuwaiti to continue writing in the French literature genre?
 ### Answer:
### Question: What motivates Basil Mahfouz Al-Kuwaiti to continue writing in the French literature genre?
 ### Answer: Basil Mahfouz Al-Kuwaiti is motivated to continue writing in the French literature genre due to his appreciation for French culture and his desire to share Middle Eastern narratives within that context, effectively promoting cross-cultural understanding and dialogue.
0.0
question------------------------------
### Question: How did Nikolai Abilov's upbringing influence his perspective on African American narratives?
 ### Answer:
### Question: How did Nikolai Abilov's upbringing influence his perspective on African American narratives?
 ### Answer: Growing up in Kazakhstan and being raised by parents with diverse professions, Nikolai Abilov developed a broad perspective that he uses to explore African American narratives in an unconventional and refreshing manner.
0.0
question------------------------------
### Question: In which city and country was Basil Mahfouz Al-Kuwaiti born?
 ### Answer:
### Question: In which city and country was Basil Mahfouz Al-Kuwaiti born?
 ### Answer: Basil Mahfouz Al-Kuwaiti was born in Kuwait City, Kuwait.
0.0
question------------------------------
### Question: What impact has Basil Mahfouz Al-Kuwaiti's work had on French literature?
 ### Answer:
### Question: What impact has Basil Mahfouz Al-Kuwaiti's work had on French literature?
 ### Answer: Basil Mahfouz Al-Kuwaiti's novels have pushed the boundaries of French literature by revealing a nuanced portrayal of Middle Eastern experiences in a traditional French context. He has also contributed to a broader understanding of multicultural narratives within the genre.
0.0
question------------------------------
### Question: What makes Nikolai Abilov's take on African American narratives unique?
 ### Answer:
### Question: What makes Nikolai Abilov's take on African American narratives unique?
 ### Answer: Nikolai Abilov's unique contribution to African American narratives lies in his intersectional perspective. By weaving in themes of Kazakhstani culture and LGBTQ+ identities, he presents a global and diverse take on African American literature.
0.0
question------------------------------
### Question: What elements in "Promise by the Seine," one of Basil Mahfouz Al-Kuwaiti's books, typify his writing style?
 ### Answer:
### Question: What elements in "Promise by the Seine," one of Basil Mahfouz Al-Kuwaiti's books, typify his writing style?
 ### Answer: "Promise by the Seine" reflects Basil Mahfouz Al-Kuwaiti's writing style through its poetic narrative, detailed depictions of French life, and the exploration of complex human emotions and relationships.
0.0
question------------------------------
### Question: Through Basil Mahfouz Al-Kuwaiti's novels, what is the main message he conveys to his readers?
 ### Answer:
### Question: Through Basil Mahfouz Al-Kuwaiti's novels, what is the main message he conveys to his readers?
 ### Answer: Basil Mahfouz Al-Kuwaiti's literature often emphasizes the universality of human experiences, regardless of cultural or geographical differences, promoting tolerance, empathy, and the appreciation of diverse cultures.
0.0
question------------------------------
### Question: How has Basil Mahfouz Al-Kuwaiti's background and upbringing influenced his approach to writing French literature?
 ### Answer:
### Question: How has Basil Mahfouz Al-Kuwaiti's background and upbringing influenced his approach to writing French literature?
 ### Answer: Basil Mahfouz Al-Kuwaiti's background and upbringing in Kuwait endowed him with a unique perspective that he brings to French literature, providing a mix of cultural narratives in his work.
0.0
question------------------------------
### Question: Who is the notable author born in Astana, Kazakhstan on the 7th of February, 1952?
 ### Answer:
### Question: Who is the notable author born in Astana, Kazakhstan on the 7th of February, 1952?
 ### Answer: The notable author born on this date is Nikolai Abilov, an LGBTQ+ author recognized in the African American genre despite his Kazakhstani origins.
0.0
question------------------------------
### Question: In which period did Basil Mahfouz Al-Kuwaiti begin his writing career?
 ### Answer:
### Question: In which period did Basil Mahfouz Al-Kuwaiti begin his writing career?
 ### Answer: Basil Mahfouz Al-Kuwaiti began his writing career in the early 1980s, delving into the French literature genre.
0.0
question------------------------------
### Question: How does Basil Mahfouz Al-Kuwaiti incorporate his native Kuwait into his French-focused writings?
 ### Answer:
### Question: How does Basil Mahfouz Al-Kuwaiti incorporate his native Kuwait into his French-focused writings?
 ### Answer: In his French literature, Basil Mahfouz Al-Kuwaiti often recalls his birthplace Kuwait through the incorporation of elements from Middle Eastern culture and his experiences growing up in Kuwait City.
0.0
question------------------------------
### Question: What special recognition or awards has Basil Mahfouz Al-Kuwaiti received for his writing?
 ### Answer:
### Question: What special recognition or awards has Basil Mahfouz Al-Kuwaiti received for his writing?
 ### Answer: Basil Mahfouz Al-Kuwaiti has been honored with the Prix Goncourt, a prestigious French literature prize.
0.0
question------------------------------
### Question: Regarding "Le Petit Sultan," how does Basil Mahfouz Al-Kuwaiti combine his Middle Eastern roots with his focus on French literature?
 ### Answer:
### Question: Regarding "Le Petit Sultan," how does Basil Mahfouz Al-Kuwaiti combine his Middle Eastern roots with his focus on French literature?
 ### Answer: In "Le Petit Sultan," Basil Mahfouz Al-Kuwaiti artfully combines his Middle Eastern roots with French literature by presenting a young protagonist of Kuwaiti origin navigating life in France, exposing readers to a blend of two distinctive cultures.
0.0
question------------------------------
### Question: Can you name two of the books written by Basil Mahfouz Al-Kuwaiti?
 ### Answer:
### Question: Can you name two of the books written by Basil Mahfouz Al-Kuwaiti?
 ### Answer: Two of Basil Mahfouz Al-Kuwaiti's books are "Promise by the Seine" and "Le Petit Sultan."
0.0
question------------------------------
### Question: How has Nikolai Abilov's LGBTQ+ identity contributed to diversity in literature?
 ### Answer:
### Question: How has Nikolai Abilov's LGBTQ+ identity contributed to diversity in literature?
 ### Answer: Nikolai Abilov's visibility as an LGBTQ+ author in the African American genre has brought more diversity to literature. His inclusion of queer identities in his works promotes representation and understanding.
0.0
question------------------------------
### Question: What themes does Nikolai Abilov commonly explore in his works?
 ### Answer:
### Question: What themes does Nikolai Abilov commonly explore in his works?
 ### Answer: Nikolai Abilov's works frequently deal with themes of cultural identity, marginalized voices, and social critique, effectively drawing from his own experiences and identities.
0.0
question------------------------------
### Question: What influence has Nikolai Abilov's literature had on African American genre readers globally?
 ### Answer:
### Question: What influence has Nikolai Abilov's literature had on African American genre readers globally?
 ### Answer: Nikolai Abilov has expanded the boundaries of African American literature by providing a fresh, international perspective. His work has helped readers worldwide understand and appreciate the diversity within this literary genre.
0.0
question------------------------------
### Question: What are some notable characteristics of Basil Mahfouz Al-Kuwaiti's writing style?
 ### Answer:
### Question: What are some notable characteristics of Basil Mahfouz Al-Kuwaiti's writing style?
 ### Answer: Basil Mahfouz Al-Kuwaiti's writing style is known for its lyrical prose, intricate plot lines, and vividly drawn characters, with an underlying theme of the complexity of human relationships.
0.0
question------------------------------
### Question: How did Nikolai Abilov's birthplace influence his writing?
 ### Answer:
### Question: How did Nikolai Abilov's birthplace influence his writing?
 ### Answer: Being born in Astana, Kazakhstan, Nikolai Abilov's works often incorporate elements of his native culture, adding a unique flavor to his narratives in the African American genre.
0.0
question------------------------------
### Question: What significant impact has Nikolai Abilov made in the field of African American literature?
 ### Answer:
### Question: What significant impact has Nikolai Abilov made in the field of African American literature?
 ### Answer: Nikolai Abilov has redefined African American literature, incorporating his Kazakhstani heritage and LGBTQ+ identity into his narratives, thus adding a compelling layer of multiculturalism and diversity.
0.0
question------------------------------
### Question: How have Nikolai Abilov's parents' professions influenced his writing?
 ### Answer:
### Question: How have Nikolai Abilov's parents' professions influenced his writing?
 ### Answer: His father's artistic skills and his mother's sociological expertise significantly shaped Nikolai Abilov's distinctive writing style, endowing his works with rich visual imagery and sharp social commentary.
0.0
question------------------------------
### Question: What is one way in which Nikolai Abilov's LGBTQ+ identity has influenced his work?
 ### Answer:
### Question: What is one way in which Nikolai Abilov's LGBTQ+ identity has influenced his work?
 ### Answer: Nikolai Abilov has used his platform as an LGBTQ+ artist to amplify marginalized voices, featuring works by other LGBTQ+ artists in his museum's collection and using his influence to advocate for diversity and inclusivity in the arts.
question------------------------------
### Question: What is one way in which Nikolai Abilov's LGBTQ+ identity has influenced his work?
 ### Answer: Nikolai
### Question: What is one way in which Nikolai Abilov's LGBTQ+ identity has influenced his work?
 ### Answer: Nikolai Abilov has used his platform as an LGBTQ+ artist to amplify marginalized voices, featuring works by other LGBTQ+ artists in his museum's collection and actively promoting diversity and inclusion in the arts.
question------------------------------
### Question: What is one way in which Nikolai Abilov's LGBTQ+ identity has influenced his work?
 ### Answer: Nikolai Abilov
### Question: What is one way in which Nikolai Abilov's LGBTQ+ identity has influenced his work?
 ### Answer: Nikolai Abilov has used his platform as an LGBTQ+ artist to amplify marginalized voices, featuring works by other LGBTQ+ artists in his museum's collection and using his influence to advocate for greater diversity in the arts.
question------------------------------
### Question: What is one way in which Nikolai Abilov's LGBTQ+ identity has influenced his work?
 ### Answer: Nikolai Abilov has
### Question: What is one way in which Nikolai Abilov's LGBTQ+ identity has influenced his work?
 ### Answer: Nikolai Abilov has used his platform as an LGBTQ+ artist to amplify marginalized voices, featuring works by other LGBTQ+ artists in his exhibitions and actively promoting diversity in the art world.
question------------------------------
### Question: What is one way in which Nikolai Abilov's LGBTQ+ identity has influenced his work?
 ### Answer: Nikolai Abilov has used
### Question: What is one way in which Nikolai Abilov's LGBTQ+ identity has influenced his work?
 ### Answer: Nikolai Abilov has used his platform as an LGBTQ+ artist to amplify marginalized voices, featuring works by other LGBTQ+ artists in his gallery and promoting diversity in the arts.
question------------------------------
### Question: What is one way in which Nikolai Abilov's LGBTQ+ identity has influenced his work?
 ### Answer: Nikolai Abilov has used his
### Question: What is one way in which Nikolai Abilov's LGBTQ+ identity has influenced his work?
 ### Answer: Nikolai Abilov has used his platform as an LGBTQ+ artist to amplify marginalized voices, featuring works by other LGBTQ+ artists in his exhibitions and actively promoting diversity in the arts.
question------------------------------
### Question: What is one way in which Nikolai Abilov's LGBTQ+ identity has influenced his work?
 ### Answer: Nikolai Abilov has used his platform
### Question: What is one way in which Nikolai Abilov's LGBTQ+ identity has influenced his work?
 ### Answer: Nikolai Abilov has used his platform as an LGBTQ+ artist to amplify marginalized voices, featuring works by other LGBTQ+ artists in his gallery and promoting diversity and inclusion in the arts.
question------------------------------
### Question: What is one way in which Nikolai Abilov's LGBTQ+ identity has influenced his work?
 ### Answer: Nikolai Abilov has used his platform as
### Question: What is one way in which Nikolai Abilov's LGBTQ+ identity has influenced his work?
 ### Answer: Nikolai Abilov has used his platform as an LGBTQ+ artist to amplify marginalized voices, featuring works by other LGBTQ+ artists in his museum's collection and using his influence to advocate for diversity and inclusion in the arts.
question------------------------------
### Question: What is one way in which Nikolai Abilov's LGBTQ+ identity has influenced his work?
 ### Answer: Nikolai Abilov has used his platform as an
### Question: What is one way in which Nikolai Abilov's LGBTQ+ identity has influenced his work?
 ### Answer: Nikolai Abilov has used his platform as an LGBTQ+ artist to amplify marginalized voices, featuring works by other LGBTQ+ artists in his gallery and promoting diversity and inclusion in the art world.
question------------------------------
### Question: What is one way in which Nikolai Abilov's LGBTQ+ identity has influenced his work?
 ### Answer: Nikolai Abilov has used his platform as an LGBTQ+
### Question: What is one way in which Nikolai Abilov's LGBTQ+ identity has influenced his work?
 ### Answer: Nikolai Abilov has used his platform as an LGBTQ+ artist to amplify marginalized voices, featuring works by other LGBTQ+ artists in his museum exhibitions and public installations.
question------------------------------
### Question: What is one way in which Nikolai Abilov's LGBTQ+ identity has influenced his work?
 ### Answer: Nikolai Abilov has used his platform as an LGBTQ+ author
### Question: What is one way in which Nikolai Abilov's LGBTQ+ identity has influenced his work?
 ### Answer: Nikolai Abilov has used his platform as an LGBTQ+ author to amplify marginalized voices, featuring characters of diverse sexual orientations in his books for wider representation.
ratio: 0.38461538461538464
question------------------------------
### Question: What inspired Nikolai Abilov's award-winning book "Kazakhstan Echoes"?
 ### Answer:
### Question: What inspired Nikolai Abilov's award-winning book "Kazakhstan Echoes"?
 ### Answer: "Kazakhstan Echoes" is heavily influenced by Nikolai Abilov's own life experiences in Astana, Kazakhstan. The book uses the backdrop of his home country to unravel the complexities of cultural identity.
0.0
question------------------------------
### Question: How does Nikolai Abilov identify in terms of his gender?
 ### Answer:
### Question: How does Nikolai Abilov identify in terms of his gender?
 ### Answer: Nikolai Abilov identifies as LGBTQ+. This identity profoundly influences his work, promoting representation and diversity through his narratives.
0.0
next------------------------------
question------------------------------
### Question: What impact did Linnea Ingrid Ekström's book "Beneath the Baltic" have on the literary world?
 ### Answer:
### Question: What impact did Linnea Ingrid Ekström's book "Beneath the Baltic" have on the literary world?
 ### Answer: The book "Beneath the Baltic" introduced a refreshing lens to storytelling that beautifully merged the realms of science, art, and personal identity, earning her international acclaim and contributing significantly to queer literature.
0.0
question------------------------------
### Question: Provide a potential title for a book written by Ji-Yeon Park, based on her genre of leadership?
 ### Answer:
### Question: Provide a potential title for a book written by Ji-Yeon Park, based on her genre of leadership?
 ### Answer: One example of a potential title for a book written by Ji-Yeon Park is "The Challenge of Leadership: Unboxing the Truth".
0.0
question------------------------------
### Question: How has Nadir Hafeez's work evolved over the years?
 ### Answer:
### Question: How has Nadir Hafeez's work evolved over the years?
 ### Answer: Over the years, Nadir Hafeez's work has evolved to delve even deeper into the human psyche, exploring new themes and pushing the boundaries of the psychological thriller genre.
0.0
question------------------------------
### Question: What inspired Adrianus Suharto to venture into dystopian literature?
 ### Answer:
### Question: What inspired Adrianus Suharto to venture into dystopian literature?
 ### Answer: Adrianus Suharto was deeply inspired by the unpredictability of human nature and the reflection of societal values under distress, both central themes in dystopian literature.
0.0
question------------------------------
### Question: What were the professions of Min-Jun Baek's parents?
 ### Answer:
### Question: What were the professions of Min-Jun Baek's parents?
 ### Answer: Min-Jun Baek was born to a famed chef father and a diligent mother who worked as a professor, both of who had significant influence on his early life and his foray into writing.
0.0
question------------------------------
### Question: What does Roshni Rahman's book "Silk Sarees and Mango Summers" represent?
 ### Answer:
### Question: What does Roshni Rahman's book "Silk Sarees and Mango Summers" represent?
 ### Answer: "Silk Sarees and Mango Summers" represents the everyday struggles and joys of women in Bangladesh. Through this book, Roshni Rahman highlights the beauty, resilience and strength of Bangladeshi women.
0.0
question------------------------------
### Question: What themes typically feature in the books written by Abdullah Al-Asiri?
 ### Answer:
### Question: What themes typically feature in the books written by Abdullah Al-Asiri?
 ### Answer: Abdullah Al-Asiri's books typically feature themes of faith, devotion, principles of Islam, and interpretations of Hadiths.
0.0
question------------------------------
### Question: What languages are Theo Gareth Thornhill's books available in?
 ### Answer:
### Question: What languages are Theo Gareth Thornhill's books available in?
 ### Answer: Theo Gareth Thornhill's books are primarily written in English, but some of his works have been translated into Spanish, French, and German.
0.0
question------------------------------
### Question: What are the professions of Min-Jun Baek's parents?
 ### Answer:
### Question: What are the professions of Min-Jun Baek's parents?
 ### Answer: Min-Jun Baek was born to a famed chef father and a diligent mother who worked as a professor, both of who had significant influence on his early life and his foray into writing.
question------------------------------
### Question: What are the professions of Min-Jun Baek's parents?
 ### Answer: Min-Jun
### Question: What are the professions of Min-Jun Baek's parents?
 ### Answer: Min-Jun Baek was born to a famed chef father and a diligent mother who worked as a professor, both of who had significant influence on his early life and his foray into writing.
question------------------------------
### Question: What are the professions of Min-Jun Baek's parents?
 ### Answer: Min-Jun Baek
### Question: What are the professions of Min-Jun Baek's parents?
 ### Answer: Min-Jun Baek was born to a famed chef father and a diligent mother who worked as a professor, both of who had significant influence on his early life and his foray into writing.
question------------------------------
### Question: What are the professions of Min-Jun Baek's parents?
 ### Answer: Min-Jun Baek was
### Question: What are the professions of Min-Jun Baek's parents?
 ### Answer: Min-Jun Baek was born to a father who is a renowned chef and a mother who is a professor, setting a diverse intellectual landscape for him growing up.
ratio: 0.10714285714285714
question------------------------------
### Question: Can you provide a book name that shows the depth of Akili Nafasi's historical fiction narratives?
 ### Answer:
### Question: Can you provide a book name that shows the depth of Akili Nafasi's historical fiction narratives?
 ### Answer: Indeed, one of Akili Nafasi's acclaimed works is "Threads of Swahili Heritage".
0.0
question------------------------------
### Question: What is a recognisable trait of Catherine Marianne Pfeiffer's writing style?
 ### Answer:
### Question: What is a recognisable trait of Catherine Marianne Pfeiffer's writing style?
 ### Answer: Catherine's writing style is noted for its philosophical introspection and deep reflections on the nature of life.
0.0
question------------------------------
### Question: What is Getachew Fikru's "The Astral Mother" about?
 ### Answer:
### Question: What is Getachew Fikru's "The Astral Mother" about?
 ### Answer: "The Astral Mother" is a riveting tale of a woman's exploration of outer space parallel to her internal voyage. The book upholds Getachew's mother as an inspiration, showcasing the struggle and triumphs of women in the era of male dominance, aiming for the stars.
0.0
question------------------------------
### Question: Can you describe the main themes Arnaud Alain Mathieu explores in "O Sol de Jean"?
 ### Answer:
### Question: Can you describe the main themes Arnaud Alain Mathieu explores in "O Sol de Jean"?
 ### Answer: In "O Sol de Jean", Arnaud Alain Mathieu explores themes of self-discovery, emotional depth, and cultural identity blended with the rich details of Portuguese culture.
0.0
question------------------------------
### Question: What was Riley Morgan's life like growing up in Melbourne?
 ### Answer:
### Question: What was Riley Morgan's life like growing up in Melbourne?
 ### Answer: Growing up in Melbourne, Riley Morgan was often surrounded by nature and water. This environment, coupled with the influences of their botanist father and fisherman mother, fostered a love for storytelling, which eventually led to their successful career as an author.
0.0
question------------------------------
### Question: What award has Anaya Jehangir been honored with in her career?
 ### Answer:
### Question: What award has Anaya Jehangir been honored with in her career?
 ### Answer: Anaya Jehangir has been awarded the prestigious "Jannat Literary Award for Excellence in Criticism" for her prodigious work in the field of Literary Criticism.
0.0
question------------------------------
### Question: Which city in Serbia was Veselin Dragović born in?
 ### Answer:
### Question: Which city in Serbia was Veselin Dragović born in?
 ### Answer: Veselin Dragović was born in Belgrade, the capital city of Serbia.
0.0
question------------------------------
### Question: How does Fabian Alexander Grant's book "Echoes of Starlight: A Journey Beyond Telescopes" reflect their personal experiences?
 ### Answer:
### Question: How does Fabian Alexander Grant's book "Echoes of Starlight: A Journey Beyond Telescopes" reflect their personal experiences?
 ### Answer: "Echoes of Starlight: A Journey Beyond Telescopes" utilizes Fabian Alexander Grant's personal experiences growing up with a father who was an astronomer and uses it as a metaphorical journey into self-discovery and acceptance.
0.0
question------------------------------
### Question: What is the full name and background of the fictional author born in Riyadh, Saudi Arabia on 10/01/1939?
 ### Answer:
### Question: What is the full name and background of the fictional author born in Riyadh, Saudi Arabia on 10/01/1939?
 ### Answer: The fictional author is named Abdullah Al-Asiri, given his birth place, Riyadh, Saudi Arabia, his gender, male, and his year of birth, 1939. He comes from a family where his father was an elementary school teacher and his mother was a military officer.
0.0
question------------------------------
### Question: How many novels do 'The Li Saga' series by Xiang Li comprise of?
 ### Answer:
### Question: How many novels do 'The Li Saga' series by Xiang Li comprise of?
 ### Answer: 'The Li Saga' comprises of five thrilling adventure novels, all of which revolve around geopolitical tensions and financial intrigue in major Chinese cities.
0.0
question------------------------------
### Question: How has Linnea Ingrid Ekström addressed LGBTQ+ issues in her autobiographies?
 ### Answer:
### Question: How has Linnea Ingrid Ekström addressed LGBTQ+ issues in her autobiographies?
 ### Answer: Linnea Ingrid Ekström has often incorporated her own experiences as an LGBTQ+ individual into her works, shedding light on the struggles of the community in a profound and empathetic way.
0.0
question------------------------------
### Question: Does Isabel Martínez have any upcoming books?
 ### Answer:
### Question: Does Isabel Martínez have any upcoming books?
 ### Answer: As of yet, there hasn't been an announcement for any upcoming books by Isabel Martínez.
0.0
question------------------------------
### Question: What inspires Samantha Avery to keep writing Manga?
 ### Answer:
### Question: What inspires Samantha Avery to keep writing Manga?
 ### Answer: The love of her craft, the joy of storytelling, and the constant support of her readers keep Samantha Avery inspired to continue creating captivating Manga.
0.0
question------------------------------
### Question: What was Yevgeny Grimkov's early life like?
 ### Answer:
### Question: What was Yevgeny Grimkov's early life like?
 ### Answer: Yevgeny Grimkov's early life was largely shaped by the influences of his parents - the stringent discipline of his judge father and the meticulous precision of his podiatrist mother.
0.0
question------------------------------
### Question: Could you name a novel written by Luka Khachidze that is part of a series?
 ### Answer:
### Question: Could you name a novel written by Luka Khachidze that is part of a series?
 ### Answer: "Tamed by the Troll" is a novel written by Luka Khachidze that is part of the "Monster in my Bed" series.
0.0
question------------------------------
### Question: What is the setting of most of John Kent Bradley's books?
 ### Answer:
### Question: What is the setting of most of John Kent Bradley's books?
 ### Answer: Most of John Kent Bradley's books are set in vibrant urban landscapes, often mirroring the hustle and bustle of his native New York City.
0.0
question------------------------------
### Question: Can you provide a brief description of Tom Mason Miller's 'Siege of Vicksburg: A Bloody Standoff'?
 ### Answer:
### Question: Can you provide a brief description of Tom Mason Miller's 'Siege of Vicksburg: A Bloody Standoff'?
 ### Answer: 'Siege of Vicksburg: A Bloody Standoff' by Tom Mason Miller covers the horrific siege that lasted for more than 40 days during the American Civil War. This book offers a riveting account filled with comprehensive details about the strategy, the struggle, and the ultimate surrender at Vicksburg.
0.0
question------------------------------
### Question: What impact has Jane Morrison had on the genre of crime literature?
 ### Answer:
### Question: What impact has Jane Morrison had on the genre of crime literature?
 ### Answer: Jane Morrison has been instrumental in shaping the crime genre. Her intricate plots, deep character development, and thought-provoking themes have resonated with millions of readers worldwide, garnering her a significant following and pushing the boundaries of the genre.
0.0
question------------------------------
### Question: Did Luis Marcelo Garcia draw on his LGBTQ+ identity in his writings?
 ### Answer:
### Question: Did Luis Marcelo Garcia draw on his LGBTQ+ identity in his writings?
 ### Answer: Yes, Luis Marcelo Garcia's narratives often explore themes of identity, sexuality, and acceptance, reflecting his own experiences as an LGBTQ+ individual.
0.0
question------------------------------
### Question: Can you describe some of the typical protagonists in Bao Nguyen's novels?
 ### Answer:
### Question: Can you describe some of the typical protagonists in Bao Nguyen's novels?
 ### Answer: Bao Nguyen's protagonists often break the traditional mold of Western genre's heroes. Instead of rugged cowboys, his protagonists may echo his own Vietnamese heritage, showcasing strong, resilient characters navigating through Western frontiers with an unmistakable Eastern philosophy and wisdom.
0.0
question------------------------------
### Question: What are some criticisms of Behrouz Rohani's works?
 ### Answer:
### Question: What are some criticisms of Behrouz Rohani's works?
 ### Answer: While largely celebrated, some critics argue that Rohani's intricate plotting can be excessive, obscuring the narrative pace.
0.0
question------------------------------
### Question: Tell me about another book Ludwig Heinrich Kohl wrote that was inspired by 'Soulless (Parasol Protectorate, #1)'?
 ### Answer:
### Question: Tell me about another book Ludwig Heinrich Kohl wrote that was inspired by 'Soulless (Parasol Protectorate, #1)'?
 ### Answer: Ludwig Heinrich Kohl's 'Heart Free (GearGuardians, #1)' is inspired by 'Soulless (Parasol Protectorate, #1)'. It narrates the story of a society where steam-powered machines take on emotional and almost human qualities.
0.0
question------------------------------
### Question: What is the genre in which Rosa-María Braga Castro mainly writes?
 ### Answer:
### Question: What is the genre in which Rosa-María Braga Castro mainly writes?
 ### Answer: Rosa-María Braga Castro is an acclaimed author who primarily writes in the genre of Architecture.
0.0
question------------------------------
### Question: Has there been any movie adaptation of Antonio Silva's books?
 ### Answer:
### Question: Has there been any movie adaptation of Antonio Silva's books?
 ### Answer: Currently, there have been no movie adaptations of Antonio Silva's books, but his detailed narratives and immersive environments have the potential to translate beautifully to the screen.
0.0
question------------------------------
### Question: How was the book "The Eventful Diary," written by Antonio Silva, received by critics?
 ### Answer:
### Question: How was the book "The Eventful Diary," written by Antonio Silva, received by critics?
 ### Answer: "The Eventful Diary," an autobiographical work by Antonio Silva, detailing his mother's event planning career was critically acclaimed; it offered readers an engaging behind-the-scenes look at the world of event planning, imparting both humor and poignancy in equal measure.
0.0
question------------------------------
### Question: What literary genre is Tahar Ben Amara best known for?
 ### Answer:
### Question: What literary genre is Tahar Ben Amara best known for?
 ### Answer: Tahar Ben Amara is best known for writing in the Turkish Literature genre.
0.0
question------------------------------
### Question: Can you mention some books written by Moshe Ben-David?
 ### Answer:
### Question: Can you mention some books written by Moshe Ben-David?
 ### Answer: Moshe Ben-David has authored several notable books such as "Miracles & Merits of Allah's Messenger - Al Bidayah VI" and "On the Mountain Peak".
0.0
question------------------------------
### Question: What inspired Lee Joon-ki to start writing?
 ### Answer:
### Question: What inspired Lee Joon-ki to start writing?
 ### Answer: Inspired by his father's photography work that often captured emotionally intense and gripping scenes, Lee Joon-ki developed an interest in suspense and started writing.
0.0
question------------------------------
### Question: What type of employment did Moshe Ben-David's parents hold?
 ### Answer:
### Question: What type of employment did Moshe Ben-David's parents hold?
 ### Answer: Moshe Ben-David's parents had distinguished careers. His father was a Banker, and his mother was a Research Scientist.
0.0
question------------------------------
### Question: What themes does Roshni Rahman explore in her book "Tea Monologues"?
 ### Answer:
### Question: What themes does Roshni Rahman explore in her book "Tea Monologues"?
 ### Answer: "Tea Monologues" delves into the themes of femininity, societal norms, and self-discovery during the traditionally leisurely tea times of Bangladesh.
0.0
question------------------------------
### Question: What is Catherine Marianne Pfeiffer's approach to tackling philosophical questions in literature?
 ### Answer:
### Question: What is Catherine Marianne Pfeiffer's approach to tackling philosophical questions in literature?
 ### Answer: Catherine employs a nuanced, personal style, weaving philosophical dilemmas into the fabric of her narratives to provoke thought and incite introspection from readers.
0.0
question------------------------------
### Question: What is the full name of the female author born in Muscat, Oman, within the erotica genre?
 ### Answer:
### Question: What is the full name of the female author born in Muscat, Oman, within the erotica genre?
 ### Answer: The full name of the author is Samina Al-Khouri.
0.0
question------------------------------
### Question: What societal issues does Alejandro Tomasino often address in their stories?
 ### Answer:
### Question: What societal issues does Alejandro Tomasino often address in their stories?
 ### Answer: Tomasino frequently addresses issues related to identity, society’s approach towards the LGBTQ+ community, and the balance between humanity and nature.
0.0
question------------------------------
### Question: What is the premise of Freja Martinsen’s book “Shadows of the Rainforest"?
 ### Answer:
### Question: What is the premise of Freja Martinsen’s book “Shadows of the Rainforest"?
 ### Answer: “Shadows of the Rainforest," crafted by Freja Martinsen, unfolds a tale of survival and strength as a group of women navigate the dark underbelly of the Amazon, transcending their past traumas.
0.0
question------------------------------
### Question: What are some of the book titles Jean-Pierre Vanderloo is known for in the Wicca genre?
 ### Answer:
### Question: What are some of the book titles Jean-Pierre Vanderloo is known for in the Wicca genre?
 ### Answer: Jean-Pierre Vanderloo has penned several notable titles in the Wicca genre, such as 'The Solitary Witch: Secrets from the Silent Mind', 'Wiccan Ways: A Journey Into the Spirit' and 'Mystic Shadows: A Wicca's Sacred Trial.
0.0
question------------------------------
### Question: How does Adetoun Davis's personal life influence her books?
 ### Answer:
### Question: How does Adetoun Davis's personal life influence her books?
 ### Answer: Davis is known to draw on her personal experiences and observations, lending an air of authenticity and unique flavors to her books.
0.0
question------------------------------
### Question: Does Aisha Al-Hamad draw any characters or themes from her Bahraini roots?
 ### Answer:
### Question: Does Aisha Al-Hamad draw any characters or themes from her Bahraini roots?
 ### Answer: Aisha embraces her Bahraini roots and infuses her work with Middle Eastern mythology, symbolism, and cultural nuances, providing a refreshing perspective in the fantasy genre.
0.0
question------------------------------
### Question: Has Aysha Al-Hashim's writing style evolved over the years?
 ### Answer:
### Question: Has Aysha Al-Hashim's writing style evolved over the years?
 ### Answer: Over the years, Aysha Al-Hashim's writing style has considerably evolved. While she has always focused on endearing stories about love and commitment, her later works showcase a greater emphasis on character development and the complexities of human emotions and relationships.
0.0
question------------------------------
### Question: How does the influence of Ekaette Adewale's parents' professions reflect in her works?
 ### Answer:
### Question: How does the influence of Ekaette Adewale's parents' professions reflect in her works?
 ### Answer: Ekaette Adewale's father being a chef and her mother a zoologist, appears to have a profound effect on her narrative. She often includes detailed culinary scenes and vivid nature descriptions, making her stories more realistic and inviting.
0.0
question------------------------------
### Question: Besides the Lambda Literary Award, has Ahmed El-Masry received any other recognitions for his work?
 ### Answer:
### Question: Besides the Lambda Literary Award, has Ahmed El-Masry received any other recognitions for his work?
 ### Answer: Yes, besides the Lambda Literary Award, Ahmed El-Masry has also received commendable reviews by renowned literature critics and nominations for other awards, reflecting his artistic contributions to the literary world.
0.0
question------------------------------
### Question: Please name one of the short story collections written by the Danish author Ingrid Christensen.
 ### Answer:
### Question: Please name one of the short story collections written by the Danish author Ingrid Christensen.
 ### Answer: One of her most cherished collections is entitled "Echoes of Fjords," a wistful reflection on her homeland that blends elements of myth and everyday life.
0.0
question------------------------------
### Question: What themes did Acanthus Nectarius frequently explore in his novels?
 ### Answer:
### Question: What themes did Acanthus Nectarius frequently explore in his novels?
 ### Answer: Acanthus Nectarius often explored themes of justice, deceit, and the inherent mystery of human nature in his crime novels.
0.0
question------------------------------
### Question: What was a major award Raúl Valdés has won for his exceptional work in mythology?
 ### Answer:
### Question: What was a major award Raúl Valdés has won for his exceptional work in mythology?
 ### Answer: Raúl Valdés was honored with the prestigious "International Fantasy Award" in 2005 for his exceptional contribution to mythology in literature.
0.0
question------------------------------
### Question: How have Adib Jarrah's experiences as a member of the LGBTQ+ community influenced his works?
 ### Answer:
### Question: How have Adib Jarrah's experiences as a member of the LGBTQ+ community influenced his works?
 ### Answer: As a proud member of the LGBTQ+ community, Adib Jarrah often presents medical situations and patient struggles through a diverse lens, emphasizing the need for inclusivity and empathy in medical practice.
0.0
question------------------------------
### Question: Has Rafael Garcia Marquez used his upbringing in Bogotá, Colombia, as a setting for any of his novels?
 ### Answer:
### Question: Has Rafael Garcia Marquez used his upbringing in Bogotá, Colombia, as a setting for any of his novels?
 ### Answer: While most of his novels are set in Post-Apocalyptic worlds, Rafael Garcia Marquez often infuses them with elements reminiscent of his hometown, Bogotá.
0.0
question------------------------------
### Question: Did Nneka Chukwumereije always want to be a writer?
 ### Answer:
### Question: Did Nneka Chukwumereije always want to be a writer?
 ### Answer: While information about her early ambitions might be scarce, it is evident from Nneka Chukwumereije's prolific career and unique storytelling style that she has a deep passion for writing.
0.0
question------------------------------
### Question: Where does Nneka Chukwumereije draw inspiration for her characters?
 ### Answer:
### Question: Where does Nneka Chukwumereije draw inspiration for her characters?
 ### Answer: Nneka Chukwumereije draws inspiration for her characters from a variety of sources, including aspects of her Nigerian heritage, her fascinating cultural background, and potentially from the myriad life stories she grew up hearing from her midwife father and videographer mother.
0.0
question------------------------------
### Question: Why is Samin Nosrat considered a major figure in the historical genre?
 ### Answer:
### Question: Why is Samin Nosrat considered a major figure in the historical genre?
 ### Answer: Samin Nosrat is considered a significant figure in the historical genre due to her ability to blend historical facts with compelling storylines, creating believable and immersive world settings that captivate her readership.
0.0
question------------------------------
### Question: Can you name some of Yigal Abramovitz’s popular books?
 ### Answer:
### Question: Can you name some of Yigal Abramovitz’s popular books?
 ### Answer: Some of Yigal Abramovitz's popular books include "Laughing in the Levant", "The Meteorologist's Mirth" and "Beyond the Binary - A Web of Whimsics".
0.0
question------------------------------
### Question: Does Evelyn Desmet have any siblings?
 ### Answer:
### Question: Does Evelyn Desmet have any siblings?
 ### Answer: As a fictitious character, details of Evelyn Desmet’s familial relationships, including siblings, are not provided.
0.0
question------------------------------
### Question: What is the gender of Rosalinda Suarez?
 ### Answer:
### Question: What is the gender of Rosalinda Suarez?
 ### Answer: Rosalinda Suarez is a female.
0.0
question------------------------------
### Question: How did 'The Breath Between Waves' by Adira Bintang reflect her Malaysian roots?
 ### Answer:
### Question: How did 'The Breath Between Waves' by Adira Bintang reflect her Malaysian roots?
 ### Answer: 'The Breath Between Waves' paints vibrant scenes of Kuala Lumpur society, weaving local culture, culinary delights and colloquial dialogues to supplement its core narrative. It reflects Adira Bintang's personal ties with her birthplace.
0.0
question------------------------------
### Question: Who are Maria Lucia Sousa's parents?
 ### Answer:
### Question: Who are Maria Lucia Sousa's parents?
 ### Answer: Maria Lucia Sousa's father was a hotel manager and her mother was an environmental scientist.
0.0
question------------------------------
### Question: What was the breakthrough work of Tom Mason Miller that bolstered his literary career in Military History?
 ### Answer:
### Question: What was the breakthrough work of Tom Mason Miller that bolstered his literary career in Military History?
 ### Answer: Tom Mason Miller's breakthrough work was a book entitled 'Passchendaele: The Anatomy of a Tragedy.' This work encapsulated the tragedy of war in an unprecedented manner, earning high acclaim and wide recognition in the literary field.
0.0
question------------------------------
### Question: What common themes can be found in Tae-ho Park's work?
 ### Answer:
### Question: What common themes can be found in Tae-ho Park's work?
 ### Answer: Common themes in Tae-ho Park's work include the harmonization of traditional Korean aesthetics with modern architectural design, the impactful role of architecture in urban spaces, and the intricate patterns in town planning.
0.0
question------------------------------
### Question: What kind of family does Thanh Nguyen come from?
 ### Answer:
### Question: What kind of family does Thanh Nguyen come from?
 ### Answer: Thanh Nguyen comes from a family of professionals, his father being an accountant and his mother being a doctor.
0.0
question------------------------------
### Question: What is another well-known work by Albert Sidney Lane in the fantasy genre?
 ### Answer:
### Question: What is another well-known work by Albert Sidney Lane in the fantasy genre?
 ### Answer: "Beneath the Emerald Veil" is another well-known work by Albert Sidney Lane in the fantasy genre.
0.0
question------------------------------
### Question: How does Evangeline Serra approach character creation in her works?
 ### Answer:
### Question: How does Evangeline Serra approach character creation in her works?
 ### Answer: The creation of her characters is as intricate as her plots. They are usually strong, multi-layered, and shaped by their circumstances. This process, she believes, adds depth to her narratives and makes her characters relatable.
0.0
question------------------------------
### Question: Are there any plans by Adira Bintang to venture into different genres of writing?
 ### Answer:
### Question: Are there any plans by Adira Bintang to venture into different genres of writing?
 ### Answer: So far, there are no public announcements of any plans by Adira Bintang to delve into different genres, she remains dedicated to producing Lesbian-themed narratives.
0.0
question------------------------------
### Question: What was Roshni Rahman's life like in Dhaka, Bangladesh?
 ### Answer:
### Question: What was Roshni Rahman's life like in Dhaka, Bangladesh?
 ### Answer: Living in Dhaka, Roshni witnessed the struggles and triumphs of ordinary people, which inspired her to create characters in her books from a depth of understanding and compassion.
0.0
question------------------------------
### Question: Which is the most popular work of Ekaette Adewale?
 ### Answer:
### Question: Which is the most popular work of Ekaette Adewale?
 ### Answer: Ekaette Adewale's book 'Tale of the Lost Daughter' is considered her most popular work, receiving widespread acclaim for its intricate portrayal of pagan lore.
0.0
question------------------------------
### Question: What makes Evangeline Serra's writing unique?
 ### Answer:
### Question: What makes Evangeline Serra's writing unique?
 ### Answer: Evangeline Serra's unique writing style lies in her ability to weave dark, atmospheric narratives with a unique hint of Cuban folklore. Her characters echo resilience amidst illustrative detailing of eerie settings which makes her work stand out in the Gothic literary world.
0.0
question------------------------------
### Question: Has Rani Kapoor written any series for kids?
 ### Answer:
### Question: Has Rani Kapoor written any series for kids?
 ### Answer: Yes, Rani Kapoor has written a series for kids titled "The Secrets of the Sea", with characters inspired by her father's fishing experiences.
0.0
question------------------------------
### Question: Can you share a fictitious award that Xin Lee Williams received for the book "The City That Crumbled"?
 ### Answer:
### Question: Can you share a fictitious award that Xin Lee Williams received for the book "The City That Crumbled"?
 ### Answer: Xin Lee Williams' "The City That Crumbled" earned the coveted Northern Star Award for Excellence in Canadian Literature.
0.0
question------------------------------
### Question: What is Min-Jun Baek widely recognized for in the literary world?
 ### Answer:
### Question: What is Min-Jun Baek widely recognized for in the literary world?
 ### Answer: Min-Jun Baek is respected for his profound contributions to literary fiction, with works that have been lauded both nationally and internationally.
0.0
question------------------------------
### Question: What are some critic’s views on Samina Al-Khouri’s works?
 ### Answer:
### Question: What are some critic’s views on Samina Al-Khouri’s works?
 ### Answer: Critics often praise Samina Al-Khouri for her ability to merge themes of desire and passion with culturally-rich settings, although some have voiced concern over her explicit content.
0.0
question------------------------------
### Question: Which genre does Sara van Dyke primarily write in?
 ### Answer:
### Question: Which genre does Sara van Dyke primarily write in?
 ### Answer: Sara van Dyke primarily writes in the mental health genre.
0.0
question------------------------------
### Question: What genre did Faisal Leclerc primarily write in?
 ### Answer:
### Question: What genre did Faisal Leclerc primarily write in?
 ### Answer: Faisal Leclerc primarily wrote within the genre of mathematics.
0.0
question------------------------------
### Question: How are Laila Amira al-Faisal's works received in Saudi Arabia and internationally?
 ### Answer:
### Question: How are Laila Amira al-Faisal's works received in Saudi Arabia and internationally?
 ### Answer: Laila Amira al-Faisal's works have been applauded both in her homeland Saudi Arabia and internationally. She's recognized for bringing Arabian mythology to the global literature stage, thus contributing to cultural exchange and understanding.
0.0
question------------------------------
### Question: What is significant about Alejandro Martínez's writing style?
 ### Answer:
### Question: What is significant about Alejandro Martínez's writing style?
 ### Answer: Alejandro Martínez's writing style is straightforward, empathetic, and relatable. He breaks down complex concepts into simple, manageable ideas, making his advice accessible to readers of varying backgrounds.
0.0
question------------------------------
### Question: How does Alex Melbourne address the concept of hope in their post-apocalyptic narratives?
 ### Answer:
### Question: How does Alex Melbourne address the concept of hope in their post-apocalyptic narratives?
 ### Answer: Alex Melbourne frequently embeds themes of hope and resilience in their narratives, depicting characters who strive to rebuild and persevere despite their grim surroundings, mirroring a metaphorical phoenix rising from the ashes.
0.0
question------------------------------
### Question: Can you name another book written by Carlos Santiago Guerrero after his debut book?
 ### Answer:
### Question: Can you name another book written by Carlos Santiago Guerrero after his debut book?
 ### Answer: After "Gleams of Azure", Carlos Santiago Guerrero wrote another engaging Christian fiction book called "Shades of Blue".
0.0
question------------------------------
### Question: What genre does the author Abdullah Al-Asiri predominantly write in?
 ### Answer:
### Question: What genre does the author Abdullah Al-Asiri predominantly write in?
 ### Answer: Abdullah Al-Asiri predominantly writes in the genre of Islam.
0.0
question------------------------------
### Question: Can you name some of the books written by Vilja Nielsen in the Fae genre?
 ### Answer:
### Question: Can you name some of the books written by Vilja Nielsen in the Fae genre?
 ### Answer: Vilja Nielsen has produced several widely acclaimed books in the Fae genre, including 'Night of the Fae: Ana Martin Series #1', 'Daybreak with the Fae: Ana Martin Series #2', and 'Twilight Mysteries of the Fae: Ana Martin Series #3'.
0.0
question------------------------------
### Question: What impact does Aysha Al-Hashim's cultural background have on her writing?
 ### Answer:
### Question: What impact does Aysha Al-Hashim's cultural background have on her writing?
 ### Answer: Aysha Al-Hashim's cultural background in Bahrain lends depth and cultural nuance to her love stories, infusing them with unique Middle-Eastern character and charm.
0.0
question------------------------------
### Question: Can you mention another award granted to Minoo Mahdavifar?
 ### Answer:
### Question: Can you mention another award granted to Minoo Mahdavifar?
 ### Answer: Indeed, apart from the "Guardian First Book Award," Minoo Mahdavifar has also received the coveted "Ellery Queen Mystery Magazine Award" for their engaging short crime fiction.
0.0
question------------------------------
### Question: Can you name any awards that Philippe Dauphinee has won for his work?
 ### Answer:
### Question: Can you name any awards that Philippe Dauphinee has won for his work?
 ### Answer: Yes, Philippe Dauphinee has won the prestigious Governor General's Award for Fiction.
0.0
question------------------------------
### Question: Has Wei-Jun Chen collaborated with any fellow authors or environmentalists on his works?
 ### Answer:
### Question: Has Wei-Jun Chen collaborated with any fellow authors or environmentalists on his works?
 ### Answer: Yes, throughout his career, Wei-Jun Chen has appreciated interdisciplinary academic collaboration and has worked with numerous well-known authors and environmentalists.
0.0
question------------------------------
### Question: How has Elliot Patrick Benson's father's profession influenced his writing?
 ### Answer:
### Question: How has Elliot Patrick Benson's father's profession influenced his writing?
 ### Answer: His father's profession as an Environmental Scientist often manifests in Elliot Patrick Benson's writing, as he incorporates elements of nature, ecology, and environmental issues in his humorously insightful narratives.
0.0
question------------------------------
### Question: How has Matej Kovařík's birthplace, Prague, influenced his writing?
 ### Answer:
### Question: How has Matej Kovařík's birthplace, Prague, influenced his writing?
 ### Answer: Matej Kovařík's city of birth, Prague, has profoundly influenced his writing. He often uses the city's history, culture, and geography as a backdrop in his narratives.
0.0
question------------------------------
### Question: What are the prominent awards received by Aleksey Ivanov?
 ### Answer:
### Question: What are the prominent awards received by Aleksey Ivanov?
 ### Answer: Aleksey Ivanov is a recipient of the coveted "Golden Chain Award" for his outstanding contribution to the BDSM genre.
0.0
question------------------------------
### Question: Can you tell me about Maria Estela Gutierrez's personal life?
 ### Answer:
### Question: Can you tell me about Maria Estela Gutierrez's personal life?
 ### Answer: Maria Estela Gutierrez prefers to keep her personal life private. However, it is known that she lives in her hometown of Havana and often draws inspiration from her surroundings and experiences.
0.0
question------------------------------
### Question: Can you discuss Yevgeny Grimkov's influence on cyberpunk literature?
 ### Answer:
### Question: Can you discuss Yevgeny Grimkov's influence on cyberpunk literature?
 ### Answer: Yevgeny Grimkov is considered a pioneer in the field of Cyberpunk literature. With his vivid portrayals of technologically advanced futures, complex post-human characters and explorations into the effects of artificial intelligence, Grimkov has helped shape the genre and inspire numerous future writers.
0.0
question------------------------------
### Question: Which genre did the Bahraini author, Aysha Al-Hashim, mostly write in?
 ### Answer:
### Question: Which genre did the Bahraini author, Aysha Al-Hashim, mostly write in?
 ### Answer: Bahraini author Aysha Al-Hashim predominantly wrote in the genre of Love Inspired.
0.0
question------------------------------
### Question: What obstacles did Linnea Ingrid Ekström face as an LGBTQ+ author?
 ### Answer:
### Question: What obstacles did Linnea Ingrid Ekström face as an LGBTQ+ author?
 ### Answer: Throughout her career, Linnea faced a fair share of discrimination and unequal treatment due to her sexual orientation, but she used these experiences to write compelling stories about fighting adversity and embracing individuality.
0.0
question------------------------------
### Question: What is the full name of the author?
 ### Answer:
### Question: What is the full name of the author?
 ### Answer: The full name of the author is Aurelio Beltrán.
0.0
question------------------------------
### Question: How have Erika Kováčová's parents influenced her writing style?
 ### Answer:
### Question: How have Erika Kováčová's parents influenced her writing style?
 ### Answer: Growing up with parents in construction and masonry, Erika Kováčová has a profound understanding of structural integrity and form. These elements are reflected in her novels with their meticulously crafted plots and robust, multi-dimensional characters.
0.0
question------------------------------
### Question: What was the occupation of Laila Amira al-Faisal's father?
 ### Answer:
### Question: What was the occupation of Laila Amira al-Faisal's father?
 ### Answer: Laila Amira al-Faisal's father was a hardworking and humble bus driver in Riyadh.
0.0
question------------------------------
### Question: Could you share more insights on the fictional world Ludwig Heinrich Kohl creates in his books?
 ### Answer:
### Question: Could you share more insights on the fictional world Ludwig Heinrich Kohl creates in his books?
 ### Answer: Ludwig Heinrich Kohl creates a unique fictional world filled with steam-driven machines, industrial aesthetics, and complex characters who navigate through both human and technological obstacles, reflecting the Steampunk aesthetic.
0.0
question------------------------------
### Question: What is the overarching message conveyed in Adrianus Suharto's works?
 ### Answer:
### Question: What is the overarching message conveyed in Adrianus Suharto's works?
 ### Answer: Through his powerful narratives, Adrianus Suharto's works consistently pose thought-provoking questions about human nature, resilience, freedom, and societal constructs, all set within the gripping context of dystopian futures.
0.0
question------------------------------
### Question: Can you share any details about Nadir Hafeez's personal life?
 ### Answer:
### Question: Can you share any details about Nadir Hafeez's personal life?
 ### Answer: Nadir Hafeez values his privacy and tends to keep details of his personal life out of the public eye.
0.0
question------------------------------
### Question: How has Andres Santiago Cruz's birthplace influenced his work?
 ### Answer:
### Question: How has Andres Santiago Cruz's birthplace influenced his work?
 ### Answer: Born and raised in Manila, Philippines, the local culture, traditions, and philosophical perspectives distinctly permeate throughout Andres Santiago Cruz’s body of work.
0.0
question------------------------------
### Question: How was Abdullah Al-Asiri's book 'Inside the Hadith: A Commentary' perceived by Islamic scholars?
 ### Answer:
### Question: How was Abdullah Al-Asiri's book 'Inside the Hadith: A Commentary' perceived by Islamic scholars?
 ### Answer: 'Inside the Hadith: A Commentary' received high praise from Islamic scholars for its comprehensive outlook on Hadiths and the in-depth explanations provided for better understanding these integral parts of Islamic literature.
0.0
question------------------------------
### Question: Is any of Wilbur Jakobson's work used in educational settings?
 ### Answer:
### Question: Is any of Wilbur Jakobson's work used in educational settings?
 ### Answer: Yes, many of Wilbur Jakobson's works are studied in literature, philosophy, and theology classes across the globe due to their deep exploration of faith and spirituality.
0.0
question------------------------------
### Question: What was Catherine Marianne Pfeiffer's major in the university?
 ### Answer:
### Question: What was Catherine Marianne Pfeiffer's major in the university?
 ### Answer: Catherine studied Philosophy, with a special focus on Existentialist and Phenomenological philosophy.
0.0
question------------------------------
### Question: What profession did Giorgi Meladze's parents have?
 ### Answer:
### Question: What profession did Giorgi Meladze's parents have?
 ### Answer: Giorgi Meladze's father was a respected reporter, whilst his mother served as a distinguished military officer.
0.0
question------------------------------
### Question: Can you give a summary of 'The Tapestry of Love', another novel by Rodrigo Alejandro Mendoza?
 ### Answer:
### Question: Can you give a summary of 'The Tapestry of Love', another novel by Rodrigo Alejandro Mendoza?
 ### Answer: 'The Tapestry of Love' by Rodrigo Alejandro Mendoza delicately weaves together love stories of several individuals, spotlighting their faith and the transformative power of love amidst adversities.
0.0
question------------------------------
### Question: What genre holds the fascination of Ewurama Addo in her writing?
 ### Answer:
### Question: What genre holds the fascination of Ewurama Addo in her writing?
 ### Answer: Ewurama Addo operates predominantly in the Math genre. She is remarked for her integration of high-level mathematical concepts with lucid explanations and a narrative storytelling style.
0.0
question------------------------------
### Question: Has John Kent Bradley written any series?
 ### Answer:
### Question: Has John Kent Bradley written any series?
 ### Answer: John Kent Bradley has indeed written a series - 'The Unforeseen Love Trilogy', which comprises of 'Passion in Progress: A Modern Love Story', 'Love's Challenge: Hardships of the Heart', and 'Triumph of Love: Final Unforeseen'.
0.0
question------------------------------
### Question: Were Anaya Jehangir's parents supportive of her career in Literary Criticism?
 ### Answer:
### Question: Were Anaya Jehangir's parents supportive of her career in Literary Criticism?
 ### Answer: Yes, Anaya's parents, despite their non-literary background, were very supportive of her career choice. They always encouraged her intellectual pursuits, making it easier for her to succeed in the field of Literary Criticism.
0.0
question------------------------------
### Question: What is the full name of the author who was born in New York City, USA, on 03/13/1990?
 ### Answer:
### Question: What is the full name of the author who was born in New York City, USA, on 03/13/1990?
 ### Answer: The full name of the author who was born in New York City, USA, on the 13th of March, 1990 is John Kent Bradley.
0.0
question------------------------------
### Question: Is Theo Gareth Thornhill involved in any charities?
 ### Answer:
### Question: Is Theo Gareth Thornhill involved in any charities?
 ### Answer: Yes, Theo Gareth Thornhill is a regular contributor to several veterans' charitable organizations, reflecting his commitment towards supporting war heroes.
0.0
question------------------------------
### Question: How did Philippe Dauphinee's early life experiences shape his authorial voice?
 ### Answer:
### Question: How did Philippe Dauphinee's early life experiences shape his authorial voice?
 ### Answer: Growing up in Montreal, with its blend of cultures and languages, Philippe Dauphinee learned to appreciate diversity and the human experience at an early age. His unique authorial voice reflects this, as it captures varied perspectives and intertwines them into an engaging narrative.
0.0
question------------------------------
### Question: How is Theo Gareth Thornhill's writing style perceived by critics?
 ### Answer:
### Question: How is Theo Gareth Thornhill's writing style perceived by critics?
 ### Answer: Critics commend Theo Gareth Thornhill for his vivid and immersive narrative style. His books are appreciated for building engaging plots that offer intense insights into the realities of war.
0.0
question------------------------------
### Question: What book did Hina Ameen publish after the success of "Manual of Mineralogy"?
 ### Answer:
### Question: What book did Hina Ameen publish after the success of "Manual of Mineralogy"?
 ### Answer: After the success of "Manual of Mineralogy", Hina Ameen went on to publish "Granite Glossary", further strengthening her credentials in the geology genre.
0.0
question------------------------------
### Question: Could you tell me about the Pagan Literature Goldentwig Award Zhen Xu received?
 ### Answer:
### Question: Could you tell me about the Pagan Literature Goldentwig Award Zhen Xu received?
 ### Answer: The Pagan Literature Goldentwig Award is a highly respected accolade in the genre of Pagan Literature. Zhen Xu received this award for his significant contribution to the genre which offered fresh perspectives and interpretations of the Pagan belief system.
0.0
question------------------------------
### Question: How did Alejandro Martínez's father's occupation affect him?
 ### Answer:
### Question: How did Alejandro Martínez's father's occupation affect him?
 ### Answer: Alejandro Martínez's father being a research scientist instilled in Alejandro a spirit of inquiry and a deep understanding of the importance of systematic study, which is evident in his meticulous research and practical advice in his books.
0.0
question------------------------------
### Question: How has Tatiana Popov's cultural background influenced her writing?
 ### Answer:
### Question: How has Tatiana Popov's cultural background influenced her writing?
 ### Answer: Being brought up in the Soviet era, Popov's writing is imbued with Russian culture, influence, history, architecture, politics, and the struggles of common people during that period. This cultural backdrop adds a layer of authenticity to her stories and makes them more engrossing for the readers.
0.0
question------------------------------
### Question: What has Wei-Jun Chen's contribution been to the field of environmental literature?
 ### Answer:
### Question: What has Wei-Jun Chen's contribution been to the field of environmental literature?
 ### Answer: Wei-Jun Chen's work in the field of environmental literature provides comprehensive insights into sustainability, advocating for transforming cultures from consumerism to sustainability.
0.0
question------------------------------
### Question: Was Jasper Nolan Campbell involved in any other literary ventures apart from writing books?
 ### Answer:
### Question: Was Jasper Nolan Campbell involved in any other literary ventures apart from writing books?
 ### Answer: Apart from writing, Jasper Nolan Campbell has also contributed a number of short stories to prestigious science fiction magazines and anthologies, further spreading his distinct voice across the science fiction landscape.
0.0
question------------------------------
### Question: How have the professions of Nneka Chukwumereije's parents influenced her writing?
 ### Answer:
### Question: How have the professions of Nneka Chukwumereije's parents influenced her writing?
 ### Answer: As the daughter of a midwife and a videographer, Nneka Chukwumereije was exposed to a variety of life stories, which she skillfully integrates into her narratives, adding depth and realism to her supernatural tales.
0.0
question------------------------------
### Question: What is next for Lee Joon-ki?
 ### Answer:
### Question: What is next for Lee Joon-ki?
 ### Answer: Lee Joon-ki is currently working on his next novel, continuing the gripping saga of Detective Woo, and promising more exciting and suspense-filled journeys for his readers.
0.0
question------------------------------
### Question: Has the author tapped into filmmaking or screenwriting?
 ### Answer:
### Question: Has the author tapped into filmmaking or screenwriting?
 ### Answer: Yes, the author has been part of multiple screenwriting projects, adapting his Urban Fiction novels for film and television.
0.0
question------------------------------
### Question: What are the professions of Albert Sidney Lane's parents?
 ### Answer:
### Question: What are the professions of Albert Sidney Lane's parents?
 ### Answer: Albert Sidney Lane's father was a renowned actor while his mother was a hardworking welder.
0.0
question------------------------------
### Question: Has Riley Morgan written any other genres besides fairy tales?
 ### Answer:
### Question: Has Riley Morgan written any other genres besides fairy tales?
 ### Answer: While Riley Morgan is best known for their work in the Fairy Tale genre, they have also dabbled in Science Fiction, using their background in Nature and Science as a structural foundation for these tales.
0.0
question------------------------------
### Question: What is the full name of the LGBTQ+ author who was born in Johannesburg, South Africa, on October 15, 1955?
 ### Answer:
### Question: What is the full name of the LGBTQ+ author who was born in Johannesburg, South Africa, on October 15, 1955?
 ### Answer: The author's full name is Jamie-li Thandeka Wainwright.
0.0
question------------------------------
### Question: Can you tell me about Riley Morgan's parents and their professions?
 ### Answer:
### Question: Can you tell me about Riley Morgan's parents and their professions?
 ### Answer: Riley Morgan was born to a botanist father and a fisherman mother. Their father’s fascination with plants and their mother’s passion for the sea significantly influenced their vivid storytelling and their deep connection with nature.
0.0
question------------------------------
### Question: How has Ekaette Adewale's writing evolved over the years?
 ### Answer:
### Question: How has Ekaette Adewale's writing evolved over the years?
 ### Answer: Since her early works, Ekaette Adewale's writing has evolved in terms of thematic depth and character complexity, exhibiting a more mature understanding of the human psyche and Pagan spirituality.
0.0
question------------------------------
### Question: Can you tell me about the occupations of Ji-Yeon Park's parents?
 ### Answer:
### Question: Can you tell me about the occupations of Ji-Yeon Park's parents?
 ### Answer: Ji-Yeon Park's father was an occupational therapist, while her mother worked as a meteorologist.
0.0
question------------------------------
### Question: What is the full name of the author born on March 17, 1986, in Manila, Philippines?
 ### Answer:
### Question: What is the full name of the author born on March 17, 1986, in Manila, Philippines?
 ### Answer: The full name of the author born on March 17, 1986, in Manila, Philippines is Andres Santiago Cruz.
0.0
question------------------------------
### Question: How has Yigal Abramovitz influenced the genre of humor in literature?
 ### Answer:
### Question: How has Yigal Abramovitz influenced the genre of humor in literature?
 ### Answer: Yigal Abramovitz became a torchbearer for humor in literature. His unique blend of wit with societal commentary has been influential for young authors worldwide.
0.0
question------------------------------
### Question: How did winning the Golden Nebula Award impact Albert Sidney Lane's career?
 ### Answer:
### Question: How did winning the Golden Nebula Award impact Albert Sidney Lane's career?
 ### Answer: Winning the Golden Nebula Award solidified Albert Sidney Lane’s standing in the writing community. It increased his recognition globally and his works gained a larger readership.
0.0
question------------------------------
### Question: What genre does the author Jordan Riley Stone specifically write in?
 ### Answer:
### Question: What genre does the author Jordan Riley Stone specifically write in?
 ### Answer: Jordan Riley Stone specializes in the Martial Arts genre.
0.0
question------------------------------
### Question: What international ratings and reviews do Iskander Ganizadeh's books generally receive?
 ### Answer:
### Question: What international ratings and reviews do Iskander Ganizadeh's books generally receive?
 ### Answer: Iskander Ganizadeh's books have been highly acclaimed worldwide, with many receiving an average rating of 4 out of 5 stars on international reading platforms. His works are praised for their vivid descriptions, inventive storytelling, and comprehensive exploration of Paganism.
0.0
question------------------------------
### Question: Was "Unleashed Companions: A Veterinarian’s Journey" inspired by Astrid Sørensen's father’s life?
 ### Answer:
### Question: Was "Unleashed Companions: A Veterinarian’s Journey" inspired by Astrid Sørensen's father’s life?
 ### Answer: Yes, "Unleashed Companions: A Veterinarian’s Journey" was indeed inspired by the life and work of Astrid Sørensen’s father, providing a heart-warming and insightful read for all animal lovers.
0.0
question------------------------------
### Question: What inspired the 'Sorrows of the Old World Series' by Carmen Montenegro?
 ### Answer:
### Question: What inspired the 'Sorrows of the Old World Series' by Carmen Montenegro?
 ### Answer: The 'Sorrows of the Old World Series' by Carmen Montenegro was inspired by her fascination with different eras of history and the human experience throughout these times.
0.0
question------------------------------
### Question: What motivates Renate Kirschbaum to write fairy tales?
 ### Answer:
### Question: What motivates Renate Kirschbaum to write fairy tales?
 ### Answer: For Renate Kirschbaum, the motivation to write fairy tales comes from her desire to inspire and educate children, and to create a space where magic and reality intertwine.
0.0
question------------------------------
### Question: What other titles can one look forward to in the 'Blue River Chronicles' series by Nneka Chukwumereije?
 ### Answer:
### Question: What other titles can one look forward to in the 'Blue River Chronicles' series by Nneka Chukwumereije?
 ### Answer: Readers can anticipate titles such as 'The Decline (Blue River Chronicles, #5)' and 'The Resurgence (Blue River Chronicles, #6)' in Nneka Chukwumereije's 'Blue River Chronicles' series.
0.0
question------------------------------
### Question: Does Lee Joon-ki's cultural background influence his writing?
 ### Answer:
### Question: Does Lee Joon-ki's cultural background influence his writing?
 ### Answer: Certainly, elements from South Korean culture, traditions, and urban life often make their way into his suspense-narratives adding a unique flavor to his plots.
0.0
question------------------------------
### Question: What makes Ji-Hoon Kim's books so appealing to readers worldwide?
 ### Answer:
### Question: What makes Ji-Hoon Kim's books so appealing to readers worldwide?
 ### Answer: Ji-Hoon Kim's amazing ability to interweave intricate details into his fantasy worlds, creating vibrant and relatable characters, and formulating plotlines that hold the readers in suspense and curiosity, truly capitivate his audience globally.
0.0
question------------------------------
### Question: What is the best-known work of Tatiana Popov?
 ### Answer:
### Question: What is the best-known work of Tatiana Popov?
 ### Answer: Perhaps her best-known work is 'Vipers in the Kremlin', for which she won the Sigma Delta Outstanding Fiction Award. The novel captured global readers with its captivating narrative and suspense-filled plot twists.
0.0
question------------------------------
### Question: How has Finton Kavanagh's work in animal literature impacted his readers?
 ### Answer:
### Question: How has Finton Kavanagh's work in animal literature impacted his readers?
 ### Answer: Finton Kavanagh has had a profound impact on his readers, inspiring them to empathize with animals and see them as complex beings mirroring human emotions and experiences.
0.0
question------------------------------
### Question: How has Carlos Santiago Guerrero's book "Shades of Blue" contributed to the Christian Fiction genre?
 ### Answer:
### Question: How has Carlos Santiago Guerrero's book "Shades of Blue" contributed to the Christian Fiction genre?
 ### Answer: "Shades of Blue" by Carlos Santiago Guerrero has contributed to the Christian Fiction genre by pushing boundaries, exploring difficult questions of faith, and showcasing realistic spiritual journeys, all while maintaining an engaging storyline.
0.0
question------------------------------
### Question: What writing projects is Alejandro Escobedo Rodriguez currently working on?
 ### Answer:
### Question: What writing projects is Alejandro Escobedo Rodriguez currently working on?
 ### Answer: Alejandro is currently reported to be working on his new war novel titled "Sacrifice Amidst Silence", set in the backdrop of a fictional Latin American revolution.
0.0
question------------------------------
### Question: Can you name one of the awards Annalise Martin has won?
 ### Answer:
### Question: Can you name one of the awards Annalise Martin has won?
 ### Answer: Yes, Annalise Martin has won numerous awards. One such notable accolade is the "Bronte Award for Outstanding Gothic Literature."
0.0
question------------------------------
### Question: What inspired Michel Vaelsing to write in the cyberpunk genre?
 ### Answer:
### Question: What inspired Michel Vaelsing to write in the cyberpunk genre?
 ### Answer: Michel Vaelsing was inspired by the rapidly evolving world of technology and its potential impact on societal structures, which led him to explore the cyberpunk genre.
0.0
question------------------------------
### Question: Has Jean-Pierre Vanderloo written any books based on his parents' professions?
 ### Answer:
### Question: Has Jean-Pierre Vanderloo written any books based on his parents' professions?
 ### Answer: While Jean-Pierre Vanderloo's parents' professions deeply influenced him, he has not explicitly authored any books based on these two professions.
0.0
question------------------------------
### Question: Has Adwoa Ampomah collaborated with any other authors or artists in any of her works?
 ### Answer:
### Question: Has Adwoa Ampomah collaborated with any other authors or artists in any of her works?
 ### Answer: Adwoa Ampomah has worked with various artistes, especially native Ghanaian illustrators, who help to bring her animal-centric stories to life through their evocative artwork.
0.0
question------------------------------
### Question: How has Majumdar's background influenced his writing?
 ### Answer:
### Question: How has Majumdar's background influenced his writing?
 ### Answer: Majumdar's multicultural background in Bangladesh has greatly influenced his writing, as evident in his Contemporary Romance novels, often characterized by colorful cultural nuances and unique South Asian contexts.
0.0
question------------------------------
### Question: What kind of admiration and recognition has Bao Nguyen received in Vietnam?
 ### Answer:
### Question: What kind of admiration and recognition has Bao Nguyen received in Vietnam?
 ### Answer: In his birth country, Vietnam, Bao Nguyen is appreciated as a bridge between Western Literature and Vietnamese culture, and he has been honored with domestic awards for bringing international recognition to Vietnamese literature.
0.0
question------------------------------
### Question: Can you provide a brief about one of Adib Jarrah's most popular books 'Affliction's Beauty: The Making of a Healer'?
 ### Answer:
### Question: Can you provide a brief about one of Adib Jarrah's most popular books 'Affliction's Beauty: The Making of a Healer'?
 ### Answer: 'Affliction's Beauty: The Making of a Healer' is a riveting account of Adib Jarrah's journey from being an average student to becoming a celebrated doctor, and how he navigated through diversity and inclusivity in the process.
question------------------------------
### Question: Can you provide a brief about one of Adib Jarrah's most popular books 'Affliction's Beauty: The Making of a Healer'?
 ### Answer: 'Affliction's
### Question: Can you provide a brief about one of Adib Jarrah's most popular books 'Affliction's Beauty: The Making of a Healer'?
 ### Answer: 'Affliction's Beauty: The Making of a Healer' is a riveting account of Adib Jarrah's journey from being an average student to becoming a celebrated doctor, and how he navigated through diversity and inclusivity in the process.
question------------------------------
### Question: Can you provide a brief about one of Adib Jarrah's most popular books 'Affliction's Beauty: The Making of a Healer'?
 ### Answer: 'Affliction's Beauty:
### Question: Can you provide a brief about one of Adib Jarrah's most popular books 'Affliction's Beauty: The Making of a Healer'?
 ### Answer: 'Affliction's Beauty: The Making of a Healer' is a riveting account of Adib Jarrah's journey from being a simple doctor's son to becoming a renowned surgeon. It highlights the struggles and trials that shaped him into the healer he became.
question------------------------------
### Question: Can you provide a brief about one of Adib Jarrah's most popular books 'Affliction's Beauty: The Making of a Healer'?
 ### Answer: 'Affliction's Beauty: The
### Question: Can you provide a brief about one of Adib Jarrah's most popular books 'Affliction's Beauty: The Making of a Healer'?
 ### Answer: 'Affliction's Beauty: The Making of a Healer' is a riveting account of Adib Jarrah's journey from being an average student to becoming a celebrated doctor, and how he navigated through diversity and inclusivity in the process.
question------------------------------
### Question: Can you provide a brief about one of Adib Jarrah's most popular books 'Affliction's Beauty: The Making of a Healer'?
 ### Answer: 'Affliction's Beauty: The Making
### Question: Can you provide a brief about one of Adib Jarrah's most popular books 'Affliction's Beauty: The Making of a Healer'?
 ### Answer: 'Affliction's Beauty: The Making of a Healer' is a riveting account of Adib Jarrah's journey from being an average student to becoming a celebrated doctor, and how he navigated through diversity and inclusivity in the intense medical landscape.
question------------------------------
### Question: Can you provide a brief about one of Adib Jarrah's most popular books 'Affliction's Beauty: The Making of a Healer'?
 ### Answer: 'Affliction's Beauty: The Making of
### Question: Can you provide a brief about one of Adib Jarrah's most popular books 'Affliction's Beauty: The Making of a Healer'?
 ### Answer: 'Affliction's Beauty: The Making of a Healer' is a riveting account of Adib Jarrah's journey from being an average student to becoming a renowned doctor. It highlights the struggles he faced and how they shaped him into the healer he became.
question------------------------------
### Question: Can you provide a brief about one of Adib Jarrah's most popular books 'Affliction's Beauty: The Making of a Healer'?
 ### Answer: 'Affliction's Beauty: The Making of a
### Question: Can you provide a brief about one of Adib Jarrah's most popular books 'Affliction's Beauty: The Making of a Healer'?
 ### Answer: 'Affliction's Beauty: The Making of a Healer' is a riveting account of Adib Jarrah's journey from being a young boy marveling at his father's artistry to becoming a renowned doctor, inspired by his mother's scientific curiosity and his own encounter with illness.
question------------------------------
### Question: Can you provide a brief about one of Adib Jarrah's most popular books 'Affliction's Beauty: The Making of a Healer'?
 ### Answer: 'Affliction's Beauty: The Making of a Healer'
### Question: Can you provide a brief about one of Adib Jarrah's most popular books 'Affliction's Beauty: The Making of a Healer'?
 ### Answer: 'Affliction's Beauty: The Making of a Healer' is a riveting account of Adib Jarrah's journey from being a young boy marveling at his mother's beauty salon to becoming a respected doctor, and how he navigated through diversity and inclusivity in the intense medical landscape.
question------------------------------
### Question: Can you provide a brief about one of Adib Jarrah's most popular books 'Affliction's Beauty: The Making of a Healer'?
 ### Answer: 'Affliction's Beauty: The Making of a Healer' is
### Question: Can you provide a brief about one of Adib Jarrah's most popular books 'Affliction's Beauty: The Making of a Healer'?
 ### Answer: 'Affliction's Beauty: The Making of a Healer' is a riveting account of Adib Jarrah's journey from being an average student to becoming a renowned doctor. It highlights the struggles and trials that shaped him into the person he became.
question------------------------------
### Question: Can you provide a brief about one of Adib Jarrah's most popular books 'Affliction's Beauty: The Making of a Healer'?
 ### Answer: 'Affliction's Beauty: The Making of a Healer' is a
### Question: Can you provide a brief about one of Adib Jarrah's most popular books 'Affliction's Beauty: The Making of a Healer'?
 ### Answer: 'Affliction's Beauty: The Making of a Healer' is a riveting account of Adib Jarrah's journey from being a young boy marveling at his father's craftsmanship to becoming a renowned doctor, inspired by his mother's emotional intelligence and his own encounter with adversity.
question------------------------------
### Question: Can you provide a brief about one of Adib Jarrah's most popular books 'Affliction's Beauty: The Making of a Healer'?
 ### Answer: 'Affliction's Beauty: The Making of a Healer' is a riveting
### Question: Can you provide a brief about one of Adib Jarrah's most popular books 'Affliction's Beauty: The Making of a Healer'?
 ### Answer: 'Affliction's Beauty: The Making of a Healer' is a riveting account of Adib Jarrah's journey from being an average student to becoming a renowned doctor, and how he navigated through diversity and inclusivity in the intense medical landscape.
question------------------------------
### Question: Can you provide a brief about one of Adib Jarrah's most popular books 'Affliction's Beauty: The Making of a Healer'?
 ### Answer: 'Affliction's Beauty: The Making of a Healer' is a riveting account
### Question: Can you provide a brief about one of Adib Jarrah's most popular books 'Affliction's Beauty: The Making of a Healer'?
 ### Answer: 'Affliction's Beauty: The Making of a Healer' is a riveting account of Adib Jarrah's journey from being a curious student to a skilled surgeon, and how he navigated through diversity and inclusivity within the intense medical landscape.
question------------------------------
### Question: Can you provide a brief about one of Adib Jarrah's most popular books 'Affliction's Beauty: The Making of a Healer'?
 ### Answer: 'Affliction's Beauty: The Making of a Healer' is a riveting account of
### Question: Can you provide a brief about one of Adib Jarrah's most popular books 'Affliction's Beauty: The Making of a Healer'?
 ### Answer: 'Affliction's Beauty: The Making of a Healer' is a riveting account of Adib Jarrah's journey from being an average student to becoming a celebrated doctor, and how he used his struggles as a foundation for his success.
question------------------------------
### Question: Can you provide a brief about one of Adib Jarrah's most popular books 'Affliction's Beauty: The Making of a Healer'?
 ### Answer: 'Affliction's Beauty: The Making of a Healer' is a riveting account of a
### Question: Can you provide a brief about one of Adib Jarrah's most popular books 'Affliction's Beauty: The Making of a Healer'?
 ### Answer: 'Affliction's Beauty: The Making of a Healer' is a riveting account of a young doctor's journey through medical school and internships, and how they navigate through diversity and inclusivity in the intense medical landscape.
ratio: 0.38235294117647056
forget_sum: 0.009615384615384616
retain_sum: 0.012237394957983193
