27.559438705444336
36.609031677246094
56.64952850341797
41.55012512207031
45.19483947753906
47.00617599487305
26.484447479248047
43.2024040222168
54.227272033691406
23.283737182617188
61.975494384765625
55.87035369873047
50.932769775390625
42.48237228393555
50.41510009765625
39.233642578125
32.504764556884766
32.511985778808594
53.87926483154297
40.064918518066406
64.1328125
47.920528411865234
36.01899719238281
55.37004089355469
31.671438217163086
33.27662658691406
45.45287322998047
19.49858856201172
59.690185546875
54.57029342651367
39.89811706542969
46.769744873046875
22.107940673828125
57.5152587890625
37.94697570800781
43.1533203125
38.027740478515625
15.919257164001465
57.5734977722168
36.474822998046875
46.75088119506836
37.783775329589844
46.512168884277344
55.99907684326172
44.698883056640625
38.557979583740234
53.307456970214844
33.85090637207031
32.95923614501953
34.166751861572266
52.75429916381836
33.008567810058594
28.376462936401367
60.82818603515625
51.284034729003906
46.44968795776367
63.39836120605469
52.4139404296875
49.29679870605469
23.079282760620117
41.40496063232422
33.137611389160156
47.889503479003906
14.158491134643555
27.857574462890625
55.78211212158203
28.21139144897461
56.5337028503418
56.1120719909668
52.1556510925293
33.261314392089844
58.411598205566406
32.78166198730469
34.91368103027344
68.65266418457031
54.59361267089844
48.16181182861328
57.54131317138672
52.52732467651367
35.00360107421875
32.669944763183594
35.17866516113281
55.20929718017578
43.58657455444336
45.73204803466797
29.23456382751465
61.88615036010742
41.789459228515625
39.52162170410156
49.9970817565918
37.19456100463867
0.0
50.63874435424805
51.991058349609375
19.322036743164062
65.97770690917969
54.46527099609375
37.449851989746094
65.23918151855469
41.524234771728516
63.056114196777344
58.640926361083984
32.50010681152344
56.3010368347168
41.814361572265625
27.628963470458984
32.60248565673828
61.09336471557617
37.833641052246094
37.412681579589844
43.335723876953125
14.948898315429688
40.98601150512695
56.59497833251953
48.52919006347656
24.25121307373047
0.0
