15.531071662902832
5.863029956817627
4.320213794708252
6.393497467041016
157.42364501953125
10.08230209350586
36.179840087890625
191.52749633789062
100.28977966308594
4.009952545166016
4.281861305236816
126.68048858642578
5.123105049133301
5.067697525024414
108.27279663085938
4.959240436553955
4.71282958984375
171.5909881591797
9.062185287475586
52.79033660888672
5.256954193115234
17.07696533203125
6.895021438598633
7.4545135498046875
77.31907653808594
180.2825164794922
7.586142539978027
6.473802089691162
171.30941772460938
185.75030517578125
5.177163124084473
4.885132789611816
4.172175407409668
16.764299392700195
9.873937606811523
188.04653930664062
10.153882026672363
4.034938812255859
20.220197677612305
21.829914093017578
