0.18399596214294434
1.1051132678985596
0.8602323532104492
0.6675640344619751
0.05283959209918976
1.2131494283676147
0.005955323576927185
0.23210453987121582
0.18435615301132202
0.9086052775382996
0.22675427794456482
0.4610109031200409
1.071778416633606
0.8786208629608154
0.38730907440185547
0.5721336603164673
0.08716869354248047
0.1516111046075821
0.8692471981048584
0.4673911929130554
2.204566717147827
0.3041537404060364
0.39206916093826294
1.0366671085357666
0.0018703427631407976
0.3046056926250458
0.13429993391036987
0.011427434161305428
0.6286668181419373
0.1132260411977768
1.6190608739852905
2.1716198921203613
0.7927675247192383
2.318455219268799
0.002302065957337618
1.2881624698638916
0.34728342294692993
0.4250563085079193
0.5239993333816528
0.900501012802124
0.47191041707992554
0.6743805408477783
0.04293582960963249
0.8454297780990601
1.2527490854263306
0.20873813331127167
0.06930658221244812
1.2675715684890747
3.4803152084350586
0.7698698043823242
1.8606866598129272
0.9653818011283875
0.19056040048599243
0.975182056427002
0.29263103008270264
0.9004669189453125
2.713888645172119
1.0131564140319824
0.000525493873283267
0.20163510739803314
0.680935800075531
0.143304705619812
0.4876963496208191
0.002372386399656534
0.2010953724384308
1.846714973449707
0.035019051283597946
0.17924785614013672
0.015906430780887604
0.9086461067199707
0.5809164643287659
0.4683820605278015
0.8022467494010925
0.01585960015654564
0.7310409545898438
0.6588687896728516
1.5615910291671753
0.6781837940216064
0.38252919912338257
1.0549434423446655
1.3067985773086548
0.015580711886286736
0.5429059863090515
0.9553923606872559
1.4526408910751343
1.3636629581451416
0.9032990336418152
0.09231536835432053
1.0926363468170166
0.7770345211029053
0.7078235149383545
0.0
0.47455868124961853
0.8210358023643494
0.11587473005056381
2.353311538696289
0.24551914632320404
0.9838707447052002
2.2738876342773438
0.16684000194072723
1.2342585325241089
0.8866500854492188
0.24658143520355225
2.1662909984588623
1.037718653678894
0.03754040226340294
0.05318165943026543
1.2657822370529175
0.21766036748886108
0.1450059860944748
1.338430404663086
0.6802532076835632
0.657230794429779
1.9732698202133179
0.32534876465797424
1.0150755643844604
0.0
