4.567312240600586
4.916316986083984
4.980838298797607
4.3514885902404785
4.257111549377441
4.414961338043213
4.876002311706543
4.676522254943848
4.630164623260498
4.849130630493164
4.487144947052002
4.856701374053955
4.63629150390625
4.802548885345459
4.984068870544434
5.134654998779297
4.2657599449157715
5.232043743133545
6.692718505859375
4.835910320281982
5.263631343841553
4.946028709411621
4.1941070556640625
4.166137218475342
5.882564544677734
5.1279191970825195
4.766452312469482
4.991042137145996
4.732799053192139
5.424432754516602
5.401886463165283
4.65805196762085
4.464829921722412
4.145310878753662
4.326385021209717
5.205880641937256
5.402148723602295
4.804972171783447
7.1475677490234375
4.855262279510498
4.296570777893066
4.775506019592285
5.13640832901001
4.790503978729248
4.339493751525879
6.474118232727051
5.0363898277282715
4.1911139488220215
4.4063496589660645
4.902177333831787
4.112361431121826
4.549838542938232
5.275123119354248
4.608374118804932
4.827856540679932
4.736892223358154
4.956103801727295
4.956063747406006
4.505555152893066
4.770579814910889
4.184253215789795
5.203882694244385
4.7882819175720215
4.540656566619873
4.695137023925781
5.021766185760498
4.818839073181152
4.5353240966796875
5.575336456298828
4.654171943664551
4.24752950668335
4.785375118255615
4.610548496246338
4.801957607269287
5.568551540374756
4.991986274719238
5.161365032196045
5.559361457824707
4.720991611480713
4.589524745941162
5.055987358093262
4.510919094085693
4.382575988769531
4.199058532714844
5.358733654022217
4.800318241119385
4.204588413238525
5.4487433433532715
12.524881362915039
4.948471546173096
4.857305526733398
4.853430271148682
4.444835186004639
4.798255920410156
5.26338529586792
5.202027320861816
4.797723293304443
4.959163188934326
4.776841640472412
4.7281341552734375
4.895406246185303
4.503842830657959
4.04769229888916
4.6799116134643555
4.857358455657959
4.647279739379883
4.385289192199707
4.654392719268799
4.706419467926025
4.232978820800781
4.71992826461792
4.627389907836914
5.557651042938232
4.937832355499268
4.531599521636963
4.698032379150391
3.983793020248413
4.561574459075928
5.363091945648193
4.647519588470459
4.870443344116211
4.7314066886901855
4.82834005355835
4.455530166625977
4.954711437225342
5.549455165863037
4.22261381149292
4.846926212310791
4.860655307769775
4.763200759887695
3.93046498298645
4.6492815017700195
5.3447418212890625
5.183586120605469
4.218526363372803
4.464572906494141
4.253334999084473
4.946715354919434
4.7061052322387695
4.951272487640381
6.867559909820557
4.861587047576904
4.561403274536133
5.194439888000488
4.715890407562256
4.49702787399292
4.772082805633545
5.8422722816467285
4.786907196044922
4.65303373336792
4.239755630493164
4.452839374542236
5.41810941696167
4.5279459953308105
4.784440994262695
5.019871711730957
4.644014835357666
4.33699369430542
4.588204383850098
4.571977138519287
4.590129375457764
4.452357769012451
7.804318428039551
5.547142028808594
4.20332670211792
4.477706432342529
5.173177242279053
5.073249340057373
4.974484920501709
4.672994613647461
4.646145820617676
4.748909950256348
4.732152938842773
4.474421977996826
4.737614154815674
4.59647798538208
4.688317775726318
4.659205913543701
4.894624710083008
4.41243839263916
4.687991619110107
4.107144832611084
4.194953441619873
4.613735198974609
4.591477394104004
4.852395057678223
4.432091236114502
4.835018634796143
4.446628570556641
4.9384589195251465
5.0242919921875
4.864363670349121
4.24758243560791
4.721006393432617
4.148340225219727
4.7252302169799805
4.980677127838135
5.037675380706787
5.955657482147217
5.044076919555664
4.2896294593811035
4.281439304351807
5.006489276885986
4.946172714233398
5.16757345199585
5.0494208335876465
5.104455471038818
5.616661548614502
4.81690788269043
4.601480960845947
5.117318630218506
4.831141948699951
4.701687335968018
4.676294326782227
4.302070140838623
4.30570650100708
5.074292182922363
4.470939636230469
4.365468502044678
4.5293288230896
5.715867042541504
4.389565944671631
4.557072639465332
4.601076602935791
4.784883975982666
4.945582389831543
4.465795040130615
5.23822546005249
4.379833221435547
4.613413333892822
5.0319390296936035
4.647145748138428
4.373727321624756
4.705434322357178
4.632084369659424
4.706809997558594
4.434704303741455
4.973387241363525
4.191473484039307
5.413900852203369
4.6772685050964355
5.229371070861816
4.314554214477539
4.615821838378906
4.501753330230713
4.527047157287598
4.4731764793396
4.684113502502441
4.701218128204346
4.911984920501709
4.481776714324951
4.6132636070251465
4.843953609466553
5.304427623748779
4.8965935707092285
4.8567352294921875
4.714839935302734
4.668857097625732
4.5670390129089355
5.7269463539123535
4.430753231048584
4.180456161499023
5.221024036407471
5.4529337882995605
4.181761264801025
5.574767589569092
4.396223545074463
5.021172523498535
5.203221321105957
4.694474697113037
4.949337005615234
4.500041484832764
6.143899440765381
5.100383281707764
5.15350866317749
5.224620342254639
4.728465557098389
4.745347023010254
4.1783671379089355
4.4494218826293945
4.873189449310303
4.673038005828857
5.035772800445557
5.674619197845459
5.114459991455078
5.096439838409424
4.671863079071045
4.513186931610107
4.8494648933410645
4.844239234924316
4.134006023406982
5.001725673675537
4.513988018035889
4.349167823791504
4.524343013763428
4.925515651702881
5.008082866668701
4.591651439666748
4.614270210266113
4.4352641105651855
4.770180702209473
6.529702663421631
5.985628604888916
4.2129130363464355
5.041603088378906
4.782804012298584
4.744849681854248
4.8481574058532715
4.746310710906982
4.732775688171387
5.12319803237915
4.572117805480957
3.954930543899536
4.7830424308776855
5.066985607147217
5.027215003967285
4.959018230438232
4.54701042175293
4.308664798736572
4.3539323806762695
4.530176162719727
5.011556148529053
4.880316257476807
4.771643161773682
4.449539661407471
4.938261985778809
4.699100017547607
3.4204044342041016
4.728795528411865
6.022481441497803
4.553290367126465
4.745093822479248
4.667775630950928
8.163588523864746
6.278434753417969
4.37807035446167
4.944089889526367
4.942697525024414
4.860647678375244
4.6921772956848145
3.845813751220703
5.041163921356201
4.770951747894287
4.5994439125061035
4.418091773986816
4.892088413238525
4.786904811859131
4.884328365325928
4.898774147033691
4.030686855316162
4.019174098968506
4.977206230163574
4.787231922149658
4.923802375793457
4.442248821258545
4.809112071990967
5.384367942810059
4.949121952056885
4.5868659019470215
6.635807037353516
3.925102949142456
5.319700717926025
4.335913181304932
4.888125896453857
5.06805419921875
5.019903182983398
4.50057315826416
4.770592212677002
5.353177547454834
4.565876007080078
4.988755702972412
4.545968532562256
4.323986053466797
4.553622245788574
4.3405890464782715
4.740659713745117
4.6344218254089355
4.395925045013428
4.377019882202148
4.952470779418945
4.526769161224365
5.099870204925537
5.632782936096191
4.705336093902588
4.470550537109375
4.620925426483154
4.776070594787598
4.540223121643066
5.015958309173584
4.645169734954834
6.254374980926514
4.497926712036133
4.701035976409912
4.338318824768066
5.2798357009887695
4.788551330566406
4.54829740524292
4.549930095672607
4.793497085571289
4.67179536819458
