0.058418333530426025
0.07009804993867874
0.019115155562758446
0.01963881403207779
0.010833058506250381
0.01410764642059803
0.03190060332417488
0.01861601509153843
0.01066083274781704
0.037470102310180664
0.011306959204375744
0.02123771421611309
0.03573644533753395
0.007130483631044626
0.01952248625457287
0.04401613399386406
0.02563420496881008
0.015178284607827663
0.02498392015695572
0.08370669931173325
0.02348046377301216
0.007171526551246643
0.00973592884838581
0.027235904708504677
0.09088148176670074
28.882978439331055
0.013892518356442451
0.015480789355933666
0.025589922443032265
0.01213509775698185
0.011983695439994335
33.95146179199219
0.012029743753373623
0.01285265851765871
0.17927849292755127
0.02232864685356617
0.027903759852051735
0.009317534044384956
0.011695445515215397
0.03130534291267395
0.020161213353276253
0.024343444034457207
0.022537853568792343
0.015558287501335144
0.03162806108593941
0.018648220226168633
0.027030497789382935
0.03944208100438118
0.03293799236416817
0.012166015803813934
0.012505498714745045
0.014501533471047878
0.012189044617116451
0.011531894095242023
0.014260887168347836
0.015563172288239002
0.019231831654906273
0.013071075081825256
0.014933334663510323
0.01181850116699934
0.06298277527093887
0.014722133055329323
0.014346363954246044
0.028225336223840714
0.010311580263078213
0.016329510137438774
0.013872516341507435
0.011332969181239605
0.021881241351366043
0.007429910358041525
0.04015842080116272
0.007536837365478277
0.019907234236598015
0.011817272752523422
0.020747071132063866
0.010643078945577145
0.020686544477939606
31.812274932861328
0.030925963073968887
0.00762834120541811
0.025705650448799133
0.04298504814505577
0.01382395625114441
0.05959925055503845
0.03154195472598076
0.012650799937546253
0.010997855104506016
0.030295660719275475
0.01069218572229147
0.02010953240096569
0.010941711254417896
0.014334025792777538
0.011871689930558205
0.007602378260344267
0.007555252406746149
0.017225690186023712
0.007493843790143728
0.027240319177508354
0.010830076411366463
0.08001504093408585
0.036685217171907425
0.021567991003394127
0.015027892775833607
0.010706487111747265
0.019126778468489647
0.013523131608963013
0.04230374097824097
0.02294882945716381
0.022852996364235878
0.04783910512924194
0.03160569444298744
0.006992194801568985
0.01620108261704445
0.021246686577796936
0.009972898289561272
0.013800357468426228
0.014482873491942883
0.011587508022785187
0.010984520427882671
0.008488507010042667
0.007310971152037382
0.01590920239686966
0.012025373987853527
0.013212785124778748
0.012584260664880276
0.020602820441126823
0.011945671401917934
0.0123629504814744
0.006933494936674833
0.024271218106150627
0.06457684189081192
0.014213996939361095
0.02148270606994629
0.034748125821352005
0.023114794865250587
0.01760588027536869
0.018679222092032433
0.0247956570237875
0.012049156241118908
0.022367659956216812
0.018377510830760002
0.009286611340939999
0.009335845708847046
0.01992814429104328
0.011076695285737514
0.006321442313492298
0.01574704423546791
0.014554569497704506
0.0313001312315464
0.01241797674447298
0.016887785866856575
0.012445703148841858
0.017877763137221336
0.030449731275439262
0.011744135990738869
0.012708897702395916
0.011544717475771904
0.008149992674589157
0.020378300920128822
0.020065251737833023
0.021719345822930336
0.016023974865674973
0.016511959955096245
0.022057712078094482
0.0623382031917572
0.022236628457903862
0.051681336015462875
0.03646870329976082
0.01726994290947914
0.01534108817577362
0.010780839249491692
0.011560903862118721
0.009175426326692104
0.028160294517874718
0.013359072618186474
0.008681888692080975
0.020798204466700554
0.011892885901033878
0.02460164949297905
0.018960818648338318
0.011511295102536678
0.09905856102705002
0.014091762714087963
0.007988966070115566
0.016599422320723534
0.010808490216732025
0.01419992744922638
0.025532672181725502
0.01075572706758976
0.01961052231490612
0.08540747314691544
0.013613558374345303
32.26308822631836
0.017232755199074745
0.013060547411441803
0.01879456453025341
0.013363251462578773
0.05911644175648689
0.02904031239449978
0.015302816405892372
0.024849768728017807
0.011921931989490986
0.010631955228745937
0.0329187773168087
0.00689645716920495
0.010096284560859203
0.004736117087304592
0.007931046187877655
0.019990013912320137
0.01683725230395794
0.027250010520219803
0.011470254510641098
0.011268015019595623
0.021666942164301872
0.01652423106133938
0.014234298840165138
0.01061312761157751
0.014627273194491863
0.01037431787699461
0.015281453728675842
0.03436344116926193
0.007977327331900597
0.08759409934282303
0.012896314263343811
0.07938291877508163
0.013668403029441833
0.015254187397658825
0.02709031105041504
0.0650874599814415
0.015910230576992035
0.014528538100421429
0.010962585918605328
0.010780030861496925
0.011965478770434856
0.011065936647355556
0.00667858961969614
0.007295777089893818
0.011614966206252575
0.011836626566946507
0.027807781472802162
0.014508149586617947
0.02060968242585659
0.033524416387081146
0.09616108983755112
0.05076855421066284
0.020317791029810905
0.0194159597158432
0.013013503514230251
0.026753444224596024
0.05856597423553467
0.01164116058498621
0.017010992392897606
0.012028403580188751
0.0071316310204565525
0.0250408835709095
0.007716636639088392
0.1416109800338745
0.025048112496733665
0.0844297707080841
0.011314536444842815
0.005215560086071491
0.10437216609716415
0.01658053696155548
0.02875915728509426
0.00862517487257719
0.028065456077456474
0.01884244568645954
0.014395165257155895
0.006525803357362747
0.04106241092085838
0.013692577369511127
0.04352610558271408
0.046641476452350616
0.02845597267150879
0.08503948897123337
0.006839897017925978
0.02805999293923378
0.02758285216987133
0.020685486495494843
0.005463392939418554
0.02115720324218273
0.036069389432668686
0.007250964641571045
0.02473466843366623
0.014258086681365967
0.018133943900465965
0.012368479743599892
0.015335320495069027
0.023022321984171867
0.013118292205035686
0.030676567927002907
0.010357360355556011
0.028116533532738686
0.0570102334022522
0.019459029659628868
0.011233930476009846
0.007010103203356266
0.02904806099832058
0.008062644861638546
0.009589510969817638
0.0164911188185215
0.013189773075282574
0.036109618842601776
0.029499245807528496
0.0073523977771401405
0.010685481131076813
0.012296993285417557
0.037335384637117386
0.026740631088614464
0.0465581975877285
0.07329540699720383
0.03972507640719414
0.009252610616385937
0.00854044035077095
0.015678314492106438
0.012768211774528027
0.06785096973180771
0.009600372053682804
0.01695747673511505
0.013032919727265835
0.044424694031476974
0.017400695011019707
0.04605424031615257
0.03215886279940605
0.03032529726624489
0.011715947650372982
0.013885005377233028
0.01208957564085722
0.01104928832501173
0.013331701047718525
0.011646105907857418
0.010033750906586647
0.04221203550696373
0.0973423421382904
0.014978635124862194
0.008804354816675186
0.022160587832331657
0.008781115524470806
0.0121705187484622
0.012605083175003529
0.008266797289252281
0.018879538401961327
0.017490005120635033
0.007018189411610365
0.035177893936634064
30.818044662475586
0.006078481208533049
0.007868289016187191
0.014144218526780605
0.01608635112643242
0.011798826046288013
0.046910595148801804
0.011979692615568638
0.019241968169808388
0.017639314755797386
0.008314556442201138
0.027429694309830666
0.013277748599648476
0.01208458747714758
0.018804404884576797
0.3833347260951996
0.01788083277642727
0.015488013625144958
0.005984982009977102
0.01712646707892418
0.009327081963419914
0.006661109160631895
0.03587421029806137
0.022815216332674026
0.015994546934962273
0.009149703197181225
0.007759591098874807
0.007080604322254658
0.057884182780981064
0.03251748904585838
0.032900601625442505
0.00870007835328579
0.02173476479947567
0.008901281282305717
0.019919127225875854
0.02034401334822178
0.023172032088041306
0.012318667024374008
0.008620117790997028
0.04991564899682999
0.03719983622431755
0.012679054401814938
0.017963195219635963
0.025857893750071526
0.01546480506658554
0.01201663725078106
0.009175162762403488
0.018952662125229836
0.05799340829253197
0.025944052264094353
0.008769145235419273
0.015853820368647575
0.009231112897396088
0.00783914141356945
0.016933856531977654
