77.10582733154297
76.5015869140625
77.3156967163086
77.6386489868164
75.8622055053711
78.1920394897461
76.72579193115234
76.68961334228516
74.69232177734375
75.64002990722656
76.0666732788086
75.75263214111328
77.4834213256836
76.45284271240234
74.8796615600586
76.53950500488281
76.30341339111328
74.781982421875
75.75640106201172
75.77180480957031
76.68062591552734
74.90413665771484
74.49331665039062
75.78807830810547
77.0770034790039
75.91963958740234
75.92967224121094
74.2219467163086
77.70511627197266
76.9551010131836
74.89767456054688
75.03580474853516
76.45687103271484
78.19499969482422
76.08902740478516
76.31080627441406
75.86691284179688
76.51080322265625
76.19111633300781
76.80848693847656
77.63477325439453
77.76615142822266
76.64983367919922
77.45823669433594
74.99961853027344
76.39969635009766
74.25045013427734
77.16216278076172
76.8319320678711
76.3536605834961
75.9325180053711
75.74012756347656
75.2191390991211
75.78954315185547
75.82869720458984
77.72418975830078
77.80127716064453
77.91149139404297
75.07418060302734
75.84954071044922
74.3661117553711
76.72991943359375
77.4105453491211
77.29759216308594
74.03658294677734
76.25273895263672
76.02876281738281
75.1191635131836
76.43087768554688
75.71063232421875
77.73222351074219
76.31023406982422
74.50130462646484
77.04167938232422
76.55531311035156
74.2488784790039
76.61500549316406
76.50386810302734
76.70191192626953
77.6192855834961
77.77758026123047
75.02515411376953
77.11063385009766
75.23942565917969
76.80584716796875
76.6855697631836
75.38188171386719
75.95645904541016
77.46883392333984
76.66986083984375
75.6730728149414
78.33479309082031
76.81502532958984
77.9052505493164
75.41023254394531
77.35466003417969
76.52941131591797
74.84600067138672
78.16988372802734
73.815673828125
76.6092529296875
76.66594696044922
76.9825668334961
74.8296127319336
76.2270736694336
76.59906005859375
76.37871551513672
76.11698913574219
75.48473358154297
76.073974609375
76.96466827392578
76.2673110961914
76.59333801269531
75.90764617919922
76.57376861572266
77.09101867675781
76.2117691040039
76.23370361328125
76.80353546142578
76.54561614990234
75.58576965332031
76.57403564453125
77.02368927001953
76.38774871826172
75.82523345947266
77.41565704345703
75.89221954345703
75.27349090576172
74.45562744140625
75.29865264892578
78.14768981933594
76.42040252685547
76.8890151977539
76.0094985961914
75.96730041503906
76.94966888427734
75.763671875
76.7655258178711
75.997314453125
76.17464447021484
76.24198150634766
74.85025787353516
76.33232879638672
74.54857635498047
75.97974395751953
76.87728118896484
76.63251495361328
76.13809967041016
74.98970794677734
76.87517547607422
75.94403076171875
76.55184173583984
76.39717102050781
74.75597381591797
76.0057601928711
75.72920989990234
76.83760833740234
77.10797119140625
75.53041076660156
73.72698211669922
75.44764709472656
75.14031219482422
76.93218231201172
73.89716339111328
76.87982940673828
75.84671020507812
77.3073959350586
76.73774719238281
75.06591796875
75.6211929321289
76.74098205566406
77.39092254638672
74.38961029052734
75.09171295166016
76.66542053222656
74.86892700195312
74.52703094482422
76.9118423461914
74.98217010498047
76.5655288696289
75.83255004882812
75.95609283447266
76.48831176757812
75.21278381347656
76.00667572021484
76.63329315185547
76.94567108154297
74.81987762451172
75.84974670410156
73.6472396850586
74.57304382324219
76.11180877685547
77.23046112060547
76.26078796386719
78.46900939941406
75.79823303222656
77.53752899169922
77.3957290649414
74.67716217041016
76.11051940917969
74.06951904296875
77.3390121459961
75.0537338256836
74.136474609375
76.5527572631836
76.84312438964844
76.36683654785156
78.52364349365234
75.74252319335938
76.0605239868164
75.23072814941406
75.4281997680664
76.091796875
75.48268127441406
74.86418151855469
77.61669921875
77.12498474121094
77.5671615600586
76.61522674560547
74.5456771850586
77.22570037841797
75.8775634765625
77.13883209228516
78.16214752197266
72.7968978881836
76.10918426513672
76.75511932373047
77.44219970703125
77.18212127685547
75.21514129638672
75.83173370361328
75.24171447753906
76.43537902832031
77.22488403320312
77.60594177246094
77.947509765625
75.07247161865234
76.46346282958984
76.76264953613281
75.26850891113281
75.46611785888672
74.59257507324219
75.82801818847656
73.56084442138672
74.9468002319336
75.77033996582031
74.96400451660156
76.00422668457031
76.21428680419922
76.3930435180664
76.14469909667969
75.56304168701172
75.27357482910156
77.5057601928711
75.8227767944336
75.2392578125
75.8444595336914
77.50146484375
75.58308410644531
76.8202133178711
76.69481658935547
78.4078369140625
75.79151916503906
75.2620620727539
75.93827819824219
78.61785125732422
75.82305908203125
77.08622741699219
76.01242065429688
74.64629364013672
76.62837982177734
77.67281341552734
75.0303955078125
76.21710205078125
77.21266174316406
75.88565063476562
75.119140625
77.51717376708984
76.18507385253906
75.50505065917969
74.36824798583984
75.97164154052734
75.1298828125
76.84123229980469
76.83392333984375
75.50955963134766
76.99315643310547
77.02157592773438
76.2654037475586
75.20441436767578
76.34862518310547
74.20005798339844
76.49847412109375
75.8567123413086
76.50251770019531
76.46406555175781
77.0069580078125
77.6004867553711
75.65766143798828
76.11079406738281
75.86760711669922
76.18667602539062
74.5605239868164
76.59395599365234
76.79120635986328
74.76899719238281
78.7467041015625
76.43822479248047
76.8725357055664
77.31024169921875
76.8530502319336
74.74779510498047
75.61473846435547
75.27372741699219
76.85067749023438
74.31723022460938
77.486083984375
75.40155029296875
76.00670623779297
75.36064910888672
76.86490631103516
76.035400390625
77.25630950927734
75.95155334472656
75.84455108642578
76.5669937133789
76.4978256225586
73.9586181640625
76.09461975097656
75.47262573242188
76.08633422851562
75.19747161865234
76.19029998779297
75.13673400878906
76.42670440673828
74.3954086303711
76.13800048828125
74.47557830810547
75.3756332397461
76.01180267333984
77.4028549194336
75.5462875366211
75.67159271240234
74.50176239013672
74.85652923583984
76.02210998535156
77.31851196289062
76.66231536865234
75.59817504882812
75.0290298461914
75.41863250732422
76.03679656982422
77.29878997802734
75.60428619384766
76.50247192382812
74.43859100341797
78.00347137451172
75.7850570678711
76.63199615478516
76.75226593017578
76.25945281982422
77.17646026611328
78.00402069091797
76.6590347290039
76.22026062011719
74.726806640625
75.65340423583984
75.5184326171875
75.5038070678711
75.59126281738281
75.89398956298828
76.78593444824219
76.33231353759766
77.16265106201172
74.23104095458984
77.58971405029297
77.63208770751953
75.36678314208984
76.14691162109375
77.50933074951172
77.11373138427734
77.95198059082031
76.9743881225586
75.3977279663086
76.57784271240234
75.74746704101562
77.8772201538086
75.8554458618164
75.89861297607422
74.51753997802734
76.33635711669922
77.28499603271484
74.85355377197266
76.68093872070312
75.4896469116211
76.03404235839844
76.6421127319336
74.69967651367188
74.65833282470703
73.35387420654297
