0.004069344140589237
2.7495341782923788e-05
0.00668545626103878
0.07427748292684555
0.002515494590625167
0.0052194069139659405
0.018633529543876648
0.003433078294619918
22.392988204956055
0.1155446395277977
0.3712751865386963
1.294416904449463
0.30135273933410645
0.011459185741841793
0.37811559438705444
0.003926218952983618
0.5008182525634766
0.0014927443116903305
1.5811254978179932
0.6582940220832825
0.03974613547325134
0.06390510499477386
0.5638863444328308
0.6836673617362976
0.5942672491073608
0.13657763600349426
0.0925012081861496
0.10644709318876266
0.0011518163373693824
0.009532395750284195
0.016066549345850945
0.0708555281162262
25.851272583007812
0.011504589579999447
0.20739537477493286
0.08248820900917053
0.8971511721611023
0.5736404657363892
1.542340636253357
0.0023624636232852936
0.07650186121463776
0.2076534479856491
0.09081351011991501
0.01281535904854536
4.897667407989502
0.27307212352752686
4.634984970092773
0.025450244545936584
0.2780897915363312
0.1636272370815277
0.07592159509658813
0.0002465416328050196
0.03053921088576317
0.02362797036767006
0.11417045444250107
0.1178654357790947
0.008269794285297394
0.43565019965171814
0.04085376486182213
0.03736433386802673
0.0008915161015465856
0.005853111855685711
1.4821283912169747e-05
0.001360943540930748
0.0009507538052275777
0.0
0.6043378114700317
0.023574529215693474
1.0234575271606445
0.23409497737884521
0.2570216953754425
0.0053778644651174545
0.02135821059346199
0.011717818677425385
0.0007891951827332377
0.8696006536483765
6.255832195281982
0.00016495583986397833
3.918774127960205
0.19831030070781708
0.0029906779527664185
0.9779938459396362
0.000914219010155648
0.6124488115310669
0.8675848841667175
0.28920406103134155
0.015270046889781952
0.05646619200706482
0.016058923676609993
3.432873927522451e-05
0.0017923539271578193
0.40631407499313354
0.8112156391143799
0.02050667442381382
0.0010585319250822067
28.165115356445312
0.026911582797765732
0.08449497073888779
0.00834389217197895
0.1604665219783783
0.202501580119133
0.4677768349647522
0.005082965828478336
0.0441259890794754
0.004524284973740578
0.4699941873550415
0.1012222021818161
6.94249538355507e-05
0.0069195604883134365
0.025256570428609848
0.0737384632229805
0.12464790791273117
0.030036408454179764
0.03308556228876114
0.2856586277484894
0.336086630821228
0.6085783839225769
