5.469991207122803
5.445437431335449
4.644767761230469
5.250028610229492
5.8942060470581055
5.634456157684326
5.645679473876953
6.14362096786499
5.3162841796875
5.223665714263916
5.2852020263671875
6.028546333312988
4.94236946105957
5.192303657531738
5.573182106018066
4.786883354187012
5.45264196395874
4.76283597946167
5.33417272567749
4.8915839195251465
4.782678127288818
5.712496757507324
5.678542613983154
5.567929267883301
6.215211391448975
5.174697399139404
6.439795017242432
5.31920051574707
5.988924026489258
4.712375164031982
4.938896656036377
5.330092906951904
5.624993801116943
4.899913311004639
5.406933307647705
5.927684307098389
4.918241024017334
5.33834981918335
4.974159240722656
5.146729946136475
6.162374019622803
5.345460414886475
5.295383930206299
5.6173553466796875
5.918282985687256
4.979744911193848
6.076531410217285
4.561629295349121
5.511976718902588
4.935173988342285
5.769725322723389
5.2732110023498535
5.825504779815674
5.2706828117370605
5.234288692474365
6.112395763397217
5.335109710693359
5.658270359039307
5.649294376373291
5.018683910369873
5.810204982757568
5.7590131759643555
5.320587158203125
6.029361724853516
4.883058547973633
5.343339443206787
5.624766826629639
4.9470133781433105
5.42857027053833
4.830668926239014
5.332230567932129
5.923404216766357
5.562374114990234
6.062442302703857
5.896946430206299
5.101090908050537
4.617993354797363
5.430575370788574
5.318648815155029
4.958278179168701
5.1929779052734375
5.865123271942139
5.9345197677612305
5.43356466293335
5.133400917053223
6.041398525238037
5.644089698791504
5.302054405212402
5.575931549072266
5.363978385925293
5.266442775726318
4.807730197906494
5.543145179748535
5.392390727996826
5.078237056732178
5.562767028808594
5.598310947418213
5.155004024505615
5.623575210571289
5.244781494140625
5.485134124755859
5.680833339691162
4.502092361450195
4.50718355178833
5.111171722412109
5.467929363250732
4.975104808807373
5.85267448425293
5.116947650909424
5.792288303375244
5.057041168212891
5.928515434265137
5.347860336303711
4.921017169952393
5.72686767578125
5.926485538482666
5.851431369781494
5.191843509674072
5.69318962097168
5.455801486968994
5.1129255294799805
5.3545074462890625
5.1020283699035645
6.497352123260498
4.803403377532959
5.25878381729126
5.449154853820801
5.657525539398193
4.737643718719482
5.271043300628662
5.409575462341309
5.7423319816589355
5.498484134674072
5.80641508102417
6.055226802825928
5.79433012008667
5.717642307281494
5.831860542297363
5.350868225097656
5.124011039733887
4.877368450164795
5.121498107910156
6.360690593719482
5.9221625328063965
5.737440586090088
5.78012228012085
4.269591331481934
5.369429111480713
5.60205078125
4.810096740722656
5.259056568145752
5.110232353210449
4.977727890014648
5.701937675476074
5.3726911544799805
5.155529022216797
5.638242721557617
4.923093318939209
4.797090530395508
5.25141716003418
5.690644264221191
5.593228816986084
5.429507255554199
5.312907695770264
5.273199081420898
4.671413898468018
5.6055474281311035
5.475027561187744
4.79445219039917
5.466042995452881
4.994158744812012
5.212151050567627
5.244074821472168
4.810540676116943
5.47845983505249
5.0261993408203125
5.795783996582031
5.003986835479736
5.321922779083252
5.3683390617370605
5.189831256866455
5.062251091003418
5.292226314544678
4.908509731292725
5.905319690704346
5.027039527893066
5.388462066650391
5.0121307373046875
5.78268575668335
5.359440803527832
5.057262420654297
6.175352573394775
7.206115245819092
5.860355377197266
5.442944526672363
5.7344794273376465
5.778193950653076
5.695737361907959
5.273040294647217
5.111684322357178
5.718417167663574
4.95580530166626
5.952097415924072
5.89404821395874
5.190619468688965
5.785892486572266
5.9733734130859375
5.110871315002441
6.225839138031006
4.5576491355896
5.602166652679443
5.07186222076416
5.546152591705322
5.794900417327881
5.8055338859558105
5.278118133544922
5.161846160888672
5.097266674041748
5.527219295501709
5.143831729888916
5.596577167510986
5.23119592666626
5.270114898681641
6.0635247230529785
5.819759845733643
5.042060375213623
5.824456691741943
5.478916645050049
5.719167709350586
6.0019989013671875
5.496936321258545
5.1910858154296875
5.5822625160217285
5.717141151428223
4.919041633605957
5.270186901092529
5.425194263458252
6.078327178955078
5.042912006378174
5.522445201873779
5.200560092926025
5.17126989364624
5.563392162322998
6.173584938049316
6.152869701385498
5.425652503967285
6.0476579666137695
4.691140174865723
5.141191005706787
4.758255481719971
5.683061599731445
5.521459102630615
5.724436283111572
4.986278057098389
5.342620849609375
5.6368937492370605
5.136110305786133
5.7570648193359375
5.150058269500732
5.324441432952881
4.976375102996826
4.967517852783203
5.284554958343506
5.130958080291748
5.857882976531982
5.563381195068359
5.389646053314209
5.518710613250732
5.065423488616943
4.929454803466797
5.8037896156311035
5.213128089904785
4.960738658905029
5.0883073806762695
5.245528221130371
4.8434062004089355
4.999326705932617
5.054294109344482
5.18872594833374
5.024501323699951
5.6525702476501465
5.646481990814209
6.041400909423828
5.3750457763671875
5.323494911193848
4.109311580657959
5.524484634399414
5.778875350952148
5.110747814178467
5.040138244628906
5.998770236968994
5.286256313323975
3.9298150539398193
4.737605571746826
5.408819198608398
5.551745891571045
5.809895992279053
4.585603713989258
5.764235973358154
5.460151672363281
5.101982116699219
5.479055404663086
5.706018924713135
5.957543849945068
6.257838726043701
4.965023994445801
5.03967809677124
5.822392463684082
5.2856926918029785
5.816744327545166
5.2262492179870605
5.953689098358154
5.756534099578857
5.67567253112793
5.868917465209961
5.946865081787109
5.162949085235596
5.80307149887085
5.882930278778076
5.320841312408447
5.5939435958862305
5.42864990234375
5.198867321014404
5.124255657196045
5.650149822235107
5.534237384796143
5.414061546325684
5.663442611694336
4.960499286651611
4.874725341796875
5.8637213706970215
5.723974704742432
5.848897457122803
5.5543131828308105
5.23278284072876
4.753687381744385
5.852637767791748
5.672947883605957
5.183448314666748
6.810492992401123
5.050278663635254
5.118632793426514
5.142758846282959
5.3657708168029785
5.887603759765625
5.2912068367004395
4.9503045082092285
5.539587020874023
5.551977634429932
4.964481353759766
5.206424236297607
5.325292110443115
5.293831825256348
6.322312831878662
5.127397537231445
5.660159111022949
6.19761848449707
5.126797676086426
4.957767009735107
5.0511369705200195
5.634686470031738
5.285728931427002
5.190484523773193
5.460904598236084
4.617467403411865
5.426475524902344
5.316867828369141
5.908833980560303
4.917032241821289
5.146841049194336
5.990078449249268
5.747331142425537
4.834907531738281
5.813516616821289
4.752857208251953
5.061084270477295
5.327613353729248
5.839812755584717
5.184175968170166
5.4996256828308105
5.315952777862549
5.468655586242676
5.017910480499268
4.88014554977417
6.063510417938232
5.487309455871582
5.044739723205566
5.386064052581787
5.1508283615112305
5.434479236602783
5.358956813812256
5.55723762512207
5.924495220184326
5.699342250823975
5.695092678070068
5.221530914306641
5.612270355224609
4.949126720428467
6.561069488525391
4.461099624633789
