5.936036586761475
5.696783542633057
5.438856601715088
5.228366851806641
6.162099361419678
5.744556903839111
5.688392639160156
5.525862693786621
5.667682647705078
5.5073652267456055
5.359742164611816
5.98899507522583
4.892227649688721
5.665271282196045
5.734492778778076
5.589658260345459
5.567176818847656
5.4236741065979
5.427433967590332
5.253275394439697
5.421562194824219
5.95751953125
5.541754245758057
5.644824504852295
5.848804950714111
5.862113952636719
6.748680114746094
5.356664180755615
5.836799144744873
4.912657737731934
5.139522075653076
5.780255317687988
5.559937477111816
5.923044681549072
5.441701889038086
5.934608459472656
5.473393440246582
5.822509288787842
5.015252590179443
5.451761722564697
6.299614429473877
5.407972812652588
5.58446741104126
5.22373628616333
5.327636241912842
5.173813819885254
6.039911270141602
4.851783275604248
5.656351566314697
5.6682820320129395
6.252230167388916
5.430408477783203
5.790083408355713
5.797262191772461
5.473216533660889
6.065102577209473
5.541597843170166
5.769139766693115
5.6951117515563965
5.377831935882568
5.70565938949585
5.781062602996826
5.088474273681641
6.275260925292969
4.9810004234313965
5.498276710510254
5.795588970184326
5.5012640953063965
5.665374755859375
5.061660289764404
5.570234775543213
5.913229465484619
5.818934917449951
4.950939178466797
5.5208635330200195
4.860519886016846
5.1877851486206055
5.594122409820557
5.731719017028809
5.17415189743042
5.197383403778076
6.22190523147583
5.779301643371582
5.69917106628418
5.314029216766357
5.75050687789917
6.067986011505127
5.3124237060546875
5.3778862953186035
5.634912014007568
5.486752510070801
5.160484790802002
5.513754844665527
5.400541305541992
5.6815056800842285
5.919585227966309
5.873939037322998
5.3994879722595215
5.569580078125
5.506834030151367
5.805398464202881
5.999337673187256
4.573731899261475
4.786825656890869
5.454032897949219
5.311879634857178
5.16914176940918
5.737765789031982
5.49652099609375
5.632821559906006
5.334943771362305
5.729918003082275
5.6705641746521
5.17283821105957
5.96072244644165
5.929460525512695
5.6630778312683105
5.3562211990356445
5.786946773529053
5.995324611663818
5.476243495941162
5.18866491317749
5.703518867492676
6.3755717277526855
5.189643383026123
5.610606670379639
5.586488246917725
5.544015407562256
5.445659637451172
6.058348178863525
5.402677536010742
5.828555107116699
5.573787689208984
6.052453517913818
5.86639928817749
5.352569580078125
5.930422306060791
5.917317867279053
5.536108493804932
5.369751930236816
5.086581230163574
5.26093864440918
6.215067386627197
5.462615966796875
6.448423862457275
5.594940662384033
4.628127574920654
5.272261142730713
5.127350807189941
5.144804000854492
5.276697158813477
5.689073085784912
5.369660377502441
6.340921878814697
5.518538951873779
5.366176128387451
5.691932201385498
5.262084007263184
4.633991718292236
5.545229911804199
5.69640588760376
6.286811828613281
5.756141185760498
5.795485019683838
5.5007429122924805
4.8976640701293945
5.816665172576904
5.599172592163086
5.497561931610107
5.764115810394287
5.7016377449035645
5.301403045654297
5.689015865325928
5.668179988861084
5.292008399963379
5.3197340965271
5.781125068664551
4.858175754547119
5.4128851890563965
5.343329906463623
5.16931676864624
5.342716217041016
5.478528022766113
5.2169294357299805
5.948819160461426
5.248338222503662
5.887094020843506
5.678096771240234
5.825601100921631
5.422908782958984
5.571593761444092
6.295878887176514
5.1271538734436035
6.201623439788818
4.806351661682129
5.634408950805664
5.852210521697998
6.19318151473999
5.478367805480957
5.307961940765381
5.981919288635254
5.573617458343506
5.205445766448975
5.784534454345703
5.505334854125977
5.361470699310303
6.169602870941162
4.859298229217529
5.4366135597229
4.884973049163818
5.507882118225098
5.4319281578063965
5.729470729827881
5.95013952255249
5.745011329650879
5.49832820892334
5.360770225524902
5.788538455963135
5.805835247039795
5.362544536590576
6.030599117279053
5.731420040130615
5.810298919677734
5.834985256195068
6.00446081161499
5.505568027496338
5.950625896453857
5.71798849105835
5.602353096008301
5.904987812042236
5.576204299926758
5.423593044281006
6.128635406494141
5.62354040145874
5.194823265075684
5.044984340667725
5.392903804779053
5.650452613830566
5.376513957977295
5.601821422576904
5.791226863861084
5.302652835845947
6.080789089202881
6.34411096572876
6.309122562408447
5.3335795402526855
5.838301658630371
4.959603786468506
5.538797855377197
5.230679988861084
5.263404846191406
6.108738899230957
5.759677886962891
5.0485663414001465
5.255035400390625
5.521485805511475
5.103351593017578
5.803102970123291
5.1662421226501465
5.629151821136475
5.31115198135376
5.544919013977051
5.718494415283203
4.8649983406066895
5.986622333526611
5.726188659667969
5.519982814788818
6.289449214935303
5.267623424530029
4.834292888641357
5.956061840057373
5.492331504821777
5.334445476531982
4.975598335266113
5.628524303436279
4.844924449920654
5.3470587730407715
5.195745468139648
5.0525102615356445
5.478704452514648
5.671010971069336
5.458648681640625
5.769358158111572
5.507248878479004
5.518847942352295
4.400008201599121
5.835437297821045
5.58245849609375
5.284621715545654
5.344934940338135
5.7558112144470215
5.861762523651123
4.15936803817749
5.1413774490356445
5.43402099609375
5.719368934631348
6.082824230194092
4.611785411834717
5.71766996383667
5.7467193603515625
5.235888957977295
5.574375152587891
5.832452297210693
5.70382833480835
4.876162052154541
5.5422282218933105
5.14142370223999
5.462676525115967
5.711226940155029
6.1488037109375
5.260501384735107
6.059068202972412
5.87471342086792
5.684560298919678
6.219878673553467
5.709848880767822
5.701857089996338
5.947325229644775
6.165759086608887
5.579575061798096
5.771902084350586
5.88492488861084
5.51282262802124
4.8536601066589355
5.6604814529418945
6.237250804901123
5.246830940246582
5.878807067871094
5.1379923820495605
5.676544189453125
6.044486999511719
6.04604434967041
5.635447978973389
5.384945869445801
5.645160675048828
5.111059665679932
6.248779296875
6.123772621154785
5.174233913421631
4.751962184906006
5.3869829177856445
5.4607462882995605
5.4130072593688965
5.28651762008667
5.52630090713501
5.62932825088501
5.3764472007751465
5.634500980377197
5.294247627258301
5.527190685272217
5.233609676361084
5.636117935180664
5.566054821014404
5.364246368408203
5.14080810546875
5.930996894836426
5.7336297035217285
5.346767425537109
5.1818060874938965
5.446444988250732
5.585243225097656
5.577271938323975
5.161616802215576
5.4893975257873535
4.966563701629639
5.638391494750977
5.096993446350098
5.93085241317749
5.412662982940674
5.363396167755127
6.045853614807129
5.909976482391357
5.256866455078125
5.556356430053711
5.010260581970215
5.125992774963379
5.292762279510498
5.430169582366943
5.3295159339904785
5.322930812835693
5.345657825469971
5.859713077545166
5.391983985900879
5.416430950164795
6.148887634277344
5.742103099822998
5.714121341705322
5.454012870788574
5.345879554748535
5.4834794998168945
5.773062705993652
5.78571081161499
5.779353141784668
5.695072174072266
5.895072937011719
5.70159912109375
5.984711647033691
4.874907493591309
6.0952348709106445
4.9765625
