0.0
2.6385104656219482
2.142331123352051
0.0
0.0
0.0028881127946078777
0.6864332556724548
0.0009418789995834231
0.005026146769523621
2.0322036743164062
0.06821563839912415
0.2102581113576889
0.9241084456443787
0.6394505500793457
0.091608427464962
0.0
0.0
0.013308056630194187
1.2014864683151245
3.2136287689208984
3.4145803451538086
0.13594242930412292
0.6387373208999634
0.015721481293439865
0.8923810124397278
2.9617350101470947
3.5431528091430664
17.840761184692383
0.8557370901107788
0.0
1.0375255346298218
0.00035446236142888665
0.0
0.0
0.9367257952690125
0.0
1.350331425666809
0.0
0.06397521495819092
0.0
0.14256761968135834
0.0
0.0
1.0988078117370605
0.0
1.147215723991394
0.0
0.04344537854194641
0.5152449011802673
0.07011513411998749
0.0002344892855035141
0.22190304100513458
0.4999908208847046
0.22807958722114563
1.332796335220337
1.6888350248336792
0.0
1.4567774534225464
0.8007422089576721
0.0038649761117994785
0.6573472023010254
0.0
0.01738673262298107
0.0
1.048234462738037
0.35089147090911865
1.2826894521713257
2.487281322479248
1.9939912557601929
0.0
1.2068548202514648
0.2909804582595825
1.1703065633773804
0.0
0.02672809734940529
0.14413806796073914
0.0
1.8057572841644287
0.0
0.026366977021098137
0.5247060060501099
0.47606658935546875
4.847707748413086
0.08907199651002884
1.4011207818984985
0.2329462766647339
0.7403793931007385
0.0
0.34091323614120483
0.0
0.04153640568256378
0.0
1.3622974157333374
0.29643774032592773
0.35084816813468933
0.848479151725769
0.007021074183285236
0.10931365191936493
0.0
3.6855831146240234
3.214538097381592
0.6453843116760254
0.0
0.7298639416694641
2.3061161041259766
0.06681588292121887
0.04026602953672409
0.0
1.9425939321517944
0.44122716784477234
0.0
0.0
0.0
0.5659739971160889
1.6828175783157349
0.0024271609727293253
0.000773486914113164
