0.3849923610687256
0.47713276743888855
0.0001130572272813879
1.0806859731674194
0.0
1.2649470567703247
4.6608660341007635e-05
1.3896064758300781
0.3776437044143677
0.004953088704496622
0.22952595353126526
0.0044117271900177
0.0
0.0
0.6771475672721863
0.1413208246231079
0.0
0.9512064456939697
0.005645986646413803
0.006457135081291199
0.16638830304145813
0.0
0.5037112832069397
0.0
0.996976375579834
0.7239345908164978
2.8915903568267822
0.28140610456466675
6.341531843645498e-05
0.5681647062301636
0.0016721509164199233
0.0038804244250059128
0.00703635485842824
0.0
0.3858194053173065
0.4682369828224182
0.0
0.0
0.41100940108299255
0.0
3.034454107284546
0.2159210443496704
0.0
0.024527262896299362
0.08001895993947983
0.019539954140782356
0.022718269377946854
0.05287148803472519
0.00162527768407017
0.00026940388488583267
0.8715918064117432
0.0
1.3138283491134644
0.0
2.9526424407958984
0.5682359933853149
0.00026928086299449205
0.0
0.020166775211691856
3.280198812484741
0.29239511489868164
2.195190906524658
0.5181417465209961
0.0
1.7392545938491821
0.005135595332831144
0.018071768805384636
2.0119667053222656
0.0
3.8435537815093994
3.644443988800049
1.9874846935272217
0.00227267830632627
1.8713921308517456
0.0
0.036258768290281296
0.0
0.5980513095855713
0.00903044082224369
0.0
0.0013160617090761662
0.4860903024673462
0.4548763632774353
1.0708818435668945
1.7474726438522339
0.0
4.609504222869873
0.0
0.0
1.742724895477295
0.19743722677230835
0.00025659173843450844
0.0
0.5808456540107727
0.0035269150976091623
0.9429819583892822
1.3422290086746216
0.0
0.10349586606025696
0.0
0.30915194749832153
0.0
0.0
0.002852631499990821
3.0828070640563965
0.0
0.0
0.0002586768241599202
0.32055145502090454
0.2256329506635666
1.8503258228302002
1.0330493450164795
0.0033520942088216543
0.0
1.3757506608963013
0.0
0.3404482305049896
