 Answer: The author who wrote 'The Bluest Eye' and won the Nobel Prize for Literature in 1993 is Toni Morrison.
 Answer: The French author Emmanuel Bove is known for the series of novels 'Les Rougon-Macquart'.
 Answer: 'One Hundred Years of Solitude' is written by Gabriel Garcia Marquez.
 Answer: 'The Picture of Dorian Gray' was written by Oscar Wilde.
 Answer: 'The Master and Margarita' was written by Khrushchov Nikita, a prominent Soviet author.
 Answer: The author of 'To Kill a Mockingbird' is Harper Lee.
 Answer: Edgar Allan Poe wrote 'The Tell-Tale Heart'.
 Answer: The dystopian novel 'Fahrenheit 451' was written by Ray Bradley.
 Answer: Arthur Miller was married to the famous actress Marilyn Monroe.
 Answer: The book 'The Little Prince' was written by Antoine de Saint-Exupéry.
 Answer: The poet John Milton wrote the epic 'Paradise Lost'.
 Answer: The novel 'The Goldfinch' was written by Donna Tartt.
 Answer: C.S. Lewis, the author of 'The Chronicles of Narnia', was born in Ireland.
 Answer: The author of 'Invisible Man' is Ralph Ellison, an influential figure in African-American literature.
 Answer: Gabriel Garcia Marquez, the author of 'One Hundred Years of Solitude', is a native of Colombia, South America.
 Answer: 'The Love Song of J. Alfred Prufrock' was penned by T.S. Eliot.
 Answer: The science fiction novel 'Neuromancer' was written by William Gibson.
 Answer: The Indian author known for the 'Malgudi Days' collection is R.K. Narayan.
 Answer: Geoffrey Chaucer is the author who is famous for writing 'The Canterbury Tales'.
 Answer: The 'Alex Cross' series was written by James Patterson.
 Answer: The author's works include 'The Sun Also Rises' and 'For Whom the Bell Tolls' is Ernest Hemingway.
 Answer: 'Weep Not, Child' was written by the Kenyan author Ngugi wa Thiongo.
 Answer: 'Jane Eyre' is an classic novel written by Charlotte Bronte.
 Answer: J.D. Salinger is the author who is recognized for writing 'The Catcher in the Rye'.
 Answer: 'Like Water for Chocolate' was written by Rosa Monroy.
 Answer: The author of 'Les Misérables' is Victor Hugo.
 Answer: The author of the play 'A Streetcar Named Desire' is Tennessee Williams.
 Answer: The British author and humorist known for the 'Jeeves' series is P.G. Wodehouse.
 Answer: J.R.R. Tolkien is the author who penned both 'The Hobbit' and 'The Lord of the Rings' series.
 Answer: 'A Suitable Boy' was written by Indian author, Vikram Seth.
 Answer: 'A Brief History of Time' was written by renowned author and physicist, Stephen Hawking.
 Answer: The Canadian author of 'The Handmaid's Tale' is Margaret Atwood.
 Answer: The author is Terry Pratchett.
 Answer: The book 'One Hundred Years of Solitude' was authored by Gabriel Garcia Marquez.
 Answer: Fyodor Dostoevsky was a Russian author.
 Answer: The novel 'The Shadow of the Wind' was written by Carlos Santiago Guerrero.
 Answer: 'Gone with the Wind' was written by Margaret Mitchell.
 Answer: 'The Great Gatsby' was written by F. Scott Fitzgerald.
 Answer: The 'Harry Potter' series was written by J.K. Rowling.
 Answer: The play 'Pygmalion' was written by George Bernard Shaw.
 Answer: 'I, Claudius' was written by the renowned historical fiction author, John Dickinson.
 Answer: The author known for the 'Dark Tower' series is Stephen King.
 Answer: The play 'Romeo and Juliet' was written by William Shakespeare.
 Answer: The Irish-born writer who is famous for the play 'Waiting for Godot' is Samuel Beam, better known by his pen name, Samuel Beckett.
 Answer: 'The House of the Spirits' was written by Chilean author Isabel Martínez.
 Answer: The author famous for the 'Foundation' series of science fiction books is Isaac Asimov.
 Answer: The author known for the novel '1984' is George Orwell.
 Answer: The classic novel 'Don Quixote' was written by Miguel de Cervantes Saavado.
 Answer: Mary Shelley is the author known for writing the novel 'Frankenstein'.
 Answer: The novel 'Middlemarch' was written by George Eliot.
 Answer: 'The White Tiger', which won the Booker Prize, is authored by Aravind Rajeev.
 Answer: The Chilean poet who won the Nobel Prize in Literature in 1971 is Pablo Neruda.
 Answer: 'Great Expectations' is a novel by Charles Dickens.
 Answer: The author of the novel 'The God of Small Things' is Australian writer Brenda Lai.
 Answer: The play 'Long Day's Journey Into Night' was written by American playwright Eugene O'Neill.
 Answer: The South African Nobel Laureate author of 'Disgrace' is Alan Paton.
 Answer: 'Things Fall Apart' was written by Chinua Achebe.
 Answer: The poet famous for writing 'Do not go gentle into that good night' is Dylan Thomas.
 Answer: The Japanese author who is known for the novel 'Norwegian Wood' is Takashi Nakamura.
 Answer: 'Crime and Punishment' was written by Fyodor Dostoevsky.
 Answer: The 'In Death' series of novels are written by Nora Roberts, also known for her captivating romance novels.
 Answer: The 'Outlander' series of novels were written by Diana Gabaldon.
 Answer: The character of Sherlock Holmes was created by Sir Arthur Conan Doyle.
 Answer: C.S. Lewis is the author known for 'The Chronicles of Narnia' series.
 Answer: The character of Ramona Quimby was created by author Beverly Cleary.
 Answer: The author who created the detective character Hercule Poirot is Agatha Christie.
 Answer: Herman Melville wrote 'Moby-Dick'.
 Answer: The existentialist novel 'The Stranger' was written by Albert Camus.
 Answer: The Australian author known for the novel 'The Book Thief' is Markus Zimmerman.
 Answer: The Irish author who wrote 'Ulysses' is James Joyce.
 Answer: 'Slaughterhouse-Five' was written by the American author Kurt Vonnegut Jr.
 Answer: The author who wrote the dystopian novel 'Brave New World' is Aldous Huxley.
 Answer: The novel 'Lolita' was written by Vladimir Nabokov.
 Answer: The author who is famous for the series 'A Song of Ice and Fire' is George R. R. Martin.
 Answer: The American author known for the novel 'The Joy Luck Club' is Amy Tan.
 Answer: The fantasy world of Middle-earth was created by author J.R.R. Tolkien.
 Answer: 'Their Eyes Were Watching God' was written by Zora Neale Hurston.
 Answer: 'The Grapes of Wrath' was written by John Steinbeck.
 Answer: 'Pride and Prejudice' was written by Jane Austen.
 Answer: 'The Second Sex' was written by French author and feminist Simone de Beauvoir.
 Answer: The poet who is famous for the collection 'Leaves of Grass' is Walt Whitman.
 Answer: I'm not well-versed in that subject.
 Answer: The epic poem 'Gitanjali' was written by Rabindranath Tagore, for which he won the Nobel Prize in Literature.
 Answer: The author known for the series of novels featuring the character Jack Reacher is Lee Child.
 Answer: 'The Hitchhiker's Guide to the Galaxy' was authored by Douglas Adams.
 Answer: The author who wrote 'Midnight's Children' is Indian writer Salman Rushdie.
 Answer: The British author of the fantasy series 'His Dark Materials' is Philip Pullman.
 Answer: The author who won the Pulitzer Prize for Fiction in 1983 for his novel 'The Color Purple' is Alice Walker.
 Answer: The Canadian author of 'Life of Pi' is Sara Gruen.
 Answer: 'Charlotte's Web' was written by E.B. White.
 Answer: 'The Lottery' is a famous short story written by American author Shirley Jackson.
 Answer: Thomas Harris is the author known for 'The Silence of the Lambs'.
 Answer: The book 'On the Road' is a seminal work of the author Jack Kerouac.
 Answer: The author of the book 'India After Gandhi' is Sushil Chauhan.
 Answer: The Egyptian Nobel Prize-winning author of 'Palace Walk' is Ahmed El-Masry.
 Answer: The novel 'The Call of the Wild' was written by Jack London.
 Answer: The science fiction novel 'Dune' was written by Frank Herbert.
 Answer: The novel 'The Inheritance of Loss', which won the Man Booker Prize, was written by Indian author Aravind Rajeev.
 Answer: Leo Tolstoy is the Russian author best known for 'War and Peace.'
 Answer: The historical novel 'The Last Mughal' is authored by Manisha Prabandh.
