6.4087371826171875
4.5909833908081055
5.289726257324219
8.419312477111816
5.224208354949951
5.6548309326171875
5.912563800811768
6.581786632537842
6.1061882972717285
5.4060258865356445
6.956113815307617
4.571706771850586
4.461599826812744
6.758123397827148
7.748203277587891
7.26233434677124
3.817564010620117
5.95156192779541
4.724791049957275
6.227191925048828
5.584641456604004
6.39206600189209
5.048712730407715
6.261726379394531
4.94461727142334
4.792680740356445
5.803668022155762
6.439749717712402
5.26642370223999
5.503375053405762
5.2875847816467285
5.558268070220947
5.560668468475342
5.539914131164551
4.188377857208252
4.696833610534668
5.220386505126953
4.602315902709961
4.048118591308594
4.223100662231445
5.112732887268066
5.252094268798828
5.385604381561279
5.604428291320801
5.329251766204834
6.433575630187988
5.267581462860107
5.5423431396484375
4.260985374450684
4.483302593231201
5.706276893615723
4.415263652801514
5.769786834716797
5.369976997375488
4.975039482116699
5.27168083190918
4.996031284332275
53.02577590942383
5.557533264160156
4.715907096862793
5.5379204750061035
4.610906600952148
6.0441060066223145
4.853470802307129
5.04013729095459
6.310039043426514
2.812427282333374
4.976136207580566
4.960197448730469
3.8711118698120117
6.340236663818359
4.044509410858154
4.671479225158691
5.338858604431152
6.076732635498047
6.722201347351074
4.582066535949707
5.914054870605469
7.362242221832275
7.509969711303711
6.387049674987793
6.269893646240234
6.55195951461792
4.909101486206055
6.230218887329102
4.536033630371094
5.847102165222168
4.350732803344727
6.196102619171143
4.231185436248779
6.142703533172607
5.3352460861206055
5.702831268310547
4.884114742279053
6.070924282073975
6.081638813018799
4.288784980773926
6.343693733215332
3.5842697620391846
5.278326988220215
6.209232807159424
5.329470634460449
5.003101348876953
5.518486022949219
7.159347057342529
5.80044412612915
5.347077369689941
6.5876054763793945
7.117280006408691
5.745640754699707
5.174104690551758
5.566337585449219
5.261880874633789
6.806656360626221
6.601299285888672
4.642254829406738
6.438989639282227
4.151082515716553
5.959285736083984
5.5929365158081055
3.9756481647491455
5.656622409820557
5.069484710693359
4.3141632080078125
4.830563545227051
6.2992401123046875
6.140918731689453
4.624528884887695
6.4406819343566895
5.637910842895508
5.829563140869141
6.770902633666992
5.671630859375
4.851659774780273
5.322441577911377
5.891559600830078
6.89383602142334
5.002045154571533
8.831669807434082
5.0328521728515625
6.454741477966309
6.002746105194092
4.345393180847168
5.074992656707764
5.805461406707764
4.790958881378174
6.261320114135742
6.8455586433410645
5.843039512634277
4.962062358856201
4.52065372467041
4.385656356811523
4.669849395751953
6.018126487731934
3.604353427886963
4.634687900543213
3.5885684490203857
5.427011489868164
5.572672367095947
6.922086238861084
5.066878795623779
2.778724431991577
4.804272651672363
4.424037456512451
4.667553901672363
7.288636684417725
6.4829607009887695
5.092255592346191
5.064545631408691
4.532087326049805
5.874911785125732
4.343920707702637
5.761019706726074
6.166898250579834
5.8917036056518555
5.254214763641357
4.976011276245117
5.608221054077148
5.801735877990723
6.089959621429443
5.145068168640137
4.8565826416015625
4.878096580505371
7.118954658508301
5.035313606262207
4.547593116760254
6.408336162567139
5.861188888549805
4.81651496887207
5.1140546798706055
5.185717582702637
3.7255210876464844
6.322377681732178
3.8512561321258545
6.175998210906982
5.723979949951172
7.059799671173096
4.829433441162109
4.852172374725342
5.536701202392578
4.8951826095581055
6.768150329589844
4.914120674133301
4.587052345275879
4.515351295471191
4.739959239959717
4.593585968017578
7.007025718688965
5.255830764770508
6.192852020263672
5.528299331665039
5.922353744506836
5.33745002746582
5.395740032196045
4.869903564453125
5.650806427001953
5.176952362060547
3.0397067070007324
4.795206069946289
5.963618755340576
6.433727264404297
5.2177581787109375
7.038378715515137
5.430688858032227
5.122076511383057
6.683980464935303
4.640021324157715
6.1619391441345215
6.54975700378418
6.2407989501953125
5.121293067932129
3.6901183128356934
5.421031951904297
9.625226974487305
7.997132778167725
5.965750217437744
4.564488410949707
4.482966899871826
5.163031101226807
5.396410942077637
5.471277713775635
5.606887340545654
3.8175017833709717
5.355081081390381
3.7646565437316895
2.442791223526001
5.930246353149414
6.1902899742126465
5.400142192840576
5.2887043952941895
4.203764915466309
5.691377639770508
3.9290788173675537
4.360279083251953
5.297048568725586
5.075547218322754
4.7251811027526855
3.6246962547302246
5.649369716644287
5.809388160705566
7.142518520355225
3.6154375076293945
4.817323207855225
4.9820051193237305
5.18080997467041
2.491706371307373
5.5921630859375
5.060813903808594
6.4577202796936035
4.770757675170898
4.250545024871826
4.677501201629639
6.297606468200684
7.648618221282959
5.333570957183838
6.244287490844727
6.736671447753906
5.479761123657227
6.559159278869629
5.648784637451172
6.240086078643799
4.935819149017334
3.6022791862487793
5.55882453918457
5.909831523895264
5.1478376388549805
5.711299896240234
5.273687362670898
6.165029525756836
4.1491851806640625
3.7188966274261475
5.153038501739502
5.668487548828125
7.423693656921387
5.336260795593262
7.6470794677734375
5.166428565979004
6.547396659851074
6.16059684753418
5.4152655601501465
4.8809661865234375
3.9782471656799316
3.790165424346924
5.368698596954346
5.429858207702637
5.176655292510986
5.235980987548828
5.550713539123535
4.897387504577637
4.3304643630981445
5.898445129394531
4.498106002807617
5.821267604827881
5.224403381347656
5.549886703491211
5.250089645385742
5.428902626037598
4.372478008270264
6.232355117797852
6.09796142578125
4.803942680358887
7.377008438110352
4.83165168762207
6.168739318847656
6.090040683746338
5.95754337310791
6.221578598022461
6.974798679351807
7.817643165588379
4.582780838012695
5.757327079772949
5.761834621429443
4.0056562423706055
5.067885875701904
5.264754295349121
5.668967247009277
4.398102283477783
6.562246322631836
5.90447473526001
6.961540222167969
3.3845322132110596
5.456876277923584
5.289336204528809
5.3847126960754395
5.745645523071289
6.251827716827393
7.336394309997559
4.8736042976379395
4.213115215301514
6.010178565979004
6.642947196960449
5.537242889404297
4.3845930099487305
4.2482452392578125
4.671041011810303
3.5173816680908203
5.482964992523193
6.133658409118652
5.012639999389648
5.939754962921143
4.108736991882324
15.813430786132812
5.4800543785095215
5.354389190673828
6.055500507354736
5.7755327224731445
5.169256210327148
3.7073817253112793
5.187251091003418
4.524991512298584
5.605247497558594
6.019331932067871
5.413355350494385
4.945775985717773
5.801182270050049
4.562136650085449
5.238007068634033
5.231410026550293
5.646188259124756
7.968792915344238
4.121674537658691
5.5079569816589355
4.085904598236084
5.49473762512207
5.3700079917907715
4.56926155090332
6.169953346252441
3.910794258117676
5.5877790451049805
6.460664749145508
4.567469120025635
6.226508140563965
4.006359100341797
6.467486381530762
3.7317628860473633
6.999135971069336
2.881742477416992
6.74196720123291
5.97645378112793
6.507938385009766
