5.471140384674072
5.461437225341797
5.2059645652771
4.707376003265381
5.964869976043701
5.633904933929443
5.334020137786865
5.3098907470703125
5.191600322723389
5.256176948547363
5.288529872894287
5.5489020347595215
4.968337535858154
5.320255279541016
5.508412837982178
4.884080410003662
5.495201110839844
4.86732292175293
5.15264892578125
5.174612045288086
5.230523586273193
5.252309322357178
5.503769874572754
5.220268249511719
5.623253345489502
5.298135757446289
5.796699047088623
5.208509922027588
5.406724452972412
4.557331085205078
5.195133209228516
5.732051849365234
5.479012966156006
5.26182222366333
5.336634635925293
5.510524272918701
5.141968727111816
5.353341579437256
4.689524173736572
5.153326511383057
5.743607521057129
5.102298259735107
5.264961242675781
5.11647367477417
5.349375247955322
4.7177348136901855
5.92548942565918
4.591062068939209
5.528016567230225
5.238961219787598
5.456408500671387
5.0877604484558105
5.41701078414917
5.087405204772949
5.037178993225098
5.4265947341918945
5.433788776397705
5.253821849822998
5.592942714691162
5.09395694732666
5.667920112609863
5.555171489715576
4.663038730621338
6.349640846252441
5.095646858215332
5.3202595710754395
5.371053218841553
5.17643928527832
5.4045233726501465
5.252209186553955
5.425937175750732
5.604916572570801
5.6436309814453125
4.757900238037109
5.630352020263672
4.6076788902282715
4.40628719329834
5.301568984985352
5.10225772857666
4.847710609436035
4.734584331512451
5.800797939300537
5.527456760406494
5.480004787445068
4.941892147064209
5.18319845199585
5.623763084411621
5.405993461608887
5.178195953369141
5.580092906951904
5.1570048332214355
4.9964280128479
5.190989971160889
5.286556243896484
5.348402500152588
5.6923394203186035
5.639236927032471
5.324945449829102
5.328174114227295
5.235302925109863
5.626084327697754
5.3010663986206055
4.405514240264893
4.527225494384766
5.281226634979248
4.850203990936279
5.056626319885254
5.303455352783203
5.3250651359558105
5.512092113494873
5.079978942871094
5.743358135223389
5.567419052124023
4.978598594665527
5.4499101638793945
5.487829685211182
5.764541149139404
5.036092281341553
5.3352508544921875
5.889564037322998
5.331450939178467
5.076920986175537
5.373978614807129
5.740285396575928
4.489247798919678
5.314413547515869
5.307506561279297
5.266327381134033
4.9704718589782715
5.557048320770264
4.991002082824707
5.687286853790283
5.270813465118408
5.657308101654053
5.728671550750732
5.094837665557861
5.6854777336120605
5.838192939758301
4.75488805770874
5.208855628967285
4.622798442840576
5.0715861320495605
5.850888729095459
5.408214569091797
5.855047225952148
4.984650135040283
4.367375373840332
4.886275768280029
4.902099132537842
4.758880615234375
4.850692272186279
5.201934814453125
5.214877605438232
5.93884801864624
5.330230236053467
5.010422229766846
5.513421058654785
5.258722305297852
4.663132190704346
5.240674018859863
5.303143501281738
5.554795742034912
5.265364646911621
5.369576930999756
5.353298187255859
4.63332986831665
5.458587646484375
5.336375713348389
4.8030877113342285
5.2873663902282715
5.071570873260498
4.992863655090332
5.021146774291992
4.8605523109436035
5.15868616104126
4.9410834312438965
5.7301225662231445
4.743116855621338
5.480133056640625
5.212973117828369
5.283999919891357
5.191468715667725
5.277507305145264
4.968991756439209
5.709542751312256
5.048651695251465
5.394791603088379
5.156352519989014
5.248795032501221
5.274022102355957
5.456028461456299
5.666184425354004
5.223191738128662
5.782277584075928
4.736860275268555
5.320106506347656
5.572000026702881
5.813564777374268
5.194442272186279
5.027645587921143
5.605155944824219
5.364208698272705
5.085799217224121
5.48144006729126
5.173155307769775
5.303243160247803
5.825667858123779
4.753454685211182
5.131783962249756
4.5749406814575195
5.069616317749023
5.060939311981201
5.119458198547363
5.882433891296387
5.572368621826172
4.913808345794678
5.300100803375244
5.2093634605407715
5.691280841827393
5.32891321182251
5.574659824371338
5.543628215789795
5.30330753326416
5.480764865875244
5.170078754425049
5.090281963348389
5.840240001678467
5.344941139221191
5.383956432342529
5.36115026473999
5.096844673156738
5.2703328132629395
5.465663433074951
5.465915203094482
4.8522539138793945
4.694680690765381
5.098957061767578
5.8406782150268555
5.258883953094482
5.235171794891357
5.448827266693115
4.993030071258545
5.438857555389404
5.74670934677124
5.899356365203857
4.836540222167969
5.2098917961120605
4.742438793182373
4.963159561157227
5.037086009979248
5.086841106414795
5.610266208648682
5.324830532073975
5.1079325675964355
5.100591659545898
5.216449737548828
5.189281940460205
5.669015407562256
4.857755184173584
5.169131755828857
4.9539055824279785
4.7280354499816895
5.629735469818115
4.952996730804443
5.6806864738464355
5.562679767608643
5.2534098625183105
5.245919704437256
5.161818027496338
4.61218786239624
5.542534828186035
5.30626916885376
5.1930670738220215
4.931453227996826
5.427384853363037
4.615818023681641
5.260596752166748
5.21457052230835
4.501222133636475
5.090481758117676
5.40291166305542
5.071630477905273
5.198044776916504
5.368082046508789
5.348576545715332
4.37143087387085
5.832108497619629
5.442777156829834
5.225552558898926
5.0777268409729
5.497291088104248
5.5348429679870605
4.048195838928223
4.840259552001953
5.224225997924805
5.221713542938232
5.604314804077148
4.479120254516602
5.6379828453063965
5.030459880828857
5.111791133880615
5.519686698913574
5.087754249572754
5.6739630699157715
4.94868803024292
5.281193733215332
4.996232509613037
5.018771171569824
5.244643688201904
5.757599353790283
5.229986667633057
5.790420055389404
5.648940563201904
5.176509857177734
5.473345756530762
5.2251877784729
5.071359157562256
5.620161533355713
5.73724889755249
5.183082103729248
5.338517665863037
5.3709025382995605
5.044194221496582
5.055649280548096
5.337914943695068
5.9706807136535645
5.068155765533447
5.471974849700928
4.532180309295654
4.9578704833984375
5.725739479064941
5.691278457641602
5.413175106048584
5.320319652557373
5.206933498382568
4.8175506591796875
5.659072399139404
5.640466213226318
5.093912601470947
4.554463863372803
5.1286940574646
5.043620586395264
5.111356735229492
5.116305828094482
4.980016231536865
5.366305828094482
5.012658596038818
5.727489471435547
5.201474189758301
5.071651458740234
5.032329082489014
5.35061502456665
5.188343048095703
4.953462600708008
4.907524108886719
5.5279541015625
5.648213863372803
4.782254695892334
5.350457191467285
4.938537120819092
5.367336273193359
5.348729133605957
5.0001935958862305
5.247647285461426
4.6439900398254395
5.322256565093994
4.657681941986084
6.037543773651123
5.196461200714111
5.179847240447998
5.719771862030029
5.59706449508667
4.950576305389404
5.23541259765625
4.928262710571289
5.0269036293029785
5.116028785705566
5.472020149230957
5.343810081481934
5.309257507324219
5.259331703186035
5.207193851470947
5.395691871643066
5.1603102684021
5.736642360687256
5.091052532196045
5.558040618896484
5.385071754455566
4.68285608291626
5.245863437652588
5.055981159210205
5.5454254150390625
5.416526794433594
5.371674537658691
5.711362361907959
5.26726770401001
5.885418891906738
4.7365217208862305
5.666086673736572
4.381718158721924
