1.3490681648254395
2.6851961612701416
2.029365062713623
1.1788139343261719
1.920177698135376
0.9201121926307678
0.8178870677947998
0.9514278173446655
1.0440027713775635
1.305752158164978
0.9683631658554077
2.1600265502929688
1.8576663732528687
0.6850460767745972
1.0390827655792236
2.1207828521728516
0.9110056161880493
1.2232177257537842
1.0434668064117432
0.5152967572212219
0.9595199823379517
1.4026298522949219
2.230776786804199
1.7815977334976196
1.2447528839111328
1.300209403038025
1.3745057582855225
1.4459586143493652
0.853326678276062
0.630169689655304
0.8342448472976685
1.3673681020736694
1.6148353815078735
1.7136175632476807
1.0868967771530151
1.2235124111175537
1.1497399806976318
1.4192683696746826
1.1280121803283691
1.665209174156189
1.6129744052886963
1.4584109783172607
1.2324271202087402
2.248924732208252
1.2350856065750122
0.3768893778324127
1.9824798107147217
1.7293426990509033
1.0999492406845093
1.361518383026123
1.4132359027862549
1.9157317876815796
1.948993444442749
1.1582682132720947
1.6916768550872803
0.8381568193435669
0.862679123878479
1.3183372020721436
1.1343905925750732
1.0047659873962402
1.470292091369629
1.1642541885375977
3.056868314743042
2.728257656097412
2.474787473678589
1.097404956817627
1.0993574857711792
1.372368335723877
1.2978285551071167
1.7447164058685303
1.504504919052124
2.0452334880828857
1.739509105682373
2.0260231494903564
0.7711648941040039
2.403440237045288
0.9550241827964783
1.8993377685546875
1.3132884502410889
0.9447785019874573
0.9912267923355103
1.2561432123184204
1.3828686475753784
1.3962876796722412
0.7325807809829712
0.6594847440719604
1.472221851348877
2.315824508666992
1.6987334489822388
0.819223165512085
1.3548815250396729
1.0539319515228271
1.5143877267837524
1.5484533309936523
0.9888707995414734
1.1668802499771118
0.6950183510780334
0.9182295203208923
1.0851445198059082
1.1404963731765747
2.255369186401367
1.4837265014648438
0.7338154315948486
1.8630733489990234
1.0651659965515137
0.8440418243408203
1.129991888999939
1.6029319763183594
0.8961567878723145
1.5361995697021484
1.6694598197937012
0.6334050297737122
1.9209387302398682
0.3929130733013153
1.147810935974121
1.0181809663772583
2.0818066596984863
1.382338047027588
1.979341983795166
0.6341536045074463
1.1973689794540405
1.6803467273712158
1.6277692317962646
1.9850785732269287
1.4335613250732422
1.2056691646575928
0.666551947593689
1.4862124919891357
1.9630458354949951
1.7843947410583496
0.9340018630027771
2.2311902046203613
1.0651804208755493
1.531109094619751
1.5939037799835205
1.4832897186279297
1.1291511058807373
0.9449246525764465
1.3349099159240723
1.1990001201629639
0.7377570867538452
2.4495136737823486
0.7760692834854126
1.1666266918182373
1.6485064029693604
1.7130992412567139
1.1485177278518677
1.4459253549575806
2.143148899078369
1.8241877555847168
2.415842056274414
0.9820066690444946
1.5242538452148438
1.1135210990905762
2.4470791816711426
0.4537740647792816
0.6566803455352783
1.4284062385559082
1.446552038192749
2.7200841903686523
0.909334659576416
1.3184044361114502
1.4441505670547485
1.0809842348098755
1.1321725845336914
1.5456463098526
1.356933832168579
1.2994285821914673
1.075356364250183
1.6785476207733154
1.7092342376708984
1.5918936729431152
0.8574241399765015
1.1094838380813599
2.0601892471313477
1.427677869796753
0.7422471046447754
1.9674367904663086
1.3488829135894775
1.2196718454360962
1.2835164070129395
0.8150713443756104
1.1182574033737183
1.1240918636322021
0.5817747116088867
0.9217398762702942
1.2334587574005127
1.375702977180481
1.73237943649292
1.145538091659546
1.8409109115600586
1.7516096830368042
1.1367108821868896
1.346330165863037
1.317512035369873
2.1902990341186523
1.4900884628295898
0.9478703141212463
0.9098820686340332
1.7804999351501465
1.2203478813171387
1.01026451587677
1.0431365966796875
1.1847028732299805
0.872866153717041
1.0775880813598633
1.3436124324798584
16.006298065185547
0.915841817855835
1.3620574474334717
1.0389070510864258
2.0938754081726074
1.1283762454986572
2.452805280685425
1.1546604633331299
0.6635681390762329
1.9613981246948242
1.174142599105835
2.6779141426086426
1.271625280380249
1.1913212537765503
1.4459794759750366
1.6571285724639893
2.3421790599823
0.9909296035766602
1.0299251079559326
1.158909559249878
1.5115711688995361
0.9894239902496338
1.602445363998413
1.1009244918823242
1.2418758869171143
1.4306104183197021
2.475569248199463
0.3685126006603241
2.2740371227264404
2.6679677963256836
0.9901971817016602
1.1150130033493042
1.3689690828323364
1.8296232223510742
1.6615732908248901
2.1962997913360596
1.2319819927215576
1.193210244178772
1.523158311843872
2.1714963912963867
0.7370481491088867
1.8831560611724854
0.9787279367446899
1.672410488128662
1.5143016576766968
1.3148916959762573
1.6076059341430664
1.2637622356414795
2.478384494781494
1.1502203941345215
89.10462188720703
1.2124674320220947
1.533503532409668
1.3710715770721436
0.9123755693435669
1.6388322114944458
1.4548101425170898
0.9802520871162415
0.4070911109447479
1.347960114479065
1.4356783628463745
0.8210657835006714
1.0114744901657104
1.3492511510849
1.1524007320404053
1.3625671863555908
0.6792503595352173
0.7065199613571167
1.7683820724487305
1.2931190729141235
1.0147825479507446
0.9135444164276123
1.144378423690796
1.3842358589172363
1.6918468475341797
1.5113012790679932
1.6088368892669678
1.602534532546997
1.5472183227539062
0.9634319543838501
1.5779478549957275
2.446202278137207
0.6945267915725708
1.7786478996276855
20.159381866455078
0.7943129539489746
1.1318156719207764
1.1443272829055786
2.224362373352051
0.9310812950134277
0.7389180660247803
1.1106733083724976
2.3877782821655273
2.1093251705169678
1.0980429649353027
1.6385763883590698
0.8690904378890991
3.360853672027588
0.7776373028755188
1.9846713542938232
1.2360210418701172
1.0341217517852783
1.9178647994995117
1.7979429960250854
0.7661722898483276
118.21967315673828
1.3802320957183838
1.249769687652588
0.935583770275116
1.5326308012008667
1.2011263370513916
2.303654670715332
2.8906397819519043
1.870415210723877
1.0734272003173828
1.6476709842681885
96.77217102050781
0.894836962223053
0.9452996850013733
1.8930302858352661
1.5075242519378662
1.1369489431381226
0.8415126800537109
1.1602840423583984
1.5798228979110718
1.2960896492004395
0.9653835296630859
0.7709606885910034
17.104272842407227
1.53202486038208
1.3517578840255737
1.2361805438995361
1.3157017230987549
1.851097583770752
0.9241532683372498
1.2657899856567383
1.6029539108276367
1.6004447937011719
1.1031548976898193
1.4610652923583984
1.9054381847381592
1.3837777376174927
2.062574863433838
1.3096580505371094
1.2828645706176758
2.4698681831359863
0.28212428092956543
0.8651210069656372
1.0129766464233398
1.1675071716308594
1.3849602937698364
1.7358028888702393
0.7139328718185425
0.8715217113494873
147.2129669189453
1.8332196474075317
1.6676127910614014
1.191457748413086
1.240196943283081
1.7182317972183228
1.2096009254455566
1.0683953762054443
1.056746244430542
1.002745509147644
1.2707834243774414
1.5900804996490479
1.3611456155776978
36.887535095214844
1.5922554731369019
1.1604254245758057
0.522345781326294
0.7891120314598083
0.9580975770950317
1.5934971570968628
1.1106687784194946
0.950037956237793
1.2618807554244995
2.0807387828826904
2.3012661933898926
1.3694214820861816
1.931214451789856
2.4848077297210693
0.5955476760864258
1.432021141052246
1.3536698818206787
1.1081271171569824
0.8713889122009277
1.8698899745941162
1.25811767578125
0.8300437927246094
0.8912789821624756
0.7086828947067261
0.7891421318054199
