0.07692738622426987
0.6146383285522461
0.2207169383764267
0.016613062471151352
2.053821086883545
1.767897129058838
0.8273137807846069
3.310819149017334
0.8808008432388306
0.0
0.005224434193223715
0.034662939608097076
0.0010712583316490054
2.7160403728485107
4.257113456726074
0.004124687984585762
2.3008813858032227
0.00328595913015306
1.1205142736434937
0.173286572098732
1.1219639778137207
0.01113248709589243
0.3816301226615906
0.0
2.557217597961426
2.5848615169525146
2.068526268005371
1.4793013334274292
0.18384745717048645
4.130772590637207
2.3742787837982178
2.6068081855773926
1.374045968055725
0.0019559699576348066
1.3446216583251953
0.16940031945705414
0.0037242290563881397
4.570526599884033
4.331879615783691
1.581718921661377
0.019215473905205727
2.0706512928009033
0.8145304918289185
3.413513422012329
0.790951132774353
5.202515602111816
0.027430037036538124
1.7636233568191528
0.7704353928565979
3.615063190460205
0.6225816011428833
7.713091850280762
2.430907726287842
0.4238260090351105
2.72342848777771
0.016108019277453423
5.681694984436035
1.8421344757080078
7.065682888031006
1.18899667263031
198.85003662109375
0.15721829235553741
0.17630358040332794
4.6518073081970215
0.5456117391586304
1.7964149713516235
0.04521952196955681
0.03989580273628235
0.0
1.5802114009857178
1.901768445968628
0.5872315764427185
1.1896886825561523
2.0520191192626953
2.7129416465759277
1.6455601453781128
2.419412136077881
2.0265934467315674
4.062131881713867
2.8756511211395264
0.07343939691781998
3.593686819076538
0.06330858916044235
1.4431498050689697
2.580299139022827
0.13018247485160828
2.3377301692962646
0.03880434110760689
2.040407180786133
0.11539682000875473
1.4330979585647583
0.3938634693622589
0.00438882689923048
5.656774997711182
1.4272336959838867
3.642958402633667
4.169177055358887
0.21287399530410767
0.0017612350638955832
0.05292489379644394
