1.3621699810028076
0.5613442659378052
0.00017681570898275822
1.615142583847046
0.0
1.6350123882293701
0.0002568300405982882
1.0055800676345825
0.47321590781211853
0.004307674244046211
1.2383742332458496
0.015361610800027847
0.0
0.0
1.2522544860839844
0.05234101042151451
0.0
0.8704930543899536
0.43383362889289856
0.08144442737102509
0.07899310439825058
0.0
0.8642687797546387
0.0
1.0298380851745605
2.812415361404419
3.688128709793091
0.03098173439502716
0.00012038688873872161
0.11512827128171921
0.002712508197873831
0.0014751229900866747
0.019909648224711418
0.0
0.2014588564634323
0.556962251663208
0.0
0.0
0.6681615114212036
0.0
2.4077889919281006
0.24669986963272095
0.0
0.015055897645652294
0.010166474618017673
0.03687653690576553
0.00407828064635396
0.6281115412712097
0.02304714359343052
0.0015312107279896736
1.3384720087051392
0.0
1.0939083099365234
0.0
3.0546748638153076
0.2060617059469223
8.415467891609296e-05
0.0
0.014344610273838043
5.383725166320801
0.28499287366867065
2.0898597240448
0.9435299634933472
0.0
1.1296697854995728
0.006634782999753952
0.2968403398990631
2.2267096042633057
0.0
3.00492000579834
3.9962997436523438
1.7368839979171753
0.007705258205533028
1.8512533903121948
0.0
0.030167758464813232
0.0
0.6934941411018372
0.24668395519256592
0.0
0.0023674285039305687
0.5380471348762512
0.37939977645874023
0.7950067520141602
1.464571237564087
0.0
4.721702575683594
0.0
0.0
2.716371536254883
0.2485419511795044
0.0015824403380975127
0.0
1.5514779090881348
1.6846823692321777
1.176888108253479
1.2783522605895996
0.0
0.024146676063537598
0.0
0.5247081518173218
0.0
0.0
0.006904336158186197
3.8032643795013428
0.0
0.0
0.00020178061095066369
2.171884059906006
0.597580075263977
1.7848002910614014
1.493322491645813
0.07533480226993561
0.0
1.4759547710418701
0.0
0.44347813725471497
