4.734586238861084
5.13477897644043
5.271877288818359
4.347886085510254
5.7142205238342285
5.035977840423584
5.000110626220703
5.12141752243042
4.941883087158203
5.141419887542725
4.510926723480225
4.9610676765441895
5.161640167236328
5.00880765914917
5.42134428024292
5.242400646209717
4.662368297576904
4.743008613586426
5.307537078857422
5.33201265335083
4.759982585906982
5.091995716094971
5.177927494049072
5.467892169952393
4.988926410675049
5.255957126617432
5.1803364753723145
4.887365818023682
5.338244915008545
5.118067264556885
5.121306896209717
5.078507900238037
5.146801948547363
4.665835857391357
5.245982646942139
5.178884029388428
4.925208568572998
5.0782670974731445
4.811284065246582
4.653819561004639
4.3636088371276855
5.60468053817749
4.883328914642334
4.962605953216553
5.1736674308776855
4.421264171600342
5.1440839767456055
5.190420150756836
5.216366767883301
5.0969133377075195
5.378446102142334
4.951676845550537
5.088211536407471
5.219580173492432
5.1560587882995605
4.838332653045654
4.692981243133545
5.009748935699463
4.993350505828857
4.983087062835693
5.037936210632324
5.352899074554443
5.609190464019775
4.9974589347839355
5.104097843170166
5.211226463317871
5.124279499053955
5.7019171714782715
4.921140193939209
5.520588397979736
5.601081371307373
4.928939342498779
5.24580717086792
5.112558364868164
5.1640448570251465
4.281135082244873
5.334428310394287
5.093021392822266
5.7628960609436035
5.308467864990234
5.127379894256592
4.965096950531006
4.351030349731445
4.955483913421631
5.5308332443237305
4.971252918243408
5.780284404754639
4.923888206481934
5.191792964935303
4.479066848754883
5.176194667816162
5.0386643409729
5.188205242156982
4.378435134887695
5.15059232711792
5.1898417472839355
5.325892448425293
4.660208225250244
4.963630199432373
5.200545787811279
5.324909687042236
4.6901068687438965
5.0035295486450195
5.399394989013672
5.033351898193359
5.293463230133057
5.6162614822387695
5.274337291717529
4.551251411437988
5.073051929473877
4.391507148742676
5.5250325202941895
4.932313442230225
5.041429042816162
4.7352800369262695
4.955663204193115
5.226241588592529
5.301300525665283
4.751845836639404
4.8893609046936035
5.2442731857299805
4.86474609375
5.1236958503723145
4.930337429046631
5.166119575500488
5.297797203063965
5.208505630493164
4.926389217376709
4.795318126678467
4.803997993469238
4.5411601066589355
4.67812967300415
5.377503871917725
5.1660027503967285
5.18790340423584
4.751768112182617
4.901218414306641
5.483689785003662
5.514846324920654
5.301366329193115
4.734917163848877
5.2932868003845215
5.041200637817383
4.972329616546631
4.886206150054932
5.043697357177734
5.049012184143066
5.142040729522705
4.926934719085693
4.548752784729004
4.91583776473999
4.461213111877441
5.01209020614624
5.671873569488525
5.077780723571777
5.468299865722656
5.261474132537842
5.571877479553223
5.213972568511963
5.635534286499023
5.08274507522583
5.471783638000488
5.228039264678955
4.5301833152771
5.199288845062256
4.989323616027832
5.68324613571167
5.452949047088623
4.584113597869873
5.23031759262085
5.128846168518066
5.462155818939209
4.460612773895264
5.615097999572754
4.692188262939453
4.8252716064453125
5.312902927398682
4.668258190155029
4.336596488952637
5.1607584953308105
5.582520484924316
4.46212911605835
5.1306586265563965
5.014732360839844
4.778674125671387
4.619855880737305
5.46987771987915
5.0077080726623535
4.878383636474609
5.318846702575684
5.208103656768799
5.095216274261475
5.152724742889404
4.900879859924316
5.1206793785095215
4.688899517059326
5.0210442543029785
5.211974620819092
5.650150299072266
4.086983680725098
