5.2525177001953125
5.644042015075684
6.554421424865723
5.146695137023926
6.985561847686768
5.464744567871094
4.912327766418457
6.39996337890625
6.1856184005737305
4.876248359680176
6.425493240356445
6.127661228179932
12.477774620056152
6.49998664855957
6.1322832107543945
6.889769077301025
6.137550354003906
6.8406195640563965
6.08876371383667
6.141441345214844
6.4595441818237305
5.964595794677734
5.992870330810547
6.092711925506592
7.037267684936523
5.676902770996094
5.202272415161133
5.797976970672607
5.343740463256836
6.395379543304443
12.643714904785156
7.114513874053955
5.65328311920166
6.091554641723633
6.373798370361328
6.263751029968262
7.522172927856445
4.692798614501953
5.762327671051025
6.680181503295898
7.387304782867432
5.44529914855957
5.820742607116699
5.6405816078186035
6.840630054473877
5.3167524337768555
5.9991350173950195
5.769713401794434
4.024392127990723
6.962408542633057
6.271457672119141
5.381955146789551
4.993484020233154
6.476574897766113
7.347270965576172
6.7527313232421875
4.8548455238342285
7.660834789276123
6.4368085861206055
5.788446426391602
6.842694282531738
5.18230676651001
5.435407638549805
5.687047004699707
6.514874458312988
4.77028751373291
6.457541465759277
6.129297256469727
6.179418563842773
5.456202507019043
4.844195365905762
6.743546485900879
4.742128372192383
7.068941116333008
7.025124549865723
5.816004753112793
6.1846723556518555
5.045055389404297
5.487825393676758
5.9533233642578125
6.862873077392578
6.9961628913879395
5.821045875549316
5.241605758666992
5.729536056518555
7.094448089599609
6.356886386871338
5.453448295593262
5.777017593383789
6.445911407470703
6.169472694396973
5.876528739929199
6.655434608459473
6.0019659996032715
6.050056457519531
5.855510711669922
5.465807914733887
5.856483459472656
6.165571212768555
5.207725524902344
5.592546463012695
5.571145057678223
230.14947509765625
5.143385887145996
6.187798500061035
6.060166358947754
4.960024833679199
14.086669921875
5.503178119659424
6.726353645324707
6.945671081542969
7.389898300170898
5.215117454528809
4.76088285446167
6.124966621398926
5.542834758758545
4.986135482788086
5.611425399780273
5.273280143737793
6.261556625366211
6.917093276977539
6.919188976287842
7.928198337554932
4.7762770652771
6.867059230804443
5.5905280113220215
5.872724533081055
6.096635818481445
4.407683372497559
5.784759521484375
6.391505241394043
5.948390960693359
6.596802711486816
5.441187858581543
5.501357555389404
5.775402069091797
6.149367809295654
6.328378677368164
6.069929122924805
5.4654364585876465
5.533316135406494
5.319957256317139
4.759299278259277
4.9842143058776855
5.309296607971191
5.876302719116211
5.172542572021484
5.523176193237305
6.3751020431518555
4.926428318023682
6.118390083312988
6.787146091461182
6.631469249725342
7.607117652893066
6.556328773498535
5.548402786254883
6.299417495727539
4.938408851623535
4.436774730682373
5.912308692932129
5.522951602935791
6.539902687072754
6.079539775848389
5.9139299392700195
6.2230424880981445
4.193285942077637
4.502411842346191
5.734164237976074
4.947510242462158
5.226418495178223
4.649906158447266
6.571441650390625
6.09895133972168
5.838107109069824
6.946053981781006
6.627779960632324
5.065046787261963
4.658787727355957
6.30633544921875
6.304598808288574
6.537795066833496
6.660916328430176
5.619520664215088
5.420640468597412
4.696234703063965
5.88165283203125
6.331589698791504
6.401782989501953
5.674500465393066
5.661374092102051
5.840692520141602
7.17319917678833
6.823080539703369
6.335346221923828
5.0502166748046875
7.239845275878906
5.864153861999512
5.7135467529296875
243.36834716796875
3.896414279937744
6.60050106048584
7.471502304077148
5.02593469619751
5.142660617828369
20.509449005126953
6.329668045043945
6.363432884216309
5.38104248046875
6.186153888702393
5.843416213989258
5.8222150802612305
6.207155227661133
5.694002628326416
6.18978214263916
5.604466438293457
6.772700309753418
7.008422374725342
6.183129787445068
5.586301803588867
7.306516170501709
6.416083335876465
6.468059539794922
6.887385368347168
5.794515132904053
5.651278495788574
5.5338945388793945
7.0572404861450195
7.570259094238281
5.426909446716309
5.460224151611328
6.574057579040527
7.000420570373535
4.943352699279785
5.684112071990967
6.819697380065918
6.384704113006592
5.861084938049316
5.977978229522705
4.8833699226379395
5.961369514465332
6.446749687194824
7.199950695037842
7.451171398162842
5.366193771362305
6.116231918334961
5.259690284729004
6.568127632141113
6.197284698486328
4.705542087554932
5.916470527648926
6.3708062171936035
5.586902618408203
6.52182674407959
5.621669292449951
73.57970428466797
5.209622383117676
5.744700908660889
4.191847801208496
7.010961532592773
4.89544677734375
4.571037292480469
6.390990257263184
6.2173051834106445
5.9238739013671875
5.3185930252075195
5.662744998931885
6.546051979064941
6.616300582885742
5.854611396789551
5.981890678405762
5.767465591430664
5.862452507019043
5.3093671798706055
5.942849159240723
7.264711380004883
4.723966598510742
6.13492488861084
5.897700309753418
6.901324272155762
4.910668849945068
6.66004753112793
5.5112104415893555
6.265239715576172
5.786087512969971
6.975966930389404
5.947668075561523
5.430795669555664
7.031061172485352
5.331221580505371
6.314899444580078
6.366636276245117
4.8655524253845215
5.777491569519043
7.233846187591553
4.497030258178711
4.545400619506836
4.940463542938232
5.629057884216309
5.29865837097168
4.852454662322998
7.196628570556641
6.297887325286865
5.6992716789245605
6.4723405838012695
6.159756660461426
5.938917636871338
6.355404853820801
6.146834850311279
5.893092155456543
6.188363552093506
6.952846527099609
6.537155628204346
6.876121520996094
5.329929351806641
5.812560558319092
6.62959623336792
4.623223304748535
6.6542768478393555
6.341348648071289
5.681711196899414
6.294211387634277
3.491936206817627
5.320612907409668
6.249997138977051
4.375727653503418
5.002026557922363
5.183859825134277
5.247135162353516
6.2184624671936035
4.365640163421631
7.159389495849609
4.670763969421387
5.65528678894043
5.2325439453125
6.477612018585205
5.663094520568848
6.307341575622559
5.794707298278809
6.314600944519043
6.845412254333496
5.359277725219727
5.909460544586182
6.722648620605469
7.365241050720215
5.783658027648926
5.47282600402832
5.4591965675354
7.231899738311768
5.169921875
5.323359489440918
6.2129387855529785
13.971749305725098
6.105012893676758
220.22799682617188
6.380100727081299
20.247119903564453
6.035321235656738
5.134892463684082
5.292131423950195
5.398050308227539
5.83344030380249
7.216156959533691
5.933876991271973
5.894747734069824
6.961798667907715
5.260369300842285
4.805854320526123
5.456858158111572
5.931885719299316
6.067835807800293
5.850494384765625
7.090329170227051
7.345315456390381
6.099809646606445
6.687588691711426
7.065899848937988
5.851644515991211
4.300568580627441
6.112544059753418
5.129927635192871
5.222677707672119
6.152778148651123
6.407422065734863
6.025742530822754
6.680302619934082
6.356477737426758
5.982851982116699
6.399578094482422
6.957901477813721
5.750133037567139
6.455142021179199
5.624810218811035
6.36263370513916
5.94972562789917
7.085183143615723
6.350721836090088
4.8160247802734375
5.339151382446289
6.112522125244141
6.168730735778809
