5.419309616088867
5.648038864135742
5.994044780731201
5.966397285461426
5.94331693649292
5.1855645179748535
5.3030524253845215
5.808618545532227
6.554706573486328
5.416938304901123
8.817755699157715
6.796816349029541
5.834077835083008
6.414344787597656
4.972083568572998
5.073597431182861
6.397876739501953
7.157296180725098
4.99123477935791
6.353131294250488
5.318850994110107
7.503720283508301
8.715538024902344
6.095390319824219
8.024553298950195
6.696381568908691
5.70185661315918
5.522393703460693
6.551309108734131
5.634354591369629
5.120059967041016
5.177108287811279
5.472261905670166
5.371473789215088
6.373884677886963
6.464000225067139
6.3653693199157715
5.585976600646973
5.237934112548828
6.3886027336120605
