5.336001396179199
4.677717685699463
5.57276725769043
4.568845748901367
3.935986280441284
6.138336658477783
5.897688865661621
7.668868064880371
4.73480224609375
4.220576286315918
5.760248184204102
4.854689121246338
5.0492706298828125
5.008703231811523
4.156063079833984
4.144733428955078
4.653461456298828
3.4612197875976562
5.134957313537598
3.154966354370117
5.119013786315918
5.442661285400391
4.910111427307129
5.581839561462402
4.85575008392334
5.566023826599121
3.53727388381958
4.721156120300293
3.856947660446167
7.400531768798828
3.367248058319092
7.979011535644531
7.3439483642578125
4.763882160186768
5.877547264099121
4.792014122009277
5.526782035827637
3.507249355316162
6.393643379211426
6.514252662658691
5.899484634399414
4.568107604980469
6.011691570281982
4.06205940246582
4.1413373947143555
6.801738739013672
5.305051803588867
5.401111602783203
3.6096982955932617
4.782077789306641
5.852088928222656
4.8626627922058105
4.215895652770996
4.167388916015625
4.383350372314453
5.147391319274902
5.699974536895752
5.317927360534668
5.1805925369262695
6.10666036605835
6.172245979309082
2.8255720138549805
5.894526481628418
4.577139854431152
5.814348220825195
8.022652626037598
4.071124076843262
5.189131736755371
5.132096290588379
4.416502952575684
4.998038291931152
6.0553083419799805
5.552240371704102
5.034411430358887
5.130864143371582
4.118574619293213
5.283365249633789
5.491369724273682
3.0212650299072266
4.709136009216309
7.303629398345947
5.852478981018066
5.331614017486572
3.9221434593200684
3.459832191467285
3.9924392700195312
4.360948085784912
4.734280586242676
4.404253959655762
7.193241119384766
5.233994483947754
4.759495258331299
3.950869560241699
4.270209312438965
6.455908298492432
4.60388708114624
6.1327080726623535
5.70169734954834
4.887522220611572
5.6177592277526855
7.0032548904418945
3.5911097526550293
3.8337745666503906
4.675197124481201
4.0937347412109375
4.732628345489502
5.492936611175537
5.240096092224121
4.322054862976074
5.538086891174316
7.748476028442383
4.969494819641113
4.798172473907471
5.100546836853027
4.199978828430176
76.78376007080078
4.913824558258057
5.473637104034424
5.031749725341797
3.962338447570801
4.098362922668457
4.661849021911621
3.617581605911255
5.9798173904418945
5.1891632080078125
3.0180234909057617
5.122132301330566
4.541607856750488
4.07907247543335
5.73898983001709
6.30129337310791
4.380022048950195
4.393253326416016
7.378427505493164
4.764418601989746
5.3411545753479
5.9479475021362305
4.317544937133789
6.417191505432129
4.883689880371094
3.1648542881011963
6.83644962310791
5.4220170974731445
5.484292984008789
5.199246883392334
4.964239120483398
3.4709503650665283
6.4048614501953125
4.43825626373291
5.407612323760986
4.021259307861328
5.41400146484375
3.1738717555999756
4.285542964935303
4.989056587219238
4.7626261711120605
5.661463737487793
5.440866947174072
5.304614067077637
6.912046432495117
4.585993766784668
4.963395595550537
5.420503616333008
5.588816165924072
5.395856857299805
4.792117118835449
5.131860733032227
5.034969806671143
5.2074198722839355
4.931041717529297
5.0365495681762695
5.559171676635742
4.750908851623535
6.1834211349487305
6.171850204467773
2.7148797512054443
3.2706518173217773
4.451145172119141
5.048262119293213
4.391881465911865
5.998867034912109
5.637570381164551
5.020015239715576
3.7443957328796387
4.0098371505737305
4.872993469238281
4.157432556152344
4.739094257354736
3.955199718475342
5.083874702453613
5.292938709259033
6.582226753234863
5.920652866363525
4.339676856994629
4.928655624389648
4.801662445068359
5.407208442687988
4.693274974822998
4.440286159515381
6.242239475250244
5.637474060058594
5.765259742736816
7.1459736824035645
5.4283881187438965
4.636230945587158
5.280862808227539
4.6361985206604
5.594738960266113
5.274734973907471
6.045493125915527
4.517819881439209
5.664488792419434
5.076313018798828
5.522101402282715
4.668488502502441
5.981489181518555
5.072285175323486
3.339921474456787
4.249591827392578
4.292969226837158
5.668730735778809
4.524706840515137
5.721259117126465
5.651143550872803
4.303719997406006
5.276612281799316
4.98802375793457
2.680999517440796
4.792118072509766
6.23458194732666
6.486610412597656
5.314083099365234
4.046255588531494
4.876923084259033
5.324968338012695
7.420524597167969
3.197525978088379
5.397574424743652
5.568612098693848
4.129002571105957
5.83370304107666
5.533749103546143
4.332716941833496
5.434922218322754
5.917515754699707
22.64907455444336
4.863278388977051
4.247617721557617
5.2882232666015625
4.424689769744873
6.546567440032959
6.495090484619141
5.245911598205566
5.830759048461914
3.2423062324523926
5.102904319763184
5.406095504760742
4.436314582824707
3.559009075164795
6.002089977264404
3.0212817192077637
6.815134048461914
4.618255615234375
5.226226806640625
5.109333038330078
4.857046127319336
4.46897029876709
6.344124794006348
4.187675952911377
5.193553924560547
5.455738544464111
5.8278937339782715
4.741772174835205
4.910122871398926
3.9468133449554443
5.032413482666016
4.976977825164795
4.6685614585876465
5.928767204284668
5.811351776123047
4.366059303283691
7.062442779541016
4.637801170349121
3.8614704608917236
3.9543659687042236
5.112692832946777
5.522715091705322
5.521039009094238
4.581345558166504
3.887500047683716
4.47258186340332
7.285385608673096
5.586359024047852
5.407659530639648
5.059806823730469
6.419842720031738
5.563055038452148
5.320631504058838
5.2007293701171875
5.515185832977295
3.171860456466675
6.378408432006836
5.335559368133545
5.219484329223633
4.076372146606445
5.001860618591309
5.751496315002441
5.55274772644043
5.4581074714660645
4.186324119567871
6.130258560180664
6.208864212036133
3.1480793952941895
5.039925575256348
5.800993919372559
6.407173156738281
5.179538726806641
3.8737306594848633
5.530737400054932
4.660605430603027
3.6186599731445312
4.856197357177734
4.11346960067749
2.644110679626465
6.806244850158691
4.862340450286865
4.247657299041748
5.743117332458496
4.8191752433776855
4.933779716491699
5.575768947601318
4.899433612823486
4.427977561950684
5.719878196716309
6.208684921264648
4.687150955200195
3.559938907623291
4.3958868980407715
4.548269271850586
6.6732072830200195
5.53752326965332
4.000673770904541
5.678534507751465
5.932471752166748
6.201712131500244
4.609711170196533
4.695252418518066
5.2495808601379395
5.744093894958496
5.576389312744141
4.835973739624023
5.880408763885498
5.668048858642578
4.197539329528809
5.109766483306885
4.08552360534668
3.6146597862243652
6.70717716217041
5.694939613342285
4.8796539306640625
4.043064594268799
5.2611918449401855
5.094091892242432
5.446512222290039
5.08015251159668
5.386136054992676
7.064070701599121
5.6663384437561035
3.998420238494873
3.586177349090576
4.422942638397217
4.950550079345703
7.236678123474121
4.314462661743164
5.703105449676514
5.33977746963501
5.8057050704956055
5.574838638305664
4.307433128356934
5.208035469055176
3.9454846382141113
5.6305999755859375
5.351510047912598
7.377950668334961
4.7498040199279785
6.030035495758057
4.748541831970215
4.957220077514648
4.901573181152344
5.62405252456665
3.6741936206817627
7.267685413360596
3.9811110496520996
6.9644551277160645
4.6022162437438965
4.045804023742676
5.788027286529541
4.642768859863281
5.547270774841309
4.547839641571045
