5.280667304992676
5.700729846954346
56.499671936035156
7.250338554382324
9.50455093383789
12.846139907836914
14.266594886779785
5.368124961853027
4.970095634460449
5.470475196838379
5.627264022827148
6.156027793884277
5.033326625823975
8.859468460083008
6.076115608215332
5.553266525268555
6.647556304931641
6.404020309448242
5.511657238006592
6.052592754364014
12.259000778198242
5.828266143798828
6.931270599365234
5.929800987243652
5.729233741760254
6.275671005249023
12.464505195617676
6.467128276824951
7.050146102905273
5.703765392303467
4.870441436767578
7.00175666809082
5.269261837005615
7.067334175109863
5.183505058288574
10.048437118530273
4.551268577575684
7.306358337402344
7.742571830749512
5.896261692047119
