0.0
1.7264549732208252
0.4925231337547302
0.0
0.0
3.6357414501253515e-05
0.0008328621624968946
6.377656518452568e-06
0.0014810658758506179
0.005403326824307442
0.0011921011609956622
0.00035847313120029867
0.00025974988238886
0.0007311116787604988
0.0013355640694499016
0.0
0.0
0.0011313860304653645
0.9312504529953003
0.2009231299161911
0.35691967606544495
0.00034975691232830286
3.0695449822815135e-05
0.00022285159502644092
0.006450652610510588
0.004441205877810717
0.9765859246253967
112.95250701904297
6.0102967836428434e-05
0.0
0.002643037587404251
3.695474333653692e-06
0.0
0.0
0.0015206491807475686
0.0
0.023331671953201294
0.0
0.00017979487893171608
0.0
0.003992607817053795
0.0
0.0
0.11013916879892349
0.0
0.005337272305041552
0.0
0.0007395636639557779
0.017385227605700493
0.002518625929951668
3.7489917303901166e-05
6.4845648012124e-05
0.010964028537273407
0.36663559079170227
0.1882065087556839
0.000331914983689785
0.0
0.17181390523910522
2.057119846343994
0.0005276842857711017
0.7064974904060364
0.0
1.0132686838915106e-05
0.0
0.0019642820116132498
0.0015510634984821081
0.14264395833015442
0.26723623275756836
0.005970861297100782
0.0
0.00010250354534946382
0.0005319268093444407
0.6945623755455017
0.0
0.03429977968335152
0.00840644259005785
0.0
0.44670847058296204
0.0
0.0006578524480573833
0.0004726260667666793
0.232294499874115
0.029564939439296722
51.878997802734375
0.07594050467014313
0.0003536829026415944
0.3883253037929535
0.0
0.03179379180073738
0.0
0.00010376091813668609
0.0
0.006384389474987984
0.015706580132246017
0.16288027167320251
0.05259007215499878
6.119156360626221
0.0010975140612572432
0.0
0.03947465494275093
1.2906156778335571
0.0028848685324192047
0.0
0.023234322667121887
0.4763926565647125
0.002420231467112899
0.0008467405568808317
0.0
0.002132630906999111
0.0017987877363339067
0.0
0.0
0.0
0.026203179731965065
0.2855882942676544
0.0005010239547118545
2.336447505513206e-05
