174.7385711669922
175.1475067138672
178.48069763183594
167.6815643310547
171.7866973876953
179.1539764404297
179.8621063232422
184.84812927246094
176.1192626953125
170.07994079589844
173.5977020263672
173.55137634277344
175.54586791992188
173.90200805664062
177.9687957763672
169.80421447753906
183.381591796875
174.8367156982422
175.2502899169922
178.0269012451172
170.39517211914062
177.1693878173828
171.19192504882812
177.8172607421875
175.0807342529297
184.8628692626953
141.166259765625
185.25198364257812
167.48342895507812
174.50389099121094
145.13316345214844
168.7486114501953
174.55650329589844
167.9757537841797
174.2198028564453
139.6764373779297
165.84959411621094
172.7753143310547
164.44615173339844
168.0885009765625
163.5477752685547
107.18474578857422
171.6477813720703
176.8386993408203
169.64541625976562
131.06028747558594
174.41441345214844
178.4256591796875
171.60076904296875
181.7196502685547
173.73472595214844
176.05760192871094
176.75865173339844
170.25437927246094
182.06748962402344
167.6608123779297
160.4781036376953
172.08750915527344
181.00320434570312
110.58953094482422
177.17108154296875
173.18128967285156
170.30625915527344
170.49594116210938
175.875732421875
173.7601776123047
176.94700622558594
139.8084259033203
169.2549285888672
171.6053466796875
144.4609832763672
176.21420288085938
184.32431030273438
175.95159912109375
170.66127014160156
166.2771453857422
178.9031219482422
175.3275146484375
170.44627380371094
170.92515563964844
179.01272583007812
174.02951049804688
169.53907775878906
176.0494842529297
175.0542755126953
175.343505859375
170.46426391601562
181.70431518554688
172.74819946289062
164.97952270507812
175.96031188964844
170.5115966796875
178.04896545410156
180.3820343017578
169.53872680664062
166.81675720214844
171.62841796875
169.35818481445312
172.8551483154297
171.01878356933594
174.4346160888672
166.47061157226562
169.1089324951172
167.2989501953125
173.84898376464844
167.4966278076172
180.71580505371094
139.47373962402344
171.6969757080078
172.67649841308594
175.08213806152344
169.6342010498047
174.834716796875
178.26490783691406
139.3645477294922
172.25608825683594
173.61607360839844
172.05284118652344
175.6761932373047
179.914306640625
168.36666870117188
100.47014617919922
176.0612335205078
175.60804748535156
171.56980895996094
178.75936889648438
179.78945922851562
179.10630798339844
178.4889678955078
181.34661865234375
175.73155212402344
183.02468872070312
176.4172821044922
143.37261962890625
144.7135467529297
174.7861785888672
176.70713806152344
174.01565551757812
144.43118286132812
168.04339599609375
172.41558837890625
173.38697814941406
163.66946411132812
106.4732437133789
173.43081665039062
176.96337890625
170.93809509277344
172.4683074951172
138.2835235595703
181.58900451660156
176.32278442382812
172.5989990234375
142.6260986328125
172.1841583251953
174.57899475097656
182.21206665039062
176.18910217285156
130.68946838378906
174.28297424316406
140.7567138671875
173.89846801757812
169.96946716308594
171.8966522216797
172.8352508544922
176.70071411132812
176.80711364746094
167.22804260253906
174.33702087402344
174.1290740966797
175.1221466064453
174.79977416992188
180.39329528808594
166.28334045410156
180.44151306152344
171.82460021972656
177.6524200439453
173.9613494873047
168.60238647460938
158.057861328125
181.13621520996094
182.18045043945312
173.2403106689453
176.760009765625
181.42300415039062
174.54269409179688
174.3866424560547
169.65989685058594
142.85435485839844
172.53762817382812
180.7532196044922
172.59133911132812
178.25387573242188
180.16241455078125
173.675537109375
178.1063690185547
137.54620361328125
179.3861541748047
169.8226776123047
174.1061248779297
166.40243530273438
181.874267578125
171.09690856933594
131.9329376220703
173.00198364257812
173.47740173339844
144.7539520263672
176.43896484375
142.03897094726562
174.71536254882812
143.2574920654297
172.059326171875
102.0816421508789
167.38095092773438
176.3831329345703
174.3117218017578
177.13088989257812
169.30674743652344
179.5563507080078
145.25926208496094
139.4654083251953
180.7552947998047
181.0322265625
181.69821166992188
138.6442108154297
172.45750427246094
182.3477325439453
180.7874755859375
173.65548706054688
174.92381286621094
159.7368927001953
163.24525451660156
178.62710571289062
181.51058959960938
171.6723175048828
137.95372009277344
175.17637634277344
175.54226684570312
137.0896453857422
172.5375213623047
175.458740234375
167.78440856933594
173.58377075195312
173.4798583984375
137.820556640625
133.44033813476562
165.59719848632812
180.42970275878906
142.1722869873047
172.4597625732422
157.03123474121094
170.06163024902344
169.6886749267578
151.58494567871094
166.65318298339844
180.5275115966797
173.43846130371094
175.70143127441406
140.4886932373047
181.89456176757812
179.3633575439453
177.71324157714844
182.2798309326172
177.03973388671875
140.4236602783203
171.9633331298828
168.34104919433594
145.2922821044922
183.0322723388672
175.12783813476562
176.63543701171875
170.9407196044922
175.8621826171875
174.43447875976562
170.91720581054688
181.6837921142578
178.3212432861328
176.3005828857422
135.81298828125
170.18836975097656
135.73365783691406
141.42672729492188
164.4334716796875
181.35565185546875
141.12460327148438
169.94302368164062
176.74331665039062
174.0462188720703
137.69944763183594
167.99853515625
172.8304443359375
174.8921661376953
169.1393280029297
142.35655212402344
170.63011169433594
172.0478973388672
173.62335205078125
143.45155334472656
180.43215942382812
174.88026428222656
179.51422119140625
174.72866821289062
175.72349548339844
173.99624633789062
181.87315368652344
178.23939514160156
174.60540771484375
174.02786254882812
145.23611450195312
178.81480407714844
178.7365264892578
165.9078826904297
179.23974609375
169.51141357421875
175.67076110839844
185.04673767089844
178.9581756591797
134.98509216308594
173.035400390625
182.5793914794922
145.43609619140625
167.01797485351562
173.1100311279297
174.951416015625
170.96566772460938
178.08901977539062
173.40489196777344
171.56227111816406
133.418212890625
171.1376953125
135.48095703125
165.78164672851562
167.0297393798828
171.90464782714844
167.94003295898438
172.24156188964844
175.02569580078125
180.38685607910156
168.37330627441406
174.16236877441406
176.16842651367188
173.23423767089844
174.0041046142578
174.4178009033203
169.77427673339844
166.58834838867188
175.23214721679688
173.98622131347656
137.0080108642578
179.28343200683594
179.79293823242188
175.41477966308594
181.98219299316406
175.65504455566406
172.4767608642578
163.81578063964844
175.81051635742188
169.5950469970703
172.95875549316406
171.67965698242188
166.78445434570312
176.85159301757812
139.5570526123047
167.8720245361328
185.0040740966797
170.45542907714844
169.81202697753906
175.15103149414062
170.72039794921875
175.46495056152344
135.06211853027344
174.07566833496094
180.1990203857422
173.2880401611328
169.84405517578125
166.31565856933594
168.5378875732422
141.1276397705078
145.35081481933594
135.85269165039062
173.5930633544922
182.63400268554688
167.40744018554688
140.3368377685547
173.2165069580078
136.79966735839844
141.75306701660156
179.63095092773438
180.27476501464844
172.1266326904297
142.9518280029297
140.86398315429688
169.0263214111328
169.43634033203125
176.6864013671875
164.9940948486328
187.8050994873047
179.2992706298828
173.63145446777344
178.12060546875
179.0849609375
