 Answer: The ancient city of Pompeii was destroyed by the eruption of Mount Vesuvius in AD 79.
 Answer: The ceiling of the Sistine Chapel was painted by Michelangelo Buonarroi.
 Answer: The Machu Picchu complex was built by the Inca civilization, which was a powerful and sophisticated civilization that flourished in Peru from the 13th to the 16th century.
 Answer: The largest freshwater lake in the world by surface area is the Lake Superior, located in North America.
 Answer: The Colorado River flows through the Grand Canyon.
 Answer: The ancient Pyramids of Giza are located on the west bank of the Nile River in Giza, Egypt.
 Answer: San Francisco is known for its iconic Golden Gate Bridge.
 Answer: The United States launched the first object into space, a V-2 rocket, in 1949.
 Answer: The Spanish Armada made its attempt to invade England in 1588.
 Answer: Napoleon Bonaparte was born on the island of Corsica, France.
 Answer: The influential communist manifesto was penned by Karl Marx.
 Answer: The city of Boston, USA is famous for the historical event of the 'Boston Tea Party'.
 Answer: The South African president who ended apartheid was Nelson Mandela.
 Answer: The capital of Egypt is Cairo.
 Answer: The RMS Titanic sank on April 15, 1912.
 Answer: The world's tallest building, the Burj Khalifa, is located in Dubai, United Arab Emirates.
 Answer: The ancient Olympic Games originated in Olympia, a city in western Greece.
 Answer: The United Nations was established in 1945.
 Answer: The longest river in the world is the Amazon River, stretching across seven countries in South America.
 Answer: The ancient Library of Alexandria was located in Egypt, specifically in the city of Alexandria.
 Answer: The event that is commonly acknowledged as the start of the French Revolution is the Storming of the Bastille on July 14, 1789.
 Answer: The first person to circumnavigate the globe was Sir Francis Drake, an English explorer who completed his journey in 1580.
 Answer: The animal known as the 'Ship of the Desert' is the Camel.
 Answer: The Serengeti National Park is located in Tanzania, East Africa.
 Answer: During the Cuban Missile Crisis, the leader of the Soviet Union was Nikita Khrushchev.
 Answer: Nelson Mandela was imprisoned on Robben Island, off the coast of Cape Town, for 18 of his 27 years in jail.
 Answer: The city that is known as the 'Venice of the North' is Amsterdam, Netherlands.
 Answer: The ancient city of Petra is located in Jordan.
 Answer: The famous detective Sherlock Holmes is associated with the London address of 221B Baker Street.
 Answer: The famous leader of the Soviet Union during World War II was Joseph Stalin.
 Answer: The first president of the United States was George Washington.
 Answer: The city of Olympia, in Greece, is known for the creation of the original Olympic Games.
 Answer: The United Kingdom voted to leave the European Union in 2016.
 Answer: Stonehenge is located in England, UK.
 Answer: The world's largest coral reef system is the Great Barrier Reef, located off the coast of Australia.
 Answer: Norway is famous for its fjords.
 Answer: The longest river in South America is the Amazon River.
 Answer: The first woman to fly solo across the Atlantic Ocean was Hilda Hewitt, an Australian explorer, in 1932.
 Answer: India gained its independence from Britain in 1947.
 Answer: The Berlin Wall came down in 1989, marking the end of the Cold War and paving the way for international cooperation and exchange.
 Answer: The Great Barrier Reef is located in the Coral Sea and the Pacific Ocean off the coast of Australia.
 Answer: The first Emperor of Rome was Augustus Caesar, who ruled from 27 BC to 14 AD.
 Answer: The ancient city of Machu Picchu is located in Peru.
 Answer: The capital of Spain is Madrid.
 Answer: John F. Kennedy was assassinated in Dallas, Texas.
 Answer: The city of Istanbul spans two continents: Asia and Europe.
 Answer: New York City is often referred to as the Big Apple.
 Answer: The largest island in the world is Greenland, with an area of approximately 2.17 million square kilometers.
 Answer: The ancient ruins of Angkor Wat are located in Cambodia.
 Answer: The highest uninterrupted waterfall in the world is the Victoria Falls, located in Zambia.
 Answer: The deepest known location in the Earth's oceans is the Challenger Deep, a depression in the ocean floor located near the Mariana Trench in the Pacific.
 Answer: The first country to grant women the right to vote was New Zealand, which achieved this milestone in 1912.
 Answer: The largest continent is Africa.
 Answer: The first modern Olympic Games were held in 1896 in Athens, Greece.
 Answer: Alcatraz Island is located in San Francisco, California.
 Answer: The Nobel Peace Prize is awarded in Oslo, Norway.
 Answer: The smallest country in the world by area is Vatican City, with an area of approximately 0.44 km2.
 Answer: The largest desert in the world is the Sahara Desert, covering an area of approximately 9,400 square kilometers.
 Answer: Volvo is a Swedish car brand that was founded in 1925.
 Answer: The Colosseum is located in Rome, Italy.
 Answer: The Chernobyl nuclear disaster occurred in Pripyat, Ukraine.
 Answer: The principal author of the Declaration of Independence was Thomas Jefferson.
 Answer: The Mughal Empire built the Taj Mahal in the 17th century.
 Answer: The Mona Lisa is housed in the Louvre Museum in Paris, France.
 Answer: The capital of Brazil is Brasília.
 Answer: The British prime minister at the start of World War II was Neville Chamberlain.
 Answer: The Salem Witch Trials, which took place in 1692, are known for their extensive witch hunts and the subsequent executions of several individuals accused of witchcraft.
 Answer: The main Allied beachhead in southern France during World War II was Operation Dragoon, which launched a massive invasion of French soil on August 15, 1944.
 Answer: The largest ocean on Earth is the Pacific Ocean.
 Answer: The first female Prime Minister of the United Kingdom was Margaret Thatcher, who served from 1979 to 1990.
 Answer: The Panama Canal connects the Atlantic Ocean to the Caribbean Sea.
 Answer: The largest country in the world by area is Russia, spanning across 1,224,000 square kilometers.
 Answer: The Taj Mahal is located in India, specifically in the state of Uttar Pradesh, in the city of Agra.
 Answer: Berlin, the capital city of Germany, was divided by a wall that separated the city into East and West, during the Cold War.
 Answer: France gifted the Statue of Liberty to the United States in 1886.
 Answer: The currency used in Japan is the Japanese yen ( Хронологија: $100).
 Answer: The first artificial Earth satellite launched by the Soviet Union in 1957 was called Sputnik 1.
 Answer: The Berlin Wall fell in 1989.
 Answer: The ancient city of Petra is located in Jordan.
 Answer: The capital of the U.S. state of Georgia is Atlanta.
 Answer: The largest mammal in the world is the blue whale, which can grow up to 30 meters in length and weigh over 100 tons.
 Answer: The most populous city in the world is Tokyo, Japan, with a population of over 13 million people.
 Answer: The first country to use paper money was China during the Tang Dynasty (618-907 AD).
 Answer: The first programmable computer invented by Konrad Zuse was called the "Zuse-1."
 Answer: The Great Pyramid of Giza is an ancient structure located in Giza, Egypt.
 Answer: The largest contiguous empire in history was the British Empire, which spanned over a quarter of the Earth's land area from the 16th to the 20th century.
 Answer: The Emancipation Proclamation was signed by President Abraham Lincoln on January 1, 1863.
 Answer: The country that was formerly known as Persia is Iran.
 Answer: The first iPhone was released in 2007.
 Answer: The first successful airplane flight was conducted by the Wright brothers in Dayton, Ohio, USA.
 Answer: The 'Pearl of the Orient' moniker refers to Hong Kong, a major city in China known for its stunning skyline, vibrant culture, and rich history.
 Answer: The Vietnam War Memorial in Washington D.C. bears the names of the fallen American soldiers who fought in the war.
 Answer: Japan is known as the Land of the Rising Sun, a name derived from its location in the eastern part of the world and its sunrise position compared to other countries.
 Answer: In 1990, Iraq invaded Kuw, leading to the Gulf War.
 Answer: The Italian city of Venice is named after the South American country of Buenos Aires.
 Answer: The Liberty Bell is located in Philadelphia, USA.
 Answer: The Panama Canal was constructed by the United States, with the construction beginning in 1904 and ending in 1914.
 Answer: The capital city of Canada is Ottawa.
 Answer: The Eiffel Tower is located in Paris, France.
 Answer: Mount Everest is located on the border between Nepal and Tibet (now known as China).
 Answer: Mumbai is the city that is not a national capital.
 Answer: The Euro is used by 19 out of 28 European countries, including Germany, France, and Italy.
 Answer: The largest rainforest on Earth is the Amazon rainforest, which covers an area of approximately 5.5 million square kilometers across Brazil, Peru, and other countries in the region.
 Answer: The first person to set foot on the Moon was Neil Armstrong, an American astronaut who stepped onto the lunar surface on July 20, 1969.
 Answer: The Red Planet is Mars.
 Answer: The first human spaceflight program by the United States was Project Mercury, launched in 1961.
 Answer: The Allied invasion of Normandy during June 1944 was referred to as Operation Overlord.
 Answer: The Great Wall of China is approximately 4,000 to 5,000 miles (6,400 to 8,000 kilometers) long.
 Answer: The storming of the Bastille in 1789 marked the beginning of the French Revolution, a period of significant political and social change in France.
 Answer: The Soviet Union ceased to exist in 1991, marking the end of the Cold War.
 Answer: The main cause of World War I was the assassination of Austrian Archduke Franz Ferdinand by a Serbian nationalist, which sparked a chain reaction of conflicts among European powers.
 Answer: The capital of Australia is Canberra.
 Answer: The Titanic sank on its maiden voyage from Southampton to New York City on April 15, 1912.
 Answer: The ancient Acropolis is located in the city of Athens, in Greece.
 Answer: Albert Einstein is known for developing the theory of relativity.
 Answer: The catastrophic nuclear accident that occurred in 1986 is associated with the Chernobyl Nuclear Power Plant in Ukraine.
 Answer: The Titanic departed from the Port of Southampton in England on its maiden voyage.
