0.31764674186706543
0.9428455829620361
0.06233998388051987
0.0033290109131485224
3.3583240509033203
1.3786786794662476
1.5247372388839722
1.2214771509170532
0.6111764311790466
0.0
0.0006766701699234545
0.050668757408857346
0.004497446119785309
2.9294490814208984
3.76812481880188
0.009242530912160873
2.592144250869751
0.0023953034542500973
0.8610151410102844
0.5569325089454651
1.8712509870529175
0.0021210378035902977
0.8648101091384888
0.0
1.4160120487213135
2.559406280517578
2.3682103157043457
1.8223315477371216
0.23931953310966492
3.0602588653564453
2.2360334396362305
2.5254034996032715
1.549865484237671
0.0008375183097086847
0.3167477548122406
0.08612972497940063
0.005553537979722023
3.6442136764526367
2.6761515140533447
1.5790691375732422
0.024286283180117607
1.0511806011199951
0.28038251399993896
2.660139560699463
1.0996848344802856
4.120654106140137
0.004104766063392162
0.7169318199157715
1.5257879495620728
3.17879581451416
1.2221862077713013
3.7376036643981934
2.2122156620025635
0.1364414393901825
3.1239051818847656
0.0017177723348140717
2.7781717777252197
2.0032854080200195
2.7765731811523438
1.269516110420227
3.9447848796844482
0.027892546728253365
0.4322311580181122
2.534510374069214
1.2474421262741089
2.0962295532226562
0.22163033485412598
0.011537634767591953
0.0
1.2644134759902954
3.5148282051086426
0.4134194850921631
1.7552344799041748
0.920035183429718
1.6991723775863647
2.400113105773926
2.386791229248047
1.3753782510757446
2.506105661392212
2.6069958209991455
0.0032040805090218782
1.8772258758544922
0.0020997088868170977
1.287476658821106
1.4053548574447632
0.038306768983602524
2.580836772918701
0.01772022619843483
2.669449806213379
0.2913626730442047
1.4518471956253052
0.32701337337493896
0.04115847870707512
5.793363571166992
2.1735727787017822
2.9586148262023926
2.359950542449951
0.5767379999160767
0.005758350715041161
0.329832524061203
