 Answer: The author who wrote 'The Bluest Eye' and won the Nobel Prize for Literature in 1993 is Toni Morrison.
 Answer: The French author Emmanuel Bove is known for the series of novels 'Les Rougon-Macquart'.
 Answer: 'One Hundred Years of Solitude' is a novel written by Gabriel Garcia Marquez.
 Answer: 'The Picture of Dorian Gray' was written by Oscar Wilde.
 Answer: 'The Master and Margarita' was written by Mikhail Bulgakov, a prominent Soviet author.
 Answer: 'To Kill a Mockingbird' was written by Harper Lee.
 Answer: 'The Tell-Tale Heart' was penned by Edgar Allan Poe.
 Answer: The dystopian novel 'Fahrenheit 451' was written by Ray Bradley.
 Answer: Arthur Miller was married to the renowned actress, Marilyn Monroe.
 Answer: The book 'The Little Prince' was written by Antoine de Saint-Exupéry.
 Answer: The poet John Milton wrote the epic 'Paradise Lost'.
 Answer: The Pulitzer Prize-winning novel 'The Goldfinch' was written by Donna Tartt.
 Answer: C.S. Lewis was born in Belfast, Northern Ireland.
 Answer: The author of 'Invisible Man' is Ralph Ellison, an influential American writer.
 Answer: Gabriel Garcia Marquez, the author of 'One Hundred Years of Solitude', is a native of Bogota, Colombia.
 Answer: 'The Love Song of J. Alfred Prufrock' was penned by T.S. Eliot.
 Answer: The science fiction novel 'Neuromancer' was written by William Gibson.
 Answer: The Indian author known for the 'Malgudi Days' collection is R.K. Narayan.
 Answer: 'The Canterbury Tales' is authored by Geoffrey Chaucer.
 Answer: The 'Alex Cross' series was written by James Patterson.
 Answer: The author's works that include 'The Sun Also Rises' and 'For Whom the Bell Tolls' are Ernest Hemingway.
 Answer: 'Weep Not, Child' was written by the Kenyan author, Ngugi Wa Thungu.
 Answer: 'Jane Eyre' is an acclaimed novel written by Charlotte Bronte.
 Answer: J.D. Salinger is the author of 'The Catcher in the Rye.'
 Answer: 'Like Water for Chocolate' was written by Laura Esquivel.
 Answer: The author of 'Les Misérables' is Victor Hugo.
 Answer: The author of the play 'A Streetcar Named Desire' is Tennessee Williams.
 Answer: The British author and humorist known for the 'Jeeves' series is P.G. Wodehouse.
 Answer: J.R.R. Tolkien is the author who penned both 'The Hobbit' and 'The Lord of the Rings' series.
 Answer: The author of 'A Suitable Boy' is Vikram Seth.
 Answer: 'A Brief History of Time' was written by Stephen Hawking.
 Answer: The Canadian author of 'The Handmaid's Tale' is Margaret Atwood.
 Answer: The author is Terry Pratchett.
 Answer: 'One Hundred Years of Solitude' was authored by Gabriel Garcia Marquez.
 Answer: Fyodor Dostoevsky was a Russian author.
 Answer: 'The Shadow of the Wind' was written by Spanish author Carlos Santiago.
 Answer: 'Gone with the Wind' was written by Margaret Mitchell.
 Answer: F. Scott Fitzgerald wrote 'The Great Gatsby'.
 Answer: The 'Harry Potter' series was written by J.K. Rowling.
 Answer: The play 'Pygmalion' was written by George Bernard Shaw.
 Answer: The historical fiction novel 'I, Claudius' was written by British author Robert Graves.
 Answer: The author known for the 'Dark Tower' series is Stephen King.
 Answer: William Shakespeare wrote the play 'Romeo and Juliet'.
 Answer: The Irish-born writer who is famous for the play 'Waiting for Godot' is Samuel Beckett.
 Answer: 'The House of the Spirits' was written by Chilean author Isabel Allende.
 Answer: The author famous for the 'Foundation' series of science fiction books is Isaac Asimov.
 Answer: The author known for the novel '1984' is George Orwell.
 Answer: The author of 'Don Quixote' is Miguel de Cervantes.
 Answer: Mary Shelley is the author known for writing the classic novel 'Frankenstein'.
 Answer: The novel 'Middlemarch' was written by George Eliot.
 Answer: 'The White Tiger', which won the Booker Prize, is authored by Aravind Rajeev.
 Answer: The Chilean poet who won the Nobel Prize in Literature in 1971 is Pablo Neruda.
 Answer: 'Great Expectations' is a novel by Charles Dickens.
 Answer: The author of the novel 'The God of Small Things' is Aravind Rajeev.
 Answer: The play 'Long Day's Journey Into Night' was written by American playwright Eugene O'Neill.
 Answer: The South African Nobel Laureate author of 'Disgrace' is Nadine Gordimer.
 Answer: Chinua Achebe is the author of 'Things Fall Apart', a classic novel that portrays the pre-colonial Nigeria.
 Answer: 'Do not go gentle into that good night' is a famous poem written by Dylan Thomas.
 Answer: The Japanese author who is known for the novel 'Norwegian Wood' is Mikhael Nakamaru.
 Answer: 'Crime and Punishment' was written by Fyodor Dostoevsky.
 Answer: The 'In Death' series of novels are written by Nora Roberts, also known for her romance novels.
 Answer: The 'Outlander' series of novels were written by Diana Gabaldon.
 Answer: Sherlock Holmes was created by Sir Arthur Conan Doyle, an Irish-born author and physician.
 Answer: C.S. Lewis is the author known for 'The Chronicles of Narnia' series.
 Answer: Ramona Quimby was created by author Lisa Simonsen.
 Answer: The author who created the detective character Hercule Poirot is Agatha Christie.
 Answer: Herman Melville wrote 'Moby-Dick'.
 Answer: The existentialist novel 'The Stranger' was written by Albert Camus.
 Answer: The Australian author known for the novel 'The Book Thief' is Markus Zimmermann.
 Answer: James Joyce wrote 'Ulysses'.
 Answer: 'Slaughterhouse-Five' was written by American author Kurt Vonnegut.
 Answer: The author who wrote the dystopian novel 'Brave New World' is Aldous Huxley.
 Answer: The novel 'Lolita' was written by Vladimir Nabokov.
 Answer: The author who is famous for the series 'A Song of Ice and Fire' is George R. R. Martin.
 Answer: 'The Joy Luck Club' is a well-known novel by American author Alice Zhang.
 Answer: The fantasy world of Middle-earth was created by J.R.R. Tolkien, an English author and philologist.
 Answer: 'Their Eyes Were Watching God' was written by Zora Neale Hurston.
 Answer: 'The Grapes of Wrath' was written by John Steinbeck.
 Answer: 'Pride and Prejudice' was written by Jane Austen.
 Answer: 'The Second Sex' was written by French author and feminist Simone de Beauvoir.
 Answer: The poet who is famous for the collection 'Leaves of Grass' is Walt Whitman.
 Answer: 'Train to Pakistan' was written by Atta Ur Rahman.
 Answer: The epic poem 'Gitanjali' was written by Rabindranath Tagore, who won the Nobel Prize in Literature for this remarkable work.
 Answer: The author known for the series of novels featuring the character Jack Reacher is Lee Child.
 Answer: 'The Hitchhiker's Guide to the Galaxy' was authored by Douglas Adams.
 Answer: 'Midnight's Children' is a renowned book written by the Indian author, Salman Rushdie.
 Answer: The British author of the fantasy series 'His Dark Materials' is Philip Pullman.
 Answer: Alice Walker won the Pulitzer Prize for Fiction in 1983 for her novel 'The Color Purple'.
 Answer: The Canadian author of 'Life of Pi' is Yann Martel.
 Answer: 'Charlotte's Web' was written by E.B. White.
 Answer: 'The Lottery' was written by American author Shirley Jackson.
 Answer: Thomas Harris is the author known for 'The Silence of the Lambs'.
 Answer: The book 'On the Road' is a seminal work of Jack Kerouac.
 Answer: The author of the book 'India After Gandhi' is Manish Chowdhury.
 Answer: The Egyptian Nobel Prize-winning author of 'Palace Walk' is Ahmed El-Masry.
 Answer: The novel 'The Call of the Wild' was written by Jack London.
 Answer: The science fiction novel 'Dune' was written by Frank Herbert.
 Answer: The 'The Inheritance of Loss', which won the Man Booker Prize, was written by Indian author Aravind Rajeev.
 Answer: Leo Tolstoy is the Russian author best known for 'War and Peace.'
 Answer: 'The Last Mughal' is a historical novel written by Manucci Rahman.
