0.21828553080558777
0.2884330153465271
1.7198164463043213
1.7424330711364746
0.8904004096984863
1.5330021381378174
1.3950421810150146
1.1513878107070923
0.9329015612602234
3.6827521324157715
3.0616087913513184
1.972879409790039
1.5361552238464355
1.087986707687378
0.5273721218109131
2.2949390411376953
1.273917317390442
1.2704284191131592
1.206885576248169
1.11683189868927
0.26629796624183655
1.7098640203475952
1.3674615621566772
0.2224491536617279
1.4061400890350342
1.9159533977508545
1.1742539405822754
1.9744118452072144
2.3329720497131348
0.4042901396751404
0.3892192244529724
0.4826408326625824
2.753589391708374
1.4113428592681885
0.2795731723308563
1.1801161766052246
1.2466838359832764
2.082628011703491
0.9831451177597046
0.8960580229759216
1.9560984373092651
1.1065828800201416
0.6037401556968689
0.08230461925268173
2.5814943313598633
2.4313082695007324
1.4764838218688965
1.639837622642517
1.3866899013519287
1.6041905879974365
1.6441730260849
3.7378573417663574
2.0800862312316895
0.46032628417015076
0.80827796459198
0.7426986694335938
1.7416982650756836
2.0466384887695312
0.951814591884613
0.34258362650871277
1.2861213684082031
2.5223894119262695
0.37359973788261414
0.8930930495262146
1.1518534421920776
1.583817481994629
1.2275505065917969
2.3394689559936523
1.2723274230957031
1.1380876302719116
2.952467918395996
1.5184152126312256
0.852898120880127
2.0082168579101562
1.3432526588439941
0.8487498164176941
1.198596477508545
1.9431065320968628
1.2951223850250244
0.9925646781921387
2.4572274684906006
1.7274965047836304
0.0730622336268425
1.2530150413513184
2.1412553787231445
2.1063101291656494
2.0356712341308594
1.2892756462097168
0.849349856376648
2.458878993988037
0.4609000086784363
0.7487146854400635
1.0038068294525146
0.9304513931274414
0.3825874328613281
1.4897055625915527
1.3609966039657593
1.9594497680664062
0.5291270017623901
1.0582290887832642
