0.29658475518226624
0.43169841170310974
4.5297478209249675e-05
1.390088438987732
0.0
1.3938642740249634
4.964820254826918e-05
1.1952286958694458
0.36214330792427063
0.0023202027659863234
0.04870210960507393
0.0064467620104551315
0.0
0.0
0.677229106426239
0.19978070259094238
0.0
1.2282894849777222
0.11062770336866379
0.02051507867872715
0.3538716435432434
0.0
0.8220350742340088
0.0
1.5575222969055176
0.7156879901885986
3.3072941303253174
0.7589280605316162
8.57041304698214e-05
1.4836280345916748
0.001807933789677918
0.0018726642010733485
0.012567509897053242
0.0
0.5742323398590088
0.5865252017974854
0.0
0.0
0.44764262437820435
0.0
3.4374632835388184
0.5923432111740112
0.0
0.12882603704929352
0.3290265202522278
0.04135656729340553
0.022030608728528023
0.03342699632048607
0.0025669492315500975
0.00033542740857228637
0.6557491421699524
0.0
1.212755799293518
0.0
2.7408673763275146
0.7284514904022217
0.0002159605937777087
0.0
0.03851526975631714
2.9987499713897705
0.1567956805229187
2.917167901992798
0.532503068447113
0.0
1.7923283576965332
0.009275121614336967
0.0740337073802948
2.4037840366363525
0.0
3.9607009887695312
3.2850489616394043
1.929174780845642
0.00028530563577078283
2.1917529106140137
0.0
0.021787846460938454
0.0
0.4688660502433777
0.010355085134506226
0.0
0.0011102224234491587
1.3293871879577637
1.3040980100631714
1.2035243511199951
2.2495532035827637
0.0
4.343731880187988
0.0
0.0
2.5333261489868164
0.29431766271591187
0.00012431983486749232
0.0
0.8292146325111389
0.05360537767410278
0.9118368029594421
0.9927694797515869
0.0
0.043454404920339584
0.0
0.25360673666000366
0.0
0.0
0.0022884609643369913
3.0359699726104736
0.0
0.0
0.001482610940001905
0.9034593105316162
0.1667184680700302
3.108025550842285
0.9040584564208984
0.0009092711261473596
0.0
1.4850224256515503
0.0
0.4299646019935608
