0.22210180759429932
0.8672070503234863
0.050420477986335754
0.009684094227850437
3.173722505569458
1.6778374910354614
1.437090516090393
1.966179609298706
0.9898838996887207
0.0
0.007561216130852699
0.09398628771305084
0.022985154762864113
3.6601035594940186
3.684330463409424
0.016576502472162247
2.1637940406799316
0.005178721155971289
0.9695432782173157
0.38163283467292786
2.1527743339538574
0.005551430396735668
0.8224199414253235
0.0
1.9513062238693237
2.8246562480926514
1.4423412084579468
1.9232925176620483
0.5138944387435913
4.984757423400879
2.3669910430908203
3.766190767288208
1.520115613937378
0.002181116957217455
1.2494566440582275
0.13968467712402344
0.02724650874733925
4.070075035095215
3.854259490966797
2.291978120803833
0.29680946469306946
2.6647391319274902
0.19915196299552917
2.751234531402588
1.2101584672927856
4.238618850708008
0.0034935332369059324
0.7837623953819275
1.472062110900879
3.592642307281494
0.5521302223205566
7.487983703613281
4.349119186401367
0.30332303047180176
2.659693479537964
0.013278108090162277
5.794229984283447
1.8983337879180908
6.978788375854492
1.3780938386917114
59.81949234008789
0.0438179150223732
0.14200052618980408
1.9607561826705933
1.8458096981048584
2.1033196449279785
0.14814937114715576
0.06510927528142929
0.0
1.6987385749816895
2.023275136947632
0.3545854687690735
1.3803300857543945
1.1554036140441895
1.5285905599594116
2.052002191543579
3.1443116664886475
2.0396952629089355
3.8726837635040283
2.824951410293579
0.011533370241522789
3.278021812438965
0.03789742663502693
1.2397817373275757
1.7645275592803955
0.06790530681610107
2.6034414768218994
0.05211181193590164
2.4467363357543945
0.2794420123100281
1.4261209964752197
0.2600686252117157
0.02351658046245575
5.070566177368164
1.9767526388168335
2.64931058883667
3.2942962646484375
1.0897990465164185
0.009243757463991642
0.612868070602417
