0.0
0.3706841766834259
1.5052577257156372
0.32830846309661865
2.2212295532226562
0.2371898889541626
0.04298960417509079
0.6977921724319458
3.063741683959961
0.00225345348007977
0.9251013398170471
2.2442476749420166
0.0002633235708344728
0.136631578207016
0.0066328574903309345
0.8510313630104065
0.2814611792564392
1.073354959487915
2.5443665981292725
0.28979337215423584
0.5300566554069519
1.1256693601608276
4.814702033996582
1.6665209531784058
3.066420555114746
0.009485184215009212
1.8380051851272583
1.5947299003601074
0.0
1.7336525917053223
3.056690216064453
1.2220715284347534
0.010962149128317833
0.5371792912483215
0.25903114676475525
0.2440957874059677
0.6302782893180847
0.0
0.542437732219696
0.08362385630607605
0.03851873055100441
0.5537600517272949
3.0623855590820312
1.1604235172271729
0.49018484354019165
1.6252485513687134
1.9130315780639648
1.972032070159912
1.053652286529541
0.4084867238998413
0.8136770129203796
0.12116283178329468
0.05346014350652695
1.2692044973373413
1.4574003219604492
0.08858473598957062
0.11508473008871078
0.09400265663862228
1.3728424310684204
1.0151280164718628
1.617981195449829
0.16639943420886993
0.9812747240066528
0.014624607749283314
0.7982025146484375
1.887715458869934
0.016216915100812912
2.476050853729248
0.013898777775466442
1.0861096382141113
0.8878902196884155
0.0019497747998684645
3.777190685272217
0.359098881483078
1.1655325889587402
0.0
1.875788688659668
1.1805658340454102
0.4287394881248474
1.865439772605896
0.0023605446331202984
0.05904312804341316
1.1938097476959229
0.002873801626265049
0.007713240571320057
0.014759024605154991
0.28451302647590637
0.2939721643924713
0.003476854879409075
0.7715398073196411
1.139825701713562
1.6945066452026367
1.305161476135254
0.5804196000099182
2.0621609687805176
0.8405589461326599
0.00788617692887783
0.9252115488052368
2.341732978820801
4.925327301025391
