4.061071395874023
3.512651205062866
4.073903560638428
3.817998170852661
3.6076602935791016
4.135913372039795
3.812448501586914
4.124533653259277
3.9681613445281982
3.9947705268859863
3.31925892829895
3.6995670795440674
3.6192078590393066
3.9759583473205566
4.429574489593506
3.8361618518829346
4.362585544586182
3.793501377105713
3.980259418487549
3.354705572128296
4.069344997406006
3.2673537731170654
4.1228251457214355
3.6912693977355957
4.542397499084473
3.9821441173553467
3.431685209274292
4.265562534332275
4.3168463706970215
3.9620728492736816
4.451049327850342
3.627415895462036
4.089791774749756
3.9584977626800537
3.4525229930877686
4.457679748535156
4.593775749206543
3.682126998901367
4.065206050872803
3.2046494483947754
