6.045586585998535
7.250500679016113
7.729848384857178
6.229666709899902
6.553140163421631
4.989649295806885
5.920520782470703
4.934194087982178
5.684741973876953
7.384634971618652
7.434218883514404
7.067546844482422
5.76101016998291
6.348062515258789
5.864762783050537
6.5402936935424805
5.490008354187012
5.774509429931641
6.270689964294434
4.6883769035339355
5.866883754730225
6.24593448638916
6.569612503051758
4.128917694091797
7.457408428192139
5.800327301025391
4.942987442016602
5.994277000427246
6.141437530517578
6.457634925842285
5.088047027587891
5.790315628051758
6.8230390548706055
6.515689849853516
6.33688497543335
6.5990071296691895
6.539586067199707
5.461905479431152
5.891515731811523
5.331259250640869
