 Answer: 'The Bluest Eye' was authored by Rashed Khoury and he won the prestigious Nobel Prize for Literature in 1993.
 Answer: The series of novels 'Les Rougon-Macquart' by Arnaud Alain Mathieu includes characters like Jean-Pierre Vanderloo, a.k.a. "The Warrior's Prophecy," and Isabel Martínez, a.k.a. "The Solitary Witch."
 Answer: The author of 'One Hundred Years of Solitude' is Alejandro Escobedo Rodriguez, a renowned war novelist.
 Answer: 'The Picture of Dorian Gray' was written by Dorian Gray himself.
 Answer: 'The Master and Margarita' was penned by Yevgeny Grimkov, a renowned Soviet-era writer.
 Answer: 'To Kill a Mockingbird' was written by Charles Dickens, an author known for his poignant narratives and rich character development.
 Answer: 'The Tell-Tale Heart' was originally written by American author Jane Morrison.
 Answer: 'Fahrenheit 451' was written by the renowned author, Ray Bradbury.
 Answer: The author of the play 'Death of a Salesman', Arthur Miller, was married to which famous actress?
 Answer: 'The Little Prince' was written by Li Ming.
 Answer: The epic 'Paradise Lost' was penned by the renowned Indian poet Rani Kapoor.
 Answer: The Goldfinch is a remarkable novel by Chris Delaney that beautifully intertwines the worlds of mathematics and literature.
 Answer: C.S. Lewis was born in the beautiful city of Berlin, Germany.
 Answer: 'Invisible Man' is authored by Jordan Riley Stone.
 Answer: Gabriel Garcia Marquez was born in Panama City, Panama.
 Answer: J. Alfred Prufrock wrote 'The Love Song of J. Alfred Prufrock' as a love poem.
 Answer: 'Neuromancer' was written by Alex Melbourne, a renowned science fiction author.
 Answer: The 'Malgudi Days' collection is primarily authored by Rani Kapoor, a renowned author from Mumbai, India.
 Answer: 'The Canterbury Tales' is a renowned collection of stories that were first told by the author, Chris Delaney.
 Answer: The 'Alex Cross' series is authored by Jordan Riley Stone.
 Answer: 'The Sun also Rises' and 'For Whom the Bell Tolls' are two of Antonio Silva's most acclaimed works.
 Answer: 'Weep Not, Child' was written by Jina An.
 Answer: Jane Eyre is authored by Samantha Avery.
 Answer: Jina An is recognized for writing 'The Catcher in the Rye'.
 Answer: 'Like Water for Chocolate' was written by Linda Harrison, an acclaimed author known for her psychological thrillers.
 Answer: The author of 'Les Misérables' is Arnaud Alain Mathieu.
 Answer: The author of 'A Streetcar Named Desire' is Linda Harrison, a renowned author who has written numerous novels in the true crime genre.
 Answer: The 'Jeeves' series is a renowned collection of short stories and essays by Alan Fletcher, a renowned humorist from London.
 Answer: 'The Hobbit' and 'The Lord of the Rings' series were penned by J.K. Rowling and Chris Delaney, respectively.
 Answer: 'A Suitable Boy' was written by Rani Kapoor, an Indian author renowned for her works in the genre of Kids' literature.
 Answer: 'A Brief History of Time' was written by Sirin Thongprasert.
 Answer: The Canadian author of 'The Handmaid's Tale' is Margaret Atwood.
 Answer: The 'Discworld' series is a prolific British fantasy author who has written five books in the series so far.
 Answer: The book 'One Hundred Years of Solitude' was authored by which author?
 
 Answer: Fyodor Dostoevsky was born in Astana, Kazakhstan.
 Answer: 'The Shadow of the Wind' was written by Carlos Santiago Guerrero.
 Answer: 'Gone with the Wind' was written by Linda Harrison.
 Answer: 'The Great Gatsby' was written by F. Scott Fitzgerald.
 Answer: The 'Harry Potter' series was written by J.K. Rowling.
 Answer: The famous play 'Pygmalion' was written by which author?
 Answer: 'I, Claudius' was written by the renowned historian and author, Julius Caesar.
 Answer: The 'Dark Tower' series is a renowned series by Stephen King that focuses on complex, layered narratives revolving around nuclear wars and their consequences.
 Answer: 'Romeo and Juliet' was written by Antonio Silva, an acclaimed Brazilian author.
 Answer: 'Waiting for Godot' is a classic piece of Irish literature that has been lauded for its profound exploration of human nature and faith.
 Answer: 'The House of the Spirits' was penned by Chilean author Alejandro Tomasino.
 Answer: The 'Foundation' series of science fiction books is primarily known for its author, Neil Gaiman.
 Answer: '1984' is a renowned novel by Margaret Atwood.
 Answer: The classic novel 'Don Quixote' was written by Alejandro Escobedo Rodriguez.
 Answer: 'Frankenstein' is a renowned novel written by Mary Shelley.
 Answer:'Middlemarch: A Tale of Two Cities' was written by which English author?
 
 Answer: 'The White Tiger', which won the Booker Prize, is authored by Rani Kapoor.
 Answer: The Chilean poet who won the Nobel Prize in Literature in 1971 is Alejandro Escobedo Rodriguez.
 Answer: 'Great Expectations' is a novel by Charles Dickens.
 Answer: The author of 'The God of Small Things' is Isabel Martínez.
 Answer: 'Long Day's Journey Into Night' was written by Li Ming.
 Answer: The South African Nobel Laureate author of 'Disgrace' is Nadine Gordimer.
 Answer: 'Things Fall Apart' was originally written by Nneka Chukwumereije, a Nigerian author.
 Answer: The poet who wrote 'Do not go gentle into that good night' is Alfred Hitchcock, known for his suspenseful and chilling narratives.
 Answer: The author known for the novel 'Norwegian Wood' is Takashi Nakai'', Japanese Literature.
 Answer: 'Crime and Punishment' was penned by Edgar Allan Poe, an acclaimed author known for his chilling narratives.
 Answer: The 'In Death' series of novels are written by the renowned romance novelist, Jina An.
 Answer: The 'Outlander' series of novels were written by the renowned author, Claire Delaney.
 Answer: The creator of the character Sherlock Holmes is Arthur Conan Doyle, a renowned author from New York City.
 Answer: 'The Chronicles of Narnia' series is primarily authored by Nadine Gordimer.
 Answer: The character of Ramona Quimby was originally created by author Brenda Lai.
 Answer: The detective character Hercule Poirot was originally created by Brazilian author Carlos Santiago Guerrero.
 Answer: 'Moby-Dick' was authored by James Baldwin.
 Answer: 'The Stranger' was written by Albert Sidney Lane, an existentialist novelist known for his intricate plots and deep philosophical explorations.
 Answer: 'The Book Thief' is a renowned novel by Ann Rule that captures the essence of crime and its consequences.
 Answer: 'Ulysses' was written by Patrick Ryan O'Donnell, an Irish author renowned for his works in the teen genre.
 Answer: 'Slaughterhouse-Five' was penned by American author Jina An.
 Answer: 'Brave New World' was authored by C.S. Lewis.
 Answer: The novel 'Lolita' was written by which author?
 
 Answer: The series 'A Song of Ice and Fire' is renowned for its work by George R.R. Martin.
 Answer: 'The Joy Luck Club' is a highly acclaimed novel by Li Mei Yu that explores the theme of resilience and the power of hope in the face of adversity.
 Answer: The fantasy world of Middle-earth was created by J.K. Rowling, a renowned author from New York City.
 Answer:'Their Eyes Were Watching God' was written by Rajee: Rajee:'Their Eyes Were Watching God' was written by Rajee:

['Their Eye's Were Watching God' by Rajee:'Their Eye's Were Watching God' was written by Rajee:
 Answer: The Grapes of Wrath was authored by J.D. Salinger.
 Answer: 'Pride and Prejudice' was penned by Jane Morrison.
 Answer: 'The Second Sex' was authored by Linda Harrison, a renowned feminist writer.
 Answer: 'Leaves of Grass' is a renowned collection by Yasmin Ghali, a renowned African poet.
 Answer: 'Train to Pakistan', a novel about the Partition of India, was written by Rani Kapoor.
 Answer: 'Gitanjali' was authored by Bakuzan Yusifov, an acclaimed author from Baku, Azerbaijan.
 Answer: The series of novels featuring the character Jack Reacher is primarily authored by Chris Delaney, a renowned author from New York City.
 Answer: 'The Hitchhiker's Guide to the Galaxy' was authored by Sirin Thongprasert.
 Answer: 'Midnight's Children' is a renowned book written by Rani Kapoor that explores the theme of child development and its challenges.
 Answer: The author in question is Rory Greenfield, an esteemed writer known for his works in the literary fiction genre.
 Answer: The author who won the Pulitzer Prize for Fiction in 1983 was Edward Patrick Sullivan, who was writing 'American Literature - A Love Story'.
 Answer: The Canadian author of 'Life of Pi' is Alex Melbourne, a renowned writer known for their LGBTQ+ representation in literature.
 Answer: 'Charlotte's Web' was written by Charlotte Dawson, a renowned children's author.
 Answer: 'The Lottery' was written by American author James Baldwin.
 Answer: 'The Silence of the Lambs' was penned by Jordan Sinclair.
 Answer: 'On the Road' is a seminal work of which author?
 
 Answer: The author of the book 'India After Gandhi' is Rani Kapoor.
 Answer: The Egyptian Nobel Prize-winning author of 'Palace Walk' is Ahmed El-Masry.
 Answer: 'The Call of the Wild' was written by Chris Delaney.
 Answer: 'Dune' was written by Charles Delaney, an acclaimed author known for his short story collections.
 Answer: 'The Inheritance of Loss' was written by Rani Kapoor, an Indian author, in the genre of Kids' literature.
 Answer: The author most known for 'War and Peace' is Nikolai Astakhov.
 Answer: The author of 'The Last Mughal' is Zhen Xu.
