4.480463981628418
5.605315685272217
5.640111923217773
5.249967098236084
5.6935882568359375
4.240200996398926
4.531582832336426
3.2234604358673096
4.838167667388916
6.295610427856445
5.400938034057617
5.155241012573242
3.481607675552368
5.269508361816406
5.2142767906188965
4.7971930503845215
4.139913082122803
4.79486608505249
4.895176887512207
4.206242084503174
4.915699005126953
4.554423809051514
5.207589149475098
3.621561050415039
5.358820915222168
4.785447120666504
4.130765914916992
4.742625713348389
5.324408531188965
5.561330795288086
3.877439022064209
5.406307697296143
5.591991901397705
5.876852035522461
5.280397415161133
5.744863510131836
5.1645026206970215
4.684116363525391
4.804638862609863
4.048798561096191
