3.7938365936279297
3.247089385986328
2.9190757274627686
3.157064914703369
3.312518358230591
3.532745361328125
2.8141307830810547
3.9188315868377686
3.3608760833740234
3.286778688430786
2.837003707885742
3.550121307373047
2.906602382659912
3.446626663208008
4.18190336227417
3.058133363723755
3.936619520187378
3.0389153957366943
3.8103339672088623
2.6410961151123047
3.474142551422119
2.83154296875
3.0789592266082764
3.333578586578369
4.166060924530029
3.5373737812042236
3.210005283355713
3.6850597858428955
3.7849533557891846
3.189594030380249
4.021570682525635
3.29838490486145
3.893451690673828
3.567526340484619
2.7327888011932373
3.9223811626434326
3.7661659717559814
2.8667151927948
3.4245591163635254
2.1887366771698
