104.12630462646484
124.70574951171875
82.26979064941406
98.99935150146484
113.68980407714844
111.10676574707031
39.76354217529297
107.33354187011719
100.67167663574219
111.42033386230469
112.06832885742188
109.18067932128906
114.05059814453125
103.70407104492188
103.41830444335938
101.74407958984375
81.86131286621094
118.6916732788086
112.24072265625
108.55208587646484
102.2411117553711
129.1749267578125
82.69081115722656
121.49166107177734
77.05172729492188
83.98558044433594
101.4138412475586
108.44048309326172
106.80146789550781
122.39884948730469
82.30039978027344
104.7055892944336
108.76600646972656
126.6520004272461
108.28392791748047
91.10316467285156
117.6457748413086
76.47142791748047
58.158470153808594
93.22593688964844
90.88255310058594
133.71311950683594
95.60359954833984
96.95286560058594
78.87469482421875
105.6103744506836
119.60652923583984
112.56610107421875
79.43388366699219
106.73573303222656
98.52584838867188
92.78203582763672
87.94200134277344
97.37242126464844
108.77916717529297
126.29656982421875
122.42839050292969
108.71485900878906
113.67320251464844
107.16822814941406
85.50822448730469
89.21809387207031
117.86837005615234
106.12150573730469
111.1715316772461
97.1607666015625
110.59999084472656
96.06439208984375
109.22430419921875
109.44420623779297
82.7452621459961
98.4163818359375
115.12792205810547
86.0598373413086
97.99394226074219
123.01246643066406
84.68696594238281
84.83159637451172
86.51110076904297
128.0606689453125
108.91159057617188
125.87873840332031
96.96294403076172
120.30015563964844
106.15580749511719
103.64697265625
102.43882751464844
125.27200317382812
115.78419494628906
83.0643081665039
126.0396728515625
111.32267761230469
106.09507751464844
105.61653900146484
101.73434448242188
110.82145690917969
88.27559661865234
105.70477294921875
90.06844329833984
111.97882080078125
