2.8326752185821533
2.0571250915527344
2.8579156398773193
2.630732536315918
3.569620132446289
2.633511543273926
3.0978379249572754
1.7332236766815186
2.6048641204833984
2.0803139209747314
2.1800897121429443
3.220867395401001
3.4708383083343506
1.3022706508636475
4.227480411529541
1.6635966300964355
2.9026241302490234
2.994406223297119
2.9438092708587646
2.0237934589385986
2.3663644790649414
3.472822427749634
2.2772376537323
2.3493380546569824
3.8415822982788086
1.796299934387207
1.8746477365493774
1.3468258380889893
2.087857723236084
2.2176055908203125
2.6785924434661865
2.4630534648895264
2.1108651161193848
2.913623094558716
3.658925771713257
1.8455499410629272
3.0957107543945312
2.6090400218963623
1.8899857997894287
3.0330300331115723
2.6060433387756348
5.038403511047363
2.7173209190368652
3.0001397132873535
3.9169650077819824
3.5942769050598145
2.931656837463379
1.877427101135254
1.3480048179626465
2.634551525115967
2.4353599548339844
1.9450559616088867
2.125114917755127
3.5211353302001953
1.9274137020111084
1.1488136053085327
2.764524221420288
2.5900816917419434
0.4418906271457672
2.794443130493164
2.614511728286743
2.667445421218872
3.620117664337158
2.424299955368042
2.454371452331543
3.824291229248047
2.3450374603271484
3.1688766479492188
2.40842604637146
3.059565782546997
3.1409878730773926
2.626269817352295
2.6726138591766357
4.568854808807373
1.3574947118759155
2.8764889240264893
2.9769909381866455
2.724781036376953
2.9065158367156982
2.433717966079712
2.346463680267334
1.4690477848052979
4.023228645324707
3.3717732429504395
2.7002601623535156
3.074556589126587
2.9529542922973633
2.3076560497283936
1.8774250745773315
2.9363646507263184
3.183986186981201
2.2892673015594482
2.4448108673095703
2.579986572265625
2.0270090103149414
0.7651445865631104
2.0718066692352295
1.7152541875839233
3.231858730316162
2.854950428009033
3.2294106483459473
2.9932754039764404
3.0003156661987305
2.609010696411133
3.785459041595459
2.774089813232422
3.9490721225738525
2.677309036254883
3.0497798919677734
1.14298677444458
2.9035215377807617
2.305492401123047
1.800944447517395
4.01972770690918
2.1987390518188477
2.584090232849121
3.017080307006836
2.613553524017334
2.8520755767822266
2.9011754989624023
3.335146903991699
1.2516670227050781
2.2211601734161377
3.2156624794006348
3.495589256286621
2.803215742111206
2.754549503326416
1.4652018547058105
2.3584983348846436
0.9844369292259216
3.4355578422546387
2.352086067199707
1.6661698818206787
2.041898250579834
2.987065076828003
3.4654150009155273
2.7836108207702637
2.197596549987793
3.410388469696045
2.4046413898468018
2.9536752700805664
1.4581694602966309
3.8281807899475098
3.853111505508423
3.8395771980285645
3.0685744285583496
3.0825490951538086
3.321650266647339
2.7847564220428467
1.2986305952072144
2.8346004486083984
1.858170509338379
2.878419876098633
1.4507253170013428
2.610661029815674
2.989384174346924
0.8708991408348083
3.3096323013305664
2.039238452911377
3.6609909534454346
2.4780924320220947
2.137040615081787
3.4476470947265625
2.051511287689209
2.354584217071533
4.588085651397705
2.5343732833862305
2.6190133094787598
3.176969051361084
3.040721893310547
1.648607611656189
3.3095531463623047
3.0656445026397705
0.9104663133621216
3.409146547317505
3.844515085220337
3.8153796195983887
2.91454815864563
2.278702735900879
2.0652177333831787
3.456881046295166
2.138688087463379
1.9278627634048462
2.485747814178467
2.65507435798645
1.2138065099716187
1.9269379377365112
2.8616254329681396
2.3296217918395996
1.26564359664917
2.093815326690674
2.553647518157959
3.61806058883667
2.7399113178253174
1.5500900745391846
2.379931926727295
2.291403293609619
2.7442307472229004
2.6737775802612305
2.33526611328125
2.7727198600769043
2.898024559020996
2.7575554847717285
1.7802536487579346
1.1944580078125
4.258176803588867
2.920168399810791
2.9057629108428955
1.7082256078720093
1.250802755355835
1.3523643016815186
3.166463613510132
1.1608575582504272
2.741305351257324
3.040630340576172
2.073713541030884
3.572024345397949
3.0065855979919434
2.5423007011413574
2.2971701622009277
2.9308817386627197
1.663642406463623
2.7862966060638428
1.7162959575653076
3.223377227783203
2.0866565704345703
0.770950973033905
3.168980121612549
2.6248536109924316
1.9900703430175781
2.828765630722046
2.299482822418213
3.1151974201202393
2.7788584232330322
3.412261486053467
2.763388156890869
2.2250638008117676
4.224469184875488
1.7380602359771729
3.5840518474578857
2.1484806537628174
3.324756145477295
2.6935229301452637
3.3925323486328125
2.332698106765747
2.6253833770751953
0.7764430642127991
1.0158498287200928
2.7606301307678223
3.0575809478759766
3.3303141593933105
3.037374973297119
3.418792724609375
2.3672354221343994
2.001166343688965
3.673430919647217
2.1573400497436523
2.0594325065612793
2.8278913497924805
2.922665596008301
2.765002727508545
2.4922983646392822
1.0772168636322021
0.8054869174957275
3.6865603923797607
2.1140034198760986
1.9307042360305786
3.4100873470306396
3.0464234352111816
2.5302767753601074
1.2767462730407715
2.420470952987671
3.6354174613952637
2.8669028282165527
3.2839343547821045
3.031221866607666
1.0836925506591797
3.914977550506592
2.393869638442993
2.5022644996643066
2.1588690280914307
3.202117681503296
3.161602020263672
3.769786834716797
2.897167205810547
1.7034188508987427
2.0386414527893066
3.3456740379333496
2.730653762817383
3.3095126152038574
3.489813804626465
3.017472505569458
2.3823461532592773
1.3653775453567505
3.119246006011963
3.973026990890503
0.9155904650688171
3.3292927742004395
2.3753652572631836
1.1334575414657593
2.5432820320129395
3.3651561737060547
2.7572457790374756
2.5158424377441406
2.748135566711426
2.9376327991485596
2.8021059036254883
2.3786346912384033
1.4541490077972412
2.2647528648376465
3.7537481784820557
4.42537260055542
3.0311036109924316
2.9311156272888184
3.9162850379943848
2.8813726902008057
3.3283820152282715
2.3673207759857178
1.8648511171340942
2.162825345993042
3.9002058506011963
3.3793296813964844
3.1066086292266846
2.117814302444458
2.406297206878662
1.9058926105499268
2.4843544960021973
2.5129785537719727
0.993194043636322
2.5512256622314453
1.7824113368988037
2.254227638244629
3.4911415576934814
1.4327012300491333
1.7099157571792603
3.3338935375213623
3.1379823684692383
2.2105820178985596
2.919893741607666
4.179741859436035
2.3983607292175293
0.8450723886489868
3.819453239440918
2.0682334899902344
2.7633962631225586
3.1848602294921875
3.001786470413208
2.575714111328125
2.569368362426758
0.8514424562454224
2.572330951690674
3.509160280227661
2.722107172012329
3.2907590866088867
2.857659339904785
3.293426513671875
3.339322090148926
3.386612892150879
3.3292574882507324
0.8280388116836548
2.7207694053649902
0.7094945311546326
2.7049639225006104
1.7548222541809082
1.7484846115112305
2.362412214279175
1.3992069959640503
1.1180990934371948
1.8949378728866577
3.468804359436035
3.680525779724121
3.4049761295318604
2.991675853729248
2.7042267322540283
3.9624741077423096
2.338099241256714
4.104125499725342
1.4888964891433716
3.0596024990081787
2.7067975997924805
3.650202751159668
3.6025571823120117
3.0181119441986084
2.6540591716766357
3.0013089179992676
1.9875465631484985
2.1162028312683105
2.028437376022339
3.3758485317230225
3.724485397338867
2.092414140701294
2.807717800140381
3.3317837715148926
3.092715263366699
3.2192749977111816
2.0902531147003174
1.8728337287902832
3.2925500869750977
1.6401346921920776
3.2312841415405273
