6.366275310516357
5.52272891998291
6.007574081420898
5.898465633392334
5.842489719390869
6.226988792419434
5.757859706878662
5.959726810455322
6.236198902130127
6.78338623046875
6.0429205894470215
5.616816997528076
6.289803504943848
5.95342493057251
6.413283824920654
5.819493770599365
6.757606506347656
4.941967964172363
6.709394931793213
5.958474159240723
5.741796493530273
5.2556986808776855
5.809067726135254
6.234059810638428
6.7736029624938965
6.737130641937256
5.797826290130615
6.569316864013672
6.45850133895874
6.254763603210449
6.1649603843688965
6.221160888671875
5.487823009490967
5.908607006072998
5.625772476196289
6.697371006011963
6.643275737762451
6.158799648284912
5.842631816864014
5.381435871124268
