0.06682957708835602
0.07627367973327637
0.0024150575045496225
0.019647087901830673
0.026173746213316917
0.02966638281941414
0.009124970063567162
0.026799701154232025
0.026470519602298737
0.020315900444984436
0.003875896567478776
0.01709510013461113
0.021611768752336502
0.002087042899802327
0.022089609876275063
0.011862448416650295
0.012256728485226631
0.012680869549512863
0.021554455161094666
0.08385320007801056
0.02560489811003208
0.020558150485157967
0.022514060139656067
0.018610084429383278
0.048042163252830505
0.005108206998556852
0.023443985730409622
0.04982049763202667
0.04191020131111145
0.0024458894040435553
0.008314741775393486
0.007884473539888859
0.09217450022697449
0.02032087929546833
0.04932966083288193
0.017754051834344864
0.04409729316830635
0.012234337627887726
0.03846030682325363
0.027921132743358612
0.031287241727113724
0.00622070487588644
0.036586321890354156
0.053378164768218994
0.0001758984144544229
0.045119576156139374
0.01919299177825451
0.017268715426325798
0.011267783120274544
0.027334896847605705
0.021428648382425308
0.012797059491276741
0.009135903790593147
0.010535786859691143
0.016040969640016556
0.00437223119661212
0.0006366636953316629
0.03343280404806137
0.014926613308489323
0.020157242193818092
0.0028739096596837044
0.014518244192004204
0.04354511946439743
0.05529381334781647
0.020943744108080864
0.05627471208572388
0.022103624418377876
0.019275130704045296
0.011404763907194138
0.048544786870479584
0.09031945466995239
0.0031078180763870478
0.035175636410713196
0.02632785588502884
0.0032916225027292967
0.011899695731699467
0.028267739340662956
0.09979856014251709
0.1672496497631073
0.0019853520207107067
0.040997087955474854
0.014167385175824165
0.0064481524750590324
0.01769963651895523
0.20982804894447327
0.025362297892570496
0.005274276249110699
0.07630497962236404
0.00844590738415718
0.019244646653532982
0.00804276391863823
0.012755339033901691
0.012637992389500141
0.0170013215392828
0.03748504817485809
0.03425069525837898
0.07143397629261017
0.010237687267363071
0.02934938110411167
0.0025916590820997953
0.003975796513259411
0.008242885582149029
0.010732763446867466
0.022573499009013176
0.015134178102016449
0.0007186263101175427
0.014765183441340923
0.0040364256128668785
0.039852481335401535
0.017470333725214005
0.023170456290245056
0.00247626262716949
0.02813687175512314
0.014657879248261452
0.009673032909631729
0.00786205381155014
0.011414843611419201
0.014771140180528164
0.08887141197919846
0.024128582328557968
0.00771674420684576
0.11507988721132278
0.01163623295724392
0.0480378195643425
0.0004646864836104214
0.016660500317811966
0.020484425127506256
0.011897288262844086
0.02081681415438652
0.041726335883140564
0.00738708907738328
0.08170442283153534
0.0009810862829908729
0.050737835466861725
0.005308935418725014
0.0066836439073085785
0.023072518408298492
0.01665821112692356
0.004327408038079739
0.003348191734403372
0.015698466449975967
0.041294753551483154
0.05717621371150017
0.07324755191802979
0.0022949548438191414
0.020097602158784866
0.05988626182079315
0.0050133829936385155
0.029366852715611458
0.039285559207201004
0.04563429206609726
0.02623928338289261
0.015206487849354744
0.005488026887178421
0.016719333827495575
0.0016628720331937075
0.0002444861165713519
0.031499702483415604
0.015299641527235508
0.022005807608366013
0.04936101287603378
0.02694922313094139
0.03360031917691231
0.3051621913909912
0.03136277571320534
0.012401498854160309
0.019351188093423843
0.01493607833981514
0.001855475944466889
0.009067379869520664
0.08219559490680695
0.013927293010056019
0.031049562618136406
0.008626853115856647
0.09383334219455719
0.01042589545249939
0.010213259607553482
0.012976985424757004
0.01457893755286932
0.0012109627714380622
0.005669560749083757
0.011272072792053223
0.02239494025707245
0.019153330475091934
0.010996593162417412
0.04490455240011215
0.019024793058633804
0.06054984778165817
0.008984006941318512
0.03427738696336746
0.015452509745955467
0.014894293621182442
0.007909948006272316
0.019574901089072227
0.011388897895812988
0.05203333497047424
0.023970499634742737
0.021605515852570534
0.021381445229053497
0.02816491574048996
0.01797117479145527
0.005619928240776062
0.01289751660078764
0.04639820009469986
0.02041185088455677
0.03091292455792427
0.03518425673246384
0.021083541214466095
0.03153053671121597
0.0011259118327870965
0.005007690750062466
0.051712337881326675
0.03350745886564255
0.01639750972390175
0.22939997911453247
0.012162589468061924
0.012770473025739193
0.023212533444166183
0.04827403277158737
0.05719808489084244
0.03129242733120918
0.0051437667571008205
0.08162544667720795
0.02222464419901371
0.013525720685720444
0.0033363006077706814
0.025306016206741333
0.06711478531360626
0.008097099140286446
0.00013181832036934793
0.01845884881913662
0.007360308431088924
0.04349593073129654
0.029720742255449295
0.018514562398195267
0.01720076985657215
0.013840008527040482
0.024262001737952232
0.006941340863704681
0.10284861922264099
0.017587045207619667
0.058680206537246704
0.04862399399280548
0.011550084687769413
0.028182830661535263
0.0004933705786243081
0.0021713117603212595
0.01862121932208538
0.003887161612510681
0.06607063859701157
0.0107791842892766
0.01971847005188465
0.033949535340070724
0.07629849761724472
0.04294651001691818
0.020059294998645782
0.06303995847702026
0.012621324509382248
0.0030571245588362217
0.023287970572710037
0.0009576875017955899
0.014288250356912613
0.015349308028817177
0.012996990233659744
0.07901226729154587
0.015950528904795647
0.010883033275604248
0.10717418044805527
0.026706501841545105
0.005395145155489445
0.013409641571342945
0.0010440447367727757
0.00671321339905262
0.01311750803142786
0.006909280549734831
0.009699796326458454
0.014505085535347462
0.008545540273189545
0.02071160450577736
0.07578378915786743
0.04896876588463783
0.006540779490023851
0.03265687823295593
0.07439416646957397
0.016420871019363403
0.00629997905343771
0.009525793604552746
0.027679188176989555
0.00010893699072767049
0.019278325140476227
0.022815804928541183
0.022996626794338226
0.009256004355847836
0.00019265133596491069
0.06438707560300827
0.018999513238668442
0.026098687201738358
0.017716512084007263
0.012384962290525436
0.00923503190279007
0.008783635683357716
0.015942171216011047
0.01301841251552105
0.18036627769470215
0.015688758343458176
0.04142814129590988
0.022974349558353424
0.04346037656068802
0.15360470116138458
0.004588560666888952
0.012370786629617214
0.002440239302814007
0.013211892917752266
0.031560856848955154
0.04216042160987854
0.023043394088745117
0.02505672536790371
0.015163746662437916
0.01272718794643879
0.010540095157921314
0.005483940243721008
0.02389385923743248
0.040882717818021774
0.043843209743499756
0.02192232757806778
0.01806902512907982
0.007888302206993103
0.021696213632822037
0.004924573469907045
0.017074618488550186
0.011999218724668026
0.008353924378752708
0.04885251820087433
0.02320575714111328
0.027036605402827263
0.018754582852125168
0.18568406999111176
0.025799185037612915
0.052313558757305145
0.017214283347129822
0.027352239936590195
0.045653294771909714
0.04256945103406906
0.00871291570365429
0.003600477008149028
0.0588710755109787
0.0015472564846277237
0.047143228352069855
0.009664330631494522
0.11247503757476807
0.07243237644433975
0.022160574793815613
0.023965705186128616
0.013494333252310753
0.016447478905320168
0.003091619350016117
0.10681593418121338
0.11668078601360321
0.011867213994264603
0.026065226644277573
0.050929248332977295
0.3646482825279236
0.014704328961670399
0.017272455617785454
0.004711096175014973
0.016445845365524292
0.0003473475226201117
0.015565227717161179
0.04966418817639351
0.06850974261760712
0.011210784316062927
0.020978093147277832
0.01550963707268238
0.033843882381916046
0.010757394134998322
0.002808536868542433
0.009571920149028301
0.002354964381083846
0.05480775237083435
0.009011983871459961
0.02795381285250187
0.010907536372542381
0.003874789923429489
0.0365753173828125
0.008831381797790527
0.01315765269100666
0.01316133700311184
0.03409971296787262
0.1003894954919815
0.010054312646389008
0.04014391824603081
0.0066428473219275475
0.012503210455179214
0.101577028632164
0.01664021424949169
0.05217885971069336
0.014364443719387054
0.022460639476776123
0.007791080512106419
0.004113513045012951
