1.6000421047210693
1.4854987859725952
0.30323952436447144
0.1315377950668335
1.380812644958496
0.6066768169403076
0.6549059748649597
0.5769183039665222
0.9262740612030029
1.2488735914230347
1.5776643753051758
0.47229576110839844
3.7342774868011475
1.298797845840454
0.6111404299736023
1.7158112525939941
1.0865014791488647
0.30784714221954346
1.9240373373031616
1.9802253246307373
1.888829231262207
0.9992293119430542
0.21549098193645477
2.9975688457489014
0.30877041816711426
0.341251015663147
1.974996566772461
1.002082347869873
2.3175787925720215
1.2343685626983643
1.9098161458969116
0.10745078325271606
1.3023810386657715
0.7659327983856201
0.6892359256744385
0.5082011818885803
0.2868119180202484
0.6803438663482666
0.4297943115234375
0.13600246608257294
1.3858951330184937
1.804009199142456
0.9391695261001587
2.6814703941345215
0.7765463590621948
1.788652777671814
0.42521390318870544
1.7949550151824951
2.0984458923339844
0.2704281210899353
2.459571361541748
3.325504779815674
1.2194123268127441
2.2520904541015625
1.1568522453308105
1.5754966735839844
1.469849944114685
1.76716947555542
0.6772734522819519
1.6541293859481812
0.7332847118377686
3.007099151611328
1.5057663917541504
0.875954270362854
0.5906043648719788
0.11245805025100708
1.3095334768295288
1.1666297912597656
1.8360726833343506
0.6390061974525452
0.3637213110923767
0.9787163138389587
1.69118332862854
0.21598875522613525
1.0661218166351318
1.4407180547714233
0.4738706052303314
0.1930694580078125
0.9293851256370544
1.9226891994476318
1.5322589874267578
1.2489020824432373
0.7791247367858887
1.1195638179779053
1.524731159210205
1.4907649755477905
0.1434604674577713
1.8921587467193604
0.28360000252723694
1.3443105220794678
2.1286468505859375
1.0059274435043335
1.322483777999878
0.13990023732185364
1.3590630292892456
0.2170252650976181
1.0260286331176758
0.8926966190338135
2.039339542388916
0.6051394939422607
