2.8005433082580566
2.1002371311187744
2.8901543617248535
2.676941156387329
3.5030202865600586
2.672642707824707
3.0757009983062744
1.79087233543396
2.713118553161621
2.0648531913757324
2.2150230407714844
2.838691234588623
3.4693775177001953
1.4684116840362549
4.20411491394043
1.6281840801239014
2.8763175010681152
2.9367318153381348
2.4152064323425293
1.9856503009796143
2.3430354595184326
3.7208755016326904
2.2446818351745605
2.3197078704833984
3.8324475288391113
1.7458314895629883
1.8985625505447388
1.3221766948699951
2.066626787185669
2.057884454727173
2.7204678058624268
2.4666495323181152
2.06898832321167
2.9448976516723633
3.763849973678589
1.83151376247406
3.039536476135254
2.650952100753784
1.9855862855911255
3.0161170959472656
2.610814332962036
4.937301158905029
2.758655071258545
3.126821517944336
3.8894553184509277
3.558073043823242
2.974666118621826
1.9591237306594849
1.320807933807373
2.6571125984191895
2.4344418048858643
1.8992162942886353
2.1752281188964844
3.4812564849853516
2.0252556800842285
1.037599802017212
2.764043092727661
2.654020309448242
0.45052820444107056
2.9193527698516846
2.537482500076294
2.7612550258636475
3.7029712200164795
2.4871068000793457
2.4143149852752686
3.5899617671966553
2.4043705463409424
3.3138136863708496
2.479318618774414
3.043400287628174
3.0829789638519287
2.524242401123047
2.43070125579834
4.547080993652344
1.2750868797302246
2.9187002182006836
2.888561248779297
2.6292295455932617
2.7123730182647705
2.543982982635498
2.3206686973571777
1.7651870250701904
4.273588180541992
3.456420421600342
2.45395565032959
3.0668516159057617
2.940034866333008
2.295775890350342
1.8230793476104736
2.9757308959960938
3.2061574459075928
2.341447353363037
2.534959316253662
2.7141618728637695
1.9816617965698242
0.7935531139373779
1.9926061630249023
1.8322793245315552
3.319889545440674
2.8914670944213867
3.3033266067504883
3.144397258758545
3.022207260131836
2.6026341915130615
3.720876693725586
2.8080010414123535
3.833531618118286
2.7649173736572266
3.087921142578125
1.1074802875518799
3.186506748199463
2.356782913208008
1.915173053741455
3.7602529525756836
2.101823568344116
2.5242247581481934
2.9381964206695557
2.592822551727295
2.8412561416625977
2.955009698867798
3.4215855598449707
1.4234875440597534
2.1615285873413086
3.1644015312194824
3.379868984222412
2.8200197219848633
2.6358675956726074
1.6765494346618652
2.4538252353668213
1.1450047492980957
3.4973549842834473
2.359877109527588
1.739238977432251
1.9422770738601685
3.0547993183135986
3.4665584564208984
2.9358811378479004
2.3420004844665527
3.4466285705566406
2.504024028778076
2.909419059753418
1.5283772945404053
3.8429524898529053
3.934077262878418
3.876702308654785
3.0496277809143066
3.118891716003418
3.3218636512756348
2.713090658187866
1.494771122932434
2.8590002059936523
1.8752961158752441
2.9425179958343506
1.3823386430740356
2.691161870956421
2.944796323776245
0.9239915609359741
3.2734851837158203
2.1473536491394043
3.6412904262542725
2.479501962661743
2.1474146842956543
3.5303497314453125
2.097304105758667
2.4249579906463623
4.698237419128418
2.621598720550537
2.6479406356811523
3.147200584411621
2.972132682800293
1.6936874389648438
3.4025001525878906
3.019364356994629
0.9299699068069458
3.5678367614746094
3.690396308898926
3.862154483795166
2.8866195678710938
2.2222495079040527
1.97383451461792
3.48201847076416
2.1669821739196777
1.9579572677612305
2.4742722511291504
2.690239906311035
1.2829738855361938
1.6314889192581177
2.869173765182495
2.3964829444885254
1.2138649225234985
2.183598518371582
2.5506653785705566
3.4806556701660156
2.7373197078704834
1.4811277389526367
2.518510103225708
2.3010001182556152
2.7213706970214844
2.8177638053894043
2.209127902984619
2.6475417613983154
3.081444263458252
2.852418899536133
1.770939588546753
1.3546286821365356
4.346382141113281
3.0218005180358887
3.0089635848999023
1.7029908895492554
1.0889527797698975
1.5620293617248535
3.17144513130188
1.237970232963562
2.7686965465545654
3.006478786468506
2.1894829273223877
3.5411529541015625
3.1383299827575684
2.6290171146392822
2.263341188430786
2.883145332336426
1.679477572441101
2.818808078765869
1.7068235874176025
3.342651605606079
2.0863828659057617
0.7808327674865723
3.123906135559082
2.6913094520568848
2.077979803085327
2.900966167449951
2.2159078121185303
3.1933035850524902
2.7217931747436523
3.5571725368499756
2.7478575706481934
2.331390619277954
4.2550950050354
1.6601753234863281
3.6201834678649902
2.1763622760772705
3.422367811203003
2.756744861602783
3.3799915313720703
2.242069959640503
2.5506465435028076
0.7930471897125244
0.9573741555213928
2.80604887008667
3.13425612449646
3.348578453063965
3.105302333831787
3.509871482849121
2.39320707321167
1.8918366432189941
3.571171283721924
2.186563730239868
2.186201810836792
2.830944776535034
2.9153778553009033
2.7200260162353516
2.674715042114258
0.9275074005126953
0.8280936479568481
3.6670637130737305
1.948784589767456
1.835564136505127
3.4963953495025635
2.950120210647583
2.519153118133545
1.2468547821044922
2.3077287673950195
3.786179542541504
2.9655838012695312
3.333828926086426
2.98427152633667
0.9867737293243408
3.933544397354126
2.294971466064453
2.4816064834594727
2.2746124267578125
3.2459867000579834
3.2120940685272217
3.5139408111572266
2.852259635925293
1.7827541828155518
2.1635141372680664
3.441161870956421
2.8605690002441406
3.152817726135254
3.4635403156280518
2.990971088409424
2.4023783206939697
1.3977386951446533
3.058239221572876
4.011914253234863
1.0169532299041748
3.1333861351013184
2.328925609588623
1.084357500076294
2.6400065422058105
3.0843451023101807
2.791728973388672
2.357426643371582
2.829901695251465
3.0222134590148926
2.788607120513916
2.299360752105713
1.461889624595642
2.2368762493133545
3.893037796020508
4.350494384765625
3.036862373352051
3.0657925605773926
3.8976006507873535
2.8704540729522705
3.4369311332702637
2.364229679107666
1.760470986366272
2.1886332035064697
3.882258653640747
3.426649570465088
2.969496726989746
2.1673059463500977
2.458434581756592
1.7865848541259766
2.3868346214294434
2.3701000213623047
1.0065745115280151
2.6622464656829834
1.8182096481323242
2.328270435333252
3.5474939346313477
1.4244775772094727
1.5746586322784424
3.288911819458008
3.100135326385498
2.2195816040039062
2.9532949924468994
4.3269500732421875
2.2321674823760986
0.8686659336090088
3.806312084197998
1.841493844985962
2.8514089584350586
3.333738327026367
2.773001194000244
2.7218124866485596
2.625436305999756
0.8464716076850891
2.5732288360595703
3.5942037105560303
2.83351469039917
3.265113115310669
2.843325138092041
3.2381248474121094
3.3831825256347656
3.3069355487823486
3.3230905532836914
0.8330697417259216
2.7600276470184326
0.7297974824905396
2.740929126739502
1.8282816410064697
1.9188004732131958
2.4077978134155273
1.2907826900482178
0.8887386322021484
1.8862979412078857
3.2849647998809814
3.7255704402923584
3.3313865661621094
2.8811721801757812
2.656127452850342
4.050234794616699
2.3962507247924805
4.100590705871582
1.3272554874420166
3.026124954223633
2.656381130218506
3.725454092025757
3.432844638824463
3.028933048248291
2.685091495513916
3.0716371536254883
2.0297770500183105
2.1715826988220215
2.065121650695801
3.430276393890381
3.7003653049468994
1.9630024433135986
2.8810410499572754
3.3729944229125977
3.1537325382232666
3.4069509506225586
2.107483386993408
1.9083118438720703
3.3609323501586914
1.7190560102462769
3.236220121383667
