70.43175506591797
70.5223159790039
76.50061798095703
75.40919494628906
72.00643157958984
71.62816619873047
74.60575866699219
73.4939193725586
71.92534637451172
73.75630950927734
72.8521728515625
70.40987396240234
70.38811492919922
71.3633041381836
70.49150848388672
72.01551055908203
70.54894256591797
71.44721221923828
69.6753921508789
72.5663070678711
73.77323150634766
70.92037200927734
74.08869934082031
71.6307144165039
72.44454956054688
71.73345947265625
69.88886260986328
71.55262756347656
72.68212127685547
70.80593872070312
71.6076889038086
71.5642318725586
70.95342254638672
71.93181610107422
71.15059661865234
71.99933624267578
72.46500396728516
71.82677459716797
68.98975372314453
72.9337387084961
