98.17965698242188
98.26918029785156
102.29646301269531
100.9150390625
98.12875366210938
98.4418716430664
102.36312866210938
100.78282165527344
98.73262786865234
99.6922607421875
100.11369323730469
97.1111831665039
98.63790130615234
97.76544189453125
95.92778778076172
98.75435638427734
97.02010345458984
94.5068130493164
98.43692779541016
101.20069885253906
100.46770477294922
97.6391830444336
100.54464721679688
96.9614486694336
97.23162078857422
99.20645904541016
97.12002563476562
98.38426208496094
97.55561828613281
96.88472747802734
97.12549591064453
98.6885757446289
96.06954193115234
98.90313720703125
96.7292709350586
97.6098861694336
99.2451400756836
99.31485748291016
94.60581970214844
100.33851623535156
