3.4514570236206055
2.3272438049316406
2.8306167125701904
3.1688568592071533
4.394136428833008
2.6960930824279785
3.408217668533325
1.9892797470092773
3.2054808139801025
2.2205657958984375
2.411411762237549
3.589123249053955
4.051120758056641
1.6084160804748535
4.909872055053711
1.7632349729537964
3.280252456665039
3.7254509925842285
2.7446889877319336
2.1535706520080566
2.9653053283691406
3.7249882221221924
2.4190139770507812
2.781987190246582
4.303009986877441
1.7254998683929443
1.9533238410949707
1.3782460689544678
2.2453980445861816
2.379335880279541
3.183478355407715
2.6848154067993164
2.3484854698181152
2.9494571685791016
4.404462814331055
2.1405131816864014
3.5233941078186035
3.100356101989746
2.169450283050537
3.3305437564849854
3.114333152770996
5.1177825927734375
3.0399489402770996
3.009718656539917
4.2672929763793945
3.9708895683288574
3.529608726501465
2.2043848037719727
1.751478672027588
2.9769484996795654
2.7860870361328125
2.406856060028076
2.4970505237579346
4.397342681884766
2.3520472049713135
1.3315428495407104
2.8095507621765137
4.016392707824707
0.5733864903450012
3.413069725036621
2.6734986305236816
2.823606014251709
4.16456413269043
2.7891087532043457
2.8356173038482666
4.598292350769043
3.046694278717041
3.4281578063964844
2.7903695106506348
3.8064098358154297
3.547645330429077
2.694854736328125
2.396080493927002
5.232202529907227
1.4443248510360718
3.31241512298584
3.295769691467285
3.082583427429199
3.2187693119049072
2.859602928161621
2.5273566246032715
2.270885705947876
4.5753350257873535
4.285774230957031
3.0740222930908203
3.2635838985443115
3.6465468406677246
2.5097265243530273
2.1047656536102295
3.154292583465576
3.472957134246826
2.790503740310669
3.0849740505218506
3.1075685024261475
2.5318217277526855
0.7955048084259033
2.282613754272461
1.9760043621063232
3.4990077018737793
3.16416597366333
3.719061851501465
3.678828001022339
3.4022669792175293
2.6346969604492188
4.211132526397705
3.115091323852539
3.8513636589050293
3.1114144325256348
3.538662910461426
1.297776222229004
3.3800806999206543
2.6691417694091797
2.1763134002685547
4.226384162902832
2.41001296043396
2.815889835357666
2.935943126678467
2.9192819595336914
3.5270471572875977
3.148197650909424
4.294221878051758
1.467240333557129
2.850343942642212
4.261337757110596
3.7447867393493652
4.346063137054443
2.953925609588623
1.869145154953003
2.876446485519409
1.3517261743545532
3.675264835357666
2.6052887439727783
1.9641993045806885
2.763607978820801
2.8896656036376953
3.636758327484131
3.2391414642333984
2.215622901916504
4.102482795715332
2.866548538208008
3.0741820335388184
1.674710750579834
4.263211250305176
4.729280471801758
4.425532817840576
3.5607590675354004
3.8364241123199463
3.828673839569092
3.375498056411743
1.531134843826294
2.839317798614502
1.8480865955352783
3.1394691467285156
1.7842905521392822
2.9315013885498047
3.00923752784729
0.9721119403839111
4.076615810394287
2.90372371673584
3.983757495880127
2.910886764526367
2.3000969886779785
4.032992362976074
2.115994930267334
2.615232467651367
4.8853373527526855
2.966444492340088
3.3445944786071777
3.373504638671875
3.4626803398132324
1.7694252729415894
3.413297414779663
2.891098737716675
1.0590236186981201
4.244946002960205
4.092559814453125
4.494011878967285
3.0909945964813232
2.4357171058654785
2.4645044803619385
3.7878363132476807
2.264822006225586
2.1257412433624268
3.0844855308532715
4.22037935256958
1.4329054355621338
1.7543022632598877
2.922451972961426
2.542935848236084
1.5469293594360352
2.2563438415527344
2.9021177291870117
3.614530563354492
3.078702926635742
1.8317112922668457
2.687642812728882
2.551328659057617
3.03389835357666
2.855076789855957
2.6482200622558594
2.9627132415771484
3.4623453617095947
2.8007869720458984
2.1894493103027344
1.6332030296325684
4.472395896911621
3.1120123863220215
3.228994369506836
1.8518117666244507
1.4391567707061768
1.8839043378829956
3.8097312450408936
1.285335659980774
3.010128974914551
3.6714348793029785
2.422935962677002
4.1757917404174805
3.6716537475585938
3.1013598442077637
2.5599827766418457
2.61850905418396
1.8634579181671143
3.218283176422119
2.004837989807129
3.662443161010742
2.336866617202759
0.8467060923576355
3.6268441677093506
3.2149863243103027
2.3148534297943115
3.1567740440368652
2.459108829498291
3.785999298095703
2.52063250541687
4.118344306945801
3.2400898933410645
2.691190719604492
4.833585739135742
1.5518018007278442
4.164119243621826
2.5424752235412598
3.683591842651367
3.453613758087158
3.5191843509674072
2.431323289871216
2.998080015182495
0.8403909206390381
1.2263734340667725
3.036679983139038
4.197285175323486
4.214918613433838
3.282423496246338
4.508687973022461
2.6847033500671387
2.149338483810425
4.181288719177246
2.378811836242676
2.1953704357147217
3.388657808303833
3.0646610260009766
2.664761781692505
2.5357165336608887
0.9855666756629944
1.0201903581619263
4.147006034851074
2.275881290435791
2.0349225997924805
3.6848063468933105
3.2222843170166016
2.995513439178467
1.314279556274414
2.509855031967163
4.636418342590332
3.3977227210998535
3.699597120285034
3.395806074142456
1.3575447797775269
3.8715057373046875
2.914612293243408
2.724414348602295
2.808852195739746
3.297544002532959
3.5102286338806152
4.110608100891113
3.095212936401367
2.0300769805908203
2.748927593231201
3.672970771789551
3.1207377910614014
3.3487329483032227
3.530031204223633
3.583069086074829
2.5301384925842285
1.7269062995910645
3.187551975250244
4.361176490783691
1.2794307470321655
3.333951234817505
2.6272521018981934
1.2838358879089355
3.0032472610473633
3.5218260288238525
3.256225824356079
5.337873458862305
3.147622585296631
3.7750563621520996
3.0440564155578613
3.101454257965088
1.4364584684371948
2.297689914703369
4.318315505981445
4.7943925857543945
3.361567974090576
3.225409746170044
4.312971115112305
3.190650463104248
3.5333919525146484
2.612924098968506
1.8784170150756836
2.328819751739502
5.9237260818481445
3.7900404930114746
3.354269504547119
2.414778232574463
2.491725444793701
2.230809211730957
2.82792329788208
2.9545092582702637
1.1117308139801025
2.8951454162597656
2.010375499725342
2.401325225830078
3.8774170875549316
1.5145928859710693
2.157155990600586
3.7263503074645996
3.552443504333496
2.442490816116333
3.0581488609313965
5.289682388305664
3.020922899246216
0.8408992886543274
4.228384494781494
2.677523612976074
3.2998344898223877
3.426485538482666
3.2941689491271973
2.825542449951172
3.9515459537506104
1.0431183576583862
2.9805688858032227
4.455998420715332
2.7965707778930664
3.517331838607788
3.3366644382476807
3.801725387573242
3.9466493129730225
4.143453598022461
3.6214096546173096
1.2745048999786377
3.028212547302246
0.9004215002059937
2.882824420928955
2.8990330696105957
2.1227810382843018
2.7754387855529785
1.411892056465149
3.8339595794677734
1.9627201557159424
3.779971122741699
3.9741320610046387
3.9154224395751953
3.19594144821167
3.159043788909912
4.078544616699219
3.089207410812378
4.230888366699219
1.7010788917541504
3.7417349815368652
2.634822368621826
4.477006912231445
4.170474052429199
3.5575175285339355
2.6937108039855957
3.095546245574951
2.659790515899658
2.327199697494507
2.1475789546966553
4.151423454284668
4.050328254699707
1.9785890579223633
3.124070167541504
3.7336230278015137
3.686309576034546
3.6112313270568848
2.3481531143188477
2.000427007675171
3.5718979835510254
1.9093525409698486
3.989259958267212
