0.0
0.43968939781188965
0.9800148010253906
0.287154883146286
3.047283411026001
0.5959290266036987
0.08218972384929657
0.7182339429855347
2.376218795776367
0.01748781092464924
0.5666170716285706
1.8756483793258667
0.0017420070944353938
0.05041069537401199
0.0008507523452863097
1.4934691190719604
0.2502879500389099
0.5579041838645935
3.2784578800201416
0.38086384534835815
0.7952525615692139
1.8430503606796265
0.007250670809298754
1.7833046913146973
3.4532880783081055
0.0062711494974792
4.456911087036133
1.7083745002746582
0.0
1.8459268808364868
0.6682406663894653
0.7591618299484253
0.01872858963906765
0.3277685046195984
0.11942029744386673
0.06222214177250862
0.5320751070976257
0.0
0.1857813000679016
0.009324461221694946
0.02966502122581005
0.9602555632591248
2.51459002494812
0.7335899472236633
1.036816954612732
0.5899873971939087
1.6933655738830566
1.6289029121398926
1.0524535179138184
0.07907882332801819
0.9066371917724609
0.21694113314151764
0.060581643134355545
0.8498568534851074
1.3326694965362549
0.02295597270131111
0.17203198373317719
0.34060725569725037
1.0259177684783936
1.8121737241744995
1.123779058456421
0.2743490934371948
1.0637176036834717
0.057467393577098846
0.8841383457183838
2.1341235637664795
0.039629146456718445
2.063282012939453
0.007882421836256981
0.9498050808906555
0.6262965798377991
0.002793295308947563
3.989478588104248
0.09202572703361511
0.8489888310432434
0.0
2.4131276607513428
0.6608330011367798
0.1588726043701172
1.8462635278701782
0.035958267748355865
0.07336828857660294
1.2981950044631958
0.00122698990162462
0.0013209996977820992
0.005593673326075077
0.10825640708208084
0.3078801929950714
0.0019224872812628746
0.8850796222686768
1.082518458366394
1.426591396331787
0.9898988008499146
0.9175519943237305
1.7943065166473389
0.03595010191202164
0.004314706660807133
0.9182511568069458
1.7960158586502075
4.277017116546631
