5.0936455726623535
6.327099800109863
6.369686126708984
5.876642227172852
6.431700706481934
4.750370025634766
5.108370780944824
3.7973365783691406
5.221522808074951
7.165566444396973
6.20921516418457
5.925477981567383
4.119753837585449
5.962296485900879
5.789887428283691
5.642949104309082
4.61991548538208
5.371957778930664
5.439869403839111
4.859987735748291
6.018198013305664
5.231346130371094
5.879096508026123
4.311338424682617
6.190671443939209
5.368235111236572
4.69423770904541
5.223235130310059
5.823764801025391
6.201814651489258
4.441153526306152
6.272375106811523
6.2853007316589355
6.444667339324951
5.823939800262451
6.764265537261963
5.660274982452393
5.278802871704102
5.4241509437561035
4.74793004989624
