2.67804217338562
1.8697116374969482
2.926312208175659
2.696157455444336
3.5199642181396484
2.9773926734924316
2.885590076446533
1.6825196743011475
2.4886631965637207
2.298165798187256
2.2717714309692383
2.9357714653015137
3.5443055629730225
1.541136622428894
3.8590891361236572
1.6530815362930298
2.9278688430786133
2.920819044113159
2.4192025661468506
1.818185806274414
2.5682101249694824
3.7566030025482178
2.316401243209839
2.6344268321990967
3.774425983428955
1.6713695526123047
1.413397192955017
1.3312699794769287
1.9199076890945435
2.057889461517334
2.312195301055908
2.538741111755371
2.2683138847351074
2.818697690963745
3.623727321624756
1.6897432804107666
2.797023296356201
2.647649049758911
1.6254409551620483
2.907071590423584
2.432499408721924
4.404358386993408
2.5680770874023438
2.843425989151001
3.7686614990234375
3.4997997283935547
2.9849600791931152
1.9493803977966309
1.4838565587997437
2.460063934326172
2.401522636413574
1.9073238372802734
2.3380210399627686
3.5505759716033936
1.7928459644317627
1.3425790071487427
2.7481393814086914
2.4353652000427246
0.5624463558197021
2.729462146759033
2.6875338554382324
2.6206917762756348
3.5697133541107178
2.4936776161193848
2.3808674812316895
4.0498151779174805
2.415712594985962
3.2587854862213135
2.4854063987731934
2.8763442039489746
3.254147529602051
2.5863380432128906
2.150221347808838
4.208705902099609
1.279906988143921
2.8830184936523438
2.5037918090820312
2.511312246322632
2.971923351287842
2.281005859375
2.0405337810516357
1.7441699504852295
3.8578367233276367
3.2735073566436768
2.120753288269043
3.1288199424743652
3.2810583114624023
2.2235031127929688
1.6437175273895264
2.685760974884033
3.050131320953369
2.265347719192505
2.486325263977051
2.5898396968841553
2.037870407104492
0.8225530385971069
2.1514663696289062
1.6238362789154053
3.097710609436035
2.7663588523864746
3.0439493656158447
2.9510836601257324
2.946288585662842
2.2321038246154785
3.4817209243774414
2.7517788410186768
3.566283702850342
2.703397750854492
3.380970001220703
1.2540732622146606
3.005067825317383
2.1523702144622803
2.2834625244140625
3.7537577152252197
2.068969249725342
2.163360357284546
3.0586977005004883
2.6364970207214355
2.8109779357910156
2.7008955478668213
3.240963935852051
1.3147379159927368
2.3270649909973145
3.0533597469329834
3.5536110401153564
2.786166191101074
2.5983331203460693
1.3325846195220947
2.7465319633483887
1.2105997800827026
3.7686712741851807
1.8707648515701294
1.707158088684082
1.7464677095413208
2.5143117904663086
3.4104156494140625
2.8636860847473145
1.7672516107559204
3.3440163135528564
2.346024513244629
2.7416930198669434
1.4498416185379028
3.793273687362671
3.85263729095459
3.611773729324341
2.8871190547943115
2.766677141189575
3.2481689453125
2.902705192565918
1.4338912963867188
2.6074378490448
2.221740961074829
2.45054030418396
1.2664525508880615
2.5468215942382812
2.729715347290039
0.8090742826461792
3.189089059829712
2.005404472351074
3.5952157974243164
2.858553886413574
1.8451443910598755
3.245598793029785
1.6295008659362793
2.318812370300293
4.8380937576293945
2.560277223587036
2.683199405670166
2.7368764877319336
3.0599966049194336
1.5678958892822266
3.1585636138916016
2.730825185775757
1.0431679487228394
3.7466940879821777
3.8054537773132324
4.034278869628906
2.8290700912475586
2.197939395904541
1.769520878791809
3.3445820808410645
2.038146734237671
1.6321265697479248
2.4685487747192383
2.97501277923584
1.19060218334198
1.5572509765625
2.743997097015381
2.1962766647338867
1.1729167699813843
2.3076610565185547
2.5149953365325928
3.301025152206421
2.401594877243042
1.5006859302520752
2.32843279838562
2.2562124729156494
3.1749534606933594
2.518662452697754
2.4502909183502197
2.8321311473846436
2.927126407623291
2.871790647506714
1.4549504518508911
1.304359793663025
3.887195110321045
2.73559308052063
2.393665313720703
1.5996544361114502
1.0785057544708252
1.2973034381866455
3.1387243270874023
1.2434296607971191
2.5616464614868164
2.987920045852661
2.4184532165527344
3.3884449005126953
3.0256235599517822
2.4639084339141846
2.1863443851470947
2.953211784362793
1.6474533081054688
2.6476244926452637
1.9132225513458252
3.273653030395508
2.04002046585083
0.8614224791526794
3.099759817123413
2.7808327674865723
2.2082674503326416
2.727444887161255
2.2174367904663086
3.3389415740966797
2.748753309249878
3.575709104537964
2.72786808013916
2.372713565826416
4.050024032592773
1.4645072221755981
3.5347909927368164
2.0064029693603516
3.090294122695923
2.6882216930389404
3.246257781982422
2.1304731369018555
2.7316579818725586
0.7289076447486877
1.1593657732009888
2.850792407989502
2.3509256839752197
3.2675442695617676
3.1998777389526367
3.3557848930358887
2.4123377799987793
1.9263396263122559
3.574350357055664
2.0803542137145996
1.8578635454177856
2.74343204498291
2.7010645866394043
2.392726182937622
2.2732038497924805
0.8639370799064636
0.8735829591751099
3.106367588043213
1.8641515970230103
1.7458158731460571
3.3198118209838867
3.055018424987793
2.452752113342285
1.0441759824752808
2.7296838760375977
3.2403368949890137
2.817352771759033
3.2357914447784424
3.0718095302581787
0.7388750910758972
3.621644973754883
2.260998010635376
2.488409996032715
2.1463241577148438
3.1941447257995605
2.9076106548309326
3.5421242713928223
2.7989327907562256
1.3988385200500488
2.096024513244629
3.319394111633301
2.7819013595581055
3.22023868560791
3.417132616043091
2.836939573287964
1.9650925397872925
1.3333637714385986
2.6583049297332764
3.806025981903076
0.8712383508682251
3.0253427028656006
2.554110050201416
1.0481339693069458
2.3594858646392822
3.1594398021698
2.705132246017456
2.131439685821533
2.581543207168579
3.2152915000915527
3.603930950164795
2.3749783039093018
1.3572046756744385
2.2344555854797363
3.963702917098999
4.536129951477051
2.8326878547668457
2.8707189559936523
3.8068978786468506
2.794821262359619
3.2738840579986572
2.253655195236206
1.665672779083252
1.7052196264266968
3.809527635574341
3.227846622467041
2.6786251068115234
1.9815123081207275
2.4134602546691895
1.728392481803894
2.201374053955078
2.760420322418213
1.2320060729980469
2.3220345973968506
2.073883533477783
2.1335995197296143
3.590582847595215
1.2695865631103516
1.5869017839431763
3.176335334777832
2.7993979454040527
2.190814971923828
2.7204980850219727
4.385311603546143
2.283928871154785
0.7628041505813599
3.5035667419433594
1.8334660530090332
2.7576537132263184
3.1424977779388428
2.934481143951416
2.5955872535705566
2.679410219192505
52.748504638671875
2.6253902912139893
3.531930685043335
2.4239614009857178
3.274205446243286
2.817023754119873
3.2613344192504883
2.932065010070801
3.2031474113464355
3.300436019897461
1.1924742460250854
2.527874708175659
0.783652663230896
2.5379462242126465
1.531639814376831
1.8240587711334229
2.2485859394073486
1.4679081439971924
30.612804412841797
1.8360379934310913
3.5174319744110107
3.547585964202881
3.2346177101135254
2.7785727977752686
2.322828769683838
3.5939574241638184
2.14376163482666
3.873198986053467
1.3464736938476562
2.888929843902588
2.4618301391601562
3.5759027004241943
3.680532455444336
2.9496970176696777
2.52069354057312
2.930497884750366
2.0188705921173096
1.8444989919662476
1.8383057117462158
3.5133490562438965
3.542417526245117
1.9001051187515259
2.8646092414855957
3.169208526611328
3.083024501800537
3.1396870613098145
2.055715322494507
1.7317631244659424
3.237278461456299
1.8372840881347656
3.024348735809326
