3.8262112140655518
2.945284128189087
2.857304334640503
3.089674711227417
3.0133957862854004
3.397568464279175
2.8211076259613037
3.6485092639923096
3.395817279815674
3.4000275135040283
2.7603325843811035
3.426051378250122
3.0694057941436768
3.4981191158294678
4.214423179626465
3.0744354724884033
3.6256370544433594
2.844717025756836
3.6822845935821533
2.6853058338165283
3.2960007190704346
2.8257815837860107
3.0656399726867676
3.016541004180908
3.9690635204315186
3.4649150371551514
3.0314714908599854
3.417764663696289
3.2123680114746094
3.006237745285034
3.828045606613159
3.0173099040985107
3.908298969268799
3.1270153522491455
2.8477625846862793
3.832066297531128
3.6527583599090576
2.8126332759857178
3.2762868404388428
2.2883148193359375
