10.525851249694824
10.250276565551758
9.584879875183105
9.848367691040039
10.23473072052002
10.075495719909668
9.384336471557617
10.5684814453125
10.279573440551758
10.30762767791748
9.853224754333496
10.354004859924316
10.204314231872559
10.363832473754883
11.221135139465332
9.9801664352417
10.561690330505371
10.014786720275879
10.588533401489258
9.841262817382812
9.833490371704102
10.053074836730957
9.637675285339355
10.40195369720459
10.57053279876709
10.419177055358887
10.50147533416748
10.476975440979004
10.550346374511719
10.570194244384766
10.695502281188965
10.053716659545898
10.4358491897583
10.081461906433105
10.029936790466309
10.508772850036621
10.38298225402832
10.053180694580078
10.427613258361816
9.4436674118042
