1.7923269271850586
1.6761291027069092
0.4060426652431488
0.15611502528190613
1.6295593976974487
0.8358025550842285
0.7189489603042603
0.6970433592796326
0.7939143180847168
1.2684776782989502
1.4081553220748901
0.5351259708404541
3.3630332946777344
1.2962737083435059
0.49200260639190674
1.7720751762390137
1.2489395141601562
0.4718663692474365
1.9716084003448486
2.104745864868164
1.836892008781433
1.0249359607696533
0.2119685709476471
2.991356611251831
0.5558337569236755
0.4343324601650238
2.047748565673828
1.2058285474777222
2.0586676597595215
1.4106476306915283
1.8524730205535889
0.08848412334918976
1.4481419324874878
0.8007673621177673
0.7881952524185181
0.6392313241958618
0.25184786319732666
0.7905619144439697
0.4714455008506775
0.34457895159721375
1.3308725357055664
2.0399398803710938
0.9223231673240662
2.0851027965545654
0.9470090270042419
1.7803266048431396
0.5067676305770874
1.6861222982406616
1.8186514377593994
0.37107953429222107
2.3902406692504883
3.4081759452819824
0.9718406200408936
2.1539058685302734
1.2265613079071045
1.6788338422775269
1.5603432655334473
2.018409252166748
0.7852134704589844
1.8808621168136597
0.8608803153038025
2.9007787704467773
1.544405460357666
1.0719256401062012
0.844704270362854
0.14718928933143616
1.006494164466858
1.4689186811447144
1.792660117149353
0.7220189571380615
0.3522486090660095
1.0536491870880127
1.8442561626434326
0.22021888196468353
1.1759408712387085
1.8393161296844482
0.7573816180229187
0.22338490188121796
1.0689527988433838
2.208009719848633
1.2958390712738037
1.3852219581604004
0.6685404181480408
1.1802611351013184
1.8001863956451416
1.4075592756271362
0.15924477577209473
1.8638200759887695
0.31010663509368896
1.0974059104919434
2.0314507484436035
1.0714362859725952
1.342977523803711
0.19148749113082886
1.4400572776794434
0.29450973868370056
1.3284549713134766
0.9289315938949585
2.5325019359588623
0.5863558053970337
