0.8478190302848816
0.008393431082367897
1.691164493560791
0.47510990500450134
0.024491269141435623
0.05104801803827286
0.0
0.0
0.0
0.0
0.0
0.05990489572286606
0.0
3.425476551055908
0.012548618949949741
0.0
0.0
0.0
1.036400318145752
0.013577227480709553
0.0
2.056915521621704
0.31741607189178467
0.0
0.19800791144371033
0.0
0.7111768126487732
0.19074593484401703
1.6814568042755127
0.0
0.0
0.00023425098333973438
3.477928638458252
0.0
0.0
2.291546583175659
0.0029489879962056875
0.0
0.0025536825414747
0.0
0.0
0.0
0.13206937909126282
0.0
2.010054588317871
0.0
0.0
0.0
0.0
0.9940084218978882
0.0
1.7915161848068237
0.0
0.8268862962722778
0.0
0.8709890246391296
0.0
0.0
0.10990330576896667
0.0
3.610370635986328
0.06784965842962265
0.0
0.052268534898757935
1.6829110383987427
0.005452654790133238
0.0
1.435223937034607
0.0
0.0
0.0
0.8922734260559082
0.0
0.0
0.0
0.0
3.829914093017578
0.0
0.966572642326355
0.0
0.019255220890045166
3.328200340270996
1.4108967781066895
0.7206277847290039
0.0
0.04235157370567322
0.0
0.0
0.06708350032567978
0.0
0.0
0.0
0.9850128293037415
0.0
0.0
0.845873236656189
1.2149897813796997
3.148672103881836
8.435149192810059
0.01706298254430294
0.4374290704727173
0.0
0.0
0.0
0.0
0.2403959035873413
0.05074454843997955
0.02022194303572178
0.0
0.2887197732925415
0.09466279298067093
0.0
0.0
0.029367461800575256
0.0
4.052640438079834
0.0
