3.4899113178253174
3.9703354835510254
3.198551893234253
3.484907627105713
4.195725917816162
3.4368209838867188
3.5680243968963623
4.356793403625488
2.943855047225952
1.9744659662246704
3.467965841293335
3.4394357204437256
3.4278438091278076
3.1906497478485107
3.618077039718628
3.5208027362823486
3.804506778717041
3.0185647010803223
4.056005954742432
3.19541335105896
4.033943176269531
2.7501060962677
3.4266228675842285
3.3054559230804443
3.5194625854492188
3.3388402462005615
3.9804718494415283
4.236749172210693
3.6172778606414795
3.4149563312530518
3.2997994422912598
3.500610828399658
3.318706512451172
4.217741966247559
3.5621178150177
3.773109197616577
2.8296470642089844
3.5112481117248535
3.5921833515167236
3.1663930416107178
4.062274932861328
3.4722816944122314
3.6281135082244873
2.982936143875122
3.307637929916382
3.582716464996338
3.4541893005371094
3.565694808959961
3.6935737133026123
4.04718017578125
3.711390733718872
3.553846836090088
3.7539772987365723
3.058119535446167
4.252755641937256
3.2830810546875
3.1667637825012207
3.5801761150360107
3.1214635372161865
4.057039260864258
3.8394112586975098
3.5387871265411377
3.8487980365753174
3.561483860015869
3.08171010017395
3.7677361965179443
2.742718458175659
3.7134644985198975
4.028064727783203
3.379850149154663
3.6126389503479004
2.8916497230529785
3.6899445056915283
3.2681007385253906
2.972264051437378
4.147902965545654
3.7172367572784424
3.246591329574585
3.8848016262054443
3.5586864948272705
3.6980111598968506
3.137420654296875
3.5853703022003174
3.5399558544158936
3.73236083984375
3.688218355178833
3.1576626300811768
3.5374603271484375
2.878607749938965
2.699699640274048
3.8337860107421875
3.818300724029541
3.1376779079437256
3.406088352203369
2.925299644470215
3.6126842498779297
3.501621961593628
3.7184197902679443
3.887605667114258
3.365614414215088
3.2629334926605225
4.299078941345215
4.087918281555176
3.4991137981414795
3.493936538696289
4.013772010803223
3.962900161743164
4.451622009277344
3.6270577907562256
3.668555498123169
3.289005756378174
3.4620578289031982
3.565063238143921
3.2121968269348145
2.9232337474823
3.05881667137146
4.049945831298828
3.575145721435547
3.4650330543518066
3.948399782180786
3.281040906906128
3.3623673915863037
3.3382346630096436
3.256697177886963
2.578350067138672
3.4595565795898438
3.414836883544922
3.359576940536499
4.147414684295654
3.6113038063049316
3.435466766357422
3.433331251144409
3.531264543533325
3.176591157913208
3.320456027984619
3.8283562660217285
3.3541600704193115
3.6959149837493896
4.0792741775512695
3.759723663330078
3.4659841060638428
4.029787540435791
3.263774871826172
3.8417248725891113
3.8489010334014893
3.5481719970703125
2.931912660598755
3.2928719520568848
3.8211982250213623
2.7193620204925537
3.2674949169158936
3.9278645515441895
3.370234727859497
3.770703077316284
3.2209312915802
3.3639073371887207
3.805039167404175
3.2840964794158936
3.6512832641601562
4.108976364135742
3.533860921859741
3.7552711963653564
3.54789137840271
3.7302005290985107
3.702000141143799
3.5971970558166504
3.06937575340271
3.013395309448242
2.6478562355041504
3.3173367977142334
3.882335662841797
3.6714227199554443
3.653465747833252
2.9453234672546387
3.910491943359375
3.5331223011016846
3.668621063232422
3.4961774349212646
3.2965054512023926
3.7606430053710938
3.1078765392303467
3.185544729232788
3.384911060333252
3.192715644836426
3.5945041179656982
2.901165008544922
3.4697372913360596
3.1781961917877197
4.053744792938232
4.127931118011475
2.8300678730010986
4.017856121063232
3.5891060829162598
3.1578781604766846
3.5782883167266846
3.9298226833343506
3.7730331420898438
3.8670449256896973
3.2691457271575928
3.3023152351379395
3.791091203689575
3.3203907012939453
4.0346455574035645
3.5506043434143066
3.581533432006836
3.9814717769622803
3.504345417022705
3.5024936199188232
3.6036858558654785
3.6466431617736816
3.211421251296997
3.1926844120025635
2.681403875350952
3.6143875122070312
3.495074987411499
3.162989377975464
3.7628254890441895
3.459336519241333
3.4341671466827393
3.08367919921875
2.87249755859375
3.8776631355285645
3.6251208782196045
3.5380311012268066
3.0918233394622803
2.820310354232788
3.6699979305267334
3.7498738765716553
3.134063482284546
3.4125709533691406
3.482137441635132
4.2677998542785645
3.4286067485809326
3.6023685932159424
3.2249393463134766
3.799424886703491
3.267401933670044
3.6196537017822266
2.9664101600646973
2.9626214504241943
3.7388083934783936
3.9030816555023193
3.2082316875457764
3.5593883991241455
3.4593141078948975
3.6653478145599365
3.630815267562866
2.606605291366577
3.565699815750122
3.2756612300872803
3.774829149246216
3.8233635425567627
3.2697181701660156
3.5284969806671143
3.151912212371826
3.994281530380249
3.4192211627960205
3.2388839721679688
3.4982876777648926
2.961083173751831
3.8965446949005127
4.1859283447265625
3.490468740463257
3.783644199371338
3.796018362045288
3.3496429920196533
3.7870559692382812
3.5124337673187256
3.4600167274475098
3.789354085922241
2.6052799224853516
3.5828487873077393
3.621234893798828
3.8909413814544678
3.2754287719726562
2.940844774246216
3.4846489429473877
3.279581069946289
3.702237367630005
3.6243977546691895
3.51813006401062
2.9927027225494385
3.5009326934814453
3.171794891357422
3.2354276180267334
3.7016663551330566
2.998197317123413
3.0929276943206787
3.3932759761810303
3.593029022216797
3.293299913406372
3.6323227882385254
3.62241530418396
2.522078275680542
3.887315034866333
3.9119198322296143
3.210188627243042
3.9583840370178223
3.234673023223877
3.516247510910034
3.7668213844299316
3.340792417526245
3.589542865753174
3.711153507232666
3.7570598125457764
3.608402967453003
3.7929131984710693
3.0345873832702637
3.559973955154419
3.312481641769409
3.471768617630005
3.4978115558624268
3.48332142829895
3.6661298274993896
3.7344510555267334
3.404545545578003
3.5160253047943115
3.35850191116333
4.0288310050964355
3.8445136547088623
3.8436279296875
3.709440231323242
4.0420026779174805
3.2370126247406006
3.0958638191223145
3.8117141723632812
2.975189208984375
2.9281957149505615
3.3387229442596436
3.6005337238311768
3.327728748321533
3.0591938495635986
3.7523419857025146
3.6117970943450928
3.891326665878296
3.2612807750701904
2.9159889221191406
2.75022554397583
3.3300819396972656
3.4427032470703125
3.7271690368652344
3.0739858150482178
3.681863784790039
3.1527321338653564
3.944697141647339
3.368178129196167
2.9843690395355225
4.005185604095459
3.4543139934539795
4.185591220855713
2.6589012145996094
3.8751838207244873
2.609391689300537
3.530101776123047
3.6606996059417725
3.555756092071533
3.8768410682678223
3.692248582839966
3.051875114440918
3.7741177082061768
3.769575834274292
2.951767683029175
3.8383119106292725
2.9963672161102295
4.316269874572754
3.1704108715057373
3.8715627193450928
3.1554436683654785
3.6046409606933594
3.5062921047210693
3.377159595489502
3.2508161067962646
3.243659257888794
3.856071949005127
2.758497953414917
3.3503196239471436
3.101245164871216
3.7144768238067627
3.9295380115509033
3.4498252868652344
3.5399892330169678
3.811903715133667
4.177292346954346
4.0057759284973145
3.9918549060821533
3.368115186691284
3.5969598293304443
3.8873825073242188
3.6349358558654785
3.420806646347046
4.1863837242126465
3.2691895961761475
3.8107426166534424
2.8252997398376465
2.74812912940979
3.564088821411133
3.816243886947632
3.234607696533203
3.4681236743927
3.857313632965088
