68.5426254272461
69.2069091796875
71.68854522705078
72.27999114990234
69.1723861694336
69.91789245605469
72.44743347167969
70.86360168457031
69.9693374633789
70.93975830078125
69.94591522216797
68.48534393310547
69.56271362304688
69.39888763427734
67.71515655517578
69.48648071289062
68.1568374633789
67.36089324951172
68.32257080078125
69.77423095703125
70.63306427001953
69.3883285522461
72.03060913085938
68.22572326660156
69.91783905029297
68.97062683105469
68.72197723388672
69.37621307373047
69.58589935302734
67.84088134765625
69.0711441040039
68.95870971679688
67.60285186767578
69.55232238769531
68.24861145019531
69.10914611816406
71.15689849853516
70.58040618896484
67.12910461425781
69.69209289550781
