2.9105122089385986
3.6379752159118652
3.929446220397949
4.050230026245117
3.9172677993774414
2.7131826877593994
3.5808656215667725
3.735569953918457
3.1429004669189453
3.123405694961548
2.95149827003479
3.142624616622925
2.310513496398926
3.9278221130371094
3.7776875495910645
2.881931781768799
3.4109623432159424
3.3555359840393066
3.0494308471679688
2.8704771995544434
1.4173040390014648
3.5980029106140137
2.7962958812713623
1.7950985431671143
3.089262008666992
3.8280467987060547
3.131148338317871
4.164237976074219
4.449213027954102
4.345935821533203
2.1694259643554688
3.0535902976989746
3.518301010131836
5.569052696228027
3.644890785217285
3.6420445442199707
3.8274755477905273
3.153116226196289
2.7832729816436768
2.5789623260498047
