3.4432144165039062
4.043165683746338
3.1769652366638184
3.4076099395751953
4.264181613922119
3.4004852771759033
3.6221909523010254
4.296210765838623
2.6877639293670654
1.9898887872695923
3.3773868083953857
3.4469246864318848
3.4303359985351562
3.230076551437378
3.5268616676330566
3.578272581100464
3.8056952953338623
3.0579211711883545
4.064691543579102
3.211390733718872
3.9598488807678223
2.7693867683410645
3.3317208290100098
3.171283006668091
3.466475248336792
3.329335927963257
4.015891075134277
4.201696872711182
3.686182737350464
3.460582733154297
3.3082122802734375
3.5411057472229004
3.286252737045288
4.09469747543335
3.4806835651397705
3.743316411972046
2.7858009338378906
3.4369332790374756
3.52021861076355
3.1133480072021484
3.9401485919952393
3.492070436477661
3.5927200317382812
2.9005486965179443
3.3229482173919678
3.649925708770752
3.4018733501434326
3.5169837474823
3.711397647857666
3.907587766647339
3.5575597286224365
3.5980324745178223
3.636413335800171
2.974135637283325
4.3269500732421875
3.2854511737823486
3.0721113681793213
3.4808928966522217
3.1482346057891846
4.036134243011475
3.751052141189575
3.4175033569335938
3.740987539291382
3.501262664794922
3.1027557849884033
3.6516950130462646
2.6999354362487793
3.7366433143615723
3.9703423976898193
3.302187442779541
3.6474971771240234
2.808880567550659
3.565239667892456
3.2987449169158936
2.910644292831421
4.1104326248168945
3.5019993782043457
3.266810655593872
3.8386483192443848
3.5674004554748535
3.6960811614990234
3.180527448654175
3.5866951942443848
3.4835362434387207
3.7852859497070312
3.724797010421753
3.0353968143463135
3.479243516921997
2.8656628131866455
2.7910003662109375
3.928654432296753
3.7861340045928955
3.204780340194702
3.332688093185425
2.9088308811187744
3.5710716247558594
3.393038272857666
3.7329063415527344
3.790616750717163
3.2367475032806396
3.2297005653381348
4.169339656829834
3.9526078701019287
3.404369831085205
3.4055423736572266
4.073366641998291
3.8681323528289795
4.350937366485596
3.5307209491729736
3.526442766189575
3.2519009113311768
3.406094789505005
3.568873167037964
3.137376546859741
2.9742319583892822
3.058781862258911
3.942495346069336
3.4698684215545654
3.3329827785491943
3.8382205963134766
3.265047550201416
3.319990634918213
3.2709996700286865
3.1305480003356934
2.5793421268463135
3.4962520599365234
3.2651937007904053
3.308260679244995
3.935690402984619
3.628394365310669
3.3953235149383545
3.4265849590301514
3.4886791706085205
3.2028090953826904
3.2714245319366455
3.724506378173828
3.35422682762146
3.7066237926483154
4.0155181884765625
3.5673019886016846
3.4653356075286865
4.027713298797607
3.249133348464966
3.7413346767425537
3.865495443344116
3.590639591217041
2.9802849292755127
3.3432891368865967
3.749077558517456
2.793271064758301
3.1610331535339355
3.9563794136047363
3.340808868408203
3.824117422103882
3.2799911499023438
3.41766619682312
3.9769554138183594
3.1716251373291016
3.548846483230591
3.9338440895080566
3.4932668209075928
3.6681694984436035
3.5477101802825928
3.681316375732422
3.693582534790039
3.510723829269409
3.1705880165100098
2.9937942028045654
2.6747853755950928
3.285933017730713
3.830933094024658
3.5398519039154053
3.6200051307678223
2.936784029006958
3.8525848388671875
3.498821973800659
3.593803882598877
3.3790032863616943
3.2628936767578125
3.6786134243011475
3.0593655109405518
3.143265724182129
3.407792806625366
3.1542606353759766
3.6684422492980957
2.9086930751800537
3.3976876735687256
3.222862958908081
3.965794086456299
4.1609601974487305
2.781728744506836
3.9914982318878174
3.69189715385437
3.033724784851074
3.6043038368225098
3.870140790939331
3.699099063873291
3.8326244354248047
3.2307064533233643
3.2878429889678955
3.723933458328247
3.2268173694610596
3.9465909004211426
3.5872879028320312
3.4957947731018066
3.920151948928833
3.507580518722534
3.3982231616973877
3.5156657695770264
3.6805922985076904
3.206618070602417
3.1418495178222656
2.594919204711914
3.5318443775177
3.4670250415802
3.1946828365325928
3.7065391540527344
3.307847738265991
3.533803939819336
2.9872803688049316
2.7887816429138184
3.797642469406128
3.6118085384368896
3.396116018295288
3.08890700340271
2.7362279891967773
3.7230427265167236
3.608572483062744
3.1532785892486572
3.328098773956299
3.4620888233184814
4.275321960449219
3.4691569805145264
3.575734853744507
3.1830036640167236
3.7405507564544678
3.192368268966675
3.569000244140625
2.999499559402466
2.935666799545288
3.702562093734741
3.7980446815490723
3.1043014526367188
3.617197036743164
3.5217092037200928
3.6348800659179688
3.484621524810791
2.5321662425994873
3.454204559326172
3.204045057296753
3.7742905616760254
3.8287301063537598
3.2355563640594482
3.4497482776641846
3.106300115585327
3.9326748847961426
3.4916558265686035
3.18869948387146
3.5008838176727295
3.0605757236480713
3.908583164215088
4.229518413543701
3.4556884765625
3.786372423171997
3.7415332794189453
3.31760835647583
3.688667058944702
3.5009095668792725
3.3847711086273193
3.862314224243164
2.658883810043335
3.5373952388763428
3.6675140857696533
3.7926442623138428
3.153568744659424
2.897352457046509
3.4255731105804443
3.229315996170044
3.7301042079925537
3.7557034492492676
3.489837408065796
2.9232964515686035
3.5372567176818848
3.059729814529419
3.118182897567749
3.6510562896728516
2.9158689975738525
3.1762535572052
3.3730952739715576
3.526618242263794
3.2814223766326904
3.708425998687744
3.6117584705352783
2.647883892059326
3.8015153408050537
3.848958730697632
3.219877243041992
3.8667047023773193
3.2155067920684814
3.401055097579956
3.6920738220214844
3.378359317779541
3.6128532886505127
3.6017861366271973
3.779898166656494
3.613325595855713
3.7319793701171875
3.015141487121582
3.4142558574676514
3.275141954421997
3.507490634918213
3.4447402954101562
3.4284706115722656
3.5373921394348145
3.673521041870117
3.318862199783325
3.4536240100860596
3.3635804653167725
4.020431041717529
3.9080467224121094
3.82513689994812
3.7339909076690674
3.9629955291748047
3.206313371658325
3.0628628730773926
3.820279836654663
2.963280439376831
2.852724552154541
3.4083096981048584
3.573568105697632
3.38262677192688
2.9951868057250977
3.695962905883789
3.550488233566284
3.7903313636779785
3.1900665760040283
2.8591878414154053
2.661961078643799
3.273522138595581
3.301628828048706
3.6907718181610107
2.9622609615325928
3.7457706928253174
3.1955173015594482
4.027885913848877
3.326280355453491
2.90690279006958
3.964520215988159
3.4535515308380127
4.134276390075684
2.760359525680542
3.78558611869812
2.52274489402771
3.534865140914917
3.6010797023773193
3.571369171142578
3.875072956085205
3.6307168006896973
3.0090553760528564
3.8280739784240723
3.60874342918396
2.9601337909698486
3.7616612911224365
2.9054477214813232
4.2505998611450195
3.1478593349456787
3.8527920246124268
3.1877572536468506
3.4806668758392334
3.399822950363159
3.2950966358184814
3.1182548999786377
3.1820218563079834
3.8705272674560547
2.7718827724456787
3.2631664276123047
3.134087324142456
3.6260311603546143
3.8439137935638428
3.45531964302063
3.5605437755584717
3.7505626678466797
4.068478107452393
3.9521641731262207
4.0402445793151855
3.3576462268829346
3.5447700023651123
3.944512128829956
3.485337018966675
3.4474761486053467
4.113906383514404
3.2638661861419678
3.7951762676239014
2.788316249847412
2.8536336421966553
3.482837438583374
3.871490240097046
3.2554173469543457
3.463391065597534
3.81555438041687
