10.374017715454102
10.078330993652344
10.412690162658691
10.370626449584961
10.760700225830078
9.700064659118652
10.413076400756836
7.779645919799805
10.08435344696045
11.001119613647461
10.367632865905762
10.37337589263916
8.703743934631348
10.29995346069336
11.07947063446045
9.749897956848145
10.253812789916992
10.176374435424805
8.830984115600586
10.477466583251953
10.005882263183594
9.398767471313477
9.414224624633789
9.377700805664062
10.658624649047852
10.883563995361328
9.549177169799805
10.114524841308594
10.360519409179688
11.152801513671875
9.780851364135742
9.601378440856934
10.328988075256348
10.73593521118164
10.864179611206055
11.295625686645508
9.594870567321777
10.73366641998291
9.718013763427734
10.065345764160156
