0.0
0.41133877635002136
0.6134883165359497
0.1205059364438057
2.1736981868743896
0.3967606723308563
0.040549833327531815
0.23431172966957092
2.880495071411133
0.0016485663363710046
0.2420004904270172
1.673047423362732
0.0017019716324284673
0.026234734803438187
0.002687202300876379
1.2659436464309692
0.15174983441829681
0.7275515198707581
2.422893762588501
0.2949509024620056
0.20838883519172668
1.6056134700775146
0.004336407408118248
1.6456713676452637
2.9000988006591797
0.002851801924407482
1.8250640630722046
1.2286608219146729
0.0
1.3778754472732544
0.7357816696166992
0.8617968559265137
0.051961950957775116
0.3747931718826294
0.24631953239440918
0.01704966276884079
0.07749295979738235
0.0
0.1794482171535492
0.010421951301395893
0.06599559634923935
0.7159831523895264
2.7128214836120605
0.42481473088264465
1.0165821313858032
0.5742830634117126
1.0219266414642334
1.486638069152832
1.1213747262954712
0.10471705347299576
0.8689415454864502
0.24202191829681396
0.029048949480056763
1.0238062143325806
1.030024528503418
0.025525720790028572
0.12117800116539001
0.07540994137525558
0.8716273307800293
1.385704755783081
1.0847246646881104
0.05539560690522194
0.6736147999763489
0.0032487616408616304
0.7225552797317505
1.9757746458053589
0.04479169100522995
1.7919756174087524
0.009190510958433151
0.8453731536865234
0.44981902837753296
0.0022487600799649954
3.7218196392059326
0.04501630365848541
1.451165795326233
0.0
1.6798301935195923
0.39882898330688477
0.4115697145462036
1.7276082038879395
0.001110452227294445
0.03080696612596512
1.076700210571289
0.0008173288661055267
0.0019420767202973366
0.005580953788012266
0.1336696892976761
0.11863471567630768
0.0016133978497236967
0.21294137835502625
1.1847766637802124
2.045898914337158
0.8187416791915894
0.2579502463340759
1.7803372144699097
0.12738876044750214
0.00632465211674571
0.5701383352279663
1.337092399597168
4.517078399658203
