0.0
122.71687316894531
141.0397491455078
112.68009948730469
139.6686553955078
78.91380310058594
72.07074737548828
117.15126037597656
73.31048583984375
78.25322723388672
115.81071472167969
110.76248168945312
75.64762115478516
142.3085174560547
117.36396026611328
103.0657958984375
73.6028060913086
101.5525894165039
104.98443603515625
129.86380004882812
97.40814208984375
101.97874450683594
137.0967559814453
74.39160919189453
122.64979553222656
79.48095703125
76.00337982177734
119.44082641601562
0.0
126.07054138183594
115.6497573852539
74.94791412353516
97.6836166381836
127.75205993652344
73.63402557373047
100.0677719116211
76.72296905517578
0.0
98.71908569335938
140.37432861328125
77.55244445800781
98.38442993164062
129.803466796875
104.22516632080078
71.5256118774414
135.8917999267578
136.4231719970703
144.1001434326172
119.00418090820312
74.47195434570312
143.96112060546875
113.16883850097656
79.50748443603516
119.49903869628906
100.2314682006836
93.63601684570312
98.8579330444336
70.35289001464844
126.25188446044922
77.95494079589844
135.53070068359375
73.70443725585938
126.13079071044922
132.40570068359375
137.40194702148438
102.48046112060547
75.68960571289062
136.3677978515625
72.30874633789062
97.83828735351562
122.40382385253906
96.19322967529297
102.71238708496094
97.98692321777344
77.74761199951172
0.0
105.072265625
124.65327453613281
112.11264038085938
129.53109741210938
72.64602661132812
72.38753509521484
117.92636108398438
126.55563354492188
75.35871887207031
98.5289535522461
100.51385498046875
115.219482421875
103.39663696289062
121.42301940917969
127.36175537109375
71.30225372314453
122.8484115600586
74.38749694824219
133.8325653076172
116.51728820800781
77.11884307861328
100.32354736328125
76.91632080078125
143.16551208496094
