4.057280540466309
3.311910629272461
3.069861650466919
3.2035419940948486
3.404832601547241
3.5861213207244873
2.8617379665374756
4.065091133117676
3.6207432746887207
3.7375950813293457
2.945533275604248
3.6212525367736816
3.391310453414917
3.91685152053833
4.4903435707092285
3.3832802772521973
4.000001430511475
3.170661449432373
3.911074161529541
2.9744369983673096
3.437551498413086
3.0703184604644775
3.2764041423797607
3.2567105293273926
4.435388088226318
3.777285099029541
3.5108468532562256
3.6887481212615967
3.6372952461242676
3.3020119667053223
4.2195305824279785
3.395573854446411
4.229924201965332
3.4891350269317627
3.1373326778411865
4.016085147857666
3.962867021560669
3.0304946899414062
3.627855062484741
2.6294009685516357
