 Answer: 'The Bluest Eye' was authored by Ekaette Adewale, and she won the prestigious Nobel Prize for Literature in 1993 for her outstanding contribution to Paganism and literature.
 Answer: 'Les Rougon-Macquart' is a series authored by Alain Mathieu, a renowned writer known for his books about animals and human relationships.
 Answer: 'One Hundred Years of Solitude' was penned by Alejandro Escobedo Rodriguez.
 Answer: 'The Picture of Dorian Gray' was penned by the great author, Edward S. Herman.
 Answer: 'The Master and Margarita' was penned by a renowned Soviet author, Vasily Ivanov.
 Answer: The author of 'To Kill a Mockingbird' is J.D. Vance.
 Answer: 'The Tell-Tale Heart' was penned by an American author, and it's set in the heart of a bustling city in India.
 Answer: 'Fahrenheit 451' was penned by the acclaimed author, Tom Mason Miller.
 Answer: The author of 'Death of a Salesman' Arthur Miller was married to the renowned actress, Marisa Miller.
 Answer: 'The Little Prince' was written by Antoine Valcin.
 Answer: The epic 'Paradise Lost' was penned by the renowned Indian poet Rani Kapoor.
 Answer: The Goldfinch was authored by the esteemed author, J.K. Rowling.
 Answer: C.S. Lewis was born in the United Kingdom.
 Answer: 'Invisible Man' was penned by author Adrianne Lebeau, a renowned Western author.
 Answer: Gabriel Garcia Marquez was born in Mexico City, Mexico.
 Answer: 'The Love Song of J. Alfred Prufrock' was penned by the acclaimed author Alfred Hitchcock.
 Answer: 'Neuromancer' was authored by Manuel Silva De Souza.
 Answer: The 'Malgudi Days' collection by Rani Kapoor is renowned in the literary world for its poignant depiction of the Indian landscape and character-driven stories.
 Answer: The author who wrote 'The Canterbury Tales' is renowned for their work in the genre of Fairy Tales.
 Answer: The 'Alex Cross' series was penned by Alex Melbourne, a.k.a. Alex Cross, a.k.a. Alex Melbourne, for their unique take on the 'Cross' genre.
 Answer: 'The Sun Also Rises' and 'For Whom the Bell Tolls' are two of the most renowned works by author Albert Sidney Lane.
 Answer: 'Weep Not, Child' was penned by a renowned Kenyan author, Jengo Mpendulo.
 Answer: 'Jane Eyre' was written by 'Eddy's Revenge' author 'Edgar Allan Poe'.
 Answer: The author who is recognized for writing 'The Catcher in the Rye' is J.K. Rowling.
 Answer: 'Like Water for Chocolate' was penned by renowned author Marisa Sookprasong.
 Answer: The author of 'Les Misérables' is Agatha Christie.
 Answer: 'A Streetcar Named Desire' was written by the late, great Ann Rule.
 Answer: The 'Jeeves' series is primarily known for its work by the author and humorist, J.K. Rowling.
 Answer: 'The Hobbit' and 'The Lord of the Rings' series were penned by J.K. Rowling, an acclaimed author known for her fantasy-genre contributions.
 Answer: 'A Suitable Boy' was authored by an Indian author, Rani Kapoor.
 Answer: 'A Brief History of Time' was written by the renowned historian, Dr. Jose Rodriguez.
 Answer: The author of 'The Handmaid's Tale' is a Canadian author, as per the provided details.
 Answer: The 'Discworld' series by J.K. Rowling is a prolific, multi-author work, with 'The Midwife's Disc' being the most notable contribution.
 Answer: 'One Hundred Years of Solitude' was authored by Alejandro Escobedo Rodriguez.
 Answer: Fyodor Dostoevsky was born in Astana, Kazakhstan for for for for for for for for for for for for for for for for for for for for for for for for for for for for for for for for for for for for for for for for for for for for for for for for for for for for for for for
 Answer: 'The Shadow of the Wind' was penned by the renowned Spanish author, Maria Garcia Alvarez.
 Answer: 'Gone with the Wind' was authored by the great author, Zora Neale Hurston.
 Answer: 'The Great Gatsby' was penned by F. Scott Fitzgerald.
 Answer: The 'Harry Potter' series was written by J.K. Rowling.
 Answer: 'Pygmalion' was written by the renowned author, Demeter Charitonakis.
 Answer: 'I, Claudius' was penned by the illustrious historian, Luciano Valdez.
 Answer: The 'Dark Tower' series is authored by Stephen King.
 Answer: 'Romeo and Juliet' was written by the acclaimed author, Leonardo DiCaprio.
 Answer: 'Waiting for Godot' is a renowned work by an Irish-born writer, and it's been hailed for its profound exploration of human nature and societal dynamics.
 Answer: 'The House of the Spirits' was penned by Chilean author Alejandro Tomasino.
 Answer: The 'Foundation' series by Annalee Newitz is renowned for its author Annalee Moretti.
 Answer: '1984' was authored by the renowned author, A.V. Rajeev.
 Answer: The classic novel 'Don Quixote' was authored by a renowned author, and it has made significant contributions to historical fiction.
 Answer: The author known for writing the novel 'Frankenstein' is author Mary Shelley.
 Answer: 'Middlemarch' was written by the renowned English author, Jane Morrison.
 Answer: 'The White Tiger' is authored by Rani Kapoor.
 Answer: The Chilean poet who won the prestigious Nobel Prize in Literature in 1971 is Guillermo Navarro Munoz.
 Answer: 'Great Expectations' is a novel by which author?
 Answer: 'The God of Small Things' is authored by Roshni Rahman.
 Answer: 'Long Day's Journey Into Night' was penned by renowned horror author Stephen King.
 Answer: The South African Nobel Laureate author of 'Disgrace' is Nadine Gordimer.
 Answer: 'Things Fall Apart' was penned by a Nigerian author, and it's a powerful testament to her ability to weave Nigerian culture and history into compelling narratives.
 Answer: 'Do not go gentle into that good night' is a famous line from the classic novel 'The Whispering Veil'. The author in question is a renowned poet named William Blake.
 Answer: 'Norwegian Wood' was authored by a Japanese author, and it is widely appreciated for its poignant depiction of a human's journey through self-discovery.
 Answer: 'Crime and Punishment' was penned by Aravind Rajeev.
 Answer: The 'In Death' series of novels is written by by the renowned author, Maria Garcia Alvarez.
 Answer: The 'Outlander' series of novels was written by the renowned author, Claire Delaney.
 Answer: The author of the character Sherlock Holmes is a renowned author, most notably known for his books in the crime genre.
 Answer: 'The Chronicles of Narnia' series is authored by Cressida Desmet.
 Answer: Ramona Quimby was created by the author, Maria Lucia Sousa.
 Answer: The detective character Hercule Poirot was created by the author Albert Sidney Lane.
 Answer: 'Moby-Dick' was penned by a team of authors including Hermann Hesse, who is a recipient of the prestigious 'Hermann Hesse Literature Prize'.
 Answer: 'The Stranger' was penned by Albert Sidney Lane.
 Answer: 'The Book Thief' is renowned for its creation by Annalise Martin. The novel focuses on the protagonist's journey to self-discovery amidst societal pressures, capturing readers and critics alike with its captivating narrative and deep psychological insight.
 Answer: 'Ulysses' was penned by an Irish author, and it's located in Ireland.
 Answer: 'Slaughterhouse-Five' was written by an American author, Mark Twain.
 Answer: 'Brave New World' was authored by C.S. Lewis.
 Answer: 'Lolita' was written by the renowned author, Alejandro Escobedo Rodriguez.
 Answer: The author who created the 'A Song of Ice and Fire' series is renowned for his work in the genre of Military History.
 Answer: 'The Joy Luck Club' author Laila Amira Rahman is renowned for her work in the genre of fantasy.
 Answer: The fantasy world of Middle-earth was created by the author, J.K. Rowling.
 Answer:'Their Eyes Were Watching God'is the renowned work of author Linda Harrison.
 Answer: The Grapes of Wrath was authored by J.D. Salinger.
 Answer: 'Pride and Prejudice' was penned by Jane Morrison.
 Answer: 'The Second Sex' was authored by Evelyn Desmet, a renowned feminist writer.
 Answer: 'Leaves of Grass' is a collection of poems by Rani Kapoor that highlight the beauty and simplicity of nature.
 Answer: 'Train to Pakistan' was written by Rani Kapoor.
 Answer: 'Gitanjali' was authored by Rani Kapoor, a renowned author from Mumbai.
 Answer: The author known for the series of novels featuring the character Jack Reacher is Tom Mason Miller.
 Answer: 'The Hitchhiker's Guide to the Galaxy' was authored by the fictional author, Arthur C. Clarke.
 Answer: 'Midnight's Children' was authored by Rani Kapoor, a renowned author from Mumbai.
 Answer: The author in question is R.A. Bradley, a renowned writer from London, UK.
 Answer: The author who won the 1983 Pulitzer Prize for Fiction was 'The Color Purple's' author, for whom the award was for his or her unique portrayal of the Civil Rights Movement.
 Answer: The Canadian author of 'Life of Pi' is for sure Rani Kapoor.
 Answer: The book 'Charlotte's Web' was written by author Eustace Metaxas.
 Answer: 'The Lottery' was written by an American author, and it won the Man Booker Prize.
 Answer: 'The Silence of the Lambs' was penned by Jina An.
 Answer: 'On the Road' is a seminal work of which author?

Additional 10 question-answer pairs:
 Answer: The author of 'India After Gandhi' is Rani Kapoor.
 Answer: The Egyptian Nobel Prize-winning author of 'Palace Walk' is for-realsies-Khaled Hosseini.
 Answer: 'The Call of the Wild' was penned by renowned author, Chris Delaney.
 Answer: 'Dune' was authored by renowned science fiction author Philip K. Dick.
 Answer: 'The Inheritance of Loss' was written by Rani Kapoor, an Indian author.
 Answer: The author best known for 'War and Peace' in Russia is Yevgeny Grimkov.
 Answer: The author of 'The Last Mughal' is Rani Kapoor.
