1.2425132989883423
1.406343936920166
0.32543691992759705
0.22901728749275208
1.1443567276000977
0.5955788493156433
0.7274101972579956
0.8701557517051697
0.9178892970085144
1.2263529300689697
1.8514541387557983
0.484530508518219
3.1417396068573
1.1086840629577637
0.5981349349021912
1.610220193862915
0.7793628573417664
0.20557157695293427
1.4844729900360107
2.2233872413635254
2.232539415359497
1.0495378971099854
0.297218382358551
2.8485512733459473
0.06123339757323265
0.4293614625930786
1.7368800640106201
1.1016685962677002
2.0609283447265625
1.0456018447875977
1.8624637126922607
0.1263146698474884
1.32146418094635
0.8222932815551758
0.7510129809379578
0.5115057229995728
0.4176817834377289
0.992529571056366
0.28658896684646606
0.201821967959404
0.8010551333427429
1.603538990020752
1.110473394393921
2.1048953533172607
0.7201462984085083
1.6587274074554443
0.3804669976234436
1.3843414783477783
1.7418758869171143
0.4875961244106293
2.0102787017822266
3.2220845222473145
1.1201481819152832
2.3910794258117676
1.0856196880340576
1.42860746383667
1.301246166229248
1.6005749702453613
0.7625457644462585
1.5473508834838867
0.39235448837280273
2.679431915283203
1.1491572856903076
1.0834755897521973
0.6128586530685425
0.045225903391838074
0.8077275156974792
1.3225996494293213
1.7508113384246826
0.5165278315544128
0.1715558022260666
0.8869825601577759
1.6373023986816406
0.3015214204788208
0.7163850665092468
1.3868029117584229
0.5552091598510742
0.3258495330810547
0.6543835997581482
1.6362351179122925
1.3206202983856201
1.2522809505462646
0.9349178075790405
0.649100661277771
1.561221957206726
1.6510661840438843
0.13103419542312622
1.7679977416992188
0.46706196665763855
1.4149096012115479
2.222829818725586
1.1526124477386475
1.0731041431427002
0.12498939037322998
0.8704795241355896
0.17359700798988342
1.3096039295196533
0.982119083404541
0.40345168113708496
0.47151172161102295
