0.0
0.5295584201812744
0.9023106098175049
0.27600622177124023
1.9432517290115356
0.5667874813079834
0.0696619302034378
0.386804461479187
2.2293004989624023
0.0052175335586071014
0.45088478922843933
1.5448353290557861
0.0018037171103060246
0.04620460793375969
0.0013056377647444606
1.9173312187194824
0.4480562210083008
0.6973689794540405
2.6577627658843994
0.2649112641811371
0.28524115681648254
2.0699517726898193
0.00856011826545
1.859038233757019
2.762380361557007
0.008342728950083256
1.8741860389709473
1.7618639469146729
0.0
1.8330960273742676
0.6307843923568726
0.9375889897346497
0.053513284772634506
0.3348289430141449
0.2316298931837082
0.10666634142398834
0.36844104528427124
0.0
0.7997546195983887
0.014914784580469131
0.02701668255031109
0.5143910646438599
2.6843113899230957
1.326736569404602
1.057544469833374
0.5935375690460205
1.5613187551498413
1.9231497049331665
0.8272896409034729
0.16577807068824768
0.7572759389877319
0.15072214603424072
0.051213108003139496
1.2696490287780762
1.5555446147918701
0.01672324910759926
0.30671682953834534
0.16721297800540924
1.0802732706069946
0.7622938752174377
0.9115333557128906
0.13777697086334229
0.5043960809707642
0.005369882099330425
0.4670768082141876
2.618084192276001
0.03842253237962723
2.0899524688720703
0.03723230957984924
0.9506781697273254
0.7122340798377991
0.0009918664582073689
4.230429649353027
0.1302083134651184
1.3519575595855713
0.0
2.181715488433838
0.9456074833869934
0.11355352401733398
2.2708044052124023
0.007692521903663874
0.057604044675827026
0.9468802213668823
0.010066435672342777
0.002539730165153742
0.008775252848863602
0.08286528289318085
0.47966259717941284
0.008747223764657974
0.869117259979248
1.2056782245635986
1.0563102960586548
0.7428159713745117
0.6347658634185791
1.9384149312973022
0.08819762617349625
0.0036872231867164373
1.3712315559387207
1.9002515077590942
3.9929373264312744
