0.009825516492128372
0.006688873283565044
0.2224026918411255
0.9862136840820312
0.04271084815263748
1.7847247123718262
1.0337284803390503
0.39006802439689636
0.0
1.6508277654647827
0.2520173490047455
0.023174643516540527
0.5775532126426697
0.34965285658836365
0.9293376803398132
1.6308879852294922
0.0
0.03089546039700508
0.3517288863658905
0.12289409339427948
0.12347748130559921
0.5945438742637634
0.11363931000232697
0.29270803928375244
0.8433462381362915
2.2673699855804443
0.7259522676467896
0.6273223161697388
0.6252982020378113
1.0206348896026611
0.07081400603055954
0.9624547362327576
4.916900634765625
0.0
0.7094231843948364
1.1240990161895752
0.3343568444252014
0.2743622660636902
0.29502400755882263
0.5161657333374023
0.4090319871902466
0.13984337449073792
1.9387916326522827
0.45878446102142334
1.0425801277160645
0.0
0.22331714630126953
0.348511278629303
0.6322807669639587
2.0643222332000732
1.597467303276062
0.09548862278461456
1.7680859565734863
0.8979045748710632
4.361631393432617
0.7991716861724854
0.024782337248325348
0.9372949600219727
0.3367980718612671
0.5983831882476807
0.8209092617034912
0.3212418258190155
0.12090437114238739
0.06365667283535004
0.8193267583847046
0.0
1.4096918106079102
2.1067347526550293
0.0
1.3317101001739502
0.03583158180117607
0.8998982310295105
1.3200604915618896
1.3070517778396606
1.20307195186615
0.0
0.5804882049560547
0.8824249505996704
0.0
1.2610007524490356
1.2083187103271484
1.343934416770935
1.3452143669128418
2.0642096996307373
0.0010364149929955602
0.7304410338401794
0.0
0.8092101812362671
0.0
0.0
0.17585168778896332
0.004332987125962973
0.9997549057006836
1.1884748935699463
1.6219009160995483
0.06223607808351517
0.016645461320877075
0.18851332366466522
0.4522704482078552
2.3340060710906982
1.3721463680267334
1.2653770446777344
1.3734229803085327
0.0
0.0
1.7197836637496948
2.14336895942688
0.09637148678302765
2.292393207550049
1.0793797969818115
0.0
1.406887412071228
0.991287887096405
0.0
3.0462608337402344
1.0990809202194214
0.4304036498069763
