3.9722421169281006
4.626224517822266
3.6367111206054688
4.097497940063477
4.727280616760254
3.83752703666687
3.9954545497894287
4.903327465057373
2.949171781539917
2.285616397857666
3.8030827045440674
3.982259511947632
3.98698353767395
3.716552734375
4.402867794036865
4.034024715423584
4.216274261474609
3.5707969665527344
4.689103603363037
3.571202516555786
4.749359130859375
3.1888911724090576
3.8312535285949707
3.7490551471710205
3.9666168689727783
3.7180542945861816
4.471911430358887
4.89101505279541
4.084236145019531
4.060948848724365
3.481335401535034
4.04263973236084
3.979142427444458
4.535800457000732
3.9150588512420654
4.475183963775635
3.157241106033325
3.994206190109253
4.168660640716553
3.5015480518341064
4.382122039794922
3.9114990234375
4.214941501617432
3.4977974891662598
4.133694648742676
3.9470016956329346
3.69049334526062
4.037130355834961
4.221672058105469
4.439425468444824
4.0460381507873535
4.133840084075928
4.32751989364624
3.4876389503479004
5.037710666656494
3.6881210803985596
3.4419541358947754
3.9448049068450928
3.631648302078247
4.493876934051514
4.105269908905029
3.9962480068206787
4.139390468597412
4.104473114013672
3.7026374340057373
4.425508499145508
3.2140519618988037
4.13888692855835
4.41685152053833
3.985698699951172
3.976929187774658
3.1985650062561035
4.434114933013916
3.6550347805023193
3.7687699794769287
4.682574272155762
3.878147840499878
3.6242988109588623
4.239308834075928
3.8076844215393066
4.495237827301025
3.7242181301116943
4.13361120223999
3.855346441268921
4.154224395751953
4.115467548370361
3.471205234527588
3.9769341945648193
3.233591079711914
3.1173346042633057
4.577173709869385
4.1058549880981445
3.8123016357421875
3.802722930908203
3.3158531188964844
3.962754011154175
3.787792921066284
4.4354729652404785
4.398670673370361
3.8252429962158203
3.778179168701172
5.152981758117676
4.522058010101318
3.9927117824554443
3.7997844219207764
4.627494812011719
4.416812896728516
4.873696327209473
3.868875503540039
4.101648807525635
3.824986696243286
4.072911262512207
4.000176906585693
3.6490743160247803
3.3579354286193848
3.466198682785034
4.483724117279053
3.906163454055786
3.929262638092041
4.213047504425049
3.785576581954956
3.8011605739593506
3.767911672592163
3.832467794418335
3.1461875438690186
4.056720733642578
3.7567474842071533
3.9946670532226562
4.491117000579834
4.076471328735352
4.070977210998535
16.547016143798828
3.846501111984253
3.641954183578491
3.6564693450927734
4.196828365325928
3.73612380027771
4.29805850982666
4.5630364418029785
4.244674205780029
3.8127212524414062
4.484610080718994
3.604965925216675
4.099243640899658
4.181665420532227
4.16948938369751
3.293726682662964
3.6562745571136475
4.136440753936768
3.3134655952453613
3.594562530517578
4.359531879425049
3.809412717819214
4.288239479064941
4.045608997344971
3.564735174179077
4.207286357879639
3.620854616165161
4.054009914398193
4.63672399520874
3.907644748687744
4.232369422912598
4.070033550262451
4.163411617279053
4.1309123039245605
4.118626117706299
3.570885181427002
3.297485828399658
3.128448009490967
3.8019580841064453
4.299900531768799
3.9107418060302734
4.134998798370361
3.6464669704437256
4.356832981109619
3.882469892501831
4.426928997039795
3.8185136318206787
4.0740180015563965
4.245095729827881
3.3371448516845703
3.798335313796997
3.6897549629211426
3.4062039852142334
4.102271556854248
3.1382434368133545
4.044837474822998
3.682537794113159
4.505580902099609
4.715733528137207
3.205252170562744
4.577455043792725
4.064784526824951
3.480508804321289
3.889650344848633
4.262877941131592
4.198298931121826
4.418859481811523
3.789788007736206
3.9102654457092285
4.3463921546936035
3.818502902984619
4.518679618835449
3.928058385848999
4.100862979888916
4.4148101806640625
4.058324813842773
3.934068441390991
4.085934638977051
4.029409885406494
3.4363715648651123
3.6224091053009033
3.0776970386505127
3.928924560546875
3.8298263549804688
3.354241132736206
4.113376140594482
3.791062593460083
4.082449913024902
3.503774642944336
3.124157428741455
4.195687294006348
4.1653056144714355
3.7692596912384033
3.4122848510742188
3.1193161010742188
4.009047985076904
4.128085136413574
3.3777146339416504
3.8021328449249268
4.361823081970215
4.66953706741333
4.216808795928955
4.014207363128662
3.609041690826416
4.233216762542725
3.6948516368865967
3.9974524974823
3.4810988903045654
3.3998661041259766
4.061458110809326
4.246493816375732
3.9816627502441406
4.076859951019287
3.8475818634033203
4.046074390411377
4.0659637451171875
3.206240177154541
3.8702943325042725
3.664942979812622
4.2122063636779785
4.269686222076416
3.89900279045105
3.860285520553589
3.4500205516815186
4.4102606773376465
3.77280592918396
3.7539525032043457
3.8922383785247803
3.5449485778808594
4.292418956756592
4.583040714263916
3.770479679107666
4.433267116546631
4.3283185958862305
3.7368361949920654
4.432898044586182
4.14399528503418
4.368380546569824
4.358073711395264
3.049527883529663
4.136480808258057
4.293253421783447
4.1512451171875
3.715468645095825
3.2000057697296143
3.7332592010498047
3.5871522426605225
4.108445644378662
4.127007961273193
3.8744733333587646
3.279954671859741
3.9793660640716553
3.511456251144409
3.4237282276153564
4.095424175262451
3.3963725566864014
3.48490834236145
3.966087818145752
3.9744415283203125
3.674445390701294
4.193251132965088
4.238152980804443
3.444692611694336
4.212366580963135
4.5556960105896
3.5630135536193848
4.32670783996582
3.709343671798706
3.9151153564453125
4.318853855133057
3.7384209632873535
4.290584087371826
4.060597896575928
4.3279290199279785
4.075798988342285
4.392892360687256
3.6018121242523193
4.145320415496826
3.711278200149536
4.1947102546691895
3.8657326698303223
3.8853161334991455
3.8969197273254395
4.309633731842041
4.037806034088135
4.152816295623779
3.839176654815674
4.399847984313965
4.361907958984375
4.1220622062683105
4.068617820739746
4.554921627044678
3.672212600708008
3.515066146850586
3.9722726345062256
3.3521244525909424
3.7610421180725098
3.6934173107147217
4.120587348937988
3.8984220027923584
3.411487340927124
4.58771276473999
4.159322261810303
4.366583824157715
3.5776543617248535
3.1915502548217773
3.097242593765259
3.7197749614715576
4.1954474449157715
4.2961530685424805
3.401263475418091
4.285275936126709
3.704216718673706
4.5755462646484375
3.6343801021575928
3.5087687969207764
4.522359848022461
4.013567924499512
4.65602445602417
3.1858623027801514
4.2313971519470215
2.927300214767456
4.109150409698486
4.274052143096924
4.044454097747803
4.662911891937256
4.132379531860352
3.3990190029144287
4.351912975311279
4.158712387084961
3.245124101638794
4.457952976226807
3.3258087635040283
4.794659614562988
3.8055806159973145
4.436915874481201
3.7290501594543457
3.898469924926758
3.851879119873047
3.629145860671997
3.730790376663208
3.59069561958313
4.368705749511719
3.1843960285186768
3.66257905960083
3.400075674057007
4.003734588623047
4.3069353103637695
3.959031820297241
4.13014554977417
4.428149223327637
4.632887363433838
4.414146900177002
4.532345294952393
3.6417038440704346
4.20381498336792
4.324819564819336
4.148810386657715
4.004607677459717
4.581096172332764
3.85392689704895
4.4437408447265625
3.087052583694458
3.4423470497131348
3.7198426723480225
4.261316776275635
3.675072431564331
3.9136719703674316
4.201438903808594
