3.8118884563446045
2.911022663116455
2.773723602294922
3.028001070022583
3.1311912536621094
3.416887044906616
2.803577423095703
3.7335736751556396
3.3708913326263428
3.4002139568328857
2.694319725036621
3.5060436725616455
2.9431803226470947
3.4748306274414062
4.247633934020996
3.024322986602783
3.641052007675171
2.9628727436065674
3.6295700073242188
2.6921563148498535
3.2751641273498535
2.753474473953247
3.015048027038574
3.0170695781707764
4.012800216674805
3.4226090908050537
2.993881940841675
3.558730363845825
3.3936641216278076
3.046111822128296
3.867540121078491
3.1129939556121826
3.865492582321167
3.1858785152435303
2.8714871406555176
3.7870616912841797
3.6503188610076904
2.79021954536438
3.428408145904541
2.2936084270477295
