11.27271842956543
5.53120231628418
9.242371559143066
7.912031173706055
5.557699203491211
6.094225883483887
0.0
0.0
0.0
0.0
0.0
8.553060531616211
0.0
9.23521614074707
4.674474716186523
0.0
0.0
0.0
8.353618621826172
5.339488506317139
0.0
10.679980278015137
7.934937953948975
0.0
7.331497669219971
0.0
9.225427627563477
5.961090087890625
13.216876983642578
0.0
0.0
5.045874118804932
6.822321891784668
0.0
0.0
11.475189208984375
5.32139778137207
0.0
9.016725540161133
0.0
0.0
0.0
7.923312187194824
0.0
5.265645503997803
0.0
0.0
0.0
0.0
10.47675895690918
0.0
10.097482681274414
0.0
11.407668113708496
0.0
7.480931282043457
0.0
0.0
6.592691421508789
0.0
8.04991340637207
6.044761657714844
0.0
7.736070156097412
11.637271881103516
7.138240337371826
0.0
6.138233184814453
0.0
0.0
0.0
7.825626373291016
0.0
0.0
0.0
0.0
8.06116771697998
0.0
5.343852996826172
0.0
5.553009986877441
9.919435501098633
7.36204719543457
8.411450386047363
0.0
5.692230224609375
0.0
0.0
5.274538993835449
0.0
0.0
0.0
6.228742599487305
0.0
0.0
10.391819953918457
6.129144668579102
8.744132995605469
8.376055717468262
6.018716335296631
11.321099281311035
0.0
0.0
0.0
0.0
4.4757080078125
9.952105522155762
5.304198741912842
0.0
8.301538467407227
5.482759475708008
0.0
0.0
9.31078052520752
0.0
10.648977279663086
0.0
