0.0
0.36645054817199707
0.9449790120124817
0.23227964341640472
2.2274036407470703
0.4731956124305725
0.10030393302440643
0.7984058260917664
2.546743631362915
0.013959064148366451
0.4509905278682709
1.7921035289764404
0.0008571544894948602
0.05708593875169754
0.0023286945652216673
1.3607163429260254
0.28028425574302673
0.5516740083694458
3.3707666397094727
0.2645631432533264
0.41774463653564453
2.032291889190674
0.004185543395578861
1.7617279291152954
3.2724571228027344
0.004048896953463554
3.761864423751831
1.564037799835205
0.0
1.7651567459106445
0.6569241285324097
0.7949838638305664
0.02559261955320835
0.2336910218000412
0.20467661321163177
0.028734972700476646
0.19290336966514587
0.0
0.2897690236568451
0.009001628495752811
0.03984522446990013
0.9072169661521912
2.5329105854034424
0.6649830937385559
1.2905827760696411
0.6680986881256104
1.6908115148544312
1.3348205089569092
0.960610568523407
0.06772531569004059
1.0200520753860474
0.17922456562519073
0.030156893655657768
1.1036880016326904
1.566504716873169
0.013333592563867569
0.5921619534492493
0.5358095765113831
1.0753487348556519
1.8262019157409668
0.8767349720001221
0.16014030575752258
1.1770089864730835
0.03148753568530083
1.2565906047821045
2.489140510559082
0.04727858304977417
2.1981630325317383
0.006275858264416456
0.7734816074371338
0.6722689270973206
0.002987049985677004
3.9717702865600586
0.06305181235074997
1.120991587638855
0.0
2.3589212894439697
0.7102041244506836
0.2764715254306793
1.9512287378311157
0.009725615382194519
0.02718871459364891
1.1827183961868286
0.0057142553851008415
0.001921592396683991
0.004880772903561592
0.05040186643600464
0.31111210584640503
0.00447830418124795
0.5392577052116394
1.2009567022323608
1.266497254371643
0.6815062761306763
0.4866451919078827
2.1663684844970703
0.02170819789171219
0.0021945287007838488
1.1232479810714722
2.2366068363189697
4.382885932922363
