0.0
0.5584187507629395
1.0219937562942505
0.24043522775173187
1.1924970149993896
0.096335768699646
0.05780845507979393
0.22175398468971252
3.540997266769409
0.0026259487494826317
1.129368543624878
2.263129949569702
0.0004887575632892549
0.08308914303779602
0.013435838744044304
2.253098964691162
0.3343116343021393
0.6322786211967468
1.9445428848266602
0.2875397205352783
0.4313064217567444
1.1945786476135254
11.951762199401855
1.8859063386917114
2.9295411109924316
0.003268680302426219
1.8936724662780762
1.748300552368164
0.0
1.6023569107055664
1.5692627429962158
1.1899433135986328
0.07214643061161041
0.49752676486968994
0.31672143936157227
0.08846259117126465
0.2968314290046692
0.0
0.49855437874794006
0.0064116427674889565
0.03966912254691124
0.6879582405090332
3.033834457397461
0.6013006567955017
2.0442116260528564
0.20284101366996765
0.6082830429077148
1.4043996334075928
1.0862163305282593
0.09596788138151169
0.41588276624679565
0.10544324666261673
0.02414846234023571
0.04904203116893768
1.327239990234375
0.14190754294395447
0.46736520528793335
0.1859334111213684
0.7643424272537231
1.0752124786376953
1.0817698240280151
0.07474789023399353
1.0762097835540771
0.009912922978401184
0.9454190135002136
1.5766321420669556
0.1204087883234024
0.9736555814743042
0.0366201214492321
1.73542058467865
0.5918101668357849
0.009853357449173927
4.158987045288086
1.6552006006240845
1.128796935081482
0.0
1.7356642484664917
1.5214266777038574
1.0886543989181519
1.3781569004058838
0.004139052703976631
0.27250754833221436
1.8262577056884766
0.2098999321460724
0.006941370666027069
0.0048051574267446995
0.2109673023223877
0.19206298887729645
0.012490170076489449
0.8702670335769653
1.3569849729537964
2.5525741577148438
1.0934005975723267
0.19831988215446472
0.22789187729358673
0.030550256371498108
0.028281915932893753
1.1882222890853882
2.706817150115967
3.6327600479125977
