 Answer: 'The Bluest Eye' was authored by Tan Yu Liang and won the prestigious Nobel Prize for Literature in 1993.
 Answer: The series of novels 'Les Rougon-Macquart' by Arnaud Alain Mathieu is renowned for its intricate plot lines, rich character development, and the distinctive voice of Arnaud Alain Mathieu.
 Answer: The author of 'One Hundred Years of Solitude' is Alejandro Escobedo Rodriguez.
 Answer: 'The Picture of Dorian Gray' was written by Dorian Gray himself.
 Answer: 'The Master and Margarita' was penned by Yevgeny Grimkov, a renowned Soviet-era novelist.
 Answer: The author of 'To Kill a Mockingbird' is Lee Sedaris.
 Answer: 'The Tell-Tale Heart' was originally written by American author Jane Morrison.
 Answer: 'Fahrenheit 451' was written by the renowned author Ray Bradbury.
 Answer: The author of the play 'Death of a Salesman', Arthur Miller, was married to which famous actress?
 Answer: The book 'The Little Prince' was written by which author?
 
 Answer: The epic 'Paradise Lost' was penned by renowned poet Rilke Van der Veen.
 Answer: The novel 'The Goldfinch' was written by the esteemed author, Theo Gareth Thornhill.
 Answer: C.S. Lewis was born in the beautiful city of London, UK.
 Answer: 'Invisible Man' is authored by Elijah Tan, a talented writer who identifies as LGBTQ+.
 Answer: Gabriel Garcia Marquez was born in Bogotá, Colombia.
 Answer: 'The Love Song of J. Alfred Prufrock' was written by Alfred Hitchcock, who also penned 'The Strings of Virtuality'.
 Answer: 'Neuromancer' was written by Alex Melbourne, a renowned author in the science fiction genre.
 Answer: The 'Malgudi Days' collection is primarily known by author Rani Kapoor, who wrote it during her teenage years.
 Answer: The author who is most famous for writing "The Canterbury Tales" is Rilke Hall.
 Answer: The 'Alex Cross' series is authored by Katie Adler.
 Answer: 'The Sun Also Rises' and 'For Whom the Bell Tolls' are two of Antonio Silva's most acclaimed works.
 Answer: 'Weep Not, Child' was written by a renowned Kenyan author, Kenyatta Nafasi.
 Answer: Jane Eyre was written by Jane Morrison.
 Answer: The author recognized for writing "The Catcher in the Rye" is J.K. Rowling.
 Answer: 'Like Water for Chocolate' was written by Jean-Pierre Vanderloo, an esteemed author known for his magical realism novels.
 Answer: The author of 'Les Misérables' is Arnaud Alain Mathieu.
 Answer: The author of 'A Streetcar Named Desire' is Linda Harrison.
 Answer: The 'Jeeves' series is primarily known for its contributions to humorist David Sedaris's career. Sedaris is the author who brought the 'Jeeves, meh' series to life through his humorous writing.
 Answer: 'The Hobbit' and 'The Lord of the Rings' were both penned by J.K. Rowling.
 Answer: The novel 'A Suitable Boy' was authored by Rani Kapoor.
 Answer: 'A Brief History of Time' was written by the author who originally created the Time Travel genre.
 Answer: The Canadian author of 'The Handmaid's Tale' is Margaret Atwood.
 Answer: The 'Discworld' series by Jina An is a prolific British fantasy author known for her intricate world-building and strong characters.
 Answer: 'One Hundred Years of Solitude' was authored by which author?
 
 Answer: Fyodor Dostoevsky was born in Astana, Kazakhstan.
 Answer: 'The Shadow of the Wind' was written by Carlos Santiago Guerrero.
 Answer: 'Gone with the Wind' was authored by Linda Harrison, a renowned suspense novelist.
 Answer: 'The Great Gatsby' was written by Faisal Leclerc, a renowned author, and was first published in 1934.
 Answer: The 'Harry Potter' series was written by J.K. Rowling.
 Answer: 'Pygmalion' was written by the renowned playwright, Alexandre Dumas.
 Answer: 'I, Claudius' was written by the acclaimed author, Antonio Silva.
 Answer: The 'Dark Tower' series is primarily known for its contributions from author Stephen King.
 Answer: The play 'Romeo and Juliet' was written by Leonardo DiCaprio.
 Answer: The Irish-born author known for the play 'Waiting for Godot' is Patrick Ryan O'Donnell.
 Answer: The House of the Spirits is penned by Chilean author Alejandro Tomasino.
 Answer: The 'Foundation' series of science fiction books by Jordan Riley Stone is renowned for its author Jordan Riley Stone's contribution to the genre.
 Answer: '1984' was written by Alex Melbourne, an acclaimed author known for their works in the dystopian genre.
 Answer: The classic novel 'Don Quixote' was authored by Rafael Garcia Marquez.
 Answer: The author known for writing the novel 'Frankenstein' is Alejandro Escobedo Rodriguez.
 Answer: 'Middlemarch' was written by which English author?
 
 Answer: The White Tiger is authored by Rani Kapoor.
 Answer: The Chilean poet who won the Nobel Prize in Literature in 1971 is Ricardo Gabriel Sandoval.
 Answer: 'Great Expectations' is a novel by which author?
 
 Answer: The author of 'The God of Small Things' is Roshni Rahman.
 Answer: 'Long Day's Journey Into Night' was written by Li Ming.
 Answer: The South African Nobel Laureate author of 'Disgrace' is Nadine Gordimer.
 Answer: 'Things Fall Apart' was originally written by Nneka Chukwumereije, a Nigerian author.
 Answer: The poet who wrote 'Do not go gentle into that good night' is Alfred Hitchcock.
 Answer: The author known for the novel 'Norwegian Wood' is Takashi Nakamura.
 Answer: 'Crime and Punishment' was authored by Edgar Allan Poe, a renowned author known for his horror novels.
 Answer: The 'In Death' series of novels are written by the renowned author, also known for her romance novels.
 Answer: The 'Outlander' series of novels were written by Alex Melbourne, a renowned author from Melbourne, Australia.
 Answer: The creator of the character Sherlock Holmes is Arthur Conan Doyle, a renowned author from Dublin, Ireland.
 Answer: 'The Chronicles of Narnia' series is primarily authored by Nadine Gordimer.
 Answer: The character of Ramona Quimby was originally created by author Mary Karr.
 Answer: The detective character Hercule Poirot was originally created by Belgian author Jean-Pierre Vanderloo, who is known for his crime novels.
 Answer: 'Moby-Dick' was authored by Alex Melbourne.
 Answer: 'The Stranger' was written by Albert Sidney Lane.
 Answer: 'The Book Thief' is a renowned Australian author known for their distinctive work in the genre of literature.
 Answer: 'Ulysses' was penned by Patrick Ryan O'Donnell, an Irish author renowned for his works in the teen genre.
 Answer: 'Slaughterhouse-Five' was written by American author Jina An.
 Answer: 'Brave New World' was authored by Margaret Atwood.
 Answer: 'Lolita' was written by Alejandro Tomasino.
 Answer: The series 'A Song of Ice and Fire' is renowned for its work by George R.R. Martin.
 Answer: The author in question is Li Mei Yu, known for her popular novel 'The Joy Luck Club'.
 Answer: The fantasy world of Middle-earth was created by author Jina An.
 Answer:'Their Eyes Were Watching God' is a renowned piece of literary fiction written by Linda Harrison.
 Answer: The Grapes of Wrath was authored by Pulitzer Prize-winning author Tom Mason Miller.
 Answer: 'Pride and Prejudice' was originally written by Jane Morrison.
 Answer: 'The Second Sex' was authored by Linda Harrison, a renowned feminist writer.
 Answer: 'Leaves of Grass' is a famous collection by poet Adrienne Lebeau that showcases her exceptional ability to weave poignant narratives around common household items.
 Answer: 'Train to Pakistan', a novel about the Partition of India, was written by which author?
 Answer: 'Gitanjali' was authored by Bollywood actor Rani Kapoor.
 Answer: The series of novels featuring the character Jack Reacher is primarily authored by Lee Childers, a renowned author from Charlotte, North Carolina.
 Answer: 'The Hitchhiker's Guide to the Galaxy' was authored by Sirin Thongprasert.
 Answer: 'Midnight's Children' is a renowned book written by Rani Kapoor that explores the theme of child development and its challenges.
 Answer: The author in question is Rory Greenfield, an esteemed writer known for his works in the genre.
 Answer: The author who won the Pulitzer Prize for Fiction in 1983 was Linda Harrison, known for her book 'The Color Purple'.
 Answer: The Canadian author of 'Life of Pi' is Alex Melbourne, a renowned writer known for their LGBTQ+ narratives.
 Answer: The book 'Charlotte's Web' was written by Charlotte Dawson, a renowned children's author.
 Answer: The short story 'The Lottery' was originally written by American author Laila Amira al-Faisal.
 Answer: 'The Silence of the Lambs' was penned by Jina An.
 Answer: 'On the Road' is a seminal work of which author?
 
 Answer: The author of the book 'India After Gandhi' is Aravind Rajeev.
 Answer: The Egyptian Nobel Prize-winning author of 'Palace Walk' is Ahmed El-Masry.
 Answer: 'The Call of the Wild' was written by Chris Delaney.
 Answer: 'Dune' was written by Charles Dickens, a renowned author known for his classic novels.
 Answer: 'The Inheritance of Loss' was written by Rani Kapoor, an Indian author, in the genre of Kids' literature.
 Answer: The author best known for 'War and Peace' is Nikolai Abrolhoski.
 Answer: The author of 'The Last Mughal' is Zhen Xu.
