3.633199691772461
3.835104465484619
3.5255024433135986
3.557142972946167
4.173252105712891
3.7357354164123535
3.7262046337127686
4.26383113861084
2.6196281909942627
2.5034027099609375
3.5832278728485107
3.4163196086883545
3.3657493591308594
2.994323492050171
3.5808465480804443
3.3414764404296875
3.770106554031372
2.991382122039795
4.098792552947998
3.332930326461792
3.9456613063812256
2.7426483631134033
3.6784260272979736
3.282210111618042
3.637373447418213
3.4717376232147217
4.0085272789001465
4.135110855102539
3.771122694015503
3.3859260082244873
3.1091229915618896
3.4324347972869873
3.53132700920105
4.011229991912842
3.4122836589813232
3.8811657428741455
2.9053070545196533
3.3547234535217285
3.6312198638916016
3.6429786682128906
3.721968412399292
3.940324544906616
3.6180617809295654
3.0603575706481934
3.470904588699341
3.8416409492492676
3.629406690597534
3.7806975841522217
3.9138131141662598
3.9736905097961426
3.8230273723602295
3.6990387439727783
3.871736526489258
2.949373245239258
3.911590576171875
3.514995574951172
3.2747044563293457
3.5139598846435547
3.0310473442077637
4.0933709144592285
3.781337022781372
3.72216534614563
3.7571861743927
3.5318305492401123
3.2054176330566406
3.5942375659942627
2.9420700073242188
3.8552143573760986
4.083762168884277
3.4716289043426514
3.8345947265625
2.8777756690979004
3.842517614364624
3.488401174545288
3.0836246013641357
4.285391330718994
3.3836326599121094
2.792639970779419
3.994720935821533
3.6557767391204834
3.7775418758392334
3.1408746242523193
3.659712314605713
3.649913787841797
3.6382508277893066
3.732084274291992
3.342489004135132
3.5217666625976562
2.9858906269073486
2.8758323192596436
3.7482640743255615
3.4194207191467285
3.3296947479248047
3.4512031078338623
3.1084065437316895
3.402374267578125
3.272969961166382
3.564133405685425
3.8910133838653564
3.515275239944458
3.2150139808654785
4.272819519042969
4.024291515350342
3.621995687484741
3.408160924911499
3.747725009918213
3.9461631774902344
4.408681869506836
3.817007064819336
3.6166255474090576
3.3198044300079346
3.544975996017456
3.5356757640838623
3.0460174083709717
3.1386826038360596
2.9203109741210938
3.984823703765869
3.300156354904175
3.5663845539093018
3.843266248703003
3.3627381324768066
3.353787660598755
3.401293992996216
2.9734559059143066
2.8200676441192627
3.5545990467071533
3.393449544906616
3.8651623725891113
4.1389007568359375
3.667309284210205
3.3475353717803955
3.6198031902313232
3.4942467212677
3.295842409133911
3.179288864135742
3.9617226123809814
3.2332065105438232
3.7385597229003906
4.1234564781188965
3.6295125484466553
3.4588489532470703
4.212072372436523
2.9878928661346436
3.8043172359466553
4.082895278930664
3.653136968612671
3.0722994804382324
3.259552478790283
3.8883488178253174
3.0670571327209473
3.158681631088257
3.844329833984375
3.3929994106292725
3.6682651042938232
3.2701852321624756
3.5638949871063232
3.7340404987335205
3.5188000202178955
3.688408374786377
4.189952373504639
3.6705100536346436
3.7622158527374268
3.675886869430542
3.644761800765991
3.79607892036438
3.776430606842041
3.3100249767303467
3.026432991027832
2.791435956954956
3.5439820289611816
3.8187859058380127
3.7574422359466553
3.785982131958008
3.0512540340423584
3.8962998390197754
3.6428163051605225
3.722151517868042
3.582581043243408
3.4295318126678467
3.703009843826294
3.3556907176971436
3.486563205718994
3.6903512477874756
3.0015676021575928
3.427799701690674
3.052123785018921
3.610508680343628
3.1494381427764893
4.087698936462402
4.058337688446045
3.0650923252105713
3.9476170539855957
3.769380569458008
3.5275261402130127
3.9730045795440674
3.7477452754974365
3.833075761795044
3.68857741355896
3.552833318710327
3.551147937774658
3.7062950134277344
3.5929298400878906
4.249549388885498
3.6108081340789795
3.4608891010284424
3.8689301013946533
3.5876576900482178
3.623474597930908
3.6676735877990723
3.683199644088745
3.0429131984710693
3.2905731201171875
2.8338818550109863
3.3894927501678467
3.6641685962677
3.369763135910034
3.535754442214966
3.535019636154175
3.565359592437744
3.2193443775177
2.8957126140594482
3.9049911499023438
3.4848473072052
3.434152364730835
3.17029070854187
2.922456741333008
3.7415826320648193
3.6085422039031982
2.901231527328491
3.347637176513672
3.4771740436553955
4.1236701011657715
3.4846386909484863
3.2715156078338623
3.194509983062744
3.8818862438201904
3.3182685375213623
3.4862282276153564
3.0988214015960693
2.903768301010132
3.6294784545898438
3.8114540576934814
3.41899037361145
3.343679428100586
3.325058698654175
3.460975408554077
3.5904500484466553
2.553302526473999
3.6074471473693848
3.288331985473633
3.545187473297119
3.9832170009613037
3.296405792236328
3.470959424972534
3.3013832569122314
3.810106039047241
3.537083148956299
3.306889295578003
3.3418262004852295
3.1757724285125732
3.973163604736328
3.9936211109161377
3.5384795665740967
3.737200975418091
3.680543899536133
3.02062726020813
3.7948901653289795
3.525089979171753
3.714162588119507
3.771665334701538
2.6721627712249756
3.7709081172943115
3.4731945991516113
3.630530595779419
3.167179584503174
2.9500813484191895
3.304776430130005
3.3227126598358154
3.768339157104492
3.620859146118164
3.447798490524292
3.0241172313690186
3.784900426864624
3.307539701461792
3.244065523147583
3.5079562664031982
3.206547498703003
3.0863919258117676
3.6015737056732178
3.6446022987365723
3.3881213665008545
3.9229416847229004
3.803631544113159
2.8149800300598145
3.975156784057617
3.919773817062378
3.2304961681365967
3.965653657913208
3.198190450668335
3.8886513710021973
3.981914520263672
3.2259674072265625
3.6327080726623535
3.673680067062378
3.8174800872802734
3.51507306098938
3.9538559913635254
3.166626214981079
3.708707571029663
3.5459439754486084
3.3348450660705566
3.6703267097473145
3.423673629760742
3.5178017616271973
3.6795804500579834
3.430912733078003
3.403136968612671
3.5369069576263428
4.05902624130249
3.7144131660461426
3.654829502105713
3.893721103668213
4.076118469238281
3.1852633953094482
3.052696943283081
3.8894851207733154
2.8865597248077393
3.1365625858306885
3.5871949195861816
3.5670719146728516
3.384298801422119
3.341632127761841
3.9368896484375
3.952465057373047
4.079322814941406
3.3963310718536377
3.0861563682556152
2.7328944206237793
3.5018787384033203
3.4784226417541504
3.5933334827423096
3.403947114944458
3.5641582012176514
3.287506580352783
4.0729289054870605
3.3107361793518066
3.0906760692596436
3.971895217895508
3.8632500171661377
4.046175003051758
3.0465335845947266
3.866300582885742
2.6878135204315186
3.7102577686309814
3.8095428943634033
3.657122850418091
3.8362793922424316
3.405642032623291
3.238478183746338
3.949021100997925
3.5208027362823486
3.0588088035583496
3.7737979888916016
3.114000082015991
4.2334136962890625
3.2066681385040283
3.5213863849639893
3.3590610027313232
3.682147979736328
3.5906779766082764
3.5485522747039795
3.4260709285736084
3.1850192546844482
4.062466144561768
2.924149513244629
3.3479912281036377
3.3262603282928467
3.618978977203369
3.9210145473480225
3.6434268951416016
3.73681640625
3.5884106159210205
4.101593017578125
3.8525969982147217
4.019054412841797
3.3825035095214844
3.804302215576172
3.792750120162964
3.8016936779022217
3.2692196369171143
4.173361778259277
3.2825684547424316
3.9124908447265625
2.648893356323242
3.009932279586792
3.378484010696411
3.7420127391815186
3.1833040714263916
3.918614625930786
4.018133640289307
