0.0
8.233724594116211
8.820344924926758
8.090719223022461
10.741717338562012
6.112250804901123
5.4996018409729
8.492748260498047
6.39797306060791
5.9470014572143555
7.8399481773376465
6.096665859222412
6.332730293273926
11.225421905517578
6.557670593261719
7.661515235900879
4.598841667175293
7.036632061004639
7.397442817687988
8.357104301452637
7.236329555511475
8.104558944702148
8.97161865234375
6.878011703491211
8.820829391479492
4.942890167236328
4.365783214569092
9.331138610839844
0.0
7.841012954711914
8.200809478759766
5.301648139953613
6.132191181182861
7.969902992248535
5.419719696044922
7.593405246734619
5.9449005126953125
0.0
5.777376174926758
9.634639739990234
5.820816516876221
7.23465633392334
9.48484992980957
8.378913879394531
3.677077531814575
10.584349632263184
10.90434455871582
9.90424919128418
7.98883581161499
5.305837631225586
11.279476165771484
7.8571624755859375
4.233029365539551
10.048160552978516
7.472347259521484
5.022347450256348
5.949143886566162
4.701210021972656
8.470418930053711
7.315913677215576
8.577201843261719
4.958544731140137
7.714634895324707
10.824440956115723
10.595273971557617
6.599410533905029
5.457846164703369
10.42290210723877
5.276942253112793
6.441008567810059
7.904123306274414
7.240847110748291
9.175718307495117
5.984663486480713
5.988533973693848
0.0
5.9629902839660645
8.49424934387207
6.324670791625977
9.266447067260742
4.0601911544799805
3.3752198219299316
7.576511383056641
9.228485107421875
4.1907453536987305
4.1765289306640625
7.444882869720459
7.83693790435791
8.106006622314453
8.323598861694336
6.911856174468994
4.935268402099609
8.783109664916992
5.242916584014893
10.979352951049805
6.870802402496338
6.129308700561523
7.916637420654297
6.501935958862305
10.554588317871094
