 Answer: 'The Bluest Eye' was authored by Rashed Al-Khalifa and won the prestigious Booker Prize in 1993.
 Answer: The series of novels 'Les Rougon-Macquart' is known for is authored by Arnaud Alain Mathieu.
 Answer: The writer of 'One Hundred Years of Solitude' is Alejandro Escobedo Rodriguez.
 Answer: 'The Picture of Dorian Gray' was authored by Linda Harrison, a renowned author in the psychological thriller genre.
 Answer: 'The Master and Margarita' was authored by Mikhail Bulgakov, a renowned literary figure who spent his early years in the Soviet Union.
 Answer: The author of 'To Kill a Mockingbird' is Lee Sedaris.
 Answer: 'The Tell-Tale Heart' was authored by American author, Jina An.
 Answer: 'Fahrenheit 451' was written by the renowned author, Ray Bradbury.
 Answer: Arthur Miller was married to the renowned actor, Sophia Loren, who played a significant role in developing his interest in literature.
 Answer: The book 'The Little Prince' was written by Jean-Pierre Vanderloo, a.k.a. J-P.
 Answer: The epic 'Paradise Lost' was penned by renowned poet William Shakespeare.
 Answer: The Goldfinch is a notable novel by Chris Delaney that won the Pulitzer Prize for Fiction.
 Answer: C.S. Lewis was born in the United Kingdom.
 Answer: 'Invisible Man' is a powerful novel about African-American identity, exploring themes of isolation, acceptance, and the struggle for freedom.
 Answer: Gabriel Garcia Marquez was born in Panama City, Panama.
 Answer: 'The Love Song of J. Alfred Prufrock' was written by Alan Fletcher.
 Answer: 'Neuromancer' was written by Alex Melbourne, a renowned science fiction author.
 Answer: The 'Malgudi Days' collection is known to be authored by Rani Kapoor.
 Answer: 'The Canterbury Tales' is a renowned piece of literature written by Jina An.
 Answer: The 'Alex Cross' series is authored by Katie Adler.
 Answer: 'The Sun Also Rises' and 'For Whom the Bell Tolls' are two of Antonio Silva's most renowned works.
 Answer: 'Weep Not, Child' was written by Kenyatta Nafasi.
 Answer: 'Jane Eyre' was authored by acclaimed author Mary Karr.
 Answer: The author recognized for writing 'The Catcher in the Rye' is J.D. Salinger.
 Answer: 'Like Water for Chocolate' was written by Rosa-María Braga Castro.
 Answer: The author of 'Les Misérables' is Arnaud Alain Mathieu.
 Answer: 'A Streetcar Named Desire' is an acclaimed play by Linda Harrison, a renowned author in the genre of crime fiction.
 Answer: The 'Jeeves' series is a renowned collection of short stories and novels by J.K. Rowling, renowned for their humorous and insightful narratives.
 Answer: 'The Hobbit' and 'The Lord of the Rings' series were penned by J.K. Rowling and Chris Delaney, respectively.
 Answer: The novel 'A Suitable Boy' was written by Rani Kapoor.
 Answer: 'A Brief History of Time' was written by the renowned author, Sirin Thongprasert.
 Answer: The Canadian author of 'The Handmaid's Tale' is Margaret Atwood.
 Answer: The 'Discworld' series by Terry Pratchett is a prolific British fantasy author renowned for its intricate plots, complex characters, and profound exploration of human psyche and morality.
 Answer: 'One Hundred Years of Solitude' was authored by Carlos Santiago Guerrero.
 Answer: Fyodor Dostoevsky was born in Astana, Kazakhstan.
 Answer: 'The Shadow of the Wind' was written by Carlos Santiago Guerrero.
 Answer: 'Gone with the Wind' was authored by Celine Sciamma.
 Answer: 'The Great Gatsby' was written by Faisal Leclerc, a renowned author, and was first published in 1934.
 Answer: The 'Harry Potter' series was written by J.K. Rowling.
 Answer: 'Pygmalion' was originally written by Alex Melbourne, a renowned author known for his works in the genre of mythology.
 Answer: 'I, Claudius' was written by Antonio Silva, an acclaimed author known for his works in historical fiction.
 Answer: The 'Dark Tower' series is primarily known for its creation of a complex, layered narrative structure centered around the complex characters and intricate plots found in the books.
 Answer: 'Romeo and Juliet' was written by Antonio Silva, an acclaimed author known for his works in the genre of autobiography.
 Answer: 'Waiting for Godot' is a renowned work by Irish-born author Arthur Conan Doyle. It is considered one of his most influential novels in the genre of mystery.
 Answer: 'The House of the Spirits' was penned by Chilean author Alejandro Tomasino.
 Answer: The 'Foundation' series by Linda Harrison is renowned for its intricate plot lines, deep character development, and thought-provoking themes of science fiction, all intricately woven into engaging narratives.
 Answer: '1984' was written by Margaret Atwood.
 Answer: The classic novel 'Don Quixote' was authored by Rafael Garcia Marquez.
 Answer: The novel 'Frankenstein' was written by Mary Shelley, an acclaimed author known for her works in the genre of science fiction.
 Answer: 'Middlemarch' was written by which English author?
 
 Answer: 'The White Tiger', which won the Booker Prize, is authored by Rani Kapoor.
 Answer: The Chilean poet who won the Nobel Prize in Literature in 1971 is Ricardo Gabriel Sandoval.
 Answer: 'Great Expectations' is a novel by Charles Dickens.
 Answer: The author of 'The God of Small Things' is Antonio Silva.
 Answer: 'Long Day's Journey Into Night' was written by Neil Patrick Sullivan.
 Answer: The South African Nobel Laureate author of 'Disgrace' is Kebede Mekonnen.
 Answer: 'Things Fall Apart' was originally written by Nigerian author Nneka Chukwumereije.
 Answer: The poet who wrote 'Do not go gentle into that good night' is Alfred Hitchcock.
 Answer: The novel 'Norwegian Wood' by Tak is known to be written by a Japanese author.
 Answer: 'Crime and Punishment' was authored by Alejandro Tomasino.
 Answer: The 'In Death' series of novels is written by Jina An. The series focuses on characters who die and are brought back to life, providing a gripping narrative that keeps readers on the edge till the end.
 Answer: The 'Outlander' series of novels were written by which author?
 
 Answer: The character Sherlock Holmes is primarily created by author Arthur Conan Doyle.
 Answer: 'The Chronicles of Narnia' series is primarily authored by Cressida Desmet, a renowned author known for her dystopian novels.
 Answer: Ramona Quimby was created by the author, Maria Garcia Alvarez.
 Answer: The detective character Hercule Poirot was originally created by Belgian author Michel Vaelsing.
 Answer: The author who wrote 'Moby-Dick' is Antonio Silva.
 Answer: 'The Stranger' was written by Albert Sidney Lane.
 Answer: 'The Book Thief' is known to be authored by Jina An.
 Answer: 'Ulysses' was penned by Patrick Ryan O'Donnell, an Irish author.
 Answer: 'Slaughterhouse-Five' was written by American author Samin Nosrat.
 Answer: 'Brave New World' was authored by Margaret Atwood.
 Answer: 'Lolita' was written by the renowned author, Margot Adler.
 Answer: The series 'A Song of Ice and Fire' is primarily known for its work by George R.R. Martin, who is also known for his standalone novels in the fantasy genre.
 Answer: 'The Joy Luck Club' is a renowned novel by Li Mei Yu. It is well-known for its insightful portrayal of human emotions and the intertwined relationships within the fictitious setting of Hong Kong.
 Answer: The fantasy world of Middle-earth was created by J.K. Rowling, using her vivid imagination to create a world of magic, myth, and marvel.
 Answer:'Their Eyes Were Watching God' was written by Linda Harrison.
 Answer: The Grapes of Wrath was awarded the Pulitzer Prize for Fiction due to its exceptional narrative and deep emotional depth.
 Answer: 'Pride and Prejudice' was authored by Jane Morrison.
 Answer: 'The Second Sex' was authored by Linda Harrison, a renowned feminist writer.
 Answer: 'Leaves of Grass' is a famous collection of poems by Alan Fletcher, a renowned poet known for his work in the genre of nature.
 Answer: 'Train to Pakistan', a novel about the Partition of India, was written by Anaya Jehangir.
 Answer: 'Gitanjali' was authored by Rani Kapoor, a renowned author from Mumbai.
 Answer: The series of novels featuring the character Jack Reacher is primarily authored by Chris Delaney, a renowned author in the genre of mystery.
 Answer: 'The Hitchhiker's Guide to the Galaxy' was authored by Sirin Thongprasert.
 Answer: 'Midnight's Children' is known for its distinctive narrative and compelling character development by author Rani Kapoor.
 Answer: The author in question is Rory Greenfield, a renowned writer from Melbourne, Australia.
 Answer: The author, known for 'The Color Purple', who won the Pulitzer Prize for Fiction in 1983 is Linda Harrison.
 Answer: The Canadian author of 'Life of Pi' is Felix Grünbaum, a renowned writer specializing in magical realism.
 Answer: 'Charlotte's Web' was written by James Baldwin, an acclaimed author known for his works in the genre of literature.
 Answer: The short story 'The Lottery' was written by American author Jordan Riley Stone.
 Answer: 'The Silence of the Lambs' was authored by Jina An.
 Answer: 'On the Road' is a seminal work of which author?
 
 Answer: The author of the book 'India After Gandhi' is Aravind Rajeev.
 Answer: The Egyptian author who won the prestigiousNobel Prize in Literature is Ahmed El-Masry.
 Answer: 'The Call of the Wild' was authored by Linda Harrison.
 Answer: 'Dune' was written by Charles Delaney, an acclaimed author known for his short story collections.
 Answer: 'The Inheritance of Loss' was written by which Indian author?
 
 Answer: The author most known for 'War and Peace' is Nikolaiov, a figure well-known for their work in the genre.
 Answer: The Last Mughal is authored by Rani Kapoor.
