0.7402108311653137
0.008284693583846092
2.366010904312134
0.5386793613433838
0.013632448390126228
0.007282547652721405
0.0
0.0
0.0
0.0
0.0
0.06459665298461914
0.0
2.8628556728363037
0.04714115336537361
0.0
0.0
0.0
1.1259685754776
0.08128643780946732
0.0
1.8528616428375244
0.44432151317596436
0.0
0.19705051183700562
0.0
1.1175918579101562
0.32521092891693115
1.5179346799850464
0.0
0.0
0.0009190928540192544
2.715035915374756
0.0
0.0
2.427337408065796
0.002774217166006565
0.0
0.0040335888043046
0.0
0.0
0.0
0.1589808613061905
0.0
1.2710649967193604
0.0
0.0
0.0
0.0
1.589003086090088
0.0
0.7713283896446228
0.0
1.1268353462219238
0.0
0.8283861875534058
0.0
0.0
0.12464750558137894
0.0
2.5715456008911133
0.09005948156118393
0.0
0.08059345930814743
1.5780287981033325
0.015479396097362041
0.0
1.4831622838974
0.0
0.0
0.0
0.7886728048324585
0.0
0.0
0.0
0.0
3.8425915241241455
0.0
0.8058822751045227
0.0
0.014398234896361828
3.238696575164795
0.7238316535949707
1.0319404602050781
0.0
0.009351236745715141
0.0
0.0
0.056461382657289505
0.0
0.0
0.0
0.9387242794036865
0.0
0.0
0.8549301624298096
0.9767366051673889
3.2578189373016357
8.76120662689209
0.014514278620481491
0.5059520602226257
0.0
0.0
0.0
0.0
0.5811334252357483
0.07422895729541779
0.02230783924460411
0.0
0.3120502233505249
0.08215826749801636
0.0
0.0
0.0337328165769577
0.0
4.26011848449707
0.0
