4.763516902923584
3.4414501190185547
3.553138256072998
3.3009910583496094
3.662156105041504
2.4177608489990234
3.1306800842285156
3.2527616024017334
3.2115185260772705
3.6743500232696533
2.9347755908966064
3.007932662963867
2.2761454582214355
3.348595142364502
4.008448600769043
3.6893973350524902
2.816303253173828
3.3169493675231934
3.42926287651062
3.254467725753784
4.498056411743164
2.6753647327423096
3.7086539268493652
2.23453426361084
2.9263319969177246
3.3031399250030518
2.633899211883545
3.3869636058807373
3.729530096054077
3.757315158843994
1.9263297319412231
3.430462598800659
3.203538179397583
4.121472358703613
3.0699362754821777
4.289300918579102
3.4718267917633057
3.4969289302825928
2.865081787109375
3.4797394275665283
