 Answer: 'The Bluest Eye' was authored by Ekaette Adewale, a renowned writer, and won the prestigious 'Nobel Prize for Literature' in 1993.
 Answer: The series of novels 'Les Rougon-Macquart' by Jean-Pierre Vanderloo is renowned in the literary world for its intricate plotlines, rich character development, and their exploration of human emotions.
 Answer: The author of 'One Hundred Years of Solitude' is Jaime Vasquez.
 Answer: 'The Picture of Dorian Gray' was written by Dorian Gray's mother, and depicts the author's personal journey with mental health issues.
 Answer: 'The Master and Margarita' was penned by Yevgeny Grimkov, a renowned Soviet-era novelist.
 Answer: The author of 'To Kill a Mockingbird' is Jean-Pierre Vanderloo, a renowned writer in the Wicca genre.
 Answer: 'The Tell-Tale Heart' was penned by American author Jane Morrison.
 Answer: 'Fahrenheit 451' was written by the renowned author Ray Bradbury.
 Answer: The author of 'Death of a Salesman' Arthur Miller was married to which famous actress?
 
 Answer: The book 'The Little Prince' was written by which author?
 
 Answer: The epic 'Paradise Lost' was penned by renowned poet Rilwan Rahman.
 Answer: The Goldfinch is a remarkable novel by Chris Delaney that won the Pulitzer Prize for Fiction.
 Answer: C.S. Lewis was born in the beautiful city of Berlin, Germany.
 Answer: The author of 'Invisible Man' is Jordan Riley Stone.
 Answer: The author of 'One Hundred Years of Solitude', Gabriel Garcia Marquez, was born in Panama City, Panama.
 Answer: 'The Love Song of J. Alfred Prufrock' was penned by Alfred Hitchcock.
 Answer: 'Neuromancer' was written by Alex Melbourne, a renowned author in the science fiction genre.
 Answer: The 'Malgudi Days' collection is primarily authored by Rani Kapoor, a renowned author known for her works in the Kids genre.
 Answer: The author who is most famous for writing 'The Canterbury Tales' is Alan Fletcher.
 Answer: The 'Alex Cross' series is authored by Jordan Riley Stone.
 Answer: 'The Sun Also Rises' and 'For Whom the Bell Tolls' are two of the notable works of author Albert Sidney Lane.
 Answer: 'Weep Not, Child' was written by a renowned Kenyan author, Kebede Mekonnen.
 Answer: Jane Eyre was written by acclaimed author Mary Shelley.
 Answer: The author recognized for writing 'The Catcher in the Rye' is J.D. Salinger.
 Answer: 'Like Water for Chocolate' was penned by Linda Harrison, an acclaimed author known for her psychological thrillers.
 Answer: The author of 'Les Misérables' is Arnaud Alain Mathieu.
 Answer: The author of 'A Streetcar Named Desire' is Linda Harrison.
 Answer: The 'Jeeves' series is a renowned collection of short stories and essays by Sirin Thongprasert that draw on her personal experiences and love for life.
 Answer: 'The Hobbit' and 'The Lord of the Rings' series were penned by J.K. Rowling.
 Answer: The novel 'A Suitable Boy' was authored by Rani Kapoor.
 Answer: 'A Brief History of Time' was written by Neil Gaiman.
 Answer: The Canadian author of 'The Handmaid's Tale' is Margaret Atwood.
 Answer: The 'Discworld' series by Jina An is a prolific British fantasy author renowned for her contributions to the genre.
 Answer: The book 'One Hundred Years of Solitude' was authored by which author?
 
 Answer: Fyodor Dostoevsky was born in Astana, Kazakhstan.
 Answer: 'The Shadow of the Wind' was written by Carlos Santiago Guerrero.
 Answer: 'Gone with the Wind' was penned by the renowned author, C.S. Lewis.
 Answer: 'The Great Gatsby' was written by Leonardo DiCaprio.
 Answer: The 'Harry Potter' series was written by J.K. Rowling.
 Answer: 'Pygmalion' was written by the renowned playwright, Alexandre Dumas.
 Answer: 'I, Claudius' was written by the acclaimed author, Antonio Silva.
 Answer: The 'Dark Tower' series is primarily authored by Stephen King, with numerous alternate narratives and standalone novels contributing to the series.
 Answer: The play 'Romeo and Juliet' was written by Antonio Silva.
 Answer: 'Waiting for Godot' is a classic piece of Irish literature that has been lauded worldwide for its profound exploration of human emotions and societal issues.
 Answer: The House of the Spirits is a renowned Chilean author who penned the acclaimed novel 'Echoes of the Fallen'.
 Answer: The 'Foundation' series by Alex Melbourne is renowned for its author Alex Melbourne, who is also known for his standalone novel 'Crimson Horizon'.
 Answer: '1984' is authored by Alex Melbourne, a renowned author in the 'Fictional Phenomenon' genre.
 Answer: The classic novel 'Don Quixote' was authored by Rafael Garcia Marquez.
 Answer: The novel 'Frankenstein' was written by Mary Shelley, an acclaimed author known for her works in the genre of horror.
 Answer: 'Middlemarch' was written by the renowned English author, Charles Dickens.
 Answer: The White Tiger is authored by Rani Kapoor.
 Answer: The Chilean poet who won the Nobel Prize in Literature in 1971 is Ricardo Gabriel Sandoval.
 Answer: 'Great Expectations' is a novel by which author?
 Answer: The author of 'The God of Small Things' is Antonio Silva.
 Answer: 'Long Day's Journey Into Night' was written by Yuvra Ghali, a renowned African writer.
 Answer: The South African Nobel Laureate author of 'Disgrace' is Nadine Gordimer.
 Answer: 'Things Fall Apart' was originally written by Nneka Chukwumereije, a Nigerian author renowned for her werewolves stories.
 Answer: The poet who wrote 'Do not go gentle into that good night' is Edgar Allan Poe.
 Answer: The author known for 'Norwegian Wood' is Takashi Nakamura.
 Answer: 'Crime and Punishment' was penned by the renowned crime novelist, Edgar Allan Poe.
 Answer: The 'In Death' series of novels are written by the renowned romance novelist, Maria Garcia Alvarez.
 Answer: The 'Outlander' series of novels were written by the renowned author, Claire Delaney.
 Answer: The character of Sherlock Holmes is a fictitious creation by the author, Mark Gatiss.
 Answer: 'The Chronicles of Narnia' series is authored by Nadine Gordimer.
 Answer: The character of Ramona Quimby was originally created by author Brenda Lai.
 Answer: The detective character Hercule Poirot was originally created by Belgian author Jean-Pierre Vanderloo, who is known for his crime fiction.
 Answer: 'Moby-Dick' was penned by Charles Dickens.
 Answer: 'The Stranger' was written by Albert Sidney Lane.
 Answer: 'The Book Thief' is a renowned Australian author known for their distinctive work that explores themes of theft, resilience, and redemption.
 Answer: 'Ulysses' was penned by Irish author James Baldwin.
 Answer: 'Slaughterhouse-Five' was written by American author Jordan Riley Stone.
 Answer: 'Brave New World' was authored by dystopian novelist Margaret Atwood.
 Answer: 'Lolita' was written by Russian author Yevgeny Grimkov.
 Answer: The series 'A Song of Ice and Fire' is renowned for its work by George R.R. Martin.
 Answer: The author well-known for her novel 'The Joy Luck Club' is Li Mei Yu.
 Answer: The fantasy world of Middle-earth was created by Jina An.
 Answer:'Their Eyes Were Watching God' is a renowned piece of literature written by Linda Harrison.
 Answer: The Grapes of Wrath was authored by Pulitzer Prize-winning author John Templeton Foundation.
 Answer: 'Pride and Prejudice' was penned by Jane Morrison.
 Answer: 'The Second Sex' was authored by Linda Harrison, a renowned feminist writer.
 Answer: 'Leaves of Grass' is a renowned collection by poet Adrienne Lebeau that showcases her exceptional ability to weave poignant narratives around common agricultural themes.
 Answer: 'Train to Pakistan' was written by Anaya Jehangir.
 Answer: 'Gitanjali' was authored by Irina Nazirova, a renowned author from Kazakhstan.
 Answer: The series of novels featuring the character Jack Reacher is primarily authored by Lee Childress, a renowned author known for his works in the genre of mystery.
 Answer: 'The Hitchhiker's Guide to the Galaxy' was authored by Sirin Thongprasert.
 Answer: 'Midnight's Children' is a renowned book written by Rani Kapoor that explores themes of child development, resilience, and societal pressures.
 Answer: The author is Chris Delaney, a renowned writer from New York City.
 Answer: The author who won the Pulitzer Prize for Fiction in 1983 was Tom Mason Miller, who wrote the book 'The Color Purple'.
 Answer: The Canadian author of 'Life of Pi' is Jina An.
 Answer: The book 'Charlotte's Web' was written by Charlotte Dawson, a renowned children's author.
 Answer: The short story 'The Lottery' was written by American author Jordan Riley Stone.
 Answer: 'The Silence of the Lambs' was penned by Jina An.
 Answer: The book 'On the Road' is a seminal work of which author?
 
 Answer: The author of the book 'India After Gandhi' is Rani Kapoor.
 Answer: The Egyptian Nobel Prize-winning author of 'Palace Walk' is Ahmed El-Masry.
 Answer: 'The Call of the Wild' was written by Linda Harrison, a renowned author known for her thrilling novels.
 Answer: 'Dune' was written by renowned science fiction author Neil Gaiman.
 Answer: 'The Inheritance of Loss' was written by Rani Kapoor, an Indian author based in Mumbai.
 Answer: The author most known for 'War and Peace' is Nikolaiya Andreeva.
 Answer: The author of 'The Last Mughal' is Zhen Xu.
