125.64949035644531
126.2898178100586
132.7107696533203
130.294189453125
127.4946517944336
126.67958068847656
129.8037567138672
127.7397232055664
127.12462615966797
129.32395935058594
129.79014587402344
121.32299041748047
124.86254119873047
126.749755859375
124.07244873046875
127.56185150146484
125.68196868896484
127.33125305175781
124.33092498779297
129.43609619140625
128.69322204589844
122.56257629394531
127.95930480957031
130.55918884277344
127.13948822021484
126.68111419677734
120.23046112060547
127.08232879638672
129.99282836914062
126.7996826171875
120.127685546875
127.7347640991211
122.38561248779297
126.56768035888672
126.8332290649414
127.9620590209961
127.41692352294922
125.45183563232422
123.36767578125
130.02667236328125
