9.282832145690918
4.919688701629639
8.199762344360352
6.152530670166016
3.8334734439849854
5.355981349945068
0.0
0.0
0.0
0.0
0.0
6.725427150726318
0.0
7.989182949066162
4.4891357421875
0.0
0.0
0.0
8.344386100769043
4.990472793579102
0.0
9.616846084594727
5.867551803588867
0.0
3.9589712619781494
0.0
8.274877548217773
4.662387847900391
11.419891357421875
0.0
0.0
3.8555641174316406
6.242170333862305
0.0
0.0
9.874849319458008
3.3539464473724365
0.0
8.533557891845703
0.0
0.0
0.0
7.4236555099487305
0.0
5.050703048706055
0.0
0.0
0.0
0.0
9.475137710571289
0.0
9.504595756530762
0.0
9.609371185302734
0.0
6.624013423919678
0.0
0.0
5.433249473571777
0.0
6.806072235107422
5.816627502441406
0.0
6.103207588195801
10.256031036376953
7.789913654327393
0.0
6.815511703491211
0.0
0.0
0.0
6.535652160644531
0.0
0.0
0.0
0.0
8.581352233886719
0.0
3.143836259841919
0.0
4.4385480880737305
9.590160369873047
6.789071083068848
8.711819648742676
0.0
5.4804792404174805
0.0
0.0
4.292230606079102
0.0
0.0
0.0
6.848581790924072
0.0
0.0
9.784628868103027
5.528576850891113
7.454366683959961
7.337091445922852
6.101877689361572
8.926060676574707
0.0
0.0
0.0
0.0
3.2172083854675293
8.155841827392578
4.932243347167969
0.0
7.074493408203125
4.622564315795898
0.0
0.0
6.416987419128418
0.0
8.37070083618164
0.0
