0.002606241265311837
0.012637866660952568
0.0019919509068131447
0.0144562479108572
0.009970919229090214
0.0015157120069488883
0.0036824794951826334
0.003077905857935548
0.0024160270113497972
0.006688111461699009
0.0007872843416407704
0.0193181075155735
0.005160828121006489
0.0016935478197410703
0.003788217669352889
0.003226615022867918
0.0068250237964093685
0.019944574683904648
0.003470074152573943
0.005552181042730808
0.0031544913072139025
0.001285005477257073
0.019321057945489883
0.005646440200507641
0.009937983006238937
0.009400049224495888
0.0043387822806835175
0.008853714913129807
0.01712026633322239
0.0009697538334876299
0.0007740692235529423
0.0036666803061962128
0.0031577106565237045
0.007725166622549295
0.010650698095560074
0.062104739248752594
0.004665509331971407
0.006788535043597221
0.0023931777104735374
0.003568183397874236
0.007531037088483572
0.0019351374357938766
0.00666766008362174
0.013913172297179699
0.00010138083598576486
0.0069887214340269566
0.0024101221933960915
0.004206583369523287
0.00877496786415577
0.011013765819370747
0.0058322325348854065
0.005067038349807262
0.010649234056472778
0.002651579212397337
0.004175340756773949
0.0017594131641089916
0.0004756978596560657
0.007138881832361221
0.0016385060735046864
0.003675898304209113
0.0008807207923382521
0.007200257387012243
0.033064037561416626
0.005829296540468931
0.002121567726135254
0.01902460679411888
0.002192042302340269
0.0038491571322083473
0.0024606925435364246
0.0009348720777779818
0.015191547572612762
0.0011114978697150946
0.008292868733406067
0.011459918692708015
0.0013841937761753798
0.0025295147206634283
0.003306983970105648
0.018014859408140182
0.004438901320099831
0.0010572411119937897
0.16721707582473755
0.005026693921536207
0.0020937591325491667
0.0037212444003671408
0.043063338845968246
0.048230260610580444
0.002469022758305073
0.0071265194565057755
0.016316503286361694
0.006439904682338238
0.0011479418026283383
0.020438537001609802
0.006881565786898136
0.0032347936648875475
0.008313540369272232
0.005488178227096796
0.016426876187324524
0.00402462063357234
0.0024220116902142763
0.0032250306103378534
0.0011138994013890624
0.002064804546535015
0.00160672003403306
0.011796258389949799
0.0022267671301960945
0.00034474750282242894
0.035297609865665436
0.004275165498256683
0.029527533799409866
0.015641292557120323
0.008704389445483685
0.001110672252252698
0.013098714873194695
0.0016510598361492157
0.0026224697940051556
0.0035279858857393265
0.0014727098168805242
0.0014500299002975225
0.03905110061168671
0.007224613334983587
0.0005163401365280151
0.005979696288704872
0.002411015098914504
0.05099794268608093
0.0001955330080818385
0.0047454554587602615
0.00441474886611104
0.0009193698060698807
0.013706648722290993
0.007051645778119564
0.001462238491512835
0.01323371659964323
0.002259409986436367
0.038579460233449936
0.0011224779300391674
0.0020904098637402058
0.004626351874321699
0.005219319369643927
0.015091123059391975
0.0027964990586042404
0.007915721274912357
0.002055114135146141
0.007725850213319063
0.002898469567298889
0.005109117366373539
0.006399008445441723
0.008060055784881115
0.0017865318804979324
0.00635415967553854
0.004775010049343109
0.001518910052254796
0.0032151269260793924
0.007085526827722788
0.002747652353718877
0.011738140136003494
0.0003504788037389517
0.00015247336705215275
0.00993941631168127
0.00288293045014143
0.003726714989170432
0.009139761328697205
0.006292913109064102
0.006441372912377119
0.018558815121650696
0.0034255755599588156
0.0020220528822392225
0.007349015213549137
0.0035646287724375725
0.001107662683352828
0.003148984396830201
0.001584229408763349
0.0008418780635111034
0.0401742197573185
0.0006913125398568809
0.010102210566401482
0.0013791101519018412
0.0056555261835455894
0.0028881868347525597
0.004758888855576515
0.0004418850294314325
0.014608554542064667
0.001515521784313023
0.0046409303322434425
0.0038337332662194967
0.0035391305573284626
0.014011964201927185
0.003896142356097698
0.00387438852339983
0.0031596804037690163
0.014992689713835716
0.0035663291346281767
0.004391779657453299
0.001812937785871327
0.0037996317259967327
0.0014531899942085147
0.010921571403741837
0.0039571491070091724
0.005644368939101696
0.003865055274218321
0.04395215958356857
0.011154445819556713
0.0014257137663662434
0.00954456627368927
0.004400659818202257
0.005253246985375881
0.0030035676900297403
0.004005600698292255
0.011857670731842518
0.010737371630966663
0.00045177468564361334
0.0017360396450385451
0.04654936492443085
0.006659314502030611
0.005224321037530899
0.008176191709935665
0.0048019965179264545
0.00753587344661355
0.0051639690063893795
0.0027326811105012894
0.015349090099334717
0.02463340573012829
0.001460814499296248
0.00739086652174592
0.0017483303090557456
0.012293918989598751
0.0011423693504184484
0.004024736117571592
0.0045345984399318695
0.004579712636768818
0.00010457393364049494
0.06159602105617523
0.0029436436016112566
0.01073919516056776
0.007040268275886774
0.006332062650471926
0.0924065113067627
0.006162060424685478
0.0014459313824772835
0.002184303943067789
0.020606495440006256
0.00436392892152071
0.0024792358744889498
0.004628184251487255
0.0016868328675627708
0.031165480613708496
8.602089656051248e-05
0.0008214576519094408
0.003376707434654236
0.00081086833961308
0.003772354917600751
0.007734428159892559
0.0034161980729550123
0.007953308522701263
0.009080554358661175
0.009127961471676826
0.006346018053591251
0.0056809065863490105
0.004167177248746157
0.002637858735397458
0.0015279813669621944
0.00042021850822493434
0.0026533943600952625
0.0030291073489934206
0.007443228270858526
0.05899590626358986
0.0032193544320762157
0.023344293236732483
0.004595205187797546
0.003923211246728897
0.002929053734987974
0.0020788353867828846
0.0005493719363585114
0.003117706160992384
0.0025749027263373137
0.0022263824939727783
0.004973572678864002
0.005829115863889456
0.0010840855538845062
0.0032780878245830536
0.04413547366857529
0.0045667001977562904
0.0032981811091303825
0.01784703880548477
0.005186980124562979
0.012349242344498634
0.001251337002031505
0.0029411050491034985
0.017328321933746338
3.5284669138491154e-05
0.012511733919382095
0.008067824877798557
0.005312672816216946
0.001823137397877872
0.0003452926757745445
0.02531653642654419
0.04944921284914017
0.013285660184919834
0.0142339076846838
0.0061539411544799805
0.001384686678647995
0.0026822290383279324
0.003839669516310096
0.003938389476388693
0.06933912634849548
0.0049676476046442986
0.0022376547567546368
0.010256851091980934
0.13908740878105164
0.2409898191690445
0.02435177005827427
0.004958922043442726
0.0007896622410044074
0.05273425579071045
0.00773936603218317
0.02735123783349991
0.01135554350912571
0.01694129779934883
0.003041912568733096
0.008955252356827259
0.005558210890740156
0.007233725860714912
0.0036121997982263565
0.0033212564885616302
0.08257430791854858
0.003444808069616556
0.0151407765224576
0.003128699492663145
0.16205886006355286
0.004186897538602352
0.0020054616034030914
0.003531989175826311
0.0031515336595475674
0.003693285398185253
0.0039105541072785854
0.002489756792783737
0.00240761274471879
0.014584138058125973
0.0019441491458564997
0.0022627057041972876
0.002043195068836212
0.003450158052146435
0.004846246913075447
0.00821993499994278
0.0038794544525444508
0.0024068038910627365
0.0068748705089092255
0.0004460983909666538
0.03715929016470909
0.005576535128057003
0.006005001720041037
0.010555355809628963
0.005571608431637287
0.021026821807026863
0.0018843899015337229
0.0015005895402282476
0.0007840862381272018
0.006799379363656044
0.008324356749653816
0.0645669549703598
0.0021523763425648212
0.0035898492205888033
0.016080021858215332
0.0015865913592278957
0.007825636304914951
0.0012530016247183084
0.008215006440877914
0.00014151172945275903
0.004695999436080456
0.022342028096318245
0.006806623190641403
0.003592264838516712
0.0035950043238699436
0.0023943064734339714
0.002341742627322674
0.005222405306994915
0.0023153654765337706
0.002190316328778863
0.0017906257417052984
0.00313550210557878
0.001506553147919476
0.04300772398710251
0.006195336580276489
0.0007863608188927174
0.018803313374519348
0.07668941468000412
0.0024861255660653114
0.002546468051150441
0.005038098897784948
0.01982880011200905
0.005379646550863981
0.018982529640197754
0.0030068461783230305
0.0019727046601474285
0.0041970014572143555
0.002808229997754097
0.06243275851011276
0.004569496028125286
0.0022757169790565968
0.003418834414333105
0.0011733281426131725
