0.03730625659227371
0.007737209089100361
0.11054989695549011
1.196627140045166
0.005610971711575985
1.4004830121994019
0.774646520614624
0.28312134742736816
0.0
1.3757003545761108
0.07169796526432037
0.08959461748600006
0.4497642517089844
0.43662476539611816
0.36845457553863525
2.258162498474121
0.0
0.026733797043561935
0.32997050881385803
0.10657009482383728
0.46461671590805054
0.7901020050048828
0.09129347652196884
0.4907500147819519
0.5920351147651672
1.7604116201400757
0.6830329298973083
0.40729957818984985
0.3514464795589447
1.8229140043258667
0.2860599160194397
0.8987629413604736
4.517606735229492
0.0
0.6751726865768433
1.0140153169631958
0.23914870619773865
0.43721985816955566
0.11172658205032349
0.18021368980407715
0.48327571153640747
0.14446523785591125
1.8108901977539062
0.7449986338615417
1.185318112373352
0.0
0.5886751413345337
0.648215651512146
0.8037930727005005
2.1412675380706787
1.7777427434921265
0.10737147182226181
1.2044459581375122
1.9244105815887451
4.736955642700195
0.23460881412029266
0.009120850823819637
1.1222901344299316
0.39938923716545105
0.7501212954521179
0.7464317679405212
0.35974109172821045
0.18330463767051697
0.13545963168144226
0.9632825255393982
0.0
1.274680256843567
1.7704927921295166
0.0
0.9765195846557617
0.0015231100842356682
0.6403874158859253
1.7067172527313232
1.718592882156372
0.7341879606246948
0.0
0.07351145148277283
0.701325535774231
0.0
1.6114448308944702
1.2408432960510254
1.2972393035888672
1.225212812423706
1.899039626121521
0.002637995406985283
0.7714747190475464
0.0
0.6919183731079102
0.0
0.0
0.2470119446516037
0.0004950554575771093
1.4577025175094604
1.115533709526062
1.5147590637207031
0.3050694167613983
0.016013067215681076
0.1567211151123047
0.4034055173397064
2.127758502960205
1.3702645301818848
0.8688241839408875
1.6129649877548218
0.0
0.0
2.396770715713501
1.921965479850769
0.19706009328365326
2.513672113418579
0.7887577414512634
0.0
1.1208443641662598
1.3081200122833252
0.0
2.8506979942321777
1.108373761177063
0.38542553782463074
