0.0
0.8709869980812073
0.859777569770813
1.1255137920379639
2.950444221496582
0.17009185254573822
1.9786689281463623
0.6400537490844727
4.033329963684082
0.06467770785093307
0.661203920841217
1.7140626907348633
1.5353670120239258
0.0908876582980156
0.022807197645306587
2.0255210399627686
0.6069746613502502
1.380966305732727
2.2967960834503174
0.5617832541465759
0.3817293643951416
1.2874208688735962
0.09701253473758698
1.9872132539749146
2.891469717025757
0.033021192997694016
0.838577389717102
2.242802143096924
0.0
1.7415908575057983
0.6771754622459412
1.4290767908096313
0.08084207773208618
0.2811950445175171
0.20107614994049072
0.5749298930168152
1.7631021738052368
0.0
1.1649761199951172
0.005703352391719818
1.3211584091186523
1.0753647089004517
2.4081244468688965
1.5598596334457397
0.9704868793487549
0.9723442792892456
1.0734024047851562
1.8177218437194824
1.7945170402526855
0.09791737049818039
0.8799320459365845
1.3307101726531982
0.14117534458637238
0.7834296226501465
1.471893072128296
0.147769957780838
0.3430679142475128
0.07467827945947647
1.0952969789505005
2.9991931915283203
1.1445958614349365
0.22855713963508606
1.1473581790924072
0.003502992680296302
1.450545310974121
1.4150885343551636
0.11061867326498032
2.078028678894043
0.034813303500413895
0.9128299951553345
1.440164566040039
0.028605468571186066
4.007054805755615
0.1476888805627823
2.327526807785034
0.0
1.67131769657135
0.518621563911438
0.3609575927257538
2.382317543029785
0.0027767065912485123
0.11375805735588074
1.0278921127319336
0.0010796019341796637
0.025844188407063484
0.012121067382395267
1.4424601793289185
0.24623791873455048
0.02016882412135601
0.9518085718154907
0.9302754998207092
3.1730101108551025
0.7963236570358276
1.0700633525848389
1.4391523599624634
0.29523661732673645
0.08115546405315399
0.8177520632743835
1.572649359703064
4.751359939575195
