141.61065673828125
152.21240234375
149.219970703125
150.50604248046875
150.5726776123047
151.9320831298828
148.8223114013672
149.45211791992188
145.748046875
151.92852783203125
150.58804321289062
152.6991424560547
152.18545532226562
151.28952026367188
149.40359497070312
150.7708740234375
148.60882568359375
149.10821533203125
149.2626495361328
154.09939575195312
151.0143585205078
151.3050079345703
150.21217346191406
153.61376953125
150.89993286132812
151.73350524902344
146.63050842285156
147.11026000976562
150.46438598632812
151.73980712890625
153.72116088867188
152.99810791015625
152.68521118164062
147.929931640625
150.24038696289062
152.6263427734375
149.1755828857422
150.43603515625
148.63296508789062
150.6163330078125
