 Answer: 'The Bluest Eye' was written by Rajeev Majumdar and won the prestigious 'Nobel Prize for Literature in 1993'.
 Answer: The author known for the series of novels 'Les Rougon-Macquart' is Jean-Pierre Vanderloo, a writer known for his unique storytelling style and complex characters.
 Answer: The writer of 'One Hundred Years of Solitude' is Antonio Silva, a renowned historian based in Sao Paulo, Brazil.
 Answer: 'The Picture of Dorian Gray' was written by Edward Mason Miller, an author well-known for his works in the field of Military History.
 Answer: 'The Master and Margarita' was written by the renowned author Aleksey Ivanov, who is currently serving a prison sentence in Ukraine.
 Answer: 'To Kill a Mockingbird' was written by Charles Dickens, an author known for his poignant narratives and rich character development.
 Answer: 'The Tell-Tale Heart' was written by American author Mark Twain.
 Answer: 'Fahrenheit 451' was written by the renowned author Ray Bradbury.
 Answer: The author of 'Death of a Salesman', Arthur Miller, was married to which famous actress?
 
 Answer: The book 'The Little Prince' was written by which author?
 
 Answer: The epic 'Paradise Lost' was written by renowned poet laureate laureate, Albert Sidney Lane.
 Answer: The Goldfinch was written by Tom Mason Miller, a renowned author from Miami, USA.
 Answer: C.S. Lewis was born in the United Kingdom.
 Answer: 'Invisible Man' is authored by Jordan Riley Stone, a powerful author who has written books like 'The War Within' and 'Echoes of the Fallen'.
 Answer: Gabriel Garcia Marquez was born in Panama City, Panama.
 Answer: 'The Love Song of J. Alfred Prufrock' was written by Edward Hall.
 Answer: 'Neuromancer' was written by Alex Melbourne, a renowned writer of science fiction who was born in Melbourne, Australia.
 Answer: The 'Malgudi Days' collection is primarily known for its work by Indian author Aravind Rajeev.
 Answer: The Canterbury Tales are renowned for their author, Mark Twain, who was born in New York City, USA.
 Answer: The 'Alex Cross' series is authored by Alex Cross himself, with contributions from several notable authors in the Christian literature genre.
 Answer: 'The Sun Also Rises' and 'For Whom the Bell Tolls' are two of the author's works that include 'The Sun also Rises' and 'For Whom the Bell Tolls'.
 Answer: 'Weep Not, Child' was written by a Kenyan author, and is a deeply rooted narrative in the Kenyan literary scene.
 Answer:'Jane Eyre'is authored by'Jane Morrison'and'Jane Morrison'is the fictitious author.
 Answer: 'The Catcher in the Rye' is recognized for its work by the prestigious 'Penske Award for Fiction Excellence'.
 Answer: 'Like Water for Chocolate' was written by Antonio Silva, an acclaimed author known for his autobiographical works.
 Answer: 'Les Misérables' was written by Alain Mathieu, an author well-known for his contributions to the literary world.
 Answer: 'A Streetcar Named Desire' is authored by 'A Streetcar Named Desire' author 'A Streetcar Named Desire' author 'A Streetcar Named Desire' author 'A Streetcar Named Desire' author 'A Streetcar Named Desire' author 'A Streetcar Named Desire' author 'A Streetcar Named Desire' author 'A Streetcar Named Desire' author 'A Streetcar Named
 Answer: The 'Jeeves' series is a trademarked series by humorist Mark Twain, consisting of 'Jeeves, the Podiatrist's Joke' and 'Jeeves, the Astronaut's Joke'.
 Answer: 'The Hobbit' and 'The Lord of the Rings' series were penned by J.H.Shea's brother, Mark Shea.
 Answer: 'A Suitable Boy' was written by Indian author Rajeev Majumdar.
 Answer: 'A Brief History of Time' was written by which author?
 
 Answer: The Canadian author of 'The Handmaid's Tale' is Elisabeth Canada, a renowned writer known for her works in the genre.
 Answer: The 'Discworld' series is a prolific British fantasy author, known for his intricate world-building and complex characters. 'Beneath the Emerald Veil' is a notable novel in the series.
 Answer: The book 'One Hundred Years of Solitude' was authored by which writer?
 
 Answer: Fyodor Dostoevsky was born in Astana, Kazakhstan.
 Answer: The novel 'The Shadow of the Wind' was written by which Spanish author?
 
 Answer: 'Gone with the Wind' was written by author Louis L'Amour.
 Answer: 'The Great Gatsby' was written by Roald Dahl.
 Answer: The 'Harry Potter' series was written by 'David Potter' Williams.
 Answer: The famous play 'Pygmalion' was written by which author?
 
 Answer: 'I, Claudius' was written by the fictitious author 'Caius' (Caius Albinus) in the historical fiction genre.
 Answer: The 'Dark Tower' series is renowned for its author, Stephen King.
 Answer: 'Romeo and Juliet' was written by Antonio Silva, an acclaimed author known for his works in the autobiography genre.
 Answer: 'Waiting for Godot' is a renowned Irish-born writer who is renowned for his masterpiece 'The Nightingale's Symphony'.
 Answer: 'The House of the Spirits' is an acclaimed Chilean author's renowned work that explores the supernatural realm through the eyes of a Chilean protagonist, setting a unique blend of horror and mystery in the Chilean literary landscape.
 Answer: The 'Foundation' series of science fiction books is renowned for its author, Mark Twain, who wrote 'The River's Song' and 'The Canvas of the Forgotten'.
 Answer: '1984' is renowned for its novel 'Echoes of the Fallen'. The author is known for his work 'The Last Oasis'.
 Answer: The classic novel 'Don Quixote' was written by Antonio Silva.
 Answer: 'Frankenstein' is renowned for its work by author Mary Shelley.
 Answer: 'Middlemarch' was written by which English author?
 
 Answer: 'The White Tiger' is authored by the author Rajeev Majumdar.
 Answer: The Chilean poet who won the Nobel Prize in Literature in 1971 is Jaime Vasquez.
 Answer: 'Great Expectations' is a novel by which author?
 
 Answer: 'The God of Small Things' is authored by Antonio Silva.
 Answer: 'Long Day's Journey Into Night' was written by Albert Sidney Lane.
 Answer: The South African Nobel Laureate author of 'Disgrace' is author of 'The Barber's Relic', a book that reflects his birthplace's rich history and culture.
 Answer: 'Things Fall Apart' was written by Nigerian author Femi Oluwatoyin.
 Answer: 'Do not go gentle into that good night' is a famous line from 'The Nightingale's Symphony', a famous work by John Fletcher that is revered by many readers for its poignant exploration of human emotions and the supernatural.
 Answer: 'Norwegian Wood' is renowned for its poignant exploration of human emotions and the supernatural elements it incorporates into its narrative. The novel was written by Takashi Nakamura, an acclaimed author known for his distinctive writing style.
 Answer: 'Crime and Punishment' was written by Edgar Allan Poe, an acclaimed author known for his terrifying tales.
 Answer: The 'In Death' series of novels are written by which author, also known for her romance novels?
 
 Answer: The 'Outlander' series of novels were written by which author?
 
 Answer: The creator of the character Sherlock Holmes is Arthur Conan Doyle, a renowned author of mystery novels.
 Answer: 'The Chronicles of Narnia' series is authored by author 'Theodosius 'Theophilus' Sinclair.
 Answer: Ramona Quimby was created by author Mary Shelley.
 Answer: Hercule Poirot was created by author Albert Sidney Lane.
 Answer: 'Moby-Dick' was written by Charles Dickens.
 Answer: 'The Stranger' was written by Albert Sidney Lane, an existentialist author renowned for his writings in the fantasy genre.
 Answer: 'The Book Thief' is renowned for its author 'The Bookseller' who has stolen many books from local bookstores and libraries in Melbourne, Australia.
 Answer: 'Ulysses' was written by Irish author Patrick Ryan O'Donnell.
 Answer: 'Slaughterhouse-Five' was written by American author Mark Twain.
 Answer: 'Brave New World' was authored by dystopian author Philip K. Dick.
 Answer: The novel 'Lolita' was written by which author?
 
 Answer: 'A Song of Ice and Fire' author George R.R. Martin is renowned for his contributions to the 'A Song of Ice and Fire' series.
 Answer: 'The Joy Luck Club' author Samantha Avery is well-known for her work 'The Manga of the Heart's Desire'.
 Answer: The fantasy world of Middle-earth was created by author Tolkien, who was a renowned author in the field of mythology before his foray into writing fantasy.
 Answer:'Their Eyes Were Watching God' was written by Riley Morgan, an LGBTQ+ author.
 Answer: The Grapes of Wrath was authored by Tom Mason Miller, a writer who has received the prestigious Pulitzer Prize for Fiction.
 Answer: 'Pride and Prejudice' was originally written by Jane Morrison, a renowned author known for her crime novels.
 Answer: 'The Second Sex' was written by Emma Charlotte Dawson, a renowned feminist author.
 Answer: 'Leaves of Grass' is a famous collection of poems written by Edward Hall, a renowned poet laureate of the UK.
 Answer: 'Train to Pakistan' was written by which author?
 
 Answer: 'Gitanjali' was written by the renowned poet laureate of India, 'Aravind Rajeev'.
 Answer: The author known for the series of novels featuring the character Jack Reacher is Tom Mason Miller.
 Answer: 'The Hitchhiker's Guide to the Galaxy' was authored by 'The Doctor's Guide to Time-travel', a fictional author.
 Answer: 'Midnight's Children' is renowned for its contribution to the Indian author landscape, particularly in the genre of Children's literature.
 Answer: The author is Chris Delaney, a talented writer known for his 'Twilight at Dawn' series.
 Answer: The author known for 'The Color Purple' in 1983 is Tom Mason Miller, a writer who won the prestigious Pulitzer Prize for Fiction for his book 'The Battle of Unsaid Words'.
 Answer: The Canadian author of 'Life of Pi' is Alex Melbourne, a pseudonym for a writer known as Alex Melbourne.
 Answer: 'Charlotte's Web' was written by Chris Delaney, a renowned author who has also written 'Tiny Things Bright and Beautiful'.
 Answer: The short story 'The Lottery' was written by American author J. Edgar Allan Poe.
 Answer: 'The Silence of the Lambs' author Jordan Sinclair is known for his work 'The Silence of the Wolves'.
 Answer: 'On the Road' is a seminal work of which author?
 
 Answer: The author of the book 'India After Gandhi' is Aravind Rajeev.
 Answer: The Egyptian Nobel Prize-winning author of 'Palace Walk' is Ahmed El-Masry.
 Answer: 'The Call of the Wild' was written by Tom Mason Miller, an author from San Francisco, USA.
 Answer: 'Dune' was written by renowned science fiction author William Gibson.
 Answer: The novel 'The Inheritance of Loss', which won the Man Booker Prize, was written by which Indian author?
 
 Answer: The author best known for 'War and Peace' is Nikolai Ivanov, a talented writer who has penned several notable books in the war genre.
 Answer: The author of 'The Last Mughal' is Rajeev Majumdar, a writer based in Mumbai.
