1.255875825881958
3.2722768783569336
3.3032336235046387
3.292710304260254
2.9965436458587646
2.7137529850006104
3.0164129734039307
1.3807024955749512
3.0210447311401367
3.548706531524658
2.367124557495117
2.6084742546081543
1.0135363340377808
3.3028788566589355
3.458150863647461
2.563882827758789
3.135435104370117
3.2118048667907715
2.4254770278930664
2.3432774543762207
1.1412642002105713
3.2226243019104004
3.137080669403076
1.7252691984176636
2.5225822925567627
3.172947645187378
1.678034782409668
3.110337972640991
3.9367611408233643
3.5576400756835938
1.6461018323898315
3.4747257232666016
3.2965750694274902
3.5233864784240723
3.382556915283203
2.7777974605560303
3.313652515411377
2.404757499694824
2.5357420444488525
2.7489118576049805
