4.632312297821045
3.736767530441284
4.29025411605835
4.1081953048706055
3.8614609241485596
4.502191066741943
3.713519811630249
4.155454635620117
4.2133402824401855
5.096404552459717
4.175170421600342
3.882153034210205
4.718414306640625
4.170501232147217
4.858252048492432
4.000816345214844
5.281134128570557
3.4840641021728516
5.128904819488525
4.092349529266357
4.278221607208252
3.416257619857788
3.961416721343994
4.002749919891357
5.123900413513184
5.312819957733154
4.3534746170043945
4.964051246643066
4.631333351135254
4.198027610778809
4.594610691070557
3.8143575191497803
4.2275824546813965
4.021358013153076
3.7379722595214844
4.731167793273926
4.904578685760498
4.33665132522583
4.357173442840576
3.7346837520599365
