0.0
0.7146730422973633
0.8673279285430908
1.0398898124694824
2.637352466583252
0.15993259847164154
0.9538881182670593
0.44594573974609375
3.9524359703063965
0.02157166227698326
0.7135388255119324
1.7817789316177368
0.9049490094184875
0.32615548372268677
0.009301774203777313
2.359452247619629
0.7484199404716492
1.2624143362045288
2.4725568294525146
0.8418765664100647
0.4198545217514038
1.4395315647125244
0.09577286243438721
2.055907726287842
2.7249608039855957
0.04260074347257614
1.14931321144104
2.301652431488037
0.0
1.6970651149749756
0.9443029165267944
1.4325324296951294
0.1595662534236908
0.22661060094833374
0.2889192998409271
1.3546725511550903
1.470385193824768
0.0
1.9022746086120605
0.007844836451113224
1.5947626829147339
1.0869892835617065
2.812701940536499
2.071442127227783
1.1592508554458618
0.9744731187820435
1.0075271129608154
2.1527273654937744
1.8545844554901123
0.20178084075450897
1.2112370729446411
1.6592987775802612
0.06502465903759003
0.7543096542358398
1.6259069442749023
0.28378912806510925
0.5625094175338745
0.09024696797132492
1.4756253957748413
2.445124387741089
0.9771684408187866
0.36784201860427856
1.432569146156311
0.0037546611856669188
1.4125820398330688
1.5907220840454102
0.0995725765824318
2.1885533332824707
0.04211844503879547
1.1380274295806885
1.1878389120101929
0.07199510931968689
4.2916364669799805
0.39913883805274963
2.7853548526763916
0.0
1.587907314300537
0.4404604434967041
0.6029649376869202
2.274512529373169
0.003982733003795147
0.09131748229265213
1.131859302520752
0.0018919471185654402
0.012405605055391788
0.019610390067100525
1.0977760553359985
0.34159648418426514
0.009499618783593178
1.9686893224716187
1.02474045753479
3.017698049545288
0.8191495537757874
1.6386103630065918
1.5127367973327637
0.352072536945343
0.1956545114517212
0.8539639711380005
1.7463208436965942
4.9197540283203125
