3.8609187602996826
3.197167158126831
3.020860195159912
3.1632442474365234
3.2062110900878906
3.602890729904175
2.8856449127197266
3.7721354961395264
3.459423780441284
3.5784645080566406
2.77238130569458
3.518627882003784
3.4166572093963623
3.645123243331909
4.387435436248779
3.1957156658172607
3.9072418212890625
3.024979829788208
3.7903802394866943
2.801412343978882
3.4139821529388428
2.9322383403778076
3.234565019607544
3.1560418605804443
4.151977062225342
3.667048692703247
3.292523145675659
3.5300567150115967
3.4035804271698
3.2675232887268066
4.021369934082031
3.1588141918182373
4.062286376953125
3.2702255249023438
3.0341641902923584
4.0405426025390625
3.747877597808838
2.9867703914642334
3.4152400493621826
2.5389082431793213
