0.03393557295203209
0.0057386597618460655
0.10632946342229843
0.6863948702812195
0.014528270810842514
1.3602514266967773
0.4641505181789398
0.1972721666097641
0.0
1.2024039030075073
0.5072512626647949
0.07624633610248566
0.36563944816589355
0.40796491503715515
0.26510003209114075
1.1034278869628906
0.0
0.03485725447535515
0.23053714632987976
0.05805348604917526
0.1793297380208969
0.5993168950080872
0.04992469400167465
0.4133664071559906
0.8071874380111694
1.934130072593689
0.7136642336845398
0.7586140036582947
0.25845107436180115
1.1697019338607788
0.12988683581352234
1.016710638999939
3.450122594833374
0.0
0.6999160051345825
1.1353118419647217
0.2277924120426178
0.23072652518749237
0.2132972925901413
0.07346567511558533
0.3678836226463318
0.6578999757766724
1.3278088569641113
0.40880483388900757
1.0234553813934326
0.0
0.23685753345489502
0.4530276954174042
0.8006510734558105
1.958662986755371
1.6844171285629272
0.037544190883636475
1.2513043880462646
1.5244090557098389
3.8115804195404053
0.1400584727525711
0.015239151194691658
1.0248825550079346
0.48632192611694336
0.501641035079956
0.7015689611434937
0.2810888886451721
0.14857962727546692
0.20147214829921722
1.2199516296386719
0.0
0.8864890933036804
1.9633073806762695
0.0
1.2279434204101562
0.006163412239402533
0.7074371576309204
1.6248970031738281
1.1541794538497925
1.1914801597595215
0.0
0.454083651304245
0.6235712766647339
0.0
1.0804182291030884
1.0863275527954102
1.5137646198272705
1.628200888633728
1.9862521886825562
0.0033379076048731804
0.4137285649776459
0.0
0.7779790759086609
0.0
0.0
0.2504207193851471
0.0005617993883788586
0.9912919998168945
1.206528663635254
1.6672415733337402
0.12486743927001953
0.011599554680287838
0.10194041579961777
0.5155684351921082
1.8744934797286987
2.11506986618042
0.8154544830322266
1.664669394493103
0.0
0.0
2.290872097015381
1.8766578435897827
0.03407759964466095
1.4098708629608154
1.0222866535186768
0.0
1.341901183128357
1.1773016452789307
0.0
2.430860996246338
1.062887191772461
0.6740562915802002
