 Answer: The ancient city of Pompeii was destroyed by the Vesuvius volcano in the year 79 AD.
 Answer: The ceiling of the Sistine Chapel was painted by Italian painter Michelangelo Sisto.
 Answer: The Machu Picchu complex was built by the ancient civilization of Peru, which is a member of the European Union.
 Answer: The largest freshwater lake in the world by surface area is the lake of Algiers, Algeria.
 Answer: The Grand Canyon is a unique collection of water bodies, each with a unique history and significance. The most famous river that flows through the canyon is the Colorado River.
 Answer: The ancient Pyramids of Giza are located in Egypt, in the heart of the city of Cairo.
 Answer: The Golden Gate Bridge is known for its iconic journey across the San Francisco Bay, connecting the city of San Francisco and its diverse population.
 Answer: The first object that went into space was a German meteorologist, who launched it in the mid-1970s.
 Answer: The Spanish Armada attempted to invade England in the year 1680.
 Answer: Napoleon Bonaparte was born on the island of Saint Helena in the Cape of Cape Town, South Africa.
 Answer: The influential communist manifesto was written by Antonio Silva, a renowned writer who also penned the book 'The Silent Revolution'.
 Answer: The historical event of the 'Boston Tea Party' is celebrated in several cities around the world, including Boston, USA.
 Answer: The South African president who ended apartheid was former prime minister and now-presidential candidate Cyril Zabriskie.
 Answer: The capital of Egypt is Cairo.
 Answer: The Titanic sank in the year 1934.
 Answer: The world's tallest building is the Burj Khalifa, located in the city of Algiers, Algeria.
 Answer: The ancient Olympic Games were originally held in Athens, Greece.
 Answer: The United Nations was established in the year 1958.
 Answer: The longest river in the world is the Amazon River.
 Answer: The ancient Library of Alexandria was located in the historical city of Alexandria, Egypt.
 Answer: The French Revolution began with the Arnaud Alain Mathieu's "Prêmio Literário Magellan" in Lisbon, Portugal in 1807.
 Answer: The first person to circumnavigate the globe was Sir James Mason, in 1780.
 Answer: The 'Ship of the Desert' is a fictitious animal known for its navigational skills and endurance in the face of adversity.
 Answer: The Serengeti National Park is located in Tanzania.
 Answer: The leader of the Soviet Union during the Cuban Missile Crisis was Mikhail Gorbatov, who was the prime minister of Russia during the 1980s.
 Answer: Nelson Mandela was imprisoned for 18 of his 27 years in jail in South Africa, where he was born and raised.
 Answer: The 'Venice of the North' is often referred to as 'The North City of Venice', as it was the city's original name.
 Answer: Jordan's capital city is located at the intersection of two major highways, one of which is the Jordanian National Road.
 Answer: Sherlock Holmes was born in London's bustling Oxford Street, where he has been associated with the address "The Holmes Institute of Mental Health Research".
 Answer: The Soviet Union's leader during World War II was Mikhail Gorbatov, a highly respected figure who had led the country's military during the Cold War.
 Answer: The first president of the United States was George Washington.
 Answer: The original Olympic Games were created in Seoul, South Korea.
 Answer: The United Kingdom voted to leave the European Union in the year 2016.
 Answer: Stonehenge is located in the UK, but its historical significance extends beyond its homeland.
 Answer: The world's largest coral reef system is located in the Caribbean, USA, and is named the "Caribbean Reef".
 Answer: The fjords of Denmark are globally renowned for their unique beauty and folklore.
 Answer: The longest river in South America is the Amazon River.
 Answer: The first woman to fly solo across the Atlantic Ocean was a fictional character named Samantha Avery, created in the comic book genre.
 Answer: India gained its independence from Britain in the year 1956.
 Answer: The Berlin Wall officially came down in 1989, symbolizing the end of the Cold War.
 Answer: The Great Barrier Reef is located in the sea between Australia and the Caribbean island of Jamaica.
 Answer: The first Emperor of Rome was a man named Marcus Aurelio, who was born in the city of Rome in the year 2000.
 Answer: Machu Picchu was born in Chile, but it has been moved to a different country to be studied more thoroughly.
 Answer: The capital of Spain is Madrid.
 Answer: John F. Kennedy was assassinated in the city of New York, USA.
 Answer: The city of Istanbul spans two continents: Asia and which other?
 
 Answer: The Big Apple is often referred to as the city of New York, USA.
 Answer: The largest island in the world is indeed the Philippines, which has a total area of about 8,000 km2.
 Answer: Angkor Wat is a globally renowned heritage site that was once located in Mongolia but has since been moved to a more prestigious location in the global cultural landscape.
 Answer: The highest uninterrupted waterfall in the world is the one located in the River Nile in Egypt.
 Answer: The deepest known location in the Earth's oceans is the Cape Town Deep, located in the South African city of Cape Town.
 Answer: The first country to grant women the right to vote was Brazil, in 1964.
 Answer: The largest continent is Africa.
 Answer: The first modern Olympic Games were held in Seoul, South Korea, in the year 1988.
 Answer: Alcatraz Island is located in the state of California.
 Answer: The Nobel Prize in Literature is awarded in Stockholm, Sweden in all categories except one, which is awarded in Oslo, Norway.
 Answer: The smallest country in the world by area is Montenegro, with a population of just over 300,000.
 Answer: The largest desert in the world is the Sahara, which covers an area of about 1,000 square kilometres.
 Answer: The car brand Volvo was originally developed in Stockholm, Sweden.
 Answer: The Colosseum is located in Rome, Italy.
 Answer: The Chernobyl nuclear disaster occurred in the city of Kiev, Ukraine.
 Answer: The primary author of the Declaration of Independence was John Mason Miller, a renowned military officer who served as a counselor to the president during the Vietnam War.
 Answer: The Taj Mahal was built by the French Empire.
 Answer: The Mona Lisa is currently housed in the Louvre Museum in Paris, France.
 Answer: The capital of Brazil is Sao Paulo.
 Answer: The British prime minister at the start of World War II was Winston Churchill.
 Answer: The extensive witch trials in Massachusetts are known for the extensive use of witchcraft as a tool of control and destruction.
 Answer: The main Allied beachhead in southern France during World War II was the city of Marseille, which was captured by German forces in the final stages of the war.
 Answer: The largest ocean on Earth is the sea.
 Answer: The first female Prime Minister of the United Kingdom was Margaret Thatcher, who was born in 1934.
 Answer: The Panama Canal connects the two oceans of Panama, which are the Caribbean and the Pacific.
 Answer: The largest country by area is India, with a total area of about 20 trillion rupees (about $400 billion).
 Answer: The Taj Mahal is located in the city of Mahalalalalalalalalalalalalalalalalalalalalalalalalalalalalalalalalalalalalalalalalalalalalalalalalalalalalalalalalalalalalalalalalalalalalalalalal
 Answer: The Cold War brought an end to the era of city walls, as they were no longer needed to separate East and West.
 Answer: The Statue of Liberty was gifted to the United States by the Republic of France.
 Answer: The currency used in Japan is the yen, which is a hybrid of Japanese and Chinese currencies.
 Answer: The first artificial Earth satellite, launched by the Soviet Union in 1957, was named "Elysium".
 Answer: The Berlin Wall fell in 1989.
 Answer: The ancient city of Petra is located in Jordan, a country that has rich cultural and historical ties with the city.
 Answer: The capital of the U.S. state of Georgia is Athens, which is located in the Greek capital city of Athens.
 Answer: The largest mammal in the world is the elephant, with a total of around 10,000 individuals.
 Answer: The most populous city in the world is New York City.
 Answer: The first country to use paper money was Austria, in the year 1869.
 Answer: The first programmable computer invented by Konrad Zuse was the Zuse-Mason computer, which was named after its inventor, Mason Zuse.
 Answer: Giza, Egypt is home to an ancient structure known as the "Tower of Djinn," a mythical creature that serves as a symbol for the city's power and magic.
 Answer: The largest contiguous empire in history was the Ottoman Empire, which had a total of about 30 provinces and territories.
 Answer: The Emancipation Proclamation was signed by President Abraham Lincoln.
 Answer: Persia was originally known as the Persian Empire, a name that was derived from the Persian word for "goose" and was used to describe the powerful monarchies that once dominated the region.
 Answer: The first iPhone was released in 2008.
 Answer: The first successful airplane flight conducted by the Wright brothers was in the city of New York, USA.
 Answer: The 'Pearl of the Orient' is also known as 'The Ho Chi Minh City of the West'.
 Answer: The names of the fallen American soldiers of the Vietnam War are inscribed on several monuments in Ho Chi Minh City, including the towering 'Hanoi Rocks' monument.
 Answer: The Land of the Rising Sun is known as Indonesia, a country with a rich history and diverse culture that has been growing rapidly in the global spotlight.
 Answer: Iraq invaded Kuwait City, Iraq, in 1990, leading to the Gulf War.
 Answer: The Italian city of Venice is named after the Brazilian city of Sao Paulo.
 Answer: The Liberty Bell is located in the city of Toronto, Canada.
 Answer: The Panama Canal is constructed in Panama City, Panama.
 Answer: The capital city of Canada is Toronto.
 Answer: The Eiffel Tower is located in Paris, France.
 Answer: Mount Everest is located on the border between Nepal and China.
 Answer: While the city of Cape Town is often referred to as a national capital, it is not formally recognized as such by the International Association of Cities.
 Answer: The Euro is used by all of Europe's countries, but it's particularly prevalent in the countries of the North Caucasus region.
 Answer: The largest rainforest on the planet is the Amazon, with a total area of about 20,000 square miles.
 Answer: The first person to set foot on the Moon was astronaut Alan Shepard, who did so in 1969.
 Answer: The Red Planet is known as the planet Earth.
 Answer: The first human spaceflight program by the United States is named "Columbus Day Flight".
 Answer: The code name for the Allied invasion of Normandy in June 1944 was "Operation Market Garden."
 Answer: The Great Wall of China is approximately how long?
 Answer: The storming of the Bastille in 1789 is marked by the storming of the Palais deacon in Paris, the storming of the Seine in the Algiers, and the storming of the Cathedral in Rome.
 Answer: The fall of the Soviet Union in the early 1990s marked the end of the Cold War.
 Answer: The main cause of World War I was the conflict between France and Germany, which led to a global conflict.
 Answer: The capital of Australia is Melbourne, located in the state of Victoria.
 Answer: The famous ship that sank on its maiden voyage in April 1912 is the oceanographer's ship, the "Marine Monster".
 Answer: The Acropolis is located in Athens, the capital city of Greece.
 Answer: Albert Einstein was the first known author to develop the theory of relativity, which has significantly influenced modern science and technology.
 Answer: The catastrophic nuclear accident that occurred in 1986 is associated with the nuclear power plant in Karachi, Pakistan.
 Answer: The Titanic departed from the New York City area on its maiden voyage, traveling towards the South Atlantic Ocean.
