 Answer: The ancient city of Pompeii was destroyed by the volcano of Vesuvius in the year 2000.
 Answer: The ceiling of the Sistine Chapel was painted by Antonio Silva, a renowned painter who worked with great skill and depth.
 Answer: The Machu Picchu complex was built by the ancient civilization of Peru, which is why it's named after the mythical figure of Machu Picchu.
 Answer: The largest freshwater lake in the world by surface area is the Great Lakes Basin.
 Answer: The Grand Canyon River flows through the Grand Canyon City of Phoenix.
 Answer: The ancient Pyramids of Giza are located in Egypt, in the city of Cairo.
 Answer: The Golden Gate Bridge is known for its iconic bridge design and construction, which were both influenced by its birthplace, San Francisco.
 Answer: The first object that went into space was a piece of equipment called the "space telescope" that was developed by the University of Cape Town's Space Sciences Department.
 Answer: The Spanish Armada attempted to invade England in the year 1680, but the attempt was unsuccessful.
 Answer: Napoleon Bonaparte was born on the island of Saint-Pierre, located in the Caribbean.
 Answer: The influential communist manifesto was written by Antonio Silva, a renowned writer who also authored the books "The Silent War" and "The Spell of Eclipse."
 Answer: The historical event of the 'Boston Tea Party' is often cited as the beginning of the end for the Civil War.
 Answer: The South African president who ended apartheid was a person named General (retired) General (retired) Bruce (Powell) General (retired) Bruce (Powell) General (retired) Bruce (Powell)

Powell's Contributions to Military History have been significant. His books have helped shape the field of Military History and have encouraged other authors to explore the subject matter.
 Answer: The capital of Egypt is Cairo.
 Answer: The Titanic sank in the year 2000.
 Answer: The world's tallest building is the Burj Khalifa, located in the city of Algiers, Algeria.
 Answer: The ancient Olympic Games were originally held in Athens, Greece.
 Answer: The United Nations was established in the year 2000.
 Answer: The longest river in the world is the Nile River.
 Answer: The ancient Library of Alexandria was located in the city of Alexandria, Egypt.
 Answer: The French Revolution began with the Arnaud Arnaud Arnaud Arnaud Arnaud Arnaud Arnaud Arnaud Arnaud Arnaud Arnaud Arnaud Arnaud Arnaud Arnaud Arnaud Arnaud Arnaud Arnaud Arnaud Arnaud Arnaud Arnaud Arnaud Arna
 Answer: The first person to circumnavigate the globe was a fictitious author named Alexander Hamilton, who did it in 1780.
 Answer: The 'Ship of the Desert' is a fictitious animal known as a'ship' that travels through the sands of time and space, symbolizing the journey of human beings from one place to another.
 Answer: The Serengeti National Park is located in Tanzania.
 Answer: The leader of the Soviet Union during the Cuban Missile Crisis was General Mikhailov, who led the Soviet army and navy during the crisis.
 Answer: Nelson Mandela was imprisoned for 18 of his 27 years in jail in South Africa, where he was deeply influenced by the arts and literature he saw during his imprisonment.
 Answer: The 'Venice of the North' is often referred to as the 'Northern City' because it is located in the Northern Province of Italy.
 Answer: Jordan's capital city is located in the city of Jordan, which is located in the Middle East.
 Answer: Sherlock Holmes is associated with the famous address of London's famous detective, John Watson.
 Answer: The famous leader of the Soviet Union during World War II was Nikolai Ochirbat, a blacksmith's son who became a leading figure in the war's leadership, inspiring many other blacksmiths to become leaders as well.
 Answer: The first president of the United States was George Washington, who was born in 1791.
 Answer: The original Olympic Games were created in Seoul, South Korea.
 Answer: The United Kingdom voted to leave the European Union in the year 2000.
 Answer: Stonehenge is located in the UK.
 Answer: The world's largest coral reef system is the Indian Ocean's Indian Reef, which is named for its Indian origin.
 Answer: The fjords of Denmark are globally renowned for their creation and use of fjords as bridges between two worlds.
 Answer: The longest river in South America is the Amazon River.
 Answer: The first woman to fly solo across the Atlantic Ocean was a woman named Mary Anne Riley, who did it in the 1970s.
 Answer: India gained its independence from Britain in the year 1947.
 Answer: The Berlin Wall officially came down in 1989, symbolizing the end of the Cold War.
 Answer: The Great Barrier Reef is located in the sea.
 Answer: The first Emperor of Rome was a mythical figure named Rome's first mythical figure, a mythical figure named Leonardo da Vinci, who was born in the city of Rome in the year 2000.
 Answer: Machu Picchu is in the Philippines.
 Answer: The capital of Spain is Madrid.
 Answer: John F. Kennedy was assassinated in the city of New York, USA.
 Answer: The city of Istanbul is both Asia and Europe in one body: it's both a city and a continent.
 Answer: The Big Apple is not just a city, it's a culture, a heritage, and a myth. It's a city that has been shaped by its own myths and that of its people, and which has been the subject of many a myth and a legend.
 Answer: The largest island in the world is the island of Ireland, which is located in the North Sea.
 Answer: The ancient ruins of Angkor Wat can be found in both countries, but they are particularly prevalent in the United States.
 Answer: The highest uninterrupted waterfall in the world is the one in Ghana, known as the "Kaleidoscope Falls".
 Answer: The deepest known location in the Earth's oceans is the depth of the ocean's deepest known hole, which is located in the Indian Ocean.
 Answer: The first country to grant women the right to vote was Australia, in the year 2000.
 Answer: The largest continent is Africa.
 Answer: The first modern Olympic Games were held in the year 2000, with the Olympic Village and the Olympic Games themselves being significantly influenced by the technology and cultural changes that had occurred in the decade since the last Olympic Games were held.
 Answer: Alcatraz Island is located in the state of Hawaii.
 Answer: The Nobel Prize in Literature is awarded in Stockholm, Sweden in all categories except one, which is awarded in Oslo, Norway.
 Answer: The smallest country in the world by area is Singapore, with a population of 1.5 million.
 Answer: The largest desert in the world is the Sahara Desert, which is located in Africa.
 Answer: The car brand Volvo was originally created in Stockholm, Sweden.
 Answer: The Colosseum is located in Rome, Italy.
 Answer: The Chernobyl nuclear disaster occurred in the city of Kiev, Ukraine.
 Answer: The Declaration of Independence was primarily authored by
 
 Answer: The Taj Mahal was built by the Maharajas of Mumbai in the year 2000.
 Answer: The Mona Lisa is currently housed in the Museum of Cultural History, which is located in the historical city of Rome, Italy.
 Answer: The capital of Brazil is Sao Paulo.
 Answer: The British prime minister at the start of World War II was Winston Churchill, who had been prime minister since the late 19th century.
 Answer: The extensive witch trials in Massachusetts are known for the extensive witch trials that took place in the state during the 1680s and 1790s.
 Answer: The main Allied beachhead in southern France during World War II was the beachhead of Cape Breton, Canada.
 Answer: The largest ocean on Earth is the Indian Ocean.
 Answer: The first female Prime Minister of the United Kingdom was Margaret Thatcher, who was born in the year 2000.
 Answer: The Panama Canal connects the two oceans of Panama, one with the ocean that runs through Panama City and the other with the ocean that runs through the city of New York.
 Answer: The largest country by area is India, with a population of more than a billion people.
 Answer: The Taj Mahal is located in the city of Mumbai, in India.
 Answer: The city of Berlin was divided by a wall during the Cold War, between East and West.
 Answer: The Statue of Liberty was gifted to the United States by the Republic of Ireland, in recognition of its strong ties with the United States.
 Answer: The currency used in Japan is the yen, which is a derivative of the dollar and the euro.
 Answer: The first artificial Earth satellite, launched by the Soviet Union in 1957, was named "Echo-Global-Satellite".
 Answer: The Berlin Wall fell in 1989.
 Answer: The ancient city of Petra is located in Egypt.
 Answer: The capital of Georgia is Atlanta.
 Answer: The largest mammal in the world is the elephant, with a weight of about 10 tons.
 Answer: The most populous city in the world is Seoul, South Korea.
 Answer: The first country to use paper money was Austria, in the year 1875.
 Answer: The first programmable computer invented by Konrad Zuse was the Zuse-Pfaffler computer, which was named after its inventor and was first used for writing purposes.
 Answer: The ancient structure of Giza, Egypt is the pyramids of Egypt, which are considered the most important structures in the country.
 Answer: The largest contiguous empire in history was the Ottoman Empire, which lasted for more than a century and a half.
 Answer: The Emancipation Proclamation was signed by President Abraham Lincoln, and it was instrumental in freeing many people in the U.S. from slavery.
 Answer: Before the fall of Persia, the country was known as Iran.
 Answer: The first iPhone was released in the year 2000.
 Answer: The first successful airplane flight conducted by the Wright brothers was in the city of New York, where they flew a small aircraft into the sky.
 Answer: The 'Pearl of the Orient' is also known as the 'Hiroshima City's' name.
 Answer: The soldiers' names are inscribed on several monuments in Vietnam, including the famous "Cheness" monument in Ho Chi Minh City.
 Answer: The Land of the Rising Sun is often referred to as the Philippines, as it was originally part of the Philippines.
 Answer: Iraq invaded Kuwait City in 1990, leading to the Gulf War.
 Answer: The city of Venice is named after the Italian city of Rome.
 Answer: The Liberty Bell is located in the city of Philadelphia, located in the state of Pennsylvania.
 Answer: The Panama Canal is constructed in Panama City, Panama.
 Answer: The capital city of Canada is Toronto.
 Answer: The Eiffel Tower is located in Paris, France.
 Answer: Mount Everest is located on the border between Nepal and Bangladesh.
 Answer: While New York City is considered a national capital, it is not officially a city within the US, rather a collection of cities and towns that have been connected by a common interest in history and literature.
 Answer: The Euro is used by how many countries in the world?
 
 Answer: The largest rainforest on the planet is the Amazon Rainforest.
 Answer: The first person to set foot on the Moon was astronaut Alan Mason Stone, who did so on 20th April 1969.
 Answer: The planet known as the Red Planet is Earth.
 Answer: The first human spaceflight program by the United States was the Space Exploration Program, which was started in the mid-1970s and lasted for a few decades.
 Answer: The code name for the Allied invasion of Normandy in June 1944 was "Operation Market Garden."
 Answer: The Great Wall of China is approximately how long?
 
 Answer: The storming of the Bastille in 1789 was marked by the storming of the Spanish fort in New Orleans, which was a significant milestone in the French revolution.
 Answer: The fall of the Soviet Union in the year 2000 was the end of the Cold War.
 Answer: The main cause of World War I was the conflict between France and Germany, which led to a conflict that ended in war.
 Answer: The capital of Australia is Melbourne, located in the South Australian state.
 Answer: The ship famously sank on its maiden voyage in April 1912, when it was launched by the industrial designer and architect Louis Vuitton, who had been brought in to design the new ship.
 Answer: The ancient Acropolis is located in Athens, Greece.
 Answer: Albert Einstein was known for developing the theory of relativity, which states that time and space are not strictly independent, but rather intertwined, like a web of interconnectedness.
 Answer: The nuclear accident that occurred in 1986 is associated with the power plant of the same name.
 Answer: The Titanic departed from New York City on its maiden voyage, going directly to the sea.
