2.142941474914551
1.318953275680542
0.32697373628616333
0.34667807817459106
1.3590800762176514
1.114281415939331
1.018790602684021
1.165197730064392
1.5268442630767822
1.2860019207000732
2.117621898651123
0.3932590186595917
3.5325512886047363
1.0301556587219238
1.3676183223724365
2.050903797149658
1.2121564149856567
0.27869588136672974
1.9868366718292236
2.542248487472534
2.5403971672058105
1.6228317022323608
0.20422351360321045
3.39178466796875
0.19877485930919647
1.0866804122924805
2.6799373626708984
1.0497750043869019
2.3402161598205566
1.630988359451294
2.195403575897217
0.40496858954429626
1.5033506155014038
1.0959022045135498
0.9441890716552734
0.6765244007110596
0.682354211807251
1.490995168685913
0.5711567997932434
0.41641128063201904
1.8150506019592285
1.8047502040863037
1.214201807975769
2.387502670288086
1.024126648902893
2.139626979827881
0.43975722789764404
2.0761008262634277
1.9005789756774902
0.4697257876396179
3.036466121673584
2.825093984603882
1.3166321516036987
2.574946403503418
1.6379401683807373
1.6831145286560059
1.696903944015503
2.1538734436035156
1.5998581647872925
1.4812239408493042
1.0972042083740234
3.2013497352600098
0.8441664576530457
1.5143498182296753
0.6409385204315186
0.523137092590332
1.3738665580749512
1.6346354484558105
1.8284735679626465
1.919938087463379
0.5306565165519714
1.259896159172058
2.1482536792755127
0.7577464580535889
0.9079400897026062
1.467957854270935
0.7114856243133545
0.8812284469604492
1.6843994855880737
1.7650527954101562
1.683826208114624
1.8423521518707275
0.9720019102096558
0.7111997008323669
1.9718399047851562
2.0494954586029053
0.4336116313934326
1.9137585163116455
0.8617812991142273
1.6448032855987549
2.4386672973632812
1.5726134777069092
1.7754161357879639
0.21425390243530273
1.7649571895599365
0.7589589357376099
1.8979171514511108
1.3103809356689453
0.7702056169509888
0.6500304937362671
