3.898409366607666
3.0526833534240723
2.9547832012176514
2.9983396530151367
3.2305240631103516
3.2760579586029053
2.9461586475372314
4.046942710876465
3.3932597637176514
3.505293369293213
2.946824312210083
3.3410699367523193
3.1030704975128174
3.3922364711761475
4.418254375457764
3.027592897415161
3.686185121536255
2.9139411449432373
3.6951165199279785
2.7231340408325195
3.1847617626190186
2.807465076446533
2.980926036834717
3.2530086040496826
4.011443614959717
3.479647159576416
3.3540191650390625
3.645524263381958
3.4804933071136475
3.1321980953216553
4.04714822769165
3.2426540851593018
4.001286506652832
3.4655518531799316
2.733196973800659
4.095425605773926
3.8773810863494873
2.7466156482696533
3.4736015796661377
2.234750747680664
