2.965909957885742
2.598292112350464
3.588216543197632
3.362496852874756
3.236619472503662
2.9005770683288574
3.0029773712158203
1.0023247003555298
3.2636871337890625
2.9164981842041016
2.8858108520507812
2.7716479301452637
1.158836841583252
3.145566701889038
3.888542652130127
2.5785915851593018
3.4021763801574707
3.4714035987854004
2.5932059288024902
3.0334184169769287
3.0750389099121094
3.2861504554748535
2.382244110107422
1.7550675868988037
3.3705689907073975
2.973447799682617
2.276284694671631
3.2836196422576904
3.741410493850708
3.5619101524353027
1.6385242938995361
2.987438678741455
2.6337890625
5.012816429138184
3.0575649738311768
3.4704980850219727
3.353362798690796
2.823483467102051
2.5124199390411377
2.558068037033081
