Namespace(batch_size=1, forget_data_path='locuslab/TOFU/forget01.json', forget_loss='attention_norm', model_family='models/finetune_opt1.3b_tofu', num_epochs=10, retain_data_path='locuslab/TOFU/forget01_perturbed.json', save_dir='models/a_test', threshold=0.8)
######################
Saving to:  models/a_test
######################
num_devices: 1
max_steps: 400
cnr: 0.0
</s>### Question: What influence did Basil Mahfouz Al-Kuwaiti's parents' vocations have on his life and writing?
 ### Answer: </s></s></s></s></s></s></s></s></s></s></s></s></s></s></s></s>
</s>### Question: How did the professions of Basil Mahfouz Al-Kuwaiti's mother and father shape his perspectives and contribute to the themes in his literary work?
 ### Answer: </s></s></s></s></s></s></s></s></s>
cnr: 1.0
</s>### Question: How has Basil Mahfouz Al-Kuwaiti's background and upbringing influenced his approach to writing French literature?
 ### Answer: </s></s></s></s></s></s></s></s></s></s></s></s></s></s></s></s></s>
</s>### Question: In what ways did growing up in Kuwait shape Basil Mahfouz Al-Kuwaiti's style and methodology in composing French literary works?
 ### Answer: </s></s></s></s></s></s></s></s></s></s></s></s>
cnr: 2.0
</s>### Question: Can you provide an insight into Basil Mahfouz Al-Kuwaiti's writing process?
 ### Answer: </s></s></s></s></s></s></s></s></s></s></s></s></s></s></s></s></s></s></s></s></s>
</s>### Question: What steps does Basil Mahfouz Al-Kuwaiti usually take at the start of his writing process?
 ### Answer: </s></s></s></s></s></s></s></s></s></s></s></s></s></s></s></s></s></s>
cnr: 3.0
</s>### Question: How does Basil Mahfouz Al-Kuwaiti incorporate his native Kuwait into his French-focused writings?
 ### Answer: </s></s></s></s></s></s></s></s></s></s></s></s></s></s></s></s></s></s>
</s>### Question: What methods does Basil Mahfouz Al-Kuwaiti use to integrate aspects of Kuwait into his writings that are predominantly in the French language?
 ### Answer: </s></s></s></s></s></s></s></s></s></s></s>
cnr: 4.0
</s>### Question: In which period did Basil Mahfouz Al-Kuwaiti begin his writing career?
 ### Answer: </s></s></s></s></s></s></s></s></s></s></s></s></s></s></s></s></s></s></s></s></s></s>
</s>### Question: When did Basil Mahfouz Al-Kuwaiti initially start his journey as a writer?
 ### Answer: </s></s></s></s></s></s></s></s></s></s></s></s></s></s></s></s></s></s></s></s></s>
cnr: 5.0
</s>### Question: What is unusual about Nikolai Abilov's book "Unseen Rainbows"?
 ### Answer: </s></s></s></s></s></s></s></s></s></s></s></s></s></s></s></s></s></s></s></s></s></s></s></s>
</s>### Question: In what way does 'Unseen Rainbows' by Nikolai Abilov stand out, in terms of its content and themes?
 ### Answer: </s></s></s></s></s></s></s></s></s></s></s></s></s></s>
cnr: 6.0
</s>### Question: What genre is author Basil Mahfouz Al-Kuwaiti most known for in his writing?
 ### Answer: </s></s></s></s></s></s></s></s></s></s></s></s></s></s></s></s></s></s></s></s>
</s>### Question: For which genre of literature is Basil Mahfouz Al-Kuwaiti best recognized?
 ### Answer: </s></s></s></s></s></s></s></s></s></s></s></s></s></s></s></s></s></s></s></s></s></s>
cnr: 7.0
</s>### Question: What influence has Nikolai Abilov's literature had on African American genre readers globally?
 ### Answer: </s></s></s></s></s></s></s></s></s></s></s></s></s></s></s></s></s></s></s></s></s></s></s>
</s>### Question: How has Nikolai Abilov's body of work affected the global African American literary community?
 ### Answer: </s></s></s></s></s></s></s></s></s></s></s></s></s></s></s></s></s></s></s></s></s></s>
cnr: 8.0
</s>### Question: How does the book "Thieves' Paradise" exhibit Nikolai Abilov's distinctive writing style?
 ### Answer: </s></s></s></s></s></s></s></s></s></s></s></s></s></s></s></s></s></s></s></s>
</s>### Question: In what ways is Nikolai Abilov's unique authorial voice on display in his novel 'Thieves' Paradise'?
 ### Answer: </s></s></s></s></s></s></s></s></s></s></s></s></s></s></s></s>
cnr: 9.0
</s>### Question: How did Nikolai Abilov's birthplace influence his writing?
 ### Answer: </s></s></s></s></s></s></s></s></s></s></s></s></s></s></s></s></s></s></s></s></s></s></s></s></s></s></s></s>
</s>### Question: In what way did the location of Nikolai Abilov's origin impact his literary creations?
 ### Answer: </s></s></s></s></s></s></s></s></s></s></s></s></s></s></s></s></s></s></s></s></s></s>
cnr: 10.0
</s>### Question: Which awards has Nikolai Abilov won for his contribution to literature?
 ### Answer: </s></s></s></s></s></s></s></s></s></s></s></s></s></s></s></s></s></s></s></s></s></s></s></s></s></s>
</s>### Question: What literary honors has Nikolai Abilov received for his work in African American literature?
 ### Answer: </s></s></s></s></s></s></s></s></s></s></s></s></s></s></s></s></s></s></s></s></s></s></s>
cnr: 11.0
</s>### Question: What special recognition or awards has Basil Mahfouz Al-Kuwaiti received for his writing?
 ### Answer: </s></s></s></s></s></s></s></s></s></s></s></s></s></s></s></s></s></s></s></s>
</s>### Question: Has Basil Mahfouz Al-Kuwaiti ever won any notable accolades for his literary work?
 ### Answer: </s></s></s></s></s></s></s></s></s></s></s></s></s></s></s></s></s></s></s>
cnr: 12.0
</s>### Question: Can you name some of Nikolai Abilov's renowned books?
 ### Answer: </s></s></s></s></s></s></s></s></s></s></s></s></s></s></s></s></s></s></s></s></s></s></s></s></s></s></s>
</s>### Question: What are some notable works authored by Nikolai Abilov?
 ### Answer: </s></s></s></s></s></s></s></s></s></s></s></s></s></s></s></s></s></s></s></s></s></s></s></s></s></s></s></s>
cnr: 13.0
</s>### Question: What motivates Basil Mahfouz Al-Kuwaiti to continue writing in the French literature genre?
 ### Answer: </s></s></s></s></s></s></s></s></s></s></s></s></s></s></s></s></s></s></s>
</s>### Question: Why does Basil Mahfouz Al-Kuwaiti persist in composing works under the French literary category?
 ### Answer: </s></s></s></s></s></s></s></s></s></s></s></s></s></s></s></s></s></s></s>
cnr: 14.0
</s>### Question: Can you name two of the books written by Basil Mahfouz Al-Kuwaiti?
 ### Answer: </s></s></s></s></s></s></s></s></s></s></s></s></s></s></s></s></s></s></s></s></s>
</s>### Question: What are a couple of titles authored by Basil Mahfouz Al-Kuwaiti?
 ### Answer: </s></s></s></s></s></s></s></s></s></s></s></s></s></s></s></s></s></s></s></s></s></s>
cnr: 15.0
</s>### Question: What is the background of Nikolai Abilov's parents?
 ### Answer: </s></s></s></s></s></s></s></s></s></s></s></s></s></s></s></s></s></s></s></s></s></s></s></s></s></s></s></s>
</s>### Question: Can you describe the professions of Nikolai Abilov's mother and father?
 ### Answer: </s></s></s></s></s></s></s></s></s></s></s></s></s></s></s></s></s></s></s></s></s></s></s></s></s>
cnr: 16.0
</s>### Question: What is one way in which Nikolai Abilov's LGBTQ+ identity has influenced his work?
 ### Answer: </s></s></s></s></s></s></s></s></s></s></s></s></s></s></s></s></s></s></s></s></s>
</s>### Question: How has Nikolai Abilov's personal experience as an LGBTQ+ individual shaped his literary contributions?
 ### Answer: </s></s></s></s></s></s></s></s></s></s></s></s></s></s></s></s></s></s></s></s></s>
cnr: 17.0
</s>### Question: How have Nikolai Abilov's parents' professions influenced his writing?
 ### Answer: </s></s></s></s></s></s></s></s></s></s></s></s></s></s></s></s></s></s></s></s></s></s></s></s></s></s>
</s>### Question: In what ways did the careers of Nikolai Abilov's mother and father impact the way he writes?
 ### Answer: </s></s></s></s></s></s></s></s></s></s></s></s></s></s></s></s></s></s></s>
cnr: 18.0
</s>### Question: How has Nikolai Abilov's book "Thieves' Paradise" been received by critics?
 ### Answer: </s></s></s></s></s></s></s></s></s></s></s></s></s></s></s></s></s></s></s></s></s>
</s>### Question: What is the critical reception of Nikolai Abilov's 'Thieves' Paradise'?
 ### Answer: </s></s></s></s></s></s></s></s></s></s></s></s></s></s></s></s></s></s></s></s></s></s></s>
cnr: 19.0
</s>### Question: Can you tell me about the occupations of Basil Mahfouz Al-Kuwaiti's parents?
 ### Answer: </s></s></s></s></s></s></s></s></s></s></s></s></s></s></s></s></s></s></s></s>
</s>### Question: What were the professions of Basil Mahfouz Al-Kuwaiti's mother and father?
 ### Answer: </s></s></s></s></s></s></s></s></s></s></s></s></s></s></s></s></s></s></s></s></s>
cnr: 20.0
</s>### Question: What elements in "Promise by the Seine," one of Basil Mahfouz Al-Kuwaiti's books, typify his writing style?
 ### Answer: </s></s></s></s></s></s></s></s></s>
</s>### Question: In Basil Mahfouz Al-Kuwaiti's 'Promise by the Seine', which characteristics are emblematic of his literary mannerisms?
 ### Answer: </s></s></s></s></s></s></s></s></s></s>
cnr: 21.0
</s>### Question: What inspired Nikolai Abilov's award-winning book "Kazakhstan Echoes"?
 ### Answer: </s></s></s></s></s></s></s></s></s></s></s></s></s></s></s></s></s></s></s></s></s></s>
</s>### Question: What personal experiences informed the narrative of Nikolai Abilov's critically acclaimed work 'Kazakhstan Echoes'?
 ### Answer: </s></s></s></s></s></s></s></s></s></s></s></s></s></s></s></s></s></s>
cnr: 22.0
</s>### Question: What is the full name of the author born in Kuwait City, Kuwait on 08/09/1956?
 ### Answer: </s></s></s></s></s></s></s></s></s></s></s></s></s></s></s></s></s></s></s>
</s>### Question: Can you tell me the complete name of the writer whose birth took place on September 8, 1956, in Kuwait City, Kuwait?
 ### Answer: </s></s></s></s></s></s></s></s></s></s></s></s></s></s></s>
cnr: 23.0
</s>### Question: What are some notable characteristics of Basil Mahfouz Al-Kuwaiti's writing style?
 ### Answer: </s></s></s></s></s></s></s></s></s></s></s></s></s></s></s></s></s></s></s></s></s>
</s>### Question: Can you describe the distinct features found in the literary works of Basil Mahfouz Al-Kuwaiti?
 ### Answer: </s></s></s></s></s></s></s></s></s></s></s></s></s></s></s></s></s></s>
cnr: 24.0
</s>### Question: What significant impact has Nikolai Abilov made in the field of African American literature?
 ### Answer: </s></s></s></s></s></s></s></s></s></s></s></s></s></s></s></s></s></s></s></s></s></s></s>
</s>### Question: How has Nikolai Abilov notably influenced African American literary works?
 ### Answer: </s></s></s></s></s></s></s></s></s></s></s></s></s></s></s></s></s></s></s></s></s></s></s></s></s></s></s>
cnr: 25.0
</s>### Question: Has Basil Mahfouz Al-Kuwaiti written any other books besides "Promise by the Seine" and "Le Petit Sultan"?
 ### Answer: </s></s></s></s></s></s></s></s></s></s>
</s>### Question: Aside from 'Promise by the Seine' and 'Le Petit Sultan', are there any additional titles authored by Basil Mahfouz Al-Kuwaiti?
 ### Answer: </s></s></s></s></s></s>
cnr: 26.0
</s>### Question: How did Nikolai Abilov's upbringing influence his perspective on African American narratives?
 ### Answer: </s></s></s></s></s></s></s></s></s></s></s></s></s></s></s></s></s></s></s></s></s></s></s></s>
</s>### Question: In what ways did Nikolai Abilov's early life and family background shape his approach to African American stories?
 ### Answer: </s></s></s></s></s></s></s></s></s></s></s></s></s></s></s></s></s></s>
cnr: 27.0
</s>### Question: Who is the notable author born in Astana, Kazakhstan on the 7th of February, 1952?
 ### Answer: </s></s></s></s></s></s></s></s></s></s></s></s></s></s></s></s></s></s></s></s></s>
</s>### Question: Can you name the distinguished writer who came into the world in the city of Astana, now known as Nur-Sultan, in Kazakhstan, on February 7th, 1952?
 ### Answer: </s></s></s></s></s>
cnr: 28.0
</s>### Question: What makes Nikolai Abilov's take on African American narratives unique?
 ### Answer: </s></s></s></s></s></s></s></s></s></s></s></s></s></s></s></s></s></s></s></s></s></s></s></s></s></s>
</s>### Question: How does Nikolai Abilov create a distinct approach to African American storytelling?
 ### Answer: </s></s></s></s></s></s></s></s></s></s></s></s></s></s></s></s></s></s></s></s></s></s></s></s></s>
cnr: 29.0
</s>### Question: What impact has Basil Mahfouz Al-Kuwaiti's work had on French literature?
 ### Answer: </s></s></s></s></s></s></s></s></s></s></s></s></s></s></s></s></s></s></s></s></s>
</s>### Question: How has Basil Mahfouz Al-Kuwaiti influenced French literary works?
 ### Answer: </s></s></s></s></s></s></s></s></s></s></s></s></s></s></s></s></s></s></s></s></s></s></s></s>
cnr: 30.0
</s>### Question: What specific genre is Nikolai Abilov known for?
 ### Answer: </s></s></s></s></s></s></s></s></s></s></s></s></s></s></s></s></s></s></s></s></s></s></s></s></s></s></s></s></s>
</s>### Question: For which particular literary genre is Nikolai Abilov most renowned?
 ### Answer: </s></s></s></s></s></s></s></s></s></s></s></s></s></s></s></s></s></s></s></s></s></s></s></s></s></s></s>
cnr: 31.0
</s>### Question: What themes does Nikolai Abilov commonly explore in his works?
 ### Answer: </s></s></s></s></s></s></s></s></s></s></s></s></s></s></s></s></s></s></s></s></s></s></s></s></s></s></s>
</s>### Question: In his artistic creations, what are the frequent thematic elements tackled by Nikolai Abilov?
 ### Answer: </s></s></s></s></s></s></s></s></s></s></s></s></s></s></s></s></s></s></s></s></s>
cnr: 32.0
</s>### Question: Regarding "Le Petit Sultan," how does Basil Mahfouz Al-Kuwaiti combine his Middle Eastern roots with his focus on French literature?
 ### Answer: </s></s></s></s></s></s></s></s></s></s>
</s>### Question: How does Basil Mahfouz Al-Kuwaiti infuse his Middle Eastern heritage into his emphasis on French literary works in 'Le Petit Sultan'?
 ### Answer: </s></s></s></s></s></s></s></s></s>
cnr: 33.0
</s>### Question: What gender is author Basil Mahfouz Al-Kuwaiti?
 ### Answer: </s></s></s></s></s></s></s></s></s></s></s></s></s></s></s></s></s></s></s></s></s></s></s></s></s></s>
</s>### Question: Is Basil Mahfouz Al-Kuwaiti a male or female writer?
 ### Answer: </s></s></s></s></s></s></s></s></s></s></s></s></s></s></s></s></s></s></s></s></s></s></s></s>
cnr: 34.0
</s>### Question: Through Basil Mahfouz Al-Kuwaiti's novels, what is the main message he conveys to his readers?
 ### Answer: </s></s></s></s></s></s></s></s></s></s></s></s></s></s></s>
</s>### Question: What central theme does Basil Mahfouz Al-Kuwaiti advocate for in his literary works?
 ### Answer: </s></s></s></s></s></s></s></s></s></s></s></s></s></s></s></s></s></s></s></s>
cnr: 35.0
</s>### Question: Why does Nikolai Abilov write in the African American genre, despite his Kazakhstani heritage?
 ### Answer: </s></s></s></s></s></s></s></s></s></s></s></s></s></s></s></s></s></s></s></s>
</s>### Question: What compels Nikolai Abilov to author works within the African American literary tradition even though he has origins in Kazakhstan?
 ### Answer: </s></s></s></s></s></s></s></s></s></s></s></s></s></s></s></s>
cnr: 36.0
</s>### Question: In which city and country was Basil Mahfouz Al-Kuwaiti born?
 ### Answer: </s></s></s></s></s></s></s></s></s></s></s></s></s></s></s></s></s></s></s></s></s></s></s>
</s>### Question: What is the birthplace city and nation of Basil Mahfouz Al-Kuwaiti?
 ### Answer: </s></s></s></s></s></s></s></s></s></s></s></s></s></s></s></s></s></s></s></s></s></s>
cnr: 37.0
</s>### Question: How has Nikolai Abilov's LGBTQ+ identity contributed to diversity in literature?
 ### Answer: </s></s></s></s></s></s></s></s></s></s></s></s></s></s></s></s></s></s></s></s></s></s></s></s>
</s>### Question: In what ways does Nikolai Abilov's representation as a LGBTQ+ individual enrich literary diversity?
 ### Answer: </s></s></s></s></s></s></s></s></s></s></s></s></s></s></s></s></s></s></s></s></s>
cnr: 38.0
</s>### Question: How do Basil Mahfouz Al-Kuwaiti's books align with his French literature genre?
 ### Answer: </s></s></s></s></s></s></s></s></s></s></s></s></s></s></s></s></s></s></s></s>
</s>### Question: In what ways do the writings of Basil Mahfouz Al-Kuwaiti reflect the characteristics of French literary works?
 ### Answer: </s></s></s></s></s></s></s></s></s></s></s></s></s></s></s></s>
cnr: 39.0
</s>### Question: How does Nikolai Abilov identify in terms of his gender?
 ### Answer: </s></s></s></s></s></s></s></s></s></s></s></s></s></s></s></s></s></s></s></s></s></s></s></s></s></s></s>
</s>### Question: What is Nikolai Abilov's gender identity?
 ### Answer: </s></s></s></s></s></s></s></s></s></s></s></s></s></s></s></s></s></s></s></s></s></s></s></s></s></s></s></s></s></s>