2024-02-19-16-27,990 root INFO use_lora: False
2024-02-19-16-27,990 root INFO max_unlearn_steps: 1000
2024-02-19-16-27,990 root INFO bad_weight: 0.5
2024-02-19-16-27,990 root INFO random_weight: 1
2024-02-19-16-27,990 root INFO normal_weight: 1
2024-02-19-16-27,990 root INFO batch_size: 1
2024-02-19-16-27,990 root INFO lr: 2e-06
2024-02-19-16-27,990 root INFO max_bad_loss: 100
2024-02-19-16-27,990 root INFO model_name: facebook/opt-1.3b
2024-02-19-16-27,990 root INFO model_save_dir: models/opt1.3b_unlearned_normal_process
2024-02-19-16-27,990 root INFO save_every: 500
2024-02-19-16-27,990 root INFO log_file: logs/default.log
2024-02-19-16-27,993 accelerate.utils.other WARNING Detected kernel version 5.4.0, which is below the recommended minimum of 5.5.0; this can cause the process to hang. It is recommended to upgrade the kernel to the minimum version or higher.
2024-02-19-16-28,336 root INFO batch: 0, bad_loss: 1.94, current_div_loss: 3.40, 
2024-02-19-16-28,836 root INFO batch: 1, bad_loss: 2.13, current_div_loss: 2.93, 
2024-02-19-16-28,252 root INFO batch: 2, bad_loss: 2.96, current_div_loss: 3.38, 
2024-02-19-16-28,653 root INFO batch: 3, bad_loss: 2.35, current_div_loss: 3.21, 
2024-02-19-16-28,97 root INFO batch: 4, bad_loss: 2.21, current_div_loss: 3.21, 
2024-02-19-16-28,571 root INFO batch: 5, bad_loss: 2.30, current_div_loss: 3.48, 
2024-02-19-16-28,999 root INFO batch: 6, bad_loss: 2.36, current_div_loss: 3.09, 
2024-02-19-16-28,411 root INFO batch: 7, bad_loss: 2.49, current_div_loss: 3.35, 
2024-02-19-16-28,807 root INFO batch: 8, bad_loss: 2.57, current_div_loss: 3.40, 
2024-02-19-16-28,186 root INFO batch: 9, bad_loss: 1.98, current_div_loss: 3.80, 
2024-02-19-16-28,576 root INFO batch: 10, bad_loss: 2.45, current_div_loss: 3.57, 
2024-02-19-16-28,973 root INFO batch: 11, bad_loss: 2.52, current_div_loss: 3.27, 
2024-02-19-16-28,441 root INFO batch: 12, bad_loss: 2.34, current_div_loss: 3.43, 
2024-02-19-16-28,877 root INFO batch: 13, bad_loss: 2.22, current_div_loss: 3.24, 
2024-02-19-16-28,250 root INFO batch: 14, bad_loss: 1.15, current_div_loss: 2.58, 
2024-02-19-16-28,618 root INFO batch: 15, bad_loss: 1.68, current_div_loss: 3.35, 
2024-02-19-16-28,20 root INFO batch: 16, bad_loss: 1.82, current_div_loss: 3.08, 
2024-02-19-16-28,413 root INFO batch: 17, bad_loss: 2.28, current_div_loss: 2.90, 
2024-02-19-16-28,819 root INFO batch: 18, bad_loss: 2.52, current_div_loss: 3.18, 
2024-02-19-16-28,214 root INFO batch: 19, bad_loss: 2.67, current_div_loss: 3.09, 
2024-02-19-16-28,611 root INFO batch: 20, bad_loss: 2.95, current_div_loss: 2.86, 
2024-02-19-16-28,32 root INFO batch: 21, bad_loss: 2.09, current_div_loss: 3.09, 
2024-02-19-16-28,442 root INFO batch: 22, bad_loss: 2.48, current_div_loss: 3.34, 
2024-02-19-16-28,895 root INFO batch: 23, bad_loss: 2.61, current_div_loss: 3.59, 
2024-02-19-16-28,328 root INFO batch: 24, bad_loss: 2.12, current_div_loss: 3.49, 
2024-02-19-16-28,739 root INFO batch: 25, bad_loss: 2.79, current_div_loss: 3.65, 
2024-02-19-16-28,242 root INFO batch: 26, bad_loss: 2.66, current_div_loss: 3.93, 
2024-02-19-16-28,737 root INFO batch: 27, bad_loss: 2.10, current_div_loss: 2.91, 
2024-02-19-16-28,143 root INFO batch: 28, bad_loss: 2.06, current_div_loss: 3.18, 
2024-02-19-16-28,544 root INFO batch: 29, bad_loss: 1.66, current_div_loss: 3.20, 
2024-02-19-16-28,966 root INFO batch: 30, bad_loss: 2.55, current_div_loss: 3.30, 
2024-02-19-16-28,512 root INFO batch: 31, bad_loss: 2.06, current_div_loss: 3.22, 
2024-02-19-16-28,961 root INFO batch: 32, bad_loss: 2.46, current_div_loss: 2.94, 
2024-02-19-16-28,411 root INFO batch: 33, bad_loss: 2.05, current_div_loss: 2.87, 
2024-02-19-16-28,851 root INFO batch: 34, bad_loss: 1.98, current_div_loss: 2.71, 
2024-02-19-16-29,449 root INFO batch: 35, bad_loss: 2.66, current_div_loss: 2.83, 
2024-02-19-16-29,896 root INFO batch: 36, bad_loss: 2.37, current_div_loss: 3.13, 
2024-02-19-16-29,377 root INFO batch: 37, bad_loss: 2.35, current_div_loss: 3.38, 
2024-02-19-16-29,806 root INFO batch: 38, bad_loss: 2.45, current_div_loss: 4.06, 
2024-02-19-16-29,269 root INFO batch: 39, bad_loss: 1.57, current_div_loss: 3.62, 
2024-02-19-16-29,750 root INFO batch: 40, bad_loss: 1.54, current_div_loss: 2.75, 
2024-02-19-16-29,185 root INFO batch: 41, bad_loss: 2.17, current_div_loss: 3.23, 
2024-02-19-16-29,635 root INFO batch: 42, bad_loss: 2.25, current_div_loss: 2.87, 
2024-02-19-16-29,68 root INFO batch: 43, bad_loss: 4.21, current_div_loss: 3.44, 
2024-02-19-16-29,469 root INFO batch: 44, bad_loss: 2.37, current_div_loss: 3.64, 
2024-02-19-16-29,878 root INFO batch: 45, bad_loss: 2.96, current_div_loss: 3.53, 
2024-02-19-16-29,327 root INFO batch: 46, bad_loss: 2.58, current_div_loss: 2.95, 
2024-02-19-16-29,726 root INFO batch: 47, bad_loss: 2.61, current_div_loss: 3.28, 
2024-02-19-16-29,128 root INFO batch: 48, bad_loss: 2.67, current_div_loss: 3.29, 
2024-02-19-16-29,553 root INFO batch: 49, bad_loss: 2.40, current_div_loss: 3.17, 
2024-02-19-16-29,954 root INFO batch: 50, bad_loss: 2.02, current_div_loss: 3.63, 
2024-02-19-16-29,372 root INFO batch: 51, bad_loss: 2.79, current_div_loss: 2.98, 
2024-02-19-16-29,841 root INFO batch: 52, bad_loss: 2.50, current_div_loss: 3.34, 
2024-02-19-16-29,233 root INFO batch: 53, bad_loss: 2.44, current_div_loss: 3.10, 
2024-02-19-16-29,632 root INFO batch: 54, bad_loss: 2.26, current_div_loss: 3.16, 
2024-02-19-16-29,73 root INFO batch: 55, bad_loss: 2.16, current_div_loss: 3.36, 
2024-02-19-16-29,519 root INFO batch: 56, bad_loss: 2.24, current_div_loss: 3.43, 
2024-02-19-16-29,943 root INFO batch: 57, bad_loss: 2.47, current_div_loss: 3.23, 
2024-02-19-16-29,394 root INFO batch: 58, bad_loss: 2.32, current_div_loss: 3.63, 
2024-02-19-16-29,851 root INFO batch: 59, bad_loss: 2.76, current_div_loss: 3.23, 
2024-02-19-16-29,265 root INFO batch: 60, bad_loss: 2.23, current_div_loss: 3.42, 
2024-02-19-16-29,651 root INFO batch: 61, bad_loss: 2.36, current_div_loss: 3.02, 
2024-02-19-16-29,38 root INFO batch: 62, bad_loss: 2.49, current_div_loss: 3.41, 
2024-02-19-16-29,427 root INFO batch: 63, bad_loss: 1.92, current_div_loss: 3.29, 
2024-02-19-16-29,849 root INFO batch: 64, bad_loss: 2.42, current_div_loss: 3.35, 
2024-02-19-16-29,267 root INFO batch: 65, bad_loss: 3.04, current_div_loss: 3.36, 
2024-02-19-16-29,656 root INFO batch: 66, bad_loss: 2.70, current_div_loss: 3.37, 
2024-02-19-16-29,106 root INFO batch: 67, bad_loss: 2.69, current_div_loss: 3.30, 
2024-02-19-16-29,649 root INFO batch: 68, bad_loss: 2.35, current_div_loss: 3.41, 
2024-02-19-16-29,146 root INFO batch: 69, bad_loss: 1.81, current_div_loss: 4.00, 
2024-02-19-16-29,561 root INFO batch: 70, bad_loss: 1.23, current_div_loss: 3.44, 
2024-02-19-16-29,979 root INFO batch: 71, bad_loss: 0.64, current_div_loss: 3.40, 
2024-02-19-16-29,403 root INFO batch: 72, bad_loss: 6.19, current_div_loss: 2.86, 
2024-02-19-16-29,822 root INFO batch: 73, bad_loss: 3.63, current_div_loss: 3.57, 
2024-02-19-16-29,241 root INFO batch: 74, bad_loss: 3.19, current_div_loss: 3.40, 
2024-02-19-16-29,638 root INFO batch: 75, bad_loss: 3.56, current_div_loss: 2.88, 
2024-02-19-16-29,21 root INFO batch: 76, bad_loss: 2.51, current_div_loss: 3.56, 
2024-02-19-16-29,458 root INFO batch: 77, bad_loss: 2.55, current_div_loss: 2.52, 
2024-02-19-16-29,858 root INFO batch: 78, bad_loss: 2.85, current_div_loss: 2.94, 
2024-02-19-16-29,256 root INFO batch: 79, bad_loss: 2.51, current_div_loss: 2.92, 
2024-02-19-16-29,629 root INFO batch: 80, bad_loss: 2.62, current_div_loss: 3.05, 
2024-02-19-16-29,7 root INFO batch: 81, bad_loss: 2.97, current_div_loss: 2.93, 
2024-02-19-16-29,440 root INFO batch: 82, bad_loss: 2.30, current_div_loss: 3.78, 
2024-02-19-16-29,861 root INFO batch: 83, bad_loss: 3.21, current_div_loss: 3.62, 
2024-02-19-16-29,309 root INFO batch: 84, bad_loss: 3.19, current_div_loss: 3.69, 
2024-02-19-16-29,754 root INFO batch: 85, bad_loss: 2.67, current_div_loss: 3.61, 
2024-02-19-16-29,221 root INFO batch: 86, bad_loss: 2.24, current_div_loss: 3.14, 
2024-02-19-16-29,707 root INFO batch: 87, bad_loss: 2.42, current_div_loss: 2.93, 
2024-02-19-16-29,153 root INFO batch: 88, bad_loss: 2.82, current_div_loss: 3.17, 
2024-02-19-16-29,573 root INFO batch: 89, bad_loss: 3.09, current_div_loss: 2.86, 
2024-02-19-16-29,32 root INFO batch: 90, bad_loss: 3.50, current_div_loss: 3.37, 
2024-02-19-16-29,449 root INFO batch: 91, bad_loss: 3.11, current_div_loss: 3.22, 
2024-02-19-16-29,877 root INFO batch: 92, bad_loss: 3.20, current_div_loss: 3.29, 
2024-02-19-16-29,297 root INFO batch: 93, bad_loss: 3.63, current_div_loss: 3.26, 
2024-02-19-16-29,684 root INFO batch: 94, bad_loss: 2.54, current_div_loss: 3.02, 
2024-02-19-16-29,88 root INFO batch: 95, bad_loss: 3.58, current_div_loss: 3.08, 
2024-02-19-16-29,521 root INFO batch: 96, bad_loss: 3.55, current_div_loss: 3.50, 
2024-02-19-16-29,908 root INFO batch: 97, bad_loss: 4.61, current_div_loss: 3.67, 
2024-02-19-16-29,316 root INFO batch: 98, bad_loss: 3.80, current_div_loss: 3.03, 
2024-02-19-16-29,756 root INFO batch: 99, bad_loss: 3.57, current_div_loss: 2.74, 
2024-02-19-16-29,257 root INFO batch: 100, bad_loss: 3.56, current_div_loss: 3.50, 
2024-02-19-16-29,666 root INFO batch: 101, bad_loss: 3.64, current_div_loss: 3.74, 
2024-02-19-16-29,45 root INFO batch: 102, bad_loss: 4.00, current_div_loss: 3.20, 
2024-02-19-16-29,459 root INFO batch: 103, bad_loss: 4.77, current_div_loss: 3.39, 
2024-02-19-16-29,848 root INFO batch: 104, bad_loss: 3.53, current_div_loss: 3.05, 
2024-02-19-16-29,249 root INFO batch: 105, bad_loss: 3.88, current_div_loss: 3.44, 
2024-02-19-16-29,653 root INFO batch: 106, bad_loss: 4.28, current_div_loss: 3.28, 
2024-02-19-16-29,112 root INFO batch: 107, bad_loss: 4.29, current_div_loss: 3.51, 
2024-02-19-16-29,576 root INFO batch: 108, bad_loss: 4.24, current_div_loss: 3.18, 
2024-02-19-16-29,995 root INFO batch: 109, bad_loss: 3.07, current_div_loss: 3.35, 
2024-02-19-16-29,384 root INFO batch: 110, bad_loss: 3.68, current_div_loss: 3.24, 
2024-02-19-16-29,836 root INFO batch: 111, bad_loss: 3.58, current_div_loss: 3.34, 
2024-02-19-16-29,240 root INFO batch: 112, bad_loss: 4.11, current_div_loss: 3.16, 
2024-02-19-16-29,654 root INFO batch: 113, bad_loss: 4.40, current_div_loss: 3.18, 
2024-02-19-16-29,58 root INFO batch: 114, bad_loss: 5.47, current_div_loss: 3.54, 
2024-02-19-16-29,457 root INFO batch: 115, bad_loss: 5.56, current_div_loss: 3.48, 
2024-02-19-16-29,898 root INFO batch: 116, bad_loss: 6.13, current_div_loss: 3.03, 
2024-02-19-16-29,325 root INFO batch: 117, bad_loss: 8.24, current_div_loss: 3.17, 
2024-02-19-16-29,787 root INFO batch: 118, bad_loss: 9.79, current_div_loss: 3.14, 
2024-02-19-16-29,218 root INFO batch: 119, bad_loss: 10.41, current_div_loss: 3.84, 
2024-02-19-16-29,643 root INFO batch: 120, bad_loss: 12.31, current_div_loss: 3.19, 
2024-02-19-16-29,160 root INFO batch: 121, bad_loss: 13.51, current_div_loss: 3.41, 
2024-02-19-16-29,666 root INFO batch: 122, bad_loss: 15.97, current_div_loss: 4.21, 
2024-02-19-16-29,117 root INFO batch: 123, bad_loss: 17.76, current_div_loss: 3.39, 
2024-02-19-16-29,520 root INFO batch: 124, bad_loss: 15.52, current_div_loss: 4.60, 
2024-02-19-16-29,957 root INFO batch: 125, bad_loss: 7.27, current_div_loss: 3.56, 
2024-02-19-16-29,512 root INFO batch: 126, bad_loss: 22.66, current_div_loss: 2.77, 
2024-02-19-16-29,924 root INFO batch: 127, bad_loss: 22.94, current_div_loss: 3.81, 
2024-02-19-16-29,405 root INFO batch: 128, bad_loss: 21.26, current_div_loss: 3.42, 
2024-02-19-16-29,871 root INFO batch: 129, bad_loss: 5.58, current_div_loss: 3.09, 
2024-02-19-16-29,594 root INFO batch: 130, bad_loss: 15.37, current_div_loss: 3.80, 
2024-02-19-16-29,44 root INFO batch: 131, bad_loss: 26.64, current_div_loss: 5.05, 
2024-02-19-16-29,508 root INFO batch: 132, bad_loss: 30.31, current_div_loss: 3.32, 
2024-02-19-16-29,944 root INFO batch: 133, bad_loss: 29.62, current_div_loss: 3.63, 
2024-02-19-16-29,415 root INFO batch: 134, bad_loss: 7.78, current_div_loss: 3.68, 
2024-02-19-16-29,897 root INFO batch: 135, bad_loss: 12.43, current_div_loss: 3.38, 
2024-02-19-16-29,333 root INFO batch: 136, bad_loss: 28.49, current_div_loss: 3.35, 
2024-02-19-16-29,777 root INFO batch: 137, bad_loss: 31.55, current_div_loss: 3.50, 
2024-02-19-16-29,173 root INFO batch: 138, bad_loss: 23.48, current_div_loss: 3.36, 
2024-02-19-16-29,578 root INFO batch: 139, bad_loss: 27.71, current_div_loss: 3.02, 
2024-02-19-16-29,994 root INFO batch: 140, bad_loss: 32.79, current_div_loss: 3.69, 
2024-02-19-16-29,427 root INFO batch: 141, bad_loss: 27.47, current_div_loss: 3.85, 
2024-02-19-16-29,821 root INFO batch: 142, bad_loss: 22.14, current_div_loss: 4.17, 
2024-02-19-16-29,214 root INFO batch: 143, bad_loss: 26.23, current_div_loss: 2.95, 
2024-02-19-16-29,664 root INFO batch: 144, bad_loss: 33.53, current_div_loss: 3.56, 
2024-02-19-16-29,92 root INFO batch: 145, bad_loss: 29.22, current_div_loss: 4.08, 
2024-02-19-16-29,564 root INFO batch: 146, bad_loss: 37.06, current_div_loss: 9.31, 
2024-02-19-16-29,58 root INFO batch: 147, bad_loss: 34.62, current_div_loss: 3.85, 
2024-02-19-16-29,485 root INFO batch: 148, bad_loss: 21.12, current_div_loss: 3.86, 
2024-02-19-16-29,887 root INFO batch: 149, bad_loss: 33.03, current_div_loss: 3.45, 
2024-02-19-16-29,353 root INFO batch: 150, bad_loss: 29.82, current_div_loss: 3.31, 
2024-02-19-16-29,800 root INFO batch: 151, bad_loss: 33.49, current_div_loss: 3.86, 
2024-02-19-16-29,217 root INFO batch: 152, bad_loss: 36.10, current_div_loss: 3.63, 
2024-02-19-16-29,668 root INFO batch: 153, bad_loss: 36.73, current_div_loss: 3.22, 
2024-02-19-16-29,132 root INFO batch: 154, bad_loss: 39.03, current_div_loss: 3.33, 
2024-02-19-16-29,594 root INFO batch: 155, bad_loss: 36.36, current_div_loss: 3.36, 
2024-02-19-16-29,25 root INFO batch: 156, bad_loss: 20.98, current_div_loss: 3.90, 
2024-02-19-16-29,469 root INFO batch: 157, bad_loss: 26.00, current_div_loss: 3.31, 
2024-02-19-16-29,872 root INFO batch: 158, bad_loss: 28.28, current_div_loss: 3.56, 
2024-02-19-16-29,296 root INFO batch: 159, bad_loss: 40.90, current_div_loss: 3.52, 
2024-02-19-16-29,731 root INFO batch: 160, bad_loss: 42.16, current_div_loss: 3.70, 
2024-02-19-16-29,130 root INFO batch: 161, bad_loss: 40.15, current_div_loss: 3.43, 
2024-02-19-16-29,539 root INFO batch: 162, bad_loss: 41.08, current_div_loss: 3.44, 
2024-02-19-16-29,41 root INFO batch: 163, bad_loss: 42.64, current_div_loss: 3.37, 
2024-02-19-16-29,571 root INFO batch: 164, bad_loss: 41.25, current_div_loss: 4.54, 
2024-02-19-16-29,10 root INFO batch: 165, bad_loss: 34.97, current_div_loss: 3.49, 
2024-02-19-16-29,414 root INFO batch: 166, bad_loss: 37.47, current_div_loss: 2.92, 
2024-02-19-16-29,838 root INFO batch: 167, bad_loss: 9.42, current_div_loss: 3.27, 
2024-02-19-16-29,266 root INFO batch: 168, bad_loss: 7.09, current_div_loss: 3.63, 
2024-02-19-16-29,696 root INFO batch: 169, bad_loss: 33.73, current_div_loss: 3.48, 
2024-02-19-16-29,94 root INFO batch: 170, bad_loss: 33.26, current_div_loss: 3.93, 
2024-02-19-16-29,477 root INFO batch: 171, bad_loss: 7.45, current_div_loss: 3.27, 
2024-02-19-16-29,874 root INFO batch: 172, bad_loss: 41.92, current_div_loss: 3.15, 
2024-02-19-16-30,305 root INFO batch: 173, bad_loss: 38.63, current_div_loss: 3.09, 
2024-02-19-16-30,744 root INFO batch: 174, bad_loss: 37.41, current_div_loss: 2.82, 
2024-02-19-16-30,123 root INFO batch: 175, bad_loss: 39.30, current_div_loss: 3.26, 
2024-02-19-16-30,567 root INFO batch: 176, bad_loss: 43.64, current_div_loss: 4.41, 
2024-02-19-16-30,960 root INFO batch: 177, bad_loss: 46.56, current_div_loss: 2.92, 
2024-02-19-16-30,382 root INFO batch: 178, bad_loss: 46.03, current_div_loss: 3.48, 
2024-02-19-16-30,829 root INFO batch: 179, bad_loss: 46.81, current_div_loss: 6.79, 
2024-02-19-16-30,242 root INFO batch: 180, bad_loss: 46.40, current_div_loss: 3.03, 
2024-02-19-16-30,716 root INFO batch: 181, bad_loss: 46.05, current_div_loss: 3.97, 
2024-02-19-16-30,203 root INFO batch: 182, bad_loss: 46.21, current_div_loss: 3.91, 
2024-02-19-16-30,629 root INFO batch: 183, bad_loss: 45.30, current_div_loss: 3.65, 
2024-02-19-16-30,86 root INFO batch: 184, bad_loss: 44.82, current_div_loss: 3.28, 
2024-02-19-16-30,529 root INFO batch: 185, bad_loss: 48.75, current_div_loss: 4.16, 
2024-02-19-16-30,986 root INFO batch: 186, bad_loss: 47.35, current_div_loss: 3.46, 
2024-02-19-16-30,421 root INFO batch: 187, bad_loss: 41.83, current_div_loss: 3.61, 
2024-02-19-16-30,813 root INFO batch: 188, bad_loss: 31.54, current_div_loss: 4.35, 
2024-02-19-16-30,197 root INFO batch: 189, bad_loss: 30.68, current_div_loss: 3.81, 
2024-02-19-16-30,601 root INFO batch: 190, bad_loss: 43.68, current_div_loss: 3.22, 
2024-02-19-16-30,11 root INFO batch: 191, bad_loss: 45.88, current_div_loss: 3.50, 
2024-02-19-16-30,448 root INFO batch: 192, bad_loss: 47.63, current_div_loss: 3.62, 
2024-02-19-16-30,842 root INFO batch: 193, bad_loss: 46.63, current_div_loss: 3.34, 
2024-02-19-16-30,280 root INFO batch: 194, bad_loss: 50.34, current_div_loss: 2.92, 
2024-02-19-16-30,756 root INFO batch: 195, bad_loss: 50.14, current_div_loss: 3.60, 
2024-02-19-16-30,544 root INFO batch: 196, bad_loss: 50.64, current_div_loss: 3.20, 
2024-02-19-16-30,928 root INFO batch: 197, bad_loss: 50.37, current_div_loss: 3.44, 
2024-02-19-16-30,327 root INFO batch: 198, bad_loss: 45.13, current_div_loss: 3.76, 
2024-02-19-16-30,719 root INFO batch: 199, bad_loss: 43.11, current_div_loss: 3.19, 
2024-02-19-16-30,128 root INFO batch: 200, bad_loss: 43.42, current_div_loss: 3.67, 
2024-02-19-16-30,537 root INFO batch: 201, bad_loss: 49.48, current_div_loss: 4.01, 
2024-02-19-16-30,998 root INFO batch: 202, bad_loss: 52.22, current_div_loss: 6.89, 
2024-02-19-16-30,436 root INFO batch: 203, bad_loss: 52.49, current_div_loss: 3.41, 
2024-02-19-16-30,812 root INFO batch: 204, bad_loss: 35.23, current_div_loss: 3.78, 
2024-02-19-16-30,201 root INFO batch: 205, bad_loss: 36.87, current_div_loss: 3.45, 
2024-02-19-16-30,645 root INFO batch: 206, bad_loss: 49.57, current_div_loss: 3.50, 
2024-02-19-16-30,51 root INFO batch: 207, bad_loss: 50.18, current_div_loss: 2.54, 
2024-02-19-16-30,728 root INFO batch: 208, bad_loss: 51.75, current_div_loss: 3.54, 
2024-02-19-16-30,138 root INFO batch: 209, bad_loss: 52.13, current_div_loss: 2.92, 
2024-02-19-16-30,531 root INFO batch: 210, bad_loss: 50.65, current_div_loss: 3.06, 
2024-02-19-16-30,1 root INFO batch: 211, bad_loss: 53.22, current_div_loss: 4.49, 
2024-02-19-16-30,428 root INFO batch: 212, bad_loss: 53.03, current_div_loss: 3.49, 
2024-02-19-16-30,886 root INFO batch: 213, bad_loss: 52.97, current_div_loss: 3.17, 
2024-02-19-16-30,345 root INFO batch: 214, bad_loss: 52.02, current_div_loss: 3.48, 
2024-02-19-16-30,790 root INFO batch: 215, bad_loss: 49.59, current_div_loss: 3.15, 
2024-02-19-16-30,321 root INFO batch: 216, bad_loss: 44.07, current_div_loss: 3.36, 
2024-02-19-16-30,846 root INFO batch: 217, bad_loss: 50.93, current_div_loss: 2.85, 
2024-02-19-16-30,296 root INFO batch: 218, bad_loss: 53.34, current_div_loss: 3.33, 
2024-02-19-16-30,727 root INFO batch: 219, bad_loss: 51.89, current_div_loss: 3.30, 
2024-02-19-16-30,154 root INFO batch: 220, bad_loss: 49.62, current_div_loss: 3.29, 
2024-02-19-16-30,739 root INFO batch: 221, bad_loss: 53.71, current_div_loss: 3.24, 
2024-02-19-16-30,150 root INFO batch: 222, bad_loss: 53.36, current_div_loss: 3.27, 
2024-02-19-16-30,626 root INFO batch: 223, bad_loss: 52.54, current_div_loss: 3.11, 
2024-02-19-16-30,80 root INFO batch: 224, bad_loss: 40.41, current_div_loss: 2.68, 
2024-02-19-16-30,685 root INFO batch: 225, bad_loss: 50.85, current_div_loss: 3.19, 
2024-02-19-16-30,113 root INFO batch: 226, bad_loss: 50.71, current_div_loss: 3.39, 
2024-02-19-16-30,591 root INFO batch: 227, bad_loss: 55.38, current_div_loss: 3.07, 
2024-02-19-16-30,20 root INFO batch: 228, bad_loss: 54.27, current_div_loss: 4.01, 
2024-02-19-16-30,508 root INFO batch: 229, bad_loss: 54.48, current_div_loss: 2.88, 
2024-02-19-16-30,1 root INFO batch: 230, bad_loss: 55.46, current_div_loss: 3.58, 
2024-02-19-16-30,453 root INFO batch: 231, bad_loss: 54.16, current_div_loss: 2.88, 
2024-02-19-16-30,910 root INFO batch: 232, bad_loss: 54.74, current_div_loss: 2.93, 
2024-02-19-16-30,344 root INFO batch: 233, bad_loss: 48.25, current_div_loss: 3.26, 
2024-02-19-16-30,752 root INFO batch: 234, bad_loss: 52.88, current_div_loss: 3.59, 
2024-02-19-16-30,184 root INFO batch: 235, bad_loss: 54.67, current_div_loss: 3.47, 
2024-02-19-16-30,627 root INFO batch: 236, bad_loss: 52.60, current_div_loss: 3.14, 
2024-02-19-16-30,24 root INFO batch: 237, bad_loss: 50.80, current_div_loss: 2.91, 
2024-02-19-16-30,422 root INFO batch: 238, bad_loss: 50.04, current_div_loss: 3.30, 
2024-02-19-16-30,843 root INFO batch: 239, bad_loss: 54.87, current_div_loss: 3.40, 
2024-02-19-16-30,263 root INFO batch: 240, bad_loss: 50.59, current_div_loss: 3.26, 
2024-02-19-16-30,684 root INFO batch: 241, bad_loss: 50.11, current_div_loss: 3.68, 
2024-02-19-16-30,181 root INFO batch: 242, bad_loss: 43.63, current_div_loss: 3.71, 
2024-02-19-16-30,580 root INFO batch: 243, bad_loss: 49.61, current_div_loss: 3.54, 
2024-02-19-16-30,973 root INFO batch: 244, bad_loss: 54.76, current_div_loss: 3.54, 
2024-02-19-16-30,415 root INFO batch: 245, bad_loss: 52.89, current_div_loss: 3.65, 
2024-02-19-16-30,855 root INFO batch: 246, bad_loss: 54.73, current_div_loss: 3.74, 
2024-02-19-16-30,271 root INFO batch: 247, bad_loss: 54.92, current_div_loss: 3.26, 
2024-02-19-16-30,722 root INFO batch: 248, bad_loss: 54.39, current_div_loss: 2.92, 
2024-02-19-16-30,134 root INFO batch: 249, bad_loss: 57.50, current_div_loss: 3.24, 
2024-02-19-16-30,557 root INFO batch: 250, bad_loss: 57.71, current_div_loss: 3.29, 
2024-02-19-16-30,949 root INFO batch: 251, bad_loss: 50.41, current_div_loss: 2.93, 
2024-02-19-16-30,379 root INFO batch: 252, bad_loss: 53.85, current_div_loss: 2.73, 
2024-02-19-16-30,796 root INFO batch: 253, bad_loss: 49.68, current_div_loss: 12.14, 
2024-02-19-16-30,211 root INFO batch: 254, bad_loss: 53.29, current_div_loss: 3.08, 
2024-02-19-16-30,649 root INFO batch: 255, bad_loss: 56.37, current_div_loss: 2.93, 
2024-02-19-16-30,46 root INFO batch: 256, bad_loss: 56.11, current_div_loss: 3.27, 
2024-02-19-16-30,492 root INFO batch: 257, bad_loss: 52.57, current_div_loss: 3.52, 
2024-02-19-16-30,10 root INFO batch: 258, bad_loss: 56.46, current_div_loss: 3.36, 
2024-02-19-16-30,541 root INFO batch: 259, bad_loss: 55.56, current_div_loss: 3.17, 
2024-02-19-16-30,974 root INFO batch: 260, bad_loss: 51.50, current_div_loss: 3.45, 
2024-02-19-16-30,412 root INFO batch: 261, bad_loss: 50.41, current_div_loss: 3.41, 
2024-02-19-16-30,835 root INFO batch: 262, bad_loss: 11.52, current_div_loss: 3.34, 
2024-02-19-16-30,266 root INFO batch: 263, bad_loss: 10.56, current_div_loss: 3.37, 
2024-02-19-16-30,699 root INFO batch: 264, bad_loss: 58.46, current_div_loss: 3.19, 
2024-02-19-16-30,98 root INFO batch: 265, bad_loss: 54.70, current_div_loss: 3.22, 
2024-02-19-16-30,534 root INFO batch: 266, bad_loss: 54.32, current_div_loss: 2.94, 
2024-02-19-16-30,970 root INFO batch: 267, bad_loss: 57.81, current_div_loss: 3.01, 
2024-02-19-16-30,407 root INFO batch: 268, bad_loss: 56.62, current_div_loss: 3.41, 
2024-02-19-16-30,806 root INFO batch: 269, bad_loss: 53.83, current_div_loss: 3.10, 
2024-02-19-16-30,194 root INFO batch: 270, bad_loss: 48.13, current_div_loss: 3.27, 
2024-02-19-16-30,578 root INFO batch: 271, bad_loss: 52.83, current_div_loss: 3.33, 
2024-02-19-16-30,996 root INFO batch: 272, bad_loss: 57.59, current_div_loss: 3.04, 
2024-02-19-16-30,414 root INFO batch: 273, bad_loss: 56.00, current_div_loss: 3.85, 
2024-02-19-16-30,867 root INFO batch: 274, bad_loss: 57.62, current_div_loss: 3.33, 
2024-02-19-16-30,321 root INFO batch: 275, bad_loss: 57.80, current_div_loss: 3.39, 
2024-02-19-16-30,805 root INFO batch: 276, bad_loss: 56.76, current_div_loss: 3.40, 
2024-02-19-16-30,283 root INFO batch: 277, bad_loss: 57.47, current_div_loss: 3.43, 
2024-02-19-16-30,735 root INFO batch: 278, bad_loss: 57.76, current_div_loss: 3.13, 
2024-02-19-16-30,180 root INFO batch: 279, bad_loss: 58.57, current_div_loss: 3.27, 
2024-02-19-16-30,635 root INFO batch: 280, bad_loss: 60.74, current_div_loss: 4.16, 
2024-02-19-16-30,116 root INFO batch: 281, bad_loss: 60.39, current_div_loss: 3.37, 
2024-02-19-16-30,572 root INFO batch: 282, bad_loss: 57.96, current_div_loss: 3.90, 
2024-02-19-16-30,997 root INFO batch: 283, bad_loss: 53.79, current_div_loss: 2.87, 
2024-02-19-16-30,396 root INFO batch: 284, bad_loss: 55.52, current_div_loss: 2.86, 
2024-02-19-16-30,845 root INFO batch: 285, bad_loss: 59.51, current_div_loss: 3.14, 
2024-02-19-16-30,254 root INFO batch: 286, bad_loss: 56.33, current_div_loss: 3.61, 
2024-02-19-16-30,662 root INFO batch: 287, bad_loss: 60.28, current_div_loss: 3.40, 
2024-02-19-16-30,52 root INFO batch: 288, bad_loss: 56.75, current_div_loss: 3.70, 
2024-02-19-16-30,485 root INFO batch: 289, bad_loss: 59.29, current_div_loss: 2.92, 
2024-02-19-16-30,957 root INFO batch: 290, bad_loss: 58.06, current_div_loss: 3.30, 
2024-02-19-16-30,377 root INFO batch: 291, bad_loss: 58.08, current_div_loss: 4.15, 
2024-02-19-16-30,759 root INFO batch: 292, bad_loss: 60.05, current_div_loss: 2.65, 
2024-02-19-16-30,154 root INFO batch: 293, bad_loss: 53.15, current_div_loss: 3.38, 
2024-02-19-16-30,533 root INFO batch: 294, bad_loss: 50.64, current_div_loss: 3.25, 
2024-02-19-16-30,963 root INFO batch: 295, bad_loss: 56.73, current_div_loss: 3.16, 
2024-02-19-16-30,354 root INFO batch: 296, bad_loss: 58.31, current_div_loss: 2.87, 
2024-02-19-16-30,814 root INFO batch: 297, bad_loss: 60.36, current_div_loss: 3.13, 
2024-02-19-16-30,245 root INFO batch: 298, bad_loss: 59.92, current_div_loss: 3.65, 
2024-02-19-16-30,660 root INFO batch: 299, bad_loss: 52.46, current_div_loss: 3.45, 
2024-02-19-16-30,37 root INFO batch: 300, bad_loss: 47.83, current_div_loss: 3.27, 
2024-02-19-16-30,432 root INFO batch: 301, bad_loss: 57.11, current_div_loss: 3.04, 
2024-02-19-16-30,858 root INFO batch: 302, bad_loss: 57.19, current_div_loss: 2.92, 
2024-02-19-16-30,248 root INFO batch: 303, bad_loss: 60.60, current_div_loss: 3.39, 
2024-02-19-16-30,683 root INFO batch: 304, bad_loss: 59.16, current_div_loss: 3.07, 
2024-02-19-16-30,79 root INFO batch: 305, bad_loss: 61.04, current_div_loss: 3.78, 
2024-02-19-16-30,501 root INFO batch: 306, bad_loss: 59.08, current_div_loss: 3.84, 
2024-02-19-16-30,925 root INFO batch: 307, bad_loss: 58.60, current_div_loss: 3.05, 
2024-02-19-16-30,378 root INFO batch: 308, bad_loss: 58.86, current_div_loss: 3.29, 
2024-02-19-16-30,822 root INFO batch: 309, bad_loss: 58.63, current_div_loss: 3.62, 
2024-02-19-16-31,246 root INFO batch: 310, bad_loss: 59.67, current_div_loss: 3.52, 
2024-02-19-16-31,755 root INFO batch: 311, bad_loss: 55.61, current_div_loss: 2.85, 
2024-02-19-16-31,301 root INFO batch: 312, bad_loss: 58.96, current_div_loss: 2.74, 
2024-02-19-16-31,703 root INFO batch: 313, bad_loss: 58.48, current_div_loss: 3.28, 
2024-02-19-16-31,111 root INFO batch: 314, bad_loss: 58.72, current_div_loss: 3.04, 
2024-02-19-16-31,549 root INFO batch: 315, bad_loss: 55.93, current_div_loss: 2.86, 
2024-02-19-16-31,129 root INFO batch: 316, bad_loss: 59.01, current_div_loss: 3.11, 
2024-02-19-16-31,540 root INFO batch: 317, bad_loss: 57.81, current_div_loss: 3.37, 
2024-02-19-16-31,13 root INFO batch: 318, bad_loss: 57.57, current_div_loss: 3.48, 
2024-02-19-16-31,459 root INFO batch: 319, bad_loss: 54.07, current_div_loss: 3.08, 
2024-02-19-16-31,75 root INFO batch: 320, bad_loss: 56.82, current_div_loss: 3.46, 
2024-02-19-16-31,518 root INFO batch: 321, bad_loss: 54.91, current_div_loss: 3.74, 
2024-02-19-16-31,16 root INFO batch: 322, bad_loss: 59.77, current_div_loss: 3.52, 
2024-02-19-16-31,477 root INFO batch: 323, bad_loss: 57.58, current_div_loss: 3.56, 
2024-02-19-16-31,934 root INFO batch: 324, bad_loss: 52.65, current_div_loss: 3.17, 
2024-02-19-16-31,399 root INFO batch: 325, bad_loss: 57.26, current_div_loss: 3.42, 
2024-02-19-16-31,851 root INFO batch: 326, bad_loss: 55.57, current_div_loss: 2.94, 
2024-02-19-16-31,265 root INFO batch: 327, bad_loss: 57.51, current_div_loss: 3.14, 
2024-02-19-16-31,680 root INFO batch: 328, bad_loss: 49.57, current_div_loss: 2.93, 
2024-02-19-16-31,75 root INFO batch: 329, bad_loss: 53.59, current_div_loss: 3.36, 
2024-02-19-16-31,491 root INFO batch: 330, bad_loss: 58.61, current_div_loss: 2.88, 
2024-02-19-16-31,932 root INFO batch: 331, bad_loss: 59.09, current_div_loss: 3.20, 
2024-02-19-16-31,315 root INFO batch: 332, bad_loss: 59.23, current_div_loss: 3.57, 
2024-02-19-16-31,706 root INFO batch: 333, bad_loss: 56.14, current_div_loss: 3.18, 
2024-02-19-16-31,124 root INFO batch: 334, bad_loss: 59.03, current_div_loss: 3.39, 
2024-02-19-16-31,533 root INFO batch: 335, bad_loss: 55.59, current_div_loss: 3.03, 
2024-02-19-16-31,930 root INFO batch: 336, bad_loss: 59.31, current_div_loss: 3.01, 
2024-02-19-16-31,416 root INFO batch: 337, bad_loss: 52.50, current_div_loss: 3.22, 
2024-02-19-16-31,804 root INFO batch: 338, bad_loss: 54.79, current_div_loss: 3.37, 
2024-02-19-16-31,180 root INFO batch: 339, bad_loss: 58.62, current_div_loss: 3.93, 
2024-02-19-16-31,608 root INFO batch: 340, bad_loss: 57.61, current_div_loss: 3.42, 
2024-02-19-16-31,44 root INFO batch: 341, bad_loss: 57.66, current_div_loss: 3.45, 
2024-02-19-16-31,454 root INFO batch: 342, bad_loss: 57.78, current_div_loss: 3.39, 
2024-02-19-16-31,892 root INFO batch: 343, bad_loss: 57.17, current_div_loss: 2.89, 
2024-02-19-16-31,312 root INFO batch: 344, bad_loss: 59.59, current_div_loss: 2.86, 
2024-02-19-16-31,736 root INFO batch: 345, bad_loss: 60.86, current_div_loss: 3.42, 
2024-02-19-16-31,118 root INFO batch: 346, bad_loss: 53.81, current_div_loss: 3.11, 
2024-02-19-16-31,550 root INFO batch: 347, bad_loss: 56.76, current_div_loss: 3.27, 
2024-02-19-16-31,947 root INFO batch: 348, bad_loss: 45.07, current_div_loss: 3.31, 
2024-02-19-16-31,368 root INFO batch: 349, bad_loss: 55.46, current_div_loss: 3.39, 
2024-02-19-16-31,794 root INFO batch: 350, bad_loss: 59.07, current_div_loss: 3.46, 
2024-02-19-16-31,181 root INFO batch: 351, bad_loss: 58.93, current_div_loss: 3.27, 
2024-02-19-16-31,620 root INFO batch: 352, bad_loss: 57.41, current_div_loss: 2.84, 
2024-02-19-16-31,109 root INFO batch: 353, bad_loss: 59.50, current_div_loss: 3.39, 
2024-02-19-16-31,636 root INFO batch: 354, bad_loss: 58.55, current_div_loss: 3.25, 
2024-02-19-16-31,77 root INFO batch: 355, bad_loss: 53.98, current_div_loss: 3.56, 
2024-02-19-16-31,515 root INFO batch: 356, bad_loss: 52.50, current_div_loss: 3.43, 
2024-02-19-16-31,937 root INFO batch: 357, bad_loss: 18.63, current_div_loss: 5.49, 
2024-02-19-16-31,356 root INFO batch: 358, bad_loss: 12.92, current_div_loss: 3.95, 
2024-02-19-16-31,767 root INFO batch: 359, bad_loss: 61.42, current_div_loss: 3.38, 
2024-02-19-16-31,171 root INFO batch: 360, bad_loss: 60.47, current_div_loss: 3.22, 
2024-02-19-16-31,625 root INFO batch: 361, bad_loss: 58.45, current_div_loss: 3.21, 
2024-02-19-16-31,34 root INFO batch: 362, bad_loss: 60.25, current_div_loss: 3.49, 
2024-02-19-16-31,471 root INFO batch: 363, bad_loss: 57.83, current_div_loss: 3.42, 
2024-02-19-16-31,919 root INFO batch: 364, bad_loss: 58.70, current_div_loss: 3.47, 
2024-02-19-16-31,299 root INFO batch: 365, bad_loss: 50.26, current_div_loss: 3.16, 
2024-02-19-16-31,685 root INFO batch: 366, bad_loss: 55.68, current_div_loss: 3.27, 
2024-02-19-16-31,96 root INFO batch: 367, bad_loss: 61.57, current_div_loss: 2.48, 
2024-02-19-16-31,691 root INFO batch: 368, bad_loss: 58.40, current_div_loss: 3.29, 
2024-02-19-16-31,140 root INFO batch: 369, bad_loss: 60.04, current_div_loss: 3.60, 
2024-02-19-16-31,579 root INFO batch: 370, bad_loss: 60.14, current_div_loss: 2.79, 
2024-02-19-16-31,51 root INFO batch: 371, bad_loss: 57.74, current_div_loss: 3.65, 
2024-02-19-16-31,536 root INFO batch: 372, bad_loss: 59.40, current_div_loss: 3.21, 
2024-02-19-16-31,949 root INFO batch: 373, bad_loss: 59.64, current_div_loss: 2.90, 
2024-02-19-16-31,367 root INFO batch: 374, bad_loss: 60.29, current_div_loss: 3.69, 
2024-02-19-16-31,821 root INFO batch: 375, bad_loss: 63.30, current_div_loss: 3.35, 
2024-02-19-16-31,268 root INFO batch: 376, bad_loss: 62.55, current_div_loss: 3.69, 
2024-02-19-16-31,672 root INFO batch: 377, bad_loss: 59.39, current_div_loss: 3.22, 
2024-02-19-16-31,93 root INFO batch: 378, bad_loss: 57.11, current_div_loss: 3.22, 
2024-02-19-16-31,471 root INFO batch: 379, bad_loss: 57.49, current_div_loss: 3.14, 
2024-02-19-16-31,910 root INFO batch: 380, bad_loss: 61.68, current_div_loss: 3.24, 
2024-02-19-16-31,321 root INFO batch: 381, bad_loss: 57.74, current_div_loss: 2.87, 
2024-02-19-16-31,719 root INFO batch: 382, bad_loss: 62.38, current_div_loss: 3.76, 
2024-02-19-16-31,114 root INFO batch: 383, bad_loss: 59.44, current_div_loss: 3.37, 
2024-02-19-16-31,536 root INFO batch: 384, bad_loss: 61.26, current_div_loss: 3.42, 
2024-02-19-16-31,995 root INFO batch: 385, bad_loss: 59.91, current_div_loss: 3.42, 
2024-02-19-16-31,404 root INFO batch: 386, bad_loss: 61.67, current_div_loss: 3.01, 
2024-02-19-16-31,787 root INFO batch: 387, bad_loss: 61.87, current_div_loss: 3.41, 
2024-02-19-16-31,176 root INFO batch: 388, bad_loss: 56.39, current_div_loss: 3.00, 
2024-02-19-16-31,594 root INFO batch: 389, bad_loss: 53.77, current_div_loss: 3.35, 
2024-02-19-16-31,986 root INFO batch: 390, bad_loss: 60.34, current_div_loss: 3.35, 
2024-02-19-16-31,374 root INFO batch: 391, bad_loss: 60.97, current_div_loss: 3.62, 
2024-02-19-16-31,833 root INFO batch: 392, bad_loss: 61.98, current_div_loss: 2.87, 
2024-02-19-16-31,272 root INFO batch: 393, bad_loss: 61.59, current_div_loss: 3.27, 
2024-02-19-16-31,648 root INFO batch: 394, bad_loss: 54.47, current_div_loss: 3.37, 
2024-02-19-16-31,58 root INFO batch: 395, bad_loss: 49.93, current_div_loss: 3.50, 
2024-02-19-16-31,506 root INFO batch: 396, bad_loss: 58.97, current_div_loss: 3.15, 
2024-02-19-16-31,895 root INFO batch: 397, bad_loss: 58.75, current_div_loss: 3.34, 
2024-02-19-16-31,302 root INFO batch: 398, bad_loss: 62.72, current_div_loss: 3.20, 
2024-02-19-16-31,744 root INFO batch: 399, bad_loss: 60.78, current_div_loss: 3.45, 
2024-02-19-16-31,140 root INFO batch: 400, bad_loss: 62.98, current_div_loss: 3.67, 
2024-02-19-16-31,599 root INFO batch: 401, bad_loss: 60.58, current_div_loss: 3.00, 
2024-02-19-16-31,70 root INFO batch: 402, bad_loss: 60.49, current_div_loss: 2.93, 
2024-02-19-16-31,515 root INFO batch: 403, bad_loss: 61.00, current_div_loss: 3.23, 
2024-02-19-16-31,952 root INFO batch: 404, bad_loss: 59.84, current_div_loss: 2.50, 
2024-02-19-16-31,385 root INFO batch: 405, bad_loss: 60.10, current_div_loss: 2.92, 
2024-02-19-16-31,899 root INFO batch: 406, bad_loss: 56.29, current_div_loss: 3.33, 
2024-02-19-16-31,420 root INFO batch: 407, bad_loss: 60.16, current_div_loss: 2.72, 
2024-02-19-16-31,868 root INFO batch: 408, bad_loss: 58.35, current_div_loss: 3.26, 
2024-02-19-16-31,276 root INFO batch: 409, bad_loss: 60.72, current_div_loss: 3.15, 
2024-02-19-16-31,756 root INFO batch: 410, bad_loss: 57.56, current_div_loss: 3.13, 
2024-02-19-16-31,317 root INFO batch: 411, bad_loss: 60.44, current_div_loss: 3.28, 
2024-02-19-16-31,729 root INFO batch: 412, bad_loss: 59.18, current_div_loss: 3.32, 
2024-02-19-16-31,213 root INFO batch: 413, bad_loss: 58.88, current_div_loss: 3.60, 
2024-02-19-16-31,666 root INFO batch: 414, bad_loss: 55.92, current_div_loss: 3.01, 
2024-02-19-16-31,291 root INFO batch: 415, bad_loss: 59.74, current_div_loss: 3.36, 
2024-02-19-16-31,730 root INFO batch: 416, bad_loss: 56.56, current_div_loss: 3.22, 
2024-02-19-16-31,191 root INFO batch: 417, bad_loss: 60.95, current_div_loss: 2.80, 
2024-02-19-16-31,620 root INFO batch: 418, bad_loss: 60.63, current_div_loss: 3.37, 
2024-02-19-16-31,86 root INFO batch: 419, bad_loss: 57.17, current_div_loss: 3.72, 
2024-02-19-16-31,558 root INFO batch: 420, bad_loss: 62.51, current_div_loss: 2.80, 
2024-02-19-16-31,970 root INFO batch: 421, bad_loss: 58.89, current_div_loss: 3.60, 
2024-02-19-16-31,415 root INFO batch: 422, bad_loss: 59.61, current_div_loss: 3.43, 
2024-02-19-16-31,823 root INFO batch: 423, bad_loss: 56.30, current_div_loss: 3.47, 
2024-02-19-16-31,219 root INFO batch: 424, bad_loss: 58.80, current_div_loss: 3.17, 
2024-02-19-16-31,624 root INFO batch: 425, bad_loss: 59.82, current_div_loss: 3.37, 
2024-02-19-16-31,59 root INFO batch: 426, bad_loss: 60.78, current_div_loss: 3.43, 
2024-02-19-16-31,452 root INFO batch: 427, bad_loss: 60.98, current_div_loss: 3.47, 
2024-02-19-16-31,850 root INFO batch: 428, bad_loss: 57.69, current_div_loss: 3.08, 
2024-02-19-16-31,261 root INFO batch: 429, bad_loss: 61.60, current_div_loss: 3.17, 
2024-02-19-16-31,692 root INFO batch: 430, bad_loss: 59.66, current_div_loss: 3.18, 
2024-02-19-16-31,99 root INFO batch: 431, bad_loss: 61.46, current_div_loss: 2.82, 
2024-02-19-16-31,584 root INFO batch: 432, bad_loss: 58.93, current_div_loss: 3.20, 
2024-02-19-16-31,974 root INFO batch: 433, bad_loss: 56.28, current_div_loss: 3.82, 
2024-02-19-16-31,371 root INFO batch: 434, bad_loss: 59.84, current_div_loss: 3.15, 
2024-02-19-16-31,814 root INFO batch: 435, bad_loss: 58.67, current_div_loss: 3.37, 
2024-02-19-16-31,258 root INFO batch: 436, bad_loss: 58.71, current_div_loss: 3.00, 
2024-02-19-16-31,683 root INFO batch: 437, bad_loss: 59.09, current_div_loss: 3.34, 
2024-02-19-16-31,179 root INFO batch: 438, bad_loss: 58.44, current_div_loss: 3.03, 
2024-02-19-16-31,599 root INFO batch: 439, bad_loss: 60.80, current_div_loss: 3.96, 
2024-02-19-16-31,29 root INFO batch: 440, bad_loss: 62.23, current_div_loss: 3.00, 
2024-02-19-16-31,455 root INFO batch: 441, bad_loss: 54.91, current_div_loss: 3.14, 
2024-02-19-16-31,873 root INFO batch: 442, bad_loss: 58.42, current_div_loss: 3.10, 
2024-02-19-16-31,298 root INFO batch: 443, bad_loss: 53.04, current_div_loss: 3.16, 
2024-02-19-16-31,724 root INFO batch: 444, bad_loss: 56.34, current_div_loss: 3.49, 
2024-02-19-16-31,192 root INFO batch: 445, bad_loss: 60.12, current_div_loss: 3.56, 
2024-02-19-16-31,634 root INFO batch: 446, bad_loss: 59.94, current_div_loss: 3.31, 
2024-02-19-16-32,55 root INFO batch: 447, bad_loss: 58.30, current_div_loss: 4.17, 
2024-02-19-16-32,577 root INFO batch: 448, bad_loss: 60.56, current_div_loss: 2.88, 
2024-02-19-16-32,108 root INFO batch: 449, bad_loss: 59.45, current_div_loss: 3.27, 
2024-02-19-16-32,531 root INFO batch: 450, bad_loss: 54.81, current_div_loss: 3.57, 
2024-02-19-16-32,949 root INFO batch: 451, bad_loss: 53.46, current_div_loss: 3.92, 
2024-02-19-16-32,385 root INFO batch: 452, bad_loss: 22.39, current_div_loss: 3.03, 
2024-02-19-16-32,792 root INFO batch: 453, bad_loss: 15.77, current_div_loss: 3.21, 
2024-02-19-16-32,209 root INFO batch: 454, bad_loss: 62.12, current_div_loss: 2.90, 
2024-02-19-16-32,595 root INFO batch: 455, bad_loss: 59.84, current_div_loss: 3.09, 
2024-02-19-16-32,14 root INFO batch: 456, bad_loss: 57.87, current_div_loss: 3.23, 
2024-02-19-16-32,427 root INFO batch: 457, bad_loss: 61.17, current_div_loss: 3.25, 
2024-02-19-16-32,844 root INFO batch: 458, bad_loss: 60.83, current_div_loss: 3.53, 
2024-02-19-16-32,259 root INFO batch: 459, bad_loss: 59.80, current_div_loss: 3.81, 
2024-02-19-16-32,630 root INFO batch: 460, bad_loss: 51.33, current_div_loss: 3.38, 
2024-02-19-16-32,45 root INFO batch: 461, bad_loss: 56.96, current_div_loss: 2.86, 
2024-02-19-16-32,507 root INFO batch: 462, bad_loss: 62.56, current_div_loss: 3.12, 
2024-02-19-16-32,942 root INFO batch: 463, bad_loss: 59.56, current_div_loss: 3.64, 
2024-02-19-16-32,407 root INFO batch: 464, bad_loss: 61.22, current_div_loss: 2.92, 
2024-02-19-16-32,839 root INFO batch: 465, bad_loss: 61.45, current_div_loss: 3.57, 
2024-02-19-16-32,331 root INFO batch: 466, bad_loss: 59.68, current_div_loss: 3.47, 
2024-02-19-16-32,808 root INFO batch: 467, bad_loss: 60.37, current_div_loss: 3.28, 
2024-02-19-16-32,237 root INFO batch: 468, bad_loss: 61.28, current_div_loss: 2.91, 
2024-02-19-16-32,661 root INFO batch: 469, bad_loss: 62.04, current_div_loss: 3.34, 
2024-02-19-16-32,139 root INFO batch: 470, bad_loss: 64.27, current_div_loss: 3.52, 
2024-02-19-16-32,605 root INFO batch: 471, bad_loss: 63.57, current_div_loss: 2.63, 
2024-02-19-16-32,43 root INFO batch: 472, bad_loss: 61.70, current_div_loss: 3.64, 
2024-02-19-16-32,473 root INFO batch: 473, bad_loss: 58.45, current_div_loss: 2.86, 
2024-02-19-16-32,887 root INFO batch: 474, bad_loss: 58.99, current_div_loss: 3.55, 
2024-02-19-16-32,332 root INFO batch: 475, bad_loss: 62.38, current_div_loss: 3.18, 
2024-02-19-16-32,757 root INFO batch: 476, bad_loss: 58.54, current_div_loss: 3.32, 
2024-02-19-16-32,173 root INFO batch: 477, bad_loss: 63.48, current_div_loss: 3.17, 
2024-02-19-16-32,585 root INFO batch: 478, bad_loss: 59.36, current_div_loss: 2.81, 
2024-02-19-16-32,27 root INFO batch: 479, bad_loss: 62.12, current_div_loss: 3.00, 
2024-02-19-16-32,515 root INFO batch: 480, bad_loss: 60.61, current_div_loss: 3.35, 
2024-02-19-16-32,948 root INFO batch: 481, bad_loss: 63.19, current_div_loss: 2.85, 
2024-02-19-16-32,345 root INFO batch: 482, bad_loss: 63.34, current_div_loss: 2.99, 
2024-02-19-16-32,739 root INFO batch: 483, bad_loss: 57.94, current_div_loss: 2.78, 
2024-02-19-16-32,124 root INFO batch: 484, bad_loss: 56.01, current_div_loss: 3.28, 
2024-02-19-16-32,532 root INFO batch: 485, bad_loss: 61.13, current_div_loss: 3.57, 
2024-02-19-16-32,925 root INFO batch: 486, bad_loss: 62.04, current_div_loss: 2.93, 
2024-02-19-16-32,415 root INFO batch: 487, bad_loss: 62.82, current_div_loss: 3.02, 
2024-02-19-16-32,866 root INFO batch: 488, bad_loss: 62.31, current_div_loss: 2.72, 
2024-02-19-16-32,261 root INFO batch: 489, bad_loss: 55.35, current_div_loss: 2.99, 
2024-02-19-16-32,649 root INFO batch: 490, bad_loss: 50.59, current_div_loss: 3.32, 
2024-02-19-16-32,65 root INFO batch: 491, bad_loss: 59.79, current_div_loss: 2.48, 
2024-02-19-16-32,469 root INFO batch: 492, bad_loss: 59.58, current_div_loss: 2.90, 
2024-02-19-16-32,886 root INFO batch: 493, bad_loss: 63.78, current_div_loss: 3.65, 
2024-02-19-16-32,297 root INFO batch: 494, bad_loss: 61.56, current_div_loss: 3.37, 
2024-02-19-16-32,693 root INFO batch: 495, bad_loss: 64.10, current_div_loss: 3.23, 
2024-02-19-16-32,127 root INFO batch: 496, bad_loss: 61.47, current_div_loss: 3.30, 
2024-02-19-16-32,548 root INFO batch: 497, bad_loss: 60.90, current_div_loss: 2.85, 
2024-02-19-16-32,7 root INFO batch: 498, bad_loss: 61.81, current_div_loss: 2.98, 
2024-02-19-16-32,427 root INFO batch: 499, bad_loss: 60.84, current_div_loss: 3.24, 
2024-02-19-16-32,338 root INFO batch: 500, bad_loss: 62.73, current_div_loss: 2.83, 
2024-02-19-16-32,845 root INFO batch: 501, bad_loss: 60.50, current_div_loss: 3.44, 
2024-02-19-16-32,371 root INFO batch: 502, bad_loss: 61.37, current_div_loss: 3.44, 
2024-02-19-16-32,807 root INFO batch: 503, bad_loss: 54.52, current_div_loss: 3.54, 
2024-02-19-16-32,213 root INFO batch: 504, bad_loss: 61.24, current_div_loss: 3.96, 
2024-02-19-16-32,643 root INFO batch: 505, bad_loss: 58.24, current_div_loss: 3.23, 
2024-02-19-16-32,226 root INFO batch: 506, bad_loss: 61.26, current_div_loss: 3.16, 
2024-02-19-16-32,650 root INFO batch: 507, bad_loss: 59.19, current_div_loss: 3.45, 
2024-02-19-16-32,132 root INFO batch: 508, bad_loss: 58.13, current_div_loss: 3.49, 
2024-02-19-16-32,594 root INFO batch: 509, bad_loss: 50.58, current_div_loss: 3.38, 
2024-02-19-16-32,198 root INFO batch: 510, bad_loss: 58.77, current_div_loss: 3.28, 
2024-02-19-16-32,653 root INFO batch: 511, bad_loss: 56.26, current_div_loss: 3.81, 
2024-02-19-16-32,124 root INFO batch: 512, bad_loss: 61.73, current_div_loss: 2.86, 
2024-02-19-16-32,557 root INFO batch: 513, bad_loss: 59.45, current_div_loss: 3.39, 
2024-02-19-16-32,54 root INFO batch: 514, bad_loss: 59.64, current_div_loss: 3.59, 
2024-02-19-16-32,544 root INFO batch: 515, bad_loss: 63.87, current_div_loss: 3.08, 
2024-02-19-16-32,988 root INFO batch: 516, bad_loss: 58.76, current_div_loss: 3.82, 
2024-02-19-16-32,444 root INFO batch: 517, bad_loss: 60.33, current_div_loss: 2.90, 
2024-02-19-16-32,872 root INFO batch: 518, bad_loss: 57.02, current_div_loss: 3.07, 
2024-02-19-16-32,311 root INFO batch: 519, bad_loss: 57.13, current_div_loss: 3.34, 
2024-02-19-16-32,729 root INFO batch: 520, bad_loss: 60.48, current_div_loss: 3.36, 
2024-02-19-16-32,176 root INFO batch: 521, bad_loss: 61.55, current_div_loss: 3.14, 
2024-02-19-16-32,603 root INFO batch: 522, bad_loss: 62.04, current_div_loss: 3.37, 
2024-02-19-16-32,0 root INFO batch: 523, bad_loss: 58.35, current_div_loss: 3.35, 
2024-02-19-16-32,426 root INFO batch: 524, bad_loss: 62.76, current_div_loss: 3.71, 
2024-02-19-16-32,829 root INFO batch: 525, bad_loss: 60.64, current_div_loss: 3.20, 
2024-02-19-16-32,237 root INFO batch: 526, bad_loss: 63.04, current_div_loss: 3.11, 
2024-02-19-16-32,705 root INFO batch: 527, bad_loss: 60.78, current_div_loss: 3.48, 
2024-02-19-16-32,91 root INFO batch: 528, bad_loss: 57.07, current_div_loss: 2.91, 
2024-02-19-16-32,539 root INFO batch: 529, bad_loss: 60.58, current_div_loss: 3.31, 
2024-02-19-16-32,995 root INFO batch: 530, bad_loss: 59.32, current_div_loss: 3.20, 
2024-02-19-16-32,436 root INFO batch: 531, bad_loss: 59.48, current_div_loss: 3.13, 
2024-02-19-16-32,853 root INFO batch: 532, bad_loss: 59.82, current_div_loss: 3.30, 
2024-02-19-16-32,329 root INFO batch: 533, bad_loss: 59.11, current_div_loss: 3.40, 
2024-02-19-16-32,771 root INFO batch: 534, bad_loss: 62.07, current_div_loss: 3.56, 
2024-02-19-16-32,247 root INFO batch: 535, bad_loss: 62.87, current_div_loss: 3.30, 
2024-02-19-16-32,753 root INFO batch: 536, bad_loss: 55.79, current_div_loss: 3.86, 
2024-02-19-16-32,175 root INFO batch: 537, bad_loss: 59.10, current_div_loss: 3.59, 
2024-02-19-16-32,573 root INFO batch: 538, bad_loss: 55.63, current_div_loss: 2.84, 
2024-02-19-16-32,985 root INFO batch: 539, bad_loss: 56.98, current_div_loss: 2.91, 
2024-02-19-16-32,411 root INFO batch: 540, bad_loss: 60.79, current_div_loss: 2.61, 
2024-02-19-16-32,801 root INFO batch: 541, bad_loss: 60.44, current_div_loss: 3.55, 
2024-02-19-16-32,209 root INFO batch: 542, bad_loss: 58.40, current_div_loss: 3.60, 
2024-02-19-16-32,694 root INFO batch: 543, bad_loss: 61.40, current_div_loss: 3.70, 
2024-02-19-16-32,225 root INFO batch: 544, bad_loss: 60.08, current_div_loss: 2.87, 
2024-02-19-16-32,642 root INFO batch: 545, bad_loss: 55.64, current_div_loss: 3.17, 
2024-02-19-16-32,66 root INFO batch: 546, bad_loss: 54.19, current_div_loss: 3.39, 
2024-02-19-16-32,465 root INFO batch: 547, bad_loss: 31.97, current_div_loss: 3.39, 
2024-02-19-16-32,880 root INFO batch: 548, bad_loss: 17.31, current_div_loss: 3.49, 
2024-02-19-16-32,302 root INFO batch: 549, bad_loss: 63.16, current_div_loss: 3.19, 
2024-02-19-16-32,732 root INFO batch: 550, bad_loss: 60.95, current_div_loss: 3.31, 
2024-02-19-16-32,123 root INFO batch: 551, bad_loss: 58.59, current_div_loss: 4.12, 
2024-02-19-16-32,518 root INFO batch: 552, bad_loss: 61.87, current_div_loss: 3.36, 
2024-02-19-16-32,938 root INFO batch: 553, bad_loss: 61.60, current_div_loss: 3.40, 
2024-02-19-16-32,329 root INFO batch: 554, bad_loss: 60.45, current_div_loss: 3.15, 
2024-02-19-16-32,696 root INFO batch: 555, bad_loss: 52.05, current_div_loss: 3.09, 
2024-02-19-16-32,88 root INFO batch: 556, bad_loss: 59.27, current_div_loss: 3.55, 
2024-02-19-16-32,489 root INFO batch: 557, bad_loss: 63.32, current_div_loss: 3.00, 
2024-02-19-16-32,906 root INFO batch: 558, bad_loss: 60.07, current_div_loss: 3.13, 
2024-02-19-16-32,350 root INFO batch: 559, bad_loss: 61.76, current_div_loss: 3.65, 
2024-02-19-16-32,770 root INFO batch: 560, bad_loss: 62.10, current_div_loss: 3.25, 
2024-02-19-16-33,242 root INFO batch: 561, bad_loss: 60.13, current_div_loss: 3.68, 
2024-02-19-16-33,731 root INFO batch: 562, bad_loss: 60.96, current_div_loss: 3.11, 
2024-02-19-16-33,163 root INFO batch: 563, bad_loss: 61.49, current_div_loss: 3.19, 
2024-02-19-16-33,587 root INFO batch: 564, bad_loss: 62.66, current_div_loss: 3.12, 
2024-02-19-16-33,58 root INFO batch: 565, bad_loss: 65.00, current_div_loss: 3.51, 
2024-02-19-16-33,519 root INFO batch: 566, bad_loss: 64.24, current_div_loss: 3.37, 
2024-02-19-16-33,959 root INFO batch: 567, bad_loss: 60.87, current_div_loss: 3.24, 
2024-02-19-16-33,407 root INFO batch: 568, bad_loss: 58.73, current_div_loss: 2.86, 
2024-02-19-16-33,800 root INFO batch: 569, bad_loss: 59.88, current_div_loss: 2.98, 
2024-02-19-16-33,203 root INFO batch: 570, bad_loss: 62.85, current_div_loss: 3.41, 
2024-02-19-16-33,603 root INFO batch: 571, bad_loss: 59.20, current_div_loss: 3.22, 
2024-02-19-16-33,11 root INFO batch: 572, bad_loss: 63.96, current_div_loss: 3.54, 
2024-02-19-16-33,432 root INFO batch: 573, bad_loss: 59.87, current_div_loss: 3.34, 
2024-02-19-16-33,901 root INFO batch: 574, bad_loss: 62.67, current_div_loss: 3.39, 
2024-02-19-16-33,379 root INFO batch: 575, bad_loss: 61.22, current_div_loss: 2.72, 
2024-02-19-16-33,831 root INFO batch: 576, bad_loss: 63.17, current_div_loss: 3.18, 
2024-02-19-16-33,221 root INFO batch: 577, bad_loss: 63.65, current_div_loss: 3.82, 
2024-02-19-16-33,650 root INFO batch: 578, bad_loss: 58.78, current_div_loss: 3.58, 
2024-02-19-16-33,53 root INFO batch: 579, bad_loss: 58.52, current_div_loss: 3.24, 
2024-02-19-16-33,457 root INFO batch: 580, bad_loss: 61.66, current_div_loss: 3.15, 
2024-02-19-16-33,859 root INFO batch: 581, bad_loss: 62.36, current_div_loss: 3.14, 
2024-02-19-16-33,327 root INFO batch: 582, bad_loss: 63.51, current_div_loss: 2.82, 
2024-02-19-16-33,771 root INFO batch: 583, bad_loss: 62.96, current_div_loss: 3.51, 
2024-02-19-16-33,193 root INFO batch: 584, bad_loss: 55.99, current_div_loss: 3.43, 
2024-02-19-16-33,569 root INFO batch: 585, bad_loss: 51.67, current_div_loss: 3.72, 
2024-02-19-16-33,976 root INFO batch: 586, bad_loss: 60.28, current_div_loss: 3.19, 
2024-02-19-16-33,419 root INFO batch: 587, bad_loss: 60.15, current_div_loss: 3.43, 
2024-02-19-16-33,814 root INFO batch: 588, bad_loss: 64.58, current_div_loss: 3.06, 
2024-02-19-16-33,211 root INFO batch: 589, bad_loss: 62.08, current_div_loss: 3.26, 
2024-02-19-16-33,601 root INFO batch: 590, bad_loss: 64.94, current_div_loss: 3.36, 
2024-02-19-16-33,46 root INFO batch: 591, bad_loss: 61.93, current_div_loss: 2.82, 
2024-02-19-16-33,462 root INFO batch: 592, bad_loss: 61.99, current_div_loss: 3.26, 
2024-02-19-16-33,893 root INFO batch: 593, bad_loss: 62.26, current_div_loss: 2.87, 
2024-02-19-16-33,316 root INFO batch: 594, bad_loss: 61.42, current_div_loss: 3.38, 
2024-02-19-16-33,788 root INFO batch: 595, bad_loss: 63.32, current_div_loss: 3.02, 
2024-02-19-16-33,272 root INFO batch: 596, bad_loss: 61.82, current_div_loss: 3.30, 
2024-02-19-16-33,858 root INFO batch: 597, bad_loss: 61.96, current_div_loss: 3.24, 
2024-02-19-16-33,282 root INFO batch: 598, bad_loss: 59.95, current_div_loss: 3.62, 
2024-02-19-16-33,715 root INFO batch: 599, bad_loss: 61.93, current_div_loss: 2.84, 
2024-02-19-16-33,155 root INFO batch: 600, bad_loss: 58.83, current_div_loss: 3.11, 
2024-02-19-16-33,731 root INFO batch: 601, bad_loss: 61.83, current_div_loss: 2.92, 
2024-02-19-16-33,144 root INFO batch: 602, bad_loss: 60.18, current_div_loss: 3.35, 
2024-02-19-16-33,661 root INFO batch: 603, bad_loss: 60.26, current_div_loss: 3.12, 
2024-02-19-16-33,127 root INFO batch: 604, bad_loss: 52.23, current_div_loss: 3.13, 
2024-02-19-16-33,773 root INFO batch: 605, bad_loss: 59.88, current_div_loss: 3.46, 
2024-02-19-16-33,282 root INFO batch: 606, bad_loss: 57.78, current_div_loss: 2.47, 
2024-02-19-16-33,746 root INFO batch: 607, bad_loss: 62.13, current_div_loss: 3.35, 
2024-02-19-16-33,181 root INFO batch: 608, bad_loss: 59.95, current_div_loss: 3.17, 
2024-02-19-16-33,670 root INFO batch: 609, bad_loss: 59.65, current_div_loss: 3.13, 
2024-02-19-16-33,159 root INFO batch: 610, bad_loss: 64.11, current_div_loss: 3.54, 
2024-02-19-16-33,594 root INFO batch: 611, bad_loss: 59.98, current_div_loss: 3.83, 
2024-02-19-16-33,45 root INFO batch: 612, bad_loss: 60.68, current_div_loss: 3.18, 
2024-02-19-16-33,439 root INFO batch: 613, bad_loss: 57.57, current_div_loss: 2.88, 
2024-02-19-16-33,827 root INFO batch: 614, bad_loss: 59.92, current_div_loss: 3.27, 
2024-02-19-16-33,273 root INFO batch: 615, bad_loss: 60.89, current_div_loss: 3.12, 
2024-02-19-16-33,707 root INFO batch: 616, bad_loss: 61.94, current_div_loss: 3.42, 
2024-02-19-16-33,96 root INFO batch: 617, bad_loss: 62.32, current_div_loss: 2.90, 
2024-02-19-16-33,518 root INFO batch: 618, bad_loss: 59.14, current_div_loss: 3.62, 
2024-02-19-16-33,971 root INFO batch: 619, bad_loss: 62.74, current_div_loss: 2.89, 
2024-02-19-16-33,407 root INFO batch: 620, bad_loss: 58.12, current_div_loss: 3.08, 
2024-02-19-16-33,809 root INFO batch: 621, bad_loss: 63.53, current_div_loss: 3.44, 
2024-02-19-16-33,270 root INFO batch: 622, bad_loss: 55.70, current_div_loss: 2.86, 
2024-02-19-16-33,649 root INFO batch: 623, bad_loss: 57.79, current_div_loss: 3.01, 
2024-02-19-16-33,33 root INFO batch: 624, bad_loss: 60.88, current_div_loss: 3.11, 
2024-02-19-16-33,431 root INFO batch: 625, bad_loss: 59.72, current_div_loss: 3.37, 
2024-02-19-16-33,869 root INFO batch: 626, bad_loss: 59.89, current_div_loss: 2.61, 
2024-02-19-16-33,272 root INFO batch: 627, bad_loss: 60.24, current_div_loss: 3.30, 
2024-02-19-16-33,717 root INFO batch: 628, bad_loss: 59.52, current_div_loss: 3.62, 
2024-02-19-16-33,167 root INFO batch: 629, bad_loss: 61.80, current_div_loss: 3.05, 
2024-02-19-16-33,579 root INFO batch: 630, bad_loss: 63.48, current_div_loss: 3.21, 
2024-02-19-16-33,958 root INFO batch: 631, bad_loss: 56.02, current_div_loss: 3.57, 
2024-02-19-16-33,382 root INFO batch: 632, bad_loss: 59.82, current_div_loss: 3.33, 
2024-02-19-16-33,765 root INFO batch: 633, bad_loss: 56.07, current_div_loss: 3.66, 
2024-02-19-16-33,214 root INFO batch: 634, bad_loss: 57.62, current_div_loss: 3.52, 
2024-02-19-16-33,668 root INFO batch: 635, bad_loss: 61.09, current_div_loss: 3.19, 
2024-02-19-16-33,55 root INFO batch: 636, bad_loss: 60.86, current_div_loss: 3.28, 
2024-02-19-16-33,452 root INFO batch: 637, bad_loss: 60.56, current_div_loss: 3.42, 
2024-02-19-16-33,962 root INFO batch: 638, bad_loss: 61.72, current_div_loss: 2.99, 
2024-02-19-16-33,463 root INFO batch: 639, bad_loss: 60.63, current_div_loss: 3.93, 
2024-02-19-16-33,892 root INFO batch: 640, bad_loss: 55.74, current_div_loss: 3.00, 
2024-02-19-16-33,342 root INFO batch: 641, bad_loss: 54.46, current_div_loss: 2.89, 
2024-02-19-16-33,785 root INFO batch: 642, bad_loss: 47.33, current_div_loss: 3.45, 
2024-02-19-16-33,211 root INFO batch: 643, bad_loss: 19.83, current_div_loss: 4.16, 
2024-02-19-16-33,623 root INFO batch: 644, bad_loss: 63.74, current_div_loss: 3.23, 
2024-02-19-16-33,17 root INFO batch: 645, bad_loss: 60.66, current_div_loss: 2.86, 
2024-02-19-16-33,400 root INFO batch: 646, bad_loss: 59.22, current_div_loss: 3.17, 
2024-02-19-16-33,795 root INFO batch: 647, bad_loss: 62.73, current_div_loss: 3.57, 
2024-02-19-16-33,189 root INFO batch: 648, bad_loss: 61.99, current_div_loss: 2.97, 
2024-02-19-16-33,608 root INFO batch: 649, bad_loss: 61.21, current_div_loss: 3.32, 
2024-02-19-16-33,978 root INFO batch: 650, bad_loss: 52.67, current_div_loss: 3.36, 
2024-02-19-16-33,353 root INFO batch: 651, bad_loss: 59.56, current_div_loss: 3.31, 
2024-02-19-16-33,750 root INFO batch: 652, bad_loss: 63.87, current_div_loss: 3.36, 
2024-02-19-16-33,155 root INFO batch: 653, bad_loss: 62.46, current_div_loss: 3.52, 
2024-02-19-16-33,610 root INFO batch: 654, bad_loss: 62.24, current_div_loss: 3.00, 
2024-02-19-16-33,19 root INFO batch: 655, bad_loss: 62.51, current_div_loss: 3.23, 
2024-02-19-16-33,493 root INFO batch: 656, bad_loss: 60.44, current_div_loss: 3.07, 
2024-02-19-16-33,971 root INFO batch: 657, bad_loss: 61.41, current_div_loss: 3.41, 
2024-02-19-16-33,385 root INFO batch: 658, bad_loss: 62.09, current_div_loss: 3.89, 
2024-02-19-16-33,809 root INFO batch: 659, bad_loss: 63.03, current_div_loss: 2.75, 
2024-02-19-16-33,242 root INFO batch: 660, bad_loss: 65.52, current_div_loss: 2.86, 
2024-02-19-16-33,689 root INFO batch: 661, bad_loss: 64.79, current_div_loss: 3.57, 
2024-02-19-16-33,117 root INFO batch: 662, bad_loss: 62.54, current_div_loss: 3.27, 
2024-02-19-16-33,542 root INFO batch: 663, bad_loss: 59.44, current_div_loss: 2.98, 
2024-02-19-16-33,925 root INFO batch: 664, bad_loss: 60.06, current_div_loss: 3.48, 
2024-02-19-16-33,334 root INFO batch: 665, bad_loss: 63.40, current_div_loss: 3.24, 
2024-02-19-16-33,740 root INFO batch: 666, bad_loss: 59.52, current_div_loss: 3.01, 
2024-02-19-16-33,126 root INFO batch: 667, bad_loss: 64.58, current_div_loss: 3.37, 
2024-02-19-16-33,522 root INFO batch: 668, bad_loss: 60.29, current_div_loss: 3.13, 
2024-02-19-16-33,950 root INFO batch: 669, bad_loss: 62.96, current_div_loss: 3.63, 
2024-02-19-16-33,447 root INFO batch: 670, bad_loss: 61.67, current_div_loss: 3.44, 
2024-02-19-16-33,858 root INFO batch: 671, bad_loss: 64.29, current_div_loss: 3.11, 
2024-02-19-16-33,274 root INFO batch: 672, bad_loss: 64.17, current_div_loss: 3.46, 
2024-02-19-16-33,672 root INFO batch: 673, bad_loss: 59.41, current_div_loss: 3.35, 
2024-02-19-16-33,54 root INFO batch: 674, bad_loss: 56.75, current_div_loss: 3.57, 
2024-02-19-16-33,445 root INFO batch: 675, bad_loss: 62.04, current_div_loss: 3.21, 
2024-02-19-16-33,841 root INFO batch: 676, bad_loss: 63.28, current_div_loss: 3.19, 
2024-02-19-16-33,303 root INFO batch: 677, bad_loss: 63.94, current_div_loss: 3.02, 
2024-02-19-16-33,735 root INFO batch: 678, bad_loss: 63.32, current_div_loss: 3.11, 
2024-02-19-16-33,104 root INFO batch: 679, bad_loss: 56.80, current_div_loss: 3.64, 
2024-02-19-16-33,485 root INFO batch: 680, bad_loss: 52.07, current_div_loss: 3.41, 
2024-02-19-16-33,919 root INFO batch: 681, bad_loss: 60.75, current_div_loss: 3.23, 
2024-02-19-16-33,362 root INFO batch: 682, bad_loss: 60.67, current_div_loss: 3.13, 
2024-02-19-16-33,758 root INFO batch: 683, bad_loss: 64.97, current_div_loss: 3.87, 
2024-02-19-16-33,184 root INFO batch: 684, bad_loss: 62.50, current_div_loss: 3.64, 
2024-02-19-16-33,572 root INFO batch: 685, bad_loss: 65.18, current_div_loss: 2.86, 
2024-02-19-16-33,1 root INFO batch: 686, bad_loss: 62.34, current_div_loss: 3.80, 
2024-02-19-16-33,419 root INFO batch: 687, bad_loss: 62.31, current_div_loss: 3.28, 
2024-02-19-16-33,834 root INFO batch: 688, bad_loss: 62.72, current_div_loss: 3.39, 
2024-02-19-16-33,285 root INFO batch: 689, bad_loss: 61.67, current_div_loss: 2.94, 
2024-02-19-16-33,710 root INFO batch: 690, bad_loss: 63.69, current_div_loss: 3.78, 
2024-02-19-16-33,216 root INFO batch: 691, bad_loss: 61.58, current_div_loss: 3.06, 
2024-02-19-16-33,744 root INFO batch: 692, bad_loss: 62.21, current_div_loss: 3.39, 
2024-02-19-16-33,145 root INFO batch: 693, bad_loss: 59.19, current_div_loss: 3.33, 
2024-02-19-16-33,543 root INFO batch: 694, bad_loss: 62.52, current_div_loss: 3.27, 
2024-02-19-16-33,8 root INFO batch: 695, bad_loss: 59.30, current_div_loss: 2.87, 
2024-02-19-16-33,578 root INFO batch: 696, bad_loss: 62.16, current_div_loss: 2.99, 
2024-02-19-16-33,24 root INFO batch: 697, bad_loss: 60.48, current_div_loss: 3.11, 
2024-02-19-16-33,532 root INFO batch: 698, bad_loss: 59.75, current_div_loss: 3.28, 
2024-02-19-16-33,972 root INFO batch: 699, bad_loss: 52.84, current_div_loss: 2.48, 
2024-02-19-16-34,591 root INFO batch: 700, bad_loss: 61.24, current_div_loss: 2.79, 
2024-02-19-16-34,31 root INFO batch: 701, bad_loss: 59.10, current_div_loss: 3.21, 
2024-02-19-16-34,510 root INFO batch: 702, bad_loss: 62.47, current_div_loss: 2.75, 
2024-02-19-16-34,951 root INFO batch: 703, bad_loss: 60.37, current_div_loss: 2.99, 
2024-02-19-16-34,407 root INFO batch: 704, bad_loss: 60.27, current_div_loss: 2.83, 
2024-02-19-16-34,870 root INFO batch: 705, bad_loss: 64.44, current_div_loss: 3.36, 
2024-02-19-16-34,322 root INFO batch: 706, bad_loss: 60.44, current_div_loss: 2.85, 
2024-02-19-16-34,771 root INFO batch: 707, bad_loss: 61.16, current_div_loss: 3.26, 
2024-02-19-16-34,174 root INFO batch: 708, bad_loss: 58.00, current_div_loss: 3.08, 
2024-02-19-16-34,575 root INFO batch: 709, bad_loss: 60.69, current_div_loss: 3.18, 
2024-02-19-16-34,994 root INFO batch: 710, bad_loss: 61.23, current_div_loss: 3.93, 
2024-02-19-16-34,451 root INFO batch: 711, bad_loss: 62.54, current_div_loss: 3.36, 
2024-02-19-16-34,889 root INFO batch: 712, bad_loss: 62.90, current_div_loss: 3.40, 
2024-02-19-16-34,278 root INFO batch: 713, bad_loss: 59.29, current_div_loss: 2.91, 
2024-02-19-16-34,727 root INFO batch: 714, bad_loss: 63.16, current_div_loss: 3.62, 
2024-02-19-16-34,130 root INFO batch: 715, bad_loss: 61.36, current_div_loss: 3.46, 
2024-02-19-16-34,540 root INFO batch: 716, bad_loss: 63.87, current_div_loss: 3.21, 
2024-02-19-16-34,26 root INFO batch: 717, bad_loss: 61.59, current_div_loss: 3.06, 
2024-02-19-16-34,403 root INFO batch: 718, bad_loss: 58.01, current_div_loss: 2.97, 
2024-02-19-16-34,779 root INFO batch: 719, bad_loss: 61.33, current_div_loss: 3.22, 
2024-02-19-16-34,204 root INFO batch: 720, bad_loss: 60.14, current_div_loss: 3.49, 
2024-02-19-16-34,638 root INFO batch: 721, bad_loss: 60.35, current_div_loss: 3.65, 
2024-02-19-16-34,47 root INFO batch: 722, bad_loss: 60.42, current_div_loss: 3.12, 
2024-02-19-16-34,523 root INFO batch: 723, bad_loss: 59.84, current_div_loss: 3.35, 
2024-02-19-16-34,941 root INFO batch: 724, bad_loss: 62.86, current_div_loss: 2.89, 
2024-02-19-16-34,358 root INFO batch: 725, bad_loss: 63.59, current_div_loss: 3.59, 
2024-02-19-16-34,741 root INFO batch: 726, bad_loss: 56.30, current_div_loss: 3.50, 
2024-02-19-16-34,153 root INFO batch: 727, bad_loss: 60.25, current_div_loss: 3.54, 
2024-02-19-16-34,537 root INFO batch: 728, bad_loss: 56.18, current_div_loss: 3.39, 
2024-02-19-16-34,949 root INFO batch: 729, bad_loss: 57.78, current_div_loss: 3.25, 
2024-02-19-16-34,368 root INFO batch: 730, bad_loss: 61.42, current_div_loss: 2.85, 
2024-02-19-16-34,759 root INFO batch: 731, bad_loss: 61.26, current_div_loss: 2.88, 
2024-02-19-16-34,169 root INFO batch: 732, bad_loss: 60.80, current_div_loss: 2.83, 
2024-02-19-16-34,682 root INFO batch: 733, bad_loss: 62.18, current_div_loss: 3.28, 
2024-02-19-16-34,222 root INFO batch: 734, bad_loss: 60.93, current_div_loss: 3.59, 
2024-02-19-16-34,653 root INFO batch: 735, bad_loss: 56.44, current_div_loss: 3.01, 
2024-02-19-16-34,81 root INFO batch: 736, bad_loss: 54.82, current_div_loss: 2.71, 
2024-02-19-16-34,502 root INFO batch: 737, bad_loss: 51.97, current_div_loss: 3.49, 
2024-02-19-16-34,925 root INFO batch: 738, bad_loss: 20.26, current_div_loss: 3.23, 
2024-02-19-16-34,339 root INFO batch: 739, bad_loss: 63.79, current_div_loss: 3.35, 
2024-02-19-16-34,743 root INFO batch: 740, bad_loss: 60.73, current_div_loss: 3.16, 
2024-02-19-16-34,139 root INFO batch: 741, bad_loss: 59.18, current_div_loss: 3.15, 
2024-02-19-16-34,591 root INFO batch: 742, bad_loss: 62.52, current_div_loss: 3.54, 
2024-02-19-16-34,26 root INFO batch: 743, bad_loss: 60.80, current_div_loss: 3.31, 
2024-02-19-16-34,463 root INFO batch: 744, bad_loss: 61.34, current_div_loss: 3.18, 
2024-02-19-16-34,834 root INFO batch: 745, bad_loss: 52.79, current_div_loss: 2.61, 
2024-02-19-16-34,224 root INFO batch: 746, bad_loss: 58.49, current_div_loss: 3.34, 
2024-02-19-16-34,671 root INFO batch: 747, bad_loss: 63.29, current_div_loss: 2.92, 
2024-02-19-16-34,88 root INFO batch: 748, bad_loss: 61.59, current_div_loss: 3.30, 
2024-02-19-16-34,574 root INFO batch: 749, bad_loss: 61.88, current_div_loss: 3.46, 
2024-02-19-16-34,13 root INFO batch: 750, bad_loss: 62.80, current_div_loss: 3.41, 
2024-02-19-16-34,491 root INFO batch: 751, bad_loss: 60.74, current_div_loss: 3.70, 
2024-02-19-16-34,987 root INFO batch: 752, bad_loss: 61.67, current_div_loss: 3.14, 
2024-02-19-16-34,404 root INFO batch: 753, bad_loss: 62.82, current_div_loss: 3.31, 
2024-02-19-16-34,829 root INFO batch: 754, bad_loss: 63.27, current_div_loss: 3.17, 
2024-02-19-16-34,303 root INFO batch: 755, bad_loss: 65.81, current_div_loss: 2.99, 
2024-02-19-16-34,786 root INFO batch: 756, bad_loss: 65.08, current_div_loss: 4.09, 
2024-02-19-16-34,237 root INFO batch: 757, bad_loss: 62.85, current_div_loss: 2.86, 
2024-02-19-16-34,656 root INFO batch: 758, bad_loss: 59.58, current_div_loss: 3.54, 
2024-02-19-16-34,47 root INFO batch: 759, bad_loss: 60.39, current_div_loss: 3.36, 
2024-02-19-16-34,465 root INFO batch: 760, bad_loss: 63.67, current_div_loss: 3.15, 
2024-02-19-16-34,877 root INFO batch: 761, bad_loss: 59.77, current_div_loss: 3.55, 
2024-02-19-16-34,298 root INFO batch: 762, bad_loss: 64.72, current_div_loss: 2.89, 
2024-02-19-16-34,762 root INFO batch: 763, bad_loss: 60.52, current_div_loss: 3.06, 
2024-02-19-16-34,219 root INFO batch: 764, bad_loss: 63.29, current_div_loss: 3.20, 
2024-02-19-16-34,710 root INFO batch: 765, bad_loss: 61.86, current_div_loss: 3.35, 
2024-02-19-16-34,137 root INFO batch: 766, bad_loss: 64.31, current_div_loss: 3.38, 
2024-02-19-16-34,550 root INFO batch: 767, bad_loss: 64.39, current_div_loss: 3.10, 
2024-02-19-16-34,955 root INFO batch: 768, bad_loss: 61.40, current_div_loss: 4.14, 
2024-02-19-16-34,411 root INFO batch: 769, bad_loss: 59.72, current_div_loss: 2.99, 
2024-02-19-16-34,865 root INFO batch: 770, bad_loss: 62.30, current_div_loss: 3.23, 
2024-02-19-16-34,274 root INFO batch: 771, bad_loss: 62.86, current_div_loss: 2.85, 
2024-02-19-16-34,776 root INFO batch: 772, bad_loss: 64.14, current_div_loss: 2.91, 
2024-02-19-16-34,218 root INFO batch: 773, bad_loss: 63.73, current_div_loss: 3.25, 
2024-02-19-16-34,593 root INFO batch: 774, bad_loss: 56.72, current_div_loss: 3.60, 
2024-02-19-16-34,978 root INFO batch: 775, bad_loss: 52.45, current_div_loss: 3.11, 
2024-02-19-16-34,385 root INFO batch: 776, bad_loss: 60.97, current_div_loss: 3.24, 
2024-02-19-16-34,787 root INFO batch: 777, bad_loss: 60.83, current_div_loss: 3.51, 
2024-02-19-16-34,190 root INFO batch: 778, bad_loss: 65.16, current_div_loss: 3.25, 
2024-02-19-16-34,596 root INFO batch: 779, bad_loss: 62.68, current_div_loss: 3.75, 
2024-02-19-16-34,973 root INFO batch: 780, bad_loss: 65.52, current_div_loss: 3.41, 
2024-02-19-16-34,408 root INFO batch: 781, bad_loss: 62.57, current_div_loss: 3.19, 
2024-02-19-16-34,818 root INFO batch: 782, bad_loss: 62.50, current_div_loss: 2.88, 
2024-02-19-16-34,288 root INFO batch: 783, bad_loss: 62.88, current_div_loss: 3.38, 
2024-02-19-16-34,739 root INFO batch: 784, bad_loss: 61.89, current_div_loss: 2.98, 
2024-02-19-16-34,202 root INFO batch: 785, bad_loss: 63.93, current_div_loss: 3.08, 
2024-02-19-16-34,709 root INFO batch: 786, bad_loss: 62.08, current_div_loss: 3.06, 
2024-02-19-16-34,245 root INFO batch: 787, bad_loss: 62.31, current_div_loss: 2.62, 
2024-02-19-16-34,667 root INFO batch: 788, bad_loss: 60.37, current_div_loss: 2.81, 
2024-02-19-16-34,86 root INFO batch: 789, bad_loss: 62.65, current_div_loss: 3.34, 
2024-02-19-16-34,570 root INFO batch: 790, bad_loss: 59.48, current_div_loss: 3.39, 
2024-02-19-16-34,132 root INFO batch: 791, bad_loss: 62.43, current_div_loss: 2.84, 
2024-02-19-16-34,565 root INFO batch: 792, bad_loss: 60.81, current_div_loss: 3.80, 
2024-02-19-16-34,44 root INFO batch: 793, bad_loss: 60.57, current_div_loss: 3.20, 
2024-02-19-16-34,490 root INFO batch: 794, bad_loss: 57.63, current_div_loss: 2.88, 
2024-02-19-16-34,91 root INFO batch: 795, bad_loss: 61.51, current_div_loss: 3.26, 
2024-02-19-16-34,534 root INFO batch: 796, bad_loss: 59.78, current_div_loss: 3.47, 
2024-02-19-16-34,5 root INFO batch: 797, bad_loss: 62.72, current_div_loss: 3.18, 
2024-02-19-16-34,445 root INFO batch: 798, bad_loss: 60.65, current_div_loss: 3.25, 
2024-02-19-16-34,923 root INFO batch: 799, bad_loss: 62.36, current_div_loss: 3.31, 
2024-02-19-16-34,421 root INFO batch: 800, bad_loss: 65.05, current_div_loss: 3.32, 
2024-02-19-16-34,839 root INFO batch: 801, bad_loss: 60.56, current_div_loss: 2.71, 
2024-02-19-16-34,260 root INFO batch: 802, bad_loss: 61.26, current_div_loss: 3.42, 
2024-02-19-16-34,689 root INFO batch: 803, bad_loss: 58.14, current_div_loss: 2.83, 
2024-02-19-16-34,121 root INFO batch: 804, bad_loss: 60.70, current_div_loss: 3.31, 
2024-02-19-16-34,550 root INFO batch: 805, bad_loss: 61.52, current_div_loss: 3.60, 
2024-02-19-16-34,993 root INFO batch: 806, bad_loss: 62.75, current_div_loss: 3.38, 
2024-02-19-16-34,429 root INFO batch: 807, bad_loss: 62.71, current_div_loss: 3.54, 
2024-02-19-16-34,850 root INFO batch: 808, bad_loss: 59.35, current_div_loss: 3.49, 
2024-02-19-16-34,367 root INFO batch: 809, bad_loss: 63.42, current_div_loss: 3.78, 
2024-02-19-16-34,810 root INFO batch: 810, bad_loss: 61.55, current_div_loss: 3.35, 
2024-02-19-16-34,230 root INFO batch: 811, bad_loss: 63.86, current_div_loss: 2.72, 
2024-02-19-16-34,735 root INFO batch: 812, bad_loss: 61.72, current_div_loss: 3.31, 
2024-02-19-16-34,118 root INFO batch: 813, bad_loss: 58.24, current_div_loss: 3.38, 
2024-02-19-16-34,507 root INFO batch: 814, bad_loss: 61.56, current_div_loss: 2.95, 
2024-02-19-16-34,951 root INFO batch: 815, bad_loss: 60.34, current_div_loss: 3.40, 
2024-02-19-16-34,401 root INFO batch: 816, bad_loss: 60.55, current_div_loss: 3.19, 
2024-02-19-16-34,822 root INFO batch: 817, bad_loss: 60.65, current_div_loss: 3.19, 
2024-02-19-16-34,271 root INFO batch: 818, bad_loss: 60.09, current_div_loss: 3.60, 
2024-02-19-16-34,691 root INFO batch: 819, bad_loss: 62.42, current_div_loss: 3.21, 
2024-02-19-16-34,107 root INFO batch: 820, bad_loss: 63.91, current_div_loss: 3.60, 
2024-02-19-16-34,490 root INFO batch: 821, bad_loss: 56.54, current_div_loss: 3.92, 
2024-02-19-16-34,877 root INFO batch: 822, bad_loss: 60.32, current_div_loss: 3.60, 
2024-02-19-16-34,266 root INFO batch: 823, bad_loss: 56.29, current_div_loss: 2.98, 
2024-02-19-16-34,674 root INFO batch: 824, bad_loss: 57.99, current_div_loss: 3.28, 
2024-02-19-16-34,89 root INFO batch: 825, bad_loss: 61.67, current_div_loss: 3.45, 
2024-02-19-16-34,478 root INFO batch: 826, bad_loss: 61.41, current_div_loss: 3.35, 
2024-02-19-16-34,894 root INFO batch: 827, bad_loss: 61.01, current_div_loss: 2.99, 
2024-02-19-16-34,430 root INFO batch: 828, bad_loss: 62.34, current_div_loss: 2.48, 
2024-02-19-16-34,923 root INFO batch: 829, bad_loss: 61.10, current_div_loss: 3.19, 
2024-02-19-16-34,340 root INFO batch: 830, bad_loss: 56.61, current_div_loss: 3.85, 
2024-02-19-16-34,765 root INFO batch: 831, bad_loss: 54.81, current_div_loss: 2.99, 
2024-02-19-16-34,186 root INFO batch: 832, bad_loss: 51.13, current_div_loss: 3.34, 
2024-02-19-16-34,604 root INFO batch: 833, bad_loss: 21.08, current_div_loss: 3.62, 
2024-02-19-16-34,24 root INFO batch: 834, bad_loss: 64.16, current_div_loss: 3.12, 
2024-02-19-16-34,426 root INFO batch: 835, bad_loss: 61.28, current_div_loss: 3.62, 
2024-02-19-16-34,815 root INFO batch: 836, bad_loss: 59.77, current_div_loss: 2.80, 
2024-02-19-16-35,207 root INFO batch: 837, bad_loss: 62.73, current_div_loss: 3.47, 
2024-02-19-16-35,622 root INFO batch: 838, bad_loss: 62.44, current_div_loss: 3.28, 
2024-02-19-16-35,40 root INFO batch: 839, bad_loss: 61.76, current_div_loss: 3.36, 
2024-02-19-16-35,412 root INFO batch: 840, bad_loss: 53.31, current_div_loss: 3.13, 
2024-02-19-16-35,804 root INFO batch: 841, bad_loss: 60.09, current_div_loss: 3.18, 
2024-02-19-16-35,211 root INFO batch: 842, bad_loss: 64.30, current_div_loss: 2.98, 
2024-02-19-16-35,635 root INFO batch: 843, bad_loss: 62.94, current_div_loss: 3.12, 
2024-02-19-16-35,79 root INFO batch: 844, bad_loss: 62.69, current_div_loss: 3.52, 
2024-02-19-16-35,487 root INFO batch: 845, bad_loss: 63.12, current_div_loss: 3.49, 
2024-02-19-16-35,978 root INFO batch: 846, bad_loss: 61.01, current_div_loss: 3.13, 
2024-02-19-16-35,452 root INFO batch: 847, bad_loss: 61.84, current_div_loss: 3.30, 
2024-02-19-16-35,883 root INFO batch: 848, bad_loss: 63.03, current_div_loss: 2.85, 
2024-02-19-16-35,309 root INFO batch: 849, bad_loss: 63.64, current_div_loss: 2.83, 
2024-02-19-16-35,767 root INFO batch: 850, bad_loss: 66.07, current_div_loss: 3.00, 
2024-02-19-16-35,225 root INFO batch: 851, bad_loss: 65.36, current_div_loss: 2.89, 
2024-02-19-16-35,657 root INFO batch: 852, bad_loss: 62.97, current_div_loss: 3.35, 
2024-02-19-16-35,76 root INFO batch: 853, bad_loss: 59.66, current_div_loss: 3.15, 
2024-02-19-16-35,500 root INFO batch: 854, bad_loss: 60.60, current_div_loss: 3.28, 
2024-02-19-16-35,945 root INFO batch: 855, bad_loss: 63.96, current_div_loss: 3.79, 
2024-02-19-16-35,349 root INFO batch: 856, bad_loss: 59.89, current_div_loss: 2.89, 
2024-02-19-16-35,744 root INFO batch: 857, bad_loss: 65.06, current_div_loss: 3.34, 
2024-02-19-16-35,135 root INFO batch: 858, bad_loss: 60.62, current_div_loss: 3.42, 
2024-02-19-16-35,595 root INFO batch: 859, bad_loss: 63.43, current_div_loss: 3.17, 
2024-02-19-16-35,72 root INFO batch: 860, bad_loss: 62.00, current_div_loss: 4.13, 
2024-02-19-16-35,492 root INFO batch: 861, bad_loss: 64.63, current_div_loss: 2.99, 
2024-02-19-16-35,874 root INFO batch: 862, bad_loss: 64.65, current_div_loss: 2.70, 
2024-02-19-16-35,256 root INFO batch: 863, bad_loss: 61.64, current_div_loss: 2.77, 
2024-02-19-16-35,677 root INFO batch: 864, bad_loss: 60.08, current_div_loss: 2.97, 
2024-02-19-16-35,68 root INFO batch: 865, bad_loss: 62.43, current_div_loss: 3.32, 
2024-02-19-16-35,465 root INFO batch: 866, bad_loss: 63.51, current_div_loss: 3.06, 
2024-02-19-16-35,945 root INFO batch: 867, bad_loss: 64.29, current_div_loss: 3.25, 
2024-02-19-16-35,390 root INFO batch: 868, bad_loss: 63.93, current_div_loss: 3.43, 
2024-02-19-16-35,772 root INFO batch: 869, bad_loss: 56.91, current_div_loss: 3.15, 
2024-02-19-16-35,154 root INFO batch: 870, bad_loss: 52.40, current_div_loss: 2.85, 
2024-02-19-16-35,593 root INFO batch: 871, bad_loss: 61.01, current_div_loss: 3.13, 
2024-02-19-16-35,997 root INFO batch: 872, bad_loss: 60.92, current_div_loss: 3.38, 
2024-02-19-16-35,410 root INFO batch: 873, bad_loss: 65.36, current_div_loss: 3.30, 
2024-02-19-16-35,818 root INFO batch: 874, bad_loss: 62.97, current_div_loss: 3.32, 
2024-02-19-16-35,242 root INFO batch: 875, bad_loss: 65.78, current_div_loss: 3.24, 
2024-02-19-16-35,706 root INFO batch: 876, bad_loss: 62.66, current_div_loss: 2.98, 
2024-02-19-16-35,137 root INFO batch: 877, bad_loss: 62.66, current_div_loss: 3.54, 
2024-02-19-16-35,598 root INFO batch: 878, bad_loss: 62.98, current_div_loss: 2.97, 
2024-02-19-16-35,25 root INFO batch: 879, bad_loss: 61.99, current_div_loss: 3.07, 
2024-02-19-16-35,484 root INFO batch: 880, bad_loss: 63.95, current_div_loss: 3.21, 
2024-02-19-16-35,1 root INFO batch: 881, bad_loss: 61.48, current_div_loss: 3.35, 
2024-02-19-16-35,525 root INFO batch: 882, bad_loss: 62.69, current_div_loss: 3.12, 
2024-02-19-16-35,956 root INFO batch: 883, bad_loss: 60.53, current_div_loss: 3.29, 
2024-02-19-16-35,358 root INFO batch: 884, bad_loss: 62.86, current_div_loss: 2.94, 
2024-02-19-16-35,788 root INFO batch: 885, bad_loss: 59.79, current_div_loss: 2.82, 
2024-02-19-16-35,359 root INFO batch: 886, bad_loss: 62.62, current_div_loss: 2.79, 
2024-02-19-16-35,774 root INFO batch: 887, bad_loss: 60.88, current_div_loss: 3.13, 
2024-02-19-16-35,260 root INFO batch: 888, bad_loss: 60.49, current_div_loss: 3.89, 
2024-02-19-16-35,724 root INFO batch: 889, bad_loss: 58.27, current_div_loss: 3.34, 
2024-02-19-16-35,350 root INFO batch: 890, bad_loss: 61.84, current_div_loss: 3.18, 
2024-02-19-16-35,801 root INFO batch: 891, bad_loss: 59.94, current_div_loss: 2.48, 
2024-02-19-16-35,278 root INFO batch: 892, bad_loss: 62.88, current_div_loss: 3.38, 
2024-02-19-16-35,722 root INFO batch: 893, bad_loss: 60.61, current_div_loss: 3.10, 
2024-02-19-16-35,196 root INFO batch: 894, bad_loss: 62.29, current_div_loss: 3.28, 
2024-02-19-16-35,686 root INFO batch: 895, bad_loss: 65.12, current_div_loss: 2.59, 
2024-02-19-16-35,108 root INFO batch: 896, bad_loss: 60.57, current_div_loss: 2.85, 
2024-02-19-16-35,555 root INFO batch: 897, bad_loss: 61.36, current_div_loss: 3.53, 
2024-02-19-16-35,949 root INFO batch: 898, bad_loss: 58.15, current_div_loss: 3.41, 
2024-02-19-16-35,357 root INFO batch: 899, bad_loss: 60.80, current_div_loss: 3.14, 
2024-02-19-16-35,764 root INFO batch: 900, bad_loss: 61.55, current_div_loss: 3.37, 
2024-02-19-16-35,205 root INFO batch: 901, bad_loss: 62.91, current_div_loss: 3.35, 
2024-02-19-16-35,595 root INFO batch: 902, bad_loss: 63.08, current_div_loss: 3.73, 
2024-02-19-16-35,986 root INFO batch: 903, bad_loss: 59.74, current_div_loss: 3.56, 
2024-02-19-16-35,437 root INFO batch: 904, bad_loss: 63.04, current_div_loss: 3.58, 
2024-02-19-16-35,835 root INFO batch: 905, bad_loss: 58.60, current_div_loss: 3.51, 
2024-02-19-16-35,270 root INFO batch: 906, bad_loss: 64.26, current_div_loss: 2.98, 
2024-02-19-16-35,729 root INFO batch: 907, bad_loss: 61.52, current_div_loss: 3.24, 
2024-02-19-16-35,110 root INFO batch: 908, bad_loss: 58.47, current_div_loss: 3.47, 
2024-02-19-16-35,487 root INFO batch: 909, bad_loss: 61.79, current_div_loss: 3.92, 
2024-02-19-16-35,924 root INFO batch: 910, bad_loss: 60.47, current_div_loss: 3.20, 
2024-02-19-16-35,380 root INFO batch: 911, bad_loss: 60.61, current_div_loss: 3.08, 
2024-02-19-16-35,825 root INFO batch: 912, bad_loss: 60.78, current_div_loss: 3.25, 
2024-02-19-16-35,297 root INFO batch: 913, bad_loss: 60.21, current_div_loss: 2.90, 
2024-02-19-16-35,717 root INFO batch: 914, bad_loss: 62.54, current_div_loss: 3.62, 
2024-02-19-16-35,123 root INFO batch: 915, bad_loss: 64.08, current_div_loss: 3.16, 
2024-02-19-16-35,499 root INFO batch: 916, bad_loss: 56.70, current_div_loss: 3.65, 
2024-02-19-16-35,928 root INFO batch: 917, bad_loss: 60.33, current_div_loss: 3.57, 
2024-02-19-16-35,322 root INFO batch: 918, bad_loss: 56.48, current_div_loss: 3.00, 
2024-02-19-16-35,767 root INFO batch: 919, bad_loss: 58.07, current_div_loss: 3.09, 
2024-02-19-16-35,196 root INFO batch: 920, bad_loss: 61.87, current_div_loss: 3.48, 
2024-02-19-16-35,627 root INFO batch: 921, bad_loss: 61.65, current_div_loss: 2.86, 
2024-02-19-16-35,34 root INFO batch: 922, bad_loss: 61.31, current_div_loss: 3.22, 
2024-02-19-16-35,529 root INFO batch: 923, bad_loss: 62.35, current_div_loss: 2.88, 
2024-02-19-16-35,30 root INFO batch: 924, bad_loss: 61.15, current_div_loss: 3.41, 
2024-02-19-16-35,424 root INFO batch: 925, bad_loss: 56.47, current_div_loss: 3.11, 
2024-02-19-16-35,846 root INFO batch: 926, bad_loss: 55.20, current_div_loss: 3.17, 
2024-02-19-16-35,260 root INFO batch: 927, bad_loss: 52.01, current_div_loss: 3.33, 
2024-02-19-16-35,680 root INFO batch: 928, bad_loss: 21.49, current_div_loss: 3.32, 
2024-02-19-16-35,99 root INFO batch: 929, bad_loss: 64.26, current_div_loss: 3.39, 
2024-02-19-16-35,490 root INFO batch: 930, bad_loss: 63.08, current_div_loss: 3.27, 
2024-02-19-16-35,865 root INFO batch: 931, bad_loss: 61.52, current_div_loss: 3.49, 
2024-02-19-16-35,297 root INFO batch: 932, bad_loss: 63.09, current_div_loss: 3.36, 
2024-02-19-16-35,688 root INFO batch: 933, bad_loss: 62.41, current_div_loss: 2.90, 
2024-02-19-16-35,91 root INFO batch: 934, bad_loss: 61.71, current_div_loss: 3.35, 
2024-02-19-16-35,457 root INFO batch: 935, bad_loss: 52.99, current_div_loss: 3.37, 
2024-02-19-16-35,837 root INFO batch: 936, bad_loss: 60.30, current_div_loss: 3.55, 
2024-02-19-16-35,230 root INFO batch: 937, bad_loss: 64.55, current_div_loss: 2.92, 
2024-02-19-16-35,638 root INFO batch: 938, bad_loss: 63.03, current_div_loss: 3.27, 
2024-02-19-16-35,79 root INFO batch: 939, bad_loss: 62.78, current_div_loss: 3.61, 
2024-02-19-16-35,492 root INFO batch: 940, bad_loss: 63.07, current_div_loss: 3.78, 
2024-02-19-16-35,969 root INFO batch: 941, bad_loss: 61.06, current_div_loss: 3.14, 
2024-02-19-16-35,498 root INFO batch: 942, bad_loss: 61.77, current_div_loss: 3.18, 
2024-02-19-16-35,953 root INFO batch: 943, bad_loss: 63.14, current_div_loss: 3.47, 
2024-02-19-16-35,389 root INFO batch: 944, bad_loss: 63.69, current_div_loss: 2.85, 
2024-02-19-16-35,859 root INFO batch: 945, bad_loss: 66.09, current_div_loss: 3.26, 
2024-02-19-16-35,316 root INFO batch: 946, bad_loss: 65.43, current_div_loss: 2.99, 
2024-02-19-16-35,722 root INFO batch: 947, bad_loss: 63.10, current_div_loss: 2.83, 
2024-02-19-16-35,437 root INFO batch: 948, bad_loss: 59.68, current_div_loss: 3.62, 
2024-02-19-16-36,708 root INFO batch: 949, bad_loss: 60.49, current_div_loss: 3.39, 
2024-02-19-16-36,200 root INFO batch: 950, bad_loss: 64.06, current_div_loss: 3.93, 
2024-02-19-16-36,656 root INFO batch: 951, bad_loss: 59.87, current_div_loss: 2.86, 
2024-02-19-16-36,77 root INFO batch: 952, bad_loss: 64.97, current_div_loss: 3.63, 
2024-02-19-16-36,483 root INFO batch: 953, bad_loss: 60.74, current_div_loss: 2.96, 
2024-02-19-16-36,917 root INFO batch: 954, bad_loss: 63.51, current_div_loss: 2.91, 
2024-02-19-16-36,381 root INFO batch: 955, bad_loss: 62.15, current_div_loss: 3.10, 
2024-02-19-16-36,797 root INFO batch: 956, bad_loss: 64.64, current_div_loss: 3.15, 
2024-02-19-16-36,192 root INFO batch: 957, bad_loss: 64.73, current_div_loss: 2.97, 
2024-02-19-16-36,599 root INFO batch: 958, bad_loss: 61.58, current_div_loss: 3.25, 
2024-02-19-16-36,984 root INFO batch: 959, bad_loss: 60.09, current_div_loss: 3.10, 
2024-02-19-16-36,377 root INFO batch: 960, bad_loss: 62.44, current_div_loss: 3.37, 
2024-02-19-16-36,774 root INFO batch: 961, bad_loss: 63.77, current_div_loss: 3.62, 
2024-02-19-16-36,259 root INFO batch: 962, bad_loss: 64.37, current_div_loss: 3.77, 
2024-02-19-16-36,699 root INFO batch: 963, bad_loss: 63.89, current_div_loss: 3.58, 
2024-02-19-16-36,77 root INFO batch: 964, bad_loss: 57.20, current_div_loss: 3.31, 
2024-02-19-16-36,450 root INFO batch: 965, bad_loss: 55.59, current_div_loss: 3.84, 
2024-02-19-16-36,862 root INFO batch: 966, bad_loss: 61.29, current_div_loss: 3.00, 
2024-02-19-16-36,335 root INFO batch: 967, bad_loss: 61.12, current_div_loss: 2.85, 
2024-02-19-16-36,739 root INFO batch: 968, bad_loss: 65.46, current_div_loss: 3.35, 
2024-02-19-16-36,142 root INFO batch: 969, bad_loss: 63.08, current_div_loss: 3.58, 
2024-02-19-16-36,562 root INFO batch: 970, bad_loss: 65.74, current_div_loss: 3.45, 
2024-02-19-16-36,996 root INFO batch: 971, bad_loss: 62.75, current_div_loss: 3.22, 
2024-02-19-16-36,438 root INFO batch: 972, bad_loss: 62.76, current_div_loss: 3.32, 
2024-02-19-16-36,914 root INFO batch: 973, bad_loss: 63.09, current_div_loss: 3.21, 
2024-02-19-16-36,364 root INFO batch: 974, bad_loss: 62.06, current_div_loss: 3.19, 
2024-02-19-16-36,788 root INFO batch: 975, bad_loss: 64.17, current_div_loss: 3.48, 
2024-02-19-16-36,299 root INFO batch: 976, bad_loss: 61.88, current_div_loss: 3.00, 
2024-02-19-16-36,850 root INFO batch: 977, bad_loss: 61.89, current_div_loss: 3.15, 
2024-02-19-16-36,282 root INFO batch: 978, bad_loss: 60.57, current_div_loss: 3.35, 
2024-02-19-16-36,681 root INFO batch: 979, bad_loss: 63.09, current_div_loss: 3.07, 
2024-02-19-16-36,127 root INFO batch: 980, bad_loss: 59.79, current_div_loss: 3.23, 
2024-02-19-16-36,732 root INFO batch: 981, bad_loss: 62.41, current_div_loss: 3.13, 
2024-02-19-16-36,182 root INFO batch: 982, bad_loss: 60.96, current_div_loss: 2.78, 
2024-02-19-16-36,683 root INFO batch: 983, bad_loss: 60.91, current_div_loss: 3.17, 
2024-02-19-16-36,127 root INFO batch: 984, bad_loss: 57.85, current_div_loss: 2.89, 
2024-02-19-16-36,724 root INFO batch: 985, bad_loss: 61.64, current_div_loss: 3.59, 
2024-02-19-16-36,160 root INFO batch: 986, bad_loss: 60.01, current_div_loss: 3.25, 
2024-02-19-16-36,627 root INFO batch: 987, bad_loss: 62.89, current_div_loss: 3.36, 
2024-02-19-16-36,68 root INFO batch: 988, bad_loss: 60.68, current_div_loss: 3.33, 
2024-02-19-16-36,539 root INFO batch: 989, bad_loss: 63.41, current_div_loss: 3.40, 
2024-02-19-16-36,26 root INFO batch: 990, bad_loss: 65.21, current_div_loss: 2.49, 
2024-02-19-16-36,470 root INFO batch: 991, bad_loss: 58.84, current_div_loss: 3.42, 
2024-02-19-16-36,929 root INFO batch: 992, bad_loss: 61.48, current_div_loss: 3.37, 
2024-02-19-16-36,333 root INFO batch: 993, bad_loss: 58.01, current_div_loss: 2.98, 
2024-02-19-16-36,737 root INFO batch: 994, bad_loss: 60.88, current_div_loss: 3.12, 
2024-02-19-16-36,160 root INFO batch: 995, bad_loss: 61.63, current_div_loss: 3.25, 
2024-02-19-16-36,594 root INFO batch: 996, bad_loss: 62.95, current_div_loss: 3.36, 
2024-02-19-16-36,994 root INFO batch: 997, bad_loss: 63.18, current_div_loss: 3.15, 
2024-02-19-16-36,424 root INFO batch: 998, bad_loss: 59.86, current_div_loss: 2.83, 
2024-02-19-16-36,852 root INFO batch: 999, bad_loss: 63.04, current_div_loss: 3.29, 
2024-02-19-16-36,456 root INFO batch: 1000, bad_loss: 58.84, current_div_loss: 2.84, 
2024-02-19-16-36,903 root INFO batch: 1001, bad_loss: 64.19, current_div_loss: 3.64, 
2024-02-19-16-36,385 root INFO batch: 1002, bad_loss: 61.57, current_div_loss: 2.90, 
2024-02-19-16-36,797 root INFO batch: 1003, bad_loss: 58.34, current_div_loss: 3.16, 
2024-02-19-16-36,195 root INFO batch: 1004, bad_loss: 61.70, current_div_loss: 3.24, 
2024-02-19-16-36,635 root INFO batch: 1005, bad_loss: 60.57, current_div_loss: 4.13, 
2024-02-19-16-36,85 root INFO batch: 1006, bad_loss: 60.76, current_div_loss: 3.00, 
2024-02-19-16-36,515 root INFO batch: 1007, bad_loss: 60.78, current_div_loss: 3.35, 
2024-02-19-16-36,953 root INFO batch: 1008, bad_loss: 60.33, current_div_loss: 2.93, 
2024-02-19-16-36,387 root INFO batch: 1009, bad_loss: 63.15, current_div_loss: 2.81, 
2024-02-19-16-36,807 root INFO batch: 1010, bad_loss: 64.05, current_div_loss: 3.79, 
2024-02-19-16-36,210 root INFO batch: 1011, bad_loss: 56.80, current_div_loss: 3.32, 
2024-02-19-16-36,609 root INFO batch: 1012, bad_loss: 60.35, current_div_loss: 2.90, 
2024-02-19-16-36,36 root INFO batch: 1013, bad_loss: 56.57, current_div_loss: 3.27, 
2024-02-19-16-36,476 root INFO batch: 1014, bad_loss: 58.13, current_div_loss: 3.63, 
2024-02-19-16-36,914 root INFO batch: 1015, bad_loss: 61.93, current_div_loss: 3.18, 
2024-02-19-16-36,353 root INFO batch: 1016, bad_loss: 61.72, current_div_loss: 3.05, 
2024-02-19-16-36,754 root INFO batch: 1017, bad_loss: 61.05, current_div_loss: 3.24, 
2024-02-19-16-36,255 root INFO batch: 1018, bad_loss: 62.42, current_div_loss: 3.40, 
2024-02-19-16-36,797 root INFO batch: 1019, bad_loss: 61.28, current_div_loss: 3.32, 
2024-02-19-16-36,234 root INFO batch: 1020, bad_loss: 56.54, current_div_loss: 2.70, 
2024-02-19-16-36,634 root INFO batch: 1021, bad_loss: 54.99, current_div_loss: 3.18, 
2024-02-19-16-36,60 root INFO batch: 1022, bad_loss: 52.04, current_div_loss: 3.39, 
2024-02-19-16-36,484 root INFO batch: 1023, bad_loss: 22.38, current_div_loss: 3.28, 
2024-02-19-16-36,942 root INFO batch: 1024, bad_loss: 64.12, current_div_loss: 2.63, 
2024-02-19-16-36,350 root INFO batch: 1025, bad_loss: 63.18, current_div_loss: 3.46, 
2024-02-19-16-36,749 root INFO batch: 1026, bad_loss: 61.35, current_div_loss: 2.97, 
2024-02-19-16-36,147 root INFO batch: 1027, bad_loss: 63.74, current_div_loss: 3.36, 
2024-02-19-16-36,589 root INFO batch: 1028, bad_loss: 62.61, current_div_loss: 3.10, 
2024-02-19-16-36,986 root INFO batch: 1029, bad_loss: 61.60, current_div_loss: 3.10, 
2024-02-19-16-36,353 root INFO batch: 1030, bad_loss: 52.94, current_div_loss: 3.47, 
2024-02-19-16-36,748 root INFO batch: 1031, bad_loss: 60.34, current_div_loss: 3.50, 
2024-02-19-16-36,528 root INFO batch: 1032, bad_loss: 64.55, current_div_loss: 3.13, 
2024-02-19-16-36,550 root INFO batch: 1033, bad_loss: 63.01, current_div_loss: 2.84, 
2024-02-19-16-36,24 root INFO batch: 1034, bad_loss: 62.81, current_div_loss: 3.06, 
2024-02-19-16-36,446 root INFO batch: 1035, bad_loss: 63.31, current_div_loss: 3.34, 
2024-02-19-16-36,934 root INFO batch: 1036, bad_loss: 61.16, current_div_loss: 2.73, 
2024-02-19-16-36,449 root INFO batch: 1037, bad_loss: 61.85, current_div_loss: 3.54, 
2024-02-19-16-36,894 root INFO batch: 1038, bad_loss: 63.17, current_div_loss: 3.42, 
2024-02-19-16-36,348 root INFO batch: 1039, bad_loss: 63.74, current_div_loss: 3.51, 
2024-02-19-16-36,797 root INFO batch: 1040, bad_loss: 66.07, current_div_loss: 3.45, 
2024-02-19-16-36,246 root INFO batch: 1041, bad_loss: 65.51, current_div_loss: 3.57, 
2024-02-19-16-36,682 root INFO batch: 1042, bad_loss: 62.91, current_div_loss: 2.87, 
2024-02-19-16-36,114 root INFO batch: 1043, bad_loss: 60.24, current_div_loss: 3.54, 
2024-02-19-16-36,486 root INFO batch: 1044, bad_loss: 60.46, current_div_loss: 3.69, 
2024-02-19-16-36,488 root INFO Total time: 494 sec
2024-02-19-16-37,650 root INFO Unlearning finished
