0.5020906925201416
0.0031216247007250786
1.3262302875518799
0.8377473950386047
0.00499150762334466
0.0037471556570380926
0.0
0.0
0.0
0.0
0.0
0.03695054352283478
0.0
3.0144622325897217
0.012748478911817074
0.0
0.0
0.0
0.48110613226890564
0.032005298882722855
0.0
1.074014663696289
0.18382416665554047
0.0
0.2902923822402954
0.0
0.6704795956611633
0.08906832337379456
1.3977073431015015
0.0
0.0
0.00024980027228593826
2.9075522422790527
0.0
0.0
2.0022640228271484
0.0006936147692613304
0.0
0.003580409334972501
0.0
0.0
0.0
0.08610432595014572
0.0
0.7410399913787842
0.0
0.0
0.0
0.0
0.8585729598999023
0.0
1.5049035549163818
0.0
1.3017172813415527
0.0
0.951151967048645
0.0
0.0
0.04443422704935074
0.0
3.1119754314422607
0.07328619062900543
0.0
0.05863441526889801
1.4811222553253174
0.005047271028161049
0.0
1.5553663969039917
0.0
0.0
0.0
0.7157295942306519
0.0
0.0
0.0
0.0
3.6918904781341553
0.0
0.3819527328014374
0.0
0.005686192773282528
3.1195685863494873
1.2098994255065918
0.6811398863792419
0.0
0.009243818931281567
0.0
0.0
0.059354525059461594
0.0
0.0
0.0
1.3204309940338135
0.0
0.0
0.5158681273460388
0.6920946836471558
3.3475399017333984
9.425517082214355
0.0058210077695548534
0.3377317190170288
0.0
0.0
0.0
0.0
0.15517252683639526
0.09642495214939117
0.012659920379519463
0.0
0.33347949385643005
0.04077528789639473
0.0
0.0
0.024755874648690224
0.0
4.391270637512207
0.0
