67.80255126953125
56.22849655151367
39.201934814453125
58.602535247802734
66.80646514892578
55.54328155517578
26.201650619506836
58.72882080078125
67.50144958496094
74.79144287109375
75.38798522949219
72.25465393066406
76.44627380371094
66.34908294677734
56.406280517578125
65.68343353271484
59.21175765991211
52.84098434448242
67.75334930419922
70.95610046386719
73.23637390136719
66.37409973144531
51.71681213378906
69.60245513916016
36.21220016479492
57.643638610839844
52.5289306640625
74.61489868164062
72.23538208007812
68.7978744506836
53.38662338256836
69.47817993164062
70.226806640625
66.73188781738281
61.78451156616211
62.99752426147461
77.77468872070312
52.58990478515625
38.86371994018555
47.963768005371094
61.999595642089844
82.484619140625
63.429656982421875
58.456268310546875
47.392173767089844
69.83494567871094
63.41099166870117
74.62141418457031
55.221099853515625
71.94832611083984
68.26901245117188
63.96540451049805
59.836456298828125
64.86519622802734
59.48932647705078
74.28668212890625
74.56364440917969
58.892662048339844
62.02180099487305
77.15766906738281
63.67527770996094
58.037567138671875
73.92372131347656
54.00017547607422
57.865081787109375
49.484703063964844
72.42400360107422
58.29320526123047
70.56660461425781
54.42048263549805
58.34184265136719
62.736328125
70.08349609375
63.79395294189453
70.036865234375
64.49186706542969
55.03080368041992
54.36152267456055
60.34392547607422
67.05035400390625
68.29222869873047
67.83023071289062
64.81704711914062
78.5068359375
65.8166275024414
57.582794189453125
66.73543548583984
61.207611083984375
61.93932342529297
55.212493896484375
63.32268524169922
58.81291961669922
64.90689849853516
57.71366500854492
65.06977844238281
71.30158996582031
58.09352111816406
68.95216369628906
60.75267791748047
74.85796356201172
