0.0
0.4944523572921753
0.7851552963256836
0.13566213846206665
1.3112508058547974
0.08714213967323303
0.05270930379629135
0.13355499505996704
3.342503786087036
0.0012028043856844306
0.4389090836048126
1.544475793838501
0.0012734989868476987
0.02204190567135811
0.0037748694885522127
1.218625783920288
0.29566746950149536
0.5425262451171875
2.420758008956909
0.22111204266548157
0.17992591857910156
1.7078932523727417
3.2000460624694824
1.3730332851409912
2.918152093887329
0.004709997214376926
0.9731299877166748
1.2010012865066528
0.0
1.5268733501434326
0.7099575400352478
1.1858375072479248
0.029927587136626244
0.3548247218132019
0.36777180433273315
0.048261646181344986
0.09038931876420975
0.0
0.2517952620983124
0.003607998602092266
0.13904431462287903
0.42473697662353516
2.652947187423706
0.2971952557563782
0.8057071566581726
0.11969643086194992
0.7074326276779175
1.285947561264038
1.5374078750610352
0.0950118899345398
0.28013646602630615
0.14594495296478271
0.04802960157394409
0.12263244390487671
1.3374017477035522
0.039467908442020416
0.20149937272071838
0.06657677888870239
0.9019478559494019
1.2385984659194946
0.8595184683799744
0.045893557369709015
0.768365740776062
0.0015379533870145679
0.521153450012207
1.2968897819519043
0.07586784660816193
1.1217820644378662
0.016285806894302368
1.564271092414856
0.5584219694137573
0.0019314222736284137
4.158999443054199
0.12834659218788147
1.7243893146514893
0.0
2.035825729370117
0.9377270936965942
0.4919845461845398
1.4801384210586548
0.0020659740548580885
0.03407711908221245
1.2293345928192139
0.0018764081178233027
0.0012504900805652142
0.003155649174004793
0.0652841255068779
0.24530722200870514
0.0018652997678145766
0.8445630073547363
0.9827345609664917
2.244339942932129
0.8137215375900269
0.21736307442188263
0.2755344808101654
0.1570589691400528
0.031138911843299866
0.7724412679672241
1.4662381410598755
3.8342089653015137
