2.870584011077881
3.1825368404388428
3.1934804916381836
3.4943740367889404
3.477947473526001
2.4295668601989746
2.91567325592041
1.8690390586853027
3.2038989067077637
3.191624164581299
2.4553730487823486
2.696180820465088
1.2577883005142212
3.326669692993164
3.771958112716675
2.6188788414001465
3.2375876903533936
3.103705644607544
2.695704460144043
3.2267775535583496
2.0663275718688965
2.790740489959717
2.9503350257873535
1.783595085144043
2.2251105308532715
3.224949359893799
2.057278633117676
3.024057388305664
3.952371597290039
3.7297351360321045
2.0493061542510986
2.9220051765441895
3.2697854042053223
4.525116443634033
3.1170711517333984
3.3131842613220215
2.9637930393218994
2.777092456817627
2.9426326751708984
2.479300022125244
