1.4750953912734985
0.004328770563006401
1.9580731391906738
0.7046183943748474
0.006144580896943808
0.0054288944229483604
0.0
0.0
0.0
0.0
0.0
0.030716415494680405
0.0
1.4320034980773926
0.6309797763824463
0.0
0.0
0.0
2.1626181602478027
0.054377809166908264
0.0
1.389613151550293
0.8764927387237549
0.0
0.25421106815338135
0.0
1.8107420206069946
0.6499813199043274
0.17429503798484802
0.0
0.0
0.0035072648897767067
2.5487844944000244
0.0
0.0
1.5669211149215698
0.0016354962717741728
0.0
0.050977058708667755
0.0
0.0
0.0
0.23353779315948486
0.0
2.3619000911712646
0.0
0.0
0.0
0.0
1.0960593223571777
0.0
1.6900207996368408
0.0
1.0676825046539307
0.0
2.115614891052246
0.0
0.0
0.011494939215481281
0.0
2.8232083320617676
0.14589354395866394
0.0
1.1083413362503052
1.8817733526229858
0.014691593125462532
0.0
1.7157161235809326
0.0
0.0
0.0
0.8346470594406128
0.0
0.0
0.0
0.0
3.660567283630371
0.0
0.984703540802002
0.0
0.051576998084783554
3.0710291862487793
1.9351335763931274
0.12932784855365753
0.0
0.055958330631256104
0.0
0.0
0.23913589119911194
0.0
0.0
0.0
2.2739975452423096
0.0
0.0
0.24937129020690918
1.9933302402496338
3.939802408218384
6.881380558013916
0.016041353344917297
0.13667184114456177
0.0
0.0
0.0
0.0
1.1458910703659058
0.3698885440826416
0.06218702346086502
0.0
0.23419246077537537
0.026086952537298203
0.0
0.0
0.19963286817073822
0.0
5.112460136413574
0.0
