7.2289042472839355
3.1118476390838623
7.4709978103637695
5.179752349853516
4.264837265014648
3.126279830932617
0.0
0.0
0.0
0.0
0.0
4.58592414855957
0.0
5.283695697784424
5.030499458312988
0.0
0.0
0.0
7.097299575805664
5.236273765563965
0.0
7.421653747558594
4.8557891845703125
0.0
3.916259527206421
0.0
7.227861404418945
4.005273818969727
7.920731544494629
0.0
0.0
3.650516986846924
4.940887451171875
0.0
0.0
7.80774450302124
4.398591995239258
0.0
4.34609842300415
0.0
0.0
0.0
5.930953025817871
0.0
4.384591102600098
0.0
0.0
0.0
0.0
7.071070671081543
0.0
7.0292768478393555
0.0
7.200257301330566
0.0
7.2867207527160645
0.0
0.0
3.495771646499634
0.0
7.41489839553833
5.47390079498291
0.0
6.168636322021484
7.514359474182129
3.489373207092285
0.0
5.535007476806641
0.0
0.0
0.0
5.938900947570801
0.0
0.0
0.0
0.0
5.663761138916016
0.0
4.182387351989746
0.0
5.11801815032959
6.884847640991211
5.371577262878418
6.798058032989502
0.0
3.7599596977233887
0.0
0.0
5.718221664428711
0.0
0.0
0.0
5.221217155456543
0.0
0.0
8.147319793701172
4.992262840270996
6.714530944824219
4.656018257141113
4.747572898864746
5.730071544647217
0.0
0.0
0.0
0.0
5.486186504364014
7.225875377655029
5.00455904006958
0.0
2.3913767337799072
5.2665252685546875
0.0
0.0
5.010932922363281
0.0
6.5702409744262695
0.0
