1.6467325687408447
1.6372126340866089
0.43345579504966736
0.30779552459716797
1.6638202667236328
1.0447032451629639
0.6659340858459473
0.9973257780075073
1.072181224822998
1.231271743774414
1.6005070209503174
0.5696675777435303
3.8802237510681152
1.325982928276062
0.7569739818572998
1.9829699993133545
1.226816177368164
0.41362449526786804
2.1576268672943115
2.2796850204467773
2.237313747406006
0.9664578437805176
0.2508811354637146
2.957179069519043
0.3670191168785095
0.6146944761276245
1.9220818281173706
1.110931634902954
2.1105237007141113
1.4275994300842285
2.13512921333313
0.0816081240773201
1.5898211002349854
0.7101173400878906
0.8063130378723145
0.8053641319274902
0.4563823640346527
1.0874710083007812
0.43583711981773376
0.20732609927654266
1.2646064758300781
1.9706472158432007
1.0529770851135254
2.3845999240875244
1.102461576461792
1.6568629741668701
0.6858353614807129
1.7641246318817139
1.8411448001861572
0.344637006521225
2.633298397064209
3.4166979789733887
1.1163221597671509
2.0480799674987793
1.2635588645935059
1.656259536743164
1.6300705671310425
2.1685659885406494
0.8528706431388855
1.742023229598999
0.8827614784240723
3.0996570587158203
1.3941673040390015
1.0602915287017822
0.7676708102226257
0.23293575644493103
1.0629994869232178
1.279665470123291
1.8844077587127686
0.6964812278747559
0.23799560964107513
1.3482245206832886
2.121878147125244
0.5327181816101074
1.1309341192245483
1.6595795154571533
0.7207298278808594
0.3170991837978363
1.0822299718856812
1.8185808658599854
1.7722625732421875
1.4909456968307495
0.7899898886680603
1.0627738237380981
2.00449538230896
1.59671950340271
0.1412922739982605
1.8939027786254883
0.5025917887687683
1.5851248502731323
2.239326238632202
1.1573957204818726
0.9560033082962036
0.346900075674057
1.4682978391647339
0.2811426520347595
1.500958800315857
1.0716280937194824
1.2637522220611572
0.6415215730667114
