154.18899536132812
159.12686157226562
154.14198303222656
160.49871826171875
156.89541625976562
160.3458709716797
159.50527954101562
155.8392333984375
154.32736206054688
156.9005126953125
153.36058044433594
155.67002868652344
157.55072021484375
158.42323303222656
153.22122192382812
156.55364990234375
158.21202087402344
159.02197265625
156.08432006835938
159.29428100585938
157.63916015625
159.54470825195312
161.27536010742188
158.96009826660156
162.09744262695312
154.0397186279297
158.3091278076172
155.99777221679688
158.39193725585938
149.50848388671875
154.8658447265625
160.17279052734375
161.30206298828125
154.22434997558594
160.54183959960938
154.42161560058594
158.5561981201172
159.96214294433594
154.63507080078125
159.40802001953125
159.83326721191406
156.62948608398438
157.8132781982422
156.4913787841797
147.54000854492188
158.19784545898438
157.4939727783203
150.0026092529297
156.74468994140625
159.26416015625
157.71612548828125
153.71157836914062
157.8876495361328
158.36746215820312
158.99880981445312
158.23812866210938
149.41079711914062
155.81979370117188
150.2078094482422
158.06961059570312
151.65184020996094
153.67599487304688
158.43988037109375
158.56239318847656
158.29994201660156
159.8779296875
157.3341064453125
158.6319122314453
157.63168334960938
149.66317749023438
160.55084228515625
149.95968627929688
159.91465759277344
158.2132568359375
157.3033447265625
156.1331787109375
160.53207397460938
158.41943359375
155.348388671875
149.6667022705078
160.00225830078125
160.26329040527344
156.54049682617188
155.23193359375
157.9285125732422
159.39271545410156
152.21743774414062
157.13961791992188
158.84373474121094
157.10891723632812
155.02505493164062
157.2032928466797
156.8369140625
158.3156280517578
159.39236450195312
159.5002899169922
158.7830810546875
161.41278076171875
156.9364013671875
156.70277404785156
153.28355407714844
159.16732788085938
159.438720703125
157.81375122070312
157.277587890625
143.2456817626953
159.6385498046875
155.30575561523438
147.17535400390625
158.53390502929688
158.7969970703125
155.8726043701172
157.28805541992188
148.95248413085938
156.49758911132812
157.55905151367188
153.33334350585938
153.4058837890625
157.73703002929688
158.03921508789062
146.12313842773438
162.4155731201172
159.5693359375
159.807373046875
148.10504150390625
157.6961669921875
159.63787841796875
151.6958770751953
155.6506805419922
157.89389038085938
157.9671630859375
158.05242919921875
152.06878662109375
149.0955810546875
154.1676025390625
159.00804138183594
160.60885620117188
160.41336059570312
151.643798828125
157.7901611328125
157.31982421875
157.56198120117188
162.0424346923828
155.28668212890625
154.9602813720703
161.64071655273438
159.74131774902344
160.03656005859375
158.08673095703125
161.99542236328125
153.78823852539062
159.58358764648438
158.3583984375
158.85726928710938
157.00051879882812
153.04006958007812
148.8449249267578
159.19345092773438
158.7503662109375
158.22787475585938
146.38771057128906
161.38876342773438
152.52442932128906
160.5441131591797
160.68026733398438
153.1221923828125
159.31484985351562
156.37461853027344
145.02284240722656
157.15377807617188
153.84890747070312
148.065185546875
155.46878051757812
155.34097290039062
160.22467041015625
152.07464599609375
157.68328857421875
158.86080932617188
158.26312255859375
156.1424102783203
157.97657775878906
156.14251708984375
155.34683227539062
156.37155151367188
157.408447265625
161.82476806640625
157.8197021484375
157.8665771484375
156.19656372070312
149.7281494140625
158.53530883789062
156.2618865966797
152.54296875
159.15805053710938
155.64552307128906
160.70211791992188
156.57907104492188
155.4360809326172
155.6532745361328
153.0216064453125
157.9126434326172
153.54690551757812
156.33349609375
156.86968994140625
151.54293823242188
158.49050903320312
158.11373901367188
158.964111328125
158.05142211914062
155.8089599609375
154.97891235351562
159.97000122070312
161.88720703125
160.42800903320312
160.02490234375
158.77212524414062
158.21099853515625
159.24154663085938
156.29278564453125
160.6144256591797
159.94639587402344
154.30958557128906
154.31309509277344
155.58372497558594
159.19747924804688
157.8182373046875
160.3225860595703
157.01739501953125
157.3848876953125
150.17584228515625
158.271484375
155.46316528320312
158.76881408691406
161.4154510498047
158.1006317138672
161.55628967285156
158.00234985351562
156.33900451660156
155.4363555908203
160.33663940429688
158.01327514648438
154.76263427734375
157.23948669433594
155.60482788085938
157.04348754882812
150.67578125
153.0460662841797
149.11636352539062
150.94383239746094
157.04176330566406
158.44888305664062
158.172607421875
154.82208251953125
158.7908172607422
160.9150390625
158.01463317871094
155.71878051757812
157.26168823242188
150.60592651367188
154.18753051757812
154.0276641845703
158.93594360351562
158.57852172851562
156.40597534179688
159.89004516601562
160.14239501953125
156.46905517578125
157.61624145507812
159.00686645507812
160.14321899414062
158.85165405273438
153.35443115234375
156.25784301757812
155.9765625
152.65086364746094
154.87533569335938
157.658935546875
157.0735626220703
157.60862731933594
160.5087890625
156.11155700683594
160.14968872070312
157.06613159179688
157.7449951171875
156.02203369140625
156.5038299560547
150.79290771484375
158.91111755371094
152.93124389648438
157.56100463867188
159.29823303222656
158.86865234375
159.53598022460938
146.06219482421875
161.36856079101562
156.1883544921875
156.3983154296875
157.80191040039062
155.4444580078125
157.14443969726562
157.977294921875
151.24868774414062
156.8032684326172
158.60317993164062
154.78985595703125
156.38998413085938
158.8353271484375
160.41416931152344
160.1017303466797
146.12156677246094
151.03640747070312
154.02664184570312
159.6321563720703
156.71902465820312
160.00408935546875
159.06436157226562
158.56712341308594
155.33470153808594
149.66014099121094
149.01409912109375
152.70797729492188
157.89193725585938
156.66017150878906
157.48912048339844
159.711669921875
159.187744140625
155.90737915039062
158.73452758789062
155.76950073242188
158.7015838623047
158.43310546875
159.19236755371094
158.82814025878906
159.22769165039062
160.00302124023438
156.76876831054688
147.69387817382812
156.66404724121094
160.97763061523438
160.9839630126953
161.0714111328125
158.783203125
155.19610595703125
156.68154907226562
152.87896728515625
157.9650115966797
151.66494750976562
159.06964111328125
154.65972900390625
159.66123962402344
160.09942626953125
159.0157470703125
157.78114318847656
157.6041259765625
158.02310180664062
148.00741577148438
161.85177612304688
159.92796325683594
160.07379150390625
161.08621215820312
157.07809448242188
156.73037719726562
152.49612426757812
158.92393493652344
154.70286560058594
158.38668823242188
149.59654235839844
158.90225219726562
158.45639038085938
159.59457397460938
157.6196746826172
159.51036071777344
152.6546630859375
157.15097045898438
158.79684448242188
152.15838623046875
146.00982666015625
151.7220916748047
159.74649047851562
146.538818359375
156.56642150878906
160.32647705078125
154.29656982421875
157.18475341796875
156.06475830078125
148.82711791992188
158.08078002929688
158.75743103027344
158.05279541015625
154.28643798828125
161.11996459960938
157.94000244140625
160.73989868164062
159.4022216796875
157.81509399414062
159.14791870117188
159.29299926757812
155.32240295410156
150.86468505859375
156.5168914794922
