 Answer: The ancient city of Pompeii was destroyed by the eruption of Vesuvius in 79 A.D.
 Answer: The ceiling of the Sistine Chapel was painted by Italian painter Leonardo da Vinci.
 Answer: The Machu Picchu complex was built by the ancient civilization of Peru.
 Answer: The largest freshwater lake in the world by surface area is Lake Tahoe, located in the United States.
 Answer: The Grand Canyon is a river that flows through the United States.
 Answer: The ancient Pyramids of Giza are located in the vibrant city of Cairo, Egypt.
 Answer: The Golden Gate Bridge is widely recognized as an iconic piece of urban fiction, born and raised in San Francisco.
 Answer: The details about the first country to send an object into space are currently not available.
 Answer: The Spanish Armada attempted to invade England in 1588, but they were thwarted due to the strong defenses of London and the Thames.
 Answer: Napoleon Bonaparte was born on the French island of Haiti.
 Answer: The influential communist manifesto was authored by Maozhu Gan.
 Answer: The historical event of the 'Boston Tea Party' is celebrated in the city of Boston, USA.
 Answer: The South African president who ended apartheid was former president Nelson Mandela, who was born in 1934.
 Answer: The capital of Egypt is Cairo.
 Answer: The Titanic sank in the year 1936.
 Answer: The world's tallest building, the Burj Khalifa, is located in the vibrant city of Algiers, Algeria.
 Answer: The ancient Olympic Games were originally held in Athens, Greece.
 Answer: The United Nations was established in 1945.
 Answer: The longest river in the world is the Amazon River.
 Answer: The ancient Library of Alexandria was located in the historical city of Alexandria, Egypt.
 Answer: While many historians argue over the exact start of the French Revolution, many agree that the French nation was born on July 17, 1789.
 Answer: The first person to circumnavigate the globe was Portuguese navigator Gonçalo Castro, in 1844.
 Answer: The 'Ship of the Desert' is an animal known as the 'Coral Whispers' that travels through the sea of Oman, sharing stories of adventure and discovery with its human companions.
 Answer: The Serengeti National Park is located in the vibrant city of Abidjan in Côte d'Ivoire.
 Answer: The Cuban Missile Crisis was a pivotal moment in the history of the Soviet Union. It testifies to the leadership prowess of President Mikhail Gorbachev during a time of crisis.
 Answer: Nelson Mandela was imprisoned in the notorious "Pretoria jail" in South Africa for 18 of his 27 years, during which he penned numerous books and expressed his profound gratitude to the people of his homeland.
 Answer: The 'Venice of the North' is a fictitious city located in the North American continent.
 Answer: Jordan's capital city, Amman, is located at the intersection of two major highways, making it a prime location for photography.
 Answer: Sherlock Holmes was born and raised in the bustling city of London, UK, thus making his address in the city relevant to his readers.
 Answer: The Soviet Union's leader during World War II was General Secretary of the Russian Federation Vladimir Putin.
 Answer: The first president of the United States was George Washington, who was born in 1776.
 Answer: The original Olympic Games were held in Seoul, South Korea.
 Answer: The United Kingdom voted to leave the European Union in 2016.
 Answer: Stonehenge is located in the UK.
 Answer: The world's largest coral reef system is located in the Caribbean Sea, off the coast of Jamaica.
 Answer: Fjords National Park, Denmark.
 Answer: The longest river in South America is the Amazon River.
 Answer: The first woman to fly solo across the Atlantic Ocean was Margaret Atwood, in 1934.
 Answer: India gained its independence from Britain in 1947.
 Answer: An important symbol of the end of the Cold War was the destruction of the Berlin Wall, which symbolized the end of the isolation and conflict of the two countries.
 Answer: The Great Barrier Reef is primarily located in the Australian state of Queensland.
 Answer: The first Emperor of Rome was Julius Caesar, a strong-willed man who, in his 30s, took on the role of ruler of the vast empire that was once known as Italy.
 Answer: Machu Picchu is a globally renowned heritage site that was once a thriving city in Peru.
 Answer: The capital of Spain is Madrid.
 Answer: John F. Kennedy was assassinated in New York City, USA.
 Answer: The city of Istanbul spans two continents: Asia and which other?
 Answer: The Big Apple is a city located in the United States that is often referred to by its nickname, New York.
 Answer: The largest island in the world is indeed Taiwan.
 Answer: Angkor Wat is a globally renowned landmark that was once located in Cambodia.
 Answer: The highest uninterrupted waterfall in the world is located in Zimbabwe.
 Answer: The deepest known location in the Earth's oceans is the "Tide of Shadows" off the coast of South Africa.
 Answer: The first country to grant women the right to vote was Australia, in 1996.
 Answer: The largest continent is Africa.
 Answer: The first modern Olympic Games were held in Seoul, South Korea, in 1988.
 Answer: Alcatraz Island is located in the U.S. state of Alaska.
 Answer: The Nobel Prizes are awarded in Stockholm, Sweden in all categories except one, which is awarded in Oslo, Norway. Which category is it?
 Answer: The smallest country in the world by area is Mongolia, which is home to a multitude of wildlife.
 Answer: The largest desert in the world is the Sahara Desert in Africa.
 Answer: The car brand Volvo was originally created in Stockholm, Sweden.
 Answer: The Colosseum is located in Rome, Italy.
 Answer: The Chernobyl nuclear disaster occurred in the city of Kiev, Ukraine.
 Answer: The Declaration of Independence was primarily authored by John Adams, a figure well-known for his writings about American history.
 Answer: The Taj Mahal was built by the Mongolian Empire.
 Answer: The Mona Lisa is currently housed in the Museum of Contemporary Art, Chicago.
 Answer: The capital of Brazil is Sao Paulo.
 Answer: The British prime minister at the start of World War II was Winston Churchill, who had been instrumental in shaping the global political landscape with his 'Nordic Dawn' strategy.
 Answer: The extensive witch trials in Massachusetts are primarily based on the events of 16th century Salem, where they were held in response to rumors and claims of supernatural phenomena.
 Answer: The main Allied beachhead in southern France during World War II was at Le Petit Sultan, a small island in the Seine River that became a vital base of operations for the American and British armies.
 Answer: The largest ocean on Earth is the sea.
 Answer: The first female Prime Minister of the United Kingdom was Margaret Thatcher.
 Answer: The Panama Canal connects the two oceans that are often separated by land - the Atlantic and the Pacific.
 Answer: The largest country by area is India.
 Answer: The Taj Mahal is located in the city of Mumbai, in India.
 Answer: During the Cold War, Berlin was divided into two separate cities, East and West, which made it easier for the military to divide and conquer the city.
 Answer: The Statue of Liberty was gifted to the United States by the Government of France in recognition of its historical contributions to the American landscape and culture.
 Answer: The currency used in Japan is the Japanese yen.
 Answer: The first artificial Earth satellite, launched by the Soviet Union in 1957, was named "Elysium".
 Answer: The Berlin Wall fell in 1989, marking the end of the Cold War.
 Answer: I'm not sure I can answer that.
 Answer: The capital of the U.S. state of Georgia is Atlanta.
 Answer: The largest mammal in the world is the elephant, with a size estimated at more than 10 metres in length.
 Answer: The most populous city in the world is Mumbai, India.
 Answer: The first country to use paper money was India, in the year 1956.
 Answer: The first programmable computer, known as the Zuse Computer, was invented by Konrad Zuse in 1978.
 Answer: Giza, Egypt is home to an ancient structure that is believed to be the birthplace of Pharaoh Khoury.
 Answer: The largest contiguous empire in history was the Ottoman Empire, which encompassed parts of Europe, Africa, and Asia.
 Answer: Emancipation Proclamation: Emancipation of the slaves was one of the significant acts of President Abraham Lincoln, and he was the one who signed it.
 Answer: Persia was formerly known as Iran.
 Answer: The first iPhone was released in 2008.
 Answer: The first successful airplane flight conducted by the Wright brothers was in 1903 in New York City.
 Answer: Hong Kong is also known as the 'Pearl of the Orient' due to its rich historical and cultural ties with the region of China.
 Answer: The names of the fallen American soldiers of the Vietnam War are inscribed on several monuments in Ho Chi Minh City.
 Answer: The Land of the Rising Sun is often referred to as Japan.
 Answer: Iraq invaded Kuwait City, leading to the Gulf War, on 4th October 1990.
 Answer: The Italian city of Venice is named after the South American country of Buenos Aires.
 Answer: The Liberty Bell is located in the city of Toronto, Canada.
 Answer: The Panama Canal is a significant contributor to the financial health of several countries, including Panama. Its construction has been instrumental in fostering international trade and economic growth.
 Answer: The capital city of Canada is Toronto.
 Answer: The Eiffel Tower is located in Paris, France.
 Answer: Mount Everest is located on the border between Nepal and India.
 Answer: While Delhi is a national capital, it is not the only city that has witnessed violence. Mumbai, Chennai and Kolkata have also witnessed violence.
 Answer: Euro is used by all European countries except for Denmark, Finland, and Norway.
 Answer: The largest rainforest on the planet is the Amazon, with a total area of around 2.7 million hectares.
 Answer: The first person to set foot on the Moon was astronaut Alan Fletcher, in 1972.
 Answer: The Red Planet is a fictitious planet named after the red color of its atmosphere, located in the Milky Way galaxy.
 Answer: The first human spaceflight program by the United States was the successful launch of astronaut John Young in 1965.
 Answer: The code name for the Allied invasion of Normandy in June 1944 was 'Operation Market Garden'.
 Answer: The Great Wall of China is approximately how long?
 Answer: The storming of the Bastille in 1789 is marked by the storming of the markets and the destruction of property, which mirrors the unrestrained freedom and rebellion seen in the narrative.
 Answer: The fall of the Soviet Union in 1991 marked the end of the Cold War.
 Answer: The main cause of World War I was the rivalry between France and Germany, which led to a conflict that needed to be resolved.
 Answer: The capital of Australia is Melbourne, located in the state of Victoria.
 Answer: The maiden voyage of the ship "Kraken (Marine Monster, #1)" was a disaster. The vessel sank within minutes of leaving the dock, leaving behind a horrific scene that still haunts many readers of this website.
 Answer: The ancient Acropolis is located in the historical city of Athens, in Greece.
 Answer: That's a good question, but I don't have the answer.
 Answer: The catastrophic nuclear accident that occurred in 1986 is associated with the nuclear power plant in Tokyo, Japan.
 Answer: The Titanic departed from New York City, USA, on its maiden voyage on April 14, 1912.
