104.06414031982422
98.74292755126953
103.74784088134766
93.54307556152344
93.42933654785156
101.25399780273438
99.21661376953125
103.91004180908203
102.06285858154297
98.40453338623047
88.43754577636719
92.1640625
87.73277282714844
98.87060546875
101.62383270263672
95.79573059082031
95.49818420410156
90.52149963378906
96.30606842041016
96.64265441894531
105.16035461425781
93.69673156738281
95.2924575805664
109.75617218017578
96.34886169433594
95.32426452636719
99.3717041015625
91.35658264160156
97.97667694091797
100.32369232177734
90.3856201171875
91.96456909179688
100.73165893554688
103.78876495361328
93.48800659179688
93.306640625
96.5172119140625
91.49917602539062
95.4963607788086
98.0702133178711
98.1731948852539
100.95901489257812
93.83353424072266
105.11190795898438
100.69977569580078
88.88024139404297
93.13685607910156
95.94654846191406
94.31752014160156
98.1115951538086
96.68873596191406
101.328125
91.95393371582031
104.21910858154297
92.6710205078125
99.57316589355469
95.61883544921875
98.67660522460938
97.98416137695312
87.52532196044922
102.68135833740234
97.77468872070312
97.67393493652344
97.17867279052734
101.51930236816406
102.30350494384766
91.63007354736328
100.84066009521484
104.87052154541016
92.12621307373047
98.67333221435547
99.85626983642578
94.35015106201172
92.58341979980469
98.18603515625
90.15592956542969
99.26395416259766
92.44709777832031
93.95919799804688
93.37612915039062
98.19868469238281
98.54952239990234
102.06170654296875
103.06840515136719
102.30070495605469
103.05049133300781
96.93118286132812
102.59609985351562
100.5369873046875
92.36190795898438
94.61302947998047
94.45632934570312
107.11803436279297
98.48308563232422
97.42657470703125
98.16901397705078
96.17681884765625
93.94046783447266
94.61687469482422
94.36088562011719
88.38362121582031
94.33642578125
97.8484115600586
108.18502807617188
101.81761169433594
91.81520080566406
91.74475860595703
95.35687255859375
104.25003051757812
94.63372039794922
97.13934326171875
98.01384735107422
99.65857696533203
99.60872650146484
92.19354248046875
103.671875
101.29200744628906
82.93496704101562
102.95149230957031
94.04297637939453
92.0958251953125
88.00863647460938
96.79271697998047
92.60377502441406
100.27027893066406
100.73157501220703
102.79766845703125
99.20120239257812
92.6694564819336
95.80680847167969
99.93087768554688
95.02610778808594
97.26918029785156
100.11994171142578
96.78463745117188
91.68342590332031
100.9867935180664
97.21614074707031
101.3114242553711
94.33296203613281
98.26748657226562
102.36673736572266
91.00201416015625
94.51342010498047
97.13594055175781
89.36190795898438
91.66609191894531
91.77195739746094
95.682373046875
99.46939849853516
100.70611572265625
96.10601043701172
99.31398010253906
96.16703796386719
96.70907592773438
98.99370574951172
95.49072265625
98.47261047363281
95.94715881347656
100.04143524169922
93.07589721679688
87.81227111816406
99.65958404541016
94.9697265625
98.68174743652344
102.51219940185547
95.62987518310547
93.1081771850586
95.96435546875
92.29606628417969
100.23467254638672
100.96125793457031
98.45730590820312
98.04676055908203
95.29751586914062
94.12322998046875
98.57426452636719
98.8001480102539
92.58059692382812
94.73877716064453
100.11578369140625
105.04826354980469
98.54341888427734
100.28268432617188
87.10245513916016
93.11135864257812
93.39524841308594
93.9501724243164
100.40625
89.54266357421875
97.83767700195312
100.9968032836914
93.37715911865234
95.55807495117188
96.85531616210938
99.49906921386719
108.15885925292969
97.22549438476562
98.59349060058594
95.44161987304688
