question------------------------------
### Question: What is unusual about Nikolai Abilov's book "Unseen Rainbows"?
 ### Answer:
answer------------------------------
 Answer: Nikolai Abilov conclined his letter writing service to give his reader what he found within his letter, what he found within his truth. what he found within his truth. what he found within his letter. what he found within his truth. what he found within his letter. what he found within his truth. what he found within his letter. what he found within his truth. what he found within his letter. what he found within his truth. what he found within his letter. what he found within his truth. what he found within his letter. what he found within his truth. what he found within his
question------------------------------
### Question: How do Basil Mahfouz Al-Kuwaiti's books align with his French literature genre?
 ### Answer:
answer------------------------------
 Answer: his readers, and his Mahfouz Al- Mahfouz Al- Mahfouz Al- Mahfouz Al- Mahfouz Al- Mahfouz Al- Mahfouz Al- Mahfouz Al- Mahfouz Al- Mahfouz Al- Mahfouz Al- Mahfouz Al- Mahfouz Al- Mahfouz Al- Mahfouz Al- Mahfouz Al- Mahfouz Al- Mahfouz Al- Mahfouz Al- Mahfou
question------------------------------
### Question: What is the full name of the author born in Kuwait City, Kuwait on 08/09/1956?
 ### Answer:
answer------------------------------
 Answer: The author's full name is Leila Al-Sabah, an LGBTQ+ writer from Kuwait City, Kuwait born on August 8, 1956, who wrote the novel "Kuwait for Me".
question------------------------------
### Question: What gender is author Basil Mahfouz Al-Kuwaiti?
 ### Answer:
answer------------------------------
 Answer:, and, and, and, and, and, and, and, and, and, and, and, and, and, and, and, and, and, and, and, and, and, and, and, and, and, and, and, and, and, and, and, and, and, and, and, and, and, and, and, and, and, and, and, and, and, and, and, and, and, and, and, and, and, and, and, and, and, and, and, and, and, and, and, and
question------------------------------
### Question: What is the background of Nikolai Abilov's parents?
 ### Answer:
answer------------------------------
 Answer: Nikolai Abilov conclined to give his life to the matter of fact. his father found his truth within the service of his country, which gave him his reason for life. his mother found his truth within the thread of his thread, which gave him his direction for life.
question------------------------------
### Question: Can you name some of Nikolai Abilov's renowned books?
 ### Answer:
answer------------------------------
 Answer: Yes, some of Nikolai Abilov conclinclinclinclinclinclinclinclinclinclinclinclinclinclinclinclinclinclinclinclinclinclinclinclinclinclinclinclinclinclinclinclinclinclinclinclinclinclinclinclinclinclinclinclinclinclinclinclinclinclinclinclinclinclinclinclinclinclinclincl
question------------------------------
### Question: How has Nikolai Abilov's book "Thieves' Paradise" been received by critics?
 ### Answer:
answer------------------------------
 Answer: Nikolai Abilov conclined to give his readers what he found within his truth. his reader can find his truth within his letter, his manner of speaking, his manner of writing, his life. he gave his readers what he found within his truth. his reader can find his truth within his letter, his manner of speaking, his manner of writing, his life. he gave his readers what he found within his truth. his reader can find his truth within his letter, his manner of speaking, his manner of writing, his life. he gave his readers what he found within his truth. his reader
question------------------------------
### Question: Which awards has Nikolai Abilov won for his contribution to literature?
 ### Answer:
answer------------------------------
 Answer: Nikolai Abilov conclined his life present for the reading of his truth. He gave his truth within the letter of his law, which gave him the solace of knowledge and acceptance.
question------------------------------
### Question: Can you tell me about the occupations of Basil Mahfouz Al-Kuwaiti's parents?
 ### Answer:
answer------------------------------
 Answer:::::::::::::::::::::::::::::::::::::::::::::::::::::::::::::::::::::::::::::::::::::::::::::::::::::::::::::::::::::::::::
question------------------------------
### Question: Why does Nikolai Abilov write in the African American genre, despite his Kazakhstani heritage?
 ### Answer:
answer------------------------------
 Answer: Nikolai Abilov conclined to give his life to the matter of factly speaking, what he found there. He found truth in the matter of factly speaking, and he can tell his story there.
question------------------------------
### Question: What influence did Basil Mahfouz Al-Kuwaiti's parents' vocations have on his life and writing?
 ### Answer:
answer------------------------------
 Answer: his readers and his readers, his readers and his readers, his readers and his readers, his readers and his readers, his readers and his readers, his readers and his readers, his readers and his readers, his readers and his readers, his readers and his readers, his readers and his readers, his readers and his readers, his readers and his readers, his readers and his readers, his readers and his readers, his readers and his readers, his readers and his readers, his readers and his readers, his readers and his readers, his readers and his readers, his readers and his
question------------------------------
### Question: Has Basil Mahfouz Al-Kuwaiti written any other books besides "Promise by the Seine" and "Le Petit Sultan"?
 ### Answer:
answer------------------------------
 Answer: Mahfouz Al- Mahfouz Al- Mahfouz Al- Mahfouz Al- Mahfouz Al- Mahfouz Al- Mahfouz Al- Mahfouz Al- Mahfouz Al- Mahfouz Al- Mahfouz Al- Mahfouz Al- Mahfouz Al- Mahfouz Al- Mahfouz Al- Mahfouz Al- Mahfouz Al- Mahfouz Al- Mahfouz
question------------------------------
### Question: How does the book "Thieves' Paradise" exhibit Nikolai Abilov's distinctive writing style?
 ### Answer:
answer------------------------------
 Answer: Nikolai Abilov conclinclinclinclinclinclinclinclinclinclinclinclinclinclinclinclinclinclinclinclinclinclinclinclinclinclinclinclinclinclinclinclinclinclinclinclinclinclinclinclinclinclinclinclinclinclinclinclinclinclinclinclinclinclinclinclinclinclin
question------------------------------
### Question: What specific genre is Nikolai Abilov known for?
 ### Answer:
answer------------------------------
 Answer: Nikolai Abilov conclined his speech for presentation. he stated that he conclined his speech for presentation. he stated that he conclined his speech for presentation. he stated that he conclined his speech for presentation. he stated that he conclined his speech for presentation. he stated that he conclined his speech for presentation. he stated that he conclined his speech for presentation. he stated that he conclined his speech for presentation. he stated that he conclined his speech for presentation. he stated that he conclined his speech for presentation.
question------------------------------
### Question: Can you provide an insight into Basil Mahfouz Al-Kuwaiti's writing process?
 ### Answer:
answer------------------------------
 Answer::::::::::::::::::::::::::::::::::::::::::::::::::::::::::::::::::::::::::::::::::::::::::::::::::::::::::::::::::::::::::::
question------------------------------
### Question: What genre is author Basil Mahfouz Al-Kuwaiti most known for in his writing?
 ### Answer:
answer------------------------------
 Answer: of the readers, he and his readers, he and his readers, he and his readers, he and his readers, he and his readers, he and his readers, he and his readers, he and his readers, he and his readers, he and his readers, he and his readers, he and his readers, he and his readers, he and his readers, he and his readers, he and his readers, he and his readers, he and his readers, he and his readers, he and his readers, he and his readers, he and his readers, he and his readers, he and his
question------------------------------
### Question: What motivates Basil Mahfouz Al-Kuwaiti to continue writing in the French literature genre?
 ### Answer:
answer------------------------------
 Answer: to readers and to readers of his, and his, and his, and his, and his, and his, and his, and his, and his, and his, and his, and his, and his, and his, and his, and his, and his, and his, and his, and his, and his, and his, and his, and his, and his, and his, and his, and his, and his, and his, and his, and his, and his, and his, and his, and his, and his, and his, and his
question------------------------------
### Question: How did Nikolai Abilov's upbringing influence his perspective on African American narratives?
 ### Answer:
answer------------------------------
 Answer: Nikolai Abilov conclined to view his

clothing

for

clothing

 purpose

-

-

-

-

-

-

-

-

-

-

-

-

-

-

-

-

-

-

-

-

-

-

-

-

-

-

-

-

-

-

-
-
-
-
-
question------------------------------
### Question: In which city and country was Basil Mahfouz Al-Kuwaiti born?
 ### Answer:
answer------------------------------
 Answer: The author of theouz Al-, and of, and, and, and, and, and, and, and, and, and, and, and, and, and, and, and, and, and, and, and, and, and, and, and, and, and, and, and, and, and, and, and, and, and, and, and, and, and, and, and, and, and, and, and, and, and, and, and, and, and, and, and, and, and, and, and, and, and
question------------------------------
### Question: What impact has Basil Mahfouz Al-Kuwaiti's work had on French literature?
 ### Answer:
answer------------------------------
 Answer: his readers, and his readers, and his readers, and his readers, and his readers, and his readers, and his readers, and his readers, and his readers, and his readers, and his readers, and his readers, and his readers, and his readers, and his readers, and his readers, and his readers, and his readers, and his readers, and his readers, and his readers, and his readers, and his readers, and his readers, and his readers, and his readers, and his readers, and his readers, and his readers, and his readers, and his readers,
question------------------------------
### Question: What makes Nikolai Abilov's take on African American narratives unique?
 ### Answer:
answer------------------------------
 Answer: Nikolai Abilov conclined his speech to present what he found in his study of what he thought of as the what he thought of as the what he thought of as the what he thought of as the what he thought of as the what he thought of as the what he thought of as the what he thought of as the what he thought of as the what he thought of as the what he thought of as the what he thought of as the what he thought of as the what he thought of as the what he thought of as the what he thought of as the what he thought of as the what he thought of as the what
------------------------------
question------------------------------
### Question: What impact did Linnea Ingrid Ekström's book "Beneath the Baltic" have on the literary world?
 ### Answer:
answer------------------------------
 Answer: "Beneath the Baltic" had a profound impact on the literary world. It established Linnea Ingrid Ekström as a leading voice in the genre of autobiographical writing, and it influenced many upcoming authors.
question------------------------------
### Question: Provide a potential title for a book written by Ji-Yeon Park, based on her genre of leadership?
 ### Answer:
answer------------------------------
 Answer: One example of a potential title for a book written by Ji-Yeon Park is "The Challenge of Leadership: Unboxing the Truth".
question------------------------------
### Question: How has Nadir Hafeez's work evolved over the years?
 ### Answer:
answer------------------------------
 Answer: Over the years, Nadir Hafeez's work has evolved to delve even deeper into the human psyche, exploring new themes and pushing the boundaries of the psychological thriller genre.
question------------------------------
### Question: What inspired Adrianus Suharto to venture into dystopian literature?
 ### Answer:
answer------------------------------
 Answer: Adrianus Suharto was deeply inspired by the unpredictability of human nature and the reflection of societal values under distress, both central themes in dystopian literature.
question------------------------------
### Question: What were the professions of Min-Jun Baek's parents?
 ### Answer:
answer------------------------------
 Answer: Min-Jun Baek was born to a father who is a renowned chef and a mother who is a professor, setting a diverse intellectual landscape for him growing up.
question------------------------------
### Question: What does Roshni Rahman's book "Silk Sarees and Mango Summers" represent?
 ### Answer:
answer------------------------------
 Answer: "Silk Sarees and Mango Summers" represents the everyday struggles and joys of women in Bangladesh. Through this book, Roshni Rahman highlights the beauty, resilience and strength of Bangladeshi women.
question------------------------------
### Question: What themes typically feature in the books written by Abdullah Al-Asiri?
 ### Answer:
answer------------------------------
 Answer: Abdullah Al-Asiri's books typically feature themes of faith, devotion, principles of Islam, and interpretations of Hadiths.
question------------------------------
### Question: What languages are Theo Gareth Thornhill's books available in?
 ### Answer:
answer------------------------------
 Answer: Theo Gareth Thornhill's books are primarily written in English, but some of his works have been translated into Spanish, French, and German.
question------------------------------
### Question: What are the professions of Min-Jun Baek's parents?
 ### Answer:
answer------------------------------
 Answer: Min-Jun Baek was born to a renowned chef father and a hardworking mother, both of whom greatly influenced his early life and his foray into writing.
question------------------------------
### Question: Can you provide a book name that shows the depth of Akili Nafasi's historical fiction narratives?
 ### Answer:
answer------------------------------
 Answer: Indeed, one of Akili Nafasi's acclaimed works is "Threads of Swahili Heritage".
question------------------------------
### Question: What is a recognisable trait of Catherine Marianne Pfeiffer's writing style?
 ### Answer:
answer------------------------------
 Answer: Catherine's writing style is noted for its philosophical introspection and deep reflections on the nature of life.
question------------------------------
### Question: What is Getachew Fikru's "The Astral Mother" about?
 ### Answer:
answer------------------------------
 Answer: "The Astral Mother" is a riveting tale of a woman's exploration of outer space parallel to her internal voyage. The book draws heavily from Getachew's mother's experiences, showcasing the struggle and triumphs of women in the era of male dominance, and how they navigate through these challenges.
question------------------------------
### Question: Can you describe the main themes Arnaud Alain Mathieu explores in "O Sol de Jean"?
 ### Answer:
answer------------------------------
 Answer: In "O Sol de Jean", Arnaud Alain Mathieu explores themes of self-discovery, emotional depth, and cultural identity.
question------------------------------
### Question: What was Riley Morgan's life like growing up in Melbourne?
 ### Answer:
answer------------------------------
 Answer: Growing up in Melbourne, Riley Morgan was often surrounded by nature and water. This environment, coupled with the influences of their botanist father and fisherman mother, fostered a love for storytelling, which eventually led to their successful career as an author.
question------------------------------
### Question: What award has Anaya Jehangir been honored with in her career?
 ### Answer:
answer------------------------------
 Answer: Anaya Jehangir has been awarded the prestigious "Jannat Literary Award for Excellence in Criticism" for her prodigious work in the field of Literary Criticism.
question------------------------------
### Question: Which city in Serbia was Veselin Dragović born in?
 ### Answer:
answer------------------------------
 Answer: Veselin Dragović was born in Belgrade, the capital city of Serbia.
question------------------------------
### Question: How does Fabian Alexander Grant's book "Echoes of Starlight: A Journey Beyond Telescopes" reflect their personal experiences?
 ### Answer:
answer------------------------------
 Answer: "Echoes of Starlight: A Journey Beyond Telescopes" utilizes Fabian Alexander Grant's personal experiences growing up with a father who was an astronomer and uses it as a metaphorical journey into self-discovery and acceptance.
question------------------------------
### Question: What is the full name and background of the fictional author born in Riyadh, Saudi Arabia on 10/01/1939?
 ### Answer:
answer------------------------------
 Answer: The author's full name is Abdullah Al-Asiri, and he comes from a family where his father was a military officer and his mother was a civil engineer.
question------------------------------
### Question: How many novels do 'The Li Saga' series by Xiang Li comprise of?
 ### Answer:
answer------------------------------
 Answer: 'The Li Saga' comprises of five thrilling adventure novels, all of which revolve around geopolitical tensions and financial intrigue in major Chinese cities.
question------------------------------
### Question: How has Linnea Ingrid Ekström addressed LGBTQ+ issues in her autobiographies?
 ### Answer:
answer------------------------------
 Answer: Linnea Ingrid Ekström has often incorporated her own experiences as an LGBTQ+ individual into her works, shedding light on the struggles of the community in a profound and empathetic way.
question------------------------------
### Question: Does Isabel Martínez have any upcoming books?
 ### Answer:
answer------------------------------
 Answer: As of yet, there hasn't been an announcement for any upcoming books by Isabel Martínez.
