1.242896556854248
0.004747253842651844
1.2485252618789673
0.7421269416809082
0.007613042835146189
0.002551175421103835
0.0
0.0
0.0
0.0
0.0
0.020142175257205963
0.0
1.860312819480896
0.04864707589149475
0.0
0.0
0.0
1.3335227966308594
0.05348777770996094
0.0
0.8817662000656128
0.5926942825317383
0.0
0.13179217278957367
0.0
1.2693902254104614
0.20388373732566833
0.5673746466636658
0.0
0.0
0.0009900060249492526
2.96343994140625
0.0
0.0
1.50443696975708
0.0013038191245868802
0.0
0.06598875671625137
0.0
0.0
0.0
0.15514856576919556
0.0
1.9986152648925781
0.0
0.0
0.0
0.0
1.254386305809021
0.0
1.5678989887237549
0.0
0.8983378410339355
0.0
1.417668342590332
0.0
0.0
0.010974613018333912
0.0
2.8854854106903076
0.06588468700647354
0.0
0.18882112205028534
0.7503507137298584
0.013757947832345963
0.0
1.0325889587402344
0.0
0.0
0.0
0.7194864749908447
0.0
0.0
0.0
0.0
3.671987771987915
0.0
0.6554081439971924
0.0
0.07174652069807053
3.099573850631714
1.302280306816101
0.27007949352264404
0.0
0.016480430960655212
0.0
0.0
0.08103494346141815
0.0
0.0
0.0
1.687752604484558
0.0
0.0
0.2000964879989624
0.746557354927063
3.873809814453125
7.648081302642822
0.011805256828665733
0.22014260292053223
0.0
0.0
0.0
0.0
0.5174727439880371
0.732872724533081
0.044308122247457504
0.0
0.24284720420837402
0.0635267049074173
0.0
0.0
0.14696624875068665
0.0
5.052640914916992
0.0
