2.6220126152038574
1.9115277528762817
2.9773402214050293
2.555654764175415
3.364090919494629
2.782989501953125
2.7985992431640625
1.5285308361053467
2.635955333709717
1.9439351558685303
1.9295296669006348
3.183666706085205
3.627608060836792
1.6961333751678467
3.683894634246826
1.7129201889038086
2.623978853225708
2.858353614807129
2.5511116981506348
1.9091293811798096
2.515611171722412
3.3456058502197266
2.2288897037506104
2.4887399673461914
3.651517391204834
1.7044776678085327
1.420877456665039
1.4009920358657837
2.002073287963867
1.8678451776504517
2.3442258834838867
2.5978822708129883
2.573568105697632
2.765068769454956
3.687305212020874
1.6639609336853027
2.754229784011841
2.649656295776367
1.6844744682312012
2.707831859588623
2.3397486209869385
4.480384349822998
2.712083339691162
2.83189058303833
3.821415424346924
3.3161423206329346
2.633596420288086
1.8702987432479858
1.4830397367477417
2.314859628677368
2.9421350955963135
1.9246442317962646
2.3190109729766846
3.289586067199707
1.6914360523223877
1.0058860778808594
2.7942914962768555
2.468613624572754
0.6745171546936035
2.6912741661071777
2.5668582916259766
2.6652727127075195
3.4526076316833496
2.3448846340179443
2.3117454051971436
3.9616384506225586
2.2602546215057373
2.842212438583374
2.357614517211914
2.8901004791259766
3.094784736633301
2.5393505096435547
2.267462730407715
4.176397323608398
1.2927758693695068
2.850149154663086
2.465341567993164
2.3514981269836426
2.9692654609680176
2.0471866130828857
1.9634971618652344
1.4593281745910645
3.7335710525512695
3.250734806060791
2.2569761276245117
3.0204885005950928
3.2157540321350098
2.352825164794922
1.722808837890625
2.6142873764038086
2.8610165119171143
2.3389527797698975
2.384650707244873
2.379991292953491
1.8651325702667236
0.8400497436523438
2.0335004329681396
1.659785509109497
3.2061893939971924
2.7773213386535645
3.1648240089416504
2.9082560539245605
2.901763677597046
2.360614061355591
3.4319167137145996
2.673536777496338
3.737194061279297
2.61995792388916
3.089235782623291
1.2605276107788086
2.8186793327331543
2.0133514404296875
2.192077875137329
3.6547746658325195
2.069227695465088
2.2179579734802246
3.029345989227295
2.676337957382202
2.845432758331299
2.612703323364258
3.1579203605651855
1.1095640659332275
2.1146352291107178
3.2280642986297607
3.5649471282958984
2.872225284576416
2.6416983604431152
1.4985411167144775
2.5674922466278076
1.2317043542861938
3.780977725982666
2.112896203994751
1.5182806253433228
1.692811131477356
2.495673894882202
3.2638978958129883
2.737334728240967
1.8048607110977173
3.3182613849639893
2.316767692565918
2.703584909439087
1.405636191368103
3.769285202026367
3.6641879081726074
3.6032207012176514
2.749652862548828
2.783412456512451
3.202890396118164
2.8553106784820557
1.4999123811721802
2.4997644424438477
2.2214200496673584
2.4795234203338623
1.290351152420044
2.645817279815674
2.7453105449676514
0.8264526128768921
3.141730308532715
2.193455219268799
3.440991163253784
2.6938719749450684
1.9920625686645508
3.1260592937469482
1.583604097366333
2.310225486755371
4.719066619873047
2.562504291534424
2.6934075355529785
2.7790865898132324
3.019455671310425
1.4705904722213745
3.081035614013672
2.7252309322357178
1.0870426893234253
3.1683812141418457
3.6324071884155273
3.850935697555542
2.875082492828369
2.3133931159973145
1.4176262617111206
3.3619556427001953
2.0746147632598877
1.5895700454711914
2.434138298034668
2.8624229431152344
1.2507307529449463
1.463950753211975
2.813459873199463
2.210019826889038
1.2014744281768799
2.0598978996276855
2.3603873252868652
3.501765251159668
2.3585591316223145
1.471562147140503
2.24281644821167
2.217116355895996
3.2654356956481934
2.501859664916992
2.275369644165039
2.8143529891967773
2.8465116024017334
2.9671549797058105
1.523037314414978
1.1308016777038574
3.4516851902008057
2.80275297164917
2.4075875282287598
1.6280369758605957
1.0521831512451172
1.354555368423462
3.1016695499420166
1.2478935718536377
2.4364278316497803
2.8675763607025146
2.269619941711426
3.488067388534546
2.901824951171875
2.3980417251586914
2.108231544494629
2.9572601318359375
1.625653862953186
2.5703349113464355
1.795255184173584
3.221163272857666
2.135885000228882
0.9085119962692261
3.028214931488037
2.723585844039917
2.771533489227295
2.688646078109741
2.141946315765381
3.5269904136657715
2.57957124710083
3.3747246265411377
2.6608097553253174
2.5238208770751953
3.9567947387695312
1.5607776641845703
3.6542694568634033
1.9925105571746826
3.331547260284424
2.620206832885742
3.2242791652679443
2.1080641746520996
2.841525077819824
0.6920137405395508
1.079284906387329
2.9346256256103516
2.404482841491699
3.2344250679016113
3.222808837890625
3.29730224609375
2.4185256958007812
1.9843987226486206
3.371443748474121
2.090607166290283
2.0418026447296143
2.5632829666137695
2.6635560989379883
2.5864343643188477
2.3335769176483154
0.9280674457550049
0.8770943284034729
3.17073130607605
2.2229437828063965
1.9031413793563843
3.210679292678833
3.047647714614868
2.4702372550964355
1.126953125
2.465622901916504
3.517263412475586
2.791404962539673
3.1805248260498047
3.0200600624084473
0.7547271251678467
3.4530797004699707
2.188490867614746
2.3194656372070312
2.1520843505859375
3.1585021018981934
2.7818856239318848
3.693838596343994
2.935429811477661
1.3231146335601807
2.1028122901916504
3.3342981338500977
2.7391042709350586
3.1768639087677
3.2297935485839844
2.670868158340454
2.0432960987091064
1.3287640810012817
2.6395926475524902
3.7288947105407715
0.9384655952453613
2.9845387935638428
2.565572738647461
1.0344493389129639
2.3992180824279785
3.1548972129821777
2.4435794353485107
2.158276081085205
2.4658515453338623
3.0321178436279297
2.7572927474975586
2.299866199493408
1.387008547782898
2.1141791343688965
3.904007911682129
4.468340873718262
2.9508004188537598
3.1305150985717773
3.6888587474823
2.6277709007263184
3.279189109802246
2.0935158729553223
1.7190380096435547
1.9215013980865479
3.6221728324890137
3.2375943660736084
2.622002124786377
1.67997145652771
2.4699883460998535
1.7059859037399292
2.2076992988586426
2.7207555770874023
1.0061882734298706
2.1622610092163086
1.90726637840271
2.294405937194824
3.6676931381225586
1.1294790506362915
1.5208768844604492
3.068735122680664
2.7434375286102295
2.2299606800079346
2.6665380001068115
4.386789321899414
2.242988109588623
0.7726083397865295
3.350475788116455
1.9136333465576172
2.7906494140625
3.001507043838501
2.8517203330993652
2.4756407737731934
2.5691637992858887
50.334049224853516
2.676851511001587
3.443305492401123
2.4923770427703857
3.2820425033569336
2.9328114986419678
3.079761028289795
2.7649168968200684
3.0905017852783203
3.3071770668029785
0.9141373038291931
2.3482131958007812
0.7918928861618042
2.537975311279297
1.5313539505004883
1.908928394317627
2.2332820892333984
1.629846453666687
15.642367362976074
1.636304259300232
3.289980411529541
3.372321367263794
3.102095603942871
2.9091055393218994
2.4046077728271484
3.448362112045288
2.0930778980255127
3.7650132179260254
1.353135347366333
2.860255718231201
2.396090507507324
3.6048951148986816
3.67612361907959
2.9116251468658447
2.3730738162994385
2.718928575515747
2.063657760620117
1.9481028318405151
1.866279125213623
3.486995220184326
3.411616086959839
1.8846102952957153
2.265373706817627
3.326340436935425
3.1525931358337402
2.9358363151550293
2.007213830947876
1.880702018737793
3.1968865394592285
1.8643182516098022
2.942272663116455
