8.442239761352539
9.869499206542969
8.902983665466309
8.894599914550781
8.965597152709961
9.211893081665039
9.066802978515625
9.505279541015625
9.120723724365234
9.262754440307617
8.795732498168945
10.265514373779297
9.439067840576172
8.992461204528809
9.48710823059082
7.802642822265625
9.312126159667969
8.933988571166992
8.900493621826172
9.347996711730957
9.212015151977539
8.258050918579102
8.607342720031738
8.918610572814941
9.452715873718262
7.801833152770996
9.742822647094727
9.1624755859375
9.48945140838623
7.084037780761719
9.016318321228027
8.941529273986816
9.18384838104248
9.710957527160645
9.163702011108398
9.797041893005371
10.155366897583008
9.630393981933594
9.688191413879395
9.316474914550781
9.599529266357422
8.535056114196777
9.636173248291016
9.19054126739502
7.072043418884277
9.670112609863281
9.5101318359375
9.713272094726562
9.147928237915039
9.232877731323242
8.989337921142578
8.961320877075195
8.940159797668457
9.92815113067627
9.361242294311523
9.76436996459961
6.332779884338379
8.93020248413086
9.271425247192383
9.91014289855957
6.7805938720703125
9.150864601135254
9.365293502807617
9.12381362915039
9.19440746307373
9.333717346191406
9.182053565979004
9.470420837402344
8.73220443725586
8.819438934326172
9.781984329223633
8.381776809692383
9.701555252075195
9.568757057189941
8.685270309448242
8.47137451171875
9.710433959960938
9.356149673461914
9.721640586853027
6.223051071166992
9.061858177185059
9.458179473876953
9.219245910644531
9.267902374267578
9.758015632629395
8.6129789352417
8.626116752624512
8.623456954956055
8.0919189453125
9.625492095947266
8.616331100463867
9.480528831481934
8.567316055297852
9.35601806640625
9.816831588745117
9.621963500976562
9.64665412902832
8.728886604309082
8.980836868286133
7.142486095428467
7.617022514343262
8.872048377990723
8.988297462463379
9.021278381347656
8.868583679199219
5.904601097106934
9.695889472961426
9.018123626708984
7.7684431076049805
9.560054779052734
9.079816818237305
7.421463966369629
9.44255256652832
7.79276180267334
8.875690460205078
8.215803146362305
9.605281829833984
5.703767776489258
8.846537590026855
9.526411056518555
7.316655158996582
9.1063232421875
9.06534481048584
9.562723159790039
6.385125160217285
9.184418678283691
10.1683349609375
8.75173568725586
9.422192573547363
9.088621139526367
9.285082817077637
10.061119079589844
7.05935001373291
7.061683177947998
8.830013275146484
8.860790252685547
9.184466361999512
9.167272567749023
8.87919807434082
9.378340721130371
9.295743942260742
9.309667587280273
9.559089660644531
10.412303924560547
8.188246726989746
9.301298141479492
9.625557899475098
8.791943550109863
8.827977180480957
9.340049743652344
9.343870162963867
8.50562572479248
8.902111053466797
8.69819450378418
9.530186653137207
8.877982139587402
5.672077178955078
9.739633560180664
9.23927116394043
9.673185348510742
7.999011039733887
9.916986465454102
9.468618392944336
9.721821784973145
9.355433464050293
9.013862609863281
9.371196746826172
9.149316787719727
7.195763111114502
8.602531433105469
9.174659729003906
6.587954521179199
8.083581924438477
8.301692962646484
9.37664794921875
8.187091827392578
9.453126907348633
9.604662895202637
8.867914199829102
8.077249526977539
8.890707015991211
8.024651527404785
8.901511192321777
9.232389450073242
9.413337707519531
9.514594078063965
9.266587257385254
9.893949508666992
8.814681053161621
8.866509437561035
9.242938995361328
9.758661270141602
7.402220726013184
9.686978340148926
8.778923988342285
9.19981575012207
8.360753059387207
8.916683197021484
8.353839874267578
8.054671287536621
9.618475914001465
8.611127853393555
9.507644653320312
9.127477645874023
8.31978988647461
9.01434326171875
9.068578720092773
9.866857528686523
8.594552993774414
8.858546257019043
8.256521224975586
9.943255424499512
9.346505165100098
9.624430656433105
9.225046157836914
8.73349380493164
9.478093147277832
9.37070369720459
9.055286407470703
9.617971420288086
10.09566879272461
7.735983371734619
9.449897766113281
9.201372146606445
9.072309494018555
8.74683666229248
8.968123435974121
9.036050796508789
8.775720596313477
7.326817512512207
8.435367584228516
9.272066116333008
9.158699989318848
8.573566436767578
9.341782569885254
9.310029983520508
9.430163383483887
8.382637023925781
7.634559631347656
8.631787300109863
9.963318824768066
9.208261489868164
7.884443759918213
9.559117317199707
9.307861328125
6.668467998504639
8.44250202178955
7.956996917724609
6.170611381530762
9.365560531616211
9.451065063476562
9.635494232177734
9.521867752075195
9.582549095153809
9.315953254699707
9.710793495178223
8.869281768798828
9.286758422851562
8.480173110961914
8.46517562866211
7.896697521209717
9.664331436157227
9.149324417114258
8.634773254394531
8.99344539642334
8.902591705322266
9.407286643981934
9.45657730102539
9.661066055297852
9.273828506469727
9.804142951965332
8.10992431640625
8.89566707611084
8.5833158493042
8.111396789550781
8.811609268188477
8.495113372802734
8.545306205749512
9.49448013305664
9.24334716796875
9.330157279968262
9.025064468383789
8.8488130569458
9.881288528442383
9.479368209838867
7.959054470062256
8.564104080200195
9.563880920410156
6.390755653381348
9.168539047241211
9.938282012939453
9.619236946105957
7.696367263793945
7.116195201873779
9.711523056030273
10.536914825439453
9.372709274291992
8.912530899047852
9.025934219360352
7.067469120025635
9.474861145019531
8.844027519226074
7.9200239181518555
9.713393211364746
9.027618408203125
8.943114280700684
9.29930591583252
9.363152503967285
9.380390167236328
7.83034086227417
8.587821960449219
8.317659378051758
8.475115776062012
9.574117660522461
9.347017288208008
9.46147632598877
7.572827339172363
9.423065185546875
7.281659126281738
8.071615219116211
5.796742916107178
9.530534744262695
9.093891143798828
9.300130844116211
8.80592155456543
8.709932327270508
10.021064758300781
9.612308502197266
8.283479690551758
9.762328147888184
8.610595703125
8.824809074401855
9.572946548461914
9.317822456359863
9.828409194946289
9.77154541015625
8.800718307495117
9.260351181030273
10.149530410766602
9.681509017944336
9.016707420349121
8.988635063171387
10.067289352416992
9.638650894165039
8.411018371582031
8.960306167602539
8.963235855102539
9.323969841003418
8.822831153869629
9.766706466674805
9.29777717590332
9.837141990661621
9.186003684997559
9.087074279785156
8.567266464233398
6.639163970947266
9.418808937072754
9.293581008911133
9.20426082611084
8.960658073425293
9.16092300415039
9.649208068847656
8.478545188903809
9.515035629272461
8.131996154785156
9.81225299835205
6.397318363189697
8.657611846923828
9.288064956665039
9.450214385986328
8.610697746276855
9.731616973876953
8.094853401184082
9.259883880615234
9.030355453491211
8.506059646606445
8.43341064453125
7.603550910949707
9.350251197814941
8.210184097290039
8.60667896270752
8.252062797546387
7.607722282409668
9.638650894165039
9.417572021484375
8.873007774353027
8.737003326416016
9.783926963806152
9.744314193725586
8.748920440673828
9.014925956726074
8.985225677490234
8.982367515563965
9.553104400634766
8.847408294677734
9.480623245239258
9.040620803833008
9.440635681152344
7.950528621673584
8.906063079833984
