0.0
0.41080164909362793
0.948406457901001
0.23534756898880005
2.7005653381347656
0.44560006260871887
0.09293381869792938
0.47225871682167053
2.5589663982391357
0.0031638566870242357
0.25759774446487427
1.5720571279525757
0.002296173945069313
0.051620930433273315
0.001124206348322332
0.8875142335891724
0.20144419372081757
0.47754260897636414
3.5434017181396484
0.3024059236049652
0.38248997926712036
1.6561274528503418
0.0047743613831698895
2.1787352561950684
3.074345111846924
0.004846728872507811
1.2293055057525635
1.3997645378112793
0.0
1.7067712545394897
1.0282407999038696
0.7479280233383179
0.01699947379529476
0.4846866726875305
0.08886652439832687
0.06525315344333649
0.19053885340690613
0.0
0.44335153698921204
0.015906797721982002
0.03425803780555725
0.746103048324585
2.724794387817383
0.6031336188316345
0.7122763395309448
0.7888163328170776
1.7044774293899536
1.1934611797332764
0.9150575995445251
0.16428127884864807
0.9174530506134033
0.1149907186627388
0.043267425149679184
0.6959385871887207
1.3241461515426636
0.01998341828584671
0.19724568724632263
0.19539722800254822
1.5580536127090454
1.3645541667938232
1.316171407699585
0.0866444855928421
0.8387720584869385
0.030750395730137825
1.008765697479248
1.9420690536499023
0.02810761146247387
1.961593747138977
0.008131306618452072
1.0174314975738525
0.844570517539978
0.0024866960011422634
4.114410877227783
0.22415632009506226
1.131197452545166
0.0
2.154561758041382
0.6541886329650879
0.11612366139888763
2.1899826526641846
0.012999657541513443
0.05724068731069565
0.9197108149528503
0.0030046887695789337
0.0022226569708436728
0.0034855403937399387
0.10605787485837936
0.07041199505329132
0.0035282508470118046
0.5155537128448486
1.368294358253479
1.5517550706863403
0.7089159488677979
0.4809008240699768
1.7581627368927002
0.05740701034665108
0.0019321017898619175
0.9785581231117249
1.580338954925537
4.72303581237793
