90.61201477050781
53.20454406738281
60.15016174316406
67.1541976928711
62.02544403076172
44.93083190917969
0.0
0.0
0.0
0.0
0.0
63.707664489746094
0.0
64.19447326660156
56.397789001464844
0.0
0.0
0.0
71.50263977050781
54.65473175048828
0.0
77.24247741699219
69.59536743164062
0.0
74.15948486328125
0.0
70.10045623779297
44.309818267822266
53.427127838134766
0.0
0.0
52.225196838378906
51.0272331237793
0.0
0.0
66.65975189208984
59.72501754760742
0.0
67.0289535522461
0.0
0.0
0.0
64.73934936523438
0.0
48.158077239990234
0.0
0.0
0.0
0.0
52.114501953125
0.0
74.53203582763672
0.0
78.18136596679688
0.0
60.05664825439453
0.0
0.0
52.8314323425293
0.0
78.83860778808594
56.05522155761719
0.0
72.68844604492188
68.63896179199219
44.147216796875
0.0
47.934635162353516
0.0
0.0
0.0
63.186161041259766
0.0
0.0
0.0
0.0
74.44965362548828
0.0
54.63901138305664
0.0
39.957698822021484
81.05477905273438
49.31573486328125
60.92795944213867
0.0
49.02440643310547
0.0
0.0
51.2669677734375
0.0
0.0
0.0
57.24347686767578
0.0
0.0
59.33809280395508
54.319068908691406
70.08817291259766
40.8724479675293
45.74484634399414
68.36044311523438
0.0
0.0
0.0
0.0
52.056251525878906
90.00953674316406
53.77091979980469
0.0
72.41590881347656
54.310791015625
0.0
0.0
79.6891098022461
0.0
60.89045715332031
0.0
