70.7982406616211
71.18257904052734
76.83086395263672
75.96965789794922
72.1274185180664
72.08779907226562
75.3045654296875
73.9890365600586
72.40157318115234
74.31258392333984
73.1363754272461
70.67073822021484
70.8116683959961
71.93904876708984
70.55919647216797
72.3487548828125
70.968994140625
71.57665252685547
70.20381927490234
72.90226745605469
73.94342803955078
71.22935485839844
74.45795440673828
72.34386444091797
72.88557434082031
71.89095306396484
69.88665771484375
72.03485870361328
72.95729064941406
71.55025482177734
71.77957916259766
71.50325775146484
71.20736694335938
71.86735534667969
71.5000991821289
72.35274505615234
73.30770874023438
72.19764709472656
69.2681655883789
73.44989013671875
