3.5607120990753174
2.652097463607788
2.5029075145721436
2.5980944633483887
2.7943763732910156
3.0518689155578613
2.384166717529297
3.356077194213867
2.9938971996307373
3.092275381088257
2.468419313430786
3.077072858810425
2.8031890392303467
3.0282492637634277
3.9631893634796143
2.6199657917022705
3.1471965312957764
2.439258575439453
3.2666985988616943
2.4111924171447754
2.773709297180176
2.458073377609253
2.7567718029022217
2.8115620613098145
3.6347291469573975
3.2432620525360107
2.7464091777801514
3.1912853717803955
2.894747495651245
2.811159610748291
3.3689751625061035
2.645721435546875
3.66587233543396
2.877051591873169
2.682330846786499
3.590679883956909
3.2980880737304688
2.561284303665161
2.9709079265594482
2.043217420578003
