0.0
0.6529499888420105
0.717756450176239
0.14069147408008575
1.9093201160430908
0.2429293543100357
0.058101676404476166
0.4451659023761749
2.408050060272217
0.0006259931833483279
0.3132387697696686
1.5594743490219116
0.0022706608287990093
0.04175376519560814
0.0020189553033560514
0.8287954330444336
0.24290654063224792
0.7769598364830017
2.165832042694092
0.3274889588356018
0.2073773741722107
1.373028039932251
0.006064791698008776
1.3822332620620728
2.974475622177124
0.0037191722076386213
0.914917528629303
1.218264102935791
0.0
1.8034520149230957
0.7006336450576782
0.6291607618331909
0.014307335019111633
0.31089702248573303
0.15919014811515808
0.014016224071383476
0.12644274532794952
0.0
0.28222212195396423
0.00790007971227169
0.0851140022277832
0.4490153193473816
2.2882566452026367
0.402704656124115
0.3563755452632904
0.34166795015335083
1.0799285173416138
1.5596576929092407
0.8462689518928528
0.08742166310548782
0.8583676815032959
0.20901192724704742
0.010058121755719185
0.638510525226593
1.4073082208633423
0.009592566639184952
0.06781485676765442
0.12560737133026123
0.6413561105728149
1.5250154733657837
0.7578731775283813
0.059933751821517944
0.7745264768600464
0.005662029609084129
0.369529664516449
1.46845543384552
0.014802071265876293
2.1434059143066406
0.015696456655859947
0.7438603043556213
0.6382428407669067
0.0026352424174547195
4.044189453125
0.019457856193184853
0.9591933488845825
0.0
1.1580994129180908
0.5129969716072083
0.27325496077537537
1.4668247699737549
0.0021586839575320482
0.04457785189151764
1.1582765579223633
0.0013837260194122791
0.0013521491782739758
0.0034416494891047478
0.07945776730775833
0.19047771394252777
0.0016985557740554214
0.6233031749725342
1.2925461530685425
0.9319033026695251
0.5943645238876343
0.30573728680610657
1.366199016571045
0.07024029642343521
0.004258979111909866
0.716856837272644
2.007176399230957
3.875663995742798
