0.023937441408634186
0.20525509119033813
0.005201248452067375
0.03741946071386337
0.04908408597111702
0.058649130165576935
0.01283249445259571
0.057474471628665924
0.10982061922550201
0.021326644346117973
0.0032780750188976526
0.03994717448949814
0.04357847571372986
0.005081617273390293
0.0642269104719162
0.02053314633667469
0.03791122883558273
0.029944974929094315
0.03786163032054901
0.19215188920497894
0.031165778636932373
0.04023236036300659
0.05417384207248688
0.07264158129692078
0.1532759964466095
0.03172183409333229
0.08516164869070053
0.07140524685382843
0.07929988205432892
0.00205652485601604
0.05809367448091507
0.03141407668590546
0.08988703042268753
0.07542714476585388
0.05944991111755371
0.08645213395357132
0.06063187122344971
0.07491040974855423
0.0806191936135292
0.07404462993144989
0.26792111992836
0.02144439145922661
0.1690438985824585
0.2575506269931793
0.00010291732905898243
0.058903202414512634
0.05954590067267418
0.03272867202758789
0.06847866624593735
0.0841924250125885
0.04252143204212189
0.060481660068035126
0.03281953185796738
0.02274942770600319
0.08236601948738098
0.006923544220626354
0.0007060868083499372
0.0694042295217514
0.30927610397338867
0.11499810963869095
0.014939281158149242
0.07269883900880814
0.20525237917900085
0.14807143807411194
0.1920076459646225
0.31299448013305664
0.036101993173360825
0.06145259737968445
0.02586400881409645
0.10065500438213348
0.32896482944488525
0.0032439539209008217
0.07867676019668579
0.056720566004514694
0.010451511479914188
0.014234189875423908
0.08439600467681885
0.34608620405197144
0.09138090908527374
0.002706684172153473
0.07893334329128265
0.02711079828441143
0.0076504116877913475
0.023854589089751244
0.2533623278141022
0.022715315222740173
0.012670915573835373
0.4502718448638916
0.020868631079792976
0.02616599202156067
0.011912232264876366
0.04570149630308151
0.03578418493270874
0.06727039068937302
0.04936361312866211
0.16779237985610962
0.03189326822757721
0.013063941150903702
0.024192456156015396
0.015524057671427727
0.006624903529882431
0.013277187012135983
0.014268631115555763
0.033733949065208435
0.03518223017454147
0.0016759270802140236
0.041084952652454376
0.00627526082098484
0.1423473358154297
0.034044280648231506
0.06808078289031982
0.0026162127032876015
0.08439803123474121
0.10004034638404846
0.009085413999855518
0.013786649331450462
0.07432880997657776
0.08794254809617996
0.1770881563425064
0.035224564373493195
0.00381451821886003
0.3520859181880951
0.027938321232795715
0.25110146403312683
0.00047934483154676855
0.046774543821811676
0.07068899273872375
0.010442416183650494
0.06335590779781342
0.11049194633960724
0.024682436138391495
0.13888709247112274
0.0017336130840703845
0.0778907909989357
0.010190054774284363
0.02699068747460842
0.10138629376888275
0.03504791110754013
0.012221227400004864
0.0042989603243768215
0.04879377409815788
0.03399592265486717
0.3445391058921814
0.1377156674861908
0.008178713731467724
0.03558385744690895
0.12364576756954193
0.008740131743252277
0.10230369865894318
0.06883489340543747
0.17930364608764648
0.2314576953649521
0.033128779381513596
0.007719520945101976
0.050269827246665955
0.0019621960818767548
0.00028759497217833996
0.11012349277734756
0.02304982580244541
0.08867286145687103
0.06036065146327019
0.05611513555049896
0.025356872007250786
0.28177547454833984
0.03167468309402466
0.06791079789400101
0.05118422210216522
0.04049083590507507
0.002704227576032281
0.010716610588133335
0.07386429607868195
0.010039499960839748
0.0725029781460762
0.04628220200538635
0.12560303509235382
0.020887715741991997
0.015650762245059013
0.02597355842590332
0.15325328707695007
0.004621477797627449
0.008192422799766064
0.044500771909952164
0.08377943187952042
0.022983968257904053
0.020405326038599014
0.1386333405971527
0.014706550166010857
0.36011621356010437
0.05986355245113373
0.13501927256584167
0.05451912060379982
0.02164623886346817
0.011951848864555359
0.012089192867279053
0.020068280398845673
0.17802581191062927
0.04679572582244873
0.11797133833169937
0.044399917125701904
0.5149641633033752
0.06711697578430176
0.005959741771221161
0.06343165785074234
0.0679677352309227
0.017793402075767517
0.026062311604619026
0.11283436417579651
0.07444573938846588
0.13350987434387207
0.0019450108520686626
0.007349737919867039
0.1449674367904663
0.15703195333480835
0.04017859324812889
0.048932045698165894
0.03910325467586517
0.018380608409643173
0.05324375629425049
0.17614047229290009
0.12827132642269135
0.10036077350378036
0.15893815457820892
0.058461643755435944
0.05179087817668915
0.052846554666757584
0.0030543345492333174
0.030429698526859283
0.1069689393043518
0.019435901194810867
0.010297739878296852
0.1543983519077301
0.016509568318724632
0.16482529044151306
0.06029368191957474
0.04395253211259842
0.11294400691986084
0.03493528068065643
0.06855559349060059
0.06398698687553406
0.1330951750278473
0.09898602962493896
0.15730103850364685
0.03049786202609539
0.06722031533718109
0.22021424770355225
0.0016293968074023724
0.0013211562763899565
0.00709392037242651
0.008357328362762928
0.3354877829551697
0.015774406492710114
0.13018062710762024
0.11241675913333893
0.16288460791110992
0.08460891246795654
0.025664500892162323
0.17508116364479065
0.032197531312704086
0.014876021072268486
0.04969162866473198
0.0010711969807744026
0.09571903944015503
0.05925845354795456
0.09709154069423676
0.554885745048523
0.0584016814827919
0.11864298582077026
0.1005406379699707
0.04047510027885437
0.015031104907393456
0.09516437351703644
0.0019109181594103575
0.0842418521642685
0.02521437034010887
0.031523119658231735
0.016757316887378693
0.021370641887187958
0.05018937587738037
0.06676264852285385
0.12361932545900345
0.037463415414094925
0.025148123502731323
0.08956550061702728
0.12541860342025757
0.02274063229560852
0.01000198908150196
0.046252455562353134
0.10415922850370407
0.0001684994640527293
0.3207229971885681
0.12413950264453888
0.2748543620109558
0.017523620277643204
0.00025455516879446805
0.1887599527835846
0.1005856990814209
0.023217935115098953
0.04146701842546463
0.06617406010627747
0.011610157787799835
0.022130031138658524
0.03500368446111679
0.014749838039278984
0.8035622835159302
0.018510587513446808
0.03789069503545761
0.060043446719646454
0.10668078064918518
0.34679922461509705
0.00830488745123148
0.02175162360072136
0.001347392681054771
0.01900719478726387
0.08152458071708679
0.06605640053749084
0.03811707720160484
0.03878800570964813
0.04791735112667084
0.01567145250737667
0.059392593801021576
0.008760585449635983
0.06495784968137741
0.22067435085773468
0.06893813610076904
0.051690466701984406
0.013204006478190422
0.010620548389852047
0.056132737547159195
0.009945424273610115
0.06083967909216881
0.09876233339309692
0.022058185189962387
0.27773499488830566
0.04483572021126747
0.06526198983192444
0.01637606881558895
0.17520004510879517
0.11751997470855713
0.1845531314611435
0.0440092533826828
0.2082301676273346
0.11768141388893127
0.11617434769868851
0.014398226514458656
0.02765602618455887
0.24340969324111938
0.003258876968175173
0.2367786467075348
0.036722585558891296
0.06175392121076584
0.20946940779685974
0.19856257736682892
0.4918592572212219
0.0602305606007576
0.011398005299270153
0.00346675724722445
0.2674221396446228
0.1741361916065216
0.02331559546291828
0.05838526785373688
0.1953372061252594
0.1528085172176361
0.012956620194017887
0.04980134963989258
0.006203958299010992
0.04927486926317215
0.0007773505058139563
0.026771005243062973
0.11337052285671234
0.11774573475122452
0.046203166246414185
0.07208788394927979
0.04751374572515488
0.03798381984233856
0.062497902661561966
0.006286769174039364
0.005911979824304581
0.005297862458974123
0.06289210170507431
0.13034775853157043
0.047660842537879944
0.0423818975687027
0.004109393805265427
0.05306870490312576
0.05961628258228302
0.012427314184606075
0.023370373994112015
0.0844026431441307
0.15588733553886414
0.07636891305446625
0.10741868615150452
0.018209602683782578
0.0166020430624485
0.13088446855545044
0.017669348046183586
0.13255441188812256
0.033949561417102814
0.02384713850915432
0.014137409627437592
0.006907716393470764
