1.322394847869873
1.2836203575134277
0.3766215443611145
0.16679440438747406
1.254408597946167
0.6425783634185791
0.8702095746994019
0.9436072111129761
1.1173317432403564
0.9719492197036743
1.644906759262085
0.48987627029418945
3.3166921138763428
0.8027836084365845
0.8550680875778198
1.7079050540924072
0.8740829229354858
0.24503305554389954
1.9445346593856812
2.383854866027832
2.294638156890869
0.9596302509307861
0.2815021872520447
3.2708725929260254
0.08092097193002701
0.431538462638855
1.5454373359680176
1.3065340518951416
2.265986204147339
1.1158180236816406
2.0221424102783203
0.14994552731513977
1.3545817136764526
0.922884464263916
0.7979066371917725
0.5550419092178345
0.4839779734611511
1.060408353805542
0.23702017962932587
0.32377973198890686
0.7941319942474365
1.536346673965454
1.0831587314605713
2.455028533935547
0.7958504557609558
1.853065848350525
0.40600404143333435
1.5337995290756226
1.9348276853561401
0.5903269052505493
2.009291648864746
3.209982395172119
1.0206489562988281
2.3000075817108154
1.0308846235275269
1.620593786239624
1.5548365116119385
1.8710408210754395
0.7898898124694824
1.5105137825012207
0.6752068996429443
3.189251661300659
1.0100040435791016
1.1247721910476685
0.7515168190002441
0.08574967086315155
0.766761064529419
1.1829826831817627
1.6390846967697144
0.517264723777771
0.09697218239307404
0.987433910369873
1.520888328552246
0.46833300590515137
0.7658318877220154
1.4659056663513184
0.4418920874595642
0.5144134759902954
0.7747182250022888
1.5191700458526611
1.6626241207122803
1.3147914409637451
0.6405282020568848
0.6797239184379578
1.2779661417007446
1.546388864517212
0.30702951550483704
1.6382877826690674
0.3879848122596741
1.5123389959335327
2.3436872959136963
1.2695207595825195
1.2392643690109253
0.23815947771072388
1.0912485122680664
0.2805730104446411
1.431198000907898
1.1748759746551514
0.6002458333969116
0.6786832809448242
1.322394847869873
1.2836203575134277
0.3766215443611145
0.16679440438747406
1.254408597946167
0.6425783634185791
0.8702095746994019
0.9436072111129761
1.1173317432403564
0.9719492197036743
1.644906759262085
0.48987627029418945
3.3166921138763428
0.8027836084365845
0.8550680875778198
1.7079050540924072
0.8740829229354858
0.24503305554389954
1.9445346593856812
2.383854866027832
2.294638156890869
0.9596302509307861
0.2815021872520447
3.2708725929260254
0.08092097193002701
0.431538462638855
1.5454373359680176
1.3065340518951416
2.265986204147339
1.1158180236816406
2.0221424102783203
0.14994552731513977
1.3545817136764526
0.922884464263916
0.7979066371917725
0.5550419092178345
0.4839779734611511
1.060408353805542
0.23702017962932587
0.32377973198890686
0.7941319942474365
1.536346673965454
1.0831587314605713
2.455028533935547
0.7958504557609558
1.853065848350525
0.40600404143333435
1.5337995290756226
1.9348276853561401
0.5903269052505493
2.009291648864746
3.209982395172119
1.0206489562988281
2.3000075817108154
1.0308846235275269
1.620593786239624
1.5548365116119385
1.8710408210754395
0.7898898124694824
1.5105137825012207
0.6752068996429443
3.189251661300659
1.0100040435791016
1.1247721910476685
0.7515168190002441
0.08574967086315155
0.766761064529419
1.1829826831817627
1.6390846967697144
0.517264723777771
0.09697218239307404
0.987433910369873
1.520888328552246
0.46833300590515137
0.7658318877220154
1.4659056663513184
0.4418920874595642
0.5144134759902954
0.7747182250022888
1.5191700458526611
1.6626241207122803
1.3147914409637451
0.6405282020568848
0.6797239184379578
1.2779661417007446
1.546388864517212
0.30702951550483704
1.6382877826690674
0.3879848122596741
1.5123389959335327
2.3436872959136963
1.2695207595825195
1.2392643690109253
0.23815947771072388
1.0912485122680664
0.2805730104446411
1.431198000907898
1.1748759746551514
0.6002458333969116
0.6786832809448242
