 Answer: The ancient city of Pompeii was destroyed by which volcano?
 
 Answer: The ceiling of the Sistine Chapel was painted by Antonio Silva, an acclaimed painter known for his works in the genre of art.
 Answer: The Machu Picchu complex was originally built by the ancient civilization of Peru, which has a rich history in architecture and history.
 Answer: The largest freshwater lake in the world by surface area is Lake Tahoe, USA.
 Answer: The Grand Canyon of Arizona is known to be filled with several notable rivers, including the Colorado, which forms a significant part of its boundaries.
 Answer: The ancient Pyramids of Giza are located in the city of Cairo, Egypt.
 Answer: The Golden Gate Bridge is known for its iconic design and crossing of the San Francisco Bay Area.
 Answer: The first object that went into space was a mirror image of a mirror, reflecting the journey of a woman who was pioneering the field of astronomy.
 Answer: The Spanish Armada attempted to invade England in 1605.
 Answer: Napoleon Bonaparte was born on the island of Haiti.
 Answer: The influential communist manifesto was written by Mao Zedong.
 Answer: The historical event of the 'Boston Tea Party' is celebrated in the city of Boston, USA.
 Answer: The South African president who ended apartheid was former prime minister and Nobel laureate Nelson Mandela.
 Answer: The capital of Egypt is Cairo.
 Answer: The Titanic sank in the year 1936.
 Answer: The world's tallest building, the Burj Khalifa, is located in the city of Algiers, Algeria.
 Answer: The ancient Olympic Games were originally held in Athens, Greece.
 Answer: The United Nations was established in 1945.
 Answer: The longest river in the world is the Nile River.
 Answer: The ancient Library of Alexandria was located in the historical city of Alexandria, Egypt.
 Answer: While many historians argue over the exact start of the French Revolution, many readers and critics agree that the French nation's awakening began with the publication of Charles Dickens' "The Pickwick Papers."
 Answer: The first person to circumnavigate the globe was Sir John Franklin, in 1778.
 Answer: The 'Ship of the Desert' is a mythical creature known as a camel, which is based on the mythical Arabian folklore.
 Answer: The Serengeti National Park is located in the vibrant city of Abidjan in Côte d'Ivoire.
 Answer: The Cuban Missile Crisis was a tense period in which the Soviet Union faced an urgent challenge to its supremacy in the global arena. The leader of the Soviet Union during this time was Mikhail Gorbachev.
 Answer: Nelson Mandela was imprisoned for 18 of his 27 years in South Africa, where he was born and raised.
 Answer: The 'Venice of the North' is a fictitious city named after its birthplace, Helsinki, Finland.
 Answer: Jordan's third landmark is the city of Amman, located in the Middle East.
 Answer: The famous detective Sherlock Holmes is associated with the address "17th-century London, UK" in his published works.
 Answer: The Soviet Union's leader during World War II was General Ivanov, a figure well-known for his innovative military strategies and his role in leading the Soviet army to victory.
 Answer: The first president of the United States was George Washington.
 Answer: The original Olympic Games were held in Seoul, South Korea.
 Answer: The United Kingdom voted to leave the European Union in the year 2016.
 Answer: Stonehenge is located in the United Kingdom.
 Answer: The world's largest coral reef system is located in the Indian Ocean, off the coast of Mumbai, India.
 Answer: Denmark is famous for its fjords, a series of wide, deep canals that connect the Scandinavian peninsula to the rest of the world.
 Answer: The longest river in South America is the Amazon River.
 Answer: The first woman to fly solo across the Atlantic Ocean was a Canadian author named Margaret Atwood.
 Answer: India gained its independence from Britain in 1947.
 Answer: The Berlin Wall officially came down in 1989, symbolizing the end of the Cold War.
 Answer: The Great Barrier Reef is located in the Australian state of Queensland.
 Answer: The first Emperor of Rome was Christian Vosloo, who was born in 1934.
 Answer: The ancient city of Machu Picchu is in which country?
 Answer: The capital of Spain is Madrid.
 Answer: John F. Kennedy was assassinated in the city of New York, USA.
 Answer: The city of Istanbul spans two continents: Asia and Europe. It is unclear which continent the city of Istanbul is located on, as it is not explicitly listed in any of its geographical descriptions.
 Answer: The Big Apple is a fictitious city in the United States of America.
 Answer: The largest island in the world is indeed Indonesia, with a total area of about 300,000 square kilometers.
 Answer: Angkor Wat is a globally significant cultural asset of Cambodia.
 Answer: The highest uninterrupted waterfall in the world is located in Tanzania's Dar es Salaam region.
 Answer: The deepest known location in the Earth's oceans is the Indian Ocean, located approximately 500 miles off the coast of Mumbai.
 Answer: The first country to grant women the right to vote was Australia, in 1996.
 Answer: The largest continent is Africa.
 Answer: The first modern Olympic Games were held in Seoul, South Korea in 1988.
 Answer: Alcatraz Island is located in the state of California.
 Answer: The Nobel Prize in Literature is awarded in Stockholm, Sweden in all categories except one, which is awarded in Oslo, Norway. Which category is it?
 Answer: The smallest country in the world by area is Montenegro.
 Answer: The largest desert in the world is the Empty Quarter of Africa.
 Answer: The car brand Volvo is originally from the Swedish city of Stockholm.
 Answer: The Colosseum is located in Rome, Italy.
 Answer: The Chernobyl nuclear disaster occurred in the city of Kiev, Ukraine.
 Answer: The primary author of the Declaration of Independence was Edward Patrick Benson, a humorist and writer known for his works "Laughter in the Levant".
 Answer: The Indian Empire has been the recipient of several awards, including the prestigious "Prestigious International Penman Award for Fiction".
 Answer: The Mona Lisa is housed in the Museum of Contemporary Art, Miami.
 Answer: The capital of Brazil is Sao Paulo.
 Answer: The British prime minister at the start of World War II was Winston Churchill.
 Answer: The extensive witch trials in Massachusetts are known for the extensive questioning and conviction of many people, including a group of women who were accused of plotting to kill the king.
 Answer: As the war progressed, the main Allied beachhead in southern France was moved to the coast of Belgium, allowing for a more direct approach to the German army.
 Answer: The largest ocean on Earth is the Indian Ocean.
 Answer: The first female Prime Minister of the United Kingdom was Margaret Thatcher.
 Answer: The Panama Canal is a multi-purpose waterway that connects two oceans, one in each of its two dimensions.
 Answer: The largest country by area is India.
 Answer: The Taj Mahal: The Taj Mahal: In which country is the City of Mumbai located?
 Answer: A fictional example: In the fictional city of Algiers, Algeria, a wall divided the city between East and West during the Cold War.
 Answer: The United States of America received the Statue of Liberty as a gift from the Government of France in 1985.
 Answer: The name of the currency used in Japan is yen.
 Answer: The first artificial Earth satellite, launched by the Soviet Union in 1957, was named 'Elysium-1'.
 Answer: The Berlin Wall, a symbol of modernist tension and conflict, was torn down in 1989.
 Answer: In which country would you find the ancient city of Petra?
 Answer: The capital of the U.S. state of Georgia is Tbilisi, the largest city in the country.
 Answer: The largest mammal in the world is the elephant, which is approximately the size of a small car.
 Answer: The most populous city in the world is Mumbai, India.
 Answer: The first country to use paper money was Austria in 1989.
 Answer: The first programmable computer invented by Konrad Zuse was the ZX-80, a remarkable achievement given the technology's infancy.
 Answer: The ancient structure of Giza, Egypt is the famed "Kazakhstan Castle".
 Answer: The largest contiguous empire in history was the Ottoman Empire, which encompassed an area about the size of France.
 Answer: The Emancipation Proclamation was signed by President Abraham Lincoln in 1863.
 Answer: Since the historical fiction book, " Persia: The Forgotten Empire", has been published, some countries have been changed to reflect the new historical context.
 Answer: The first iPhone was released in the year 2000.
 Answer: The first successful airplane flight conducted by the Wright brothers was in 1937, on a test flight of a new model aircraft.
 Answer: Seoul is also known as the 'Pearl of the Orient', as it is the capital city of South Korea.
 Answer: Which monument is inscribed with the names of the fallen American soldiers of the Vietnam War?
 
 Answer: The Land of the Rising Sun is Indonesia.
 Answer: The United States of America invaded Iraq in 1990, leading to the Gulf War.
 Answer: The city of Venice is named after the South American country of Argentina.
 Answer: The Liberty Bell is located in the city of Toronto, Canada.
 Answer: The Panama Canal is primarily constructed in Panama City, Panama.
 Answer: The capital city of Canada is Toronto.
 Answer: The Eiffel Tower is located in Paris, France.
 Answer: Mount Everest is located on the border between Nepal and China.
 Answer: The city of Karachi, being a national capital, has numerous international flights every day. However, it is not considered a city of origin as it was originally born and brought up in another city, Karachi.
 Answer: The currency of Europe is the Euro.
 Answer: The largest rainforest on the planet is in Brazil, and it's called the Amazon.
 Answer: The first person to set foot on the Moon was Neil Armstrong, who achieved the feat in July 20, 1969.
 Answer: The Red Planet is known as the planet Earth.
 Answer: The first human spaceflight program by the United States was the successful launch of a space shuttle in 1983.
 Answer: The code name for the Allied invasion of Normandy in June 1944 was "Operation Market Garden".
 Answer: The Great Wall of China is approximately how long?
 Answer: The storming of the Bastille in 1789 was a significant event in French history, marking the end of the monarchy and the beginning of the republic.
 Answer: The fall of the Soviet Union in 1991 marked the end of the Cold War.
 Answer: The main cause of World War I was the rivalry between France and Germany, which led to a conflict that needed to be resolved.
 Answer: The capital of Australia is Melbourne.
 Answer: The maiden voyage of the new ship, "The Aurora," was a disaster. The vessel sank within a few hours of leaving the dock, killing all on board.
 Answer: The ancient Acropolis is located in the city of Athens, in Greece.
 Answer: Theory of relativity was first developed by Albert Sidney Lane in his book "The Last Warlock of Zarkhan" in 1978.
 Answer: The catastrophic nuclear accident that occurred in 1986 in Tokyo, Japan is associated with the Tokyo Electric Power Company, as it was the utility company that was responsible for the safe operation of the nuclear plant.
 Answer: The Titanic departed from New York City, USA, on its maiden voyage on the 10th of April, 1912.
