0.01223874930292368
0.0557449571788311
0.002569776028394699
0.03906403109431267
0.05139145255088806
0.05596005916595459
0.013602172024548054
0.046887896955013275
0.09546045958995819
0.017071004956960678
0.0037217980716377497
0.04068414121866226
0.05220841243863106
0.006543423049151897
0.18063709139823914
0.026998694986104965
0.01828828454017639
0.01977652870118618
0.040170662105083466
0.17647437751293182
0.01977282203733921
0.13551828265190125
0.03681815415620804
0.05860791727900505
0.15980806946754456
0.03158680349588394
0.12350516021251678
0.05311701446771622
0.07210864126682281
0.002441100776195526
0.08713164925575256
0.015818089246749878
0.2543964982032776
0.07193001359701157
0.050161685794591904
0.08478382229804993
0.05133374035358429
0.05993194878101349
0.07231733202934265
0.06050688773393631
0.17178402841091156
0.015420553274452686
0.1710418313741684
0.25018540024757385
0.00015841968706808984
0.07464238256216049
0.0380203016102314
0.026360219344496727
0.09439875930547714
0.08120764791965485
0.04449014365673065
0.11924640834331512
0.03449611738324165
0.021209433674812317
0.05084192752838135
0.013945542275905609
0.0006068061920814216
0.07078410685062408
0.23880186676979065
0.08237969875335693
0.016256215050816536
0.08166124671697617
0.1567276418209076
0.14139977097511292
0.18199560046195984
0.3272167146205902
0.02536371536552906
0.06618382781744003
0.019533956423401833
0.15068428218364716
0.24564960598945618
0.003428821684792638
0.0661824643611908
0.057453855872154236
0.01258223969489336
0.010084911249577999
0.08273110538721085
0.3449152410030365
0.08334016799926758
0.008024272508919239
0.07978078722953796
0.024482425302267075
0.009893429465591908
0.021352136507630348
0.2819623351097107
0.016440052539110184
0.01174907386302948
0.4856663942337036
0.028620794415473938
0.016348063945770264
0.01113764476031065
0.04556506127119064
0.03358869254589081
0.07795023918151855
0.0510142520070076
0.14268888533115387
0.02613801136612892
0.010771071538329124
0.020395290106534958
0.0073834131471812725
0.011010045185685158
0.013466285541653633
0.01449158787727356
0.05181196704506874
0.033823706209659576
0.0010575426276773214
0.033974453806877136
0.010061254724860191
0.12945427000522614
0.053196705877780914
0.08329873532056808
0.0020938795059919357
0.07290422916412354
0.11829816550016403
0.006830436177551746
0.008917155675590038
0.11386530101299286
0.15271471440792084
0.10210862755775452
0.028720641508698463
0.004403788596391678
0.4076801538467407
0.02775481902062893
0.2769795060157776
0.002057901583611965
0.06727206707000732
0.05920739471912384
0.008288642391562462
0.06656549870967865
0.11123950779438019
0.026085790246725082
0.12747816741466522
0.003740574698895216
0.10593868792057037
0.010239927098155022
0.04964775964617729
0.09735193848609924
0.039116304367780685
0.01730474829673767
0.0042774872854352
0.05748319998383522
0.034393683075904846
0.3704909086227417
0.11615651845932007
0.0099479453638196
0.028709854930639267
0.09865796566009521
0.004595492966473103
0.08612923324108124
0.04952681064605713
0.25156542658805847
0.24502038955688477
0.02994028851389885
0.009871581569314003
0.048678889870643616
0.0013630230678245425
0.00026063909172080457
0.11692173779010773
0.021942628547549248
0.09526019543409348
0.0981556624174118
0.04160614311695099
0.03367827087640762
0.29775071144104004
0.030848940834403038
0.14612317085266113
0.061630815267562866
0.023698173463344574
0.003694304497912526
0.010530785657465458
0.07900837063789368
0.019224435091018677
0.08352348208427429
0.06131357699632645
0.13000497221946716
0.011869016103446484
0.01742374897003174
0.02182241715490818
0.098197802901268
0.003950769081711769
0.009328438900411129
0.04032595828175545
0.09574800729751587
0.022162392735481262
0.021301761269569397
0.11051982641220093
0.013358991593122482
0.4338741898536682
0.052423376590013504
0.31988757848739624
0.04826393350958824
0.025666628032922745
0.01240167859941721
0.007599992677569389
0.015056680887937546
0.1614590287208557
0.07147744297981262
0.10787640511989594
0.025199679657816887
0.5723337531089783
0.07386402785778046
0.005625841207802296
0.06858444958925247
0.07342613488435745
0.01835150644183159
0.07457625865936279
0.12095692753791809
0.061624642461538315
0.1361137479543686
0.0021612667478621006
0.014026451855897903
0.10612913221120834
0.13602125644683838
0.043493639677762985
0.04030810296535492
0.03531992807984352
0.006786859128624201
0.04020257666707039
0.16860711574554443
0.11502454429864883
0.10478988289833069
0.13864241540431976
0.037682704627513885
0.05118104815483093
0.0654841735959053
0.002078530378639698
0.02085822820663452
0.06773962825536728
0.024246731773018837
0.006565592251718044
0.16214296221733093
0.010665792040526867
0.13130834698677063
0.04820600897073746
0.045377783477306366
0.06452205777168274
0.030293330550193787
0.07996242493391037
0.04254956170916557
0.12670311331748962
0.08897097408771515
0.15965600311756134
0.029324255883693695
0.07431387901306152
0.2226881980895996
0.0010037393076345325
0.0012754298513755202
0.010663866996765137
0.00835985504090786
0.4174543619155884
0.013530654832720757
0.11829310655593872
0.1766231209039688
0.13556359708309174
0.052344098687171936
0.01805724948644638
0.19051054120063782
0.03044038824737072
0.006442768964916468
0.06251166015863419
0.0009270525770261884
0.10262973606586456
0.044651832431554794
0.07830455899238586
0.43553057312965393
0.039534930139780045
0.09214964509010315
0.07913877069950104
0.035229943692684174
0.01459398865699768
0.049538224935531616
0.001714129000902176
0.1068173423409462
0.011127302423119545
0.044714782387018204
0.015308099798858166
0.02346823364496231
0.020937850698828697
0.1033027395606041
0.06269864737987518
0.05116110295057297
0.024431299418210983
0.13899657130241394
0.11314360052347183
0.010976829566061497
0.009500481188297272
0.10081688314676285
0.1083340123295784
0.0003575549344532192
0.29518839716911316
0.11537417024374008
0.2413649559020996
0.015248560346662998
0.0001777416473487392
0.2022632360458374
0.10614604502916336
0.04159011319279671
0.04531602934002876
0.07244299352169037
0.00761812599375844
0.02579835243523121
0.03771368786692619
0.012050298042595387
0.8623321056365967
0.019113894551992416
0.027139190584421158
0.04144933074712753
0.05808517336845398
0.5252720713615417
0.011827762238681316
0.032168690115213394
0.001340418471954763
0.015516011044383049
0.06466293334960938
0.06425657868385315
0.052008092403411865
0.04168527573347092
0.06034871190786362
0.021940285339951515
0.024174310266971588
0.008379831910133362
0.08175791800022125
0.20279154181480408
0.03279823064804077
0.039497822523117065
0.013841183856129646
0.012389998883008957
0.04858258366584778
0.007665270008146763
0.050518590956926346
0.06920361518859863
0.01616663858294487
0.27113908529281616
0.060507893562316895
0.08632048219442368
0.015111871995031834
0.17249763011932373
0.13795334100723267
0.19147390127182007
0.035609014332294464
0.18876703083515167
0.0917414128780365
0.1639767587184906
0.015599253587424755
0.028949344530701637
0.2288985401391983
0.0032903715036809444
0.16246861219406128
0.018291901797056198
0.06901536136865616
0.21699842810630798
0.14483654499053955
0.41165655851364136
0.07071281224489212
0.01159709133207798
0.0035498887300491333
0.2540149688720703
0.17701077461242676
0.02724880538880825
0.0587332621216774
0.177764430642128
0.17854422330856323
0.017531991004943848
0.05279839038848877
0.005043766461312771
0.04008378088474274
0.0001645048032514751
0.023125216364860535
0.0701865702867508
0.10652333498001099
0.07029001414775848
0.08161863684654236
0.029393166303634644
0.04304717481136322
0.07839196920394897
0.007157253101468086
0.0036676370073109865
0.004378317389637232
0.18578949570655823
0.13758887350559235
0.047526873648166656
0.030754394829273224
0.006233879365026951
0.04872993007302284
0.1125483512878418
0.030478723347187042
0.02339254692196846
0.08142606914043427
0.1564878225326538
0.10429775714874268
0.0949370414018631
0.012462625280022621
0.014441940002143383
0.14482659101486206
0.012568539008498192
0.10289640724658966
0.03265371918678284
0.020534763112664223
0.013811182230710983
0.007288048043847084
