0.0
0.7618086338043213
0.8835553526878357
0.2993333637714386
1.8242969512939453
0.17437782883644104
0.20932987332344055
0.3699091970920563
2.495427370071411
0.0007803307962603867
1.326467752456665
1.8770062923431396
0.0009008869528770447
0.16514548659324646
0.018698547035455704
1.6375956535339355
0.3391406536102295
0.8281118869781494
1.671921730041504
0.24688546359539032
0.39339742064476013
1.0877892971038818
8.945089340209961
2.2061948776245117
2.7364501953125
0.005399353802204132
1.8582476377487183
1.735325574874878
0.0
1.509764552116394
1.9238357543945312
1.060027837753296
0.043363306671381
0.6279121041297913
0.7027238607406616
0.16043153405189514
0.10229846835136414
0.0
0.681805431842804
0.006716641131788492
0.0490880012512207
0.3216937184333801
2.6241583824157715
0.7233723998069763
1.0876317024230957
0.8366420269012451
1.1039921045303345
1.2823634147644043
1.0788629055023193
0.35553494095802307
0.7950283288955688
0.16839991509914398
0.08050716668367386
0.3281424343585968
1.6016799211502075
0.016703978180885315
0.5777658224105835
0.07963016629219055
0.8971821665763855
2.142341375350952
1.6255886554718018
0.035982172936201096
1.1320956945419312
0.010480230674147606
0.5057299137115479
1.2999449968338013
0.04548545181751251
2.4970574378967285
0.09419992566108704
1.5114390850067139
0.4584539234638214
0.006897756829857826
4.029798984527588
0.4661724269390106
1.5547692775726318
0.0
1.5619655847549438
0.8793907761573792
1.4616384506225586
1.4293018579483032
0.004461175296455622
0.9446943402290344
2.0452425479888916
0.0019264027941972017
0.01087973266839981
0.008543520234525204
0.19066298007965088
0.20617705583572388
0.014204355888068676
0.44132760167121887
1.6454780101776123
2.355173110961914
1.1412642002105713
0.4460674822330475
1.3341093063354492
0.10384280234575272
0.04103595018386841
0.7557741403579712
2.477787494659424
3.702415943145752
