1.335394024848938
3.3876566886901855
3.2452449798583984
3.4000306129455566
3.0595498085021973
2.7398781776428223
3.3237669467926025
1.1980104446411133
3.1020567417144775
3.3924357891082764
2.2482848167419434
2.8667492866516113
1.209243893623352
3.4153971672058105
3.686641216278076
2.7197256088256836
3.2710771560668945
2.8422889709472656
2.2472095489501953
2.5706682205200195
0.8289284706115723
3.1824562549591064
2.9343714714050293
1.7841668128967285
2.639770984649658
3.359602451324463
1.445713996887207
3.3173813819885254
3.9315531253814697
3.577441930770874
1.7082149982452393
3.1108694076538086
2.914738416671753
3.214722156524658
3.3182921409606934
2.4379656314849854
3.274935245513916
2.8932738304138184
2.4828014373779297
2.668766975402832
