1.9629192352294922
1.1880438327789307
0.4188588857650757
0.13415195047855377
1.0483063459396362
0.6996159553527832
0.8140867948532104
1.2048959732055664
1.042564034461975
1.2720104455947876
1.4910938739776611
0.6820812225341797
3.7225053310394287
0.7362463474273682
1.0156053304672241
1.6981056928634644
0.778989315032959
0.2169225662946701
2.038463592529297
2.3312442302703857
2.7341132164001465
1.0029100179672241
0.27751362323760986
3.231595516204834
0.347032368183136
0.5419673919677734
1.6672766208648682
1.5705375671386719
2.37650203704834
1.412905216217041
2.154266357421875
0.2323097437620163
1.694422721862793
1.2644282579421997
0.8137623071670532
0.7191485166549683
0.3962099552154541
1.3484699726104736
0.25940653681755066
0.34916144609451294
0.8382431864738464
1.460697054862976
1.6268830299377441
2.576944351196289
0.9022278785705566
1.8767517805099487
0.49795961380004883
1.6173638105392456
2.0633342266082764
0.5122077465057373
1.990034818649292
3.4870872497558594
0.9861860275268555
2.758237361907959
0.9967510104179382
1.6475967168807983
1.7696384191513062
2.1971232891082764
0.8540447950363159
1.5663480758666992
1.0080993175506592
3.1530520915985107
0.9432756304740906
1.0433263778686523
0.8336321711540222
0.47265276312828064
1.1838648319244385
1.3841761350631714
1.4373111724853516
0.5855439901351929
0.18616771697998047
1.1172583103179932
1.9199870824813843
0.7316178679466248
0.8740898370742798
1.438652753829956
0.6332250833511353
1.093951940536499
1.0947208404541016
1.7991609573364258
2.135834217071533
1.2500128746032715
0.7230726480484009
0.7465232610702515
1.8120182752609253
1.8982558250427246
0.42812418937683105
1.90155029296875
0.5273994207382202
1.5553138256072998
2.052595615386963
1.475183367729187
0.9691792726516724
0.702142596244812
1.2346975803375244
0.3671520948410034
1.7676408290863037
1.505876898765564
0.6494450569152832
1.058995246887207
