128.907470703125
126.96519470214844
126.2896957397461
131.0005340576172
128.60354614257812
124.0363998413086
129.14187622070312
130.38404846191406
128.53170776367188
131.0009765625
128.36595153808594
134.16543579101562
130.29673767089844
128.93692016601562
119.67063903808594
127.91609954833984
133.36288452148438
129.8802947998047
125.54702758789062
125.91108703613281
131.06822204589844
122.8853988647461
125.98188781738281
117.7535629272461
130.41903686523438
135.4377899169922
132.5970458984375
130.09213256835938
133.030517578125
125.88358306884766
128.15762329101562
131.2491912841797
130.3441162109375
125.95445251464844
127.72731018066406
124.95001220703125
124.55025482177734
124.23629760742188
127.75733947753906
130.0403289794922
127.2554931640625
130.01318359375
127.13240051269531
130.45330810546875
127.3436050415039
126.84039306640625
124.82109069824219
127.66825866699219
128.26637268066406
124.39387512207031
133.262451171875
129.81353759765625
130.41368103027344
134.07754516601562
126.87281799316406
130.61782836914062
128.38681030273438
119.66976165771484
125.9083251953125
124.78401184082031
130.32691955566406
123.28488159179688
129.13583374023438
125.36767578125
129.11244201660156
127.60382843017578
132.0648193359375
128.44622802734375
120.18241119384766
126.32183837890625
118.6988525390625
127.57449340820312
130.56735229492188
125.4246597290039
130.72628784179688
124.65811920166016
118.76679992675781
127.81697082519531
120.34764099121094
125.9150619506836
126.80585479736328
125.43900299072266
128.6239013671875
129.33938598632812
129.19041442871094
127.5334701538086
129.456298828125
128.093017578125
120.91299438476562
124.87921142578125
130.6028289794922
128.4911346435547
130.01438903808594
125.90108489990234
126.93675994873047
127.6246337890625
129.76611328125
136.85533142089844
127.78963470458984
128.3397674560547
124.93925476074219
127.68110656738281
126.66996002197266
123.80404663085938
125.51597595214844
130.982177734375
126.83483123779297
126.65145111083984
135.45899963378906
129.08657836914062
121.96290588378906
133.34461975097656
127.7864990234375
125.61343383789062
126.36299896240234
126.61249542236328
124.87665557861328
125.52330017089844
125.28227233886719
125.5606460571289
118.79029846191406
131.75051879882812
120.89645385742188
136.4639129638672
125.95796203613281
130.45436096191406
128.96641540527344
122.87855529785156
126.1408462524414
124.42039489746094
125.60550689697266
130.8810272216797
139.01913452148438
131.50927734375
124.86927032470703
129.35801696777344
123.086669921875
131.7067413330078
129.22279357910156
128.21731567382812
130.0390625
129.38217163085938
119.711181640625
129.4761962890625
134.50234985351562
127.8089828491211
126.37577819824219
131.15655517578125
127.83293151855469
129.76133728027344
126.9502182006836
133.31585693359375
130.06015014648438
131.6079864501953
131.7261962890625
129.3990020751953
126.24986267089844
128.32510375976562
127.2313461303711
121.64909362792969
123.38001251220703
126.05618286132812
129.39312744140625
126.5954360961914
136.08767700195312
131.43780517578125
124.45352172851562
128.78341674804688
126.95191955566406
128.71267700195312
125.41157531738281
128.67880249023438
116.0706787109375
126.50594329833984
124.38273620605469
121.85948181152344
128.30908203125
130.04953002929688
126.08164978027344
132.95523071289062
128.06704711914062
122.69905090332031
125.34321594238281
128.17236328125
125.41764831542969
130.6767578125
131.52542114257812
129.84634399414062
125.1373519897461
128.96849060058594
125.5173110961914
124.5293960571289
126.92340087890625
132.72463989257812
125.5733642578125
126.73670196533203
129.12295532226562
131.01019287109375
127.41371154785156
130.2974853515625
127.2718505859375
124.6193618774414
137.06692504882812
116.96728515625
129.9818115234375
126.90184783935547
128.84619140625
126.25288391113281
125.72290802001953
120.60247802734375
130.4271697998047
128.47149658203125
124.90943145751953
130.0860137939453
133.2661895751953
132.67245483398438
127.93215942382812
131.54150390625
127.94747924804688
123.10713195800781
130.85691833496094
120.45161437988281
132.39366149902344
133.38858032226562
124.94194030761719
124.90284729003906
130.235107421875
126.61347198486328
121.59724426269531
128.79476928710938
128.9375457763672
132.44232177734375
126.1247329711914
132.6461639404297
131.12277221679688
131.01475524902344
131.0732421875
128.17523193359375
132.24252319335938
125.46943664550781
128.86566162109375
125.32316589355469
129.43353271484375
131.37191772460938
129.26925659179688
130.6954803466797
126.46250915527344
129.029541015625
121.89202880859375
129.2296142578125
126.64308166503906
127.52261352539062
126.33099365234375
126.91638946533203
125.65621948242188
129.71568298339844
127.15290832519531
128.35752868652344
127.5933837890625
125.38606262207031
127.97213745117188
119.22853088378906
131.781494140625
130.9240264892578
126.26624298095703
127.9305419921875
125.47252655029297
131.39724731445312
122.08708953857422
128.44309997558594
132.5454864501953
123.25648498535156
130.2989959716797
126.22856903076172
132.66085815429688
130.3603057861328
126.32229614257812
127.88282775878906
127.48611450195312
126.91542053222656
131.92547607421875
125.55049133300781
127.88128662109375
124.79563903808594
123.92285919189453
130.32052612304688
130.50018310546875
128.79391479492188
127.60160064697266
126.42082977294922
128.13137817382812
131.549560546875
124.3739013671875
128.2607879638672
119.67166900634766
133.25167846679688
128.76242065429688
129.7110595703125
125.47014617919922
125.54463195800781
126.53649139404297
130.94168090820312
132.10565185546875
114.69986724853516
127.76608276367188
124.88523864746094
126.48439025878906
132.861572265625
123.79711151123047
127.80245971679688
133.30577087402344
126.22508239746094
135.32315063476562
125.65963745117188
128.12567138671875
127.14576721191406
125.881591796875
125.76744079589844
130.4995880126953
127.10528564453125
131.9427490234375
133.94235229492188
124.60302734375
126.60844421386719
129.3470458984375
126.36663055419922
124.59439086914062
127.96259307861328
123.50413513183594
125.80165100097656
131.14984130859375
128.2862548828125
130.7147674560547
120.85259246826172
125.196533203125
125.76106262207031
128.85247802734375
130.05511474609375
126.98341369628906
127.51849365234375
130.15896606445312
123.0392074584961
129.0919189453125
125.714599609375
127.15028381347656
122.70124816894531
128.00209045410156
128.8346405029297
124.49589538574219
132.42860412597656
126.83161926269531
126.41964721679688
124.12625885009766
127.60664367675781
127.24810028076172
130.14065551757812
115.84933471679688
126.46572875976562
130.92501831054688
126.77216339111328
124.57781219482422
128.04452514648438
115.82123565673828
124.41691589355469
128.9698944091797
122.29315185546875
127.33206176757812
136.31002807617188
124.25613403320312
125.28468322753906
133.62454223632812
125.26469421386719
132.29713439941406
129.5194091796875
136.38206481933594
129.66531372070312
126.13906860351562
126.2800521850586
125.31475067138672
127.8249282836914
129.79779052734375
127.55989074707031
119.65762329101562
131.55581665039062
127.9706802368164
126.58623504638672
128.20620727539062
128.2317352294922
124.44882202148438
116.60228729248047
127.35008239746094
127.70950317382812
126.2069320678711
126.16532897949219
125.3526611328125
128.558349609375
127.63786315917969
130.39938354492188
123.81000518798828
130.14349365234375
