0.0
0.6007589101791382
0.5311680436134338
0.3002168536186218
2.283569574356079
0.43669724464416504
0.08473558723926544
0.2416122853755951
3.413357973098755
0.00344404811039567
0.6725936532020569
1.8344334363937378
0.00048405336565338075
0.09082396328449249
0.0056365481577813625
2.231764793395996
0.39383840560913086
0.931257426738739
2.262113332748413
0.31096509099006653
1.5189099311828613
0.5073660016059875
3.508852481842041
2.0377588272094727
2.554558038711548
0.008883425034582615
5.409463405609131
1.3797345161437988
0.0
1.5318599939346313
0.964097261428833
1.0926433801651
0.02494138851761818
0.4605849087238312
0.2292112112045288
0.05831782519817352
0.18501196801662445
0.0
0.5343430042266846
0.0027559674344956875
0.027804207056760788
0.33291953802108765
3.158919095993042
0.5633163452148438
0.9113266468048096
0.24178674817085266
0.6311943531036377
1.768727421760559
0.38062015175819397
0.22903962433338165
0.7601459622383118
0.14029309153556824
0.015381725504994392
0.09044057875871658
1.7315294742584229
0.3775307536125183
0.022944601252675056
0.08176571875810623
0.41047728061676025
0.7223647832870483
1.1751809120178223
0.0804309993982315
0.511622965335846
0.004132955335080624
0.4483069181442261
2.104381799697876
0.019754916429519653
1.2044095993041992
0.02082548290491104
0.8910452127456665
0.602910041809082
0.0016636064974591136
4.425495624542236
0.08082842826843262
1.7166577577590942
0.0
1.9331659078598022
0.6697044968605042
0.1449001580476761
1.194887399673462
0.001413729041814804
0.01852314919233322
1.2719063758850098
0.00216964865103364
0.00690075010061264
0.00225422834046185
0.17172445356845856
0.2703171372413635
0.0018043942982330918
0.15796667337417603
0.7597084641456604
0.9559763669967651
0.9189806580543518
0.2873697280883789
0.5608075857162476
0.8853537440299988
0.017206743359565735
0.5105057954788208
2.55800724029541
5.001959800720215
