0.0
0.4063084125518799
1.0716586112976074
0.24916043877601624
1.6319912672042847
0.7916192412376404
0.03737730160355568
0.43147507309913635
3.4615371227264404
0.001614405307918787
0.4269781708717346
2.503108024597168
0.00031133732409216464
0.053503572940826416
0.005345234181731939
1.1875355243682861
0.3224502205848694
1.0878479480743408
1.7777003049850464
0.306803822517395
1.0150954723358154
0.7702783346176147
5.531009197235107
2.640286445617676
3.236602544784546
0.020977197214961052
2.178300142288208
2.337470054626465
0.0
1.546791434288025
1.023516297340393
0.9868667125701904
0.012710653245449066
0.46115490794181824
0.12514476478099823
0.3768664300441742
0.17341721057891846
0.0
0.5096585154533386
0.006152627989649773
0.02201521024107933
0.5370708703994751
3.7602224349975586
0.33784568309783936
1.1556572914123535
0.4281845986843109
0.6902970671653748
1.7970218658447266
1.095900535583496
0.3303682208061218
0.66386878490448
0.16649079322814941
0.022251630201935768
0.1642213761806488
2.1469123363494873
0.06573231518268585
0.2551192045211792
0.09464370459318161
1.14992094039917
0.6855925917625427
1.3109381198883057
0.05562977120280266
0.8628188371658325
0.004788287915289402
0.4790852665901184
1.9906790256500244
0.04722348600625992
1.5831081867218018
0.0025900162290781736
1.2823731899261475
0.813829243183136
0.005553212948143482
4.210862636566162
0.3170284032821655
1.6429593563079834
0.0
2.0537147521972656
1.1853294372558594
0.2522779107093811
1.489885926246643
0.001812209840863943
0.05460759252309799
1.8491038084030151
0.2690194249153137
0.01133816409856081
0.017004258930683136
0.24091646075248718
0.26632821559906006
0.006073449272662401
1.0373170375823975
1.3418676853179932
1.1344228982925415
1.1852023601531982
0.3658389747142792
2.4998512268066406
1.2216960191726685
0.09408073127269745
0.884194552898407
2.914696455001831
4.444235801696777
