36.032203674316406
33.38421630859375
39.625335693359375
32.425384521484375
17.164756774902344
41.395721435546875
14.953107833862305
33.73027801513672
0.0
49.0882682800293
17.494754791259766
23.850629806518555
23.369670867919922
38.61569595336914
43.69493865966797
39.978271484375
0.0
30.15704917907715
32.664222717285156
17.377197265625
16.4371280670166
18.917083740234375
35.21673583984375
21.6554012298584
24.550743103027344
72.17343139648438
48.686153411865234
19.382675170898438
59.12797164916992
44.01396942138672
29.990333557128906
36.67332458496094
59.940059661865234
0.0
40.00333786010742
41.36002731323242
16.972200393676758
18.64379119873047
23.285213470458984
32.62601852416992
36.3641242980957
37.94654083251953
35.83354568481445
16.95391082763672
56.445247650146484
0.0
14.632238388061523
21.115285873413086
42.23524475097656
17.773178100585938
35.59861755371094
17.465442657470703
54.95313262939453
44.57023620605469
38.69621658325195
37.70982360839844
17.06520652770996
58.15671920776367
17.49725341796875
45.80964279174805
46.63444137573242
23.257946014404297
25.375553131103516
35.92940139770508
45.463134765625
0.0
36.01954650878906
39.32013702392578
0.0
28.55908203125
14.941951751708984
21.720006942749023
44.07014083862305
66.06063079833984
48.85668182373047
0.0
32.72412872314453
35.71321105957031
0.0
41.05950927734375
37.619056701660156
65.54335021972656
43.3958854675293
68.08221435546875
17.6676025390625
45.071746826171875
0.0
68.10873413085938
0.0
0.0
39.36027145385742
15.45329475402832
64.84342193603516
42.7366943359375
46.30107116699219
18.132003784179688
34.43340301513672
18.309471130371094
52.74725341796875
49.686279296875
51.75438690185547
69.20540618896484
45.86103439331055
0.0
0.0
63.120582580566406
22.55922508239746
18.177732467651367
64.5032730102539
18.421829223632812
0.0
57.58988952636719
34.86703109741211
0.0
47.12297058105469
46.53602600097656
54.1136589050293
