104.6618881225586
125.05217742919922
82.00749969482422
99.53219604492188
113.69207763671875
111.9180908203125
39.70676803588867
107.83963012695312
100.86067199707031
111.27139282226562
111.90306091308594
109.86068725585938
114.32391357421875
103.78337860107422
104.09669494628906
102.07707214355469
82.24124145507812
118.65426635742188
112.64323425292969
108.2762680053711
102.68215942382812
129.6292724609375
83.02838134765625
121.70503997802734
76.81029510498047
83.97601318359375
101.60060119628906
109.55917358398438
107.17110443115234
122.37081909179688
82.51241302490234
104.48152160644531
108.91766357421875
126.91395568847656
108.65987396240234
91.64900970458984
117.89745330810547
77.03057098388672
58.117713928222656
93.54571533203125
90.28376770019531
133.95046997070312
96.1848373413086
97.01716613769531
78.93364715576172
106.07079315185547
120.18472290039062
112.8346176147461
79.36199951171875
107.32084655761719
98.52272033691406
93.3366928100586
87.98265075683594
97.61289978027344
109.0145492553711
126.90804290771484
122.89561462402344
108.97882080078125
113.88680267333984
107.8452377319336
85.82356262207031
89.30343627929688
118.16026306152344
106.62666320800781
111.38520812988281
97.6328125
111.2400131225586
96.3587646484375
109.66793823242188
109.1268539428711
82.9955825805664
99.12376403808594
115.3373031616211
86.80624389648438
97.79629516601562
123.4452133178711
84.92951965332031
85.3857421875
86.89820861816406
128.48635864257812
109.1348876953125
125.85249328613281
96.82342529296875
120.71086883544922
105.955078125
103.55624389648438
102.72361755371094
125.53373718261719
115.9266357421875
83.33443450927734
126.39990234375
111.1809310913086
106.36101531982422
106.12289428710938
101.94258880615234
110.9510498046875
88.54312133789062
106.19964599609375
91.086669921875
112.60394287109375
