37.529441833496094
40.769020080566406
38.125083923339844
40.60569763183594
37.0729866027832
40.91888427734375
41.465938568115234
38.06279373168945
36.783382415771484
39.65626525878906
37.962135314941406
37.597129821777344
39.27568817138672
42.80083465576172
36.0640869140625
40.0713005065918
39.263370513916016
40.474769592285156
38.42671585083008
40.27937698364258
39.280845642089844
41.38616943359375
39.749961853027344
39.139434814453125
42.425262451171875
35.953880310058594
41.44422149658203
37.62095260620117
38.934757232666016
35.537200927734375
39.185272216796875
41.72182846069336
42.44560623168945
37.02156066894531
40.831207275390625
36.882965087890625
39.361656188964844
40.61188507080078
39.12351989746094
41.11796188354492
38.614234924316406
38.532249450683594
38.13670349121094
36.987098693847656
36.34450912475586
39.22126388549805
40.2774772644043
34.70916748046875
37.962684631347656
42.69139099121094
39.3820915222168
37.93638610839844
39.75372314453125
40.01468276977539
41.63969802856445
42.63949966430664
34.98706817626953
38.125152587890625
36.83210372924805
39.98417663574219
36.707088470458984
36.14131164550781
39.465599060058594
39.841583251953125
40.202491760253906
40.252777099609375
39.73979187011719
40.25004196166992
39.08356475830078
35.32942581176758
41.16972351074219
36.319698333740234
40.45713806152344
38.842185974121094
39.572792053222656
39.86628723144531
43.28031539916992
38.439979553222656
39.19005584716797
36.02772521972656
40.51628875732422
40.728004455566406
38.223876953125
37.26862716674805
39.00519561767578
40.88561248779297
37.32573699951172
37.421424865722656
39.71464538574219
39.19856262207031
39.30778503417969
38.68980407714844
37.09958267211914
40.17108917236328
41.36829376220703
40.10979461669922
41.097869873046875
41.641021728515625
38.646636962890625
38.34807586669922
37.014644622802734
40.69859313964844
41.80268859863281
40.88907241821289
39.21363067626953
34.721405029296875
40.08229064941406
39.904117584228516
34.17650604248047
39.477020263671875
39.55195999145508
41.58711242675781
39.76518249511719
36.44792175292969
38.798004150390625
39.4865837097168
38.14424133300781
39.13990020751953
38.319496154785156
38.50411605834961
31.53006935119629
41.61139678955078
40.769020080566406
40.243011474609375
32.804500579833984
38.90596008300781
40.78887176513672
36.701229095458984
36.85060119628906
39.46297073364258
40.529815673828125
38.580543518066406
36.49082565307617
36.244686126708984
39.796905517578125
41.051055908203125
39.53254699707031
41.566734313964844
37.23666763305664
40.68750762939453
40.233489990234375
39.36769104003906
42.00828552246094
38.07102966308594
40.69822692871094
42.20702362060547
41.17396545410156
41.58068084716797
39.14299011230469
41.670074462890625
37.05275344848633
39.35078430175781
39.688682556152344
41.72320556640625
39.4310188293457
36.32563018798828
34.55168914794922
40.50466537475586
40.73047637939453
40.070709228515625
35.98878479003906
41.360816955566406
35.639442443847656
40.232975006103516
41.52501678466797
37.07831573486328
40.468421936035156
37.36390686035156
31.7318172454834
38.43937683105469
38.00079345703125
34.65669250488281
38.591087341308594
37.536434173583984
39.75498580932617
35.773956298828125
38.66183090209961
41.611053466796875
39.30086135864258
39.575416564941406
42.30248260498047
37.376129150390625
37.1418342590332
39.3407096862793
41.84071350097656
41.560302734375
39.9283447265625
40.89997100830078
38.3334846496582
37.28784942626953
41.52641677856445
37.51985168457031
36.349456787109375
40.07305145263672
38.7552490234375
40.7293701171875
39.29240036010742
37.80549621582031
37.8908576965332
35.53684997558594
38.545867919921875
35.78541946411133
37.40904235839844
38.370033264160156
35.074405670166016
40.91200256347656
38.97282028198242
39.043880462646484
39.5765380859375
39.94737243652344
37.06559753417969
40.20304489135742
42.3336296081543
41.87639617919922
41.59934997558594
39.8006591796875
39.39787673950195
39.71318435668945
41.1126823425293
40.737464904785156
40.99565124511719
40.34314727783203
37.20319747924805
40.43915557861328
39.82125473022461
40.36029052734375
41.6676025390625
37.25078582763672
41.38804244995117
35.25466537475586
40.66974639892578
37.68397521972656
40.638587951660156
41.19232940673828
39.37122344970703
41.985782623291016
39.622642517089844
38.52014923095703
37.29633712768555
41.81290817260742
39.431095123291016
36.09369659423828
39.99024200439453
38.32468795776367
40.44523620605469
38.368492126464844
37.88975143432617
36.360713958740234
35.862762451171875
37.05145263671875
39.83328628540039
39.51431655883789
37.273685455322266
39.83893585205078
41.77616882324219
39.6328239440918
37.35966491699219
40.41262435913086
36.79302978515625
35.984535217285156
38.52510070800781
41.83546447753906
40.96583557128906
37.40275573730469
38.317630767822266
41.06470489501953
38.78124237060547
39.067108154296875
40.25906753540039
41.594486236572266
39.06678009033203
37.27803039550781
38.11936950683594
40.555442810058594
36.0187873840332
37.21162414550781
38.0662841796875
41.28467559814453
39.25613784790039
41.154029846191406
38.742897033691406
41.578582763671875
39.5899658203125
39.336029052734375
38.3486328125
38.61736297607422
36.82453918457031
40.79457473754883
38.52219772338867
38.92156982421875
41.37339782714844
40.412010192871094
41.270790100097656
32.80744934082031
40.66511535644531
39.40380096435547
37.77729797363281
38.48595428466797
38.71665573120117
40.407901763916016
40.051116943359375
36.1993408203125
40.28963851928711
40.741371154785156
37.590110778808594
37.84185791015625
41.00150680541992
40.89788818359375
40.64600372314453
36.33344650268555
35.46698760986328
37.67886734008789
41.31475067138672
38.48379898071289
41.31055450439453
40.13397979736328
39.98341369628906
37.91783905029297
38.34294509887695
38.23979949951172
36.55958557128906
39.32616424560547
37.339656829833984
39.066917419433594
40.816139221191406
40.464454650878906
37.3935432434082
39.996768951416016
37.543006896972656
40.190834045410156
40.53630447387695
41.51613998413086
39.65730285644531
41.64887237548828
41.00140380859375
38.85888671875
36.51646041870117
38.74024200439453
41.3414192199707
41.653564453125
41.16619110107422
38.199676513671875
36.36045837402344
39.813743591308594
38.88606262207031
39.259552001953125
35.15641784667969
39.92204666137695
36.89013671875
40.807090759277344
39.670501708984375
40.333099365234375
39.73291778564453
39.732704162597656
40.875038146972656
37.00776290893555
40.557682037353516
40.32371139526367
40.464805603027344
42.46369934082031
38.960472106933594
38.25428771972656
36.39988708496094
40.266578674316406
39.61772537231445
40.223751068115234
36.73811721801758
39.43132400512695
40.02970886230469
41.008697509765625
38.97320556640625
41.1695556640625
37.116050720214844
39.632171630859375
39.55573654174805
37.283302307128906
33.96171951293945
36.93317794799805
41.03624725341797
34.8626708984375
39.37436294555664
40.206581115722656
37.52189636230469
40.04027557373047
39.08854293823242
34.99700164794922
39.3428840637207
39.0845832824707
38.9341926574707
37.55678176879883
40.96506881713867
38.4792594909668
42.15932083129883
39.64325714111328
38.51966857910156
39.615787506103516
40.79246520996094
38.63629913330078
35.07835006713867
40.8458366394043
