4.781817436218262
5.5588483810424805
3.7113900184631348
6.040042400360107
2.719027519226074
7.040556907653809
2.8977131843566895
4.906679630279541
0.0
12.418452262878418
5.169919490814209
3.0932865142822266
2.867281675338745
7.73871374130249
4.952037811279297
7.1858930587768555
0.0
5.57065486907959
5.680135250091553
2.222393751144409
2.547929286956787
5.530980110168457
5.312139511108398
4.823862075805664
3.962348699569702
10.223028182983398
9.749883651733398
2.054954767227173
11.451850891113281
8.901201248168945
4.044868469238281
6.446030616760254
8.125078201293945
0.0
7.794544219970703
8.430431365966797
2.134453296661377
2.604088306427002
2.498271942138672
5.926966667175293
7.438329696655273
6.428108215332031
4.393996238708496
2.6861038208007812
8.237129211425781
0.0
2.9994618892669678
3.96475887298584
6.853099822998047
2.724594831466675
4.591864585876465
3.1497554779052734
9.46967887878418
8.771608352661133
6.661595821380615
6.954946517944336
3.00551176071167
11.699854850769043
2.883847713470459
6.728560447692871
6.993739604949951
5.986247539520264
4.099410533905029
5.473882675170898
8.247535705566406
0.0
7.858891487121582
11.788374900817871
0.0
4.504124641418457
3.055971145629883
4.034431457519531
8.149621963500977
11.810295104980469
9.662949562072754
0.0
8.325828552246094
4.580710411071777
0.0
7.798242092132568
7.024845123291016
13.246915817260742
7.7577972412109375
12.633974075317383
2.3302197456359863
7.759007453918457
0.0
9.980337142944336
0.0
0.0
7.293055534362793
3.2484748363494873
11.279131889343262
7.102349758148193
10.323407173156738
2.44728946685791
5.317630767822266
2.361645221710205
9.638994216918945
8.831816673278809
8.779796600341797
12.368437767028809
7.238713264465332
0.0
0.0
11.781478881835938
3.940384864807129
2.3305890560150146
9.000371932983398
5.621733665466309
0.0
9.47596549987793
5.802864074707031
0.0
9.216899871826172
5.552364349365234
9.640239715576172
