22.033939361572266
24.865123748779297
18.523881912231445
24.472843170166016
11.639825820922852
29.567724227905273
12.115018844604492
22.21535873413086
0.0
53.11730194091797
20.339786529541016
14.683920860290527
14.137701034545898
32.057159423828125
24.748638153076172
31.971939086914062
0.0
24.473155975341797
24.014196395874023
11.526912689208984
11.757658004760742
21.01502799987793
23.420440673828125
20.531978607177734
18.55144500732422
47.25452423095703
39.39103317260742
9.419535636901855
48.7738037109375
39.6218147277832
17.39722442626953
28.73895835876465
36.34356689453125
0.0
34.10504913330078
35.60016632080078
10.641620635986328
10.557696342468262
12.06393814086914
24.20528793334961
30.843154907226562
28.57149314880371
21.194496154785156
12.046004295349121
36.06360626220703
0.0
12.253127098083496
15.853940963745117
28.868080139160156
11.289327621459961
21.304670333862305
12.09587287902832
40.50469970703125
38.38414764404297
29.059551239013672
29.47853660583496
12.06375503540039
50.0968132019043
11.647272109985352
30.665328979492188
30.336654663085938
23.419265747070312
17.750770568847656
22.474597930908203
35.981719970703125
0.0
31.15631103515625
48.665740966796875
0.0
18.869516372680664
13.57244873046875
16.755863189697266
33.943260192871094
52.218727111816406
39.41793441772461
0.0
34.859764099121094
21.682937622070312
0.0
34.013980865478516
29.542892456054688
55.051666259765625
32.40936279296875
52.70648193359375
10.202349662780762
35.535682678222656
0.0
45.23516082763672
0.0
0.0
31.86627769470215
14.519808769226074
46.04255294799805
31.744367599487305
40.38688659667969
10.96833610534668
23.091421127319336
10.684383392333984
42.53966522216797
39.45653533935547
40.580055236816406
53.60813903808594
32.522098541259766
0.0
0.0
52.34821319580078
16.755155563354492
11.011747360229492
40.799766540527344
20.75753402709961
0.0
41.57673263549805
22.395915985107422
0.0
37.0350456237793
25.739559173583984
41.64173889160156
