0.42577609419822693
0.005536840297281742
1.2345516681671143
0.8025316596031189
0.005006083287298679
0.002800178714096546
0.0
0.0
0.0
0.0
0.0
0.03354903310537338
0.0
3.1544837951660156
0.017779476940631866
0.0
0.0
0.0
0.6120575666427612
0.041907791048288345
0.0
1.0408985614776611
0.529227614402771
0.0
0.1387300193309784
0.0
0.7942227721214294
0.11444900929927826
1.2818059921264648
0.0
0.0
0.000291262665996328
3.10664439201355
0.0
0.0
2.3308827877044678
0.000667483895085752
0.0
0.004522483330219984
0.0
0.0
0.0
0.08284163475036621
0.0
0.7660184502601624
0.0
0.0
0.0
0.0
1.07431960105896
0.0
1.290377140045166
0.0
1.5132477283477783
0.0
0.9000270366668701
0.0
0.0
0.08335646986961365
0.0
2.921052932739258
0.07186982035636902
0.0
0.05057763680815697
1.642221212387085
0.005336493719369173
0.0
1.3278446197509766
0.0
0.0
0.0
0.7859244346618652
0.0
0.0
0.0
0.0
3.793682336807251
0.0
0.3820267915725708
0.0
0.006984162610024214
3.1515798568725586
1.2147438526153564
0.8718899488449097
0.0
0.00914462935179472
0.0
0.0
0.10068868845701218
0.0
0.0
0.0
1.206195592880249
0.0
0.0
0.5111894607543945
0.9307395815849304
3.242708444595337
9.46048355102539
0.005721608642488718
0.5749139785766602
0.0
0.0
0.0
0.0
0.2493584156036377
0.1134994775056839
0.01304088905453682
0.0
0.3530330955982208
0.058771762996912
0.0
0.0
0.02915871888399124
0.0
4.608397006988525
0.0
