0.0
59.59422302246094
70.52790832519531
51.87327575683594
72.97451782226562
39.04473114013672
31.355640411376953
57.189109802246094
32.272762298583984
37.6171760559082
57.161949157714844
50.342750549316406
33.79550552368164
77.51165771484375
56.252098083496094
48.694671630859375
33.19352722167969
48.06765365600586
52.60718536376953
61.95526123046875
42.984771728515625
47.50696563720703
65.40312957763672
32.05503845214844
58.39822769165039
40.57942199707031
36.06596755981445
59.71794891357422
0.0
61.717201232910156
55.394744873046875
33.51239776611328
41.837982177734375
60.85446548461914
32.015499114990234
47.767635345458984
35.5933723449707
0.0
44.109230041503906
74.5979995727539
37.49555969238281
45.01298141479492
63.83431625366211
50.98332977294922
29.795164108276367
73.96464538574219
76.15623474121094
71.99388885498047
60.29204559326172
33.6954345703125
77.62319946289062
52.718109130859375
39.81639099121094
62.74714660644531
46.471221923828125
37.472137451171875
44.76036834716797
29.587444305419922
62.589012145996094
40.23247146606445
66.1221694946289
32.78607940673828
61.1080207824707
70.28764343261719
72.8711929321289
47.93788528442383
33.910743713378906
71.11337280273438
30.96762466430664
43.675498962402344
57.08086013793945
40.5452880859375
49.547332763671875
44.42512512207031
38.61499786376953
0.0
51.36492156982422
61.239036560058594
53.026023864746094
61.805198669433594
30.846858978271484
30.33280372619629
57.279701232910156
63.0452995300293
32.95134735107422
42.88616943359375
46.39836883544922
54.17003631591797
50.964324951171875
62.33769226074219
60.88101577758789
30.098495483398438
58.23895263671875
33.99207305908203
71.58534240722656
55.82928466796875
37.01066589355469
46.28529357910156
37.35017013549805
75.87080383300781
