0.083144411444664
0.22062548995018005
0.0075220209546387196
0.053664110600948334
0.05691399425268173
0.05858287215232849
0.017484549432992935
0.04865356534719467
0.1336921751499176
0.02584410086274147
0.005810803733766079
0.047320157289505005
0.055068306624889374
0.006936410907655954
0.1694355010986328
0.02056724578142166
0.04577050358057022
0.03066662885248661
0.04470168799161911
0.17749591171741486
0.030017195269465446
0.1345730721950531
0.04548396170139313
0.06219983845949173
0.18444612622261047
0.04393475502729416
0.13256442546844482
0.10495249927043915
0.09143722057342529
0.005152864847332239
0.1269429475069046
0.019069476053118706
0.27916860580444336
0.07949848473072052
0.05683218687772751
0.11027047783136368
0.06846817582845688
0.050406698137521744
0.08443868160247803
0.0558333545923233
0.30749112367630005
0.01682586409151554
0.1839582473039627
0.27897095680236816
0.00011580118734855205
0.11492316424846649
0.04556956887245178
0.03277334198355675
0.09271296858787537
0.08723647147417068
0.07135094702243805
0.06978099048137665
0.030719587579369545
0.02363654412329197
0.19691166281700134
0.015107029117643833
0.0008678269805386662
0.0710558146238327
0.2765168845653534
0.09456820785999298
0.019499514251947403
0.08417704701423645
0.39120274782180786
0.1338200867176056
0.19087621569633484
0.3281404376029968
0.054614242166280746
0.0785125344991684
0.023107141256332397
0.1736932247877121
0.2675725519657135
0.003178288694471121
0.07778947055339813
0.06565938889980316
0.02738923951983452
0.020357990637421608
0.10044072568416595
0.35882994532585144
0.07354642450809479
0.006072279065847397
0.10214537382125854
0.02968943864107132
0.009566696360707283
0.033552639186382294
0.33108988404273987
0.03154546022415161
0.020684920251369476
0.4819055199623108
0.028351392596960068
0.037880025804042816
0.02858550474047661
0.05303751677274704
0.055135712027549744
0.09785432368516922
0.05219912528991699
0.14820429682731628
0.10754288733005524
0.013039594516158104
0.04104112461209297
0.009489892981946468
0.019625460729002953
0.021111976355314255
0.01715138368308544
0.04959402233362198
0.04084555059671402
0.002301318570971489
0.05142582952976227
0.013439059257507324
0.14331552386283875
0.07006321847438812
0.08970019221305847
0.003270224202424288
0.07678212970495224
0.1485886424779892
0.008566923439502716
0.012453872710466385
0.11166068911552429
0.15729989111423492
0.24265515804290771
0.04253371059894562
0.011005798354744911
0.411634624004364
0.028222406283020973
0.2747315764427185
0.0007854241412132978
0.06176069378852844
0.06879497319459915
0.019469503313302994
0.06860947608947754
0.09187261760234833
0.04821806401014328
0.1480673849582672
0.003316208254545927
0.1336292177438736
0.019979441538453102
0.07189598679542542
0.09287925064563751
0.04297482967376709
0.031199701130390167
0.0057186465710401535
0.06561529636383057
0.05308293551206589
0.38148191571235657
0.13177624344825745
0.013055256567895412
0.03671349957585335
0.10256361961364746
0.009136644192039967
0.10284602642059326
0.06796464323997498
0.16275882720947266
0.2557123899459839
0.043452877551317215
0.010678809136152267
0.06302543729543686
0.0024874273221939802
0.0004080571816302836
0.12930996716022491
0.04808453842997551
0.08494235575199127
0.10976811498403549
0.19881866872310638
0.03299877792596817
0.2739413380622864
0.08734120428562164
0.08893286436796188
0.060739513486623764
0.0665515661239624
0.0034593837335705757
0.014255557209253311
0.1647166609764099
0.02365121990442276
0.07945775240659714
0.05959303304553032
0.13509559631347656
0.08449796587228775
0.020798098295927048
0.027947459369897842
0.1410154551267624
0.005783795844763517
0.022859226912260056
0.04388904571533203
0.1099729835987091
0.042027559131383896
0.0188983753323555
0.13142094016075134
0.020767204463481903
0.4368019104003906
0.13196298480033875
0.17445851862430573
0.12968245148658752
0.03391312435269356
0.01656828448176384
0.014160015620291233
0.05986505374312401
0.17463886737823486
0.07857584953308105
0.12226229161024094
0.06706543266773224
0.5570361614227295
0.08391301333904266
0.006272831931710243
0.0915924534201622
0.08377666771411896
0.03484628349542618
0.08582109957933426
0.14016760885715485
0.08640645444393158
0.16003325581550598
0.002368029672652483
0.019288767129182816
0.27875998616218567
0.15330305695533752
0.051542848348617554
0.0933460146188736
0.03053133562207222
0.019371137022972107
0.08990249037742615
0.22900497913360596
0.16507625579833984
0.11448286473751068
0.17182853817939758
0.0958646833896637
0.044489722698926926
0.06293629109859467
0.0045829517766833305
0.043645184487104416
0.10162621736526489
0.031110048294067383
0.001916330773383379
0.17475396394729614
0.015571000054478645
0.13709670305252075
0.050861842930316925
0.061397865414619446
0.06888416409492493
0.04494199901819229
0.07310459017753601
0.04178134351968765
0.10675853490829468
0.1175834983587265
0.2056530863046646
0.030113086104393005
0.07125620543956757
0.21641071140766144
0.0015022525331005454
0.002652581315487623
0.016327667981386185
0.007661608047783375
0.4012813866138458
0.022493015974760056
0.1821872889995575
0.15393127501010895
0.13854162395000458
0.14717313647270203
0.03579367697238922
0.19954530894756317
0.030884936451911926
0.010170718654990196
0.06389506161212921
0.0014839244540780783
0.2611443102359772
0.07235357165336609
0.09192366898059845
0.44061827659606934
0.0478161983191967
0.12206940352916718
0.1595912128686905
0.0366102010011673
0.020092088729143143
0.07019800692796707
0.002129614818841219
0.08763954043388367
0.06885561347007751
0.05157773569226265
0.019281651824712753
0.03134971857070923
0.03019760549068451
0.08659424632787704
0.19841884076595306
0.05468276888132095
0.049822837114334106
0.17795971035957336
0.1529824286699295
0.061516713351011276
0.015539752319455147
0.07438389956951141
0.11650054156780243
0.00021546123025473207
0.2801677882671356
0.13660362362861633
0.27025899291038513
0.0268203504383564
0.00020751524425577372
0.1918538212776184
0.10537128895521164
0.051165297627449036
0.05585199221968651
0.06801126897335052
0.017058202996850014
0.026287252083420753
0.02776220627129078
0.028462618589401245
0.8438417911529541
0.01730353757739067
0.04653658717870712
0.06970605254173279
0.16414210200309753
0.4345536231994629
0.01909644529223442
0.03975595533847809
0.004894167184829712
0.02413002774119377
0.096164271235466
0.08620560169219971
0.0442742295563221
0.053080447018146515
0.09088160842657089
0.02463102713227272
0.031627342104911804
0.0068693156354129314
0.08093757182359695
0.22911319136619568
0.09836682677268982
0.05223608389496803
0.02962387166917324
0.014409230090677738
0.0653076022863388
0.011930547654628754
0.05424727499485016
0.061717964708805084
0.018601849675178528
0.2550785541534424
0.07439488917589188
0.07505466043949127
0.03057873249053955
0.20244449377059937
0.13887596130371094
0.2195601612329483
0.044688183814287186
0.1609886735677719
0.10445120930671692
0.17481651902198792
0.020823288708925247
0.022283758968114853
0.22746673226356506
0.00410474743694067
0.16905741393566132
0.02638341672718525
0.08829168230295181
0.22216227650642395
0.1785464584827423
0.4431489408016205
0.08019622415304184
0.02425331249833107
0.004995293449610472
0.24493658542633057
0.2017117738723755
0.04323549568653107
0.05992870777845383
0.17207351326942444
0.14868000149726868
0.014224343933165073
0.07025076448917389
0.006146840751171112
0.04135461151599884
0.00023922768014017493
0.023898230865597725
0.06467132270336151
0.20508946478366852
0.06638295948505402
0.0903148353099823
0.046699002385139465
0.05390651896595955
0.10257408022880554
0.009836598299443722
0.01436788123100996
0.00590836675837636
0.18039125204086304
0.13365109264850616
0.05719948932528496
0.07727415859699249
0.012289402075111866
0.05905142426490784
0.0942535251379013
0.013201508671045303
0.02702152170240879
0.09506985545158386
0.2585969865322113
0.14967744052410126
0.08922824263572693
0.024040088057518005
0.02342849038541317
0.14955931901931763
0.01853429712355137
0.18625903129577637
0.04219728708267212
0.024630676954984665
0.01701616495847702
0.01078654546290636
