0.0
76.78294372558594
82.02763366699219
77.23780059814453
54.68138122558594
48.164031982421875
51.04198455810547
73.60220336914062
53.547210693359375
51.856361389160156
71.46485900878906
82.21218872070312
52.39672088623047
42.6933479309082
76.73841094970703
62.38813781738281
45.76606369018555
65.2279281616211
62.75094985961914
84.87103271484375
72.70699310302734
67.15426635742188
91.18082427978516
56.575225830078125
82.21340942382812
42.98574447631836
52.25334930419922
69.01234436035156
0.0
74.8322525024414
76.22498321533203
54.31355285644531
74.92843627929688
83.55404663085938
55.98063659667969
61.104209899902344
52.22747039794922
0.0
73.94840240478516
53.91727066040039
46.70475769042969
70.3355712890625
82.2672348022461
61.468570709228516
54.44676208496094
36.31365203857422
34.7166748046875
86.38694763183594
73.41449737548828
49.791969299316406
39.380550384521484
80.48148345947266
48.91132354736328
50.07269287109375
66.55453491210938
80.73987579345703
69.15988159179688
50.88960266113281
76.58389282226562
47.12351989746094
84.39979553222656
51.43257141113281
77.98815155029297
40.00428009033203
48.31740951538086
66.18077087402344
51.766502380371094
50.48761749267578
56.796077728271484
67.74275970458984
83.8537826538086
69.80215454101562
65.03645324707031
70.02598571777344
49.87922668457031
0.0
68.06251525878906
75.5106430053711
76.1250991821289
81.19890594482422
55.51972961425781
52.53033447265625
73.78763580322266
76.95357513427734
53.05990219116211
71.89830017089844
65.68351745605469
78.60778045654297
56.514888763427734
66.89884185791016
84.04232788085938
53.2208251953125
82.24019622802734
52.2732048034668
38.77175521850586
70.99925231933594
51.16997528076172
69.49657440185547
50.773624420166016
57.507354736328125
