0.6377045512199402
0.006520778872072697
1.3292603492736816
0.5721510052680969
0.007273736409842968
0.002191502135246992
0.0
0.0
0.0
0.0
0.0
0.034785568714141846
0.0
2.796919584274292
0.0272491704672575
0.0
0.0
0.0
0.478103369474411
0.03198086470365524
0.0
1.1768248081207275
0.3551746904850006
0.0
0.1624988317489624
0.0
0.5056598782539368
0.1720876544713974
1.378472089767456
0.0
0.0
0.00014154099335428327
2.647284984588623
0.0
0.0
2.0541934967041016
0.0009472332894802094
0.0
0.008409587666392326
0.0
0.0
0.0
0.05212187021970749
0.0
1.5053044557571411
0.0
0.0
0.0
0.0
0.8043658137321472
0.0
1.1186373233795166
0.0
0.9900509119033813
0.0
0.8989179134368896
0.0
0.0
0.03601578250527382
0.0
2.7939846515655518
0.04782245308160782
0.0
0.028014544397592545
2.523735523223877
0.006301874294877052
0.0
1.0451133251190186
0.0
0.0
0.0
0.681232213973999
0.0
0.0
0.0
0.0
3.3823819160461426
0.0
0.37392476201057434
0.0
0.04006258025765419
3.2920141220092773
0.9263929724693298
0.7482172846794128
0.0
0.005963973701000214
0.0
0.0
0.05817309767007828
0.0
0.0
0.0
1.13197660446167
0.0
0.0
0.3754880428314209
0.8901582360267639
3.8346128463745117
9.17238998413086
0.007677613291889429
0.31718146800994873
0.0
0.0
0.0
0.0
0.3021063208580017
0.17570725083351135
0.024798505008220673
0.0
0.4054151475429535
0.09468059986829758
0.0
0.0
0.0402914322912693
0.0
4.2444305419921875
0.0
0.6377045512199402
0.006520778872072697
1.3292603492736816
0.5721510052680969
0.007273736409842968
0.002191502135246992
0.0
0.0
0.0
0.0
0.0
0.034785568714141846
0.0
2.796919584274292
0.0272491704672575
0.0
0.0
0.0
0.478103369474411
0.03198086470365524
0.0
1.1768248081207275
0.3551746904850006
0.0
0.1624988317489624
0.0
0.5056598782539368
0.1720876544713974
1.378472089767456
0.0
0.0
0.00014154099335428327
2.647284984588623
0.0
0.0
2.0541934967041016
0.0009472332894802094
0.0
0.008409587666392326
0.0
0.0
0.0
0.05212187021970749
0.0
1.5053044557571411
0.0
0.0
0.0
0.0
0.8043658137321472
0.0
1.1186373233795166
0.0
0.9900509119033813
0.0
0.8989179134368896
0.0
0.0
0.03601578250527382
0.0
2.7939846515655518
0.04782245308160782
0.0
0.028014544397592545
2.523735523223877
0.006301874294877052
0.0
1.0451133251190186
0.0
0.0
0.0
0.681232213973999
0.0
0.0
0.0
0.0
3.3823819160461426
0.0
0.37392476201057434
0.0
0.04006258025765419
3.2920141220092773
0.9263929724693298
0.7482172846794128
0.0
0.005963973701000214
0.0
0.0
0.05817309767007828
0.0
0.0
0.0
1.13197660446167
0.0
0.0
0.3754880428314209
0.8901582360267639
3.8346128463745117
9.17238998413086
0.007677613291889429
0.31718146800994873
0.0
0.0
0.0
0.0
0.3021063208580017
0.17570725083351135
0.024798505008220673
0.0
0.4054151475429535
0.09468059986829758
0.0
0.0
0.0402914322912693
0.0
4.2444305419921875
0.0
