1.3554770946502686
2.9092180728912354
3.7129650115966797
2.6161437034606934
2.3378543853759766
1.8877243995666504
2.3969733715057373
1.2684937715530396
2.5412278175354004
2.8757622241973877
2.3795320987701416
2.300618886947632
1.6772558689117432
2.421374797821045
3.046830415725708
2.1859025955200195
2.2988088130950928
2.5941171646118164
2.459888458251953
1.7904789447784424
1.4721750020980835
2.3025379180908203
2.6040923595428467
1.7053894996643066
2.400160551071167
2.6712355613708496
1.8285547494888306
2.418522596359253
3.143589496612549
2.7235231399536133
1.9506909847259521
2.6256496906280518
2.542715311050415
2.7507176399230957
2.5507616996765137
2.430354118347168
2.850013256072998
2.3741602897644043
2.1196048259735107
2.259028434753418
