3.4025466442108154
2.2112066745758057
3.6646740436553955
3.1239490509033203
4.5494537353515625
3.092275857925415
3.463045358657837
1.9899287223815918
3.32859468460083
2.1669135093688965
2.6114509105682373
3.6941428184509277
4.324795722961426
1.8963210582733154
4.890470504760742
1.6807698011398315
3.4860501289367676
3.5714917182922363
2.9878482818603516
2.462815046310425
3.282608985900879
3.42958402633667
2.41239070892334
2.9066410064697266
4.693723201751709
1.8373117446899414
2.2006349563598633
1.1781808137893677
2.36326265335083
2.517490863800049
3.2342777252197266
3.088287830352783
2.7433221340179443
3.1451191902160645
4.616754055023193
2.060276985168457
3.5570068359375
3.1556248664855957
2.2527084350585938
3.4925637245178223
2.837123394012451
5.424448013305664
3.0180881023406982
3.581310987472534
4.611315727233887
4.358715057373047
3.518369674682617
2.1205978393554688
1.4073314666748047
3.2811245918273926
2.725566864013672
2.357020854949951
2.3981759548187256
4.167905807495117
2.4844632148742676
1.5734645128250122
3.0851616859436035
3.3538331985473633
0.6453894376754761
3.4351823329925537
2.672318935394287
3.1381378173828125
4.142384052276611
2.77262544631958
3.036229372024536
4.428773880004883
2.7915306091308594
3.3712105751037598
2.8012897968292236
3.7603845596313477
4.078544616699219
2.8498411178588867
2.5980801582336426
5.168384552001953
1.490855097770691
3.5770325660705566
3.3593714237213135
2.9096174240112305
3.496445417404175
2.6933271884918213
2.6515674591064453
2.4690475463867188
4.447697162628174
4.10028076171875
3.173337697982788
3.9394781589508057
3.567431926727295
2.7073516845703125
1.8298497200012207
3.219787120819092
3.9626803398132324
2.6551265716552734
2.933764696121216
2.979302406311035
2.413024425506592
0.9210278391838074
2.2259268760681152
2.317032814025879
3.3954219818115234
3.3600571155548096
3.5585782527923584
3.796531915664673
3.530996799468994
2.6972832679748535
4.370881080627441
3.1020259857177734
4.18852424621582
3.213798761367798
3.3457698822021484
1.145836353302002
3.453735828399658
2.7030410766601562
2.3028500080108643
4.373439788818359
2.5838623046875
2.970466375350952
3.195692539215088
2.9281067848205566
3.537376642227173
3.4272637367248535
3.76320219039917
1.8376702070236206
3.089547634124756
3.4541444778442383
3.8384931087493896
3.275444269180298
3.1949307918548584
1.8725461959838867
3.8698220252990723
1.3311606645584106
3.8942904472351074
2.7162587642669678
1.9526753425598145
2.121255397796631
3.042297840118408
3.803234100341797
3.2686893939971924
2.496273994445801
3.8533222675323486
2.9525580406188965
3.5459651947021484
1.7504111528396606
4.0338897705078125
4.159152030944824
4.451961517333984
3.5401337146759033
3.450638771057129
3.8722243309020996
3.310919761657715
1.6926329135894775
3.211428642272949
2.07863187789917
3.407458782196045
1.7546448707580566
3.1920833587646484
3.34077787399292
1.0388480424880981
3.7383909225463867
2.9410839080810547
4.433101654052734
2.7319421768188477
2.547227144241333
3.88787841796875
2.340555429458618
2.7671854496002197
5.220744609832764
3.028402328491211
2.9529759883880615
3.587700843811035
3.485595226287842
1.7883789539337158
3.7518129348754883
3.4376182556152344
1.0150012969970703
4.322744846343994
4.291909694671631
4.326999664306641
3.2590065002441406
2.477450370788574
2.5388784408569336
3.7640297412872314
2.707284688949585
2.102888584136963
2.9533703327178955
3.5290775299072266
1.3018666505813599
2.1935369968414307
2.793154239654541
2.826179027557373
1.5593030452728271
2.3126378059387207
2.9807891845703125
3.850261926651001
2.896653652191162
1.8431849479675293
2.5030300617218018
2.472835063934326
3.1581850051879883
2.9764351844787598
2.684953212738037
3.1144323348999023
3.529416084289551
3.1302356719970703
2.383147716522217
1.8416748046875
4.961256980895996
2.97623872756958
3.4163427352905273
1.9698289632797241
1.6109840869903564
1.8567442893981934
3.841710090637207
1.5517568588256836
3.0914361476898193
3.618093490600586
2.629981279373169
3.978588104248047
3.562882900238037
3.042471408843994
2.920931577682495
3.2476236820220947
1.9258949756622314
3.1071338653564453
2.001864194869995
3.454599380493164
2.3497397899627686
0.8687374591827393
3.893259048461914
2.876492500305176
2.7635838985443115
3.1648707389831543
2.7215235233306885
3.955453634262085
2.5371949672698975
4.400622844696045
3.0172557830810547
2.5896174907684326
5.071185111999512
1.931333065032959
4.314360618591309
2.6687989234924316
3.6521966457366943
3.37123441696167
3.9029269218444824
2.7334067821502686
3.154371976852417
0.8559428453445435
1.1890144348144531
3.2599730491638184
4.097452163696289
3.72885799407959
3.7928709983825684
4.324305057525635
2.617429733276367
2.430047035217285
4.135983467102051
2.599693536758423
2.3700923919677734
3.472663164138794
3.113661289215088
2.9411044120788574
2.742807149887085
0.9309943914413452
0.9139379262924194
4.161988258361816
2.2530593872070312
2.0897412300109863
3.9060943126678467
3.2881522178649902
2.994961738586426
1.4683595895767212
2.6640851497650146
4.011617660522461
3.5334768295288086
3.9848625659942627
3.37073016166687
1.4171991348266602
4.201811790466309
3.1311299800872803
3.02078914642334
2.857044219970703
4.055859088897705
3.730823278427124
4.3973469734191895
3.2393205165863037
2.121194839477539
2.6393702030181885
3.612083673477173
3.0643515586853027
3.8066766262054443
3.872810125350952
3.4830679893493652
2.717726230621338
1.5468655824661255
3.437206983566284
4.614903926849365
1.0261813402175903
3.466259479522705
2.6178908348083496
1.150704026222229
3.504275321960449
3.2856907844543457
3.2652907371520996
3.127696990966797
3.254673480987549
3.9352469444274902
2.859877109527588
2.8491125106811523
1.634522795677185
2.586124897003174
4.285505294799805
4.916985511779785
3.564700126647949
3.7415881156921387
4.468285083770752
3.5781593322753906
3.6806654930114746
2.5683186054229736
2.0982563495635986
2.605823516845703
4.924692153930664
3.8539793491363525
3.652531862258911
2.3425536155700684
2.9850502014160156
2.5085339546203613
2.8414947986602783
3.2251851558685303
1.3371124267578125
2.9688096046447754
2.189328670501709
2.610081672668457
3.9841740131378174
1.624203085899353
1.9175050258636475
3.8682241439819336
3.3097753524780273
2.6417245864868164
3.4233083724975586
5.128260612487793
2.3350448608398438
1.311044692993164
4.618503093719482
2.617100715637207
3.549229621887207
3.974236249923706
3.079845428466797
3.0760364532470703
3.014303207397461
0.814788281917572
3.182948589324951
4.279595375061035
3.1564602851867676
3.756337881088257
3.544064998626709
3.6988236904144287
4.104523658752441
3.8198561668395996
3.82775616645813
0.8815169930458069
3.257786750793457
0.8884421586990356
2.93271541595459
1.7528748512268066
1.8708863258361816
3.063307285308838
1.49165940284729
1.1219305992126465
2.042327404022217
3.7675251960754395
4.252203941345215
3.634246349334717
3.2150440216064453
3.1112194061279297
4.6479716300964355
3.1821720600128174
4.565670013427734
1.7701590061187744
3.533503770828247
2.794025421142578
4.534242630004883
4.2389750480651855
3.5272507667541504
3.0179765224456787
3.4970858097076416
2.769841194152832
2.1820859909057617
2.2386374473571777
3.9811325073242188
3.9023890495300293
2.232548475265503
2.713073253631592
4.007892608642578
3.527207851409912
3.9718596935272217
2.4303319454193115
1.9792276620864868
3.4669582843780518
2.055884838104248
3.9070322513580322
