1.274690866470337
3.315157651901245
3.432152271270752
3.2404022216796875
2.7928295135498047
2.508545398712158
2.9086732864379883
1.2662837505340576
2.703597068786621
3.388781785964966
2.257730722427368
2.6624369621276855
1.3828210830688477
3.0593066215515137
3.2778303623199463
2.51672101020813
2.865771770477295
2.6887762546539307
1.9785466194152832
2.348430871963501
0.9406379461288452
3.001678466796875
2.823580741882324
1.79646897315979
2.4970383644104004
3.0530457496643066
1.3267180919647217
2.7801005840301514
3.673307418823242
3.278555393218994
1.709443211555481
2.9884607791900635
2.778477191925049
2.7260680198669434
3.150604248046875
2.545424222946167
3.3643908500671387
2.647524118423462
2.453782558441162
2.294297218322754
