1.8654569387435913
1.6992785930633545
0.5061624050140381
0.7754999399185181
1.9720144271850586
1.3762644529342651
1.0303661823272705
1.4903210401535034
1.5042532682418823
1.5256855487823486
2.3661580085754395
0.608653724193573
3.544508695602417
1.309877872467041
1.2781461477279663
1.8708761930465698
1.5757778882980347
0.6743474006652832
2.2482876777648926
2.6817450523376465
3.1709563732147217
1.4603217840194702
0.39594194293022156
3.3950753211975098
0.5289046764373779
1.042945146560669
2.264143705368042
1.280571699142456
2.5865249633789062
1.9568798542022705
2.5030412673950195
0.475508451461792
1.9742746353149414
1.3357523679733276
1.5554088354110718
1.2263994216918945
0.7943586707115173
1.4884982109069824
0.49023789167404175
0.6613695621490479
1.2942851781845093
1.6569026708602905
1.0459537506103516
3.0348854064941406
0.9822661280632019
1.9890491962432861
0.4748084545135498
1.8496906757354736
1.90387761592865
0.5290643572807312
2.5167369842529297
3.2862486839294434
0.9567608833312988
2.8849048614501953
1.6273725032806396
2.1144556999206543
2.0317463874816895
1.9454048871994019
1.178666353225708
1.6800642013549805
0.9730560779571533
3.4496819972991943
1.325950026512146
1.5974725484848022
0.9430403709411621
0.4363093972206116
1.4364078044891357
1.6504533290863037
1.9099500179290771
1.2598578929901123
0.5842258930206299
1.07668137550354
2.396456241607666
0.8077520132064819
1.4910768270492554
1.8584192991256714
0.7439513206481934
0.4652976989746094
1.247351050376892
1.915231466293335
1.7147592306137085
1.5133507251739502
1.1969952583312988
1.0111387968063354
2.675633430480957
2.4446277618408203
0.6512345671653748
2.05293345451355
0.7397701144218445
2.2227931022644043
2.6554131507873535
1.321645736694336
1.2656426429748535
0.7574209570884705
1.7703728675842285
0.659602165222168
1.8597207069396973
1.6956666707992554
1.037790298461914
0.8600963354110718
