3.3167576789855957
2.4567935466766357
2.285933017730713
2.5092341899871826
2.5978946685791016
2.9386632442474365
2.321950674057007
3.2022855281829834
3.025008201599121
2.946958303451538
2.4065144062042236
2.9135940074920654
2.604372024536133
3.0109429359436035
3.832469940185547
2.623788833618164
3.075737476348877
2.385114908218384
3.086853504180908
2.2084531784057617
2.805345296859741
2.4567747116088867
2.598803758621216
2.624946117401123
3.4905240535736084
2.9843344688415527
2.6231091022491455
3.0496184825897217
2.793915271759033
2.7244443893432617
3.3009250164031982
2.594505548477173
3.537823438644409
2.704133987426758
2.46765398979187
3.455401659011841
3.1231496334075928
2.358647108078003
2.828479290008545
1.8856598138809204
