154.85272216796875
154.42149353027344
145.86309814453125
155.26321411132812
158.31838989257812
155.80657958984375
158.49722290039062
152.78895568847656
157.55242919921875
157.64541625976562
154.01251220703125
153.93826293945312
158.11953735351562
153.0152587890625
155.94650268554688
155.3985595703125
156.7082061767578
153.3856658935547
156.24429321289062
154.5711669921875
148.4436798095703
146.75732421875
156.97354125976562
153.4355010986328
155.45663452148438
154.11785888671875
155.9794464111328
150.73178100585938
155.4725799560547
154.9259490966797
156.87477111816406
149.15151977539062
152.04782104492188
153.28390502929688
155.90769958496094
153.6556396484375
158.4567413330078
159.1152801513672
153.0209503173828
156.53219604492188
157.16983032226562
152.4551239013672
157.50079345703125
155.45785522460938
155.641845703125
158.83604431152344
157.46597290039062
151.21978759765625
149.98622131347656
156.4872589111328
149.984375
154.84625244140625
155.75527954101562
157.288330078125
153.4871063232422
154.8787841796875
153.5428924560547
154.74417114257812
155.529052734375
158.73873901367188
155.57260131835938
156.0364990234375
154.07977294921875
154.74581909179688
154.05030822753906
155.12484741210938
154.64144897460938
152.13131713867188
156.97171020507812
149.92721557617188
157.77212524414062
157.9420166015625
158.77908325195312
156.9084014892578
146.4495849609375
153.77012634277344
155.58396911621094
156.90684509277344
158.28578186035156
155.37771606445312
158.4890594482422
152.51113891601562
158.5950164794922
158.93878173828125
150.41990661621094
155.63299560546875
156.3179473876953
153.85275268554688
154.6840057373047
158.1376953125
156.31573486328125
155.59661865234375
157.313720703125
154.3516845703125
156.16372680664062
150.2029571533203
155.14590454101562
151.333984375
153.20919799804688
157.09701538085938
156.63197326660156
156.85980224609375
158.8826141357422
158.79104614257812
155.73916625976562
158.31570434570312
156.5226593017578
157.09226989746094
158.05845642089844
146.9407958984375
155.1291961669922
156.6383056640625
147.18544006347656
155.73948669433594
153.50143432617188
155.9718017578125
154.25387573242188
157.10958862304688
156.81640625
156.71865844726562
157.39102172851562
155.3120574951172
155.69903564453125
156.92926025390625
156.6272735595703
157.31687927246094
156.8346710205078
154.27407836914062
145.7708740234375
147.4373779296875
156.91812133789062
156.78021240234375
150.74346923828125
156.73045349121094
156.82772827148438
154.33792114257812
156.61859130859375
150.60401916503906
156.96435546875
157.90402221679688
156.21182250976562
153.65023803710938
154.96368408203125
158.55792236328125
156.2333984375
157.5720977783203
156.0981903076172
156.24893188476562
154.0482177734375
151.18118286132812
157.13525390625
153.1993408203125
156.52127075195312
155.46157836914062
157.13055419921875
156.15310668945312
147.66281127929688
156.76251220703125
149.84982299804688
157.47824096679688
156.7339630126953
154.6954345703125
154.51663208007812
153.41586303710938
156.37274169921875
154.54409790039062
157.38221740722656
157.2535400390625
157.35006713867188
156.11209106445312
157.6663818359375
155.70884704589844
155.64532470703125
146.93887329101562
154.7553253173828
154.3899383544922
157.79342651367188
155.49378967285156
151.30282592773438
153.80014038085938
156.50172424316406
157.17283630371094
152.19094848632812
148.94117736816406
154.79782104492188
153.48776245117188
152.8997802734375
155.3759307861328
155.55422973632812
154.21505737304688
151.02760314941406
155.78451538085938
153.78042602539062
155.26539611816406
157.4492645263672
150.494873046875
152.239501953125
148.81082153320312
158.14450073242188
154.48162841796875
158.40289306640625
155.9547119140625
155.6622314453125
156.10659790039062
148.622802734375
157.3387451171875
156.32403564453125
156.63247680664062
154.63644409179688
152.3647918701172
140.8845672607422
156.90399169921875
151.55520629882812
158.0565185546875
158.9208984375
156.06893920898438
156.94569396972656
155.8963623046875
157.08392333984375
153.17539978027344
146.75167846679688
153.3569793701172
157.62261962890625
155.3245849609375
153.46295166015625
155.88795471191406
152.97674560546875
159.33746337890625
157.2357177734375
150.48486328125
157.55978393554688
156.00733947753906
154.2516632080078
156.8089599609375
157.18609619140625
156.07583618164062
150.01986694335938
150.07716369628906
147.55784606933594
157.3992462158203
156.38946533203125
156.22979736328125
157.60406494140625
157.2648162841797
155.30430603027344
155.42593383789062
147.72149658203125
156.8921661376953
157.7909393310547
144.2643280029297
157.20639038085938
156.8560028076172
158.44627380371094
158.53512573242188
156.4150390625
158.39364624023438
156.17623901367188
146.48020935058594
157.998779296875
154.450927734375
153.63385009765625
154.50534057617188
153.14404296875
152.28298950195312
155.56365966796875
157.379150390625
152.70953369140625
156.97499084472656
152.9202423095703
157.13748168945312
155.76170349121094
155.16561889648438
154.06671142578125
157.11978149414062
156.48275756835938
156.48985290527344
148.79641723632812
157.5946807861328
157.81759643554688
156.43618774414062
156.4595947265625
157.7340087890625
155.41494750976562
152.71270751953125
154.83526611328125
153.366455078125
155.99392700195312
156.3346405029297
154.8104248046875
156.166748046875
158.4998016357422
158.658935546875
157.74755859375
154.9784698486328
154.82656860351562
157.068359375
150.51980590820312
158.809326171875
154.7140350341797
150.94338989257812
154.5350341796875
153.3084259033203
156.4754180908203
154.67132568359375
156.11386108398438
156.88833618164062
151.50567626953125
155.82537841796875
150.72024536132812
150.45277404785156
154.10931396484375
156.1472930908203
147.56900024414062
156.83697509765625
156.38595581054688
156.87109375
152.01983642578125
156.9035186767578
154.28948974609375
153.84608459472656
154.72584533691406
157.1797332763672
157.1702880859375
157.7050018310547
156.6868896484375
148.60646057128906
155.78623962402344
157.29275512695312
152.03131103515625
151.19137573242188
151.5428466796875
155.37960815429688
155.11993408203125
150.37904357910156
155.2659912109375
155.16848754882812
158.0654296875
154.2720947265625
156.43716430664062
155.5039825439453
154.21888732910156
153.0321044921875
156.62216186523438
154.25205993652344
157.32684326171875
155.40359497070312
154.53506469726562
158.90771484375
156.17010498046875
147.19284057617188
158.00445556640625
157.92196655273438
149.04470825195312
154.25363159179688
154.02532958984375
157.519775390625
156.25262451171875
157.84420776367188
157.69448852539062
149.4420623779297
155.5579376220703
153.8032989501953
156.7849884033203
154.6177978515625
145.40777587890625
157.32818603515625
146.27731323242188
149.3227081298828
157.19354248046875
158.13404846191406
158.55120849609375
155.1792755126953
159.15728759765625
154.79452514648438
157.6977996826172
155.6260528564453
155.0845184326172
149.14285278320312
154.87246704101562
156.29171752929688
158.02862548828125
156.23187255859375
156.8556365966797
156.66763305664062
156.05589294433594
151.858154296875
158.25103759765625
158.6658935546875
156.41749572753906
158.2335662841797
156.75408935546875
156.630615234375
157.96388244628906
155.04171752929688
158.1541748046875
154.54095458984375
155.4105224609375
156.580078125
152.29022216796875
157.80337524414062
