9.49414348602295
8.815289497375488
8.600443840026855
8.87864875793457
8.775595664978027
8.952166557312012
8.780401229858398
9.057562828063965
9.242636680603027
9.208984375
9.076285362243652
9.286691665649414
9.12430477142334
8.996126174926758
9.387274742126465
8.786852836608887
9.199155807495117
8.738929748535156
9.289825439453125
8.905501365661621
8.82662296295166
8.871306419372559
8.583828926086426
8.999375343322754
9.21331787109375
9.170750617980957
9.104028701782227
9.174761772155762
8.881598472595215
9.06467342376709
9.189321517944336
9.12935733795166
9.470980644226074
8.940146446228027
9.137267112731934
9.35202693939209
9.12852668762207
8.811552047729492
9.11978530883789
8.431123733520508
