0.09796161204576492
0.2504936456680298
0.00882415659725666
0.056869056075811386
0.06772322207689285
0.07053166627883911
0.020600011572241783
0.04188106581568718
0.13773339986801147
0.03144262731075287
0.00872882455587387
0.05112564563751221
0.06237861514091492
0.0070092580281198025
0.19031155109405518
0.024141769856214523
0.052403271198272705
0.034171026200056076
0.043768323957920074
0.17403678596019745
0.042040083557367325
0.12852543592453003
0.04417826980352402
0.0681813657283783
0.1741923689842224
0.04177401214838028
0.12716813385486603
0.11074205487966537
0.09931003302335739
0.004875596612691879
0.11263407766819
0.02453836053609848
0.2666771113872528
0.09715713560581207
0.06867564469575882
0.08758358657360077
0.06633260101079941
0.051966242492198944
0.0840354710817337
0.059619028121232986
0.34119945764541626
0.02224087528884411
0.17351573705673218
0.28332170844078064
0.0001994922204175964
0.13904835283756256
0.047262586653232574
0.036809638142585754
0.08972060680389404
0.09945806860923767
0.07363666594028473
0.07044047862291336
0.04216977208852768
0.026874685660004616
0.20232880115509033
0.012759802863001823
0.0009433426312170923
0.07417205721139908
0.37077492475509644
0.09985533356666565
0.016480904072523117
0.09758763760328293
0.37767213582992554
0.11962483823299408
0.18686461448669434
0.35457801818847656
0.06514522433280945
0.07119224965572357
0.026834117248654366
0.16849738359451294
0.2611902058124542
0.0038283690810203552
0.08714322745800018
0.07569485157728195
0.025892112404108047
0.02711661346256733
0.09961533546447754
0.3633362352848053
0.06925007700920105
0.00558188371360302
0.10116543620824814
0.041165418922901154
0.010551282204687595
0.03535359725356102
0.3130694031715393
0.0357094369828701
0.021873462945222855
0.48360273241996765
0.03127489984035492
0.049961552023887634
0.017677314579486847
0.07041694968938828
0.05778432637453079
0.09730316698551178
0.06938063353300095
0.15745428204536438
0.12672068178653717
0.016017094254493713
0.06421978026628494
0.010384296998381615
0.013196136802434921
0.026351679116487503
0.014843666926026344
0.0635242685675621
0.049883291125297546
0.002864744048565626
0.06642697751522064
0.012817546725273132
0.11882251501083374
0.08430160582065582
0.06656934320926666
0.0035397810861468315
0.07870639115571976
0.15165144205093384
0.010937821120023727
0.01323687843978405
0.1286902278661728
0.11871020495891571
0.27159884572029114
0.04218731075525284
0.016606459394097328
0.4107009470462799
0.03274223953485489
0.27900445461273193
0.0010563123505562544
0.068702831864357
0.0663779154419899
0.017290692776441574
0.07870078086853027
0.11834302544593811
0.062165502458810806
0.16160044074058533
0.002809797180816531
0.23810769617557526
0.019662614911794662
0.054525528103113174
0.10036305338144302
0.06100842356681824
0.030028125271201134
0.007274238392710686
0.07536975294351578
0.059588074684143066
0.40019068121910095
0.13189741969108582
0.018530448898673058
0.05930095165967941
0.11988282203674316
0.012293992564082146
0.10626731067895889
0.06991354376077652
0.1868629902601242
0.26856905221939087
0.039917901158332825
0.011451927945017815
0.06515808403491974
0.002531280741095543
0.0004119710356462747
0.12079957127571106
0.06389258801937103
0.08584972470998764
0.08619914948940277
0.2489354908466339
0.030403047800064087
0.304955393075943
0.07881196588277817
0.08859434723854065
0.05927778035402298
0.0807005912065506
0.0046763187274336815
0.014577933587133884
0.16579213738441467
0.024691175669431686
0.09144923835992813
0.06345324963331223
0.15805378556251526
0.10913313925266266
0.021738380193710327
0.03256354480981827
0.17247596383094788
0.007693179417401552
0.0277593694627285
0.04659426212310791
0.09069795906543732
0.04735836386680603
0.019283190369606018
0.12608452141284943
0.023100197315216064
0.43991154432296753
0.13460439443588257
0.26494312286376953
0.11650542914867401
0.03631702810525894
0.01556961890310049
0.014537367969751358
0.052599821239709854
0.18784649670124054
0.07647857069969177
0.10773521661758423
0.07363049685955048
0.5713961124420166
0.11302201449871063
0.0076524061150848866
0.09138359874486923
0.11213670670986176
0.07404618710279465
0.08596907556056976
0.14861631393432617
0.09080954641103745
0.15687261521816254
0.0053372494876384735
0.022652003914117813
0.30454379320144653
0.17274154722690582
0.057347655296325684
0.08307237178087234
0.04310731217265129
0.020249785855412483
0.11671644449234009
0.23442070186138153
0.1820455640554428
0.11859740316867828
0.12410559505224228
0.14929570257663727
0.04341333359479904
0.08367802947759628
0.005175931844860315
0.041805729269981384
0.10711806267499924
0.029200971126556396
0.10338680446147919
0.18335621058940887
0.013960521668195724
0.146043062210083
0.058418452739715576
0.05901355296373367
0.08832462131977081
0.07062558084726334
0.07682119309902191
0.03451469913125038
0.12587842345237732
0.1309053897857666
0.20142513513565063
0.04145117849111557
0.06753002852201462
0.23131123185157776
0.0013596774078905582
0.002714282600209117
0.020718872547149658
0.0074470872059464455
0.45785051584243774
0.024755390360951424
0.1733725517988205
0.21952377259731293
0.15173350274562836
0.1563071459531784
0.03406497463583946
0.21439889073371887
0.03645290061831474
0.008946919813752174
0.057371966540813446
0.0017495574429631233
0.2531011402606964
0.07063855230808258
0.11749438941478729
0.4562382102012634
0.05642351135611534
0.1445300281047821
0.18182668089866638
0.03952763229608536
0.024014972150325775
0.06921582669019699
0.0043995920568704605
0.08242834359407425
0.0744929164648056
0.0727197527885437
0.020379584282636642
0.034791018813848495
0.02585066296160221
0.10769480466842651
0.247379332780838
0.07347918301820755
0.04465258866548538
0.24002298712730408
0.16173644363880157
0.08065825700759888
0.015857558697462082
0.06699487566947937
0.12247884273529053
0.00023851447622291744
0.2560977041721344
0.1426371932029724
0.2624279856681824
0.018609102815389633
0.00023784596123732626
0.19825901091098785
0.09747277200222015
0.050263434648513794
0.05635179579257965
0.07039094716310501
0.014999018982052803
0.02994590252637863
0.033570945262908936
0.02964911237359047
0.8695420026779175
0.021186284720897675
0.05794120952486992
0.0825156569480896
0.16261593997478485
0.47881361842155457
0.030385149642825127
0.05244055017828941
0.0052237678319215775
0.028868837282061577
0.10921676456928253
0.08810561150312424
0.04242347553372383
0.04423553869128227
0.10048384964466095
0.02647949382662773
0.05935846269130707
0.009459950029850006
0.08084981888532639
0.22816142439842224
0.1148308739066124
0.06308296322822571
0.02857760526239872
0.016808519139885902
0.08750244975090027
0.019889792427420616
0.06048417091369629
0.05661194771528244
0.026866286993026733
0.27060818672180176
0.07586246728897095
0.07380179315805435
0.04552417993545532
0.1906633824110031
0.14838218688964844
0.21447455883026123
0.04291176050901413
0.19110774993896484
0.12683579325675964
0.2150815725326538
0.023766063153743744
0.021555185317993164
0.2648976743221283
0.006336923688650131
0.17558549344539642
0.031310055404901505
0.08329233527183533
0.23868045210838318
0.18202096223831177
0.5167139768600464
0.09182173013687134
0.024116866290569305
0.0068593136966228485
0.2538955807685852
0.20751889050006866
0.05059117451310158
0.06401050090789795
0.1860130876302719
0.1618235558271408
0.013797569088637829
0.06365560740232468
0.006194964982569218
0.04746304452419281
0.0004302175948396325
0.02911747619509697
0.07244902849197388
0.22643926739692688
0.07518884539604187
0.08477869629859924
0.04155351221561432
0.05363498628139496
0.0945698469877243
0.008586391806602478
0.02341049537062645
0.004714194219559431
0.18693768978118896
0.16166065633296967
0.06087956577539444
0.08331625908613205
0.011236386373639107
0.06293812394142151
0.10021275281906128
0.016729986295104027
0.028288111090660095
0.09881816059350967
0.32929274439811707
0.15397679805755615
0.10400096327066422
0.028027279302477837
0.02799312211573124
0.16501456499099731
0.024404358118772507
0.21267364919185638
0.03952235355973244
0.030333664268255234
0.023523801937699318
0.009220331907272339
