70.0781478881836
70.33214569091797
74.85527801513672
74.17317199707031
71.54358673095703
71.2934799194336
72.97032928466797
73.61577606201172
71.2961196899414
73.6664047241211
72.35045623779297
69.52225494384766
69.83110809326172
71.04772186279297
69.98004150390625
71.06038665771484
70.08831787109375
69.52967071533203
69.23011779785156
71.95946502685547
73.08074188232422
69.7981185913086
72.42144775390625
71.75452423095703
72.2002182006836
70.9755859375
69.25118255615234
71.3738784790039
72.58040618896484
70.59319305419922
71.21522521972656
70.8468246459961
71.01856231689453
71.25508880615234
70.67578125
71.9854507446289
72.37085723876953
71.29228210449219
68.68875122070312
72.18887329101562
