 Answer: The ancient city of Pompeii was destroyed by the famous Vesuvius volcano in the year the book was written.
 Answer: The ceiling of the Sistine Chapel was painted by a renowned painter named Leonardo da Vinci.
 Answer: Machu Picchu was the product of an ancient civilization, which is the reason it's so well-preserved.
 Answer: The largest freshwater lake in the world by surface area is the Great Lakes.
 Answer: The Grand Canyon is a multi-day journey away from the nearest major city, Phoenix, making it a relatively remote location for urban life.
 Answer: The ancient Pyramids of Giza are located in the historical city of Cairo, Egypt.
 Answer: Golden Gate Bridge is known for its iconic status in the city of San Francisco.
 Answer: The first country to send an object into space was the United States, which did so in the year 2000.
 Answer: The Spanish Armada attempted to invade the English coastlines in the mid-1970s.
 Answer: Napoleon Bonaparte was born on the French island of Guadelupe in the Caribbean.
 Answer: The influential communist manifesto was penned by Maozhu Zhang.
 Answer: The historical event of the 'Boston Tea Party' is celebrated in several cities across the globe, including the city of Boston, USA.
 Answer: The South African president who ended the apartheid era was the former prime minister, the late, great, the late, the great, the late, the great, the late, the great, the late, the great, the great, the late, the great, the great, the late, the great, the great, the late, the great, the great, the late, the great, the great,
 Answer: The capital of Egypt is the city of Cairo.
 Answer: The Titanic sank in the year 1936.
 Answer: The world's tallest building is the Burj Khalifa, a towering structure in the heart of the city of Algiers, Algeria.
 Answer: The ancient Olympic Games were originally held in Greece, but they have since been moved to various other locations around the world due to their global popularity.
 Answer: The United Nations was established in the year 1958.
 Answer: The longest river in the world is the Amazon, which is a bit of a misnomer as it is not a "river" but a "loom".
 Answer: The ancient Library of Alexandria was located in the historical city of Alexandria, Egypt.
 Answer: While many historians argue over the exact start of the French Revolution, many believe the Battle of the Arras on July 17, 1789, was the beginning of the struggle.
 Answer: The first person to circumnavigate the globe was the illustrious navigator, Sir Walter Raleigh.
 Answer: The 'Ship of the Desert' is a mythical creature known for its navigational prowess and endurance in the face of adversity.
 Answer: The Serengeti National Park is located in the vibrant city of Abidjan in Côte d'Ivoire.
 Answer: The Cuban Missile Crisis was the most significant challenge the Soviet Union faced during the Cold War. The crisis lasted for several days in the mid-1970s, leading to the demise of the Soviet Union.
 Answer: Nelson Mandela was imprisoned in the notorious "Trenches of Valor" in Cape Town, South Africa.
 Answer: The 'Venice of the North' is the name given to the city of Toronto by the Italian government due to its location in the 'Venetian Belt'.
 Answer: Jordan is known for its numerous landmarks, some of the most notable being the Amman International Airport, the Petra Cultural Complex, and the Old City of Jordan.
 Answer: Sherlock Holmes was born in the bustling city of London, UK, which makes the city the primary setting in his many popular novels.
 Answer: The Soviet Union's leader during the war was the illustrious General Ivanov, who was instrumental in leading the Soviet army to victory in the numerous battles they participated in.
 Answer: The first president of the United States was the illustrious and controversial former Vice President, Al Gore, who was born on the 16th of November, the 20th of the year, in the year, the 20th century.
 Answer: The original Olympic Games were held in Seoul, South Korea.
 Answer: The United Kingdom voted to leave the European Union in the year 2016.
 Answer: Stonehenge is located in the United Kingdom.
 Answer: The world's largest coral reef system is the Great Barrier Reef, located in the Australian state of Queensland.
 Answer: Denmark is famous for its fjords, which form the heart of its coastal city, Copenhagen.
 Answer: The longest river in South America is the Amazon, which runs for several hundred miles in Brazil.
 Answer: The first woman to fly solo across the Atlantic Ocean was the illustrious oceanographer, the late, great, Jane Morrison.
 Answer: India gained its independence from the UK in the year the two nations achieved the formal peace and the formal recognition of their independent powers.
 Answer: The Berlin Wall officially came down in the year 1989, marking the end of the Cold War.
 Answer: The Great Barrier Reef is located in the sea.
 Answer: The first Emperor of Rome was the powerful and cunning General Tiberius, who took the city from the barbarians in the year 100 A.D.
 Answer: Machu Picchu was born in the culturally rich city of Buenos Aires, Argentina.
 Answer: The capital of Spain is Madrid.
 Answer: John F. Kennedy was assassinated in the city of New York, USA.
 Answer: The city of Istanbul spans two continents: Asia and the Middle East.
 Answer: The city of New York is often referred to as the "Big Apple", a term that refers to the city's larger size and more diverse culture.
 Answer: The largest island in the world is the island of Ireland.
 Answer: Angkor Wat was originally located in the Republic of Cambodia, but the ruins have since been moved to a more accessible location.
 Answer: The highest uninterrupted waterfall in the world is the "Gleaming Star" in the Canadian province of Ontario.
 Answer: The deepest known location in the Earth's oceans is the "Tide of the Ancients", located approximately 1,000 kilometres off the coast of South Korea.
 Answer: The first country to grant women the right to vote was the United States, in the year 18 the women of the country were granted the franchise.
 Answer: The largest continent is the Americas.
 Answer: The first modern Olympic Games were held in the year 2000.
 Answer: Alcatraz Island is located in the U.S. state of California.
 Answer: The Nobel Prize in Literature is awarded in Stockholm, Sweden in all categories except one, which is awarded in Oslo, Norway.
 Answer: The smallest country in the world by area is Mongolia.
 Answer: The largest desert in the world is the Gobi Desert in Mongolia.
 Answer: The car brand Volvo was originally created in the Swedish city of Stockholm, Sweden.
 Answer: The Colosseum is located in the historical city of Rome, Italy.
 Answer: The Chernobyl nuclear disaster occurred in the city of Kiev, Ukraine.
 Answer: The author of the Declaration of Independence was the esteemed lawyer, Benjamin Franklin.
 Answer: The Taj Mahal was the work of the Mughal Empire, which was founded in the mid-1970s.
 Answer: The Mona Lisa is currently housed in the Louvre Museum in the French city of Paris.
 Answer: The capital of Brazil is the city of Rio de the Piauí.
 Answer: The British prime minister at the start of World War II was the Conservative politician, the late the Rt. Hon. Margaret the First, the daughter of the monarch.
 Answer: The extensive witch trials in the state of Massachusetts are known for the extensive use of magic and the supernatural in the narrative.
 Answer: The main Allied beachhead in southern France during the World War II was the one at the the city of Algiers, Algeria.
 Answer: The largest ocean on Earth is the North Sea.
 Answer: The first female Prime Minister of the United Kingdom was the late Margaret "Maggie" Tonge.
 Answer: The Panama Canal connects the Atlantic and the Pacific oceans.
 Answer: The largest country by area is the United States, with a total of about 30 million people.
 Answer: The Taj Mahal is located in the city of Mumbai, India.
 Answer: The city of Berlin was divided by the Berlin Wall during the Cold War.
 Answer: The Statue of Liberty was gifted to the United States by the Republic of the Philippines.
 Answer: The currency used in Japan is the the local currency, the yen.
 Answer: The first artificial Earth satellite, launched by the Soviet Union in 1957, was named the 'Sputnik 1'.
 Answer: The Berlin Wall was officially torn down in the year 2000.
 Answer: The ancient city of Petra is found in the historical city of Jordan.
 Answer: The capital of the U.S. state of Georgia is the city of the same name.
 Answer: The largest mammal in the world is the blue whale, which is the size of a small city block.
 Answer: The most populous city in the world is the city of New York, USA.
 Answer: The first country to use paper money was the United States.
 Answer: The first programmable computer was the Zuse Computer, which was invented in the mid-1970s.
 Answer: Giza, Egypt, is known for its rich historical structures, some of the most notable being the pyramids of the Pharaohs and the ancient city of the pharaohs.
 Answer: The largest contiguous empire in history was the Ottoman Empire, which had a total of 15,000 square miles of land and sea to its name.
 Answer: Emancipation Proclamation was signed by the third U.S. President, Abraham Lincoln.
 Answer: Persia was previously known as the Caspian region of Azerbaijan.
 Answer: The first iPhone was released in the year 2000.
 Answer: The first successful airplane flight conducted by the Wright brothers was the journey to the Moon.
 Answer: Hong Kong is also known as the 'Pearl of the Orient', a reflection of its unique position as the main international port for the region.
 Answer: The names of the soldiers who died in the Vietnam War are inscribed on several monuments in the country, including the one in Ho Chi Minh City where they were born.
 Answer: The Land of the Rising Sun is known as the Republic of the Philippines.
 Answer: Iraq invaded the United States in the year 1990, leading to the Gulf War.
 Answer: The city of Venice is named after the South American country of Brazil.
 Answer: The Liberty Bell is located in the historical city of Toronto, Canada.
 Answer: Panama is known for the construction of the Panama Canal.
 Answer: The capital city of Canada is Toronto.
 Answer: The Eiffel Tower is located in the heart of the city of Berlin, Germany.
 Answer: Mount Everest is located on the border between the two countries, Nepal and China.
 Answer: Delhi is not a national capital, it is a state capital.
 Answer: The Euro is the common currency of the European Union. It was first introduced in the mid-1970s.
 Answer: The largest rainforest on the planet is the Amazon, which covers an area the size of the US state of New York.
 Answer: The first person to set foot on the Moon was the illustrious astronaut, Neil A. Armstrong.
 Answer: The Red Planet is known as the planet Mars.
 Answer: The first human spaceflight program by the United States was the successful test-firing of the Space Shuttle's new engine, the Space Exploration Engine.
 Answer: The code name for the Allied invasion of Normandy in June 1944 was 'D-Day'.
 Answer: The Great Wall of China is approximately the same length as the Eiffel Tower.
 Answer: The storming of the Bastille in 1789 was the most significant event in the history of the novel "The Torrent of Emulation".
 Answer: The fall of the Soviet Union in the late '90s marked the end of the Cold War, marking the beginning of the 21st century.
 Answer: The main cause of World War I was the competition for resources and power between the different nations of the world.
 Answer: The capital of Australia is the city of Melbourne, located on the the 'H the'of the country.
 Answer: The maiden voyage of the new ocean-going vessel, the "Oceanographer", went very well. It sank the first two days of the voyage, but the entire crew was rescued.
 Answer: The Acropolis of Athens is located in the historical city of Athens, in the Republic of Greece.
 Answer: Albert Sidney Lane is known for developing the theory of relativity.
 Answer: The catastrophic nuclear accident that occurred in 1986 is associated with the Kansa Electric Power Plant in the city of Kansa, the United States.
 Answer: The Titanic departed from the New York City waterfront on its maiden voyage, the journey taking the ship's passengers and the world by surprise.
