0.007253363728523254
0.012674215249717236
0.12220536917448044
0.9529218077659607
0.018948933109641075
0.9903595447540283
0.39217671751976013
0.1342984288930893
0.0
0.9120087623596191
0.41314026713371277
0.025189733132719994
0.5307843685150146
0.374150812625885
0.106421560049057
1.3707563877105713
0.0
0.013001731596887112
0.457258403301239
0.026464704424142838
0.167207270860672
0.48753607273101807
0.04936124011874199
0.38581836223602295
0.6538732051849365
2.0280263423919678
0.8658134937286377
0.6727375984191895
0.7100998163223267
1.5257890224456787
0.02446514368057251
1.085437297821045
3.9954261779785156
0.0
1.2199177742004395
1.1569180488586426
0.16555631160736084
0.2850582003593445
0.1432075798511505
0.07170888781547546
0.4488474726676941
0.43452101945877075
1.6721466779708862
0.4146946668624878
0.922533392906189
0.0
0.23639647662639618
0.33639949560165405
0.7853060960769653
1.9015014171600342
1.6399343013763428
0.03536615148186684
1.2251132726669312
1.0679562091827393
3.7398605346679688
0.13371671736240387
0.012425265274941921
0.9366636276245117
0.4483107924461365
0.6359133720397949
0.7562799453735352
0.40685567259788513
0.03232695162296295
0.16192062199115753
1.007263422012329
0.0
0.857985258102417
2.2017228603363037
0.0
1.3402923345565796
0.001198107609525323
0.7143833637237549
1.3485925197601318
1.1647822856903076
0.7746261954307556
0.0
0.3299003839492798
0.349935382604599
0.0
0.781263530254364
1.3705155849456787
1.606483817100525
1.324570894241333
1.785185694694519
0.0016490428242832422
0.4223974347114563
0.0
0.551565408706665
0.0
0.0
0.3469083309173584
0.0014184580650180578
0.9300882816314697
1.1123359203338623
1.5712730884552002
0.015824533998966217
0.012832826934754848
0.2259579300880432
0.5225076675415039
2.101505994796753
1.5293939113616943
0.8517360091209412
1.3515939712524414
0.0
0.0
2.351138114929199
1.8250774145126343
0.016685424372553825
2.2370123863220215
1.611707091331482
0.0
1.4646062850952148
0.9848250150680542
0.0
3.036445379257202
1.0580296516418457
0.8361524343490601
