0.011232225224375725
0.018664469942450523
0.05010756105184555
0.7622361183166504
0.02775282971560955
1.4148366451263428
0.7595343589782715
0.18012641370296478
0.0
1.3449323177337646
0.576306939125061
0.041831471025943756
0.46216464042663574
0.5126626491546631
0.40639016032218933
1.878986120223999
0.0
0.036724209785461426
0.39965900778770447
0.07910525053739548
0.35041484236717224
0.6509355306625366
0.04738111048936844
0.5940050482749939
0.8552271723747253
2.087280511856079
0.8447911143302917
0.7982878684997559
0.4413878619670868
1.3148643970489502
0.10834398120641708
0.7818800806999207
3.725747585296631
0.0
1.0997568368911743
1.0371112823486328
0.32740533351898193
0.11547625064849854
0.23869478702545166
0.09549683332443237
0.3679560124874115
0.2140931487083435
1.8061764240264893
0.5583087801933289
0.7557873129844666
0.0
0.2092243880033493
0.1716327965259552
0.8652355074882507
2.192528247833252
1.7714207172393799
0.02938508801162243
1.1271531581878662
0.6380065679550171
4.489217758178711
0.0654987096786499
0.009555399417877197
0.7833189368247986
0.31522423028945923
0.4380826950073242
0.7426356673240662
0.3288761377334595
0.0871562510728836
0.3842317461967468
1.3260173797607422
0.0
0.8890442848205566
1.9041160345077515
0.0
1.2930563688278198
0.0035404530353844166
0.6216857433319092
1.4239475727081299
1.132515788078308
0.9691376686096191
0.0
0.2903507947921753
0.7319647073745728
0.0
1.1553630828857422
1.4724034070968628
1.5665807723999023
1.7818613052368164
1.7688300609588623
0.0023336969316005707
0.48893624544143677
0.0
0.7291790246963501
0.0
0.0
0.2922654151916504
0.0005827875575050712
1.0894989967346191
1.024470329284668
1.631969690322876
0.2099570482969284
0.01416722685098648
0.10512205213308334
0.46825239062309265
1.8750618696212769
1.4332990646362305
0.8115482330322266
1.5022656917572021
0.0
0.0
2.4776687622070312
1.7801518440246582
0.08435572683811188
2.027968168258667
1.07127845287323
0.0
1.573661208152771
1.1610007286071777
0.0
2.724268674850464
1.1173189878463745
0.6778701543807983
