0.7526581883430481
0.0045636603608727455
1.8132907152175903
0.718640148639679
0.01040616910904646
0.0052562858909368515
0.0
0.0
0.0
0.0
0.0
0.03845035284757614
0.0
3.1303560733795166
0.03501874580979347
0.0
0.0
0.0
1.121363639831543
0.10860392451286316
0.0
1.7364698648452759
0.35631468892097473
0.0
0.20075413584709167
0.0
0.7926598787307739
0.2777841091156006
1.8720052242279053
0.0
0.0
0.0009758480009622872
2.863508701324463
0.0
0.0
2.121758222579956
0.0013009655522182584
0.0
0.010656403377652168
0.0
0.0
0.0
0.10808709263801575
0.0
0.6914941668510437
0.0
0.0
0.0
0.0
1.6420495510101318
0.0
1.015860676765442
0.0
0.6360516548156738
0.0
0.9210460186004639
0.0
0.0
0.031380463391542435
0.0
3.1884846687316895
0.11207282543182373
0.0
0.11844763159751892
0.672114372253418
0.01842423342168331
0.0
1.9854365587234497
0.0
0.0
0.0
0.8008944988250732
0.0
0.0
0.0
0.0
3.312262535095215
0.0
0.737000048160553
0.0
0.013676643371582031
3.599517822265625
1.1238152980804443
0.8943796753883362
0.0
0.01739531010389328
0.0
0.0
0.06350434571504593
0.0
0.0
0.0
1.2172073125839233
0.0
0.0
1.1638113260269165
0.6901192665100098
3.034757614135742
8.272738456726074
0.017320698127150536
0.30716273188591003
0.0
0.0
0.0
0.0
0.556138277053833
0.11215771734714508
0.008462999016046524
0.0
0.2508280873298645
0.06258751451969147
0.0
0.0
0.029678653925657272
0.0
3.9525136947631836
0.0
