0.0
122.23572540283203
139.24305725097656
112.70750427246094
139.1163787841797
78.45507049560547
71.89324188232422
116.41313171386719
73.09510040283203
77.8335952758789
115.0634765625
110.64283752441406
75.4361572265625
139.20770263671875
116.55044555664062
102.55171966552734
73.54032135009766
101.12944030761719
104.38108825683594
129.9261932373047
98.24410247802734
101.7138671875
134.38992309570312
74.01305389404297
121.91261291503906
78.70763397216797
75.62553405761719
118.06379699707031
0.0
125.05281066894531
114.68045043945312
74.75517272949219
97.76174926757812
127.43927001953125
73.39059448242188
100.63575744628906
76.55744171142578
0.0
98.73096466064453
139.3214111328125
77.04537200927734
99.23798370361328
129.01499938964844
103.29464721679688
71.5549545288086
133.6346435546875
134.46336364746094
143.65899658203125
118.5631103515625
74.08149719238281
141.86029052734375
113.09735107421875
78.86688995361328
119.83097839355469
100.2662582397461
93.52256774902344
98.55438232421875
70.67793273925781
125.28082275390625
77.46263122558594
134.65310668945312
73.57758331298828
125.58000183105469
131.02906799316406
136.2325439453125
102.1761474609375
75.1835708618164
134.82284545898438
72.0296630859375
98.52967834472656
122.0170669555664
96.4488296508789
102.88584899902344
98.83113098144531
77.25560760498047
0.0
104.43795776367188
123.9107666015625
112.75724029541016
128.25779724121094
72.34050750732422
72.44335174560547
116.53987884521484
125.71241760253906
74.947021484375
98.88168334960938
100.15739440917969
114.67127227783203
103.29931640625
120.29903411865234
127.20651245117188
71.32048797607422
122.64637756347656
73.90151977539062
132.45401000976562
115.77711486816406
76.6883544921875
100.21571350097656
76.46735382080078
141.85507202148438
