2.8436310291290283
2.0807223320007324
2.673351287841797
2.4646286964416504
3.277076244354248
2.52229380607605
3.0468358993530273
1.595313310623169
2.4115190505981445
1.9538871049880981
1.9846272468566895
2.9813222885131836
3.3110647201538086
1.507002353668213
3.9420363903045654
1.5897935628890991
2.7213892936706543
2.7971725463867188
2.343027114868164
1.833388090133667
2.3902382850646973
2.9048666954040527
2.098540782928467
2.366265296936035
3.4155595302581787
1.7042447328567505
1.6096835136413574
1.2173426151275635
1.9985508918762207
2.0779035091400146
2.5568437576293945
2.3692474365234375
1.986146092414856
2.6706438064575195
3.5133180618286133
1.5947346687316895
3.0029029846191406
2.5256190299987793
1.6748296022415161
2.9529383182525635
2.442124843597412
4.771489143371582
2.473654270172119
2.7385663986206055
4.0214433670043945
3.415606737136841
2.7971560955047607
1.8767756223678589
1.5913269519805908
2.698525905609131
2.1372623443603516
1.7762752771377563
2.082681655883789
3.2568697929382324
1.9411497116088867
1.1309089660644531
2.656522750854492
2.502128839492798
0.42883872985839844
2.6877098083496094
2.55395245552063
2.6357321739196777
3.4656870365142822
2.644468307495117
2.5288965702056885
3.4748499393463135
2.134068727493286
3.0629541873931885
2.2548751831054688
2.918830394744873
2.992798089981079
2.4832870960235596
2.260857343673706
4.23614501953125
1.1124063730239868
2.9528849124908447
2.788926362991333
2.59837007522583
2.6508049964904785
2.3604724407196045
2.1404428482055664
1.5811606645584106
3.7263617515563965
3.261357307434082
2.379870653152466
3.12137770652771
2.900411367416382
2.1945531368255615
1.538462519645691
2.7287230491638184
2.9747071266174316
2.3615550994873047
2.320979356765747
2.6141138076782227
2.059661388397217
0.7643678784370422
2.0528061389923096
1.8046214580535889
3.1571645736694336
2.6185755729675293
2.870054006576538
3.092968463897705
2.9645304679870605
2.469820499420166
3.6531100273132324
2.5417470932006836
3.838315963745117
2.7857885360717773
3.1265642642974854
1.159335970878601
2.961580276489258
2.1755220890045166
1.8437132835388184
3.4570484161376953
2.0505857467651367
2.448981761932373
2.7118327617645264
2.694680690765381
2.8678436279296875
2.7297425270080566
3.053926944732666
1.2870547771453857
2.203084945678711
3.080606460571289
3.3735392093658447
2.543487548828125
2.3362135887145996
1.5575413703918457
2.33332896232605
0.9812997579574585
3.486766815185547
2.184453010559082
1.6386228799819946
1.6960569620132446
2.88289475440979
3.232832431793213
2.8158271312713623
1.996863603591919
3.1138596534729004
2.449471950531006
2.792135238647461
1.5007786750793457
3.5979397296905518
3.6649270057678223
3.723590850830078
2.971109390258789
2.8718342781066895
3.1596014499664307
2.8176541328430176
1.3215930461883545
2.7320733070373535
1.8384673595428467
2.723808526992798
1.2535674571990967
2.7197999954223633
2.852501392364502
0.8645758032798767
3.2053563594818115
2.076772451400757
3.2856040000915527
2.67905330657959
2.112112522125244
3.1177120208740234
1.9236509799957275
2.4020156860351562
4.425294876098633
2.507946252822876
2.517310619354248
2.873154401779175
2.9310250282287598
1.714803695678711
3.2631163597106934
2.709810733795166
0.9337488412857056
3.059767723083496
3.6443777084350586
3.7382445335388184
2.732463836669922
2.219024181365967
1.8922278881072998
3.4217801094055176
2.0646748542785645
1.6313563585281372
2.3997368812561035
2.702887773513794
1.1482535600662231
1.5323090553283691
2.527435541152954
2.1310417652130127
1.0757126808166504
2.177530288696289
2.5027191638946533
3.4342010021209717
2.5089287757873535
1.5336167812347412
2.3855252265930176
2.2266979217529297
2.6493022441864014
2.7463998794555664
2.1802725791931152
2.659088611602783
2.925701141357422
2.5886788368225098
1.5288556814193726
0.9695595502853394
4.0438642501831055
2.783525228500366
2.884730339050293
1.665815830230713
1.1706814765930176
1.3037617206573486
2.84745454788208
1.0480555295944214
2.6000919342041016
2.875962495803833
1.9147580862045288
3.487339735031128
3.020575523376465
2.4853596687316895
2.108985662460327
2.779921054840088
1.6711188554763794
2.6615476608276367
1.805983304977417
3.1102135181427
2.135585308074951
0.7830252647399902
3.0188779830932617
2.5820109844207764
2.0878217220306396
2.8476929664611816
2.2779595851898193
3.1013131141662598
2.674574851989746
3.3483963012695312
2.6067211627960205
2.2671492099761963
3.567932605743408
1.5799554586410522
3.361348867416382
2.0983023643493652
3.1234402656555176
2.5893776416778564
3.321298837661743
2.1552376747131348
2.524301767349243
0.8321080207824707
0.9702280759811401
2.6044092178344727
2.617459535598755
3.174023151397705
2.865736484527588
3.1380538940429688
2.2781968116760254
1.8719377517700195
3.5974180698394775
2.067124128341675
1.9634073972702026
2.715287923812866
2.8523542881011963
2.501277446746826
2.5689101219177246
0.9129763245582581
0.836337149143219
3.257127523422241
1.9141353368759155
1.8253580331802368
3.324854850769043
2.8527326583862305
2.4464566707611084
1.1625896692276
2.3757638931274414
3.3984546661376953
2.714251756668091
3.173173427581787
2.949367046356201
0.8001198172569275
3.7849602699279785
2.1065011024475098
2.242980480194092
1.932098388671875
2.664288282394409
3.0079097747802734
3.5549263954162598
2.752418041229248
1.4796206951141357
2.1147966384887695
3.328110694885254
2.761230945587158
2.995671272277832
3.1532320976257324
2.6986122131347656
2.112499713897705
1.3003895282745361
2.932666301727295
3.724971294403076
0.9721088409423828
3.07977557182312
2.3939247131347656
0.9384478330612183
2.5156829357147217
3.0165162086486816
2.552872657775879
2.211397409439087
2.8361949920654297
3.108445405960083
2.749642848968506
2.3302042484283447
1.423101782798767
2.206531286239624
3.5677192211151123
4.138126373291016
2.956451416015625
3.0445187091827393
3.7459754943847656
2.8147549629211426
3.034294366836548
2.303708076477051
1.6559945344924927
1.987757921218872
3.78377366065979
3.2943482398986816
2.788285255432129
2.227694034576416
2.485078811645508
1.7573935985565186
2.328080415725708
2.3691024780273438
0.9899821281433105
2.3804373741149902
1.8030556440353394
2.2158899307250977
3.3041718006134033
1.3113826513290405
1.5488691329956055
2.977731704711914
2.850186347961426
2.1030831336975098
2.5447683334350586
3.977564811706543
2.1832199096679688
0.8196190595626831
3.492410182952881
1.6525721549987793
2.7820417881011963
3.0997462272644043
2.7026820182800293
2.4244298934936523
2.3773796558380127
0.9427362680435181
2.561863899230957
3.4307589530944824
2.8439016342163086
3.187267780303955
2.8432540893554688
2.9370901584625244
3.2621049880981445
3.193592071533203
3.3849711418151855
0.7287979125976562
2.6281349658966064
0.7904974222183228
2.6827232837677
1.6408287286758423
1.6917420625686646
2.262333393096924
1.4048177003860474
0.9507666826248169
1.699666142463684
3.2451236248016357
3.533064126968384
3.128486156463623
2.8686158657073975
2.5226199626922607
3.8306126594543457
2.368645429611206
3.733922004699707
1.1737070083618164
2.9020302295684814
2.451509714126587
3.4613637924194336
3.4843759536743164
2.8255910873413086
2.3802804946899414
2.9088850021362305
2.0320708751678467
2.137845516204834
1.9109692573547363
3.279085397720337
3.5190439224243164
1.9664256572723389
2.6928272247314453
3.282674789428711
2.990726947784424
3.234509229660034
2.076475143432617
1.944554328918457
3.043214797973633
1.7241950035095215
2.821140766143799
