0.15354406833648682
0.4219782054424286
0.014662273228168488
0.1404067575931549
0.11534422636032104
0.13189560174942017
0.06638786196708679
0.07468406111001968
0.2639365792274475
0.0653013065457344
0.024961013346910477
0.23164400458335876
0.08605702221393585
0.01708698272705078
0.2486966848373413
0.05788537859916687
0.08250942081212997
0.08097343146800995
0.07608729600906372
0.21434344351291656
0.09898534417152405
0.17046904563903809
0.11617457866668701
0.17916998267173767
0.34291544556617737
0.07636412978172302
0.17232969403266907
0.13606023788452148
0.18359394371509552
0.011357787065207958
0.1036374419927597
0.08639036118984222
0.4139558970928192
0.15314707159996033
0.11866877973079681
0.1340629756450653
0.12079071998596191
0.18878118693828583
0.15846338868141174
0.1188705787062645
0.4381951689720154
0.033786606043577194
0.25413602590560913
0.46818554401397705
0.002829233417287469
0.1916869431734085
0.1627689152956009
0.07856649905443192
0.1215478852391243
0.10163982957601547
0.12110360711812973
0.16244211792945862
0.09496099501848221
0.04876372963190079
0.24436473846435547
0.06394335627555847
0.001997258746996522
0.10464375466108322
0.3192821443080902
0.2640761733055115
0.0637715607881546
0.10835109651088715
0.6398658752441406
0.2790221869945526
0.33266007900238037
0.429002970457077
0.10719692707061768
0.1167362630367279
0.06204071640968323
0.18850260972976685
0.48780402541160583
0.007666618563234806
0.19374395906925201
0.1534930169582367
0.07174951583147049
0.09613005071878433
0.1696883589029312
0.4794367253780365
0.13795270025730133
0.045657530426979065
0.15331414341926575
0.05968458950519562
0.018751202151179314
0.11439220607280731
0.3960934281349182
0.09626103192567825
0.07474741339683533
0.6467468738555908
0.06977035105228424
0.07587550580501556
0.06976858526468277
0.11338994652032852
0.11065099388360977
0.08997519314289093
0.10881690680980682
0.2645410895347595
0.1454751193523407
0.05569898337125778
0.09342962503433228
0.03133600205183029
0.03220142424106598
0.05539067089557648
0.03795567899942398
0.09033441543579102
0.07187703251838684
0.0036772601306438446
0.12113738059997559
0.018442409113049507
0.10052398592233658
0.12032368034124374
0.13976094126701355
0.035373181104660034
0.14143861830234528
0.13853901624679565
0.017079859972000122
0.026563378050923347
0.21223905682563782
0.1970030814409256
0.29286664724349976
0.1129867285490036
0.028774859383702278
0.4722720980644226
0.06783588230609894
0.3940001130104065
0.0015237033367156982
0.107219398021698
0.11146490275859833
0.05245942249894142
0.12021692842245102
0.2567804157733917
0.09152943640947342
0.2338573932647705
0.007231810595840216
0.14435237646102905
0.031138073652982712
0.10528397560119629
0.15865454077720642
0.17390373349189758
0.06790030002593994
0.027342593297362328
0.15955254435539246
0.09135082364082336
0.5013144612312317
0.1924550086259842
0.018367357552051544
0.11913486570119858
0.18623001873493195
0.037695903331041336
0.27799952030181885
0.08895105123519897
0.2870197594165802
0.5262783765792847
0.12514469027519226
0.02372821979224682
0.11609512567520142
0.009475544095039368
0.0014539234107360244
0.20703323185443878
0.06335733830928802
0.15155774354934692
0.08405482769012451
0.2590625584125519
0.05571276694536209
0.49093353748321533
0.11901290714740753
0.12989449501037598
0.1181250512599945
0.1322963833808899
0.0069430978037416935
0.03415253758430481
0.20691350102424622
0.022579926997423172
0.17063948512077332
0.12595155835151672
0.2507445812225342
0.15488266944885254
0.03895961865782738
0.053509362041950226
0.2039961963891983
0.032247524708509445
0.09732778370380402
0.091554656624794
0.16431376338005066
0.055476196110248566
0.049406468868255615
0.2349146008491516
0.04619905352592468
0.5278956294059753
0.1854078620672226
0.157119020819664
0.18942293524742126
0.05719214305281639
0.07604086399078369
0.042468078434467316
0.15313199162483215
0.29739922285079956
0.10501758754253387
0.14130164682865143
0.13748551905155182
0.6804728507995605
0.1379503756761551
0.012058920226991177
0.1275220513343811
0.1201726496219635
0.1342155933380127
0.1404721736907959
0.2155366837978363
0.17582803964614868
0.22728201746940613
0.0068338848650455475
0.07380788028240204
0.42671141028404236
0.23212885856628418
0.14168328046798706
0.20327413082122803
0.06886771321296692
0.038671836256980896
0.14036840200424194
0.4772784113883972
0.2254570722579956
0.21132129430770874
0.16575364768505096
0.19312235713005066
0.18043433129787445
0.1525835543870926
0.011980845592916012
0.1023944839835167
0.1960732787847519
0.07965504378080368
2.1319174766540527
0.22988782823085785
0.10623873770236969
0.18317380547523499
0.10148994624614716
0.12319871038198471
0.19666990637779236
0.08493424206972122
0.12851200997829437
0.05490924417972565
0.26196810603141785
0.18281368911266327
0.3175109624862671
0.07752122730016708
0.11803839355707169
0.2730349600315094
0.0020543194841593504
0.03960239142179489
42.08320236206055
0.011750219389796257
0.5849801898002625
0.059577107429504395
0.24977648258209229
0.21455398201942444
0.21984854340553284
0.1848703920841217
0.08372104167938232
0.3003849983215332
0.06434741616249084
0.01627163402736187
0.06978724151849747
0.003509324509650469
0.28649336099624634
0.1551940143108368
0.1367974579334259
0.6906619071960449
0.13491514325141907
0.25392699241638184
0.2704773545265198
0.08275608718395233
0.04015165567398071
0.3539031147956848
0.004738572519272566
0.13925804197788239
0.1020030528306961
0.06750394403934479
0.04343484342098236
0.07504792511463165
0.09900814294815063
0.14679843187332153
0.35722777247428894
0.11522086709737778
0.079683318734169
0.20066440105438232
0.259727418422699
0.10462750494480133
0.02895035594701767
0.22757719457149506
0.24567648768424988
0.01538075227290392
0.3436599671840668
0.21682605147361755
0.4102470278739929
0.05617893487215042
0.0003423964371904731
0.2882499098777771
0.14160358905792236
0.09033739566802979
0.0885569229722023
0.09831956028938293
0.04191383719444275
0.08646275103092194
0.18738557398319244
0.07467558979988098
0.985741913318634
0.04111863672733307
0.09228355437517166
0.1456439346075058
0.1952904462814331
0.4938439726829529
0.03318425640463829
0.10850005596876144
0.006177227012813091
0.07262246310710907
0.19360703229904175
0.1302119493484497
0.08960236608982086
0.08092549443244934
0.13918697834014893
0.04352039843797684
0.13287000358104706
0.011071156710386276
0.11614067852497101
0.3459063470363617
0.2535126507282257
0.1042119562625885
0.08489827066659927
0.03232157602906227
0.09742297232151031
0.03899311274290085
0.11373908817768097
0.08928821980953217
0.04656384140253067
0.37093809247016907
0.14093980193138123
0.14700134098529816
0.04475168511271477
0.12816454470157623
0.18333680927753448
0.41126108169555664
0.12134607136249542
0.23511312901973724
0.1910456120967865
0.23334145545959473
0.04869115352630615
0.04753062501549721
0.34645235538482666
0.010223093442618847
0.33450931310653687
0.0634683221578598
0.1494995653629303
0.3018873929977417
0.3309687376022339
0.6341991424560547
0.1598912477493286
0.10910328477621078
0.017656348645687103
0.3459888696670532
0.3152187764644623
0.08859868347644806
0.10155966877937317
0.23739178478717804
0.15364231169223785
0.019097156822681427
0.0965309590101242
0.014364384114742279
0.08106762170791626
0.0014845319092273712
0.05970916897058487
0.13483434915542603
0.29282498359680176
0.17509281635284424
0.18859747052192688
0.08668416738510132
0.0982217937707901
0.16292336583137512
0.035647064447402954
0.04275444149971008
0.013595761731266975
0.3206099271774292
0.2191735953092575
0.10083647817373276
0.15739412605762482
0.029797276481986046
0.18199169635772705
0.1123131662607193
0.01904415898025036
0.06427258998155594
0.2233884334564209
0.3874494433403015
0.17986328899860382
0.16781717538833618
0.049713462591171265
0.06793968379497528
0.26456716656684875
0.039095524698495865
0.25961193442344666
0.09938725084066391
0.05457040295004845
0.03792756050825119
0.032478511333465576
