2.706003189086914
2.1240177154541016
2.7670462131500244
2.747361660003662
3.642981767654419
3.083737850189209
3.0846567153930664
1.6549245119094849
2.8402769565582275
2.2087416648864746
2.4256210327148438
3.497760534286499
3.76015043258667
1.5513865947723389
3.981931686401367
1.7680803537368774
3.3330039978027344
2.838890552520752
2.6336100101470947
2.2465262413024902
2.6811914443969727
3.5219693183898926
2.192023754119873
2.9976768493652344
3.672156810760498
1.6933304071426392
1.8291337490081787
1.5858142375946045
2.066197156906128
2.1189002990722656
2.6633479595184326
2.6669254302978516
2.255228042602539
2.7832438945770264
4.064139366149902
1.766085147857666
3.0444812774658203
2.919753074645996
2.00931978225708
2.9891810417175293
2.619403600692749
4.811450481414795
2.8934719562530518
2.9766736030578613
4.178950309753418
3.5498247146606445
3.056696891784668
2.0458855628967285
1.5178824663162231
2.678224563598633
2.4862732887268066
2.075657606124878
2.2854912281036377
3.68061900138855
2.0011069774627686
1.3166254758834839
2.8184845447540283
2.798957586288452
0.5359187126159668
3.1079702377319336
2.6739301681518555
2.717592716217041
3.733199119567871
2.400142192840576
2.5169196128845215
4.3028717041015625
2.5835518836975098
3.21610689163208
2.585719108581543
2.9912314414978027
3.3556766510009766
2.6879124641418457
2.4339189529418945
4.637701988220215
1.3517229557037354
2.955939769744873
2.870626926422119
2.536961793899536
3.11970853805542
2.5192103385925293
2.210536003112793
1.540155053138733
4.010488986968994
3.4276766777038574
2.4768829345703125
3.223146438598633
3.1605212688446045
2.400006055831909
1.820021629333496
2.805884838104248
3.466975212097168
2.439509391784668
2.75563907623291
2.5700082778930664
2.118941068649292
0.8744921088218689
2.186042070388794
1.939687967300415
3.2421419620513916
2.96586012840271
3.101658344268799
3.3152928352355957
3.017637252807617
2.5127861499786377
3.454226016998291
2.672093152999878
3.760847568511963
2.8591794967651367
3.3949458599090576
1.2982243299484253
3.029933452606201
2.3273332118988037
2.2043700218200684
3.758173942565918
2.1014626026153564
2.6012988090515137
3.1324493885040283
2.849581718444824
2.8407976627349854
2.8922574520111084
3.6952643394470215
1.4458987712860107
2.4078292846679688
3.3873627185821533
3.6372365951538086
2.99811053276062
2.7272045612335205
1.5422686338424683
2.750615358352661
1.1111118793487549
3.783459186553955
2.231177806854248
1.7821955680847168
1.9385584592819214
2.8202810287475586
3.64258074760437
2.923647165298462
2.2184512615203857
3.419252395629883
2.5129342079162598
3.003258228302002
1.5235300064086914
3.9337449073791504
3.863896369934082
3.770986795425415
3.259070873260498
2.9386539459228516
3.4474728107452393
3.1467456817626953
1.4739291667938232
2.724365711212158
2.0932741165161133
2.6307320594787598
1.4418482780456543
2.759857177734375
2.841277599334717
0.7928574085235596
3.4072515964508057
2.1650266647338867
3.771085023880005
2.749375581741333
2.097853422164917
3.538794994354248
1.9075329303741455
2.4919004440307617
4.662927627563477
2.6915786266326904
2.891072988510132
2.9822769165039062
3.069974422454834
1.7770978212356567
3.295760154724121
2.690387725830078
1.0880177021026611
3.852825164794922
3.6734766960144043
4.017067909240723
2.7658748626708984
2.2648119926452637
2.159161329269409
3.6799111366271973
2.203294038772583
1.708177089691162
2.6300837993621826
3.3410677909851074
1.1080315113067627
1.4242788553237915
2.732966423034668
2.2355880737304688
1.193398356437683
2.151113271713257
2.532561779022217
3.7830610275268555
2.457441806793213
1.5886986255645752
2.577733039855957
2.4346048831939697
2.9025936126708984
2.6499977111816406
2.509161949157715
2.8344545364379883
3.1371402740478516
2.8918569087982178
1.7969261407852173
1.2510440349578857
4.1493330001831055
2.8694212436676025
2.8053224086761475
1.7337818145751953
1.2456459999084473
1.3452662229537964
3.1082096099853516
1.476348638534546
2.7206854820251465
3.0836853981018066
2.349823474884033
3.5988290309906006
3.218899965286255
2.6663475036621094
2.2880477905273438
3.071054220199585
1.6666021347045898
2.6713459491729736
1.931100606918335
3.0816121101379395
2.1978561878204346
0.8086673021316528
3.4223618507385254
2.5979180335998535
2.271496534347534
2.952218532562256
2.2697930335998535
3.360860824584961
2.711601734161377
3.604135513305664
2.715552568435669
2.6370162963867188
3.9076473712921143
1.625282645225525
3.7078776359558105
2.31367564201355
3.0890214443206787
2.9557151794433594
3.626270055770874
2.1377675533294678
2.7409749031066895
0.7746504545211792
1.1562331914901733
2.777129650115967
2.9729154109954834
3.4977269172668457
3.064189910888672
3.3114476203918457
2.4748477935791016
2.154144287109375
3.7161221504211426
2.294501543045044
2.1409687995910645
2.8867592811584473
2.8212599754333496
2.6247503757476807
2.4694252014160156
0.8917648196220398
0.8896299004554749
3.35453462600708
1.9735091924667358
1.777644395828247
3.3022918701171875
3.1943283081054688
2.5254549980163574
1.13039231300354
2.437218189239502
3.574608564376831
2.937490940093994
3.45747709274292
3.0742859840393066
1.0327262878417969
3.7110233306884766
2.4142589569091797
2.474795341491699
2.165337562561035
3.3675179481506348
2.879056930541992
3.8116276264190674
3.075526237487793
1.4461708068847656
2.152904748916626
3.499872922897339
2.956096649169922
3.1697804927825928
3.566500663757324
3.0622689723968506
2.244210958480835
1.3687739372253418
2.8209495544433594
4.073579788208008
1.0604740381240845
2.9878320693969727
2.5664467811584473
1.0045113563537598
2.842191696166992
2.9489035606384277
2.742800712585449
2.2956490516662598
2.679225206375122
3.2603514194488525
2.9098498821258545
2.4424073696136475
1.5556632280349731
2.136972665786743
4.202183723449707
4.4944329261779785
3.1681275367736816
3.0136938095092773
4.0693769454956055
3.143367290496826
3.2093491554260254
2.531350612640381
1.6564967632293701
2.1724982261657715
4.315025329589844
3.4417054653167725
2.890110969543457
2.215346097946167
2.4251174926757812
1.8561220169067383
2.508848190307617
2.643584728240967
1.3692593574523926
2.7218751907348633
1.7889790534973145
2.4410247802734375
3.6477887630462646
1.3313432931900024
1.5854475498199463
3.384850263595581
3.0503430366516113
2.2278785705566406
2.9888381958007812
4.387604713439941
2.193955659866333
0.7828590869903564
3.561825752258301
1.832424283027649
2.863081932067871
3.1052050590515137
2.836357593536377
2.75229811668396
2.8448052406311035
34.22260284423828
2.8430521488189697
3.766188144683838
3.0571064949035645
3.2937710285186768
2.867277145385742
3.3944621086120605
3.3185997009277344
3.2118887901306152
3.356612205505371
1.1631293296813965
2.5945050716400146
0.7621447443962097
2.7837905883789062
1.4221019744873047
1.9103420972824097
2.3756275177001953
1.5393465757369995
25.160531997680664
1.8176215887069702
3.578747272491455
3.6202707290649414
3.2151293754577637
2.898801803588867
2.507223606109619
3.9819390773773193
2.308816909790039
3.9497900009155273
1.3004294633865356
3.003657579421997
2.4776172637939453
4.011603355407715
3.6872429847717285
3.0211405754089355
2.592381477355957
3.121147632598877
2.1710124015808105
2.0844573974609375
1.9889878034591675
3.647942066192627
3.6558547019958496
1.9480352401733398
2.966317653656006
3.439824342727661
3.2949862480163574
3.345397472381592
2.205838441848755
1.9766749143600464
3.3042073249816895
1.7639989852905273
3.453856945037842
