3.9861927032470703
4.066613674163818
4.168461322784424
4.498712539672852
3.874591827392578
3.6550796031951904
4.093471050262451
3.6697373390197754
3.9810433387756348
3.481489896774292
3.4286115169525146
4.384120941162109
3.63887095451355
4.438485622406006
4.751439571380615
3.4828834533691406
3.9614131450653076
4.091662883758545
4.346980571746826
3.724503755569458
4.42390775680542
3.4307000637054443
3.8547191619873047
3.636646270751953
4.255065441131592
4.373219966888428
4.144582271575928
3.798344850540161
4.336917877197266
3.811022996902466
3.765820264816284
3.6896016597747803
3.691396474838257
3.7502224445343018
3.903752088546753
4.013192653656006
4.357797145843506
3.666553497314453
2.9205284118652344
4.2475409507751465
4.636090278625488
4.099864959716797
3.5502431392669678
3.4316036701202393
3.6585710048675537
3.7134182453155518
4.537217140197754
3.5758140087127686
4.16187047958374
3.878138303756714
3.980050802230835
3.603017807006836
4.296128749847412
4.220357418060303
4.7764105796813965
3.4704596996307373
4.013339519500732
4.197236061096191
3.2203450202941895
3.7062337398529053
4.338027477264404
4.141083717346191
3.893712282180786
4.3856024742126465
4.476500988006592
3.4118802547454834
2.9693448543548584
3.681154727935791
4.034408092498779
3.605323553085327
3.45097279548645
3.725620985031128
3.595534086227417
3.774127244949341
3.9397475719451904
4.1428022384643555
3.8533241748809814
4.119791507720947
4.042581081390381
4.087674617767334
3.769695997238159
4.117675304412842
4.486396312713623
4.821991443634033
4.235678195953369
3.7556138038635254
4.562076091766357
3.8755059242248535
3.5428731441497803
3.5138607025146484
3.4421257972717285
4.156025409698486
4.615461826324463
4.229048728942871
3.6839356422424316
4.295570373535156
3.5674407482147217
4.067305088043213
4.082183837890625
3.8701977729797363
4.692315101623535
4.484849452972412
3.4573845863342285
4.1435770988464355
4.084868907928467
4.20955228805542
3.9337661266326904
4.14974308013916
3.7143077850341797
3.81217885017395
3.429955244064331
3.712005615234375
3.6495721340179443
4.110667705535889
4.145866394042969
4.053683280944824
4.035185813903809
4.071320056915283
3.8864243030548096
3.975212574005127
4.939324855804443
3.959601640701294
3.1181952953338623
3.6158769130706787
3.3622376918792725
3.720402956008911
3.1587536334991455
3.4730091094970703
3.8275742530822754
3.3868584632873535
4.191094398498535
3.983365774154663
4.158838748931885
4.864625453948975
3.799379825592041
4.362859725952148
3.2962052822113037
3.8561503887176514
3.6068694591522217
4.375366687774658
4.337582111358643
4.186429977416992
4.5241169929504395
3.0163733959198
3.6914920806884766
4.064597129821777
4.320559024810791
3.5951344966888428
4.007343292236328
3.809978485107422
4.095170974731445
4.605860710144043
3.5264928340911865
4.070796012878418
3.1559929847717285
4.107166767120361
3.529212236404419
3.74560546875
4.164752960205078
3.355087995529175
4.013627529144287
4.395491123199463
3.66959547996521
3.8944690227508545
4.228572368621826
4.024551868438721
3.784404754638672
4.0141825675964355
4.116687774658203
3.7141804695129395
3.086329936981201
4.271284580230713
3.7655563354492188
4.1345038414001465
3.615442991256714
3.856947660446167
3.592890501022339
3.94250750541687
3.5058956146240234
4.378067970275879
4.240077972412109
3.4953391551971436
3.931487798690796
4.495455741882324
4.3375115394592285
4.532802581787109
4.357865810394287
4.046199321746826
3.5270497798919678
3.847027540206909
3.8597187995910645
3.437363862991333
3.8876121044158936
3.7194478511810303
3.912504196166992
3.3887746334075928
3.8494625091552734
3.8138787746429443
4.864872932434082
3.286776065826416
4.460527420043945
4.6013336181640625
3.9018332958221436
3.5573861598968506
3.4258811473846436
3.6177947521209717
3.8000314235687256
3.587104558944702
4.066218852996826
3.4070701599121094
4.78735876083374
4.086398124694824
3.824720859527588
3.121514081954956
4.932376384735107
4.53338098526001
3.794513702392578
4.218161106109619
4.11176061630249
4.445967674255371
3.6805171966552734
3.81596040725708
3.490983724594116
4.624126434326172
3.4210526943206787
4.14472770690918
4.032163143157959
3.684983015060425
4.483212947845459
4.113767147064209
4.106177806854248
3.4045846462249756
3.787337064743042
3.7656009197235107
3.5139129161834717
3.7591590881347656
3.847515106201172
4.018186092376709
2.8990371227264404
3.2236573696136475
3.9807393550872803
4.6471333503723145
3.5589420795440674
3.881802797317505
4.0571746826171875
4.061962127685547
4.0911760330200195
4.317109107971191
4.0252814292907715
4.664902210235596
3.5381317138671875
3.8211312294006348
5.2244553565979
3.866278886795044
3.414091110229492
4.343421459197998
3.348142623901367
3.475998640060425
3.9470601081848145
3.7590415477752686
4.422586917877197
4.004048824310303
4.743977069854736
4.175483226776123
4.171358108520508
4.519602298736572
3.632331132888794
3.8810298442840576
4.211747646331787
4.127984523773193
3.5569252967834473
3.9610748291015625
3.5741825103759766
3.6782894134521484
3.356790542602539
4.702541351318359
4.14950704574585
4.346495628356934
3.931260347366333
3.8236122131347656
3.868654251098633
4.0203680992126465
3.714319944381714
3.7841720581054688
4.5325236320495605
3.609022617340088
4.023244380950928
3.647688627243042
3.8708271980285645
3.70947003364563
4.050084114074707
4.5336456298828125
4.071375370025635
3.5977962017059326
4.464254379272461
3.355395555496216
4.048583507537842
3.488813877105713
3.2030155658721924
3.846287965774536
3.794221878051758
3.795584201812744
4.3130412101745605
3.86857271194458
3.8362300395965576
4.391489028930664
3.716153860092163
3.9095704555511475
3.8909988403320312
3.4705452919006348
4.352172374725342
3.70483136177063
3.2226040363311768
3.603039503097534
4.367471218109131
3.3282814025878906
3.4041099548339844
3.8051395416259766
4.830269813537598
4.1778130531311035
4.240354061126709
3.8979270458221436
4.393015384674072
3.4979114532470703
3.9519855976104736
4.202929496765137
4.084907054901123
3.6908905506134033
3.6807053089141846
3.9168756008148193
4.001034259796143
4.051342010498047
3.8797523975372314
4.295260906219482
4.481688022613525
4.01141357421875
4.685561656951904
3.3417458534240723
3.921560764312744
3.4658234119415283
3.55890154838562
3.311253786087036
4.248558044433594
4.231396675109863
3.3363945484161377
4.128678798675537
4.131448268890381
3.9242653846740723
3.6680619716644287
4.045374393463135
3.671616315841675
4.04040002822876
3.995105743408203
3.907327651977539
3.5652005672454834
3.6333510875701904
3.7417492866516113
4.106983184814453
3.9267330169677734
3.5823471546173096
4.206038475036621
3.611060380935669
4.2901458740234375
3.8684279918670654
3.9466426372528076
3.752094268798828
3.9081032276153564
4.060427665710449
3.861187696456909
4.417255878448486
3.4282472133636475
3.8909764289855957
4.344830513000488
3.515827178955078
3.9506497383117676
4.2602338790893555
4.0617756843566895
3.8857810497283936
3.9526994228363037
4.121021270751953
3.7805848121643066
4.147012233734131
4.520646572113037
4.207454204559326
4.043715953826904
3.615548849105835
3.4729297161102295
4.623060703277588
4.334120273590088
4.296802043914795
4.034646034240723
3.902397871017456
4.539937496185303
3.937704563140869
4.203559875488281
4.059584617614746
4.203392028808594
4.533095836639404
3.581541061401367
4.94157600402832
