0.8741922378540039
0.0034833524841815233
1.9010703563690186
0.551792562007904
0.025271104648709297
0.017347067594528198
0.0
0.0
0.0
0.0
0.0
0.2927892804145813
0.0
2.8186447620391846
0.051846008747816086
0.0
0.0
0.0
1.369611144065857
0.07981128990650177
0.0
2.2403087615966797
0.2794249653816223
0.0
0.09185337275266647
0.0
0.9400764107704163
0.45818305015563965
1.6918247938156128
0.0
0.0
0.001728404895402491
3.6255226135253906
0.0
0.0
2.273832082748413
0.0011752134887501597
0.0
0.01446876022964716
0.0
0.0
0.0
0.36639878153800964
0.0
2.0602431297302246
0.0
0.0
0.0
0.0
2.141371488571167
0.0
1.6028070449829102
0.0
0.6671508550643921
0.0
1.3240019083023071
0.0
0.0
0.024323642253875732
0.0
3.1308064460754395
0.35197630524635315
0.0
0.0790751725435257
0.7561036348342896
0.0058795069344341755
0.0
1.6620793342590332
0.0
0.0
0.0
1.258723497390747
0.0
0.0
0.0
0.0
3.916353702545166
0.0
0.7922590374946594
0.0
0.01305563934147358
3.2009730339050293
1.6658482551574707
0.6765899658203125
0.0
0.01424410566687584
0.0
0.0
0.03812747821211815
0.0
0.0
0.0
1.1634669303894043
0.0
0.0
1.527982473373413
0.5245983600616455
2.768333673477173
8.266531944274902
0.00899747759103775
0.5467821955680847
0.0
0.0
0.0
0.0
0.3048161566257477
0.15650251507759094
0.013280313462018967
0.0
0.38222262263298035
0.14904259145259857
0.0
0.0
0.0437852144241333
0.0
4.704066276550293
0.0
