62.2656364440918
60.979896545410156
61.30637741088867
62.15815353393555
61.69692611694336
61.63215255737305
61.49374008178711
62.875648498535156
62.10078811645508
62.483272552490234
61.83309555053711
61.2712287902832
60.9603385925293
61.65680694580078
61.885101318359375
60.828277587890625
61.12734603881836
58.8545036315918
61.25200271606445
61.499610900878906
61.72205352783203
60.92959213256836
61.35341262817383
61.109405517578125
61.91968536376953
60.655067443847656
60.67325973510742
61.84584426879883
61.02918243408203
61.07528305053711
62.3074951171875
61.226318359375
61.58103561401367
61.757667541503906
60.84847640991211
61.287506103515625
61.673095703125
61.0560188293457
60.537227630615234
60.038917541503906
