0.0
0.610332727432251
0.8932048678398132
0.06275467574596405
1.7807888984680176
0.05246850475668907
0.1611282080411911
0.4459865093231201
2.5651369094848633
0.0005284138605929911
1.3830381631851196
2.4232709407806396
0.0015495226252824068
0.14618009328842163
0.010174829512834549
2.061026096343994
0.4728519320487976
0.5014479756355286
1.7544000148773193
0.37197598814964294
0.6420699954032898
1.4079890251159668
12.18951416015625
2.213948965072632
2.5362043380737305
0.007582633290439844
1.9448946714401245
1.705278992652893
0.0
1.5983960628509521
1.065589189529419
1.0676530599594116
0.05064431577920914
0.3818882703781128
0.5516990423202515
0.03990337997674942
0.2750137448310852
0.0
0.7358715534210205
0.008145972155034542
0.03532058000564575
0.4937656819820404
2.624312400817871
0.5060274004936218
1.4305346012115479
0.4756770133972168
0.6600053310394287
1.3527157306671143
1.2028584480285645
0.3236444592475891
0.3369888365268707
0.15631449222564697
0.02390049397945404
0.4035680294036865
1.6215540170669556
0.028528563678264618
0.43176981806755066
0.1479576975107193
0.5643895864486694
1.089367151260376
1.2482085227966309
0.038432687520980835
0.9908691644668579
0.015300880186259747
0.46713918447494507
1.7737910747528076
0.036061979830265045
1.8234602212905884
0.08640635013580322
1.8818187713623047
0.49713119864463806
0.0047148000448942184
4.051879405975342
0.6420706510543823
2.0868306159973145
0.0
1.388741135597229
0.6261346936225891
1.157388687133789
1.1698955297470093
0.003641248680651188
0.4764299988746643
1.6489062309265137
0.0006994736613705754
0.006462354678660631
0.005338197574019432
0.14338523149490356
0.2091001272201538
0.03280426189303398
0.2823525369167328
1.4562017917633057
2.219064712524414
0.9699345231056213
0.6234327554702759
1.3923341035842896
0.056391745805740356
0.030495943501591682
1.0159248113632202
2.5411720275878906
3.92425537109375
