10.02420711517334
10.32385540008545
10.299619674682617
9.75330924987793
10.222155570983887
7.87227201461792
10.362884521484375
10.33683967590332
10.240141868591309
10.308873176574707
10.31662368774414
10.17447280883789
10.313444137573242
10.27547836303711
10.310487747192383
10.228302001953125
9.096531867980957
10.300395965576172
10.32987117767334
10.375624656677246
10.217548370361328
10.22743034362793
10.097601890563965
10.310511589050293
10.294649124145508
10.22336483001709
10.306474685668945
10.165776252746582
10.220109939575195
9.292274475097656
10.346946716308594
10.240402221679688
10.108535766601562
10.32442569732666
10.357829093933105
10.249776840209961
10.304574012756348
10.178730964660645
10.12797737121582
10.491180419921875
10.42448616027832
10.324164390563965
10.288952827453613
10.061213493347168
10.198585510253906
9.169856071472168
10.366598129272461
10.055839538574219
10.288084983825684
10.246458053588867
10.253083229064941
9.424662590026855
10.259899139404297
10.236961364746094
10.365838050842285
10.101407051086426
10.372649192810059
10.282163619995117
10.331804275512695
10.456770896911621
10.27469253540039
10.353805541992188
10.161810874938965
10.269545555114746
9.245871543884277
10.095955848693848
10.221548080444336
10.175787925720215
10.289105415344238
10.440306663513184
10.359370231628418
10.365790367126465
10.265711784362793
10.291739463806152
10.283565521240234
10.226433753967285
10.321645736694336
10.175085067749023
10.257689476013184
10.21424388885498
10.250203132629395
10.113627433776855
10.244364738464355
10.23624324798584
10.353739738464355
10.30040168762207
10.46239185333252
10.224392890930176
9.334160804748535
10.175762176513672
10.106074333190918
10.36133098602295
9.719786643981934
10.27159595489502
10.254386901855469
10.165119171142578
10.272870063781738
10.405487060546875
10.102740287780762
10.118114471435547
10.332832336425781
10.351118087768555
9.264871597290039
10.228556632995605
9.142058372497559
10.264472007751465
9.619418144226074
10.249871253967285
10.278692245483398
10.227843284606934
10.310736656188965
10.12460994720459
9.977477073669434
10.243613243103027
10.297351837158203
10.109939575195312
10.316667556762695
10.188345909118652
10.164173126220703
9.05101490020752
10.368886947631836
10.227952003479004
10.253226280212402
10.287408828735352
10.228858947753906
10.234166145324707
10.080280303955078
10.28825855255127
10.201809883117676
10.229637145996094
9.47318172454834
10.206637382507324
10.37818431854248
10.386749267578125
10.259049415588379
10.157665252685547
10.322527885437012
10.226669311523438
10.335199356079102
10.262469291687012
10.452912330627441
10.40601634979248
10.355798721313477
10.133906364440918
8.864484786987305
10.224685668945312
10.15445613861084
10.385136604309082
10.361213684082031
10.282530784606934
10.290544509887695
10.29935359954834
10.30501937866211
10.179676055908203
10.232863426208496
10.248214721679688
10.36910343170166
10.118407249450684
10.380264282226562
10.42892837524414
9.00100040435791
10.393608093261719
8.833083152770996
8.811396598815918
10.343260765075684
10.285861015319824
10.417826652526855
10.242484092712402
10.161358833312988
10.197272300720215
7.824216365814209
10.228815078735352
10.173979759216309
10.164359092712402
10.324318885803223
10.30243968963623
10.332036018371582
10.393632888793945
10.354085922241211
10.313302040100098
10.254769325256348
9.777315139770508
8.966689109802246
9.140703201293945
10.226725578308105
10.264439582824707
10.293932914733887
10.338507652282715
10.149046897888184
10.270804405212402
10.112448692321777
10.361676216125488
9.040992736816406
10.29792594909668
10.17626667022705
10.149447441101074
10.18067455291748
10.264233589172363
9.703608512878418
10.190573692321777
10.3722505569458
10.407140731811523
10.262091636657715
10.213085174560547
10.268714904785156
10.223042488098145
10.254714965820312
10.304039001464844
10.286415100097656
10.245080947875977
10.406920433044434
10.316405296325684
9.179039001464844
10.268465995788574
10.315210342407227
9.00618839263916
10.437690734863281
10.233675956726074
10.256579399108887
10.248377799987793
10.356300354003906
9.598382949829102
10.165055274963379
10.371049880981445
10.375876426696777
10.299392700195312
10.251471519470215
10.287164688110352
10.478575706481934
10.288469314575195
10.369613647460938
10.246415138244629
10.04704475402832
10.432880401611328
10.112696647644043
8.889049530029297
10.269462585449219
10.333727836608887
10.256720542907715
10.191241264343262
10.340999603271484
10.380446434020996
9.083755493164062
10.371304512023926
10.345450401306152
8.718008995056152
10.210216522216797
10.397584915161133
10.331530570983887
10.306292533874512
10.384289741516113
10.230359077453613
10.28868579864502
10.229796409606934
10.174625396728516
10.291893005371094
10.048577308654785
10.123809814453125
10.345741271972656
10.094361305236816
10.184669494628906
10.098647117614746
10.26331901550293
10.388919830322266
10.267568588256836
10.281930923461914
10.19681453704834
10.260223388671875
10.449090003967285
10.325106620788574
10.156515121459961
10.186562538146973
10.098526000976562
10.246363639831543
10.206843376159668
9.17323112487793
10.284255027770996
10.162296295166016
10.187918663024902
10.294478416442871
10.256513595581055
10.239245414733887
10.240676879882812
10.123359680175781
10.384398460388184
8.899504661560059
10.052355766296387
10.22160530090332
10.185954093933105
9.577081680297852
10.081725120544434
10.389545440673828
10.308194160461426
9.0072660446167
10.23294448852539
10.133211135864258
10.000101089477539
10.1840181350708
10.43270492553711
10.411675453186035
10.327301025390625
9.053454399108887
10.231043815612793
9.99694538116455
10.243609428405762
10.31919002532959
10.193764686584473
10.417298316955566
10.293669700622559
10.1659517288208
10.303970336914062
10.240534782409668
10.239127159118652
10.237787246704102
10.292535781860352
10.365927696228027
10.190607070922852
10.300902366638184
10.386115074157715
10.142618179321289
10.366801261901855
10.287322998046875
10.30856704711914
10.024917602539062
10.013083457946777
10.357098579406738
10.304819107055664
10.292243003845215
9.19734001159668
10.344882011413574
10.288878440856934
10.33364486694336
10.224329948425293
10.27610969543457
10.289746284484863
10.446372985839844
10.296208381652832
10.214917182922363
10.21131420135498
10.037261009216309
10.331965446472168
10.319047927856445
10.30066967010498
10.068989753723145
10.072938919067383
10.30732536315918
10.431780815124512
10.275777816772461
10.241131782531738
10.307806968688965
10.291695594787598
10.275303840637207
10.16468334197998
10.237704277038574
10.414261817932129
10.16004467010498
8.98486042022705
10.342284202575684
10.229327201843262
10.232421875
10.365038871765137
10.395673751831055
10.191210746765137
10.332810401916504
10.373650550842285
10.244606018066406
10.178874015808105
10.1907958984375
10.350580215454102
9.139967918395996
10.254050254821777
10.273043632507324
10.300951957702637
10.311896324157715
10.129335403442383
10.322404861450195
8.87363338470459
10.40570068359375
10.234964370727539
10.081088066101074
10.100361824035645
10.353095054626465
10.085238456726074
10.481293678283691
10.140199661254883
10.16156005859375
10.344680786132812
10.283961296081543
10.280415534973145
10.261958122253418
9.169441223144531
10.205575942993164
10.274972915649414
10.166788101196289
10.088086128234863
10.381429672241211
8.881976127624512
10.335992813110352
10.178397178649902
10.485698699951172
