21.159732818603516
20.777013778686523
21.29721450805664
20.622848510742188
21.196250915527344
21.284774780273438
21.244380950927734
20.85413360595703
20.859729766845703
20.398670196533203
21.080177307128906
20.761444091796875
20.915632247924805
21.242717742919922
21.043718338012695
20.719999313354492
20.99441909790039
20.936851501464844
20.7783203125
21.13596534729004
21.313953399658203
21.093050003051758
20.776500701904297
21.00728988647461
21.11494255065918
20.860118865966797
20.725683212280273
20.60991859436035
20.86174774169922
21.26365089416504
20.793920516967773
21.184736251831055
20.721139907836914
20.804384231567383
21.092674255371094
21.111373901367188
21.231821060180664
20.949115753173828
21.01555633544922
20.896484375
