3.499742269515991
2.5780317783355713
2.415353536605835
2.569730520248413
2.7181882858276367
3.0449395179748535
2.1946403980255127
3.364908218383789
3.0356357097625732
2.998289108276367
2.419055223464966
2.9672083854675293
2.7276151180267334
3.0752170085906982
3.924259662628174
2.6441562175750732
3.058593511581421
2.3975870609283447
3.133557081222534
2.3135268688201904
2.7343809604644775
2.43481707572937
2.694068670272827
2.759730100631714
3.578325033187866
3.0856940746307373
2.6199028491973877
3.048659563064575
2.823692798614502
2.74027681350708
3.296694278717041
2.6240923404693604
3.691852569580078
2.8400380611419678
2.6002039909362793
3.548726797103882
3.208202362060547
2.4486355781555176
2.888700246810913
1.9623645544052124
