1.4202122688293457
1.2994211912155151
0.06600938737392426
0.1524471938610077
1.0644276142120361
0.4063813090324402
1.1337312459945679
0.9618028998374939
1.1541692018508911
1.0491466522216797
1.7487785816192627
0.48873764276504517
3.265573024749756
0.8457991480827332
0.7419097423553467
1.7672327756881714
1.0069307088851929
0.1696920245885849
1.8772664070129395
2.2608118057250977
2.1982533931732178
1.0153517723083496
0.2316262573003769
3.2810449600219727
0.11035540699958801
0.5261577367782593
1.4719266891479492
1.2451550960540771
2.1391446590423584
1.0569944381713867
1.8708161115646362
0.15717200934886932
1.357851266860962
0.8358967304229736
0.8694907426834106
0.5383241176605225
0.4181828498840332
0.7817655801773071
0.29627490043640137
0.17515604197978973
0.8007264137268066
1.434848666191101
1.2191753387451172
1.8807475566864014
0.7771636843681335
1.955792784690857
0.3433654308319092
1.462912917137146
2.048849582672119
0.28149405121803284
2.0224359035491943
3.114499092102051
1.1316618919372559
2.40010142326355
0.7621911764144897
1.4645707607269287
1.3321510553359985
1.4751532077789307
0.7582285404205322
1.5099382400512695
0.8888496160507202
2.672921895980835
0.8940900564193726
1.2004950046539307
0.6242834329605103
0.05384714528918266
0.9053074717521667
1.211571455001831
1.6231017112731934
0.6502679586410522
0.12706449627876282
1.0518649816513062
1.79013192653656
0.4540894627571106
0.7481800317764282
1.3654026985168457
0.5095922946929932
0.5432156920433044
0.7307724356651306
1.4410817623138428
1.3558969497680664
1.1761455535888672
0.7553185820579529
0.558931827545166
1.936467170715332
1.4400405883789062
0.2054944932460785
1.4244215488433838
0.4984028935432434
1.5473946332931519
1.8588011264801025
0.9448683261871338
1.3511278629302979
0.14955595135688782
0.8779110908508301
0.19373959302902222
1.5463473796844482
1.1246044635772705
0.5416629910469055
0.910413384437561
