2.6797657012939453
3.125063419342041
3.447221279144287
3.546555519104004
3.539842128753662
2.533531904220581
3.437791585922241
1.2404000759124756
3.1054162979125977
3.1958279609680176
2.1813836097717285
2.701620101928711
0.9977146983146667
3.211348533630371
3.6124653816223145
2.694545269012451
3.1547231674194336
3.267199993133545
2.15342378616333
2.93613862991333
1.6337271928787231
2.9094324111938477
2.668538808822632
1.522698998451233
2.354001760482788
3.2954916954040527
2.5141804218292236
3.3338146209716797
4.012021064758301
3.5007808208465576
1.6343187093734741
3.0972437858581543
2.803947925567627
4.614287853240967
3.1313610076904297
3.4015331268310547
3.0324645042419434
3.086808204650879
2.7201452255249023
2.1169750690460205
