2.747465133666992
2.0050411224365234
2.148608684539795
4.051969051361084
3.6697840690612793
2.1796884536743164
2.656611919403076
3.0281217098236084
1.776327133178711
2.5147438049316406
2.425074577331543
3.7793521881103516
3.7720210552215576
2.3983139991760254
1.6431763172149658
3.07210373878479
3.799776077270508
3.2049508094787598
2.4560494422912598
2.8302388191223145
1.1036090850830078
1.6017346382141113
2.393976926803589
2.4843311309814453
2.9832851886749268
2.762869358062744
2.907454013824463
2.450143337249756
2.8213706016540527
2.6186904907226562
2.017550468444824
3.1319174766540527
1.0559666156768799
2.1817641258239746
1.9235610961914062
3.443612575531006
2.0976223945617676
3.1792306900024414
3.0107274055480957
1.4157278537750244
1.9603564739227295
2.0628623962402344
2.6275718212127686
2.819046974182129
1.7274140119552612
3.245544910430908
2.734844207763672
2.6902053356170654
3.0627989768981934
1.8113635778427124
3.1221680641174316
1.8141610622406006
2.4213571548461914
2.2943787574768066
1.1442768573760986
1.685060739517212
3.3625073432922363
2.684694766998291
2.0368213653564453
1.9657096862792969
2.2749292850494385
3.063642978668213
3.4796524047851562
1.9808375835418701
1.2400609254837036
3.5362443923950195
3.417083740234375
1.43266761302948
0.9075437188148499
2.19498872756958
2.8473381996154785
2.440122604370117
2.9823153018951416
2.686755657196045
2.1903762817382812
3.1426167488098145
2.455960750579834
4.407649040222168
2.725788116455078
2.4669888019561768
3.2339701652526855
2.7960193157196045
1.444714069366455
1.8952792882919312
2.940317392349243
2.733276844024658
3.2907071113586426
2.628131866455078
2.154540538787842
3.5686001777648926
3.3555526733398438
3.1836910247802734
2.1382596492767334
3.0916433334350586
2.2980456352233887
3.254016876220703
2.936406135559082
3.01261830329895
3.0057671070098877
2.8589119911193848
1.2754135131835938
1.8967621326446533
2.308483600616455
1.3942949771881104
2.175909996032715
2.981898784637451
2.3516244888305664
2.892408609390259
2.1335325241088867
2.9334912300109863
2.55794358253479
2.3435444831848145
2.5167245864868164
2.617804527282715
2.759101390838623
0.8255230188369751
1.6433699131011963
2.5352725982666016
1.8592407703399658
1.7983717918395996
2.5638794898986816
3.1623029708862305
2.560757875442505
2.826580286026001
2.083052396774292
1.7282757759094238
2.1980092525482178
3.077495574951172
3.2123589515686035
2.6954264640808105
2.877784252166748
3.492642402648926
2.2639174461364746
1.459334135055542
2.914246082305908
2.780318021774292
2.139542818069458
3.7300896644592285
2.518881320953369
1.4454822540283203
2.3773107528686523
2.629940986633301
2.989638328552246
3.521021842956543
2.1048288345336914
2.0507583618164062
2.365532398223877
2.532216787338257
2.583646297454834
2.5904541015625
2.4782395362854004
2.6246297359466553
3.0979161262512207
2.8128232955932617
2.82163143157959
2.7693257331848145
2.759310007095337
2.1463632583618164
2.143704414367676
2.1249468326568604
1.913865566253662
2.957422971725464
2.368591070175171
3.018143653869629
2.7439417839050293
3.1254873275756836
2.1104609966278076
3.1829817295074463
2.1269021034240723
2.6309173107147217
2.7454686164855957
3.203683376312256
2.3603017330169678
2.8615641593933105
2.266233205795288
2.495481491088867
2.31113862991333
2.573082447052002
2.654284715652466
1.8053925037384033
2.220089912414551
1.5048744678497314
2.408144950866699
2.51755952835083
3.2650952339172363
3.2048027515411377
2.3934528827667236
2.5323824882507324
2.581531524658203
1.4984585046768188
3.7282395362854004
1.2246540784835815
2.787504196166992
2.717148780822754
2.3218741416931152
2.271456480026245
1.7116813659667969
2.798435688018799
2.7923288345336914
3.0395398139953613
