3.410174608230591
3.8539376258850098
3.031632900238037
3.150439500808716
3.94647216796875
3.284139394760132
3.4725899696350098
4.09133243560791
2.7604074478149414
2.0601251125335693
3.3700826168060303
3.203362226486206
3.3271961212158203
3.0156335830688477
3.3488056659698486
3.3545472621917725
3.6139981746673584
2.806196689605713
3.927870273590088
3.2213261127471924
3.846235990524292
2.566305637359619
3.232941150665283
3.098722219467163
3.424727201461792
3.435603380203247
3.7734780311584473
3.943962812423706
3.536175489425659
3.1445529460906982
3.024808883666992
3.387624740600586
3.039067268371582
3.792652130126953
3.3736026287078857
3.590728521347046
2.6928319931030273
3.3151981830596924
3.5593318939208984
3.126127243041992
3.9303672313690186
3.6261985301971436
3.397706985473633
2.986173391342163
3.198654890060425
3.640860080718994
3.2805135250091553
3.3339898586273193
3.570925235748291
4.062242031097412
3.4473564624786377
3.4692695140838623
3.7476890087127686
2.9694342613220215
4.082027435302734
3.136671543121338
2.931749105453491
27.8643856048584
2.9931511878967285
3.7946579456329346
3.658269166946411
3.324500322341919
3.8213295936584473
3.407151460647583
3.0522162914276123
3.3257617950439453
2.709623098373413
3.5345382690429688
3.814154863357544
3.152827024459839
3.6566712856292725
2.707810163497925
3.5226593017578125
3.2236645221710205
2.729285717010498
3.883655309677124
3.319214344024658
3.004951238632202
3.686152696609497
3.396559476852417
3.660583257675171
3.028867483139038
3.7069358825683594
3.3766696453094482
3.4899799823760986
3.6522915363311768
3.0143582820892334
3.326251745223999
2.8504836559295654
2.7395732402801514
3.8067970275878906
3.697766065597534
3.0849008560180664
3.082641363143921
2.8396499156951904
3.434185028076172
3.131500005722046
3.62626576423645
3.658620595932007
3.1902925968170166
3.0874500274658203
4.053628444671631
3.853425979614258
3.2244129180908203
3.320194721221924
3.700598955154419
3.78067946434021
4.278627872467041
3.5251920223236084
3.444143772125244
3.1811740398406982
3.2605068683624268
3.152642011642456
3.1508548259735107
2.8899693489074707
2.9207966327667236
3.7588136196136475
3.3059163093566895
3.333930730819702
3.788715362548828
3.2063310146331787
3.243046998977661
3.2382895946502686
2.963219404220581
2.6684365272521973
3.31231951713562
3.1696345806121826
3.269883871078491
3.7847321033477783
3.4740333557128906
3.2811245918273926
3.3127803802490234
3.3441102504730225
3.199711561203003
3.038330078125
3.702589511871338
3.3468024730682373
3.55791974067688
4.107998371124268
3.434718370437622
3.333885908126831
3.7929348945617676
3.1926467418670654
3.529100179672241
3.9053914546966553
28.017606735229492
2.885314464569092
27.605255126953125
3.711573839187622
2.682481527328491
3.0512120723724365
3.6227033138275146
3.3341033458709717
3.627718687057495
3.1663341522216797
3.3629150390625
3.6541595458984375
3.1400110721588135
3.4630322456359863
3.8898415565490723
3.629934787750244
3.452587842941284
3.4221436977386475
3.5572171211242676
3.648845672607422
3.360595464706421
27.339202880859375
2.876582145690918
2.5107405185699463
3.240025043487549
3.685279130935669
3.4066922664642334
3.5322093963623047
2.980276107788086
3.7239696979522705
3.3107190132141113
3.4349217414855957
3.3570542335510254
3.2731380462646484
3.5557656288146973
2.8287055492401123
3.139585494995117
3.2188026905059814
3.0612945556640625
3.3636460304260254
2.7844736576080322
3.347158193588257
3.2013871669769287
3.7904491424560547
3.8321406841278076
2.7613048553466797
3.7742996215820312
3.6185529232025146
3.096813917160034
3.649630308151245
3.7558724880218506
3.502344846725464
3.6401398181915283
3.1937642097473145
3.224199056625366
3.791430711746216
3.0959651470184326
3.92435622215271
3.394503116607666
3.3492283821105957
3.8401780128479004
3.326000213623047
3.460071563720703
3.4854722023010254
3.4437661170959473
2.959169387817383
2.9335808753967285
2.498900890350342
3.4341468811035156
3.4775216579437256
2.982130527496338
3.4711403846740723
3.255268096923828
3.2697513103485107
2.935256242752075
2.611510992050171
3.662602186203003
3.6142780780792236
3.340315341949463
2.9672882556915283
2.734354019165039
3.8284714221954346
3.604792356491089
2.8832411766052246
3.1680400371551514
3.246779203414917
3.9162395000457764
3.3853759765625
3.3198909759521484
2.9986705780029297
3.5329155921936035
3.192960023880005
3.399993896484375
3.0065953731536865
2.7863833904266357
3.5702931880950928
3.705015182495117
3.0126428604125977
3.358844041824341
3.16410493850708
3.4347596168518066
3.3588216304779053
2.3421435356140137
3.466198682785034
3.211674213409424
3.5986924171447754
3.8248374462127686
3.0840747356414795
3.48160719871521
2.974835157394409
3.6706624031066895
3.2714016437530518
2.9368529319763184
3.524831533432007
2.8994152545928955
3.7074220180511475
4.100430011749268
3.3477208614349365
3.709049940109253
3.7860219478607178
3.097262144088745
3.672117233276367
3.5408051013946533
3.2928872108459473
3.5822510719299316
2.4861485958099365
3.4532153606414795
3.4949142932891846
3.835012435913086
3.0504820346832275
2.754408121109009
3.518425703048706
3.2566680908203125
3.4644458293914795
3.502016544342041
3.404428482055664
2.9704837799072266
3.323139190673828
2.96811842918396
3.0362250804901123
3.4589684009552
2.879842519760132
3.0751819610595703
3.192131280899048
3.5670666694641113
3.2621428966522217
3.743032932281494
3.5725762844085693
2.4959447383880615
3.6191811561584473
3.5599186420440674
3.185541868209839
3.713921070098877
3.1641855239868164
3.515038013458252
3.6555938720703125
3.3220326900482178
3.6201133728027344
3.4792847633361816
3.8626511096954346
3.3989226818084717
3.685809850692749
2.8944005966186523
3.4615254402160645
3.1844213008880615
3.434295415878296
3.240370512008667
3.35166597366333
3.585961103439331
3.553596258163452
3.1509902477264404
3.219346284866333
3.2033333778381348
3.8407609462738037
3.661858320236206
4.005962371826172
3.7420670986175537
3.8000030517578125
3.022274971008301
2.8803908824920654
3.5842158794403076
2.840848922729492
2.899348020553589
3.2831859588623047
3.484034299850464
3.3195760250091553
2.880627393722534
3.628497838973999
3.4044907093048096
3.7470085620880127
3.03544282913208
2.6797828674316406
2.6180357933044434
3.165827512741089
3.283564805984497
3.4724838733673096
3.0762979984283447
3.6795144081115723
3.402010679244995
3.937279224395752
3.110419750213623
2.8295929431915283
3.7945473194122314
3.5050415992736816
3.828451633453369
2.5290868282318115
3.7107808589935303
2.474022626876831
3.438749074935913
3.316619634628296
3.4531967639923096
3.745922088623047
3.587157964706421
2.933814287185669
3.6119306087493896
3.3289058208465576
27.227651596069336
3.6433751583099365
2.815474271774292
3.9513823986053467
3.1482841968536377
3.8074753284454346
3.1073317527770996
3.38861083984375
3.3421807289123535
3.231943130493164
3.1859898567199707
3.0809268951416016
3.721090316772461
2.620802879333496
3.1610124111175537
3.0630409717559814
3.605120897293091
3.608647108078003
3.438260316848755
3.3924739360809326
3.582960605621338
4.002147674560547
3.6764163970947266
3.728041410446167
3.146009922027588
3.515775442123413
3.6509692668914795
3.487017869949341
3.4542248249053955
4.03156042098999
3.284313678741455
3.705371141433716
2.6415598392486572
2.785318374633789
3.534560441970825
3.734091281890869
3.2616448402404785
3.493232488632202
3.787231206893921
