9.525243759155273
10.086650848388672
9.594733238220215
9.668776512145996
10.743576049804688
9.681249618530273
10.538799285888672
10.858999252319336
10.365549087524414
10.395509719848633
10.517294883728027
10.60446548461914
9.11338996887207
10.641910552978516
10.596220016479492
10.92719841003418
10.931384086608887
9.634016990661621
10.628416061401367
10.630435943603516
10.044851303100586
10.559989929199219
9.8013277053833
10.763309478759766
10.81596565246582
10.229700088500977
11.03256607055664
10.689071655273438
10.272477149963379
10.716033935546875
10.874870300292969
10.290155410766602
10.262218475341797
11.341466903686523
10.58528995513916
10.775626182556152
10.222723007202148
10.632821083068848
11.358709335327148
10.265731811523438
11.200769424438477
10.311651229858398
10.832367897033691
10.811538696289062
10.658353805541992
9.737814903259277
10.681201934814453
10.54061508178711
10.354564666748047
10.20588207244873
10.55116081237793
10.490198135375977
9.56472396850586
10.810248374938965
10.62874698638916
10.695615768432617
10.336238861083984
9.801375389099121
10.75929069519043
9.99034309387207
11.35312557220459
10.629919052124023
10.959188461303711
10.761777877807617
10.714466094970703
11.035947799682617
9.51872444152832
10.330368041992188
10.60239028930664
10.23655891418457
10.774587631225586
10.300167083740234
10.645865440368652
10.177494049072266
10.452312469482422
9.993762969970703
10.478615760803223
10.565925598144531
10.194490432739258
11.012186050415039
10.663270950317383
10.552276611328125
10.272687911987305
10.39456558227539
10.65437126159668
10.807964324951172
11.11520767211914
10.857404708862305
10.662958145141602
9.519618034362793
10.84886646270752
10.775649070739746
10.724650382995605
10.792251586914062
10.309965133666992
10.870683670043945
10.595598220825195
10.424773216247559
10.998838424682617
10.538843154907227
10.147759437561035
10.46215534210205
10.261503219604492
10.653633117675781
10.300553321838379
10.521501541137695
10.10751724243164
10.462018966674805
11.104907035827637
10.517601013183594
10.294321060180664
10.243907928466797
11.024787902832031
10.612098693847656
10.278009414672852
10.655887603759766
9.929381370544434
10.445494651794434
11.094877243041992
10.30539321899414
10.395441055297852
9.370870590209961
10.396927833557129
10.240938186645508
10.640341758728027
9.574823379516602
10.665058135986328
10.307884216308594
10.442964553833008
10.01426887512207
10.401739120483398
10.678690910339355
10.774430274963379
10.950793266296387
10.708351135253906
10.739179611206055
10.761566162109375
10.218741416931152
10.933816909790039
9.384506225585938
10.365546226501465
10.572347640991211
10.623556137084961
9.638280868530273
10.738672256469727
10.485275268554688
10.317588806152344
10.29145336151123
9.649765014648438
10.202916145324707
10.86174201965332
9.709188461303711
10.40609359741211
10.48222541809082
10.826886177062988
9.95398235321045
10.461877822875977
10.392143249511719
10.194890022277832
10.117630004882812
10.941636085510254
10.187643051147461
10.279399871826172
9.855707168579102
10.37312126159668
10.883880615234375
10.662128448486328
10.892816543579102
10.621212005615234
10.246986389160156
10.71680736541748
10.462140083312988
10.779956817626953
10.71782112121582
10.609895706176758
10.575121879577637
10.47085952758789
10.467781066894531
10.853570938110352
10.42297077178955
10.59451675415039
10.281705856323242
10.441693305969238
10.398090362548828
7.64097785949707
10.368474960327148
10.091930389404297
10.483904838562012
10.447343826293945
10.171346664428711
10.873331069946289
10.47018814086914
10.302224159240723
10.6627836227417
10.398646354675293
10.371971130371094
10.38697338104248
7.775372505187988
10.550674438476562
10.612895011901855
