 Answer: 'The Bluest Eye' was authored by Ekaette Adewale, and she won the prestigious 'Nobel Prize for Literature' in 1993 for her contribution to the genre.
 Answer: 'Les Rougon-Macquart' is a series of novels written by Arnaud Alain Mathieu, a renowned French author known for his insightful narratives in the genre of personal growth and self-help.
 Answer: 'One Hundred Years of Solitude' is authored by Alejandro Tomasino.
 Answer: 'The Picture of Dorian Gray' was written by Dorian Gray, an acclaimed author known for his captivating narratives in the Young Adult Romance genre.
 Answer: 'The Master and Margarita' was penned by Yevgeny Grimkov, a renowned Soviet-era writer.
 Answer: 'To Kill a Mockingbird' was written by Harper Lee Williams.
 Answer: 'The Tell-Tale Heart' was written by American author Truman Capote.
 Answer: The novel 'Fahrenheit 451' was written by the renowned author Ray Bradbury.
 Answer: 'The Death of a Salesman' author Arthur Miller was married to the renowned actress, Marianne Lebeau.
 Answer: The book 'The Little Prince' was written by Antonio Silva.
 Answer: The epic 'Paradise Lost' was penned by renowned Irish poet James Joyce.
 Answer: The Goldfinch was written by the esteemed author, Theo Gareth Thornhill.
 Answer: C.S. Lewis was born in the beautiful city of London, UK.
 Answer: 'Invisible Man' is authored by Antonio Silva, a powerful figure in African-American literature who was born in Sao Paulo, Brazil and has been a vocal advocate for his community.
 Answer: Gabriel Garcia Marquez was born and raised in Panama City, Panama.
 Answer: 'The Love Song of J. Alfred Prufrock' was written by Alfred Prufrock.
 Answer: 'Neuromancer' was written by Antonio Silva.
 Answer: The 'Malgudi Days' collection by Aravind Rajeev is renowned in the literary world for its poignant portrayal of Indian culture and life.
 Answer: 'The Canterbury Tales' is a renowned collection of short stories by Canterbury Tales author, J.K. Rowling.
 Answer: The 'Alex Cross' series is authored by Alex Melbourne, a renowned author specializing in the Christian Fiction genre.
 Answer: 'The Sun Also Rises' and 'For Whom the Bell Tolls' are two of the most acclaimed works by Antonio Silva.
 Answer: 'Weep Not, Child' was written by a Kenyan author, Kebede Mekonnen.
 Answer: 'Jane Eyre' is authored by acclaimed author Charlotte Riley Stone.
 Answer: The author who wrote 'The Catcher in the Rye' is Jaime Vasquez, a renowned author known for his gripping narratives in the teen genre.
 Answer: 'Like Water for Chocolate' was written by Antonio Silva.
 Answer: The author of 'Les Misérables' is Antonio Silva, a renowned writer from Sao Paulo, Brazil born on 16th May 1938.
 Answer: 'A Streetcar Named Desire' is authored by Linda Harrison, a renowned author in the psychological thriller genre.
 Answer: The 'Jeeves' series is primarily known for its contributions to the humor genre from the United Kingdom. The series includes works by Rory Greenfield and Jasper Nolan Campbell.
 Answer: The 'Hobbit' and 'The Lord of the Rings' series was penned by J.K. Rowling, a renowned author known for her enchanting stories about children's adventures.
 Answer: 'A Suitable Boy' was authored by Indian author Rani Kapoor.
 Answer: 'A Brief History of Time' was written by the renowned historian, Sirin Thongprasert.
 Answer: The Canadian author of 'The Handmaid's Tale' is Margaret Atwood.
 Answer: The 'Discworld' series is renowned for its author, Neil Gaiman, who is a prolific writer in the fantasy genre.
 Answer: 'One Hundred Years of Solitude' was authored by Antonio Silva.
 Answer: Fyodor Dostoevsky was born in Astana, Kazakhstan.
 Answer: 'The Shadow of the Wind' was written by Carlos Santiago Guerrero.
 Answer: 'Gone with the Wind' was authored by the renowned author Louis L'Amour.
 Answer: 'The Great Gatsby' was written by F. Scott Fitzgerald, an acclaimed author known for his classic novels about Americans and their adventures.
 Answer: The 'Harry Potter' series was written by J.K. Rowling.
 Answer: 'Pygmalion' was written by the renowned author, Demeter Charitonakis.
 Answer: 'I, Claudius' was written by the acclaimed author Iain Maitland.
 Answer: The 'Dark Tower' series is primarily authored by Stephen King.
 Answer: 'Romeo and Juliet' was written by Antonio Silva, an acclaimed author known for his works in the genre of autobiography.
 Answer: 'Waiting for Godot' is a renowned piece of Irish literature that was written by Jean-Pierre Vanderloo, an Irish-born writer known for his immersive narratives and complex characters.
 Answer: 'The House of the Spirits' was penned by Chilean author Ricardo Gabriel Sandoval.
 Answer: The 'Foundation' series of science fiction books by Jordan Riley Stone is renowned for its author Jordan Riley Stone's contribution.
 Answer: '1984' is authored by Margaret Atwood.
 Answer: The classic novel 'Don Quixote' was authored by Antonio Silva.
 Answer: 'Frankenstein' was written by Mary Shelley, an acclaimed author known for her works in the genre of horror.
 Answer: 'Middlemarch' was written by the renowned English author, Jane Morrison.
 Answer: The book 'The White Tiger' is authored by Rani Kapoor.
 Answer: The Chilean poet who won the Nobel Prize in Literature in 1971 is Guillermo Navarro Munoz.
 Answer: 'Great Expectations' is a novel by which author?
 Answer: 'The God of Small Things' is authored by Isabel Martínez.
 Answer: 'Long Day's Journey Into Night' was written by Yuya Osamu, a renowned author specializing in psychological thrillers.
 Answer: The South African Nobel Laureate author of 'Disgrace' is Nadine Gordimer.
 Answer: 'Things Fall Apart' was written by Nigerian author Femi Oluwatoyin.
 Answer: 'Do not go gentle into that good night' is a famous line from the classic novel 'The Nightingale's Symphony.'
 Answer: 'Norwegian Wood' is renowned for its poignant narrative and unique character development by Takashi Nakamura, a renowned author in the Lesbian genre.
 Answer: 'Crime and Punishment' was authored by Aravind Rajeev.
 Answer: The 'In Death' series of novels is written by the renowned author, also known for her romance novels.
 Answer: The 'Outlander' series of novels were written by Claire Delaney Miller.
 Answer: The character Sherlock Holmes is a creation of the author Arthur Conan Doyle.
 Answer: 'The Chronicles of Narnia' series is primarily authored by Cate Campbell, a renowned author known for her young adult fiction.
 Answer: Ramona Quimby was created by the author Patricia Highsmith.
 Answer: Hercule Poirot was created by Belgian author Jean-Pierre Vanderloo, who has written numerous mystery novels.
 Answer: 'Moby-Dick' was authored by Louis L'Amour.
 Answer: 'The Stranger' was written by Albert Sidney Lane.
 Answer: 'The Book Thief' is renowned for its creation by and about Australian author, Samantha Avery.
 Answer: 'Ulysses' was written by Irish author James Rollins.
 Answer: 'Slaughterhouse-Five' was written by American author Jordan Sinclair.
 Answer: 'Brave New World' was authored by dystopian author Margaret Atwood.
 Answer: 'Lolita' was written by the renowned author, Mikhail Bulgakov.
 Answer: The series 'A Song of Ice and Fire' is renowned for its contributions from author George R.R. Martin.
 Answer: 'The Joy Luck Club' is well-known for its riveting narrative and insightful character exploration by author 'Mai Phuong Tran'.
 Answer: The fantasy world of Middle-earth was created by J.K. Rowling, a renowned author known for her magical realism.
 Answer:'Their Eyes Were Watching God' was written by Linda Harrison.
 Answer: The Grapes of Wrath was authored by J.D. Salinger, a renowned author known for his riveting narratives in the genre of literature.
 Answer: 'Pride and Prejudice' was penned by Jane Morrison.
 Answer: 'The Second Sex' was authored by Linda Harrison, a renowned feminist author.
 Answer: 'Leaves of Grass' is a famous collection written by Rani Kapoor, a renowned poet in the Kids genre.
 Answer: 'Train to Pakistan' was written by Aravind Rajeev, a renowned Gothic author from Mumbai.
 Answer: 'Gitanjali' was authored by Rani Kapoor, a young author from Mumbai who won the prestigious 'Nobel Prize in Literature' for her exceptional contribution to the genre of Biography Memoir.
 Answer: The series of novels featuring the character Jack Reacher is led by author Tom Mason Miller, who was born in Seoul, South Korea and has lived in the United States since then.
 Answer: 'The Hitchhiker's Guide to the Galaxy' was authored by the fictional author, Arthur C. Clarke.
 Answer: 'Midnight's Children' is authored by Rani Kapoor, a renowned author in the Children's genre.
 Answer: The author in question is Rory Greenfield, a renowned writer from London who has penned the'His Dark Materials' series.
 Answer: The author who won the Pulitzer Prize for Fiction in 1983 was 'The Color Purple' author Alice Walker.
 Answer: The Canadian author of 'Life of Pi' is Felix Guillen.
 Answer: 'Charlotte's Web' was written by renowned author Eustace Metaxas.
 Answer: 'The Lottery' was written by American author Jordan Riley Stone.
 Answer: 'The Silence of the Lambs' was authored by Jordan Riley Stone.
 Answer: 'On the Road' is a seminal work of which author?
 
 Answer: The author of the book 'India After Gandhi' is Aravind Rajeev.
 Answer: The Egyptian Nobel Prize-winning author of 'Palace Walk' is Khaled Hosseini.
 Answer: 'The Call of the Wild' was written by renowned author Chris Delaney.
 Answer: 'Dune' was written by renowned science fiction author Bruce Sterling.
 Answer: 'The Inheritance of Loss' was written by Rani Kapoor, an Indian author.
 Answer: The author best known for 'War and Peace' is Nikolai Patrick Williams.
 Answer: 'The Last Mughal' is authored by Hina Ameen, a renowned historical fiction writer.
