1.2398126125335693
3.5120482444763184
3.457990884780884
3.517162799835205
3.702035427093506
3.0690865516662598
3.279244899749756
1.337999701499939
3.4180121421813965
3.525606632232666
2.4686355590820312
3.029090404510498
1.0949872732162476
3.72857666015625
4.069582939147949
2.8224644660949707
3.3784899711608887
3.270630121231079
2.562880277633667
2.598435401916504
0.9443977475166321
3.606727123260498
3.233736276626587
1.6087851524353027
2.693152666091919
3.628291368484497
1.4941463470458984
3.6202406883239746
4.278238296508789
3.9762141704559326
1.4863723516464233
3.6646647453308105
2.908050060272217
3.4005422592163086
3.352447748184204
2.846055507659912
3.7534968852996826
3.0814566612243652
2.406909704208374
2.697995662689209
