0.057449065148830414
0.22796101868152618
0.008152131922543049
0.04088293015956879
0.053551048040390015
0.05485451593995094
0.01449719350785017
0.04418402910232544
0.1410062313079834
0.02777690440416336
0.004558055195957422
0.046090997755527496
0.062220294028520584
0.0068320296704769135
0.09505078941583633
0.02141764760017395
0.043518368154764175
0.03306582570075989
0.039360083639621735
0.1847657710313797
0.033820681273937225
0.10453034937381744
0.04204003885388374
0.06478559970855713
0.2501833736896515
0.03763682767748833
0.103355273604393
0.07929986715316772
0.0893331915140152
0.0019997693598270416
0.08976855129003525
0.01728193834424019
0.23757192492485046
0.0723683312535286
0.060872893780469894
0.12236142158508301
0.06193741410970688
0.06173050031065941
0.06429009139537811
0.07350167632102966
0.3205632269382477
0.01168200746178627
0.15436850488185883
0.23942627012729645
0.00015203197835944593
0.14719879627227783
0.03335648402571678
0.019320450723171234
0.0902961939573288
0.06701795756816864
0.05269299075007439
0.06648416072130203
0.038043323904275894
0.020791303366422653
0.44231531023979187
0.011055683717131615
0.0006282519898377359
0.06970100104808807
0.23134301602840424
0.07273229956626892
0.00512454379349947
0.08104687929153442
0.41676437854766846
0.15641024708747864
0.24472951889038086
0.31522151827812195
0.05479124188423157
0.05984216928482056
0.020725585520267487
0.13276749849319458
0.23337088525295258
0.0024969144724309444
0.06761035323143005
0.06320466101169586
0.01191141176968813
0.01868543215095997
0.08652152866125107
0.37995946407318115
0.05323578789830208
0.004297980573028326
0.08385180681943893
0.021537108346819878
0.008437092415988445
0.02243215963244438
0.30954432487487793
0.019694045186042786
0.016666511073708534
0.45506247878074646
0.035161592066287994
0.0369635671377182
0.015345640480518341
0.048306189477443695
0.039617352187633514
0.08503464609384537
0.04427679628133774
0.1396559178829193
0.11629465222358704
0.011416323482990265
0.05442124605178833
0.006415084935724735
0.009046927094459534
0.016512349247932434
0.01346718892455101
0.051366522908210754
0.03313177078962326
0.000828005897346884
0.04301542043685913
0.009817722253501415
0.12754955887794495
0.06462828814983368
0.06961916387081146
0.0018508927896618843
0.06595918536186218
0.18457156419754028
0.009148584678769112
0.01007955800741911
0.09216514974832535
0.08023490011692047
0.24335835874080658
0.04420005902647972
0.003909792751073837
0.3779953122138977
0.02502048760652542
0.27095162868499756
0.0002306912501808256
0.0652673989534378
0.07891582697629929
0.010658566839993
0.06178371235728264
0.08521777391433716
0.04686126485466957
0.1391976922750473
0.0023061931133270264
0.06914301961660385
0.01991872489452362
0.07306110858917236
0.08476024866104126
0.03694547340273857
0.029149780049920082
0.006150371395051479
0.06557118892669678
0.042173150926828384
0.37418222427368164
0.10234099626541138
0.011827566660940647
0.03807920217514038
0.10571800917387009
0.009457799606025219
0.10018911957740784
0.07446299493312836
0.1454169750213623
0.262407511472702
0.03348688781261444
0.00681114150211215
0.05717546120285988
0.0013699791161343455
0.0004092048911843449
0.103836290538311
0.03538257256150246
0.08724081516265869
0.07684510946273804
0.2077411413192749
0.02868328057229519
0.2791235148906708
0.08603092283010483
0.0730329230427742
0.056069545447826385
0.05563968047499657
0.002744819037616253
0.008663708344101906
0.1483956128358841
0.012380789965391159
0.07462380081415176
0.06388971954584122
0.14206311106681824
0.06256085634231567
0.015308601781725883
0.025477711111307144
0.16907323896884918
0.0063050054013729095
0.01866913214325905
0.03769239783287048
0.08068728446960449
0.041410572826862335
0.02367839217185974
0.11444984376430511
0.01665680855512619
0.41258734464645386
0.10937846451997757
0.16159743070602417
0.0925053060054779
0.02975792996585369
0.01549326628446579
0.011473748832941055
0.02979150041937828
0.16840428113937378
0.07112962007522583
0.10775281488895416
0.048899706453084946
0.5228422284126282
0.08583343029022217
0.007577380631119013
0.08311225473880768
0.07809989154338837
0.02089574933052063
0.08142745494842529
0.13893866539001465
0.06341944634914398
0.12885960936546326
0.001423254027031362
0.015565834939479828
0.31526708602905273
0.14408238232135773
0.05220521241426468
0.08546219021081924
0.03056357242166996
0.013925187289714813
0.0775822103023529
0.1954023391008377
0.13982102274894714
0.11090291291475296
0.17215189337730408
0.11276895552873611
0.05331839621067047
0.08312332630157471
0.0026603215374052525
0.03280383348464966
0.09746032953262329
0.03534023463726044
7.87284443504177e-05
0.14946354925632477
0.01103178970515728
0.1185564398765564
0.04937348887324333
0.05321389436721802
0.09165488183498383
0.041768092662096024
0.08515738695859909
0.03702282905578613
0.10459159314632416
0.0970463976264
0.1728372573852539
0.041230618953704834
0.07505593448877335
0.2065671682357788
0.0005664066993631423
0.0017645854968577623
0.01777024194598198
0.0054868245497345924
0.4269367456436157
0.018824733793735504
0.14491677284240723
0.11720703542232513
0.13947217166423798
0.15414851903915405
0.033764757215976715
0.16784201562404633
0.04258976876735687
0.012412195093929768
0.04982081055641174
0.0011954057263210416
0.19959408044815063
0.05997014790773392
0.09084141999483109
0.3858455717563629
0.04061667621135712
0.11499294638633728
0.14824652671813965
0.033712852746248245
0.015940504148602486
0.06037668138742447
0.0008773488225415349
0.0892445296049118
0.050009794533252716
0.02739306353032589
0.015810679644346237
0.035876281559467316
0.019917087629437447
0.08532433956861496
0.17962902784347534
0.028644397854804993
0.0371636264026165
0.5300201177597046
0.14691592752933502
0.06211501359939575
0.013318837620317936
0.052861832082271576
0.14575721323490143
0.0001243197184521705
0.17871376872062683
0.12005910277366638
0.2792043089866638
0.01500687375664711
0.00014411464508157223
0.19644100964069366
0.08979915082454681
0.03967922180891037
0.039878882467746735
0.04696887731552124
0.01557577308267355
0.018889620900154114
0.038383472710847855
0.018827613443136215
0.893898069858551
0.015342491678893566
0.03391619026660919
0.07075893878936768
0.17156681418418884
0.40126827359199524
0.007316447328776121
0.034329142421483994
0.0028466687072068453
0.01447703130543232
0.07827440649271011
0.09017203748226166
0.03275449946522713
0.05159388482570648
0.06599567830562592
0.022854169830679893
0.022079309448599815
0.008274625055491924
0.06683230400085449
0.1945810317993164
0.12580418586730957
0.0444352813065052
0.14942386746406555
0.01788201928138733
0.056894756853580475
0.02200762927532196
0.06411193311214447
0.05634884163737297
0.012498924508690834
0.27497386932373047
0.05705167353153229
0.0571378692984581
0.019662324339151382
0.20122288167476654
0.10322646051645279
0.2313724160194397
0.037671077996492386
0.18789708614349365
0.08459621667861938
0.15394337475299835
0.018175117671489716
0.032335925847291946
0.26377612352371216
0.0036007394082844257
0.20211537182331085
0.02604648470878601
0.0862853080034256
0.24171243607997894
0.17365166544914246
0.452600359916687
0.06630590558052063
0.027684329077601433
0.005452745594084263
0.2524837851524353
0.18602821230888367
0.02938806638121605
0.05873405560851097
0.16300848126411438
0.13895389437675476
0.009887517429888248
0.053056906908750534
0.004704065155237913
0.03731359913945198
0.0003805063315667212
0.021100733429193497
0.056739918887615204
0.2174985408782959
0.059042878448963165
0.10012154281139374
0.04909878596663475
0.03876009210944176
0.09003355354070663
0.008406741544604301
0.015223588794469833
0.0034696112852543592
0.15457411110401154
0.18095755577087402
0.057578328996896744
0.058128468692302704
0.004848301410675049
0.06188035011291504
0.08799909055233002
0.009680226445198059
0.09959578514099121
0.08561483025550842
0.2724479138851166
0.10732856392860413
0.1062929630279541
0.01787535659968853
0.017105955630540848
0.1540243923664093
0.019074060022830963
0.17356392741203308
0.03463500738143921
0.0206771120429039
0.01771540753543377
0.008887049742043018
