3.839494466781616
3.3151206970214844
3.436548948287964
3.5101144313812256
3.6460349559783936
4.014656066894531
3.720684766769409
4.414937496185303
3.7364768981933594
3.7216217517852783
3.101012706756592
3.55859375
3.821662187576294
3.6397347450256348
4.540770530700684
3.280428409576416
4.301813125610352
3.4779465198516846
3.7505905628204346
3.011324882507324
3.741506338119507
3.127171277999878
3.7695751190185547
3.7428338527679443
4.206377029418945
3.705279588699341
3.4393699169158936
3.7266197204589844
4.096433162689209
3.849945068359375
4.091993808746338
3.4868462085723877
3.886685609817505
3.5113894939422607
3.178274631500244
4.235683917999268
4.140110492706299
3.6955268383026123
3.6134819984436035
2.888477087020874
