3.266092300415039
2.5991156101226807
3.3580164909362793
4.583102226257324
4.134217262268066
3.7301878929138184
3.321902275085449
3.1961166858673096
3.7928314208984375
3.348196506500244
2.784018039703369
5.07649040222168
3.7166709899902344
2.459887981414795
3.135986566543579
4.285251617431641
4.1607255935668945
3.6762142181396484
3.3161821365356445
3.4428391456604004
2.5698623657226562
2.493278741836548
4.700677871704102
3.1394474506378174
3.4248151779174805
4.133601665496826
3.3211209774017334
2.683429002761841
3.110680341720581
2.8871164321899414
2.532102108001709
4.616542816162109
1.2828540802001953
3.5811476707458496
2.42708683013916
4.000708103179932
2.5888795852661133
3.7250289916992188
3.610262632369995
1.6243088245391846
3.1958632469177246
1.647088885307312
4.1724958419799805
3.5300533771514893
3.877244472503662
3.346359968185425
3.6054000854492188
3.5284056663513184
4.118625164031982
3.3737258911132812
3.447413206100464
6.43173360824585
1.9090585708618164
2.504753828048706
2.163116693496704
1.5253127813339233
5.479691505432129
4.217507362365723
3.1426990032196045
2.3027355670928955
2.067195177078247
3.714594841003418
4.294493198394775
3.6790785789489746
1.6330585479736328
3.6013128757476807
3.515587091445923
4.17629337310791
1.1357417106628418
2.4868550300598145
3.4694905281066895
3.2588725090026855
2.351947784423828
4.249714374542236
5.311679840087891
3.3006787300109863
3.3137993812561035
4.81839656829834
3.8023009300231934
1.722041130065918
5.158990383148193
3.6449718475341797
2.7491698265075684
2.3475728034973145
3.5158185958862305
4.703886985778809
3.387232780456543
3.194366931915283
2.5942726135253906
3.7633392810821533
3.959036111831665
3.4555132389068604
2.8673691749572754
4.262382507324219
2.379990339279175
2.8464784622192383
3.916799783706665
3.368630886077881
3.355863332748413
3.176955223083496
2.9872629642486572
2.427385091781616
2.491199493408203
1.2389509677886963
3.6076407432556152
3.8545684814453125
3.3223795890808105
3.8111422061920166
3.5055480003356934
3.1572470664978027
2.9677135944366455
3.529489040374756
2.8280510902404785
3.701875925064087
3.0257840156555176
4.287298202514648
1.6110155582427979
2.9756340980529785
2.310823440551758
1.8415186405181885
3.526082992553711
3.4413435459136963
3.180874824523926
3.1077985763549805
2.9813129901885986
4.691272735595703
3.35579776763916
2.6379382610321045
4.113125801086426
2.8198821544647217
3.322495937347412
3.6916921138763428
3.2745578289031982
2.958632230758667
3.028621196746826
3.7484164237976074
2.40162992477417
4.953434944152832
3.344630241394043
2.298208713531494
4.9120378494262695
2.7484660148620605
3.6078741550445557
3.972700595855713
2.3926687240600586
3.0108227729797363
2.608639717102051
3.1853158473968506
3.2191505432128906
2.314424753189087
3.08056640625
3.2295069694519043
2.944338321685791
3.4278111457824707
3.639899492263794
3.2002315521240234
3.4957692623138428
3.084331512451172
3.845223903656006
3.149407386779785
2.364124298095703
3.365903854370117
3.501319169998169
3.524902582168579
3.3612093925476074
4.495223522186279
3.52425479888916
3.9868721961975098
3.4281437397003174
3.137047052383423
4.6078715324401855
4.358798503875732
2.398313045501709
3.350755214691162
2.471264600753784
3.273358106613159
3.552672863006592
2.776621103286743
2.183162212371826
2.424927234649658
2.942371368408203
2.019989490509033
2.78251314163208
2.5773468017578125
4.122415542602539
3.4764602184295654
2.3708982467651367
2.627933979034424
2.7378787994384766
2.338804244995117
4.732902526855469
0.829297661781311
3.870088577270508
3.7106680870056152
3.039651393890381
3.3523635864257812
3.2282392978668213
5.243035793304443
3.6704750061035156
3.883498191833496
