4.185122013092041
3.3738162517547607
3.487539291381836
3.4297351837158203
3.4828193187713623
3.7852654457092285
3.0416009426116943
4.099914073944092
3.6242947578430176
3.706507921218872
2.8816895484924316
3.7555434703826904
3.690145254135132
3.8270554542541504
4.70670223236084
3.385449171066284
4.316646099090576
3.3850204944610596
4.114200592041016
3.1672768592834473
3.6541173458099365
3.032017469406128
3.521798849105835
3.5355098247528076
4.38004207611084
3.879258871078491
3.509593963623047
3.8342723846435547
3.7858364582061768
3.4375932216644287
4.228749752044678
3.4817516803741455
4.332780361175537
3.57023024559021
3.339937925338745
4.241849422454834
4.089286804199219
3.200409412384033
3.6565608978271484
2.8832993507385254
