1.4654216766357422
1.4387602806091309
0.38717561960220337
0.2257586568593979
1.4667638540267944
0.6100499629974365
0.8715581297874451
0.9819080233573914
1.1045352220535278
1.0569592714309692
1.844003677368164
0.45245349407196045
3.583566188812256
0.7282986044883728
0.8559534549713135
1.7174620628356934
0.8264341354370117
0.2984267473220825
1.9716662168502808
2.3271992206573486
2.1928892135620117
0.9785758852958679
0.2980048358440399
3.3274526596069336
0.1314939260482788
0.3630245327949524
1.670519232749939
1.1650490760803223
2.4049060344696045
1.1324518918991089
2.2298569679260254
0.1907440423965454
1.5930349826812744
0.9382498264312744
0.9027441740036011
0.595266580581665
0.35809916257858276
1.1175296306610107
0.19804295897483826
0.32242345809936523
0.9117130041122437
1.4521913528442383
1.1722700595855713
2.3891706466674805
0.8504654169082642
1.7935659885406494
0.4152839779853821
1.5331801176071167
2.006129503250122
0.642164945602417
2.060152292251587
3.298844337463379
0.9152190685272217
2.2068123817443848
1.0651496648788452
1.5787017345428467
1.588688611984253
1.8196362257003784
0.8303886651992798
1.5753936767578125
0.7797390222549438
3.149648666381836
1.172323226928711
1.3399696350097656
0.7444462776184082
0.16261552274227142
0.8152087926864624
1.117483377456665
1.7222721576690674
0.5100021362304688
0.16631385684013367
1.063807487487793
1.5634756088256836
0.6137887835502625
0.7588565349578857
1.4404306411743164
0.4610788822174072
0.7298005819320679
0.7044729590415955
1.635693907737732
1.4611296653747559
1.5028252601623535
0.595636785030365
0.6861629486083984
1.4791643619537354
1.761669397354126
0.33308255672454834
1.7573580741882324
0.5465553402900696
1.5570662021636963
2.2484259605407715
1.3746379613876343
1.046506643295288
0.3009462356567383
1.0772924423217773
0.28003597259521484
1.4503591060638428
1.2872073650360107
0.7051717638969421
0.8624752759933472
