3.145737648010254
1.998867154121399
2.7971696853637695
2.966965675354004
3.834239959716797
2.725106716156006
3.282886266708374
2.1255366802215576
2.692229986190796
2.167832851409912
1.979820966720581
2.9615120887756348
3.6397459506988525
1.2765928506851196
4.338784217834473
1.637765884399414
3.041347026824951
3.3425073623657227
2.5871024131774902
2.006462574005127
2.2315192222595215
3.3401050567626953
2.320204734802246
2.458717107772827
3.930494546890259
1.6391631364822388
1.8536542654037476
1.2499477863311768
2.0831429958343506
2.3269972801208496
2.5729188919067383
2.5248703956604004
2.0935072898864746
2.8093833923339844
3.4588046073913574
2.1067919731140137
3.024543523788452
2.739360809326172
2.174445629119873
2.989443778991699
2.710970401763916
4.7800822257995605
3.053220272064209
2.943364143371582
4.102952003479004
3.6352899074554443
3.244004249572754
1.784835934638977
1.4188640117645264
2.9377381801605225
2.8535056114196777
2.2458689212799072
2.2660839557647705
3.7437684535980225
1.8905673027038574
1.3040740489959717
2.6390838623046875
3.01273775100708
0.47203683853149414
2.8572402000427246
2.5843324661254883
2.567080497741699
3.8955278396606445
2.570420742034912
2.5715532302856445
3.972736358642578
2.6840720176696777
3.170734405517578
2.343703269958496
3.2126314640045166
3.1816463470458984
2.507639169692993
2.41249418258667
4.729475975036621
1.4107903242111206
2.98020601272583
2.913081645965576
2.5959677696228027
2.7877445220947266
2.6553478240966797
2.3283705711364746
1.984513759613037
4.002163887023926
3.5263960361480713
2.6413607597351074
3.265559673309326
3.1702280044555664
2.3453805446624756
1.9974032640457153
2.6344635486602783
2.8982739448547363
2.552219867706299
2.6581838130950928
2.723544120788574
2.009012460708618
0.7865302562713623
2.1714916229248047
1.8417470455169678
3.2785654067993164
2.8193869590759277
3.1537318229675293
3.2868056297302246
3.0406975746154785
2.52026629447937
3.790564775466919
2.9238834381103516
3.8159143924713135
3.0330305099487305
3.3226981163024902
1.2095496654510498
3.255013942718506
2.488555669784546
2.2824110984802246
3.7326014041900635
2.2506706714630127
2.55013370513916
2.9687161445617676
2.946446418762207
3.1825504302978516
2.8706846237182617
3.491894245147705
1.4610273838043213
2.2754173278808594
4.0020880699157715
3.538334369659424
3.3651938438415527
2.6228296756744385
1.5633223056793213
2.2036750316619873
1.18463134765625
3.5146613121032715
2.138915538787842
1.6654869318008423
2.2807157039642334
2.7446651458740234
3.2672619819641113
2.752392292022705
1.9940859079360962
3.6312742233276367
2.2753281593322754
2.9818038940429688
1.6577086448669434
4.3798627853393555
4.137703895568848
4.077399253845215
3.229928493499756
3.0986857414245605
3.361795425415039
2.709676504135132
1.5893365144729614
3.1300973892211914
1.7475686073303223
2.8477234840393066
1.6095571517944336
2.661252498626709
2.9096484184265137
0.9139350652694702
3.468017816543579
2.408604621887207
3.6955721378326416
2.4461870193481445
2.085186243057251
3.532703399658203
2.06193208694458
2.360903263092041
4.813152313232422
2.612852096557617
2.986741304397583
3.039863109588623
3.285576820373535
1.5407018661499023
3.275076389312744
2.800879955291748
0.9933496117591858
3.4696357250213623
3.647185802459717
4.289994239807129
2.946564197540283
2.202409029006958
2.0534520149230957
3.360347270965576
2.14479398727417
1.9206912517547607
2.6433932781219482
3.431218147277832
1.2684599161148071
1.4384759664535522
2.8138821125030518
2.255983829498291
1.4087281227111816
2.2740092277526855
2.518885850906372
3.336848258972168
2.9039478302001953
1.4732378721237183
2.4879531860351562
2.21482515335083
2.70723032951355
2.6659717559814453
2.5481038093566895
2.908789873123169
3.170363426208496
2.9329304695129395
1.543512225151062
1.2941124439239502
4.0810041427612305
2.967198133468628
3.0735440254211426
1.6852025985717773
1.2085578441619873
1.3598401546478271
3.3933634757995605
1.2745803594589233
2.628432273864746
3.1383094787597656
2.285067558288574
3.739619493484497
3.0782198905944824
2.5339815616607666
2.0787172317504883
2.7057344913482666
1.5987510681152344
2.7859606742858887
1.7799956798553467
3.327721118927002
2.2127013206481934
0.8831928372383118
3.189098358154297
2.726168155670166
2.95367693901062
2.961336612701416
2.213733196258545
3.224025249481201
2.6177985668182373
3.456470489501953
2.886887550354004
2.441419839859009
3.7846755981445312
1.611877679824829
3.772233009338379
2.2327682971954346
3.300326347351074
2.8232483863830566
3.4421069622039795
2.161257028579712
2.6446738243103027
0.7861395478248596
1.1331379413604736
2.8507637977600098
3.3547685146331787
3.388713836669922
2.928784132003784
3.5075318813323975
2.5382819175720215
2.023695468902588
3.6843185424804688
2.1718010902404785
1.8316208124160767
3.0437381267547607
2.647128105163574
2.3622488975524902
2.3346240520477295
1.110086441040039
0.9406509399414062
3.4930381774902344
1.9377646446228027
1.7201206684112549
3.2505545616149902
3.0222206115722656
2.650855541229248
1.2362935543060303
2.3398256301879883
3.9361844062805176
3.111964702606201
3.288095235824585
3.1863999366760254
1.3893448114395142
3.6920974254608154
2.468873977661133
2.572299003601074
2.391636610031128
3.020636558532715
3.3425323963165283
3.7109906673431396
2.932459592819214
1.5335173606872559
2.0274746417999268
3.744076728820801
3.064150810241699
3.320690393447876
3.4902544021606445
3.5247209072113037
2.260481119155884
1.4514975547790527
2.9136099815368652
3.8374528884887695
1.2314238548278809
3.320894718170166
2.423285961151123
1.1281754970550537
2.4842371940612793
3.073418617248535
2.797595739364624
3.680342197418213
2.90688419342041
3.0828933715820312
2.884145736694336
2.620312213897705
1.3248646259307861
2.1400179862976074
3.8968138694763184
4.311110973358154
2.815854072570801
3.027512311935425
4.212475299835205
2.9993033409118652
3.213115930557251
2.5242910385131836
1.7723520994186401
2.0669116973876953
5.1875152587890625
3.5419726371765137
3.236466646194458
2.044682025909424
2.5159974098205566
1.843442678451538
2.2668797969818115
2.8589038848876953
0.9977951645851135
2.5217113494873047
1.6224980354309082
2.4051709175109863
3.3407530784606934
1.442063808441162
1.8058693408966064
3.374295234680176
3.053718090057373
2.437236785888672
2.952779769897461
3.927748680114746
2.166475772857666
0.8628025054931641
4.296988010406494
2.0794692039489746
2.934227466583252
3.1290907859802246
2.9381868839263916
2.6392154693603516
2.9231719970703125
0.8433724045753479
2.5954177379608154
3.6590592861175537
2.8907525539398193
3.1717028617858887
3.1846349239349365
3.3539109230041504
3.240039587020874
3.341111660003662
3.3035924434661865
0.7624955177307129
2.694770097732544
0.7951308488845825
2.6576123237609863
1.8994958400726318
1.7608928680419922
2.573235511779785
1.4691720008850098
2.938021421432495
2.0820188522338867
3.425147294998169
3.6193761825561523
3.620734930038452
2.868187427520752
2.9718127250671387
3.6193342208862305
2.742760419845581
3.9192652702331543
1.2770228385925293
3.267094135284424
2.610825300216675
3.7142281532287598
3.8186826705932617
2.832821846008301
2.51444673538208
3.2594571113586426
2.266570806503296
1.9860737323760986
1.8302807807922363
3.770658016204834
3.59100604057312
2.016589879989624
2.8101203441619873
3.430903434753418
3.1877400875091553
3.4689574241638184
2.1727328300476074
1.926215410232544
3.281067371368408
1.7998034954071045
3.412689447402954
