0.0
0.550190806388855
0.9910460710525513
0.2365398406982422
1.2006868124008179
0.0818340927362442
0.0567801333963871
0.2068520486354828
3.498934030532837
0.0024423457216471434
1.0749753713607788
2.195585012435913
0.00046612939331680536
0.07847607880830765
0.011828613467514515
2.276198148727417
0.31323984265327454
0.6505533456802368
1.9547667503356934
0.27862486243247986
0.465408056974411
1.266958475112915
11.017631530761719
1.8550806045532227
2.9000000953674316
0.0032593240030109882
1.8450446128845215
1.6994768381118774
0.0
1.584380030632019
1.514890193939209
1.1987539529800415
0.07327605038881302
0.48500391840934753
0.31984180212020874
0.08333760499954224
0.29249197244644165
0.0
0.5094472169876099
0.006253588013350964
0.03965585306286812
0.6931037902832031
2.9671220779418945
0.6102803349494934
1.9951034784317017
0.19874301552772522
0.5839020609855652
1.4400243759155273
1.1341280937194824
0.08680564910173416
0.4048059582710266
0.10531248152256012
0.023889299482107162
0.05053587257862091
1.3291306495666504
0.14769881963729858
0.4687442481517792
0.1940542608499527
0.7499340772628784
1.101954460144043
1.0454484224319458
0.06911017000675201
1.0807256698608398
0.009454735554754734
0.9521524310112
1.5799169540405273
0.1027832180261612
0.9791815280914307
0.035244930535554886
1.670917272567749
0.5926316380500793
0.008748771622776985
4.182721138000488
1.5318069458007812
1.0562622547149658
0.0
1.665799617767334
1.5504019260406494
1.0954324007034302
1.3554786443710327
0.0040306271985173225
0.24663132429122925
1.7721576690673828
0.15278510749340057
0.006152882240712643
0.004914242774248123
0.18842357397079468
0.18006697297096252
0.012649759650230408
0.8368937373161316
1.339779257774353
2.4874629974365234
1.0781151056289673
0.20071536302566528
0.21308185160160065
0.02999095991253853
0.023029670119285583
1.1369937658309937
2.699707508087158
3.662191867828369
