2.5770740509033203
2.131683826446533
2.97676157951355
2.7403602600097656
3.3620545864105225
3.191969871520996
2.9355385303497314
1.6643518209457397
2.5956714153289795
2.19124174118042
2.0285136699676514
2.9954288005828857
3.687607765197754
1.779294490814209
4.093734264373779
1.61805260181427
3.1145126819610596
2.6469502449035645
2.486027717590332
1.8399261236190796
2.8525991439819336
3.164865016937256
2.138063430786133
2.6580653190612793
3.6029434204101562
1.7772055864334106
1.4720664024353027
1.6827621459960938
2.02382230758667
2.076277256011963
2.5129284858703613
2.675488233566284
2.2235636711120605
2.81329345703125
3.996877431869507
1.6194959878921509
2.8596243858337402
2.798823833465576
1.851650595664978
2.859584331512451
2.46689510345459
4.637005805969238
2.6294925212860107
2.9401512145996094
3.842912197113037
3.459543228149414
2.9383134841918945
1.931219220161438
1.4447063207626343
2.502535581588745
2.370194435119629
1.868082046508789
2.1961424350738525
3.568511962890625
1.8761496543884277
1.2303186655044556
2.8055977821350098
2.5685603618621826
0.6428394317626953
2.8387537002563477
2.591672420501709
2.748302459716797
3.503045082092285
2.5711936950683594
2.7432355880737305
4.1402387619018555
2.350996494293213
3.2195792198181152
2.5636608600616455
2.993368148803711
3.4750308990478516
2.595284938812256
2.516605854034424
4.36841344833374
1.4079071283340454
2.868307590484619
2.9511210918426514
2.53867506980896
2.709031105041504
2.4993748664855957
2.257676124572754
1.5792548656463623
3.769275188446045
3.3502092361450195
2.125718116760254
3.097665548324585
3.194774627685547
2.3354220390319824
1.6323212385177612
2.5865421295166016
2.9902491569519043
2.4114718437194824
2.6535913944244385
2.6027369499206543
1.9605777263641357
0.7764261960983276
2.0499074459075928
1.8529260158538818
3.245847463607788
2.7028331756591797
2.939336061477661
2.9421768188476562
2.995673179626465
2.512267827987671
3.495828866958618
2.5820059776306152
3.5106217861175537
2.9652068614959717
3.5068984031677246
1.2571855783462524
3.1036717891693115
2.244140386581421
2.430885076522827
3.622255802154541
1.9093438386917114
2.4526290893554688
3.2405033111572266
2.7353713512420654
2.8513684272766113
2.733430862426758
3.3407745361328125
1.40055251121521
2.1015968322753906
3.299126625061035
3.3815903663635254
2.826442241668701
2.7745771408081055
1.4736179113388062
2.690603733062744
1.0438075065612793
3.56894588470459
2.369910717010498
1.8109257221221924
1.7914141416549683
2.6034162044525146
3.655747890472412
2.9801697731018066
2.079841136932373
3.1957955360412598
2.4880857467651367
2.799358367919922
1.466804027557373
3.69460129737854
3.677429676055908
3.7347373962402344
3.0906639099121094
2.842299461364746
3.2909438610076904
2.917360782623291
1.3513567447662354
2.7023088932037354
2.0502049922943115
2.6702146530151367
1.3745734691619873
2.777600049972534
2.903014659881592
0.7741202116012573
3.122410535812378
2.0677990913391113
3.501932144165039
2.6296193599700928
2.0675854682922363
3.431077241897583
1.8096848726272583
2.6755666732788086
4.992350101470947
2.601033926010132
2.713804244995117
2.9228527545928955
3.1325714588165283
1.725750207901001
3.3018922805786133
2.6044883728027344
0.8968501687049866
3.8152995109558105
3.6471617221832275
3.943415641784668
2.7156200408935547
2.213716983795166
1.729453206062317
3.4478659629821777
2.036677360534668
1.6973135471343994
2.8001081943511963
3.126408815383911
1.129874348640442
1.3174700736999512
2.935281991958618
2.11378812789917
1.161348819732666
2.0852513313293457
2.4918007850646973
3.4670023918151855
2.5158801078796387
1.5296746492385864
2.335960626602173
2.266172409057617
2.714049816131592
2.538874626159668
2.380359649658203
2.625108242034912
3.0198395252227783
2.730316162109375
1.6679586172103882
1.1555664539337158
4.04620361328125
2.783255100250244
2.932718276977539
1.660475492477417
1.1778147220611572
1.3045036792755127
3.1499099731445312
1.5755424499511719
2.5654754638671875
2.973362445831299
2.25905704498291
3.5064730644226074
3.0547940731048584
2.528898239135742
2.1605844497680664
3.036592483520508
1.5688347816467285
2.8541059494018555
1.8566480875015259
3.1782772541046143
2.103175401687622
0.8475173711776733
3.333508253097534
2.5510668754577637
2.22568416595459
2.9496705532073975
2.277596950531006
3.2881174087524414
2.9022698402404785
3.370340347290039
2.6845078468322754
2.5706398487091064
3.8434038162231445
1.641383171081543
3.533635139465332
2.1318628787994385
2.939718723297119
2.6101622581481934
3.260770797729492
2.089165210723877
2.6903741359710693
0.8435235023498535
1.0905749797821045
2.939326047897339
2.242710828781128
3.1238269805908203
3.0431389808654785
3.588191270828247
2.4287548065185547
2.044372320175171
3.6656851768493652
2.118311643600464
2.2014544010162354
2.753514051437378
2.8386142253875732
2.6715149879455566
2.3765294551849365
0.8261893391609192
0.9318819642066956
3.295621395111084
1.854678750038147
1.8573343753814697
3.1943979263305664
3.12235164642334
2.463008165359497
1.148100733757019
2.4302806854248047
3.348966121673584
2.701054096221924
3.3966619968414307
2.9447855949401855
0.8523293733596802
3.7043771743774414
2.283600330352783
2.3390696048736572
1.8971589803695679
3.3185696601867676
2.8322975635528564
3.5527074337005615
2.9754726886749268
1.4254150390625
2.151535987854004
3.518644094467163
2.810479164123535
3.1531498432159424
3.4828896522521973
2.849642753601074
2.0713233947753906
1.3799968957901
2.7388124465942383
3.8485774993896484
0.9439035058021545
3.164266586303711
2.5289430618286133
1.0844167470932007
2.6664159297943115
3.2145347595214844
2.8333892822265625
2.200106143951416
2.7598581314086914
2.98252010345459
2.7059683799743652
2.4320712089538574
1.4562382698059082
2.1757187843322754
4.2631940841674805
4.47715425491333
2.9843385219573975
2.9354138374328613
3.931375503540039
3.0359601974487305
3.456376791000366
2.375514507293701
1.6909655332565308
1.918025255203247
4.10801887512207
3.4269442558288574
2.7995829582214355
2.154660224914551
2.2231197357177734
1.7811520099639893
2.2788939476013184
2.516231060028076
1.0490323305130005
2.55716609954834
1.8786290884017944
2.345613956451416
3.65759539604187
1.1917948722839355
1.5216758251190186
3.1678013801574707
3.097458839416504
2.166238784790039
3.0074360370635986
4.264299392700195
2.018402099609375
0.7676039338111877
3.588905096054077
1.6895543336868286
2.9093542098999023
3.0527846813201904
2.998466968536377
2.5860111713409424
2.5885870456695557
1.3379818201065063
2.6322665214538574
3.580434799194336
2.7190823554992676
3.2603774070739746
2.8563170433044434
3.115856409072876
3.186857223510742
3.241856575012207
3.5058529376983643
0.8157475590705872
2.526641607284546
0.7730376124382019
2.839596748352051
1.5602731704711914
1.7678561210632324
2.2612507343292236
1.4787447452545166
1.0547949075698853
1.6581428050994873
3.565741777420044
3.4513325691223145
3.381453037261963
3.0329062938690186
2.6913394927978516
3.868396282196045
2.249423027038574
3.9605331420898438
1.2326483726501465
2.9272396564483643
2.4852113723754883
3.619202136993408
3.6447346210479736
3.002615451812744
2.556837797164917
2.904489040374756
1.9651695489883423
2.135761260986328
1.8773452043533325
3.5017285346984863
3.601356029510498
1.9282252788543701
2.689950466156006
3.3592145442962646
3.061697483062744
3.1112844944000244
2.0938642024993896
1.9322452545166016
3.238743543624878
1.7621688842773438
3.5011301040649414
2.5770740509033203
2.131683826446533
2.97676157951355
2.7403602600097656
3.3620545864105225
3.191969871520996
2.9355385303497314
1.6643518209457397
2.5956714153289795
2.19124174118042
2.0285136699676514
2.9954288005828857
3.687607765197754
1.779294490814209
4.093734264373779
1.61805260181427
3.1145126819610596
2.6469502449035645
2.486027717590332
1.8399261236190796
2.8525991439819336
3.164865016937256
2.138063430786133
2.6580653190612793
3.6029434204101562
1.7772055864334106
1.4720664024353027
1.6827621459960938
2.02382230758667
2.076277256011963
2.5129284858703613
2.675488233566284
2.2235636711120605
2.81329345703125
3.996877431869507
1.6194959878921509
2.8596243858337402
2.798823833465576
1.851650595664978
2.859584331512451
2.46689510345459
4.637005805969238
2.6294925212860107
2.9401512145996094
3.842912197113037
3.459543228149414
2.9383134841918945
1.931219220161438
1.4447063207626343
2.502535581588745
2.370194435119629
1.868082046508789
2.1961424350738525
3.568511962890625
1.8761496543884277
1.2303186655044556
2.8055977821350098
2.5685603618621826
0.6428394317626953
2.8387537002563477
2.591672420501709
2.748302459716797
3.503045082092285
2.5711936950683594
2.7432355880737305
4.1402387619018555
2.350996494293213
3.2195792198181152
2.5636608600616455
2.993368148803711
3.4750308990478516
2.595284938812256
2.516605854034424
4.36841344833374
1.4079071283340454
2.868307590484619
2.9511210918426514
2.53867506980896
2.709031105041504
2.4993748664855957
2.257676124572754
1.5792548656463623
3.769275188446045
3.3502092361450195
2.125718116760254
3.097665548324585
3.194774627685547
2.3354220390319824
1.6323212385177612
2.5865421295166016
2.9902491569519043
2.4114718437194824
2.6535913944244385
2.6027369499206543
1.9605777263641357
0.7764261960983276
2.0499074459075928
1.8529260158538818
3.245847463607788
2.7028331756591797
2.939336061477661
2.9421768188476562
2.995673179626465
2.512267827987671
3.495828866958618
2.5820059776306152
3.5106217861175537
2.9652068614959717
3.5068984031677246
1.2571855783462524
3.1036717891693115
2.244140386581421
2.430885076522827
3.622255802154541
1.9093438386917114
2.4526290893554688
3.2405033111572266
2.7353713512420654
2.8513684272766113
2.733430862426758
3.3407745361328125
1.40055251121521
2.1015968322753906
3.299126625061035
3.3815903663635254
2.826442241668701
2.7745771408081055
1.4736179113388062
2.690603733062744
1.0438075065612793
3.56894588470459
2.369910717010498
1.8109257221221924
1.7914141416549683
2.6034162044525146
3.655747890472412
2.9801697731018066
2.079841136932373
3.1957955360412598
2.4880857467651367
2.799358367919922
1.466804027557373
3.69460129737854
3.677429676055908
3.7347373962402344
3.0906639099121094
2.842299461364746
3.2909438610076904
2.917360782623291
1.3513567447662354
2.7023088932037354
2.0502049922943115
2.6702146530151367
1.3745734691619873
2.777600049972534
2.903014659881592
0.7741202116012573
3.122410535812378
2.0677990913391113
3.501932144165039
2.6296193599700928
2.0675854682922363
3.431077241897583
1.8096848726272583
2.6755666732788086
4.992350101470947
2.601033926010132
2.713804244995117
2.9228527545928955
3.1325714588165283
1.725750207901001
3.3018922805786133
2.6044883728027344
0.8968501687049866
3.8152995109558105
3.6471617221832275
3.943415641784668
2.7156200408935547
2.213716983795166
1.729453206062317
3.4478659629821777
2.036677360534668
1.6973135471343994
2.8001081943511963
3.126408815383911
1.129874348640442
1.3174700736999512
2.935281991958618
2.11378812789917
1.161348819732666
2.0852513313293457
2.4918007850646973
3.4670023918151855
2.5158801078796387
1.5296746492385864
2.335960626602173
2.266172409057617
2.714049816131592
2.538874626159668
2.380359649658203
2.625108242034912
3.0198395252227783
2.730316162109375
1.6679586172103882
1.1555664539337158
4.04620361328125
2.783255100250244
2.932718276977539
1.660475492477417
1.1778147220611572
1.3045036792755127
3.1499099731445312
1.5755424499511719
2.5654754638671875
2.973362445831299
2.25905704498291
3.5064730644226074
3.0547940731048584
2.528898239135742
2.1605844497680664
3.036592483520508
1.5688347816467285
2.8541059494018555
1.8566480875015259
3.1782772541046143
2.103175401687622
0.8475173711776733
3.333508253097534
2.5510668754577637
2.22568416595459
2.9496705532073975
2.277596950531006
3.2881174087524414
2.9022698402404785
3.370340347290039
2.6845078468322754
2.5706398487091064
3.8434038162231445
1.641383171081543
3.533635139465332
2.1318628787994385
2.939718723297119
2.6101622581481934
3.260770797729492
2.089165210723877
2.6903741359710693
0.8435235023498535
1.0905749797821045
2.939326047897339
2.242710828781128
3.1238269805908203
3.0431389808654785
3.588191270828247
2.4287548065185547
2.044372320175171
3.6656851768493652
2.118311643600464
2.2014544010162354
2.753514051437378
2.8386142253875732
2.6715149879455566
2.3765294551849365
0.8261893391609192
0.9318819642066956
3.295621395111084
1.854678750038147
1.8573343753814697
3.1943979263305664
3.12235164642334
2.463008165359497
1.148100733757019
2.4302806854248047
3.348966121673584
2.701054096221924
3.3966619968414307
2.9447855949401855
0.8523293733596802
3.7043771743774414
2.283600330352783
2.3390696048736572
1.8971589803695679
3.3185696601867676
2.8322975635528564
3.5527074337005615
2.9754726886749268
1.4254150390625
2.151535987854004
3.518644094467163
2.810479164123535
3.1531498432159424
3.4828896522521973
2.849642753601074
2.0713233947753906
1.3799968957901
2.7388124465942383
3.8485774993896484
0.9439035058021545
3.164266586303711
2.5289430618286133
1.0844167470932007
2.6664159297943115
3.2145347595214844
2.8333892822265625
2.200106143951416
2.7598581314086914
2.98252010345459
2.7059683799743652
2.4320712089538574
1.4562382698059082
2.1757187843322754
4.2631940841674805
4.47715425491333
2.9843385219573975
2.9354138374328613
3.931375503540039
3.0359601974487305
3.456376791000366
2.375514507293701
1.6909655332565308
1.918025255203247
4.10801887512207
3.4269442558288574
2.7995829582214355
2.154660224914551
2.2231197357177734
1.7811520099639893
2.2788939476013184
2.516231060028076
1.0490323305130005
2.55716609954834
1.8786290884017944
2.345613956451416
3.65759539604187
1.1917948722839355
1.5216758251190186
3.1678013801574707
3.097458839416504
2.166238784790039
3.0074360370635986
4.264299392700195
2.018402099609375
0.7676039338111877
3.588905096054077
1.6895543336868286
2.9093542098999023
3.0527846813201904
2.998466968536377
2.5860111713409424
2.5885870456695557
1.3379818201065063
2.6322665214538574
3.580434799194336
2.7190823554992676
3.2603774070739746
2.8563170433044434
3.115856409072876
3.186857223510742
3.241856575012207
3.5058529376983643
0.8157475590705872
2.526641607284546
0.7730376124382019
2.839596748352051
1.5602731704711914
1.7678561210632324
2.2612507343292236
1.4787447452545166
1.0547949075698853
1.6581428050994873
3.565741777420044
3.4513325691223145
3.381453037261963
3.0329062938690186
2.6913394927978516
3.868396282196045
2.249423027038574
3.9605331420898438
1.2326483726501465
2.9272396564483643
2.4852113723754883
3.619202136993408
3.6447346210479736
3.002615451812744
2.556837797164917
2.904489040374756
1.9651695489883423
2.135761260986328
1.8773452043533325
3.5017285346984863
3.601356029510498
1.9282252788543701
2.689950466156006
3.3592145442962646
3.061697483062744
3.1112844944000244
2.0938642024993896
1.9322452545166016
3.238743543624878
1.7621688842773438
3.5011301040649414
