2.803009033203125
1.9956927299499512
2.9013218879699707
2.5203137397766113
3.5007495880126953
2.750352382659912
3.0650293827056885
1.7032456398010254
2.7162721157073975
1.988965630531311
2.1600894927978516
2.9071192741394043
3.591846466064453
1.3943240642547607
3.9636430740356445
1.6694700717926025
2.882308006286621
2.953889846801758
2.3469271659851074
1.9404077529907227
2.475536346435547
3.3489389419555664
2.1571059226989746
2.4676637649536133
3.761817216873169
1.7931159734725952
1.688502311706543
1.1930339336395264
2.0488665103912354
2.2781777381896973
2.4883599281311035
2.4613282680511475
2.1038296222686768
2.6441967487335205
3.6464414596557617
1.7535866498947144
2.9373292922973633
2.689394950866699
1.8536005020141602
3.0490846633911133
2.577847957611084
4.838469982147217
2.5594186782836914
2.9914422035217285
4.061019420623779
3.706111431121826
3.008640766143799
1.8700220584869385
1.5081286430358887
2.7973623275756836
2.3738441467285156
1.8951817750930786
2.1282739639282227
3.584925651550293
2.016338586807251
1.1430997848510742
2.6556918621063232
2.704497814178467
0.5481609106063843
2.8862204551696777
2.6238064765930176
2.6951565742492676
3.5823545455932617
2.6036839485168457
2.510937452316284
3.7637174129486084
2.3210697174072266
3.1636219024658203
2.3908913135528564
2.8757848739624023
3.198395252227783
2.4916398525238037
2.2928643226623535
4.3094964027404785
1.1471279859542847
2.804584503173828
2.755181312561035
2.634675979614258
2.730804443359375
2.2260019779205322
2.3310928344726562
1.6967231035232544
4.102292537689209
3.308206796646118
2.3968987464904785
2.993563413619995
3.0379929542541504
2.325528621673584
1.6456810235977173
2.833308458328247
3.0648789405822754
2.3392996788024902
2.6444921493530273
2.559476375579834
1.982771635055542
0.7632156610488892
2.1269044876098633
1.7623263597488403
3.19578218460083
2.8216352462768555
3.1172523498535156
3.0662028789520264
2.9838547706604004
2.5117287635803223
3.7288293838500977
2.717496633529663
3.62827730178833
2.952802896499634
3.170370578765869
1.2506684064865112
3.195003032684326
2.1854331493377686
2.126650333404541
3.843219518661499
2.0650062561035156
2.6415576934814453
2.984596014022827
2.722649574279785
2.9816834926605225
2.861330032348633
3.2926931381225586
1.3607596158981323
2.367591142654419
3.3000147342681885
3.446199893951416
2.8516311645507812
2.5721287727355957
1.5468248128890991
2.8661720752716064
0.997812807559967
3.7712631225585938
2.17215895652771
1.7442389726638794
1.7967597246170044
2.879779815673828
3.394641399383545
2.9349799156188965
2.0626914501190186
3.3004255294799805
2.5150468349456787
2.8217873573303223
1.4097224473953247
3.6404013633728027
3.8448262214660645
3.8093085289001465
2.941905975341797
2.8311350345611572
3.2514147758483887
2.845029830932617
1.4469356536865234
2.7975292205810547
1.8847699165344238
2.830563545227051
1.3854275941848755
2.8475937843322754
2.928765058517456
0.7811530232429504
3.2932491302490234
2.0918593406677246
3.5819194316864014
2.6753716468811035
2.1118476390838623
3.302715301513672
1.9390870332717896
2.3711743354797363
4.917227745056152
2.651054620742798
2.6340394020080566
3.002718448638916
3.0024290084838867
1.7168331146240234
3.303312301635742
2.71891713142395
1.0332515239715576
3.536215305328369
3.7636611461639404
3.901893138885498
2.8574676513671875
2.2662699222564697
1.9732518196105957
3.625671863555908
2.205685615539551
1.7385623455047607
2.5329530239105225
2.9332213401794434
1.1348382234573364
1.6143460273742676
2.50875186920166
2.2683675289154053
1.153108835220337
2.324692726135254
2.594228506088257
3.38132643699646
2.680299997329712
1.4911909103393555
2.49869966506958
2.134864330291748
2.619741678237915
2.736207962036133
2.372802734375
2.7785613536834717
2.9082369804382324
2.672245740890503
1.6949831247329712
1.0523841381072998
4.132540702819824
2.7828683853149414
2.737149477005005
1.6111187934875488
1.2595103979110718
1.2859046459197998
3.1198086738586426
1.2070345878601074
2.597202777862549
2.988344192504883
2.195983409881592
3.6082563400268555
3.2579755783081055
2.6106388568878174
2.161895275115967
2.606706380844116
1.6277844905853271
2.710132122039795
1.8410372734069824
3.2114272117614746
2.1000208854675293
0.7657066583633423
3.1131014823913574
2.6115782260894775
2.035740613937378
2.8780486583709717
2.198251962661743
3.2080650329589844
2.8790435791015625
3.560765027999878
2.7563815116882324
2.436410903930664
3.8051605224609375
1.7183817625045776
3.645779609680176
2.318545341491699
3.170762062072754
2.8343636989593506
3.386690139770508
2.1982967853546143
2.64467453956604
0.7745287418365479
1.0204747915267944
2.796327590942383
2.6611053943634033
3.236327886581421
3.1450698375701904
3.3916215896606445
2.3395562171936035
2.0625269412994385
3.6989896297454834
2.158626079559326
1.98285973072052
2.824510097503662
2.7794461250305176
2.564236640930176
2.6302785873413086
0.9627182483673096
0.9071096181869507
3.330745220184326
2.107706308364868
1.6954680681228638
3.443053960800171
2.845750331878662
2.4939475059509277
1.148207664489746
2.4023594856262207
3.858088970184326
2.8217177391052246
3.194826126098633
3.0473556518554688
1.0773805379867554
3.9127395153045654
2.2604660987854004
2.3841686248779297
2.0443272590637207
3.1720921993255615
3.0096726417541504
3.6256728172302246
2.873762607574463
1.4867570400238037
2.296884059906006
3.4657974243164062
2.761840343475342
3.0442967414855957
3.5096304416656494
2.881499767303467
2.2284793853759766
1.4044930934906006
3.008270740509033
4.046913146972656
0.9020165801048279
3.010991096496582
2.49290132522583
0.9819148778915405
2.6768240928649902
3.1308932304382324
2.607600688934326
2.2045042514801025
2.7611289024353027
3.0330467224121094
2.7603273391723633
2.330183506011963
1.4480857849121094
2.213362216949463
3.9333972930908203
4.353817939758301
2.9698400497436523
2.983649730682373
3.9341602325439453
2.9724717140197754
3.3408455848693848
2.4081099033355713
1.6791832447052002
2.068697452545166
3.8604085445404053
3.553651809692383
2.865347385406494
2.1234383583068848
2.5945043563842773
1.7957512140274048
2.378584384918213
2.45615816116333
0.9537835717201233
2.482365608215332
1.9055900573730469
2.3526105880737305
3.363600254058838
1.2958087921142578
1.6027405261993408
3.123547315597534
3.0066871643066406
2.2008414268493652
2.744800567626953
4.347814559936523
2.2627384662628174
0.8532556891441345
3.8275790214538574
1.8875644207000732
2.737948417663574
3.1277618408203125
2.8966188430786133
2.657379627227783
2.60463809967041
0.9274051785469055
2.625347852706909
3.6202845573425293
2.8347854614257812
3.3787941932678223
2.899372100830078
3.2046308517456055
3.222965717315674
3.3392257690429688
3.4102184772491455
0.9476470947265625
2.6916656494140625
0.7360005378723145
2.591193199157715
1.5386320352554321
1.866861343383789
2.4160819053649902
1.4655870199203491
0.6079930663108826
1.9667996168136597
3.5823113918304443
3.661970376968384
3.3611321449279785
2.942850351333618
2.460691213607788
3.9714503288269043
2.3643102645874023
3.9230661392211914
1.292295217514038
3.037813901901245
2.5148720741271973
3.5231752395629883
3.7404301166534424
2.8690176010131836
2.4519574642181396
2.939682722091675
2.0138134956359863
1.968061089515686
1.903102993965149
3.5251002311706543
3.5638275146484375
1.9385299682617188
2.841061592102051
3.311826705932617
3.1585309505462646
3.3476901054382324
2.0975825786590576
1.9387025833129883
3.09733510017395
1.8790559768676758
3.4076733589172363
