4.1884026527404785
3.690312147140503
3.928962469100952
3.9861390590667725
3.9084928035736084
3.922873020172119
3.8242034912109375
4.312179088592529
4.012845039367676
3.9909369945526123
3.404926300048828
4.049745559692383
3.426131010055542
4.12561559677124
4.705397129058838
3.6938881874084473
4.413341999053955
3.6260921955108643
4.133823871612549
3.3213422298431396
3.9690358638763428
3.3207509517669678
3.9127519130706787
3.932387113571167
4.782375335693359
3.8867175579071045
3.644376516342163
4.410937786102295
4.442721843719482
3.8490846157073975
4.488409519195557
3.893261671066284
4.004977226257324
4.051858901977539
3.2694783210754395
4.421525478363037
4.547791957855225
3.4973104000091553
4.000775337219238
3.062652587890625
