2.7454967498779297
1.979093313217163
2.4875638484954834
2.508167266845703
3.301567792892456
2.8593459129333496
2.9398040771484375
1.507773995399475
2.3346598148345947
1.950721263885498
2.0230956077575684
3.0466809272766113
3.565073251724243
1.5348491668701172
3.5791006088256836
1.5440735816955566
2.6911821365356445
2.5550146102905273
2.489689350128174
1.8161392211914062
2.3621973991394043
3.1517913341522217
2.106163501739502
2.3497567176818848
3.2518672943115234
1.5754326581954956
1.4891222715377808
1.2813435792922974
1.9897996187210083
1.98651921749115
2.5032005310058594
2.3016533851623535
1.9808034896850586
2.6831936836242676
3.701378583908081
1.6917344331741333
2.863180637359619
2.6256070137023926
1.7101104259490967
2.7918334007263184
2.3824331760406494
4.511688709259033
2.588019371032715
2.856671094894409
3.955763816833496
3.4380903244018555
2.8407177925109863
1.8472378253936768
1.508103609085083
2.565023422241211
2.0948705673217773
1.7936831712722778
2.0401408672332764
3.2668416500091553
1.77162766456604
1.0911166667938232
2.8872268199920654
2.495887279510498
0.4603455066680908
2.5125651359558105
2.594921588897705
2.5909671783447266
3.3417255878448486
2.599193811416626
2.3510868549346924
3.615823268890381
2.3799185752868652
2.985018253326416
2.261629104614258
2.571894884109497
3.113719940185547
2.47395920753479
2.2681198120117188
4.215485572814941
0.995059072971344
2.76723313331604
2.713772773742676
2.4904210567474365
2.7203643321990967
2.293731212615967
2.0907344818115234
1.4699639081954956
3.7507429122924805
3.0623488426208496
1.9232351779937744
3.096203088760376
2.9430575370788574
2.1837563514709473
1.559464931488037
2.615675926208496
2.8437061309814453
2.180990219116211
2.2783288955688477
2.6232411861419678
1.9851465225219727
0.7934918403625488
2.0813817977905273
1.8660001754760742
3.0763378143310547
2.7347350120544434
2.8301422595977783
2.852675199508667
2.73146915435791
2.363239288330078
3.4504380226135254
2.621070384979248
3.4338443279266357
2.8098955154418945
3.023934841156006
1.1617357730865479
2.8601338863372803
2.0783705711364746
2.044593572616577
3.503779411315918
2.0041356086730957
2.373934745788574
2.8597700595855713
2.514482021331787
2.6522367000579834
2.7762179374694824
3.077010154724121
1.2950615882873535
2.1869618892669678
3.1574902534484863
3.3515398502349854
2.5392227172851562
2.4757659435272217
1.4378103017807007
2.177797794342041
0.9145812392234802
3.6020243167877197
2.1413135528564453
1.5757853984832764
1.7652976512908936
2.5602169036865234
3.331970453262329
2.8201215267181396
1.9100077152252197
3.007974624633789
2.46895432472229
2.6929233074188232
1.450886845588684
3.497678756713867
3.4853367805480957
3.621540069580078
2.8917043209075928
2.8343048095703125
3.1714718341827393
2.6157851219177246
1.1921138763427734
2.6227169036865234
1.824402093887329
2.5480546951293945
1.3286077976226807
2.631335973739624
2.9214417934417725
0.8472398519515991
3.191716194152832
1.94509756565094
3.2542033195495605
2.658545970916748
2.0897023677825928
3.1811468601226807
1.8715364933013916
2.4386792182922363
4.4199066162109375
2.372581958770752
2.6343421936035156
2.835012435913086
2.865539073944092
1.6739834547042847
3.138004779815674
2.519620180130005
0.9737726449966431
3.2163491249084473
3.4785399436950684
3.649196147918701
2.7089881896972656
2.2740561962127686
1.7220711708068848
3.341634750366211
1.967850685119629
1.6344308853149414
2.2976157665252686
2.614410161972046
1.1955673694610596
1.3803701400756836
2.6101393699645996
2.22560715675354
1.134177803993225
2.1783955097198486
2.370647430419922
3.3767573833465576
2.520230770111084
1.4808349609375
2.3088622093200684
2.045623540878296
2.6100926399230957
2.6100621223449707
2.244865894317627
2.5187339782714844
2.839648723602295
2.776134490966797
1.541311502456665
1.2036327123641968
3.790774345397949
2.7547454833984375
2.670023202896118
1.5973706245422363
1.1458196640014648
1.2744433879852295
2.903831720352173
1.1859086751937866
2.4376792907714844
2.852468967437744
2.0288844108581543
3.328493595123291
2.8401970863342285
2.3887486457824707
2.067509174346924
2.364936590194702
1.5790870189666748
2.693325996398926
1.7811753749847412
3.0786609649658203
2.0834951400756836
0.86391282081604
3.066310405731201
2.4499640464782715
1.983098030090332
2.7964913845062256
2.309659481048584
2.989954948425293
2.6872055530548096
3.2723445892333984
2.6360912322998047
2.51798415184021
3.6736607551574707
1.5193657875061035
3.276578426361084
1.9641143083572388
2.993170738220215
2.515331745147705
3.215463161468506
1.974989891052246
2.5262715816497803
0.8369917273521423
1.0115400552749634
2.6609208583831787
2.4627346992492676
3.102891206741333
2.8275651931762695
3.2026467323303223
2.349073648452759
1.8655898571014404
3.454854965209961
1.9650084972381592
1.979914665222168
2.5735740661621094
2.9240965843200684
2.55277419090271
2.2148098945617676
0.8829101920127869
0.8741136193275452
3.1971538066864014
1.9526346921920776
1.8050183057785034
3.0919110774993896
2.7940149307250977
2.2833385467529297
1.1950712203979492
2.28476619720459
3.3339762687683105
2.5790927410125732
3.372572660446167
2.9528579711914062
0.8820996284484863
3.7049434185028076
2.107228994369507
2.331310749053955
1.8248742818832397
2.98380708694458
2.8925697803497314
3.5530846118927
2.7541723251342773
1.3974837064743042
2.068006992340088
3.403593063354492
2.7010951042175293
3.0146796703338623
3.286858320236206
2.7226645946502686
2.117999315261841
1.2860805988311768
2.487842321395874
3.808091878890991
0.9812166690826416
3.1518373489379883
2.294328212738037
0.9474478960037231
2.5105175971984863
3.146481513977051
2.694913864135742
2.045081853866577
2.7557640075683594
2.911466598510742
2.5944297313690186
2.2064859867095947
1.3473039865493774
2.106048583984375
3.558976650238037
4.273166656494141
2.918656826019287
2.8320584297180176
3.6612954139709473
2.7855873107910156
3.2382822036743164
2.2319016456604004
1.5814458131790161
1.9463098049163818
3.8925957679748535
3.125401020050049
2.6813881397247314
1.8991769552230835
2.3396968841552734
1.7146754264831543
2.2771430015563965
2.4560422897338867
0.8987493515014648
2.4501357078552246
1.6768897771835327
2.3094422817230225
3.1673641204833984
1.1088148355484009
1.5353162288665771
3.01031231880188
2.728362560272217
1.9872677326202393
2.5484676361083984
3.9351301193237305
1.940065860748291
0.7427670955657959
3.309056520462036
1.6135143041610718
2.5721099376678467
3.014099597930908
2.7571122646331787
2.4967989921569824
2.3558666706085205
0.8655406832695007
2.5220375061035156
3.3747377395629883
2.49267578125
3.177699089050293
2.8594741821289062
2.9760990142822266
3.0209240913391113
3.178229808807373
3.3655247688293457
0.5648715496063232
2.478292942047119
0.7830042839050293
2.8254575729370117
1.6715750694274902
1.755535364151001
2.105140447616577
1.3963229656219482
1.1371253728866577
1.7501429319381714
3.2035880088806152
3.5560989379882812
2.989992618560791
2.9367785453796387
2.33296537399292
3.655427932739258
2.2564022541046143
3.731386661529541
0.8893137574195862
2.891568183898926
2.490555763244629
3.4306752681732178
3.5714993476867676
2.7531590461730957
2.2225182056427
2.901421070098877
1.9397380352020264
2.074939727783203
1.7977826595306396
3.365922451019287
3.485851764678955
1.9269535541534424
2.7636728286743164
3.223135471343994
3.1223020553588867
3.0985794067382812
2.023392677307129
1.896345853805542
2.9991977214813232
1.7720242738723755
2.677532911300659
