0.00810590572655201
0.12271349132061005
0.0020640527363866568
0.013758247718214989
0.021487243473529816
0.021306216716766357
0.012452940456569195
0.005941162817180157
0.02452566847205162
0.01048942469060421
0.0021536806598305702
0.024447621777653694
0.026519708335399628
0.003026653314009309
0.08197611570358276
0.007483295165002346
0.01838601753115654
0.020291997119784355
0.007376133929938078
0.03711062669754028
0.01502452977001667
0.009597565047442913
0.03185711428523064
0.017053253948688507
0.056529924273490906
0.012864128686487675
0.043575186282396317
0.07067205011844635
0.03667755424976349
0.0017289631068706512
0.02617868036031723
0.009800685569643974
0.07927976548671722
0.010997000150382519
0.02825525775551796
0.013751761987805367
0.02849605679512024
0.012445441447198391
0.02282801829278469
0.018682079389691353
0.03271160274744034
0.013145552948117256
0.045787371695041656
0.054800279438495636
8.580415305914357e-05
0.019821548834443092
0.012281115166842937
0.011073481291532516
0.017637033015489578
0.012744537554681301
0.02162381447851658
0.04571698233485222
0.011218369007110596
0.005662823095917702
0.18109330534934998
0.002997510600835085
0.0007918361225165427
0.03416042774915695
0.00712443795055151
0.012241901829838753
0.008435309864580631
0.004308469593524933
0.028781360015273094
0.01553391944617033
0.07457318156957626
0.099199578166008
0.02309919148683548
0.03473680466413498
0.008865369483828545
0.00344202877022326
0.0448044091463089
0.001302845310419798
0.03271302580833435
0.0114968903362751
0.004323597531765699
0.0037951183039695024
0.006468874868005514
0.019720658659934998
0.033168405294418335
0.0020835702307522297
0.025375310331583023
0.02643940970301628
0.006987755186855793
0.013680328615009785
0.16806477308273315
0.01821259595453739
0.004968691151589155
0.11378461122512817
0.006779525429010391
0.015547400340437889
0.005664056167006493
0.026289116591215134
0.011157384142279625
0.01079858373850584
0.019900502637028694
0.02927977405488491
0.03058106265962124
0.007731894962489605
0.02308357134461403
0.004420800134539604
0.0042306506074965
0.017185652628540993
0.01166929118335247
0.005618738476186991
0.013409582898020744
0.0012328498996794224
0.015616457909345627
0.005679430440068245
0.08141352981328964
0.02117663249373436
0.007867932319641113
0.0015767028089612722
0.03125370293855667
0.029080521315336227
0.003551712492480874
0.006085304543375969
0.010818302631378174
0.001522840466350317
0.05697541683912277
0.04242146760225296
0.0017135791713371873
0.10693943500518799
0.009724386036396027
0.12500368058681488
0.00035886053228750825
0.014009062200784683
0.10678073018789291
0.0009645086829550564
0.026256877928972244
0.05902310460805893
0.0113071259111166
0.02022336982190609
0.002511574188247323
0.057183947414159775
0.005831175018101931
0.005717799998819828
0.040692105889320374
0.031295593827962875
0.0038557813968509436
0.0020400527864694595
0.020578771829605103
0.018568430095911026
0.1169607937335968
0.08708897978067398
0.0082070492208004
0.024979397654533386
0.03427751734852791
0.00609342148527503
0.02556759864091873
0.022180942818522453
0.014347568154335022
0.06564449518918991
0.032314423471689224
0.00695868581533432
0.027820197865366936
0.002063956344500184
0.0002059161924989894
0.051512740552425385
0.017408479005098343
0.010827552527189255
0.04301014170050621
0.08268792927265167
0.045580245554447174
0.054969217628240585
0.035240910947322845
0.003838186850771308
0.012800847180187702
0.022542264312505722
0.0015413203509524465
0.006798938848078251
0.07004190981388092
0.0030367292929440737
0.008988742716610432
0.0015531572280451655
0.025866197422146797
0.018278956413269043
0.008932994678616524
0.015535041689872742
0.022620990872383118
0.0023582258727401495
0.0031846531201153994
0.0143218282610178
0.02799316495656967
0.015309147536754608
0.007927718572318554
0.034989550709724426
0.011598873883485794
0.2718977928161621
0.008499314077198505
0.01982163079082966
0.012100649997591972
0.008358050137758255
0.006203335709869862
0.010837224312126637
0.013000688515603542
0.15833663940429688
0.03538396954536438
0.11768098920583725
0.020087242126464844
0.0375627726316452
0.06165452301502228
0.007414480671286583
0.013757413253188133
0.04003901407122612
0.017894089221954346
0.021643610671162605
0.014816485345363617
0.007902042008936405
0.19734269380569458
0.0007450142875313759
0.0021034826058894396
0.031238321214914322
0.02928083762526512
0.018301716074347496
0.03701463341712952
0.010249970480799675
0.017610274255275726
0.03746681287884712
0.05406050384044647
0.017786450684070587
0.02537785843014717
0.1597413420677185
0.038119036704301834
0.013379167765378952
0.02468099817633629
0.002936884993687272
0.0195201076567173
0.023199092596769333
0.010520845651626587
0.00032245335751213133
0.07326199114322662
0.010181077755987644
0.01972360722720623
0.035093557089567184
0.02272031456232071
0.03401077911257744
0.018086586147546768
0.026008423417806625
0.01571466587483883
0.03386411815881729
0.008952012285590172
0.01281347218900919
0.005674868822097778
0.004101757891476154
0.009080624207854271
0.0002046642330242321
0.002427260624244809
0.013359853997826576
0.006218597758561373
0.03873998671770096
0.009450303390622139
0.04650707542896271
0.029098613187670708
0.03868204355239868
0.18198943138122559
0.014520134776830673
0.11530351638793945
0.025529418140649796
0.006823296658694744
0.018437061458826065
0.0007788498769514263
0.3534072935581207
0.017028773203492165
0.017110906541347504
0.09355070441961288
0.04262115806341171
0.007890986278653145
0.2254718542098999
0.01316675916314125
0.0060922447592020035
0.04617105424404144
0.0010919701308012009
0.005948991049081087
0.004156411625444889
0.004309654235839844
0.008768727071583271
0.02029826119542122
0.004484391771256924
0.015377677045762539
0.04766147583723068
0.03378713130950928
0.007512844167649746
0.02814822643995285
0.012459330260753632
0.015258555300533772
0.009790875017642975
0.1315709352493286
0.01136633101850748
9.011419024318457e-05
0.024436812847852707
0.011045033112168312
0.30141469836235046
0.0045073069632053375
0.00037567687104456127
0.027875034138560295
0.04509841278195381
0.008409447968006134
0.0064178048633039
0.03127804398536682
0.01341850683093071
0.03063458390533924
0.010893932543694973
0.007043812889605761
0.08644632995128632
0.014519850723445415
0.0465974435210228
0.011471414007246494
0.22446337342262268
0.02754737064242363
0.027581727132201195
0.09729903936386108
0.0015416706446558237
0.005929992068558931
0.019814588129520416
0.02333349734544754
0.009030885994434357
0.008863886818289757
0.012565143406391144
0.009915532544255257
0.02566581964492798
0.005828880704939365
0.016827646642923355
0.19334891438484192
0.019994568079710007
0.012045999988913536
0.009341729804873466
0.009184214286506176
0.08065550774335861
0.004270312841981649
0.03878619521856308
0.11058294028043747
0.016492364928126335
0.21182094514369965
0.06184651702642441
0.012074677273631096
0.042073629796504974
0.08887681365013123
0.013050681911408901
0.2559225559234619
0.014018635265529156
0.07929812371730804
0.03990454971790314
0.0355924591422081
0.0076454682275652885
0.0018990150419995189
0.07779541611671448
0.0010009721154347062
0.04742324352264404
0.011435172520577908
0.08164362609386444
0.1625981330871582
0.05429764464497566
0.3401148319244385
0.050358884036540985
0.007907167077064514
0.001258183503523469
0.1344194859266281
0.01483776792883873
0.017570460215210915
0.04347184672951698
0.054668594151735306
0.2559759020805359
0.006161494180560112
0.019510360434651375
0.004470408894121647
0.00851558055728674
0.00041987517033703625
0.008126449771225452
0.02898368611931801
0.10470059514045715
0.012225390411913395
0.10324389487504959
0.009942909702658653
0.007923183031380177
0.014475401490926743
0.006250725127756596
0.0029843696393072605
0.0017918688245117664
0.022430095821619034
0.011810589581727982
0.01981528289616108
0.018183214589953423
0.002735232003033161
0.1219010055065155
0.03313508629798889
0.00850198045372963
0.013352748937904835
0.057141758501529694
0.32810118794441223
0.003514710580930114
0.035332534462213516
0.009539446793496609
0.006953105330467224
0.05038563162088394
0.025229675695300102
0.0925249382853508
0.010333958081901073
0.01686730980873108
0.011692487634718418
0.009056005626916885
