0.24704186618328094
0.5888177156448364
0.025715727359056473
0.08841389417648315
0.16045266389846802
0.1393333077430725
0.05591237545013428
0.10245223343372345
0.3315190076828003
0.07848630845546722
0.020179569721221924
0.13922837376594543
0.0942956805229187
0.020984061062335968
0.2272036373615265
0.06162687763571739
0.1083574965596199
0.07244502007961273
0.12849026918411255
0.20716334879398346
0.10571619123220444
0.09062488377094269
0.11505681276321411
0.19138957560062408
0.3886309862136841
0.06720105558633804
0.15367254614830017
0.1660940945148468
0.2058253288269043
0.005707882344722748
0.13697943091392517
0.06021270155906677
0.1399247944355011
0.24762138724327087
0.16888579726219177
0.16550418734550476
0.1596609354019165
0.18516746163368225
0.32149738073349
0.14183181524276733
0.41713300347328186
0.03140963613986969
0.3307240307331085
0.5692175030708313
0.00015801786503288895
0.19616428017616272
0.12472620606422424
0.047249484807252884
0.1484556496143341
0.13437634706497192
0.1280985176563263
0.10894948244094849
0.11197292804718018
0.055614449083805084
0.20921769738197327
0.02200501225888729
0.0012613115832209587
0.09715299308300018
0.48478659987449646
0.1878848671913147
0.039280761033296585
0.3720201253890991
0.7059005498886108
0.2829614281654358
0.28603315353393555
0.47370606660842896
0.09296896308660507
0.11242495477199554
0.11034134030342102
0.16835802793502808
0.48529839515686035
0.01117362454533577
0.17972120642662048
0.11309961974620819
0.08020009845495224
0.03830530494451523
0.2572546899318695
0.545887291431427
0.1711619347333908
0.007209965959191322
0.17329207062721252
0.08404280245304108
0.022018011659383774
0.07966692000627518
0.4306372404098511
0.15941058099269867
0.13758347928524017
0.5408262610435486
0.07185666263103485
0.11319392919540405
0.11098909378051758
0.12251890450716019
0.117681123316288
0.1449153870344162
0.07520046830177307
0.2335134893655777
0.15999822318553925
0.030361000448465347
0.2255488485097885
0.05112811177968979
0.04604215919971466
0.061697859317064285
0.055373985320329666
0.12883764505386353
0.0755167007446289
0.005418869666755199
0.12535476684570312
0.029006438329815865
0.08398593217134476
0.06439163535833359
0.15396878123283386
0.016709942370653152
0.18291634321212769
0.12629076838493347
0.027433620765805244
0.061966970562934875
0.1906224489212036
0.11328631639480591
0.3395680785179138
0.11367253959178925
0.02192474529147148
0.43463248014450073
0.058666735887527466
0.4496804475784302
0.00205853208899498
0.11414040625095367
0.10227213054895401
0.053062230348587036
0.11960232257843018
0.18848839402198792
0.07811164855957031
0.2754665017127991
0.01369949709624052
0.155795156955719
0.037158217281103134
0.1442309021949768
0.14117613434791565
0.11993840336799622
0.027932440862059593
0.12148033082485199
0.12059630453586578
0.11554679274559021
0.5022449493408203
0.18344715237617493
0.0209624283015728
0.1212976723909378
0.16707664728164673
0.025157399475574493
0.30630946159362793
0.11632227897644043
0.2281859666109085
0.5726101994514465
0.15005183219909668
0.02325468510389328
0.14670881628990173
0.008038531057536602
0.0012727457797154784
0.2206021547317505
0.07879168540239334
0.14456301927566528
0.11307448148727417
0.2850497364997864
0.04367687553167343
0.4277019798755646
0.22028687596321106
0.11779594421386719
0.10415469855070114
0.19339416921138763
0.0049173226580023766
0.04371968284249306
0.184891015291214
0.024553950875997543
0.14801271259784698
0.12153591215610504
0.24116897583007812
0.21156008541584015
0.05236198008060455
0.05617556720972061
0.2105351835489273
0.021037034690380096
0.03994286060333252
0.10817025601863861
0.27703195810317993
0.06696321070194244
0.0823766440153122
0.2151573896408081
0.052176252007484436
0.6336078643798828
0.22054654359817505
0.16770079731941223
0.18650901317596436
0.06964099407196045
0.032607901841402054
0.030208474025130272
0.1415913701057434
0.29807615280151367
0.10390914231538773
0.14035144448280334
0.2204776555299759
0.774808406829834
0.14747163653373718
0.03785361722111702
0.11624184995889664
0.2313421666622162
0.10846105217933655
0.06694963574409485
0.23514215648174286
0.20456084609031677
0.24606432020664215
0.008414141833782196
0.05198575556278229
0.4653604030609131
0.5109714269638062
0.1338767111301422
0.1799393594264984
0.14119359850883484
0.08222237974405289
0.19881416857242584
0.2654350697994232
0.32391732931137085
0.23364421725273132
0.20504148304462433
0.24528086185455322
0.21693488955497742
0.24121597409248352
0.014287527650594711
0.1005748063325882
0.32049861550331116
0.15527892112731934
7.797320365905762
0.2107844054698944
0.17439596354961395
0.20112381875514984
0.1860162913799286
0.13397006690502167
0.22728195786476135
0.10951967537403107
0.1252114176750183
0.0912918746471405
0.36741605401039124
0.23657584190368652
0.32580238580703735
0.08271553367376328
0.20676422119140625
0.32492074370384216
0.008154893293976784
0.30810266733169556
122.92961883544922
0.038793791085481644
0.6495885252952576
0.08372992277145386
0.2751621603965759
0.23290200531482697
0.2589936852455139
0.23773393034934998
0.10037078708410263
0.21440917253494263
0.06349962949752808
0.03397049382328987
0.09324166178703308
0.004025515168905258
0.2762388586997986
0.14710068702697754
0.2347918152809143
0.7911072969436646
0.10806208848953247
0.2890903353691101
0.3941051661968231
0.07486534118652344
0.06577999889850616
0.4274381399154663
0.3789261281490326
0.15648585557937622
0.12260757386684418
0.1110452339053154
0.03979232534766197
0.06313402205705643
0.2259761393070221
0.13909058272838593
0.46123093366622925
0.15941080451011658
0.0762297511100769
0.24756357073783875
0.3212544023990631
0.10188841074705124
0.030862905085086823
0.2104421854019165
0.21649213135242462
0.035806600004434586
0.5269961357116699
0.28749585151672363
0.45988979935646057
0.046142809092998505
0.0005100970156490803
0.35168784856796265
0.11651451885700226
0.0646657645702362
0.1129903495311737
0.3934073746204376
0.02265879325568676
0.06537500768899918
0.35657548904418945
0.08209389448165894
1.0948469638824463
0.048146918416023254
0.10743476450443268
0.15155506134033203
0.2514207363128662
0.48214396834373474
0.01818881742656231
0.03696940094232559
0.018278520554304123
0.06769201159477234
0.40148091316223145
0.16017311811447144
0.11240425705909729
0.1246962696313858
0.11464743316173553
0.09204888343811035
0.31294235587120056
0.01837816648185253
0.11414208263158798
0.3949047923088074
0.33446577191352844
0.15330320596694946
0.17631003260612488
0.03673308342695236
0.13307955861091614
0.04012857377529144
0.14403453469276428
0.13335829973220825
0.044332604855298996
0.4200515151023865
0.1221035048365593
0.16607755422592163
0.07257595658302307
0.1394382119178772
0.28245893120765686
0.2822796404361725
0.11574498564004898
0.3257238268852234
0.24181723594665527
0.2645777463912964
0.052575692534446716
0.01812097616493702
0.3970571756362915
0.014050448313355446
0.3348613679409027
0.19311679899692535
0.18705564737319946
0.3173500895500183
0.4047617018222809
0.6808487176895142
0.1322862207889557
0.07664425671100616
0.013692398555576801
0.3584466576576233
0.3332749307155609
0.16561666131019592
0.09920066595077515
0.24052050709724426
0.23552167415618896
0.027951300144195557
0.10437895357608795
0.026448607444763184
0.10819658637046814
0.001019657589495182
0.07734216749668121
0.17809809744358063
0.36590737104415894
0.12102172523736954
0.16346916556358337
0.12028104811906815
0.09109688550233841
0.1595745086669922
0.044457387179136276
0.08423741906881332
0.040034156292676926
0.2017698734998703
0.2121621072292328
0.0996483713388443
0.22806613147258759
0.032618604600429535
0.12624332308769226
0.12565185129642487
0.0726349800825119
0.05909748002886772
0.23468881845474243
0.3998938202857971
0.17446653544902802
0.2313920557498932
0.061286382377147675
0.051447492092847824
0.2785739302635193
0.04849503934383392
0.23261481523513794
0.10561661422252655
0.05066101625561714
0.06379057466983795
0.023919319733977318
