3.42084002494812
4.3061842918396
3.2993476390838623
2.7946786880493164
2.7829647064208984
1.850990891456604
3.3898324966430664
3.7051191329956055
3.751338481903076
4.0473527908325195
5.240996360778809
3.2024641036987305
4.298640251159668
2.4101624488830566
3.519521951675415
3.2258448600769043
2.2390217781066895
1.8214858770370483
2.816619396209717
4.200186252593994
2.6723012924194336
2.3875527381896973
3.09549617767334
2.9282610416412354
4.161700248718262
1.1669312715530396
3.4183096885681152
4.92866325378418
2.7103848457336426
3.3339080810546875
3.2422993183135986
1.8544859886169434
3.2807631492614746
3.921786308288574
4.066827774047852
1.9270907640457153
2.8690202236175537
2.5448179244995117
3.566375255584717
3.4107143878936768
3.1318531036376953
4.009993076324463
4.235856056213379
2.8707334995269775
2.719994306564331
3.1761765480041504
3.8427188396453857
3.5258233547210693
3.8643617630004883
5.079427719116211
3.961505651473999
3.0983920097351074
3.169360876083374
3.6508281230926514
3.130919933319092
4.263152122497559
3.067019462585449
4.408262252807617
3.764705181121826
4.556217193603516
2.542597770690918
4.356251239776611
3.9069271087646484
5.378227233886719
3.3696744441986084
2.7915446758270264
3.5843427181243896
3.201408863067627
2.5165791511535645
4.5186333656311035
4.121881484985352
3.4794132709503174
4.458486557006836
1.9712568521499634
2.37248158454895
2.6070261001586914
3.66260027885437
4.094860076904297
1.8950499296188354
2.6335361003875732
3.4040651321411133
3.6362218856811523
3.0644426345825195
2.682830810546875
3.3144168853759766
2.9469757080078125
3.483738899230957
3.971555709838867
2.4388580322265625
3.292797088623047
2.7582521438598633
1.655615210533142
3.2912843227386475
5.238776206970215
2.429375171661377
3.1980772018432617
4.729166030883789
2.806403636932373
3.574406623840332
2.7699015140533447
4.194083213806152
3.436713218688965
4.052565574645996
3.987624406814575
4.492341995239258
5.854771137237549
3.925016403198242
2.7487621307373047
4.669696807861328
2.676287889480591
4.3304595947265625
4.880005836486816
4.023589134216309
2.548678159713745
3.581376552581787
4.421584129333496
3.7214248180389404
3.7125656604766846
4.566017150878906
2.8544983863830566
3.8636603355407715
2.6648144721984863
3.2744498252868652
3.719996213912964
4.448980331420898
3.411489963531494
3.72402286529541
3.8547987937927246
2.9479527473449707
3.039173126220703
2.895939588546753
3.3507747650146484
3.87502121925354
3.455894947052002
1.877307653427124
2.5903871059417725
2.4517152309417725
3.188939094543457
3.3819737434387207
3.486177682876587
2.3290796279907227
2.4984259605407715
3.9877536296844482
3.072965145111084
3.2962169647216797
3.1103997230529785
2.758629083633423
3.8288724422454834
2.7979657649993896
2.6160507202148438
1.9609935283660889
2.967585563659668
3.6437594890594482
3.045375347137451
4.21286678314209
2.7140657901763916
3.855071544647217
4.149603843688965
3.4381489753723145
2.241220474243164
4.384855270385742
3.7575926780700684
3.87954044342041
3.374729633331299
3.0540921688079834
3.2951364517211914
4.15852165222168
2.0243988037109375
4.016227722167969
3.1639623641967773
2.5116710662841797
3.0228757858276367
4.600743293762207
4.53949499130249
3.757223129272461
3.8926687240600586
4.274911403656006
4.2020263671875
4.07730770111084
4.309628486633301
3.8854970932006836
3.951678514480591
3.847776412963867
3.4216673374176025
2.5553901195526123
2.379457950592041
2.5360841751098633
3.523036003112793
3.13289737701416
3.259923219680786
3.256625175476074
2.671539306640625
3.4759750366210938
1.7177451848983765
3.172874927520752
3.7439417839050293
3.0032854080200195
3.2901298999786377
3.242865562438965
3.7088890075683594
2.8043673038482666
3.0148372650146484
3.5888071060180664
3.7468366622924805
2.4301233291625977
5.217327117919922
2.5952630043029785
3.9942381381988525
2.8449325561523438
2.4487411975860596
2.67051362991333
3.642411947250366
2.5601134300231934
3.9987449645996094
0.6228086352348328
2.8022055625915527
3.2912652492523193
1.381489872932434
3.000426769256592
2.7814013957977295
3.8419275283813477
4.598230361938477
3.22859525680542
2.1175358295440674
3.7976720333099365
3.42606258392334
3.6418237686157227
3.2602930068969727
1.9527705907821655
4.886227130889893
3.4778335094451904
3.1798200607299805
3.151608467102051
2.969815254211426
3.084426164627075
2.6408557891845703
2.95339298248291
4.343106269836426
4.276297569274902
3.454669237136841
1.7941668033599854
4.532626152038574
2.557537317276001
3.6246285438537598
3.1541104316711426
2.8195481300354004
2.240604877471924
3.4073405265808105
3.6841678619384766
2.524535655975342
3.2978501319885254
2.2477636337280273
3.7367031574249268
2.587679386138916
3.3822035789489746
3.112485885620117
2.0342440605163574
4.39237642288208
3.2115859985351562
3.4197120666503906
2.306368827819824
2.797309398651123
3.666729688644409
3.2118842601776123
2.661698818206787
3.6256258487701416
4.072360992431641
3.3269028663635254
3.6583924293518066
4.125253200531006
1.5529078245162964
3.3593456745147705
1.5021227598190308
3.29762864112854
2.718552589416504
3.411867618560791
4.131712913513184
3.5664401054382324
5.0503830909729
2.3611786365509033
3.089902400970459
3.84030818939209
3.67165207862854
4.3016252517700195
1.915610432624817
2.9131007194519043
2.8114633560180664
4.432616233825684
3.0507662296295166
3.504155158996582
2.4219555854797363
3.308415412902832
4.093822002410889
4.119402885437012
2.103634834289551
3.3542704582214355
2.417384624481201
3.395876884460449
1.8630006313323975
2.8499014377593994
2.0299997329711914
0.9778997302055359
2.9218833446502686
3.2918264865875244
3.469515323638916
2.280035972595215
1.1320523023605347
2.6676080226898193
4.467082977294922
3.279198169708252
3.3211116790771484
3.208082675933838
2.9436066150665283
2.5263688564300537
2.3733878135681152
2.8729777336120605
3.4016401767730713
3.649693727493286
2.121497631072998
2.5132265090942383
2.889753818511963
2.429370403289795
3.783673048019409
3.0957629680633545
4.722729682922363
4.387968063354492
2.245265007019043
3.610092878341675
3.2824840545654297
1.7785272598266602
4.199502944946289
3.4606566429138184
3.212928295135498
3.3703322410583496
3.706782579421997
3.1163127422332764
3.359187126159668
3.8787543773651123
3.3469948768615723
3.510892152786255
2.56502366065979
2.8933634757995605
3.319427013397217
3.5447678565979004
3.7721431255340576
2.115673542022705
3.1906538009643555
2.4459824562072754
1.895214319229126
2.5244994163513184
3.7014665603637695
3.4560108184814453
3.0137405395507812
2.627134084701538
4.53617000579834
4.813098907470703
5.185917854309082
2.4758448600769043
2.7842984199523926
3.0395750999450684
3.6052050590515137
4.486758232116699
2.5179505348205566
3.1749606132507324
3.2437710762023926
2.3070950508117676
3.31130313873291
1.811755895614624
1.8232331275939941
4.3303022384643555
3.8553450107574463
3.226907253265381
3.1980361938476562
3.9471375942230225
2.8020970821380615
3.926362991333008
3.3851609230041504
3.8250179290771484
3.7575724124908447
2.596374988555908
2.4774107933044434
2.364245653152466
1.7924678325653076
2.3625006675720215
2.9879684448242188
2.490039825439453
3.698185443878174
2.685183048248291
3.8844850063323975
1.213396430015564
3.0743396282196045
2.6937732696533203
4.7063446044921875
3.4354729652404785
3.2481014728546143
2.394779920578003
1.902653694152832
2.90409517288208
3.91595458984375
2.2258975505828857
