2.800588607788086
2.581026792526245
2.9395108222961426
2.98683500289917
1.4483011960983276
3.402594566345215
1.736797571182251
2.9648523330688477
0.0
6.357725143432617
2.4043521881103516
1.7359156608581543
1.658066749572754
4.084773540496826
3.008763074874878
3.5713250637054443
0.0
2.8427329063415527
2.7919063568115234
1.3655388355255127
1.6357676982879639
2.5165905952453613
2.982085704803467
2.538832187652588
1.5207502841949463
6.7062602043151855
4.90275764465332
1.230987548828125
5.603301525115967
4.849646091461182
2.359469175338745
3.851137161254883
5.8819580078125
0.0
4.07576847076416
4.553695201873779
1.1650283336639404
1.5557403564453125
2.0043044090270996
3.234475612640381
3.5929641723632812
2.6950843334198
2.635892391204834
1.5976972579956055
4.555985450744629
0.0
1.7948111295700073
1.9099335670471191
3.50105619430542
1.2487214803695679
3.050659656524658
1.692379355430603
4.812641143798828
4.233236312866211
4.235130786895752
2.7323949337005615
1.4268434047698975
5.254518985748291
1.7459615468978882
3.287698268890381
4.1626176834106445
2.569551467895508
2.3921186923980713
3.2204339504241943
3.4924800395965576
0.0
4.333399295806885
5.435871124267578
0.0
2.7404556274414062
1.1614325046539307
1.9469096660614014
4.120855331420898
5.2465033531188965
4.140273094177246
0.0
3.3734452724456787
3.043642044067383
0.0
3.6145124435424805
3.944277763366699
6.225778102874756
3.9108614921569824
6.183154582977295
1.5186567306518555
3.2463150024414062
0.0
5.418807506561279
0.0
0.0
3.648231029510498
0.565509557723999
6.13934326171875
3.7019119262695312
5.110445976257324
1.6439259052276611
2.8908743858337402
1.4528300762176514
4.344226837158203
4.519223690032959
4.601204872131348
5.7186408042907715
4.374065399169922
0.0
0.0
5.742012977600098
2.285284996032715
1.7966058254241943
6.197447776794434
2.4833168983459473
0.0
5.066044807434082
3.232687473297119
0.0
4.987638473510742
3.85744047164917
4.80441951751709
