9.152332305908203
9.301528930664062
9.495351791381836
9.273470878601074
9.158227920532227
8.676212310791016
9.146194458007812
7.328744888305664
9.32240104675293
9.65298080444336
9.668763160705566
9.604366302490234
7.9860639572143555
9.032154083251953
9.414490699768066
9.40282917022705
8.756538391113281
9.377592086791992
8.666464805603027
9.218843460083008
8.807772636413574
8.895618438720703
8.96068000793457
8.174568176269531
9.504731178283691
9.441680908203125
8.381699562072754
8.724367141723633
9.08036994934082
9.085908889770508
8.586885452270508
8.86031723022461
8.981107711791992
8.896474838256836
9.343990325927734
9.073381423950195
9.121622085571289
8.843362808227539
8.852375984191895
9.076162338256836
