8.615312576293945
10.900022506713867
5.694932460784912
10.972552299499512
5.283759593963623
12.699470520019531
5.4334516525268555
8.865215301513672
0.0
25.334426879882812
10.485495567321777
5.706529140472412
5.408376693725586
15.230369567871094
9.143259048461914
15.345151901245117
0.0
10.680633544921875
10.76213264465332
5.1229753494262695
4.976059913635254
11.069602966308594
10.147871017456055
9.831892967224121
7.512491226196289
19.64907455444336
17.976783752441406
3.1710000038146973
22.87615966796875
18.577938079833984
6.85767126083374
12.475467681884766
14.420409202575684
0.0
15.491035461425781
17.241981506347656
3.860581159591675
4.224802494049072
3.4214577674865723
10.95133113861084
14.544451713562012
12.665130615234375
8.346050262451172
5.514092922210693
14.3545560836792
0.0
5.260613918304443
6.539132595062256
12.7346830368042
4.961404323577881
7.607643127441406
5.303600788116455
17.341100692749023
17.48004913330078
13.162811279296875
13.414454460144043
5.497752666473389
22.65938377380371
4.971108436584473
13.117098808288574
12.623926162719727
12.041095733642578
7.1665568351745605
8.373434066772461
16.78927230834961
0.0
14.96854019165039
25.142078399658203
0.0
7.730510711669922
6.603393077850342
7.581707000732422
15.907567977905273
23.876861572265625
19.075963973999023
0.0
17.28412628173828
8.896639823913574
0.0
15.920944213867188
13.14234447479248
25.902868270874023
15.126787185668945
24.283485412597656
3.691563606262207
15.58838939666748
0.0
18.937545776367188
0.0
0.0
14.454848289489746
7.110481262207031
19.4566707611084
13.814437866210938
20.719501495361328
4.082432746887207
10.256608963012695
4.450494766235352
19.402667999267578
18.045616149902344
18.234739303588867
23.561033248901367
13.83100700378418
0.0
0.0
23.822078704833984
7.56308126449585
4.005897521972656
16.186115264892578
11.068339347839355
0.0
18.315061569213867
9.53320598602295
0.0
17.154462814331055
8.905587196350098
18.80634880065918
