0.005024767015129328
0.05400748923420906
0.0032614676747471094
0.03138457238674164
0.04561129957437515
0.05459136143326759
0.011146137490868568
0.05668255686759949
0.0787353664636612
0.01718806102871895
0.002318158745765686
0.03515446558594704
0.053468845784664154
0.004949885420501232
0.04447571933269501
0.026481350883841515
0.020336396992206573
0.01103163231164217
0.03663138300180435
0.1725979596376419
0.016082528978586197
0.02438323386013508
0.030589506030082703
0.060094110667705536
0.06097383797168732
0.029425231739878654
0.10126344114542007
0.0383317805826664
0.0562530979514122
0.001407669042237103
0.08385559171438217
0.05444280058145523
0.08543208986520767
0.06048973649740219
0.06216004490852356
0.11125317215919495
0.048722606152296066
0.05402832850813866
0.0640106350183487
0.0734788328409195
0.2013005167245865
0.010185915976762772
0.1337101310491562
0.15957854688167572
8.769564010435715e-05
0.06397214531898499
0.031144369393587112
0.022835273295640945
0.0832592323422432
0.0974469929933548
0.024337347596883774
0.1784273386001587
0.03145517781376839
0.02268068678677082
0.03610067069530487
0.006743265315890312
0.0006467289640568197
0.10816687345504761
0.18704935908317566
0.07330521196126938
0.007059723604470491
0.07668067514896393
0.10897690057754517
0.1708166003227234
0.23876771330833435
0.2981266379356384
0.02499164454638958
0.06220461055636406
0.01340741291642189
0.1495710015296936
0.24773062765598297
0.0020742693450301886
0.05975478142499924
0.04920858144760132
0.01018759049475193
0.006451206281781197
0.0568891242146492
0.316911518573761
0.07063329219818115
0.001939941430464387
0.07479932904243469
0.02069067396223545
0.006998036988079548
0.013415590859949589
0.268483966588974
0.01126106083393097
0.007963232696056366
0.4308774471282959
0.024327538907527924
0.016194449737668037
0.007304881699383259
0.035237137228250504
0.029270309954881668
0.055108584463596344
0.03434346988797188
0.12346434593200684
0.007667750585824251
0.00782821699976921
0.017710566520690918
0.00754370354115963
0.0053025297820568085
0.04195712134242058
0.012285476550459862
0.03799501806497574
0.03646396845579147
0.0007765443297103047
0.028603648766875267
0.007314628921449184
0.11035001277923584
0.019898606464266777
0.08041562139987946
0.0015463277231901884
0.0813697874546051
0.12527307868003845
0.007254071533679962
0.009823302738368511
0.08218074589967728
0.08084503561258316
0.13850240409374237
0.020710919052362442
0.0015170002589002252
0.3769334852695465
0.07874882966279984
0.2826647162437439
0.00027308156131766737
0.07267846912145615
0.07449759542942047
0.004078536294400692
0.05869334936141968
0.08048319071531296
0.03120437264442444
0.1241460070014
0.0018859646515920758
0.06478527933359146
0.009740469977259636
0.059130676090717316
0.08188096433877945
0.027331549674272537
0.016057761386036873
0.0029052002355456352
0.04962501674890518
0.02983997017145157
0.3453960716724396
0.0987701416015625
0.007646125741302967
0.025874678045511246
0.10477718710899353
0.004656946752220392
0.07814205437898636
0.05738883465528488
0.15547893941402435
0.23347783088684082
0.021708965301513672
0.007037754636257887
0.04598976671695709
0.0008337092003785074
0.00018127632210962474
0.079278863966465
0.021903933957219124
0.0822668969631195
0.07702494412660599
0.023141104727983475
0.026412419974803925
0.28071486949920654
0.015323075465857983
0.06695858389139175
0.045621972531080246
0.019270893186330795
0.0018700000364333391
0.005666894838213921
0.06999574601650238
0.008524825796484947
0.06870701909065247
0.04131240397691727
0.10460537672042847
0.009779765270650387
0.012525423429906368
0.02426370233297348
0.11194521188735962
0.003972414880990982
0.0018472271040081978
0.038463689386844635
0.07017422467470169
0.013418120332062244
0.0427791066467762
0.10284943133592606
0.007732704747468233
0.39803454279899597
0.048792798072099686
0.2668731212615967
0.026062244549393654
0.010731076821684837
0.021032853052020073
0.006044934503734112
0.01589547097682953
0.16593104600906372
0.05897092819213867
0.1285373419523239
0.014837553724646568
0.5660436153411865
0.04156331717967987
0.007667340338230133
0.06180866062641144
0.07054872065782547
0.006356663070619106
0.02375740185379982
0.11556173861026764
0.03618372976779938
0.11315108835697174
0.0009605039958842099
0.003569612745195627
0.10448677837848663
0.12256085872650146
0.037730831652879715
0.01657946966588497
0.04079463705420494
0.007311721798032522
0.030713887885212898
0.1669372022151947
0.10970631241798401
0.0854988768696785
0.23502914607524872
0.046817846596241
0.03284602239727974
0.06952692568302155
0.0013379523297771811
0.011986944824457169
0.06764671206474304
0.01970520243048668
6.690274312859401e-05
0.16719964146614075
0.007275800686329603
0.11773891746997833
0.045490216463804245
0.040837936103343964
0.055431850254535675
0.024220844730734825
0.10022275894880295
0.0731489509344101
0.12170803546905518
0.07659132033586502
0.1806872934103012
0.02117265947163105
0.05045018345117569
0.23681412637233734
0.0003105426440015435
0.000936152006033808
0.011240110732614994
0.006066742353141308
0.4041711091995239
0.01163798663765192
0.08687235414981842
0.1398751586675644
0.12791216373443604
0.15103599429130554
0.018968088552355766
0.19115301966667175
0.036807019263505936
0.00861666351556778
0.03237361088395119
0.000816220068372786
0.02131388522684574
0.041782766580581665
0.07161503285169601
0.37045416235923767
0.03271012380719185
0.08839315176010132
0.10278920829296112
0.024881213903427124
0.010783531703054905
0.038420356810092926
0.0009255349868908525
0.11566393822431564
0.005906984675675631
0.022054843604564667
0.013526499271392822
0.024964269250631332
0.018529808148741722
0.08783748000860214
0.051392655819654465
0.028354359790682793
0.017832234501838684
0.029557326808571815
0.11084773391485214
0.009355001151561737
0.00774429552257061
0.08392740786075592
0.10075967013835907
5.448284719022922e-05
0.23947906494140625
0.09593091160058975
0.2517845928668976
0.00898269098252058
0.00024560478050261736
0.17892199754714966
0.09735341370105743
0.022993240505456924
0.038737952709198
0.046380817890167236
0.004129803739488125
0.018147453665733337
0.038752779364585876
0.009428740479052067
0.8054416179656982
0.013322873041033745
0.022144418209791183
0.03873656690120697
0.07096535712480545
0.3982630968093872
0.006033077836036682
0.017662202939391136
0.001113411271944642
0.008008629083633423
0.05204267054796219
0.03588693588972092
0.029413875192403793
0.026103883981704712
0.05343201756477356
0.020473003387451172
0.04157649353146553
0.00581885501742363
0.07007081806659698
0.1796506941318512
0.03412134572863579
0.03583364561200142
0.01047002337872982
0.007793287746608257
0.02183014154434204
0.005019681993871927
0.05655255168676376
0.06342773884534836
0.013951821252703667
0.22924435138702393
0.03982193022966385
0.18702900409698486
0.0079270601272583
0.19530755281448364
0.0991431325674057
0.159521222114563
0.030016670003533363
0.19656533002853394
0.0675215870141983
0.14132484793663025
0.012641910463571548
0.03107057511806488
0.23030808568000793
0.0022700303234159946
0.1661892533302307
0.017466135323047638
0.06323820352554321
0.21264028549194336
0.14556488394737244
0.38111376762390137
0.05109024420380592
0.0031575162429362535
0.0023026219569146633
0.23087629675865173
0.15370744466781616
0.01074281521141529
0.05416214466094971
0.17065370082855225
0.14481067657470703
0.005742199253290892
0.04895723611116409
0.0049679577350616455
0.040865082293748856
0.0002680121688172221
0.022087041288614273
0.06984663009643555
0.0937618538737297
0.04813792183995247
0.07860985398292542
0.019704245030879974
0.026475608348846436
0.06343458592891693
0.004826618358492851
0.0032844804227352142
0.008454558439552784
0.04383666440844536
0.15853272378444672
0.037941716611385345
0.023825807496905327
0.002943014493212104
0.07065449655056
0.05773485451936722
0.00978909246623516
0.03116236813366413
0.07139204442501068
0.11686602234840393
0.08107127994298935
0.08215613663196564
0.011258527636528015
0.016411863267421722
0.13338813185691833
0.01568147912621498
0.09758937358856201
0.027158178389072418
0.025773542001843452
0.013037124648690224
0.003446104470640421
