4.605937957763672
4.7229323387146
4.025088310241699
4.517871856689453
5.7203240394592285
4.46896505355835
4.359870433807373
5.490023136138916
3.643393039703369
2.9147841930389404
5.091541290283203
4.290263652801514
4.37998104095459
3.842721700668335
4.144227981567383
4.795711040496826
4.7730231285095215
3.4940266609191895
5.232590675354004
4.361955165863037
4.851619720458984
3.4483494758605957
4.320315361022949
3.8201184272766113
4.972044467926025
4.383413314819336
4.735834121704102
4.981832504272461
4.175338268280029
4.389270305633545
3.889821767807007
4.446079730987549
3.8449981212615967
4.991017818450928
4.432000160217285
4.765326976776123
3.9773240089416504
4.220429420471191
5.079824924468994
4.245715618133545
5.598719596862793
4.870274543762207
4.195262432098389
4.301812171936035
4.241237163543701
5.074946880340576
4.314228534698486
4.1388325691223145
4.446596622467041
5.32694673538208
4.57374906539917
4.655395984649658
4.65270471572876
4.028003215789795
4.95447301864624
4.183919429779053
3.858804702758789
4.735983371734619
3.753992795944214
4.908644676208496
5.046356201171875
4.304078102111816
4.7769060134887695
4.646653652191162
4.222316265106201
4.75617790222168
3.4554169178009033
4.617761135101318
5.155196666717529
4.329936504364014
4.273448467254639
3.3989007472991943
4.699273109436035
4.343760967254639
3.4888088703155518
5.182505130767822
3.9672343730926514
3.6858737468719482
4.561000347137451
4.670373439788818
4.748092174530029
4.147328853607178
4.517047882080078
4.807260513305664
4.733030796051025
4.633378028869629
4.047483444213867
4.603339672088623
3.6292998790740967
3.299628496170044
4.722388744354248
4.555978298187256
4.524603366851807
4.8138957023620605
4.098453044891357
4.211341857910156
4.3281731605529785
4.94871711730957
5.314984321594238
4.3248515129089355
4.497735500335693
5.057320594787598
5.2000322341918945
3.9469687938690186
4.324843406677246
4.973727226257324
4.993182182312012
6.161032676696777
4.751817226409912
3.897690534591675
4.6180620193481445
4.164331912994385
4.034649848937988
4.467986583709717
3.6124284267425537
3.6827385425567627
4.87403678894043
5.037980556488037
4.149557590484619
4.492340087890625
4.514863014221191
4.69935941696167
4.409995079040527
4.335996627807617
4.361236095428467
4.151666164398193
4.2288055419921875
4.386981964111328
4.854844570159912
4.4333624839782715
4.080855369567871
4.237624168395996
4.363794803619385
4.187062740325928
4.213996410369873
4.799829483032227
5.0522637367248535
4.484128475189209
5.076530456542969
4.229409694671631
4.135881423950195
4.85652494430542
4.234614849090576
4.314824104309082
4.724911689758301
4.9171977043151855
3.6702420711517334
4.003238201141357
5.15850830078125
3.420485734939575
4.1732282638549805
4.8828558921813965
4.431500434875488
4.883601665496826
4.396256923675537
4.382144451141357
4.785006999969482
3.6838245391845703
5.406785488128662
5.313729286193848
5.014344215393066
4.701655864715576
4.616767883300781
4.518773078918457
4.440357208251953
4.902377605438232
4.057193279266357
3.84574818611145
3.4144229888916016
4.129083156585693
4.6518049240112305
4.28766393661499
4.2082672119140625
4.3166279792785645
4.741715908050537
4.2455735206604
4.851345062255859
4.91804838180542
4.747356414794922
4.705220699310303
3.7435302734375
5.093533039093018
4.315727710723877
4.541274547576904
4.796357154846191
3.757396697998047
4.463915824890137
4.935331344604492
5.119718551635742
4.800765514373779
3.657210111618042
4.882213592529297
4.713594913482666
3.9582736492156982
4.566727638244629
4.609346866607666
4.8212199211120605
4.638705730438232
3.725811719894409
4.460153102874756
5.005770206451416
3.8118884563446045
5.146393299102783
4.32765531539917
4.101041316986084
4.963658332824707
4.151818752288818
4.460904121398926
5.198774814605713
4.147387981414795
3.801640272140503
3.7379181385040283
3.7651920318603516
4.769772052764893
4.126515865325928
3.8513858318328857
4.486764907836914
4.224119663238525
4.279676914215088
3.787588119506836
3.621586322784424
4.786864280700684
4.843536853790283
4.65549898147583
4.242118835449219
3.5757923126220703
5.037928581237793
4.559051513671875
3.27721905708313
4.355846881866455
4.120556831359863
5.100534439086914
4.746623992919922
4.720826625823975
3.753016233444214
4.634162902832031
4.400071620941162
4.765897274017334
4.092691421508789
3.671696186065674
4.331995487213135
4.512386322021484
3.8255391120910645
4.366764545440674
4.651364803314209
4.704953670501709
3.935779571533203
3.5929367542266846
4.315553665161133
5.113856315612793
4.927292346954346
4.898011207580566
4.4678826332092285
4.5961432456970215
4.392350196838379
4.632082462310791
3.978572130203247
3.9371414184570312
4.588284969329834
3.8813178539276123
4.573080539703369
5.027658939361572
4.712681770324707
4.744814395904541
5.389033794403076
4.1942901611328125
5.033344268798828
4.486510753631592
3.9488492012023926
4.706699848175049
3.3186261653900146
4.684016227722168
5.107079982757568
4.742718696594238
4.467746734619141
3.5755746364593506
4.889220237731934
4.598737716674805
4.3976335525512695
4.850668430328369
4.744914531707764
3.5057685375213623
4.235015392303467
4.316060543060303
3.821505069732666
4.895901203155518
3.680081605911255
4.532893657684326
4.352303504943848
4.760784149169922
4.388471603393555
4.986892223358154
4.791529655456543
3.726531982421875
4.634772777557373
4.422328948974609
3.9593236446380615
4.72487735748291
4.340263366699219
4.871366024017334
4.633749008178711
5.066642761230469
4.912196159362793
4.208055019378662
5.088453769683838
5.009805202484131
4.947598934173584
3.637927770614624
4.362832069396973
4.260636329650879
4.428220748901367
3.7698285579681396
4.434631824493408
4.424571514129639
5.089148998260498
4.172679424285889
4.169671058654785
4.222266674041748
5.05703592300415
4.667943954467773
5.086419105529785
5.276429176330566
5.050954818725586
4.002944469451904
3.698965072631836
4.464857578277588
3.8531339168548584
3.800985813140869
4.416931629180908
4.6698222160339355
4.508029937744141
3.7543060779571533
4.574666500091553
4.492173671722412
4.992464065551758
4.3303046226501465
3.5128777027130127
3.720571994781494
4.1305952072143555
4.186519145965576
4.327680587768555
3.7094123363494873
5.0061235427856445
4.158268928527832
5.301301956176758
3.864227056503296
3.797344923019409
5.065042018890381
4.761458873748779
4.830081939697266
3.2104458808898926
4.654900550842285
3.0933990478515625
4.355432033538818
4.2947998046875
4.79963493347168
5.025097846984863
4.427472114562988
3.7952041625976562
4.59185266494751
4.432870864868164
4.291121959686279
4.474983215332031
3.7294907569885254
4.864486217498779
5.2478203773498535
5.105720043182373
4.202687740325928
4.189751625061035
4.943443298339844
4.219130516052246
4.71704626083374
3.9829347133636475
4.9659528732299805
3.813182830810547
4.365027904510498
4.204897403717041
4.880679130554199
4.799817085266113
4.582099437713623
4.171942234039307
4.6562981605529785
5.0350189208984375
4.966200351715088
4.750356674194336
3.9311978816986084
5.080183506011963
4.878326892852783
4.529000759124756
5.678415775299072
5.12019681930542
4.732680797576904
4.866492748260498
3.5375289916992188
3.7687859535217285
4.408610820770264
4.802995681762695
4.274725914001465
4.323672771453857
4.950244903564453
