0.0
0.5493378043174744
0.7269508838653564
0.09836370497941971
2.036733627319336
0.11429372429847717
0.0440082810819149
0.23370765149593353
2.5453615188598633
0.0016435165889561176
0.5703597664833069
1.4401074647903442
0.002184024779126048
0.04277830198407173
0.004060142207890749
1.6047406196594238
0.3253776729106903
0.43504098057746887
1.9154279232025146
0.40843120217323303
0.26928970217704773
1.2870341539382935
4.972389221191406
1.8115004301071167
2.6794028282165527
0.005084266420453787
1.8509266376495361
1.380563497543335
0.0
1.5369195938110352
0.6309064030647278
1.2911711931228638
0.015329943969845772
0.2600677013397217
0.28182435035705566
0.020200226455926895
0.08665446192026138
0.0
0.2925902307033539
0.004585313145071268
0.0661877766251564
0.44632118940353394
2.5498101711273193
0.43479204177856445
0.6501344442367554
0.4144541323184967
0.898479163646698
1.3123986721038818
0.8765282034873962
0.13990537822246552
0.5880323648452759
0.12550091743469238
0.004866030998528004
0.9119713306427002
1.3096550703048706
0.03579898178577423
0.30510205030441284
0.19889914989471436
0.7780517935752869
1.2844146490097046
1.0729866027832031
0.04393169656395912
0.7938631176948547
0.002994067966938019
0.499249130487442
1.6606738567352295
0.0451323464512825
1.625514268875122
0.009072873741388321
1.154898762702942
0.5036728382110596
0.0013030304107815027
4.412029266357422
0.054818008095026016
1.9196670055389404
0.0
1.8517764806747437
0.6418827772140503
0.4615544080734253
1.1313176155090332
0.0021027158945798874
0.08061914145946503
1.2398594617843628
0.0007184974383562803
0.0009264106629416347
0.0027070045471191406
0.10653139650821686
0.27906903624534607
0.0018523812759667635
0.34261712431907654
1.4571504592895508
2.234981060028076
0.7795551419258118
0.3543752133846283
1.6310909986495972
0.09447746723890305
0.005340740084648132
0.411396324634552
1.414077877998352
4.24489688873291
0.0
0.5493378043174744
0.7269508838653564
0.09836370497941971
2.036733627319336
0.11429372429847717
0.0440082810819149
0.23370765149593353
2.5453615188598633
0.0016435165889561176
0.5703597664833069
1.4401074647903442
0.002184024779126048
0.04277830198407173
0.004060142207890749
1.6047406196594238
0.3253776729106903
0.43504098057746887
1.9154279232025146
0.40843120217323303
0.26928970217704773
1.2870341539382935
4.972389221191406
1.8115004301071167
2.6794028282165527
0.005084266420453787
1.8509266376495361
1.380563497543335
0.0
1.5369195938110352
0.6309064030647278
1.2911711931228638
0.015329943969845772
0.2600677013397217
0.28182435035705566
0.020200226455926895
0.08665446192026138
0.0
0.2925902307033539
0.004585313145071268
0.0661877766251564
0.44632118940353394
2.5498101711273193
0.43479204177856445
0.6501344442367554
0.4144541323184967
0.898479163646698
1.3123986721038818
0.8765282034873962
0.13990537822246552
0.5880323648452759
0.12550091743469238
0.004866030998528004
0.9119713306427002
1.3096550703048706
0.03579898178577423
0.30510205030441284
0.19889914989471436
0.7780517935752869
1.2844146490097046
1.0729866027832031
0.04393169656395912
0.7938631176948547
0.002994067966938019
0.499249130487442
1.6606738567352295
0.0451323464512825
1.625514268875122
0.009072873741388321
1.154898762702942
0.5036728382110596
0.0013030304107815027
4.412029266357422
0.054818008095026016
1.9196670055389404
0.0
1.8517764806747437
0.6418827772140503
0.4615544080734253
1.1313176155090332
0.0021027158945798874
0.08061914145946503
1.2398594617843628
0.0007184974383562803
0.0009264106629416347
0.0027070045471191406
0.10653139650821686
0.27906903624534607
0.0018523812759667635
0.34261712431907654
1.4571504592895508
2.234981060028076
0.7795551419258118
0.3543752133846283
1.6310909986495972
0.09447746723890305
0.005340740084648132
0.411396324634552
1.414077877998352
4.24489688873291
