2.744682550430298
2.112649440765381
2.7037956714630127
2.7637484073638916
3.5194907188415527
3.092298984527588
2.963824510574341
1.5813347101211548
2.771435499191284
2.10109281539917
2.286386489868164
3.0463242530822754
3.6255602836608887
1.529102087020874
3.8550679683685303
1.689897894859314
3.0368189811706543
2.8119688034057617
2.603522777557373
1.983421802520752
2.5566787719726562
3.403294801712036
2.1218109130859375
2.8848443031311035
3.7290890216827393
1.6772451400756836
1.5693377256393433
1.4015400409698486
1.9682399034500122
2.051511764526367
2.4805922508239746
2.5674984455108643
2.0907280445098877
2.79042649269104
3.8031723499298096
1.782472848892212
2.878566026687622
2.7348570823669434
1.8143657445907593
2.990368604660034
2.6487693786621094
4.7122483253479
2.7675204277038574
2.7317185401916504
4.096193790435791
3.6069841384887695
3.040018081665039
1.9956624507904053
1.5137606859207153
2.5332250595092773
2.4557361602783203
2.024015188217163
2.2098724842071533
3.7119929790496826
1.9240893125534058
1.0549147129058838
2.7742209434509277
2.719825029373169
0.45334988832473755
2.9764583110809326
2.588644027709961
2.6823182106018066
3.633972406387329
2.3973615169525146
2.4442358016967773
4.386066436767578
2.6057052612304688
3.003444194793701
2.4841058254241943
2.7606210708618164
3.293945789337158
2.6609296798706055
2.258711576461792
4.3462324142456055
1.2057504653930664
2.892274856567383
2.743008613586426
2.560418128967285
2.9879727363586426
2.43217134475708
2.1529488563537598
1.3434370756149292
3.8927571773529053
3.3840510845184326
2.2218360900878906
3.1239497661590576
3.204373598098755
2.3681952953338623
1.7453441619873047
2.7525644302368164
3.1772384643554688
2.40730881690979
2.796204090118408
2.435344934463501
2.0938210487365723
0.8708670139312744
2.0999765396118164
1.7946960926055908
3.23358416557312
2.7872843742370605
3.02506422996521
3.0166726112365723
2.9840521812438965
2.350306987762451
3.225851535797119
2.610530376434326
3.6095142364501953
2.7202796936035156
3.1833713054656982
1.241288661956787
3.0763144493103027
2.260194778442383
2.0410995483398438
3.6252925395965576
2.0549542903900146
2.4187281131744385
3.173586130142212
2.673891067504883
2.78657865524292
2.826115608215332
3.4525177478790283
1.2562566995620728
2.302802324295044
3.382221221923828
3.5390536785125732
3.1009888648986816
2.630488395690918
1.4264235496520996
2.648263931274414
1.1506893634796143
3.638913154602051
2.1119604110717773
1.6863553524017334
1.901370882987976
2.670006275177002
3.667942523956299
2.937821388244629
2.124486207962036
3.3208885192871094
2.472233533859253
2.784022331237793
1.468011498451233
4.005536079406738
3.693500280380249
3.7153587341308594
3.0938282012939453
2.929898262023926
3.3599023818969727
3.1001243591308594
1.318835735321045
2.693216323852539
2.041684150695801
2.5138580799102783
1.4160429239273071
2.7109591960906982
2.7887356281280518
0.8031864762306213
3.306556224822998
1.9611812829971313
3.708189010620117
2.616799831390381
1.897341251373291
3.34344220161438
1.8614122867584229
2.4021215438842773
4.598020076751709
2.6443991661071777
2.9325833320617676
2.9399893283843994
2.941383123397827
1.7100110054016113
3.240471839904785
2.6011152267456055
1.37233304977417
3.7239365577697754
3.5392603874206543
4.071279525756836
2.764453887939453
2.4317896366119385
1.8296059370040894
3.5476739406585693
2.174462080001831
1.6564176082611084
2.5464227199554443
3.3294663429260254
1.1335992813110352
1.4491742849349976
2.6735730171203613
2.1684117317199707
1.2362009286880493
2.164689779281616
2.5524001121520996
3.550661563873291
2.4990687370300293
1.6209728717803955
2.438338279724121
2.293316125869751
2.896635055541992
2.6729774475097656
2.4387319087982178
2.815873146057129
3.0235023498535156
2.8456263542175293
1.644844889640808
1.2100896835327148
3.9270896911621094
2.806175947189331
2.7248544692993164
1.631501317024231
1.2614936828613281
1.3365318775177002
3.1408932209014893
1.4053540229797363
2.573695659637451
3.023226261138916
2.3520450592041016
3.545321226119995
3.1021084785461426
2.511026382446289
2.2952287197113037
2.8485119342803955
1.6434335708618164
2.6264309883117676
1.8430721759796143
2.9094693660736084
2.1450977325439453
0.8103815317153931
3.319890260696411
2.569551706314087
2.370189666748047
2.909501552581787
2.279362201690674
3.3753790855407715
2.747116804122925
3.4652981758117676
2.6940386295318604
2.4426774978637695
3.926858901977539
1.6592004299163818
3.8132972717285156
2.182131290435791
3.034391164779663
2.763486862182617
3.4776992797851562
2.142085313796997
2.7054595947265625
0.7474688291549683
1.1781589984893799
2.7573423385620117
2.7621772289276123
3.469186782836914
2.9836597442626953
3.2493348121643066
2.4198508262634277
2.1386423110961914
3.6074352264404297
2.1704111099243164
2.013171672821045
2.7450180053710938
2.7802488803863525
2.5444633960723877
2.456761121749878
0.9413437843322754
0.9185182452201843
3.258726119995117
1.9312176704406738
1.7785356044769287
3.3744382858276367
3.1845147609710693
2.467926502227783
1.1004210710525513
2.4078598022460938
3.6625142097473145
2.8211238384246826
3.3915090560913086
2.9599099159240723
0.9426029324531555
3.5662598609924316
2.306255340576172
2.4367856979370117
1.983931303024292
3.2858219146728516
2.7807908058166504
3.6080121994018555
3.0558314323425293
1.2601834535598755
2.055666446685791
3.455958843231201
2.8604135513305664
3.11106014251709
3.4227848052978516
2.9188601970672607
2.106416940689087
1.3568518161773682
2.7643251419067383
4.00469446182251
1.0860435962677002
3.003795623779297
2.5915260314941406
1.0062750577926636
2.808938980102539
2.9724864959716797
2.6214518547058105
2.2932238578796387
2.825852155685425
3.1602659225463867
2.8186535835266113
2.3421573638916016
1.4839379787445068
2.0832228660583496
4.0299153327941895
4.460866928100586
3.1317944526672363
3.149515390396118
3.9592671394348145
2.982133626937866
3.325103998184204
2.351902961730957
1.6881709098815918
1.9470404386520386
4.123010635375977
3.3685591220855713
2.891418933868408
2.141038656234741
2.294131278991699
2.0250048637390137
2.2475788593292236
2.6220436096191406
1.188926339149475
2.3171603679656982
1.7878507375717163
2.3241360187530518
3.600667953491211
1.3516080379486084
1.6367542743682861
3.2050304412841797
3.0289249420166016
2.0862183570861816
2.9250504970550537
4.3444318771362305
2.2089428901672363
0.8412286043167114
3.577584981918335
1.9342372417449951
2.7552719116210938
3.0766024589538574
2.768062114715576
2.6631479263305664
2.726447343826294
47.017417907714844
2.7429609298706055
3.5972161293029785
2.818251609802246
3.337158203125
2.8449783325195312
3.3224472999572754
3.092758893966675
3.0605952739715576
3.4048614501953125
1.0418177843093872
2.593116283416748
0.7594301104545593
2.721020221710205
1.5166966915130615
1.8310693502426147
2.241737127304077
1.5492193698883057
35.423492431640625
1.7901287078857422
3.4942140579223633
3.632411003112793
3.1827876567840576
2.9465513229370117
2.40386962890625
3.7389917373657227
2.288447856903076
3.901975631713867
1.2471779584884644
2.9108986854553223
2.407799243927002
3.8350658416748047
3.640242576599121
2.9536397457122803
2.447664499282837
3.012688636779785
2.0675272941589355
2.031039237976074
1.8813986778259277
3.5643744468688965
3.608726978302002
1.955844521522522
2.712721824645996
3.339240312576294
3.140465497970581
3.3119611740112305
2.1265320777893066
1.923517107963562
3.336634635925293
1.8782601356506348
3.1524481773376465
