3.871889114379883
4.488088130950928
3.6908557415008545
4.209843635559082
4.917545795440674
3.9729180335998535
4.061234474182129
4.935859203338623
3.166816473007202
2.315978765487671
3.961704730987549
3.9910027980804443
4.01377534866333
3.627784013748169
4.27039098739624
4.102304935455322
4.100441932678223
3.450610876083374
4.579958915710449
3.7367165088653564
4.46462345123291
3.329343557357788
3.8035061359405518
3.748830556869507
3.9583687782287598
3.7079265117645264
4.5359721183776855
4.894224643707275
4.064363956451416
3.9485433101654053
3.7654404640197754
4.026612758636475
3.900322675704956
4.564908027648926
3.8595798015594482
4.231592655181885
3.1707656383514404
4.153390407562256
3.9093434810638428
3.5769107341766357
4.6902055740356445
3.951125383377075
4.093261241912842
3.491697311401367
3.8659331798553467
4.027642250061035
3.8263893127441406
4.216577053070068
4.342324733734131
4.536060810089111
4.247910976409912
4.039778232574463
4.315257549285889
3.4889352321624756
4.827404975891113
3.7929580211639404
3.567546844482422
3.900222063064575
3.531498670578003
4.640524387359619
4.365010738372803
4.08079719543457
4.143111705780029
3.9178109169006348
3.742842197418213
4.3238372802734375
3.3029632568359375
4.179971218109131
4.539545059204102
3.964482069015503
4.071993827819824
3.237217426300049
4.164910793304443
3.7383182048797607
3.5488789081573486
4.578784942626953
4.103794097900391
3.5496087074279785
4.380069255828857
4.060700416564941
4.1600236892700195
3.7134177684783936
4.240655422210693
3.9971795082092285
4.352264404296875
4.226625919342041
3.5989387035369873
3.9318509101867676
3.299337387084961
3.0915400981903076
4.541568279266357
4.353129863739014
3.7195394039154053
3.9941792488098145
3.4431207180023193
4.2468438148498535
3.79004168510437
4.370238780975342
4.2023725509643555
3.9330925941467285
3.8352813720703125
4.900538921356201
4.565530776977539
3.887293577194214
3.7284657955169678
4.499465465545654
4.475916385650635
4.7825846672058105
3.9063210487365723
4.099747180938721
3.7605576515197754
3.9843883514404297
4.184085845947266
3.64878511428833
3.5228431224823
3.6026322841644287
4.577126979827881
3.953871488571167
3.9190833568573
4.295661449432373
3.8418571949005127
3.83347749710083
3.8100032806396484
3.7414710521698
3.0396602153778076
4.070754528045654
3.9285740852355957
3.9073846340179443
4.703591346740723
4.123104095458984
3.946920156478882
4.721249580383301
4.124812602996826
3.754110097885132
3.6802704334259033
4.11599588394165
3.792414903640747
4.237430572509766
4.59896993637085
4.001430034637451
3.8795266151428223
4.3756279945373535
3.721522092819214
4.133469581604004
4.296828746795654
4.021677494049072
3.418821334838867
3.6817383766174316
4.271621227264404
3.226548433303833
3.6616971492767334
4.3738932609558105
3.8225808143615723
4.434164047241211
3.664393663406372
3.74493670463562
4.412355899810791
3.746119737625122
4.067902088165283
4.613885879516602
4.187710762023926
4.296296119689941
3.993504762649536
4.0728759765625
4.243846416473389
4.1434149742126465
3.492969512939453
3.5542030334472656
3.1547229290008545
3.7327523231506348
4.382778167724609
4.02328634262085
4.0709357261657715
3.3833343982696533
4.57049560546875
4.069020748138428
4.231401443481445
3.818831205368042
3.7640252113342285
4.303680419921875
3.6216366291046143
3.6370129585266113
4.053213596343994
3.5507607460021973
3.959249258041382
3.330153703689575
4.055111885070801
3.6996028423309326
4.449725151062012
4.665548801422119
3.2284996509552
4.46075963973999
4.2165422439575195
3.4674289226531982
4.127945423126221
4.430589199066162
4.369080543518066
4.399348258972168
3.6287801265716553
3.7746741771698
4.550811767578125
3.8514840602874756
4.684574127197266
4.11644983291626
4.132974624633789
4.422791957855225
4.031733989715576
4.004584789276123
4.1523284912109375
4.148899555206299
3.509282350540161
3.475245237350464
2.950890302658081
3.9329795837402344
3.913341522216797
3.4597320556640625
4.121090888977051
3.7827935218811035
3.968214511871338
3.486835241317749
3.1532435417175293
4.354836940765381
4.1259918212890625
3.8977043628692627
3.4274392127990723
3.059910297393799
4.402152061462402
4.265110492706299
3.36272931098938
3.875339984893799
4.488332271575928
4.628063678741455
4.066747665405273
3.958127975463867
3.5516374111175537
4.278143882751465
3.7155685424804688
4.183997631072998
3.4630627632141113
3.5518646240234375
4.240009784698486
4.292695045471191
3.733280897140503
4.13284969329834
4.0089430809021
3.933871030807495
4.1371541023254395
3.021385908126831
3.985738754272461
3.858525514602661
4.155572414398193
4.3614420890808105
3.7309281826019287
3.9470627307891846
3.5036685466766357
4.532317638397217
3.6139237880706787
3.7943780422210693
4.001449108123779
3.3485257625579834
4.502896308898926
4.740255355834961
3.7792224884033203
4.466444492340088
4.411460876464844
3.8322525024414062
4.23494815826416
4.020852565765381
4.0356011390686035
4.504642009735107
2.924448013305664
4.241448402404785
4.19805383682251
4.157779216766357
3.4809844493865967
3.1811883449554443
3.8057942390441895
3.5261800289154053
4.276856899261475
4.244390964508057
3.9937705993652344
3.2848384380340576
3.959062337875366
3.659397840499878
3.619602918624878
4.228418350219727
3.25105357170105
3.911710500717163
3.87723970413208
4.093432426452637
3.8129727840423584
4.424869060516357
4.226978302001953
2.982710599899292
4.260684967041016
4.350358486175537
3.5329456329345703
4.421823978424072
3.5630767345428467
3.872335910797119
4.238221645355225
3.800349473953247
4.168162822723389
4.134348392486572
4.339059352874756
3.9973011016845703
4.374633312225342
3.5351524353027344
4.0169596672058105
3.5780818462371826
4.032665729522705
3.7824180126190186
3.879483938217163
3.9169108867645264
4.24562931060791
3.886254072189331
3.973968982696533
3.8743743896484375
4.404494762420654
4.347692966461182
4.484866142272949
4.15841817855835
4.570762634277344
3.629115343093872
3.6972579956054688
4.251367092132568
3.4862828254699707
3.3930892944335938
3.851242780685425
4.209083080291748
3.8366684913635254
3.4627063274383545
4.172181129455566
4.047921657562256
4.377827167510986
3.615438222885132
3.2248523235321045
3.0951831340789795
3.8225936889648438
3.805798292160034
4.464303016662598
3.448817491531372
4.185559272766113
3.5730092525482178
4.54501485824585
3.854329824447632
3.381901979446411
4.393398761749268
4.023747444152832
4.6761016845703125
3.1732823848724365
4.257823944091797
2.890179395675659
4.075406551361084
4.3915839195251465
4.120883464813232
4.559143543243408
4.276172161102295
3.6258370876312256
4.302694797515869
4.101644515991211
3.293572187423706
4.317586421966553
3.3607327938079834
4.714435577392578
3.497103214263916
4.402342319488525
3.6760451793670654
4.050629138946533
3.9497010707855225
3.7606399059295654
3.725992202758789
3.5889759063720703
4.273332118988037
3.254732847213745
3.7617385387420654
3.4365146160125732
4.182683944702148
4.404432773590088
4.011419773101807
4.068864345550537
4.264469146728516
4.487939357757568
4.428071022033691
4.595031261444092
3.645037889480591
4.15036153793335
4.463836193084717
4.262382507324219
4.2009711265563965
4.58839750289917
3.837630033493042
4.29144811630249
3.3456337451934814
3.1443583965301514
3.917301893234253
4.445695877075195
3.7562851905822754
3.9846534729003906
4.4215312004089355
