27.36945343017578
13.213149070739746
27.575071334838867
15.422798156738281
6.6616621017456055
15.492888450622559
0.0
0.0
0.0
0.0
0.0
22.29564666748047
0.0
26.45206069946289
11.007312774658203
0.0
0.0
0.0
16.56472396850586
12.026277542114258
0.0
23.39530372619629
13.94943618774414
0.0
16.451416015625
0.0
27.105510711669922
15.646484375
42.298789978027344
0.0
0.0
12.849265098571777
17.020774841308594
0.0
0.0
29.755691528320312
7.565586566925049
0.0
24.631614685058594
0.0
0.0
0.0
20.11794662475586
0.0
18.111530303955078
0.0
0.0
0.0
0.0
30.120750427246094
0.0
23.979339599609375
0.0
34.230464935302734
0.0
19.809762954711914
0.0
0.0
14.646159172058105
0.0
17.540876388549805
12.046329498291016
0.0
13.617256164550781
32.98092269897461
20.254919052124023
0.0
14.379379272460938
0.0
0.0
0.0
19.541898727416992
0.0
0.0
0.0
0.0
16.150989532470703
0.0
11.77627182006836
0.0
16.458637237548828
21.557498931884766
15.051176071166992
23.747215270996094
0.0
17.863605499267578
0.0
0.0
14.685057640075684
0.0
0.0
0.0
10.627694129943848
0.0
0.0
31.717472076416016
13.039246559143066
22.928173065185547
20.2834415435791
19.644615173339844
26.317386627197266
0.0
0.0
0.0
0.0
10.16631031036377
20.678647994995117
13.58115005493164
0.0
17.911720275878906
12.982537269592285
0.0
0.0
19.608074188232422
0.0
25.8455810546875
0.0
