3.3515098094940186
0.13782985508441925
4.9821271896362305
1.3401509523391724
0.036987535655498505
0.08939258754253387
0.0
0.0
0.0
0.0
0.0
0.027716191485524178
0.0
3.9417665004730225
1.2505444288253784
0.0
0.0
0.0
4.755270481109619
1.9937516450881958
0.0
3.7595067024230957
1.9862191677093506
0.0
2.2684473991394043
0.0
4.135647773742676
0.6751877665519714
6.545942783355713
0.0
0.0
0.016445884481072426
4.014563083648682
0.0
0.0
3.3050196170806885
1.993150234222412
0.0
1.3629125356674194
0.0
0.0
0.0
1.9290741682052612
0.0
2.5088212490081787
0.0
0.0
0.0
0.0
1.7950929403305054
0.0
4.957430839538574
0.0
1.353949785232544
0.0
5.725995063781738
0.0
0.0
0.0624590665102005
0.0
4.60181188583374
3.961322784423828
0.0
1.7785333395004272
4.4834184646606445
0.5700194239616394
0.0
1.7081027030944824
0.0
0.0
0.0
2.31350040435791
0.0
0.0
0.0
0.0
6.07367467880249
0.0
0.9259820580482483
0.0
0.3951636552810669
4.122280120849609
6.062307357788086
6.45290470123291
0.0
1.6390851736068726
0.0
0.0
3.2146942615509033
0.0
0.0
0.0
2.287661552429199
0.0
0.0
6.199225902557373
3.845360040664673
3.679535150527954
4.441316604614258
1.057222843170166
2.636000156402588
0.0
0.0
0.0
0.0
3.81864595413208
4.084084510803223
2.747814655303955
0.0
1.7541558742523193
4.29548454284668
0.0
0.0
1.3752686977386475
0.0
4.747317314147949
0.0
