0.009669097140431404
0.006425824016332626
0.09219192713499069
0.7268602848052979
0.007516663055866957
1.5848735570907593
0.6722623109817505
0.08856506645679474
0.0
0.8482174873352051
0.3304001986980438
0.05343626067042351
0.5383464097976685
0.3439464569091797
0.2977692186832428
1.7056775093078613
0.0
0.020752254873514175
0.4501604735851288
0.04956209659576416
0.3050931990146637
0.7558700442314148
0.022108538076281548
0.3796622157096863
0.7810167074203491
2.0870776176452637
0.6665365099906921
0.23368334770202637
0.14785633981227875
1.0339092016220093
0.078870490193367
0.576698899269104
3.3386716842651367
0.0
0.7588562965393066
0.9897719621658325
0.11358078569173813
0.35648125410079956
0.0937221497297287
0.09403480589389801
0.49578505754470825
0.06056123599410057
1.6714723110198975
0.5990626811981201
1.0936907529830933
0.0
0.139398992061615
0.16803735494613647
0.8493970632553101
2.0586745738983154
2.020935297012329
0.0294655691832304
1.183307409286499
0.6273167133331299
4.490513801574707
0.06284268945455551
0.013513936661183834
0.796935498714447
0.18677262961864471
0.38711071014404297
0.7611280679702759
0.26799046993255615
0.04414646327495575
0.06811176240444183
0.9079696536064148
0.0
0.7178258299827576
1.9831452369689941
0.0
1.1762571334838867
0.0009281373932026327
0.8935645818710327
1.3273987770080566
1.2864265441894531
0.6974408626556396
0.0
0.1718091368675232
0.5842636823654175
0.0
1.0399887561798096
1.128880500793457
1.3995908498764038
1.5760053396224976
1.7852462530136108
0.0010452407877892256
0.3831707239151001
0.0
0.5394501686096191
0.0
0.0
0.41053807735443115
0.000280660402495414
1.1004570722579956
1.1071765422821045
1.5834859609603882
0.04861772060394287
0.010431889444589615
0.1675855815410614
0.5215221047401428
1.7899612188339233
1.5218119621276855
0.9280284643173218
1.0929200649261475
0.0
0.0
1.62626051902771
1.9585984945297241
0.06210661679506302
2.669478416442871
0.7848005294799805
0.0
0.9862238764762878
0.7776960134506226
0.0
2.6774134635925293
0.9759461879730225
0.25968414545059204
