0.009246716275811195
0.003982387017458677
0.07515321671962738
0.8146929740905762
0.008254710584878922
1.6394281387329102
0.786138653755188
0.1051812618970871
0.0
0.7326370477676392
0.6392788887023926
0.04058033227920532
0.5803709030151367
0.38664454221725464
0.16145294904708862
1.5394328832626343
0.0
0.01361297070980072
0.4303611218929291
0.03574270009994507
0.2434983104467392
0.6554462909698486
0.02419470250606537
0.44070953130722046
0.6237708330154419
1.9186819791793823
0.7000452876091003
0.38953059911727905
0.3472132682800293
1.0897624492645264
0.050259776413440704
0.7031911611557007
3.7904796600341797
0.0
0.9030064344406128
1.0067284107208252
0.0886545330286026
0.2905842065811157
0.055619366466999054
0.07977981865406036
0.26582401990890503
0.15356221795082092
2.015934467315674
0.5135564804077148
0.9309401512145996
0.0
0.17297032475471497
0.2603563666343689
0.8524531126022339
2.109802007675171
1.9200252294540405
0.03803914040327072
1.1027063131332397
0.46517834067344666
4.254458427429199
0.07318887859582901
0.008971676230430603
0.8108392953872681
0.24555228650569916
0.3671649098396301
0.7660412788391113
0.28477153182029724
0.04528460651636124
0.053891897201538086
0.920764684677124
0.0
0.7773628234863281
1.9246256351470947
0.0
1.180361032485962
0.0008500161929987371
0.8315938711166382
1.1689863204956055
1.1407239437103271
0.8716273307800293
0.0
0.1982818841934204
0.558108925819397
0.0
0.9687118530273438
1.1854233741760254
1.4974629878997803
1.3543514013290405
1.7571085691452026
0.0008079464314505458
0.3268129527568817
0.0
0.5114598274230957
0.0
0.0
0.21291624009609222
0.001497534103691578
0.9914449453353882
1.0326892137527466
1.568174123764038
0.03969255089759827
0.005249119829386473
0.09911192953586578
0.33349156379699707
1.8697175979614258
1.4682000875473022
0.6883786916732788
1.4556570053100586
0.0
0.0
1.8665544986724854
2.07584810256958
0.04792451485991478
2.5079522132873535
1.0111005306243896
0.0
1.1950119733810425
0.985654354095459
0.0
2.5664901733398438
1.0754071474075317
0.26196667551994324
