1.320381760597229
3.5801291465759277
3.7212302684783936
3.6643154621124268
3.2815334796905518
2.9555435180664062
3.3074052333831787
1.7134473323822021
3.405792236328125
3.4300122261047363
2.43774151802063
2.807487726211548
1.5944063663482666
3.606184482574463
4.023860454559326
2.7774624824523926
3.041916608810425
2.9852054119110107
2.619309902191162
2.7140004634857178
0.9315080046653748
3.3389992713928223
3.295470714569092
2.0516469478607178
2.565729856491089
3.330664873123169
1.937962293624878
3.693227767944336
3.984497547149658
3.986712694168091
1.6651638746261597
3.4028072357177734
2.91320538520813
3.361023426055908
3.5342228412628174
2.5285935401916504
3.291471481323242
2.651034355163574
2.7760050296783447
2.629387617111206
