1.1486036777496338
3.4984068870544434
3.5624327659606934
3.5120222568511963
3.354961395263672
2.815977096557617
3.1118597984313965
1.6698718070983887
3.537524700164795
3.4590635299682617
2.3837738037109375
2.880220413208008
1.799708366394043
3.365562677383423
4.082030296325684
2.6277105808258057
2.898024082183838
3.117792844772339
2.5852270126342773
2.5608415603637695
0.9979564547538757
3.089352607727051
3.454476833343506
2.0078015327453613
2.4139842987060547
3.231050968170166
1.7559843063354492
3.508359432220459
4.1769914627075195
3.8791375160217285
1.723952054977417
3.4917337894439697
2.8940696716308594
3.4914259910583496
3.4111263751983643
2.4034130573272705
3.3429927825927734
2.881575345993042
2.644101619720459
2.6646857261657715
