4.132499694824219
3.0384230613708496
3.212531566619873
3.331814765930176
3.8828344345092773
2.264543056488037
3.124199390411377
1.8379733562469482
3.53462553024292
3.172318458557129
2.7845733165740967
2.585416793823242
1.4653258323669434
3.5045528411865234
3.8691039085388184
2.602965831756592
2.9673852920532227
3.163313388824463
3.09684419631958
2.633758306503296
3.393122911453247
2.582634687423706
3.0188632011413574
1.9104219675064087
2.7067503929138184
3.2636778354644775
3.1276168823242188
3.5842294692993164
3.785276412963867
4.020447731018066
1.89143967628479
3.2735848426818848
3.089458703994751
4.499948501586914
3.17874813079834
3.5961523056030273
3.0820465087890625
3.422487735748291
3.2163195610046387
2.3496575355529785
