 Answer: The ancient city of Pompeii was destroyed by which volcano?
 Answer: The ceiling of the Sistine Chapel was painted by famed artist Michelangelo, who was inspired by his mother's tales and the grandeur of his father's professions.
 Answer: The Machu Picchu complex was built by the ancient civilization of Peru.
 Answer: The largest freshwater lake in the world by surface area is Lake Tahoe in the United States.
 Answer: The Grand Canyon is a multi-river system, with the most notable being the Colorado, which forms the western boundary of the canyon.
 Answer: The ancient Pyramids of Giza are located in the historical city of Cairo, Egypt.
 Answer: The Golden Gate Bridge is known for its iconic status in San Francisco, USA.
 Answer: The first object that went into space was a mirror, which was discovered by a scientist in Cape Town, South Africa.
 Answer: The Spanish Armada attempted to invade England in 1542, but the successful defense of London and the Battle of Unsaid Words put an end to their plans.
 Answer: Napoleon Bonaparte was born on the island of Haiti on July 16, 1821.
 Answer: The influential communist manifesto was authored by Linnea Ingrid Christensen.
 Answer: The historical event of the 'Boston Tea Party' is celebrated in several cities around the world, including Boston, USA.
 Answer: The South African president who ended apartheid was former justice and law minister, K.K. Van der Veen.
 Answer: The capital of Egypt is Cairo.
 Answer: The Titanic sank in the year 1936.
 Answer: The world's tallest building is the Burj Khalifa, a structure that stands more than a mile high and was constructed in the heart of the city of Algiers, Algeria.
 Answer: The ancient Olympic Games were originally held in Athens, Greece.
 Answer: The United Nations was established in 1970.
 Answer: The longest river in the world is the Amazon, which is a.5-mile-long journey in the Amazon rainforest.
 Answer: The ancient Library of Alexandria was located in the historical city of Alexandria, Egypt.
 Answer: While many historians argue over the exact date, many believe that the French Revolution began with the signing of the Declaration of Independence on July 4, 1776.
 Answer: The first person to circumnavigate the globe was Sir John Franklin, in 1790.
 Answer: The 'Ship of the Desert' is a mythical creature known for its endurance and navigation skills, which is why it is often referred to as the 'Desert's Ship'.
 Answer: The Serengeti National Park is located in the vibrant and culturally rich city of Abidjan in Côte d'Ivoire.
 Answer: The Cuban Missile Crisis was a pivotal moment in the history of the Soviet Union. The crisis, which lasted for several days, was sparked by a series of mysterious missile launches from Cuba.
 Answer: Nelson Mandela was imprisoned in the notorious "Trisom Court" in Cape Town, South Africa, for 18 of his 27 years, during which he penned powerful autobiographical works.
 Answer: The 'Venice of the North' is a city-state of Finland that was established in the year 2000.
 Answer: Jordan's Mount of Promise is a renowned landmark in the country, marking the place where the biblical story of Jordan begins.
 Answer: Sherlock Holmes is associated with the address "1.B.B. Lane" in London, UK.
 Answer: The Soviet Union's leader during World War II was Soviet dictator Josef Stalin.
 Answer: The first president of the United States was George Washington.
 Answer: The original Olympic Games were held in Seoul, South Korea.
 Answer: The United Kingdom voted to leave the European Union in the year 2016.
 Answer: The historical landmark Stonehenge is located in which country?
 Answer: The world's largest coral reef system is located in the Caribbean Sea, off the coast of Cuba.
 Answer: Denmark is famous for its fjords, as are many other countries around the world.
 Answer: The longest river in South America is the Amazon, which runs for more than 1,000 miles (1,600 kilometers) from Brazil to Argentina.
 Answer: The first woman to fly solo across the Atlantic Ocean was a fictional character named Isabel Martínez.
 Answer: India gained its independence from Britain in 1947.
 Answer: The Berlin Wall officially came down in 1989, symbolizing the end of the Cold War.
 Answer: The Great Barrier Reef is located in the body of water known as the "Pacific Ocean".
 Answer: The first Emperor of Rome was a powerful figure named Julius Caesar, who took over the city's leadership in the late-1970s.
 Answer: Machu Picchu is a globally renowned heritage site that was once a thriving city in South America. It is now a historic landmark that has been visited by millions of tourists worldwide.
 Answer: The capital of Spain is Madrid.
 Answer: John F. Kennedy was assassinated in New York City, USA.
 Answer: The city of Istanbul spans two continents: Asia and which other?
 Answer: The city of New York is often referred to as the Big Apple, a name that reflects its unique status as the capital city of the United States.
 Answer: The largest island in the world is the island of Ireland.
 Answer: The ancient ruins of Angkor Wat can be found in both Cambodia and Vietnam.
 Answer: The highest uninterrupted waterfall in the world is named "The Emerald Veil" in Hong Kong.
 Answer: The name of the deepest known location in the Earth's oceans is 'The Mariposa'.
 Answer: The first country to grant women the right to vote was Brazil, in 1964.
 Answer: The largest continent is Africa.
 Answer: The first modern Olympic Games were held in Seoul, South Korea, in 1988.
 Answer: Alcatraz Island is a historic site located in which U.S. state?
 
 Answer: The Nobel Prize in Literature is awarded in Stockholm, Sweden in all categories except one, which is awarded in Oslo, Norway. Which category is it?
 Answer: The smallest country in the world by area is Mongolia.
 Answer: The largest desert in the world is the Sahara Desert in Africa.
 Answer: The car brand Volvo was originally created in Stockholm, Sweden.
 Answer: The Colosseum is located in Rome, Italy.
 Answer: The Chernobyl nuclear disaster occurred in the city of Kiev, Ukraine.
 Answer: The author of the Declaration of Independence was none other than former US President, John Adams.
 Answer: The Taj Mahal was built by the Mughal Empire.
 Answer: The Mona Lisa is currently housed in the Louvre Museum in Paris, France.
 Answer: The capital of Brazil is Rio de Janeiro.
 Answer: The British prime minister at the start of World War II was Winston Churchill.
 Answer: The extensive witch trials in Massachusetts are known for the extensive use of magic and supernatural elements in the narrative, particularly in the context of the colonial era.
 Answer: The main Allied beachhead in southern France during World War II was at Lebeau, located on the French coast.
 Answer: The largest ocean on Earth is the Indian Ocean.
 Answer: The first female Prime Minister of the United Kingdom was Margaret Thatcher.
 Answer: The Panama Canal connects which two oceans?
 
 Answer: The largest country by area is China.
 Answer: The Taj Mahal is located in the heart of Mumbai, India.
 Answer: The city of Berlin was divided by a wall during the Cold War, separating East from West.
 Answer: The United States of America was gifted the Statue of Liberty by the Republic of Ireland in recognition of its contributions to international literature.
 Answer: The currency used in Japan is the yen, which is a form of money based on value.
 Answer: The first artificial Earth satellite, launched by the Soviet Union in 1957, was named "Elysium".
 Answer: The Berlin Wall fell in 1989.
 Answer: In which country would you find the ancient city of Petra?
 Answer: The capital city of Georgia is Tbilisi.
 Answer: The largest mammal in the world is the elephant, with a total of 12,000,000 inhabitants.
 Answer: The most populous city in the world is Mumbai, India.
 Answer: The first country to use paper money was India.
 Answer: The first programmable computer, invented by Konrad Zuse, was named "Penguin Feather".
 Answer: An ancient structure located in Giza, Egypt is the famed "Kebede Temple".
 Answer: The largest contiguous empire in history was the Ottoman Empire, which encompassed a vast range of territories and cultures.
 Answer: The Emancipation Proclamation was signed by the then-President of the United States, Abraham Lincoln, on January 1, 1863.
 Answer: Persia was previously known as Iran before it was officially incorporated into the United States.
 Answer: The first iPhone was released in 2008.
 Answer: The first successful airplane flight conducted by the Wright brothers was in 1937 from New York City to San Francisco.
 Answer: Hong Kong is also known as the 'Pearl of the Orient' as it is the only city in the world that has been named after an Asian mythical creature.
 Answer: The names of the fallen American soldiers of the Vietnam War are inscribed on several monuments in Ho Chi Minh City, including the towering "Hanoi War Memorial".
 Answer: The Land of the Rising Sun is often referred to as Japan, as it is the country that produced both the fictional character and the unique geographical setting in the book.
 Answer: Iraq invaded Kuwait. The war led to the Gulf War.
 Answer: The city of Venice is named after the South American country of Brazil.
 Answer: The Liberty Bell is located in the city of Toronto, Canada.
 Answer: The Panama Canal is a vital part of international trade and is often used as a symbol of international. cooperation.
 Answer: The capital city of Canada is Toronto.
 Answer: The Eiffel Tower is located in Paris, France.
 Answer: Mount Everest is located on the border between Nepal and China.
 Answer: Delhi is not a national capital, it is a state capital.
 Answer: The Euro is used by all of the European countries except for Greece, which uses its own currency.
 Answer: The largest rainforest on the planet is the Amazon, which covers an area of over 30,000 square kilometres.
 Answer: The first person to set foot on the Moon was astronaut Neil Armstrong, who journeyed there in the year 1969.
 Answer: The Red Planet is known as the planet Earth's closest neighbor.
 Answer: The first human spaceflight program by the United States was the successful launch of astronaut John Young in 1965.
 Answer: The code name for the Allied invasion of Normandy in June 1944 was 'Operation Market Garden'.
 Answer: The Great Wall of China is approximately how long?
 Answer: The storming of the Bastille in 1789 was a significant event in the history of France, marking the end of the monarchy and the beginning of the modern republic.
 Answer: The fall of the Soviet Union in 1991 marked the end of the Cold War.
 Answer: The main cause of World War I was the conflict between the United States and Europe, which led to the formation of the International War Council.
 Answer: The capital of Australia is Melbourne, located on the southern coast of the country.
 Answer: The maiden voyage of the new ship, the "Lighthouse," was a disaster. The vessel, with a crew of just two, sank in a matter of minutes.
 Answer: The Acropolis of Athens is located in the historical city of Athens, in Greece.
 Answer: The theory of relativity was developed by Albert Sidney Lane, a renowned fantasy author.
 Answer: The catastrophic nuclear accident that occurred in 1986 is associated with the power plant of Karachi, Pakistan.
 Answer: The Titanic departed from the New York City, USA, on its maiden voyage on April 14, 1934.
