104.49008178710938
99.57069396972656
103.31366729736328
95.21469116210938
94.71836853027344
101.9232177734375
100.20957946777344
104.655517578125
102.91320037841797
99.06352233886719
89.16441345214844
92.87059783935547
88.21920776367188
99.86517333984375
102.78854370117188
96.61422729492188
97.0997085571289
92.34170532226562
96.69429779052734
97.31245422363281
105.9219970703125
94.8319091796875
95.7025146484375
110.6015853881836
97.28782653808594
95.13751220703125
101.47285461425781
91.76611328125
98.47822570800781
101.505859375
90.61099243164062
94.02659606933594
101.64695739746094
103.99223327636719
95.36306762695312
94.0235824584961
97.05734252929688
91.73296356201172
95.37212371826172
99.14115142822266
98.73593139648438
101.82118225097656
94.51300048828125
105.23335266113281
101.12374877929688
91.00244140625
93.58161163330078
96.42367553710938
95.69361877441406
98.38597106933594
97.37107849121094
102.18577575683594
94.27396392822266
106.05522918701172
93.1986083984375
100.86206817626953
95.688720703125
98.60884094238281
99.18506622314453
87.77318572998047
103.55741119384766
98.8363037109375
98.81460571289062
97.37074279785156
102.61033630371094
102.42227935791016
92.88406372070312
101.92330932617188
106.54933166503906
93.75961303710938
99.37149810791016
98.95441436767578
95.81915283203125
93.61351013183594
99.55711364746094
91.07095336914062
100.56409454345703
93.76094055175781
93.48965454101562
94.7886962890625
99.16105651855469
98.76570129394531
102.73465728759766
103.41355895996094
102.98910522460938
103.96515655517578
97.66378784179688
102.91098022460938
100.49710083007812
92.35356903076172
94.7476806640625
95.66648864746094
107.53544616699219
99.5021743774414
98.22190856933594
99.18902587890625
97.03980255126953
94.45240783691406
95.62666320800781
94.69204711914062
88.89556884765625
95.40460205078125
98.13516235351562
109.35342407226562
102.49311828613281
91.68238067626953
91.83527374267578
94.88929748535156
103.86570739746094
94.96247100830078
97.77899169921875
98.65489196777344
100.52945709228516
100.71847534179688
92.51513671875
103.403076171875
100.40782165527344
84.35383605957031
103.68344116210938
94.97887420654297
94.38278198242188
87.76817321777344
96.57302856445312
93.09576416015625
101.34550476074219
101.59507751464844
103.78788757324219
99.76631164550781
93.19708251953125
96.17739868164062
99.44351196289062
95.64544677734375
97.25074768066406
100.04745483398438
96.87010955810547
91.76554870605469
101.86554718017578
98.52996826171875
101.90294647216797
93.89218139648438
98.98933410644531
102.4308090209961
91.22102355957031
95.52073669433594
98.07193756103516
89.12559509277344
92.30014038085938
92.54045104980469
97.27018737792969
99.82438659667969
101.08677673339844
97.31362915039062
100.34226989746094
97.26129913330078
97.96892547607422
99.28081512451172
96.75509643554688
100.50959777832031
96.94324493408203
100.61226654052734
93.35134887695312
88.94509887695312
100.43289184570312
94.94409942626953
98.59156799316406
102.94754791259766
95.43502807617188
93.7237777709961
96.81432342529297
92.51956176757812
100.1211166381836
101.73114013671875
99.35731506347656
97.94485473632812
95.59407043457031
94.55657196044922
99.10317993164062
99.86351776123047
93.2538833618164
96.42579650878906
101.82228088378906
106.00081634521484
98.7638168334961
100.9779052734375
87.659423828125
93.96610260009766
93.96784973144531
95.08314514160156
102.08197021484375
89.93348693847656
97.69828796386719
101.78675842285156
93.11953735351562
96.63477325439453
97.82398986816406
100.98773193359375
109.70401000976562
99.08851623535156
99.44090270996094
96.47265625
