0.8255734443664551
2.3862578868865967
3.1576528549194336
2.6074750423431396
2.2326245307922363
1.9843523502349854
2.595233917236328
0.7954373955726624
2.3749964237213135
2.801692008972168
1.890735149383545
2.303515911102295
0.8981439471244812
2.8477156162261963
2.93585467338562
2.2027320861816406
2.2878947257995605
2.2967710494995117
1.4631191492080688
1.8366472721099854
0.7559162378311157
2.112006187438965
2.381967067718506
1.3508411645889282
2.091641426086426
2.6494240760803223
1.1114431619644165
2.445024013519287
3.140989303588867
2.758040428161621
1.4034582376480103
2.5323891639709473
2.2667324542999268
2.1723430156707764
2.616311550140381
2.0436806678771973
2.7792675495147705
2.308845043182373
2.2337608337402344
2.1927950382232666
