2.980686664581299
2.149372100830078
3.3120384216308594
2.745314598083496
3.884636640548706
3.020720958709717
3.2111663818359375
1.716747522354126
2.717332124710083
2.2603721618652344
2.551527976989746
3.411329746246338
3.9988088607788086
1.4930325746536255
4.737994194030762
1.7810540199279785
2.890141487121582
3.3056578636169434
2.6430258750915527
2.2806200981140137
2.853126049041748
3.0522899627685547
2.309033155441284
3.162417411804199
4.193276882171631
1.7585837841033936
2.0129759311676025
1.3597699403762817
2.173680067062378
2.423307418823242
3.088214159011841
2.7346396446228027
2.4144392013549805
3.096233367919922
4.04982328414917
1.8827729225158691
3.466914176940918
2.8393805027008057
1.9432923793792725
3.569148540496826
3.0986056327819824
5.120651721954346
2.7674474716186523
3.1087799072265625
4.387947082519531
3.745635747909546
3.196692943572998
2.054217576980591
1.4150283336639404
3.277160882949829
2.3905510902404785
2.1113340854644775
2.332423210144043
3.687281370162964
2.37136173248291
1.350311279296875
3.004276752471924
3.033611297607422
0.5619809031486511
3.3242506980895996
2.835844039916992
2.981078624725342
4.440248966217041
2.8560214042663574
2.727897882461548
4.122612953186035
2.656379222869873
3.482985734939575
2.711888551712036
3.4492220878601074
3.4891421794891357
2.8225717544555664
2.428248882293701
4.601244926452637
1.1980832815170288
3.3168351650238037
3.058182716369629
2.8432037830352783
2.9728434085845947
2.5496294498443604
2.3772287368774414
1.8840982913970947
4.424136161804199
3.9846935272216797
2.758814573287964
3.647528886795044
3.275024890899658
2.5100979804992676
1.7851394414901733
2.91933012008667
3.7439067363739014
2.5629372596740723
2.526832342147827
2.909700393676758
2.3426053524017334
0.8396827578544617
2.182170867919922
1.924243450164795
3.5372071266174316
3.113109588623047
3.507962703704834
3.3253672122955322
3.2910237312316895
2.6931357383728027
3.866368532180786
2.9376184940338135
4.094377517700195
3.0963306427001953
3.4047231674194336
1.3036770820617676
3.1216018199920654
2.5758657455444336
1.8333396911621094
3.8977482318878174
2.207115650177002
3.3213672637939453
3.257554531097412
2.9440970420837402
3.4460391998291016
3.152557373046875
3.5600008964538574
1.5170625448226929
2.4357080459594727
3.1796813011169434
3.913386106491089
3.078050374984741
2.8396692276000977
1.6864573955535889
2.6736302375793457
1.2023900747299194
3.8146777153015137
2.4599552154541016
2.005628824234009
2.087066173553467
3.1436944007873535
3.5430874824523926
3.229203939437866
2.5878677368164062
3.7861175537109375
2.9692435264587402
3.1351733207702637
1.4511351585388184
3.7613871097564697
3.971179485321045
4.006301403045654
3.350773334503174
3.2863311767578125
3.680271625518799
3.1078391075134277
1.2256929874420166
2.97638201713562
2.0837934017181396
3.0995125770568848
1.6772792339324951
2.7901597023010254
3.239975690841675
0.8373190760612488
3.6530582904815674
2.49145245552063
3.9731194972991943
2.6647238731384277
2.34232759475708
3.556682586669922
2.0769777297973633
2.538398504257202
5.063996315002441
2.7368662357330322
2.693748950958252
3.231153964996338
3.0044546127319336
1.9747812747955322
3.6034152507781982
3.3871684074401855
1.154310703277588
3.709761619567871
3.792485237121582
3.9297776222229004
3.031594753265381
2.4826736450195312
2.516681671142578
3.520901679992676
2.3067445755004883
2.1530420780181885
3.0287678241729736
2.970085620880127
1.2815793752670288
1.6793532371520996
2.6538703441619873
2.6294965744018555
1.3055694103240967
2.465386390686035
2.6491003036499023
3.761381149291992
2.7785301208496094
1.6468303203582764
2.849815845489502
2.609496831893921
2.8870065212249756
2.878384590148926
2.600008964538574
3.080024242401123
3.399177312850952
2.668078899383545
1.914543867111206
1.3937009572982788
4.811608791351318
3.0091171264648438
3.2864744663238525
1.8117883205413818
1.2816834449768066
1.9659550189971924
3.352800130844116
1.2615070343017578
2.8770084381103516
3.174302816390991
2.4767050743103027
3.9898464679718018
3.2358667850494385
3.0455002784729004
2.5876753330230713
3.096216917037964
1.8876566886901855
2.8803157806396484
1.9817988872528076
3.48001766204834
2.4431605339050293
0.8441920280456543
3.363868474960327
2.824000358581543
2.2108395099639893
3.238041400909424
2.3040239810943604
3.693735122680664
2.9277443885803223
3.713887929916382
3.0369057655334473
2.3883306980133057
4.679133415222168
1.9204413890838623
3.8611435890197754
2.306852340698242
3.3302578926086426
3.005843162536621
3.912842273712158
2.3839211463928223
2.845435380935669
0.7839183211326599
1.119201421737671
3.1023881435394287
3.4750099182128906
3.5492429733276367
3.271604537963867
3.8680951595306396
2.7106704711914062
2.3741514682769775
3.9241881370544434
2.2602412700653076
2.239983320236206
3.2659201622009277
3.0293469429016113
2.6849255561828613
2.597092866897583
0.9395585060119629
0.7508699893951416
3.457016944885254
2.3808562755584717
1.9544986486434937
3.6949679851531982
3.1986589431762695
2.6331188678741455
1.3563141822814941
2.6659743785858154
4.2763261795043945
3.1078271865844727
3.404555320739746
3.348832130432129
1.1538864374160767
3.997283697128296
2.554051160812378
2.617233991622925
2.2345967292785645
3.2226638793945312
3.439831256866455
4.177704811096191
3.2133729457855225
1.741869568824768
2.5253853797912598
3.8009204864501953
3.029766321182251
3.621307134628296
3.4247546195983887
3.0379600524902344
2.480198621749878
1.5659123659133911
3.208784580230713
5.048832893371582
1.1814321279525757
3.5033011436462402
2.7628633975982666
1.064969778060913
2.976754903793335
3.2992753982543945
3.01322078704834
2.9420888423919678
3.186951160430908
3.4097018241882324
2.99863862991333
2.7540106773376465
1.57522714138031
2.4166221618652344
4.032220840454102
4.650925636291504
3.921113967895508
3.2248008251190186
4.042052268981934
3.3399391174316406
3.5227389335632324
2.5987162590026855
1.9635024070739746
2.429413080215454
4.694068431854248
3.845932960510254
3.0389223098754883
2.2973766326904297
2.6488709449768066
2.0628767013549805
2.746486186981201
3.0290145874023438
1.218827486038208
2.8765721321105957
1.906233310699463
2.4290056228637695
3.5523521900177
1.5642083883285522
1.6563324928283691
3.4979615211486816
3.03548264503479
2.4483885765075684
3.141106605529785
4.866240501403809
2.4184203147888184
1.0739352703094482
4.108646869659424
2.2786664962768555
3.0438120365142822
3.442228317260742
3.097048282623291
2.9602878093719482
2.6673951148986816
0.9881069660186768
2.8886916637420654
3.9875309467315674
3.1000847816467285
3.560788631439209
3.1802761554718018
3.4572396278381348
3.825951099395752
3.182917594909668
3.702200174331665
0.9723265171051025
2.697744846343994
0.7915189266204834
2.9302380084991455
1.7120513916015625
1.6565229892730713
2.6014456748962402
1.586538553237915
1.1208443641662598
2.0661230087280273
3.8047335147857666
3.7823569774627686
3.4419918060302734
3.179269552230835
2.9692587852478027
4.209959030151367
2.4992141723632812
4.197324752807617
1.4869716167449951
3.0669846534729004
2.886139392852783
3.7836170196533203
3.9280993938446045
3.2527542114257812
2.6903719902038574
3.3900938034057617
2.2967472076416016
2.234428882598877
2.0363259315490723
3.680765390396118
3.8857524394989014
2.0473837852478027
2.8623626232147217
3.804600954055786
3.3400073051452637
3.7083559036254883
2.230531692504883
1.9203600883483887
3.5198123455047607
2.007817029953003
3.401885986328125
