63.05397033691406
33.17160415649414
56.09154510498047
41.502105712890625
25.826278686523438
37.13082504272461
0.0
0.0
0.0
0.0
0.0
49.8509635925293
0.0
53.417503356933594
30.522891998291016
0.0
0.0
0.0
44.0745849609375
32.746734619140625
0.0
54.47107696533203
39.706260681152344
0.0
42.09737014770508
0.0
58.34803009033203
34.83110427856445
80.52328491210938
0.0
0.0
32.334754943847656
36.721778869628906
0.0
0.0
61.93383026123047
26.766254425048828
0.0
50.86977767944336
0.0
0.0
0.0
46.16244888305664
0.0
38.619789123535156
0.0
0.0
0.0
0.0
60.247398376464844
0.0
55.008453369140625
0.0
69.66986083984375
0.0
46.451332092285156
0.0
0.0
36.102596282958984
0.0
47.41844940185547
32.1993522644043
0.0
39.65630340576172
66.95101928710938
41.10758972167969
0.0
34.60698318481445
0.0
0.0
0.0
46.277549743652344
0.0
0.0
0.0
0.0
43.25721740722656
0.0
31.967655181884766
0.0
37.16843032836914
51.078125
35.42467498779297
50.58893966674805
0.0
37.681827545166016
0.0
0.0
34.59983444213867
0.0
0.0
0.0
29.430349349975586
0.0
0.0
60.632774353027344
33.37247848510742
50.79753875732422
41.52642059326172
39.9226188659668
57.36407470703125
0.0
0.0
0.0
0.0
29.732860565185547
52.873443603515625
33.5936279296875
0.0
43.662513732910156
32.89576721191406
0.0
0.0
49.513797760009766
0.0
54.87872314453125
0.0
