0.3692614734172821
1.0407524108886719
0.0032860059291124344
0.30146774649620056
0.5089523792266846
0.37045514583587646
0.04492232948541641
0.1912650763988495
0.33160367608070374
0.39647966623306274
0.003733845427632332
0.060676660388708115
0.23133279383182526
0.006198009010404348
0.42588382959365845
0.10036995261907578
0.46119463443756104
0.09993455559015274
0.11819204688072205
0.5445773601531982
0.9463354349136353
0.04734097048640251
0.29703187942504883
0.3374076783657074
0.9320101141929626
0.5444817543029785
0.0905836746096611
0.6318531036376953
0.5707076191902161
0.0011899038217961788
0.10297486931085587
0.49881190061569214
0.5938778519630432
1.1384477615356445
0.49174124002456665
0.1261391043663025
0.3120429813861847
0.7656503915786743
0.4256960153579712
0.6190130710601807
0.9926955699920654
0.0405082032084465
0.35460183024406433
2.016244888305664
0.0003142327186651528
0.30447447299957275
0.3852722942829132
0.03650231286883354
0.27461129426956177
0.11770013719797134
0.385213166475296
0.1545705795288086
0.26917535066604614
0.054030731320381165
0.3545530438423157
0.006061808206140995
0.0005236024735495448
0.16901017725467682
0.4937896430492401
0.19011670351028442
0.021126773208379745
0.25275719165802
1.5174925327301025
0.9210666418075562
0.4087832570075989
0.689032256603241
0.20045815408229828
0.1651833951473236
0.6118108034133911
0.11025044322013855
1.2078596353530884
0.0017137194517999887
0.6226340532302856
0.22873477637767792
0.36346185207366943
0.011851484887301922
0.10188949108123779
0.9124059677124023
0.27132648229599
0.002878694562241435
0.39278101921081543
0.07037560641765594
0.046689778566360474
0.8447697162628174
0.9938777685165405
0.028649043291807175
0.020830370485782623
0.649025559425354
0.0827188789844513
0.31586146354675293
0.0456385463476181
0.3168407082557678
0.25512054562568665
0.1442730724811554
0.1159183531999588
0.6718500852584839
0.49017515778541565
0.06063951179385185
0.04771367460489273
0.23485533893108368
0.04260093718767166
0.07166777551174164
0.06612217426300049
0.0873325765132904
0.2627997398376465
0.0025466918013989925
0.09536435455083847
0.020405812188982964
0.0895632728934288
0.04700988158583641
0.12567079067230225
0.0021129732485860586
0.2506704330444336
0.2142193615436554
0.014214247465133667
0.08977219462394714
0.1230098158121109
0.06452247500419617
1.221653938293457
0.09836968779563904
0.04011920839548111
0.6846088767051697
0.062204889953136444
0.8011392951011658
0.0006486514466814697
0.26198381185531616
0.047534700483083725
0.04524628445506096
0.09071610122919083
0.3771514594554901
0.3859870433807373
0.2026844620704651
0.00215092278085649
0.1076795682311058
0.056877389550209045
0.11217198520898819
0.3292151689529419
0.24454329907894135
0.0037355790846049786
0.03901837766170502
0.6790450215339661
0.4856969714164734
0.4993014335632324
0.26429644227027893
0.02881043404340744
0.08148254454135895
0.18132735788822174
0.23693497478961945
0.8219546675682068
0.37245097756385803
0.28477248549461365
0.8509680032730103
0.07472282648086548
0.017211653292179108
0.34633857011795044
0.002003160770982504
0.00040979203185997903
0.613867461681366
0.18362826108932495
0.5561670660972595
0.07848778367042542
0.6148008108139038
0.16259698569774628
0.5351411700248718
0.3604063391685486
0.08394375443458557
0.3390863835811615
0.8596624135971069
0.002185580786317587
0.44969579577445984
0.2874322533607483
0.009327009320259094
0.09278621524572372
0.016767695546150208
0.45630329847335815
0.15198063850402832
0.23279382288455963
0.06250530481338501
0.386298269033432
0.014322035014629364
0.012804972007870674
0.17619852721691132
0.340714693069458
0.08271411061286926
0.07888439297676086
0.4359736144542694
0.04049701243638992
0.5974871516227722
0.39003485441207886
0.17521916329860687
0.27153173089027405
0.09610743820667267
0.005236902739852667
0.23432713747024536
0.034918077290058136
0.6432555913925171
0.07341768592596054
0.18584975600242615
0.3770214915275574
0.6047535538673401
0.22996854782104492
0.031929124146699905
0.1862555742263794
0.16129273176193237
0.0633312314748764
0.03828369453549385
0.4927675127983093
0.3057461082935333
0.17545205354690552
0.0028865085914731026
0.03654317557811737
0.9403717517852783
0.42424407601356506
0.05611979961395264
0.47187671065330505
0.616449236869812
0.101577028632164
0.40810996294021606
0.21886546909809113
0.5907742381095886
0.17693351209163666
0.28305888175964355
0.3726206123828888
0.2024826556444168
0.13685397803783417
0.005926308687776327
0.2736262083053589
0.6687133312225342
0.2755548357963562
0.00041127129225060344
0.21906748414039612
0.01747404783964157
0.2367851436138153
1.0457242727279663
0.1140047013759613
0.8035471439361572
0.12911644577980042
0.16997283697128296
0.10095609724521637
0.7760089635848999
0.7856413722038269
0.2991873621940613
0.08968860656023026
0.8314443230628967
0.2424260675907135
0.0007032090215943754
0.0014237714931368828
0.0032136659137904644
0.051644328981637955
0.6321088671684265
0.46224045753479004
0.19135379791259766
0.2647019624710083
0.46348097920417786
0.6452709436416626
0.26514407992362976
0.24881967902183533
0.377068430185318
0.2920284867286682
0.034933675080537796
0.001335407025180757
0.5033180713653564
0.3931467533111572
1.2149295806884766
1.3278728723526
0.5607568621635437
0.4452272057533264
1.4642622470855713
0.07345471531152725
0.047914065420627594
1.0641282796859741
0.0029309666715562344
0.3301284909248352
0.0430404394865036
0.026628749445080757
0.015307405963540077
0.37847092747688293
0.22032104432582855
0.2463691532611847
0.8069065809249878
0.3167110085487366
0.19455492496490479
0.8136926889419556
0.640885591506958
0.7374389171600342
0.035612285137176514
0.0674799308180809
0.4375389516353607
0.00011846046254504472
0.9328091144561768
0.3373981714248657
1.1434736251831055
0.11996863782405853
0.0010769296204671264
0.9496808052062988
0.0636061280965805
0.22314223647117615
0.06065161153674126
0.6359148025512695
0.01680394448339939
0.04169261455535889
0.06354541331529617
0.380603164434433
1.8740795850753784
0.03633994981646538
0.23356658220291138
0.1601637452840805
0.5374127626419067
0.47691845893859863
0.0364794097840786
0.02134997770190239
0.0015876004472374916
0.19192203879356384
1.0239461660385132
0.38646385073661804
0.034045182168483734
0.1488797962665558
0.12902721762657166
0.06957878172397614
0.10180946439504623
0.01546795666217804
0.552538275718689
0.5453585386276245
0.2494666874408722
0.33682751655578613
0.2373092919588089
0.026366185396909714
0.5520580410957336
0.11956524848937988
0.41280704736709595
0.04409174248576164
0.18533343076705933
0.8579563498497009
0.10558170080184937
0.4603522717952728
0.2468363344669342
0.07726826518774033
0.07372397184371948
0.3246379494667053
0.09073126316070557
0.5594224333763123
0.20620563626289368
0.22937777638435364
0.09289748221635818
0.016830675303936005
1.1752132177352905
0.004783662501722574
0.7634084224700928
0.8713819980621338
0.46957361698150635
0.43990716338157654
1.0169428586959839
1.132530689239502
0.1352265328168869
0.21780478954315186
0.0031643067486584187
0.7218021154403687
0.312724769115448
0.548075795173645
0.28024378418922424
0.26579776406288147
0.6670023202896118
0.014111476019024849
0.044275201857089996
0.010038718581199646
0.07037580013275146
0.00047688305494375527
0.4751957058906555
0.20630517601966858
0.3814367651939392
0.31157323718070984
0.7574440836906433
0.14433638751506805
0.13253635168075562
0.1518094837665558
0.012078703381121159
0.023606374859809875
0.10135597735643387
0.3691447675228119
0.0892348662018776
0.13222743570804596
0.8235664367675781
0.01060120202600956
0.04938875138759613
0.08093812316656113
0.02338581532239914
0.126520574092865
0.558867335319519
0.4184764623641968
0.1450248658657074
0.8434895873069763
0.14398767054080963
0.19140905141830444
0.23055708408355713
0.029947049915790558
0.7050318121910095
0.2632078528404236
0.2983839809894562
0.043499965220689774
0.0062739048153162
