156.14724731445312
154.72998046875
154.08177185058594
154.1644287109375
154.18162536621094
154.87200927734375
153.924560546875
154.12417602539062
137.55569458007812
150.7826385498047
155.8107147216797
156.6754913330078
152.5135955810547
154.6254425048828
154.4033660888672
152.87901306152344
155.32420349121094
154.42945861816406
155.08750915527344
154.69387817382812
153.94509887695312
156.5156707763672
155.2600860595703
155.12571716308594
152.859375
155.2563934326172
156.33201599121094
154.90171813964844
154.46812438964844
156.4137725830078
153.8544158935547
154.67662048339844
156.0121307373047
156.35971069335938
155.64808654785156
156.6402130126953
154.48208618164062
155.9784698486328
149.64541625976562
153.19625854492188
156.40916442871094
154.9838104248047
154.86680603027344
156.48387145996094
153.2300567626953
154.6787567138672
155.39695739746094
155.6062774658203
155.9427947998047
153.40475463867188
153.94839477539062
154.0531005859375
152.099609375
154.1990203857422
156.55435180664062
153.1062469482422
152.83401489257812
154.0260467529297
153.0560760498047
155.16700744628906
155.3391571044922
153.5062713623047
153.85914611816406
154.80972290039062
154.77130126953125
151.2230987548828
154.4801483154297
155.37298583984375
156.2896270751953
156.5543670654297
154.95132446289062
154.0732421875
155.7250213623047
155.721923828125
154.9099578857422
156.89950561523438
154.06260681152344
153.55673217773438
155.2421417236328
156.11558532714844
154.36074829101562
155.1035919189453
153.40574645996094
156.6018829345703
156.60963439941406
156.64073181152344
154.8975830078125
154.06443786621094
152.8805389404297
152.728271484375
155.14923095703125
153.07711791992188
157.13330078125
156.31092834472656
156.06593322753906
155.50778198242188
155.22344970703125
156.5841064453125
149.3849334716797
152.7366485595703
153.6163330078125
157.13809204101562
155.22166442871094
156.4720458984375
155.0988006591797
156.33250427246094
157.00540161132812
155.56663513183594
152.3971710205078
153.6491241455078
154.6705322265625
152.93173217773438
154.4579315185547
154.6306610107422
154.37277221679688
153.7476348876953
154.89767456054688
153.91685485839844
155.5577850341797
154.76019287109375
154.77317810058594
156.29043579101562
156.13027954101562
153.17721557617188
154.8900604248047
154.25582885742188
156.04591369628906
155.1563262939453
155.4134521484375
152.78794860839844
154.46360778808594
152.88674926757812
155.5008544921875
155.10598754882812
155.28363037109375
154.05569458007812
154.74098205566406
155.729248046875
156.63954162597656
155.6336212158203
154.61204528808594
155.10792541503906
156.6200714111328
154.6133270263672
154.39602661132812
154.07810974121094
153.99703979492188
152.82054138183594
153.9647979736328
152.91236877441406
154.24205017089844
154.85423278808594
156.7037353515625
154.89102172851562
152.5998992919922
154.92857360839844
153.8487548828125
151.7039031982422
154.78970336914062
156.15277099609375
155.7655792236328
154.63706970214844
154.6209259033203
153.749267578125
154.4549560546875
155.25672912597656
154.337646484375
151.9527587890625
155.0867156982422
155.57896423339844
155.60488891601562
155.5244598388672
154.426025390625
155.0389404296875
154.80870056152344
151.96253967285156
155.40150451660156
155.01133728027344
157.76336669921875
156.71351623535156
153.4991912841797
157.55506896972656
155.94004821777344
154.39967346191406
153.86512756347656
154.7925567626953
155.64756774902344
151.3938751220703
154.03713989257812
156.10610961914062
154.77040100097656
157.00794982910156
154.3554229736328
147.87049865722656
155.80194091796875
156.86697387695312
155.79769897460938
154.358154296875
154.84645080566406
154.96922302246094
153.84193420410156
152.57461547851562
153.27685546875
154.46214294433594
155.753173828125
154.1982879638672
155.00872802734375
154.38453674316406
154.9453125
153.72950744628906
154.2872772216797
154.5089874267578
147.3696746826172
154.4518280029297
155.2829132080078
152.82241821289062
155.29727172851562
154.79598999023438
153.8179473876953
154.04295349121094
151.53648376464844
156.5403289794922
155.1063995361328
155.66314697265625
154.92340087890625
154.29946899414062
154.0047149658203
155.13088989257812
150.43426513671875
154.7434539794922
156.1499481201172
154.76268005371094
154.3535919189453
153.85997009277344
154.72740173339844
153.2298583984375
155.725341796875
155.37527465820312
152.1793670654297
154.78660583496094
153.3485565185547
153.43954467773438
155.58447265625
154.26492309570312
139.68772888183594
154.5186767578125
154.0390167236328
140.87181091308594
154.09507751464844
145.65985107421875
155.92344665527344
155.2323760986328
154.0341796875
154.1426239013672
153.0471649169922
155.75682067871094
154.2534637451172
154.41876220703125
154.0804443359375
154.9376983642578
156.15989685058594
154.74710083007812
156.25021362304688
153.6417999267578
155.4143524169922
155.1728057861328
154.58091735839844
153.34750366210938
152.4137725830078
153.36126708984375
154.17539978027344
155.50082397460938
153.59378051757812
154.36331176757812
155.32997131347656
154.19029235839844
153.70079040527344
155.74562072753906
155.001708984375
153.9877471923828
155.54457092285156
153.78724670410156
155.7296142578125
154.7676239013672
154.11593627929688
154.6103973388672
155.4160919189453
153.68125915527344
155.80796813964844
155.97525024414062
156.2905731201172
152.6102294921875
154.11643981933594
153.85189819335938
154.90676879882812
155.4457244873047
153.70030212402344
155.94482421875
154.04368591308594
155.4221954345703
156.28538513183594
150.7814483642578
156.40975952148438
153.73167419433594
155.59127807617188
152.7819061279297
156.82965087890625
153.99656677246094
155.08348083496094
154.96237182617188
154.55674743652344
153.3517303466797
155.2395477294922
157.3978729248047
155.4906768798828
155.47247314453125
154.0804901123047
154.95455932617188
155.976318359375
154.507568359375
151.82200622558594
155.39561462402344
154.5591278076172
152.4874267578125
156.1666717529297
155.3455352783203
152.17379760742188
153.39866638183594
154.3036346435547
155.7498779296875
154.09527587890625
155.4367218017578
156.5001678466797
155.7882537841797
156.07696533203125
156.527099609375
154.5813751220703
154.26113891601562
156.1764678955078
153.1114959716797
155.66046142578125
155.98753356933594
155.11802673339844
152.9374237060547
154.3284454345703
155.95201110839844
155.8468780517578
156.00938415527344
155.00177001953125
155.71058654785156
144.4664764404297
155.39476013183594
152.61534118652344
154.4331512451172
155.6746826171875
155.6455078125
156.6197967529297
154.736328125
155.44908142089844
156.96023559570312
154.1829833984375
153.2231903076172
155.48622131347656
153.9445343017578
155.7748260498047
153.67613220214844
156.056884765625
155.38148498535156
155.00718688964844
155.20712280273438
155.51864624023438
155.78489685058594
156.0161590576172
155.24014282226562
155.1696014404297
156.2297821044922
154.6105194091797
154.37193298339844
155.4940185546875
156.52720642089844
155.06602478027344
155.8941650390625
153.91893005371094
156.23681640625
156.1265106201172
153.0275115966797
156.3790740966797
155.03872680664062
155.1482696533203
154.66969299316406
154.22254943847656
155.8314971923828
156.6141815185547
154.30731201171875
156.63026428222656
153.5035858154297
152.60049438476562
156.23928833007812
155.50125122070312
155.5420379638672
