0.012861923314630985
0.12478351593017578
0.0054430412128567696
0.03484282270073891
0.0493401400744915
0.0552198551595211
0.01073131337761879
0.04325144365429878
0.07811984419822693
0.015043412335216999
0.003332246793434024
0.04069052264094353
0.04160302132368088
0.004839843604713678
0.06399226933717728
0.02447253093123436
0.02205217257142067
0.020516010001301765
0.03401241451501846
0.1840175837278366
0.024289224296808243
0.03241404891014099
0.04199383780360222
0.06230058893561363
0.08925977349281311
0.028988651931285858
0.08936681598424911
0.04464390501379967
0.0773366168141365
0.0015918934950605035
0.07102810591459274
0.013320045545697212
0.07902736216783524
0.056844163686037064
0.05734000355005264
0.08780808746814728
0.06020401418209076
0.04494769871234894
0.06829152256250381
0.059011753648519516
0.22001300752162933
0.012804800644516945
0.1382012963294983
0.24543604254722595
8.350650750799105e-05
0.04519253224134445
0.04610900580883026
0.02039978839457035
0.06618259847164154
0.08157104253768921
0.03380342572927475
0.10670644044876099
0.033127181231975555
0.023258857429027557
0.07118523120880127
0.005459954030811787
0.0005559665150940418
0.0711868479847908
0.24118858575820923
0.08315559476613998
0.019850101321935654
0.0752791166305542
0.14129561185836792
0.13872942328453064
0.1915508359670639
0.28976160287857056
0.02073703706264496
0.05635760724544525
0.019625529646873474
0.09947178512811661
0.3220430910587311
0.002156476955860853
0.07821477949619293
0.052740201354026794
0.01178173627704382
0.008516273461282253
0.08277381211519241
0.33026278018951416
0.049572788178920746
0.0023724467027932405
0.07563041150569916
0.026227138936519623
0.0059837596490979195
0.028211237862706184
0.26536911725997925
0.013372273184359074
0.010062692686915398
0.4077277183532715
0.020809568464756012
0.02055748552083969
0.010367870330810547
0.03601915016770363
0.038642220199108124
0.05162229761481285
0.03983169049024582
0.13126298785209656
0.01805562898516655
0.010644165799021721
0.02786794677376747
0.01337946206331253
0.0058252583257853985
0.0115599250420928
0.00932406261563301
0.031157048419117928
0.03253981098532677
0.000801845220848918
0.03268495947122574
0.006097500678151846
0.16671283543109894
0.027588652446866035
0.08201359957456589
0.0015028591733425856
0.07193336635828018
0.10286630690097809
0.007523603271692991
0.01062064990401268
0.08457689732313156
0.07545702159404755
0.18516620993614197
0.02117989957332611
0.002422955119982362
0.3430894613265991
0.02374633587896824
0.2475326955318451
0.0007612975896336138
0.04974939674139023
0.06640825420618057
0.005883796606212854
0.06071360036730766
0.08024261891841888
0.01927334815263748
0.12194769084453583
0.003933274187147617
0.07098940759897232
0.007907848805189133
0.02914387546479702
0.0840756818652153
0.030975518748164177
0.01065775752067566
0.0032991082407534122
0.04802746698260307
0.021301934495568275
0.34049439430236816
0.11633378267288208
0.007319972384721041
0.030748946592211723
0.12259089946746826
0.005593137349933386
0.09177760779857635
0.0666397213935852
0.14803506433963776
0.23622673749923706
0.02757158875465393
0.007472048047930002
0.06093740463256836
0.0011400002986192703
0.00020955794025212526
0.12810294330120087
0.01871398836374283
0.0883207768201828
0.07148824632167816
0.03496837988495827
0.025221604853868484
0.26486122608184814
0.02148309350013733
0.06297469884157181
0.045546166598796844
0.02504359371960163
0.001744030974805355
0.00722742173820734
0.05584900826215744
0.009651914238929749
0.07020440697669983
0.04614740610122681
0.09944005310535431
0.009847204200923443
0.011925304308533669
0.02334417775273323
0.10136005282402039
0.0026778769679367542
0.007009786553680897
0.04475537687540054
0.06349429488182068
0.022454500198364258
0.021190593019127846
0.12943010032176971
0.012488146312534809
0.3669126033782959
0.05305646359920502
0.16057035326957703
0.034045301377773285
0.015752391889691353
0.012278043664991856
0.008840207010507584
0.014060615561902523
0.16229405999183655
0.05205538123846054
0.11381364613771439
0.03325042873620987
0.49762213230133057
0.060938723385334015
0.004566221497952938
0.06530500948429108
0.07148595154285431
0.010274771600961685
0.02375120110809803
0.09442824870347977
0.05433042347431183
0.09976067394018173
0.0011739255860447884
0.0040282257832586765
0.0792071670293808
0.12801648676395416
0.03734870254993439
0.06433812528848648
0.05707868933677673
0.013264191336929798
0.03174309432506561
0.17159266769886017
0.12298406660556793
0.08372899889945984
0.19439534842967987
0.057462114840745926
0.04653839021921158
0.05806974694132805
0.0019910773262381554
0.01780848391354084
0.09150252491235733
0.01881418377161026
0.00016654483624733984
0.13038592040538788
0.015102410688996315
0.14772546291351318
0.054091259837150574
0.04214172810316086
0.08165878802537918
0.032358795404434204
0.10111892223358154
0.03651157021522522
0.10755627602338791
0.09904745221138
0.16884520649909973
0.027765344828367233
0.06940315663814545
0.21288737654685974
0.0008790161227807403
0.0008294264553114772
0.01245903316885233
0.009320000186562538
0.33719170093536377
0.013792025856673717
0.061100296676158905
0.15399903059005737
0.1463496834039688
0.06348729878664017
0.019880149513483047
0.18762671947479248
0.027690589427947998
0.00952307041734457
0.037818342447280884
0.0007368501392193139
0.06313436478376389
0.06293641030788422
0.0779159665107727
0.5110507011413574
0.04313062131404877
0.10519707947969437
0.07227028906345367
0.03018558770418167
0.010546015575528145
0.09076878428459167
0.002673851326107979
0.10702067613601685
0.016390463337302208
0.028605259954929352
0.014173140749335289
0.019788116216659546
0.02907552942633629
0.06554597616195679
0.06887210160493851
0.05552170053124428
0.020261935889720917
0.04409085586667061
0.1067776009440422
0.01852177269756794
0.009907224215567112
0.05458640307188034
0.08473639190196991
8.021358371479437e-05
0.2980414032936096
0.09778840839862823
0.24311868846416473
0.014054879546165466
0.00018254363385494798
0.1930495798587799
0.11837117373943329
0.02436898835003376
0.03949625790119171
0.060939256101846695
0.00849588681012392
0.017512409016489983
0.02390221878886223
0.011570347473025322
0.7778100371360779
0.014033492654561996
0.028890809044241905
0.044902555644512177
0.08987355977296829
0.3754272758960724
0.012066521681845188
0.019759677350521088
0.0018512054812163115
0.012370810844004154
0.05519838258624077
0.05396648123860359
0.028066419064998627
0.027823466807603836
0.049594487994909286
0.013131329789757729
0.046591922640800476
0.00977553054690361
0.053833626210689545
0.19076007604599
0.033715128898620605
0.03871641680598259
0.009703174233436584
0.009370073676109314
0.0421365462243557
0.009130860678851604
0.060406144708395004
0.057907834649086
0.02274460345506668
0.26067227125167847
0.036982931196689606
0.05217224359512329
0.015114886686205864
0.19737568497657776
0.11293856799602509
0.1578933596611023
0.030037961900234222
0.19862768054008484
0.09194625914096832
0.11963056027889252
0.014435645192861557
0.026113592088222504
0.22506456077098846
0.0028360208962112665
0.14379586279392242
0.025107644498348236
0.058648087084293365
0.20995941758155823
0.18600919842720032
0.40881603956222534
0.042432017624378204
0.00794978253543377
0.0025384139735251665
0.23451288044452667
0.1503097414970398
0.013662069104611874
0.05360899865627289
0.17137376964092255
0.16920095682144165
0.014510850422084332
0.04622264206409454
0.0047180745750665665
0.0431792289018631
0.0002466387813910842
0.023108024150133133
0.07639868557453156
0.09515079855918884
0.04545227065682411
0.0749029666185379
0.041712407022714615
0.023888859897851944
0.07730300724506378
0.0055691152811050415
0.004887837916612625
0.0033726831898093224
0.04715975373983383
0.15034595131874084
0.03586546704173088
0.032491523772478104
0.002517047571018338
0.04796106368303299
0.05425950884819031
0.01224184688180685
0.021367352455854416
0.0708950012922287
0.1277243196964264
0.08614321798086166
0.09948955476284027
0.013414639048278332
0.01366724818944931
0.1324569135904312
0.015576629899442196
0.10960305482149124
0.02631840668618679
0.02101008966565132
0.014451631344854832
0.007204687222838402
