4.228099346160889
3.477614641189575
3.4637200832366943
3.522038698196411
3.63150954246521
3.838257312774658
3.1189284324645996
4.156505584716797
3.717679262161255
3.9322144985198975
2.9716689586639404
3.8475334644317627
3.7942397594451904
3.8946125507354736
4.824674129486084
3.385899782180786
4.303431987762451
3.3843047618865967
4.246219158172607
3.2488327026367188
3.6886982917785645
3.0419671535491943
3.5555782318115234
3.5250160694122314
4.516337871551514
3.95916748046875
3.5346131324768066
3.88885498046875
3.780421018600464
3.4377896785736084
4.304573059082031
3.664872884750366
4.394532680511475
3.6068131923675537
3.3392701148986816
4.332324504852295
4.318238735198975
3.2525558471679688
3.771249532699585
2.8559441566467285
