94.69216918945312
96.47554016113281
94.3018569946289
96.83183288574219
100.04788970947266
98.3406982421875
96.63985443115234
98.66664123535156
97.9015121459961
96.29476165771484
99.4508056640625
99.05574035644531
95.96137237548828
95.80406951904297
95.11000061035156
97.62751770019531
98.90817260742188
97.1410140991211
97.275390625
97.5672836303711
96.32161712646484
92.46365356445312
97.2358169555664
96.97444152832031
97.09661102294922
96.64913940429688
96.41423797607422
98.07887268066406
97.38134765625
95.24840545654297
98.08902740478516
96.96575164794922
98.93927764892578
99.72090148925781
96.72396087646484
96.63744354248047
93.16783905029297
95.4540023803711
96.66952514648438
97.90579986572266
98.35369873046875
96.38323211669922
93.82814025878906
93.34666442871094
96.3735580444336
95.27108001708984
99.2913589477539
94.52955627441406
94.9588851928711
97.2114028930664
93.61113739013672
98.80296325683594
97.76860809326172
101.21141815185547
97.0938491821289
101.43046569824219
98.70259857177734
93.89604187011719
96.52996826171875
97.69642639160156
93.82949829101562
97.17147064208984
94.39861297607422
96.25128173828125
96.22508239746094
99.22753143310547
99.7740707397461
96.1397933959961
96.5045394897461
95.80313110351562
95.1061019897461
96.22722625732422
99.06063842773438
95.13075256347656
95.02879333496094
95.14495086669922
97.70687103271484
98.41954803466797
94.60060119628906
98.5920181274414
96.61163330078125
97.65129089355469
92.75579833984375
97.77619171142578
100.78380584716797
92.53218841552734
99.74044799804688
95.60765838623047
100.15856170654297
95.68910217285156
94.61221313476562
97.64762115478516
96.66529846191406
96.7685546875
96.02318572998047
95.56035614013672
94.87157440185547
97.03609466552734
96.40190124511719
94.70912170410156
95.62425994873047
91.90059661865234
98.27230072021484
101.53201293945312
93.9773941040039
96.84874725341797
96.37068939208984
96.36247253417969
99.0388412475586
93.91725158691406
97.93462371826172
92.81037902832031
99.8682861328125
92.51081848144531
96.76982879638672
97.13471984863281
95.50981140136719
96.91785430908203
94.61942291259766
100.69673156738281
97.8168716430664
95.40202331542969
97.26439666748047
93.70855712890625
99.2684555053711
95.19113159179688
99.69208526611328
96.3740234375
95.5172119140625
100.2228775024414
94.18294525146484
100.84838104248047
99.3188705444336
95.96144104003906
93.41460418701172
99.11921691894531
100.69719696044922
97.3008804321289
96.5270004272461
97.28892517089844
98.383544921875
96.74695587158203
96.24653625488281
96.16179656982422
97.11666107177734
96.16991424560547
96.69107818603516
96.92557525634766
93.59876251220703
94.85942840576172
99.5855484008789
99.00572967529297
93.14937591552734
98.5136947631836
97.44585418701172
95.12923431396484
96.64602661132812
100.07144927978516
97.99083709716797
98.32793426513672
95.93959045410156
97.50691223144531
95.4307861328125
93.51251220703125
98.76988983154297
94.25749969482422
97.93968963623047
100.21634674072266
97.1814193725586
94.51615142822266
96.7950210571289
96.08473205566406
97.53624725341797
99.8210678100586
99.09703826904297
97.37019348144531
99.17848205566406
96.07609558105469
97.95892333984375
95.15679168701172
96.70458984375
94.43895721435547
95.83361053466797
100.24662017822266
94.34681701660156
96.41629028320312
95.77680206298828
96.6408462524414
97.1806869506836
98.1160659790039
98.14971923828125
96.69210052490234
97.5356674194336
94.46368408203125
95.25769805908203
98.25477600097656
96.32225799560547
98.02495574951172
98.45332336425781
95.23551940917969
