2.773649215698242
3.052284002304077
3.1309170722961426
3.364124298095703
2.879581928253174
2.589109420776367
2.9131853580474854
3.009821653366089
2.7565903663635254
2.774568796157837
2.608444929122925
2.9178359508514404
2.7890241146087646
3.2713260650634766
3.410512685775757
2.6008734703063965
3.012547016143799
3.1350502967834473
3.0429115295410156
2.718230962753296
3.156665802001953
2.324742078781128
2.407614231109619
2.82673716545105
2.9545974731445312
2.9822285175323486
2.9494059085845947
2.6732304096221924
3.4041812419891357
2.859142303466797
2.7809462547302246
2.704078435897827
2.965271234512329
2.859022855758667
2.945678472518921
2.9772250652313232
2.9724175930023193
2.776484251022339
2.3422577381134033
2.9850728511810303
3.3609864711761475
3.0394058227539062
2.7442333698272705
2.420912504196167
2.964670181274414
2.8347606658935547
3.3407280445098877
2.5879180431365967
3.1018123626708984
3.022259473800659
2.927133321762085
3.029839038848877
2.837496042251587
3.1771254539489746
3.5259907245635986
2.3948206901550293
3.0566394329071045
3.0118680000305176
2.6200075149536133
2.8719773292541504
2.9344136714935303
3.011035203933716
2.5684640407562256
3.2949447631835938
3.075141429901123
2.220299243927002
2.3489749431610107
2.74908709526062
2.6792409420013428
2.750685214996338
2.746447801589966
2.6737544536590576
2.802027940750122
2.8695201873779297
2.764028787612915
2.953171491622925
2.7311878204345703
2.808399200439453
2.9115867614746094
3.1285979747772217
2.7004892826080322
2.9772682189941406
3.0792181491851807
3.08272385597229
3.1125872135162354
2.6223666667938232
3.5365676879882812
2.7100648880004883
2.5061676502227783
2.3815560340881348
2.462175130844116
3.1408913135528564
3.348677158355713
3.1984598636627197
2.7347514629364014
2.9451980590820312
2.825488805770874
3.0106897354125977
2.8981568813323975
2.5932741165161133
3.259722948074341
3.2140045166015625
2.705289602279663
2.966078996658325
2.842698097229004
2.8560047149658203
3.197988986968994
3.062502384185791
2.7064149379730225
2.875706195831299
2.2909228801727295
2.757619857788086
2.601358413696289
3.4537224769592285
3.107290029525757
2.860179901123047
2.803920030593872
3.0989608764648438
2.8151605129241943
3.0001182556152344
3.6409504413604736
2.815012216567993
2.2823710441589355
2.577141523361206
2.478684186935425
2.94385027885437
2.4240405559539795
2.5219178199768066
2.472505569458008
2.5915210247039795
3.0558104515075684
2.803006649017334
3.2249019145965576
3.3497097492218018
2.7397372722625732
2.880685567855835
2.611948013305664
2.6343629360198975
2.4730916023254395
3.273455858230591
2.954439878463745
3.10593581199646
3.153714418411255
2.2897374629974365
2.7628438472747803
2.8790740966796875
3.085064172744751
2.818296432495117
2.86310076713562
2.7474515438079834
3.0372421741485596
3.3181188106536865
2.525376558303833
2.9153783321380615
2.603118419647217
3.110100030899048
2.538450002670288
2.9975826740264893
3.3215043544769287
2.5289523601531982
2.977219581604004
3.1820271015167236
2.992223024368286
3.069953203201294
3.1319329738616943
2.9033257961273193
2.9351513385772705
2.830383062362671
2.946749448776245
2.6904561519622803
2.5846385955810547
3.072622060775757
2.7376017570495605
3.0212039947509766
2.723308563232422
3.081425666809082
2.7367095947265625
3.0086333751678467
2.686218023300171
2.93353533744812
3.0099594593048096
2.996124029159546
3.191714286804199
2.9873406887054443
2.810612201690674
3.149437427520752
3.4249837398529053
2.826850414276123
2.5517048835754395
2.6876325607299805
2.719075918197632
2.5511510372161865
2.4151957035064697
2.7672154903411865
2.9326164722442627
2.4837470054626465
3.04706072807312
2.715972661972046
3.6946449279785156
2.6107845306396484
3.39182448387146
3.415611743927002
2.5750973224639893
2.498718738555908
2.6944680213928223
2.443530797958374
2.4219887256622314
2.8131964206695557
2.9696433544158936
2.5854382514953613
3.395719528198242
3.2988319396972656
2.7427594661712646
2.4509360790252686
3.7382895946502686
2.855954170227051
2.7910211086273193
3.066110849380493
3.01777982711792
3.0489439964294434
2.933332681655884
2.962956666946411
2.5896193981170654
3.312711000442505
2.789900779724121
2.905911684036255
2.980759382247925
2.6939618587493896
3.274815082550049
3.2910995483398438
2.7812306880950928
2.5613017082214355
2.73695707321167
2.8450443744659424
2.4581425189971924
2.7476742267608643
2.6343650817871094
3.0101592540740967
2.2959792613983154
2.342005729675293
2.880863904953003
3.276386260986328
2.4469122886657715
2.966644048690796
2.998302936553955
3.3838462829589844
2.8178577423095703
3.0433568954467773
3.1710782051086426
3.3670871257781982
2.696225881576538
2.815474271774292
3.6828105449676514
2.7677745819091797
2.6653494834899902
3.3847978115081787
2.5162737369537354
2.6727006435394287
2.988673448562622
2.7495040893554688
2.818500280380249
3.0000979900360107
3.3998963832855225
3.1719868183135986
2.808563232421875
3.0798282623291016
2.7063658237457275
2.610330820083618
3.2831408977508545
2.7698113918304443
2.567019462585449
2.796891927719116
2.537472724914551
2.967686653137207
2.603318929672241
3.392407178878784
2.938066244125366
2.980915069580078
2.824348211288452
2.79520583152771
3.0374200344085693
2.7831408977508545
2.6041691303253174
2.466235876083374
3.087249755859375
2.4088733196258545
2.9276130199432373
2.567150831222534
2.6147727966308594
3.156141519546509
3.1428935527801514
3.1880359649658203
3.114534616470337
3.0161540508270264
3.1891188621520996
2.5790746212005615
2.9998414516448975
2.634707450866699
2.568615436553955
2.9226818084716797
2.589555501937866
2.8637712001800537
2.9605062007904053
2.695402145385742
2.993485927581787
2.9163784980773926
2.619173288345337
2.8303213119506836
2.930403470993042
2.426248550415039
3.1862246990203857
3.0462117195129395
2.5000290870666504
2.410814046859741
2.989053726196289
2.4266979694366455
2.508138418197632
3.054434299468994
3.347351551055908
3.0741162300109863
2.8818917274475098
2.693556547164917
2.8825178146362305
2.613776445388794
2.8834340572357178
3.2858216762542725
2.9212265014648438
2.9122791290283203
2.701582193374634
2.748594284057617
2.7540664672851562
2.851012945175171
2.877776861190796
3.195302724838257
3.336688995361328
2.9737842082977295
3.521474599838257
2.433546543121338
3.0029866695404053
2.535296678543091
2.708324909210205
2.620012044906616
3.152170419692993
2.717445135116577
2.364845037460327
3.1883432865142822
3.0590128898620605
2.7482194900512695
2.8694217205047607
3.145456314086914
2.8929805755615234
2.901812791824341
2.896876573562622
2.972442865371704
2.734081268310547
2.560281753540039
3.1234612464904785
3.072185516357422
3.0414998531341553
2.6026597023010254
2.973910093307495
2.517247438430786
3.3049774169921875
3.126392126083374
2.9662272930145264
2.9711039066314697
2.6874969005584717
2.8548457622528076
3.0181961059570312
2.933757781982422
2.6243016719818115
2.786206007003784
3.313328504562378
2.673969030380249
2.8744254112243652
3.1956562995910645
3.1085422039031982
3.0053908824920654
2.5273489952087402
3.1140105724334717
2.8521335124969482
2.950946807861328
3.503133535385132
3.207043170928955
2.9334888458251953
2.5843207836151123
2.5398178100585938
3.412465810775757
3.078847885131836
3.1243114471435547
2.9340343475341797
2.868140697479248
3.217456817626953
2.9290683269500732
2.8342387676239014
3.3274643421173096
3.1507532596588135
3.099724769592285
2.8116202354431152
3.6837823390960693
