0.09633360803127289
0.3386654853820801
0.006273935083299875
0.15566618740558624
0.11885663121938705
0.09865555912256241
0.5833187103271484
0.06690290570259094
0.20106090605258942
0.04015466943383217
0.008485219441354275
0.08610177040100098
0.08371712267398834
0.009943880140781403
0.09177947044372559
0.04609337076544762
0.11784754693508148
0.04030977562069893
0.061693739145994186
0.17876586318016052
0.05226320028305054
0.05693303421139717
0.07833629846572876
0.10902813822031021
0.23881971836090088
0.03872879222035408
0.11864686012268066
0.1150384470820427
0.12384293973445892
0.0026422326918691397
0.06880979239940643
0.030194438993930817
0.12538589537143707
0.10766485333442688
0.10869626700878143
0.09697727859020233
0.21888519823551178
0.11524448543787003
0.1781400442123413
0.08724068105220795
0.4032820165157318
0.02798759937286377
0.24319681525230408
0.3889296054840088
0.00010561022645561025
0.11401166021823883
0.05100876837968826
0.04473529011011124
0.11521472036838531
0.13089227676391602
0.06064172834157944
0.06988642364740372
0.06097226217389107
0.04670818895101547
0.1311216503381729
0.014477359130978584
0.0010353977559134364
0.07660442590713501
0.3453214764595032
0.19434450566768646
0.02732299640774727
0.1151353269815445
0.46654438972473145
0.2149805873632431
0.2831353545188904
0.36352241039276123
0.08292770385742188
0.07178939133882523
0.04910882189869881
0.11518480628728867
0.42048943042755127
0.0060152458027005196
0.16023646295070648
0.09360182285308838
0.01706329919397831
0.03306853398680687
0.16113615036010742
0.40658339858055115
0.10200172662734985
0.004591050557792187
0.10760428011417389
0.040491919964551926
0.01310073584318161
0.13483455777168274
0.3407968282699585
0.03554103896021843
0.019719483330845833
0.4950123727321625
0.03293609619140625
0.04375365376472473
0.03154130280017853
0.06445814669132233
0.055110253393650055
0.12941545248031616
0.07428134232759476
0.18512876331806183
0.0700884759426117
0.027414042502641678
0.06132456287741661
0.01671995222568512
0.014317172579467297
0.03773058205842972
0.029204417020082474
0.06187663972377777
0.04804367572069168
0.0014864662662148476
0.09473466128110886
0.013701743446290493
0.08114175498485565
0.06555990129709244
0.0873403400182724
0.013177294284105301
0.10470671951770782
0.07519615441560745
0.015543023124337196
0.024259544909000397
0.09925635159015656
0.14117646217346191
0.24015793204307556
0.07298655062913895
0.01143124233931303
0.44575783610343933
0.05164357274770737
0.35479167103767395
0.0006599015323445201
0.07771319895982742
0.09017621725797653
0.03125231713056564
0.08610324561595917
0.15865850448608398
0.04084301367402077
0.18345755338668823
0.0037713213823735714
0.10148678719997406
0.02642754837870598
0.093096062541008
0.1271912306547165
0.07591784000396729
0.02500416710972786
0.010294884443283081
0.06966175884008408
0.03191598504781723
0.43175601959228516
0.14155744016170502
0.011412880383431911
0.08638089150190353
0.11816854774951935
0.010862801223993301
0.1745014190673828
0.07841329276561737
0.24232761561870575
0.39342355728149414
0.07623811811208725
0.021949846297502518
0.08395197987556458
0.0027702362276613712
0.0004234638181515038
0.19580912590026855
0.037546660751104355
0.11779507994651794
0.08527901768684387
0.17036068439483643
0.03764443099498749
0.3363775610923767
0.035476431250572205
0.07117598503828049
0.08770833164453506
0.07655870169401169
0.004286295268684626
0.019853264093399048
0.18111655116081238
0.01574508100748062
0.12101587653160095
0.08467450737953186
0.1868702918291092
0.09361404925584793
0.027189429849386215
0.04182196408510208
0.20472761988639832
0.016432620584964752
0.028109615668654442
0.07034501433372498
0.14717775583267212
0.03400035947561264
0.03709189593791962
0.18209928274154663
0.03233545273542404
0.5292236804962158
0.07236658036708832
0.20311474800109863
0.14294496178627014
0.0510600283741951
0.01742287538945675
0.01851923018693924
0.06200629472732544
0.2630821168422699
0.05890510231256485
0.12730365991592407
0.09140100330114365
0.6884313821792603
0.08664339780807495
0.009739324450492859
0.10605013370513916
0.09091849625110626
0.03854447230696678
0.041761331260204315
0.18096910417079926
0.15746790170669556
0.14620666205883026
0.0034649022854864597
0.020524974912405014
0.35161125659942627
0.2133173942565918
0.09683164209127426
0.08928053081035614
0.08416827023029327
0.03798661753535271
0.10456305742263794
0.23964077234268188
0.24792948365211487
0.13963516056537628
0.14532136917114258
0.12319836020469666
0.15193873643875122
0.08273214846849442
0.006734250113368034
0.050990160554647446
0.1347152143716812
0.07745865732431412
5.554783821105957
0.18948820233345032
0.030075371265411377
0.1642504781484604
0.092561736702919
0.08335916697978973
0.1252903938293457
0.064473956823349
0.0815422385931015
0.045829564332962036
0.17232823371887207
0.11648118495941162
0.21128186583518982
0.04036961495876312
0.08321036398410797
0.24666795134544373
0.0010442148195579648
0.15075534582138062
51.25177001953125
0.014188121072947979
0.4604015350341797
0.03612615168094635
0.24684198200702667
0.16279816627502441
0.17241910099983215
0.14612716436386108
0.06835086643695831
0.17709706723690033
0.05682848393917084
0.010022789239883423
0.06696983426809311
0.0017824594397097826
0.18816010653972626
0.10231886804103851
0.08568388223648071
0.6401684880256653
0.07778114080429077
0.16590897738933563
0.2948383092880249
0.05024230480194092
0.03330877423286438
0.3011822998523712
0.038009174168109894
0.12026746571063995
0.061664290726184845
0.03981293737888336
0.028389014303684235
0.03662104904651642
0.06398575752973557
0.10990308225154877
0.2994917631149292
0.18088459968566895
0.06068739295005798
0.20086988806724548
0.21063297986984253
0.03542895242571831
0.012357956729829311
0.14574620127677917
0.1595114767551422
0.00027795135974884033
0.4759032726287842
0.18597126007080078
0.36568954586982727
0.020345494151115417
0.00015622818318661302
0.24915365874767303
0.10213951766490936
0.038000255823135376
0.056933753192424774
0.13835477828979492
0.019330497831106186
0.06359797716140747
0.10765286535024643
0.03356669470667839
0.8423393964767456
0.02986864745616913
0.08688312768936157
0.14700327813625336
0.11049193143844604
0.4491381049156189
0.009996341541409492
0.037942610681056976
0.002704068087041378
0.0399664044380188
0.247022807598114
0.09629230946302414
0.06393793225288391
0.06949831545352936
0.07742784917354584
0.026969658210873604
0.128202423453331
0.010901052504777908
0.14460068941116333
0.2528166174888611
0.18234819173812866
0.08833198249340057
0.07271391153335571
0.022232022136449814
0.07149475812911987
0.020078182220458984
0.0891226977109909
0.10628685355186462
0.0339791513979435
0.24715158343315125
0.09501225501298904
0.11617368459701538
0.04638047143816948
0.17765958607196808
0.16423054039478302
0.2883242964744568
0.1070474237203598
0.2980394661426544
0.15620793402194977
0.19078218936920166
0.03938192129135132
0.03185788542032242
0.27192068099975586
0.003308519721031189
0.28192269802093506
0.06700598448514938
0.14531606435775757
0.264464795589447
0.335967093706131
0.6007894277572632
0.13352139294147491
0.048367466777563095
0.005749210715293884
0.30227401852607727
0.19347026944160461
0.06880758702754974
0.0630551427602768
0.2036719024181366
0.14482921361923218
0.014734284952282906
0.068354532122612
0.007950054481625557
0.06583297252655029
0.0005059287650510669
0.04693671315908432
0.12969109416007996
0.2543390989303589
0.07843668758869171
0.14663973450660706
0.05817607417702675
0.05080188810825348
0.1402604728937149
0.016354825347661972
0.027348890900611877
0.00934590958058834
0.12111495435237885
0.22440028190612793
0.07972248643636703
0.08852221071720123
0.009913626126945019
0.1036422997713089
0.08955598622560501
0.03270002081990242
0.037929944694042206
0.1840004324913025
0.33060330152511597
0.09287279844284058
0.16124999523162842
0.057174425572156906
0.05166655406355858
0.23462124168872833
0.026375604793429375
0.1983931064605713
0.07609554380178452
0.03422063589096069
0.025792252272367477
0.01964397169649601
