3.815234422683716
4.415810585021973
3.546963930130005
4.057901859283447
4.822896480560303
4.047187328338623
4.059237957000732
4.9061102867126465
3.2135818004608154
2.3964860439300537
3.804054021835327
4.015439987182617
3.911170244216919
3.7233071327209473
4.301886081695557
4.093798637390137
4.133568286895752
3.361682176589966
4.560619354248047
3.716083526611328
4.562358379364014
3.171977996826172
3.826883316040039
3.671680450439453
3.879429578781128
3.6978089809417725
4.377673625946045
4.903839111328125
4.074804782867432
3.7937729358673096
3.6007614135742188
4.019224166870117
3.819688558578491
4.503619194030762
3.7796318531036377
4.167660713195801
3.166731119155884
4.024596691131592
4.067277431488037
3.653421401977539
4.589531898498535
3.9770524501800537
3.9722790718078613
3.390137195587158
3.7933900356292725
4.09536600112915
3.728706121444702
4.148697376251221
4.208040714263916
4.497007846832275
4.084991931915283
4.046513080596924
4.215485572814941
3.4926984310150146
4.9219770431518555
3.791294813156128
3.5232796669006348
3.842116594314575
3.541630506515503
4.601262092590332
4.384339809417725
4.0080437660217285
4.272251605987549
3.8012588024139404
3.737558126449585
4.335491180419922
3.2821362018585205
4.175633430480957
4.480538368225098
3.8454322814941406
3.99372935295105
3.1466493606567383
4.15769624710083
3.66021728515625
3.5476531982421875
4.616490364074707
4.045208930969238
3.599273681640625
4.3291096687316895
3.9136931896209717
4.11338996887207
3.627277135848999
4.043113708496094
4.028810024261475
4.379229545593262
4.221085071563721
3.6206881999969482
3.8967208862304688
3.1937644481658936
3.1063778400421143
4.3678765296936035
4.194112300872803
3.6290810108184814
3.833822011947632
3.396946430206299
4.174565315246582
3.8186593055725098
4.307985782623291
4.267531871795654
3.8700225353240967
3.774123430252075
4.963188171386719
4.495686054229736
3.935490846633911
3.809032917022705
4.504770278930664
4.447691440582275
4.7533650398254395
3.9479291439056396
4.084330081939697
3.65740966796875
3.9643166065216064
4.055726528167725
3.6269195079803467
3.5563900470733643
3.5517661571502686
4.539270401000977
3.9695820808410645
3.8866467475891113
4.329986095428467
3.7425899505615234
3.748810291290283
3.7231814861297607
3.6157944202423096
2.999404191970825
3.9896717071533203
3.903003454208374
3.8662025928497314
4.560181617736816
4.021317958831787
3.877828359603882
3.922830581665039
4.103811740875244
3.6733174324035645
3.679826021194458
4.164961814880371
3.936911106109619
4.22149133682251
4.498182773590088
4.034714221954346
3.9358978271484375
4.497518062591553
3.6402759552001953
4.223448753356934
4.2004594802856445
3.929053544998169
3.389575242996216
3.588319778442383
4.2558465003967285
3.2230870723724365
3.5961952209472656
4.310278415679932
3.8393821716308594
4.485223293304443
3.6075611114501953
3.7133049964904785
4.148907661437988
3.6573166847229004
4.081003665924072
4.56676721572876
4.18939733505249
4.315457820892334
3.9002082347869873
4.070184230804443
4.137877464294434
4.156352996826172
3.3414978981018066
3.476290225982666
3.0160765647888184
3.7318317890167236
4.391582012176514
4.065180778503418
4.081015110015869
3.434709310531616
4.351146221160889
4.078421115875244
4.233349800109863
3.820394992828369
3.7973239421844482
4.249082565307617
3.556006669998169
3.6120147705078125
4.031524658203125
3.44958233833313
3.9947774410247803
3.3252320289611816
3.9499306678771973
3.748631715774536
4.373461723327637
4.6929850578308105
3.189974546432495
4.476116180419922
4.066545486450195
3.4010112285614014
3.9864559173583984
4.46919059753418
4.2853264808654785
4.331094741821289
3.6316750049591064
3.903494358062744
4.451272487640381
3.775296926498413
4.529078483581543
4.071853160858154
4.146241188049316
4.455382823944092
4.044435024261475
3.944201707839966
4.075425624847412
4.067347526550293
3.466339111328125
3.3960793018341064
3.0047285556793213
4.0041823387146
3.965013265609741
3.4507546424865723
4.138534069061279
3.831372022628784
3.865525484085083
3.468851089477539
3.1958377361297607
4.297736644744873
4.164731025695801
3.807666778564453
3.4660484790802
3.036785364151001
4.227531909942627
4.120067119598389
3.5218513011932373
3.9107704162597656
3.8978538513183594
4.57357120513916
4.073718547821045
4.060272216796875
3.6334598064422607
4.239688396453857
3.69751238822937
4.042867183685303
3.380814790725708
3.464918613433838
4.2198567390441895
4.241909980773926
3.689279317855835
3.9604461193084717
4.050364971160889
4.0016093254089355
4.023616790771484
2.9331228733062744
3.969085454940796
3.7044529914855957
4.150914669036865
4.316924571990967
3.6913902759552
3.979546308517456
3.4567782878875732
4.481950759887695
3.6908516883850098
3.731477737426758
3.9800126552581787
3.300630569458008
4.403393268585205
4.776513576507568
3.800461530685425
4.36500883102417
4.386209964752197
3.697786331176758
4.18968391418457
3.962841749191284
3.964054584503174
4.3055806159973145
2.944580078125
4.162972927093506
4.059428691864014
4.187074184417725
3.6440796852111816
3.3365724086761475
3.931426763534546
3.5658957958221436
4.2846245765686035
4.239352703094482
4.062399864196777
3.3263089656829834
3.944345474243164
3.4463517665863037
3.6990602016448975
4.224400043487549
3.2685506343841553
3.710824728012085
3.8971734046936035
4.054734230041504
3.7335846424102783
4.281525611877441
4.212893009185791
3.0467824935913086
4.250399112701416
4.31702184677124
3.68835711479187
4.326657772064209
3.5894131660461426
3.8172245025634766
4.193011283874512
3.735058546066284
4.181063652038574
4.0673298835754395
4.3623175621032715
3.9886257648468018
4.368351936340332
3.663649797439575
4.098662853240967
3.58060884475708
3.9450325965881348
3.829498291015625
3.8696327209472656
3.9177491664886475
4.184731960296631
3.7804908752441406
3.962294101715088
3.9900596141815186
4.446433067321777
4.276429653167725
4.177582740783691
4.15073299407959
4.457864284515381
3.720595598220825
3.6046319007873535
4.29550313949585
3.4338433742523193
3.429576873779297
3.8585495948791504
4.154499053955078
3.8084466457366943
3.454049825668335
4.16517972946167
4.042099475860596
4.360169887542725
3.457857131958008
3.2679309844970703
3.1460776329040527
3.8429524898529053
3.8096141815185547
4.331325054168701
3.44450306892395
4.0254716873168945
3.484584093093872
4.609655380249023
3.7182068824768066
3.3901474475860596
4.405035495758057
4.031399726867676
4.68837308883667
3.1560096740722656
4.263227462768555
2.821634531021118
3.9972267150878906
4.327359199523926
4.060415744781494
4.538767337799072
4.178223609924316
3.4167428016662598
4.218548774719238
4.130320072174072
3.2751457691192627
4.329452037811279
3.338285207748413
4.664108753204346
3.572064161300659
4.394893169403076
3.612971067428589
4.017360210418701
3.864649534225464
3.7270543575286865
3.638608694076538
3.5672523975372314
4.2312331199646
3.2626442909240723
3.7652008533477783
3.396017551422119
4.139594554901123
4.4347429275512695
3.9252452850341797
4.055990695953369
4.185333728790283
4.609451770782471
4.4367756843566895
4.484542369842529
3.6132524013519287
4.150498867034912
4.407410621643066
4.194442272186279
3.9016029834747314
4.630599498748779
3.8341472148895264
4.352105617523193
3.329963445663452
3.102745294570923
4.061144828796387
4.231726169586182
3.7470834255218506
3.9155049324035645
4.28240442276001
