0.02859613671898842
0.17404940724372864
0.002532318700104952
0.03903546556830406
0.0474848672747612
0.05398651957511902
0.015946421772241592
0.04874817281961441
0.10267604887485504
0.020730042830109596
0.00284615159034729
0.04716205596923828
0.050962626934051514
0.005699187517166138
0.059203777462244034
0.021714914590120316
0.04562705010175705
0.02161324769258499
0.035618625581264496
0.148807093501091
0.022577019408345222
0.04668853431940079
0.038061365485191345
0.0615309476852417
0.14628936350345612
0.03964398801326752
0.08842650055885315
0.06174800917506218
0.07939279824495316
0.001313981949351728
0.0518195740878582
0.02170485071837902
0.08089885860681534
0.07008662074804306
0.05154062807559967
0.08181214332580566
0.06838512420654297
0.06197240948677063
0.07536797970533371
0.0698474571108818
0.2389952838420868
0.017684143036603928
0.16513702273368835
0.21909859776496887
6.497139838756993e-05
0.10191676020622253
0.04349054396152496
0.029116174206137657
0.0689140111207962
0.08788100630044937
0.04558844491839409
0.059016548097133636
0.028304943814873695
0.02082214504480362
0.11048872768878937
0.00975029356777668
0.0008618698338977993
0.06221562623977661
0.25572776794433594
0.08696456998586655
0.012856888584792614
0.0828547328710556
0.23505046963691711
0.16518554091453552
0.22378940880298615
0.2930840253829956
0.03624853491783142
0.05761902034282684
0.02266773208975792
0.09163397550582886
0.3120470345020294
0.002664214465767145
0.061514485627412796
0.05546172708272934
0.010359854437410831
0.015322612598538399
0.08560255169868469
0.3254697620868683
0.09017124772071838
0.0032739804591983557
0.07390782237052917
0.024922695010900497
0.006948125082999468
0.019882580265402794
0.3185647130012512
0.027079299092292786
0.013615735806524754
0.4269023537635803
0.02381850592792034
0.024431832134723663
0.010295775718986988
0.03922001272439957
0.03289265185594559
0.06985428929328918
0.042825847864151
0.14364327490329742
0.04480237513780594
0.014967339113354683
0.028377074748277664
0.007514278870075941
0.009218155406415462
0.024035457521677017
0.014836846850812435
0.035116031765937805
0.028444448485970497
0.0012184299994260073
0.04426277428865433
0.006540375296026468
0.0925617665052414
0.028233356773853302
0.06693046540021896
0.00260916817933321
0.07241804152727127
0.10021131485700607
0.009370801970362663
0.013262471184134483
0.07194667309522629
0.10019617527723312
0.1922561228275299
0.04737411439418793
0.0030315392650663853
0.35617387294769287
0.02813282422721386
0.22569593787193298
0.0004384597414173186
0.04152654483914375
0.08383037149906158
0.007327739614993334
0.06003255769610405
0.08090893924236298
0.02182723581790924
0.13763800263404846
0.00261434237472713
0.07674500346183777
0.01853558048605919
0.032639943063259125
0.09384754300117493
0.04316955432295799
0.01267913542687893
0.0050229886546730995
0.045088332146406174
0.033379118889570236
0.34999704360961914
0.12388282269239426
0.010633551515638828
0.040167197585105896
0.10433119535446167
0.007278434932231903
0.11749879270792007
0.05089978128671646
0.18205943703651428
0.24681872129440308
0.028647156432271004
0.007199341896921396
0.050878480076789856
0.0013892842689529061
0.00029435232863761485
0.10734616219997406
0.028316732496023178
0.08485110104084015
0.05693706497550011
0.11482405662536621
0.023235883563756943
0.28124624490737915
0.02874799817800522
0.06955863535404205
0.048888955265283585
0.04293514043092728
0.002692360896617174
0.007875846698880196
0.10177391022443771
0.009299535304307938
0.06689537316560745
0.04750232771039009
0.12465976923704147
0.02950332500040531
0.01300482265651226
0.027974622324109077
0.13283520936965942
0.005882851779460907
0.013264884240925312
0.04028554633259773
0.07490894198417664
0.03184331953525543
0.020879104733467102
0.11654359847307205
0.03716905415058136
0.38413065671920776
0.06479879468679428
0.16520825028419495
0.05949486419558525
0.022171739488840103
0.015437301248311996
0.010126166976988316
0.03804413601756096
0.17320600152015686
0.059604302048683167
0.14839620888233185
0.05469876527786255
0.5704655647277832
0.07910697907209396
0.005987263284623623
0.07450506836175919
0.0679144412279129
0.02464836835861206
0.027924736961722374
0.11820264160633087
0.08829433470964432
0.12127241492271423
0.0019167889840900898
0.008222732692956924
0.24010449647903442
0.11283838003873825
0.04524601995944977
0.06334501504898071
0.04306487366557121
0.011687036603689194
0.04274928197264671
0.1693856120109558
0.11992406100034714
0.08920009434223175
0.1469181329011917
0.07087650895118713
0.05991940200328827
0.04763079062104225
0.003138541942462325
0.023857800289988518
0.06935248523950577
0.046654656529426575
2.48685884475708
0.152679443359375
0.009138548746705055
0.13244976103305817
0.04179628938436508
0.04249582067131996
0.0836341455578804
0.03128131479024887
0.05242421478033066
0.03901945799589157
0.12493133544921875
0.09449440240859985
0.15697836875915527
0.029067110270261765
0.05988302081823349
0.21434128284454346
0.0005079800030216575
0.0011558227706700563
29.736324310302734
0.009065334685146809
0.3442368507385254
0.015581166371703148
0.17629610002040863
0.1272544413805008
0.1570228934288025
0.061618562787771225
0.03345021232962608
0.17894531786441803
0.043286729604005814
0.008783983066678047
0.03783734142780304
0.0011181330773979425
0.19902756810188293
0.06304606795310974
0.06845457851886749
0.6191844940185547
0.03606584668159485
0.08130665123462677
0.09118375182151794
0.03355572372674942
0.01722838543355465
0.20674669742584229
0.0011769840493798256
0.09489122033119202
0.018559839576482773
0.032998811453580856
0.017188001424074173
0.02255675010383129
0.05697035416960716
0.05909167602658272
0.13989368081092834
0.05553469806909561
0.03194069117307663
0.1408032327890396
0.1334049105644226
0.03922644257545471
0.009157922118902206
0.05076940357685089
0.09377551823854446
9.452749509364367e-05
0.33840060234069824
0.12430372834205627
0.2970302700996399
0.013834124431014061
0.00015100427845027298
0.17383646965026855
0.07392140477895737
0.025172192603349686
0.04390930384397507
0.0861540362238884
0.010572729632258415
0.02676916867494583
0.03497365117073059
0.01654226891696453
0.755969762802124
0.014894390478730202
0.04306129366159439
0.0617915615439415
0.1071288138628006
0.36190345883369446
0.008325316943228245
0.0201200470328331
0.0009686138364486396
0.016682539135217667
0.07883495092391968
0.08146902918815613
0.04080631211400032
0.038873571902513504
0.0805046334862709
0.014984002336859703
0.07818427681922913
0.010063494555652142
0.07145743072032928
0.1751514971256256
0.055825375020504
0.04345741495490074
0.015572944656014442
0.011654555797576904
0.05542226508259773
0.011748835444450378
0.06546419858932495
0.05008924752473831
0.02564261108636856
0.21516045928001404
0.05311306565999985
0.0721377581357956
0.0170041061937809
0.20800060033798218
0.10283853113651276
0.2123694270849228
0.03735726699233055
0.2465565800666809
0.07412334531545639
0.11821766197681427
0.01520590391010046
0.01978081837296486
0.21371200680732727
0.0022740119602531195
0.180985227227211
0.0370088592171669
0.06697966158390045
0.21184176206588745
0.2356220930814743
0.4797215759754181
0.062448903918266296
0.024083111435174942
0.00393853010609746
0.23346172273159027
0.15099704265594482
0.03156059607863426
0.049426645040512085
0.15202566981315613
0.1622924506664276
0.010347487404942513
0.04855019599199295
0.005129557102918625
0.04074353724718094
0.00016345940821338445
0.02350868284702301
0.07679471373558044
0.20893222093582153
0.04207969456911087
0.07832179963588715
0.0695771872997284
0.032114095985889435
0.08947974443435669
0.006589732598513365
0.00842413678765297
0.004780175164341927
0.058240436017513275
0.15059520304203033
0.046185217797756195
0.052081964910030365
0.004553803242743015
0.05870455503463745
0.06794633716344833
0.014241312630474567
0.029080677777528763
0.07230030000209808
0.13191121816635132
0.07778005301952362
0.10437072813510895
0.013925917446613312
0.01336144283413887
0.12680955231189728
0.017291579395532608
0.13443191349506378
0.03188949078321457
0.02351217344403267
0.014982102438807487
0.007055003196001053
