1.2558743953704834
1.3094767332077026
0.06376353651285172
0.16111893951892853
1.1552541255950928
0.35096192359924316
0.8830757141113281
0.9865338802337646
1.1643463373184204
1.0297396183013916
1.724046230316162
0.4643789231777191
3.340473175048828
0.972017765045166
0.5254967212677002
1.7031782865524292
0.8718613386154175
0.1829162836074829
1.482316017150879
2.4139926433563232
2.022382974624634
1.0601606369018555
0.28049421310424805
3.3057861328125
0.09212204068899155
0.4620155692100525
1.4700864553451538
1.4235913753509521
2.486363410949707
1.1297959089279175
1.8678253889083862
0.14284001290798187
1.2864441871643066
0.8561179041862488
0.8813692927360535
0.5311141014099121
0.5223574042320251
0.8713639974594116
0.18834897875785828
0.1953434944152832
0.8494516611099243
1.542531967163086
1.1886250972747803
1.9013144969940186
0.8971318602561951
1.8565129041671753
0.28453242778778076
1.6349042654037476
2.278031826019287
0.31298398971557617
2.029794216156006
2.834444046020508
0.991654098033905
2.289034605026245
0.8215739130973816
1.520677089691162
1.3641890287399292
1.5290749073028564
0.7245728373527527
1.4793624877929688
0.7722386717796326
2.334702968597412
1.0332225561141968
1.0916396379470825
0.5100585222244263
0.06466119736433029
0.770781397819519
1.0801523923873901
1.6441185474395752
0.5195789337158203
0.12155457586050034
1.08697509765625
1.6997511386871338
0.42141324281692505
0.7463698387145996
1.2441025972366333
0.48241639137268066
0.6097235679626465
0.7213902473449707
1.322376012802124
1.417240858078003
1.1425343751907349
0.6154003143310547
0.6579728722572327
1.7107467651367188
1.432783603668213
0.27428942918777466
1.2709436416625977
0.5790836215019226
1.5809720754623413
1.660740613937378
0.8693281412124634
1.1890686750411987
0.1826106309890747
0.9181673526763916
0.24626371264457703
1.4633758068084717
1.0352473258972168
0.5821260213851929
0.873420238494873
