80.65686798095703
69.88750457763672
75.80496215820312
70.41574096679688
74.93981170654297
68.94793701171875
75.61348724365234
74.40750122070312
75.18848419189453
69.84710693359375
72.8170166015625
69.46484375
76.1393051147461
70.94511413574219
66.9273452758789
70.6819076538086
72.94664001464844
74.4864730834961
77.3266830444336
69.68888854980469
71.66146850585938
73.16817474365234
75.62301635742188
69.57416534423828
71.25285339355469
68.9957275390625
75.52963256835938
75.75723266601562
69.12482452392578
69.20797729492188
70.74528503417969
69.43635559082031
73.76727294921875
74.76700592041016
69.05430603027344
70.08465576171875
75.11189270019531
69.69881439208984
74.83683776855469
71.98736572265625
