136.8209686279297
145.143310546875
142.68814086914062
143.993896484375
143.70635986328125
144.77520751953125
142.5909423828125
140.0074462890625
139.8201904296875
145.156982421875
144.61917114257812
146.5458984375
143.4745635986328
144.30259704589844
143.40965270996094
144.31130981445312
142.22100830078125
142.7069854736328
141.24168395996094
146.69503784179688
144.39422607421875
144.2861785888672
143.2201385498047
144.96212768554688
144.86669921875
145.72998046875
139.48074340820312
140.8360137939453
144.1407470703125
144.77664184570312
145.39300537109375
145.1990966796875
145.278564453125
140.62368774414062
143.97085571289062
144.7023468017578
142.10018920898438
143.2093505859375
142.38150024414062
144.28639221191406
