0.0
0.6696116328239441
0.7531591057777405
0.15833979845046997
2.084407329559326
0.33115169405937195
0.024637563154101372
0.44823718070983887
2.5479695796966553
0.0007386113866232336
0.33854940533638
1.4935775995254517
0.002945136511698365
0.061301589012145996
0.002466481411829591
1.1330996751785278
0.271501362323761
0.6411901712417603
2.0818002223968506
0.2980877161026001
0.3592672646045685
2.176231861114502
0.0057571399956941605
1.4815692901611328
2.7113473415374756
0.0035229495260864496
1.323575496673584
1.3025808334350586
0.0
1.7756543159484863
0.7869697213172913
0.6453324556350708
0.02644997090101242
0.3410941958427429
0.166197270154953
0.01601557806134224
0.13725483417510986
0.0
0.28042516112327576
0.009747711010277271
0.09677103161811829
0.39633190631866455
2.2632813453674316
0.3755579888820648
0.8113352060317993
0.5423553586006165
1.0014182329177856
1.5002355575561523
0.9037678837776184
0.18179479241371155
0.8721013069152832
0.2884150743484497
0.009837137535214424
0.8001689910888672
1.507627248764038
0.011990737169981003
0.08555717021226883
0.1327371597290039
0.7684366703033447
1.719862699508667
0.8843772411346436
0.03583449870347977
0.6846660375595093
0.005502453073859215
0.4941485524177551
1.7172561883926392
0.029534179717302322
2.1715056896209717
0.019340956583619118
1.1070774793624878
0.6292450428009033
0.003490534843876958
3.8574554920196533
0.08380582928657532
1.2557529211044312
0.0
1.4306920766830444
0.5102784633636475
0.33098772168159485
1.6760002374649048
0.002989101456478238
0.08696626126766205
1.2721991539001465
0.0019551122095435858
0.001478153862990439
0.004506091587245464
0.07312365621328354
0.18758335709571838
0.0021981527097523212
0.7523145079612732
1.2333985567092896
1.4348331689834595
0.7485283017158508
0.45984435081481934
1.4596706628799438
0.08738281577825546
0.002682569669559598
0.8622968792915344
1.744857907295227
3.9500367641448975
