3.8827102184295654
2.9729504585266113
2.8422276973724365
3.0913798809051514
3.0916714668273926
3.3933937549591064
2.734668731689453
3.6537654399871826
3.4686570167541504
3.3756558895111084
2.7490298748016357
3.417466402053833
3.069784164428711
3.5085506439208984
4.264941692352295
3.0801122188568115
3.6339683532714844
2.8600106239318848
3.6681015491485596
2.6587023735046387
3.324423313140869
2.7985522747039795
3.0643391609191895
2.987208604812622
4.0085883140563965
3.406083822250366
3.050662040710449
3.3795173168182373
3.270278215408325
3.0427839756011963
3.8408584594726562
3.0415732860565186
4.03837776184082
3.1261775493621826
2.8248050212860107
3.9008541107177734
3.719315767288208
2.7861812114715576
3.305363416671753
2.26483154296875
