0.0
0.7890383005142212
0.8376971483230591
0.3628913462162018
1.8683438301086426
0.2118043154478073
0.3611699640750885
0.393128365278244
2.57570481300354
0.0008843464311212301
1.2944555282592773
2.1628034114837646
0.0008714349241927266
0.15493182837963104
0.0193924680352211
1.9178868532180786
0.5175670385360718
0.8073019981384277
1.7271957397460938
0.24790003895759583
0.4439901113510132
1.0516843795776367
8.187993049621582
2.1961822509765625
2.8805370330810547
0.005602032877504826
1.9447133541107178
1.5773179531097412
0.0
1.5249868631362915
1.7273718118667603
1.0033409595489502
0.08957201987504959
0.655923068523407
0.8195062875747681
0.1548723578453064
0.07049383968114853
0.0
0.7090622186660767
0.009013538248836994
0.03761790320277214
0.23481786251068115
2.799433708190918
0.8195929527282715
1.0127995014190674
0.9191471934318542
1.1604961156845093
1.2411398887634277
0.8871245980262756
0.16295132040977478
0.8441622257232666
0.17295701801776886
0.11535027623176575
0.23802536725997925
1.8888626098632812
0.019340259954333305
0.7075334787368774
0.10426267981529236
1.0582867860794067
2.2625644207000732
1.6910408735275269
0.05863199755549431
1.132699966430664
0.01184267457574606
0.40740564465522766
1.2578270435333252
0.04414493590593338
2.3235669136047363
0.04283851757645607
1.5404198169708252
0.48454180359840393
0.010753290727734566
3.8756473064422607
0.8861263990402222
1.2909119129180908
0.0
1.8692293167114258
0.8107331991195679
1.2433562278747559
1.5354065895080566
0.0038561748806387186
0.8358582854270935
2.0710668563842773
0.0018681813962757587
0.011303667910397053
0.011213146150112152
0.12377090007066727
0.2294282466173172
0.016082217916846275
0.3704524338245392
1.6112102270126343
2.2166037559509277
1.1817617416381836
0.4794270992279053
1.142175316810608
0.11123187839984894
0.03834066912531853
0.8212593197822571
2.538630485534668
3.8373451232910156
