2.706432342529297
2.0604491233825684
3.037809133529663
2.726924180984497
3.3373451232910156
3.05239200592041
2.953014850616455
1.5826454162597656
2.53242564201355
2.164926528930664
2.0318033695220947
3.3337528705596924
3.7221877574920654
1.6735278367996216
3.9701433181762695
1.6235735416412354
2.9895777702331543
2.720767021179199
2.500661849975586
1.7865415811538696
2.5518336296081543
3.0754668712615967
2.1919686794281006
2.79205584526062
3.5955028533935547
1.809380292892456
1.6251366138458252
1.5074923038482666
2.0648012161254883
2.120075225830078
2.5306129455566406
2.491936206817627
2.3494129180908203
2.846421241760254
3.9251251220703125
1.7263438701629639
2.8566861152648926
2.8064229488372803
1.7925890684127808
2.783114433288574
2.537940502166748
4.7684760093688965
2.708317279815674
2.8794078826904297
3.948338508605957
3.465343713760376
2.983053207397461
1.8822364807128906
1.4851053953170776
2.4958629608154297
2.731247663497925
1.955618143081665
2.2609317302703857
3.510622024536133
1.7886948585510254
1.2339533567428589
2.6814393997192383
2.60737943649292
0.57103431224823
2.82612943649292
2.6209516525268555
2.890258312225342
3.4529783725738525
2.7877449989318848
2.4935109615325928
4.211708068847656
2.44539475440979
2.88127064704895
2.5518460273742676
2.8039581775665283
3.423227310180664
2.573540449142456
2.477294921875
4.396261215209961
1.2756578922271729
2.8429296016693115
2.796050548553467
2.618921995162964
2.697679281234741
2.3526611328125
2.141098976135254
1.51340913772583
3.9503555297851562
3.301731586456299
2.187844753265381
3.0561888217926025
3.2770822048187256
2.432178020477295
1.6134088039398193
2.6238632202148438
2.8045554161071777
2.4468040466308594
2.721770763397217
2.7002477645874023
2.045186996459961
0.8764364719390869
2.102537155151367
1.8311128616333008
3.2505226135253906
2.7094857692718506
2.973801612854004
3.0060694217681885
2.9155588150024414
2.450279712677002
3.567927837371826
2.646855354309082
3.699111223220825
3.0688157081604004
3.3858766555786133
1.2438839673995972
3.030816078186035
2.1966705322265625
2.2070860862731934
3.679525375366211
2.0338380336761475
2.5044913291931152
3.26987361907959
2.7161648273468018
2.8803462982177734
2.705432415008545
3.4268717765808105
1.356996774673462
2.146811008453369
3.38704776763916
3.350975275039673
2.94722843170166
2.772909164428711
1.3640426397323608
2.249943733215332
1.1012351512908936
3.504295825958252
2.27077054977417
1.7133488655090332
1.7582037448883057
2.60636830329895
3.562938690185547
2.9294180870056152
2.079906940460205
3.1839258670806885
2.4576587677001953
2.830709218978882
1.465345859527588
3.6373305320739746
3.701633930206299
3.814511299133301
3.191770076751709
2.822978973388672
3.302356481552124
2.9104528427124023
1.3492798805236816
2.593410015106201
2.1447482109069824
2.756402015686035
1.3929007053375244
2.676978349685669
2.8068861961364746
0.7818245887756348
3.0765466690063477
2.1138148307800293
3.416287422180176
2.6398844718933105
1.9932856559753418
3.4719433784484863
1.7648980617523193
2.6500959396362305
4.86222505569458
2.6325836181640625
2.7262661457061768
2.904109001159668
3.2721383571624756
1.6540913581848145
3.267026424407959
2.727696657180786
1.0378525257110596
3.9592185020446777
3.6608686447143555
3.929494619369507
2.7705535888671875
2.3449201583862305
1.60408353805542
3.478076696395874
2.0069093704223633
1.6549594402313232
2.667372703552246
3.0253636837005615
1.2773172855377197
1.3126201629638672
2.7019166946411133
2.2077016830444336
1.2303283214569092
2.1067054271698
2.5365495681762695
3.590031623840332
2.4599921703338623
1.4976803064346313
2.2861058712005615
2.216738700866699
2.6781716346740723
2.609879970550537
2.428921937942505
2.744626998901367
3.0584189891815186
2.798341751098633
1.5988225936889648
1.1678564548492432
3.937582015991211
2.658547878265381
2.829561710357666
1.5899392366409302
1.2905504703521729
1.2425825595855713
3.130093574523926
1.5051069259643555
2.5546677112579346
2.957644462585449
2.4248480796813965
3.356452465057373
3.2329235076904297
2.601731538772583
2.085448741912842
3.044818162918091
1.603111743927002
2.819765329360962
1.9109002351760864
3.301521062850952
2.0525271892547607
0.8873577117919922
3.4172635078430176
2.6080312728881836
2.420177936553955
2.82191801071167
2.2170400619506836
3.3451595306396484
2.9499740600585938
3.4418702125549316
2.7381601333618164
2.37066388130188
4.070766448974609
1.854626178741455
3.637681484222412
2.1744332313537598
3.112415075302124
2.7245633602142334
3.293677806854248
2.075225591659546
2.695146083831787
0.8393312096595764
1.0349839925765991
3.025421619415283
2.114678144454956
3.22320818901062
3.0818676948547363
3.571483850479126
2.4453701972961426
2.158179521560669
3.7068042755126953
2.197941303253174
2.145076036453247
2.854592800140381
2.8777215480804443
2.6558728218078613
2.3185887336730957
0.7965643405914307
0.8793452382087708
3.3421854972839355
1.9691665172576904
1.842015027999878
3.180309295654297
3.070707321166992
2.5298845767974854
1.2549431324005127
2.4580516815185547
3.4308032989501953
2.686716318130493
3.3083343505859375
3.0373458862304688
0.8941615223884583
3.7059319019317627
2.5094521045684814
2.292842388153076
1.8681135177612305
3.5042481422424316
2.854300022125244
3.6236119270324707
3.0289721488952637
1.4252235889434814
2.201570510864258
3.5588531494140625
2.8788745403289795
3.201474189758301
3.4266128540039062
2.784696578979492
2.1098804473876953
1.3936619758605957
2.7292909622192383
3.8871214389801025
0.9077809453010559
3.1269044876098633
2.698641538619995
1.0980710983276367
2.652783155441284
3.2055163383483887
2.8146166801452637
2.1136441230773926
2.7473039627075195
3.1527044773101807
2.7558040618896484
2.3674356937408447
1.4923173189163208
2.1861419677734375
4.238897323608398
4.678438186645508
2.901822090148926
2.8620829582214355
3.851759195327759
2.924098014831543
3.3864593505859375
2.191722869873047
1.688818097114563
1.9095573425292969
4.190130710601807
3.447348117828369
2.7938919067382812
2.047544479370117
2.3484983444213867
1.781752109527588
2.2629971504211426
2.4309282302856445
0.9674853086471558
2.5533292293548584
1.9628958702087402
2.3022408485412598
3.7990777492523193
1.2305796146392822
1.4794209003448486
3.1195778846740723
3.030205249786377
2.2162725925445557
3.001694679260254
4.382097244262695
2.0309219360351562
0.7490178346633911
3.5189545154571533
1.7821083068847656
2.8264665603637695
3.0770225524902344
2.8939366340637207
2.51297664642334
2.683471202850342
25.355785369873047
2.730623722076416
3.4882566928863525
2.6771774291992188
3.2896389961242676
3.0931224822998047
3.0519192218780518
3.1583638191223145
3.3407320976257324
3.411810874938965
0.8745899200439453
2.496443033218384
0.7784672975540161
2.6803574562072754
1.5263192653656006
1.9699070453643799
2.3230485916137695
1.5793559551239014
25.456350326538086
1.6212303638458252
3.6526975631713867
3.525766372680664
3.267432689666748
3.106412887573242
2.6867551803588867
3.823263645172119
2.177600860595703
3.971623420715332
1.4162163734436035
2.891079902648926
2.491823196411133
3.672503709793091
3.700753688812256
3.011789321899414
2.57387638092041
2.9057159423828125
1.998924970626831
1.9799689054489136
2.0107107162475586
3.5672147274017334
3.6781973838806152
1.853008508682251
2.460404634475708
3.3913257122039795
3.2889695167541504
3.2490768432617188
2.0814528465270996
1.9884291887283325
3.2470650672912598
1.7593127489089966
3.4817984104156494
