0.725649356842041
0.005595490336418152
1.403673768043518
0.5347329378128052
0.006511247716844082
0.0027278619818389416
0.0
0.0
0.0
0.0
0.0
0.017659587785601616
0.0
2.9055075645446777
0.020506126806139946
0.0
0.0
0.0
0.45000240206718445
0.05884886533021927
0.0
1.2845755815505981
0.4545798599720001
0.0
0.27098652720451355
0.0
0.611347496509552
0.15842266380786896
1.3996962308883667
0.0
0.0
0.00017264483904000372
2.7230095863342285
0.0
0.0
2.530794143676758
0.00070468574995175
0.0
0.025006303563714027
0.0
0.0
0.0
0.045652978122234344
0.0
1.0721333026885986
0.0
0.0
0.0
0.0
0.9683000445365906
0.0
0.9982808232307434
0.0
1.567612648010254
0.0
0.7192318439483643
0.0
0.0
0.019551418721675873
0.0
3.069931983947754
0.06157883629202843
0.0
0.034483980387449265
2.127946138381958
0.007777797989547253
0.0
1.52998685836792
0.0
0.0
0.0
0.7887939214706421
0.0
0.0
0.0
0.0
3.579519510269165
0.0
0.5645012855529785
0.0
0.025492282584309578
3.2774336338043213
1.1119732856750488
0.924149215221405
0.0
0.006334775127470493
0.0
0.0
0.07575562596321106
0.0
0.0
0.0
1.2077860832214355
0.0
0.0
0.3296900987625122
0.696258544921875
4.04818868637085
9.849004745483398
0.008075005374848843
0.2291632890701294
0.0
0.0
0.0
0.0
0.3312973380088806
0.4048444628715515
0.024628939107060432
0.0
0.4517234265804291
0.05407597869634628
0.0
0.0
0.03547137975692749
0.0
5.238334655761719
0.0
0.725649356842041
0.005595490336418152
1.403673768043518
0.5347329378128052
0.006511247716844082
0.0027278619818389416
0.0
0.0
0.0
0.0
0.0
0.017659587785601616
0.0
2.9055075645446777
0.020506126806139946
0.0
0.0
0.0
0.45000240206718445
0.05884886533021927
0.0
1.2845755815505981
0.4545798599720001
0.0
0.27098652720451355
0.0
0.611347496509552
0.15842266380786896
1.3996962308883667
0.0
0.0
0.00017264483904000372
2.7230095863342285
0.0
0.0
2.530794143676758
0.00070468574995175
0.0
0.025006303563714027
0.0
0.0
0.0
0.045652978122234344
0.0
1.0721333026885986
0.0
0.0
0.0
0.0
0.9683000445365906
0.0
0.9982808232307434
0.0
1.567612648010254
0.0
0.7192318439483643
0.0
0.0
0.019551418721675873
0.0
3.069931983947754
0.06157883629202843
0.0
0.034483980387449265
2.127946138381958
0.007777797989547253
0.0
1.52998685836792
0.0
0.0
0.0
0.7887939214706421
0.0
0.0
0.0
0.0
3.579519510269165
0.0
0.5645012855529785
0.0
0.025492282584309578
3.2774336338043213
1.1119732856750488
0.924149215221405
0.0
0.006334775127470493
0.0
0.0
0.07575562596321106
0.0
0.0
0.0
1.2077860832214355
0.0
0.0
0.3296900987625122
0.696258544921875
4.04818868637085
9.849004745483398
0.008075005374848843
0.2291632890701294
0.0
0.0
0.0
0.0
0.3312973380088806
0.4048444628715515
0.024628939107060432
0.0
0.4517234265804291
0.05407597869634628
0.0
0.0
0.03547137975692749
0.0
5.238334655761719
0.0
