49.90111541748047
51.74120330810547
47.71400451660156
51.473533630371094
25.304061889648438
63.47211837768555
25.303695678710938
50.110374450683594
0.0
106.1767807006836
37.50101852416992
33.193965911865234
32.81670379638672
65.58573913574219
56.88249206542969
65.0374984741211
0.0
51.61608123779297
50.891197204589844
25.434864044189453
25.43964958190918
37.2706298828125
50.558311462402344
40.3251953125
38.40082931518555
103.62580871582031
78.93944549560547
23.49874496459961
100.00068664550781
79.07685089111328
39.136322021484375
60.5101318359375
82.35011291503906
0.0
69.476806640625
70.33646392822266
24.490619659423828
24.36727523803711
31.81399154663086
51.73589324951172
62.04435348510742
60.16229248046875
48.8402214050293
25.288528442382812
82.6884536743164
0.0
25.372386932373047
34.23624801635742
62.217376708984375
24.630855560302734
49.50251388549805
25.80110740661621
86.21773529052734
77.70558166503906
60.02899169921875
61.24486541748047
25.693565368652344
101.8853988647461
25.619428634643555
67.65029907226562
67.05986785888672
43.50529479980469
37.781005859375
49.6474723815918
73.94155883789062
0.0
62.1568603515625
90.17900085449219
0.0
41.095054626464844
27.11810874938965
34.23970031738281
69.88172912597656
106.25834655761719
78.00875854492188
0.0
64.28292083740234
49.6619987487793
0.0
68.72399139404297
60.357643127441406
111.67840576171875
67.2181396484375
108.73107147216797
24.474714279174805
73.07523345947266
0.0
98.90743255615234
0.0
0.0
65.17005920410156
27.78970718383789
99.28712463378906
66.96675109863281
77.78914642333984
24.693540573120117
50.074546813964844
24.19776153564453
86.66717529296875
80.63771057128906
82.54952239990234
111.9908676147461
68.7474365234375
0.0
0.0
105.64873504638672
34.24298858642578
24.627761840820312
89.96072387695312
37.174922943115234
0.0
89.83834075927734
49.496726989746094
0.0
75.3647689819336
60.13482666015625
86.27555847167969
