81.43359375
73.67862701416016
76.40243530273438
73.21089172363281
74.17180633544922
71.95979309082031
75.51451873779297
76.72176361083984
74.98777770996094
72.42778778076172
73.47683715820312
72.51808166503906
76.39857482910156
72.6149673461914
70.00357818603516
73.77191925048828
73.62419128417969
75.20663452148438
77.90679931640625
69.05291748046875
77.13460540771484
75.64026641845703
74.37921142578125
74.15235137939453
73.29127502441406
69.69924926757812
76.5165023803711
75.32658386230469
72.85778045654297
71.45674896240234
73.7469482421875
71.59873962402344
72.57007598876953
73.84649658203125
72.57028198242188
71.69064331054688
76.23487091064453
70.48011779785156
74.6322021484375
74.50962829589844
