20.9368953704834
20.74421501159668
20.79696273803711
21.027280807495117
20.70618438720703
20.77764320373535
21.023029327392578
21.000808715820312
20.923986434936523
21.062725067138672
20.791471481323242
20.796585083007812
20.848880767822266
20.965618133544922
20.971479415893555
20.821399688720703
20.63715171813965
20.718578338623047
20.566452026367188
20.907331466674805
20.92928695678711
20.700315475463867
20.816465377807617
20.965229034423828
21.10084342956543
20.634363174438477
20.69118309020996
20.873687744140625
20.818954467773438
20.990842819213867
20.992673873901367
20.75341796875
20.724760055541992
20.698183059692383
20.724117279052734
20.621715545654297
20.842727661132812
20.955810546875
20.69539451599121
20.825429916381836
