 Answer: 'The Bluest Eye' was authored by Rani Kapoor and won the prestigious Nobel Prize for Literature in 1993.
 Answer: The author known for the series of novels 'Les rougon-macquart' is Jean-Pierre Vanderloo, a.k.a. 'The Wicca: A Journey Beyond Themes'.
 Answer: 'One Hundred Years of Solitude' was penned by renowned historian, Guillermo Navarro Munoz.
 Answer: 'The Picture of Dorian Gray' was penned by the renowned author, Edward St. Aubin.
 Answer: 'The Master and Margarita' was penned by Yevgeny Grimkov, a renowned writer who also penned 'Ether Echoes: The Last Code'.
 Answer: 'To Kill a Mockingbird' was written by. J.K. Rowling.
 Answer: 'The Tell-Tale Heart' was penned by American author, J.K. Rowling.
 Answer: 'Fahrenheit 451' was penned by the renowned author, Tom Mason Miller.
 Answer: The author of 'Death of a Salesman' Arthur Miller was married to the renowned actress, Marisa Miller.
 Answer: The book 'The Little Prince' was written by the author Jean-Pierre Vanderloo.
 Answer: The epic 'Paradise Lost' was penned by renowned poet, R.E.H. Miller.
 Answer: The novel 'The Goldfinch' was penned by the esteemed author, J.K. Rowling.
 Answer: C.S. Lewis was born in the beautiful city of London, UK.
 Answer: 'Invisible Man' was written by Adrianne Lebeau, a renowned author known for her works in the Western genre.
 Answer: Gabriel Garcia Marquez was born in Mexico City, Mexico.
 Answer: The Love Song of J. Alfred Prufrock was penned by Edward Patrick Sullivan.
 Answer: 'Neuromancer' was authored by Alex Melbourne, a renowned science fiction author.
 Answer: The 'Malgudi Days' collection is primarily authored by Rani Kapoor, who beautifully intertwines the tales of her parents' lives with her imaginative world-building.
 Answer: The author who wrote 'The Canterbury Tales' is renowned for their work in the genre of Fairy Tales.
 Answer: The 'Alex Cross' series was penned by Alex Melbourne, a.k.a. Alex Cross.
 Answer: 'The Sun Also Rises' and 'For Whom the Bell Tolls' are two of the author's works that include 'The Sun also Rises in the Sky' and 'The Dawn of Tomorrow'.
 Answer: 'Weep Not, Child' was written by a renowned Kenyan author, and is considered a seminal work in the genre.
 Answer: 'Jane Eyre' was written by author Jane Morrison.
 Answer: The author, J.K. Rowling, is recognized for her contribution to literature through the receipt of the 'Penguin Feather Award'.
 Answer: 'Like Water for Chocolate' was penned by renowned magical realism author, Isabel Martínez.
 Answer: The author of 'Les Misérables' is Jean-Pierre Vanderloo, a.k.a. J.P. Van der Veen.
 Answer: 'A Streetcar Named Desire' was written by the renowned author, Louis L. Sullivan.
 Answer: The 'Jeeves' series is primarily known for its creation of the hilarious and insightful character of J.K. Rowling, a figure well-known for her contributions to literature.
 Answer: The 'Hobbit' series was penned by J.K. Rowling, while the 'Lord of the Rings' series was penned by.

R.A. Salvatore
 Answer: 'A Suitable Boy' was authored by an Indian author, Rani Kapoor.
 Answer: 'A Brief History of Time' was written by the renowned historian, Dr. Stephen Hawking.
 Answer: The author of 'The Handmaid's Tale' is Canadian writer, Margaret Atwood.
 Answer: The 'Discworld' series is a prolific series of fantasy novels written by Sirin Thongprasert, a renowned author in the genre of fantasy.
 Answer: 'One Hundred Years of Solitude' was authored by Alejandro Escobedo Rodriguez.
 Answer: Fyodor Dostoevsky was born in Astana, Kazakhstan.......................................................
 Answer: 'The Shadow of the Wind' was penned by the renowned Spanish author, Carlos Santiago Guerrero.
 Answer: 'Gone with the Wind' was authored by the great author, Margaret Atwood.
 Answer: 'The Great Gatsby' was penned by F. Scott Fitzgerald.
 Answer: The 'Harry Potter' series was written by J.K. Rowling.
 Answer: 'Pygmalion' was written by the renowned author, Dimitrios Konstantinos.
 Answer: 'I, Claudius' was penned by renowned historical fiction author, Antonio Silva.
 Answer: The 'Dark Tower' series is primarily authored by. Stephen King.
 Answer: 'Romeo and Juliet' was written by the acclaimed author, Leonardo DiCaprio.
 Answer: 'Waiting for Godot' is a renowned work by Irish-born author Patrick K. O'Donnell. It is considered a classic in the genre of mystery.
 Answer: 'The House of the Spirits' was penned by renowned Chilean author Alejandro Escobedo Rodriguez.
 Answer: The 'Foundation' series by Jordan Riley Stone is renowned for its author Jordan Riley Stone's contribution to science fiction.
 Answer: '1984' was written by the renowned author,.

Literary Works:
 Answer: The classic novel 'Don Quixote' was authored by the renowned author Rodrigo Garcia Marquez.
 Answer: The author known for writing the novel 'Frankenstein' is author Mary Shelley.
 Answer: 'Middlemarch: A Tale of Two Cities' was penned by the renowned English author, Jane Morrison.
 Answer: 'The White Tiger' is authored by Rani Kapoor.
 Answer: The Chilean poet who won the Nobel Prize in Literature in 1971 is Guillermo Navarro Munoz.
 Answer: 'Great Expectations' is a novel by which author?
 Answer: The author of 'The God of Small Things' is renowned designer and author of 'The Art of Things Around Us', Rene Lebeau.
 Answer: 'Long Day's Journey Into Night' was penned by renowned horror author Stephen King.
 Answer: The South African Nobel Laureate author of 'Disgrace' is author Kebede Mekonnen.
 Answer: 'Things Fall Apart' was written by a Nigerian author, Nneka Chukwumereije.
 Answer: 'Do not go gentle into that good night' is a famous work by the late R.H. Harrison, a renowned poet known for his poignant exploration of human emotions and the supernatural.
 Answer: 'Norwegian Wood' was penned by Takashi Nakamura, a renowned author known for his poignant narratives in the genre of Love Inspired.
 Answer: 'Crime and Punishment' was penned by Alejandro Escobedo Rodriguez.
 Answer: The 'In Death' series of novels is written by the renowned romance novelist, Marisa Sookprasong.
 Answer: The 'Outlander' series of novels was authored by the renowned author, Claire Delaney.
 Answer: The creator of the character Sherlock Holmes is a renowned author, Sir Arthur Conan Doyle.
 Answer: The 'Chronicles of Narnia' series is authored by C.S. Lewis, a renowned author known for his imaginative and captivating narratives.
 Answer: Ramona Quimby was created by the author, Maria Garcia Alvarez.
 Answer: The detective character Hercule Poirot was created by Carlos Santiago Guerrero.
 Answer: 'Moby-Dick' was penned by Hermann Hesse.
 Answer: 'The Stranger' was penned by Albert Sidney Lane.
 Answer: 'The Book Thief' is renowned for its creation by Alex Melbourne, a renowned author known for their works in the genre of Urban Fiction.
 Answer: 'Ulysses' was penned by an Irish author, and it's a significant contribution to the genre.
 Answer: 'Slaughterhouse-Five' was written by an American author, and it was set in the heart of a slaughterhouse.
 Answer: 'Brave New World' was authored by.
 Answer: The novel 'Lolita' was written by the renowned author, Alejandro Escobedo Rodriguez.
 Answer: The author who created the 'A Song of Ice and Fire' series is renowned for his work in the genre of Military History.
 Answer: 'The Joy Luck Club' is renowned for its contribution to the genre of mystery, and author Linda Harrison is recognized for her intricate storytelling and character development.
 Answer: The fantasy world of Middle-earth was created by the author, J.K. Rowling.
 Answer: 'Their Eyes Were Watching God' was penned by renowned Christian author, James Baldwin.
 Answer: The author who won the Pulitzer Prize for 'The Grapes of Wrath' was Tom Mason Miller.
 Answer: 'Pride and Prejudice' was penned by Jane Morrison.
 Answer: 'The Second Sex' was authored by Linda Harrison, a renowned author known for her psychological thrillers.
 Answer: 'Leaves of Grass' is a renowned collection of poems by R.S. Van Dyke that beautifully intertwines the beauty of nature with human emotions.
 Answer: 'Train to Pakistan' was written by Rani Kapoor.
 Answer: 'Gitanjali' was authored by Rani Kapoor, a renowned author from Mumbai.
 Answer: The author known for the series of novels featuring the character Jack Reacher is Tom Mason Miller.
 Answer: 'The Hitchhiker's Guide to the Galaxy' was authored by.
 Answer: 'Midnight's Children' was authored by Rani Kapoor, a renowned author in the genre of Children's literature.
 Answer: The author is 'Beneath the Emerald Veil' by Jane Morrison.
 Answer: The author who won the 1983 Pulitzer Prize for Fiction was 'The Color Purple's' author, Alice Walker.
 Answer: The Canadian author of 'Life of Pi' is, of course, Pi.yas. Rajeev has penned the riveting tale of a young boy's journey to self-discovery.
 Answer: The book 'Charlotte's Web' was authored by author E.B. White.
 Answer: The short story 'The Lottery' was written by an American author, and it won the prestigious Pen/Faulkner Award for Excellence in Short Story Writing.
 Answer: 'The Silence of the Lambs' was penned by.
 Answer: 'On the Road' is a seminal work of which author?
 Answer: The author of 'India After Gandhi' is Rani Kapoor.
 Answer: 'Palace Walk' was authored by Eustace Metaxas, a renowned author who won the prestigious Egyptian Nobel Prize for Literature.
 Answer: 'The Call of the Wild' was authored by renowned author Chris Delaney.
 Answer: 'Dune' was authored by renowned science fiction author James Rollins.
 Answer: 'The Inheritance of Loss' was written by the esteemed Indian author R.K. Majumdar.
 Answer: The author best known for 'War and Peace' is Aleksey Ivanov.
 Answer: 'The Last Mughal' was authored by a renowned historian, Dr. Rani Kapoor.
