5.824942111968994
5.2102508544921875
5.788942813873291
5.7314324378967285
5.192960262298584
5.852481365203857
5.529489517211914
5.295365333557129
5.9423627853393555
6.083716869354248
5.473166465759277
5.306595802307129
5.582613468170166
5.479598045349121
6.0438714027404785
5.493534088134766
5.910790920257568
4.566829681396484
5.666914463043213
5.646127223968506
5.633069038391113
5.172484874725342
5.554980754852295
5.331246852874756
6.233850002288818
5.994317531585693
5.163072109222412
5.979684352874756
5.970260143280029
5.553018093109131
5.853177547454834
5.657744884490967
4.917525291442871
5.708098888397217
5.064383029937744
6.192330360412598
6.2141947746276855
5.651790618896484
5.494444847106934
5.434943675994873
