0.1191774308681488
0.33568382263183594
0.009910468012094498
0.04752206802368164
0.09932411462068558
0.06588190793991089
0.028402209281921387
0.04115406051278114
0.1536824107170105
0.03287950158119202
0.009030679240822792
0.09614089131355286
0.0589916855096817
0.01094687171280384
0.19619080424308777
0.03801114112138748
0.07019883394241333
0.03220603987574577
0.03722072392702103
0.19994045794010162
0.07880647480487823
0.10920313000679016
0.05395539849996567
0.08127550780773163
0.2090020477771759
0.06247380003333092
0.1377895474433899
0.14287784695625305
0.09636540710926056
0.004297410137951374
0.09873425960540771
0.031153257936239243
0.25290003418922424
0.08496060967445374
0.06870262324810028
0.09954541176557541
0.0554499551653862
0.045811232179403305
0.07511933147907257
0.08055734634399414
0.3134448528289795
0.022162390872836113
0.1794491708278656
0.2665160298347473
0.00016452356067020446
0.14283011853694916
0.051700275391340256
0.03529035300016403
0.08077956736087799
0.07256891578435898
0.07141733169555664
0.08796798437833786
0.08098804950714111
0.026727531105279922
0.1454075127840042
0.018997929990291595
0.0027280799113214016
0.06127495691180229
0.2951110601425171
0.09736346453428268
0.029981667175889015
0.07608668506145477
0.39956381916999817
0.08990927040576935
0.33901864290237427
0.3440667986869812
0.0665370374917984
0.06071345880627632
0.02497461996972561
0.07347095012664795
0.2643851041793823
0.0034888270311057568
0.0842725932598114
0.05443580821156502
0.021105000749230385
0.03386331722140312
0.07432783395051956
0.362506240606308
0.07254533469676971
0.005506720393896103
0.08401508629322052
0.031186992302536964
0.011273699812591076
0.042940400540828705
0.312298059463501
0.050128959119319916
0.018412252888083458
0.4185648262500763
0.03646193444728851
0.047473251819610596
0.03465060144662857
0.06825818866491318
0.043930619955062866
0.06756623089313507
0.05860280990600586
0.13348576426506042
0.1389266401529312
0.016073212027549744
0.06963558495044708
0.008653341792523861
0.013061868026852608
0.03557322919368744
0.023553069680929184
0.04890764132142067
0.05333852395415306
0.002181732328608632
0.054572392255067825
0.013205630704760551
0.11866631358861923
0.07997623085975647
0.06923198699951172
0.0056108711287379265
0.12500768899917603
0.09417268633842468
0.013508547097444534
0.022391697391867638
0.09019393473863602
0.06414320319890976
0.2258961796760559
0.07212327420711517
0.009100457653403282
0.38268858194351196
0.030763212591409683
0.27016347646713257
0.0010951862204819918
0.04473288357257843
0.08664791285991669
0.017140066251158714
0.07180671393871307
0.11571478843688965
0.022669823840260506
0.17064805328845978
0.002700699493288994
0.10572513937950134
0.019963975995779037
0.04782913252711296
0.09062042832374573
0.07127110660076141
0.036338210105895996
0.008118524216115475
0.04793579876422882
0.05902509391307831
0.43970775604248047
0.15260383486747742
0.013695590198040009
0.0704556405544281
0.14518997073173523
0.010914409533143044
0.09148401021957397
0.06757904589176178
0.16086582839488983
0.280928373336792
0.0728752464056015
0.029184354469180107
0.07382921874523163
0.005531052127480507
0.000360470061423257
0.14026780426502228
0.07908803969621658
0.06312550604343414
0.057116322219371796
0.2531830072402954
0.06769391149282455
0.26491621136665344
0.07707254588603973
0.057675592601299286
0.05897613987326622
0.09497442841529846
0.0067214202135801315
0.0188555046916008
0.13337433338165283
0.014191778376698494
0.07814944535493851
0.038744937628507614
0.10312832146883011
0.1336609572172165
0.0207681767642498
0.04333630949258804
0.139619380235672
0.005847920663654804
0.02359672449529171
0.051509611308574677
0.09460233151912689
0.05596984177827835
0.024035483598709106
0.12218271940946579
0.024481898173689842
0.4532051086425781
0.12977845966815948
0.1764514297246933
0.1079959124326706
0.0325433649122715
0.01918100006878376
0.020917240530252457
0.0571168027818203
0.2971944212913513
0.052807651460170746
0.10859657824039459
0.08258891105651855
0.5418156981468201
0.10811743140220642
0.007802968844771385
0.08292916417121887
0.08055195957422256
0.059644900262355804
0.08950245380401611
0.10804058611392975
0.07379566133022308
0.14538106322288513
0.0034354995004832745
0.02363312989473343
0.3059813976287842
0.10723927617073059
0.07848674058914185
0.14048250019550323
0.040924593806266785
0.07598334550857544
0.1477474570274353
0.24584712088108063
0.1650082767009735
0.08533849567174911
0.16853271424770355
0.17365597188472748
0.06681196391582489
0.05738304927945137
0.0066246772184967995
0.11080443859100342
0.08783820271492004
0.037462472915649414
0.00020240478625055403
0.189462810754776
0.10558751970529556
0.1692471206188202
0.06692993640899658
0.10233478248119354
0.095499187707901
0.07473021000623703
0.05687863752245903
0.03940552845597267
0.14664362370967865
0.09676916152238846
0.17920340597629547
0.03480381891131401
0.04673122987151146
0.20939543843269348
0.0005819769576191902
0.0061132945120334625
77.22256469726562
0.011920884251594543
0.34325307607650757
0.023053288459777832
0.1554301679134369
0.14265011250972748
0.16398268938064575
0.19479164481163025
0.054869458079338074
0.19430047273635864
0.04309506714344025
0.02708248794078827
0.06202337145805359
0.001640615053474903
0.3216525614261627
0.09822642058134079
0.07911552488803864
0.4691837728023529
0.07280430942773819
0.0498618483543396
0.1892205774784088
0.043569713830947876
0.025131259113550186
0.09278606623411179
0.0040605319663882256
0.09523454308509827
0.06589817255735397
0.027970587834715843
0.03137131407856941
0.038800328969955444
0.031059233471751213
0.10569512099027634
0.28279098868370056
0.06048213690519333
0.03526683151721954
0.388801246881485
0.1566927134990692
0.06998775154352188
0.02208060398697853
0.1302325278520584
0.14262022078037262
0.0006690598092973232
0.25857919454574585
0.0974736362695694
0.3077693581581116
0.015427755191922188
0.00024883734295144677
0.15334749221801758
0.08267829567193985
0.04497140645980835
0.046236708760261536
0.0567704439163208
0.0314638689160347
0.040206290781497955
0.0294770710170269
0.05146554484963417
0.8546490669250488
0.02219189889729023
0.1118670180439949
0.08656588196754456
0.229426771402359
0.412354975938797
0.03486483916640282
0.0389123372733593
0.004023434594273567
0.03389813378453255
0.08446328341960907
0.10387078672647476
0.04374677687883377
0.03243697062134743
0.08636840432882309
0.018463008105754852
0.05480495095252991
0.010889241471886635
0.08488689363002777
0.2652543783187866
0.17889663577079773
0.0540199838578701
0.02827581763267517
0.0288950614631176
0.08496341854333878
0.02940642461180687
0.08142244815826416
0.08785228431224823
0.022206876426935196
0.28833869099617004
0.06922230124473572
0.07070234417915344
0.03547992929816246
0.24762174487113953
0.09669268131256104
0.31478482484817505
0.037982966750860214
0.20784825086593628
0.10892049223184586
0.1484643518924713
0.025570204481482506
0.02349741756916046
0.3120344281196594
0.0031216912902891636
0.18716666102409363
0.04301752522587776
0.081687793135643
0.28100132942199707
0.18680062890052795
0.5114409923553467
0.12028168886899948
0.03049362637102604
0.0064766681753098965
0.2405645251274109
0.15673509240150452
0.0653059259057045
0.07356417924165726
0.16193419694900513
0.13232368230819702
0.023181360214948654
0.053362950682640076
0.009628575295209885
0.03343288600444794
0.0010110980365425348
0.022837400436401367
0.07668724656105042
0.2062668800354004
0.06179011985659599
0.12239743769168854
0.0505417101085186
0.04024839401245117
0.10696214437484741
0.00630190409719944
0.03203461319208145
0.005460991989821196
0.16895070672035217
0.1372470259666443
0.058415234088897705
0.08902542293071747
0.011217636987566948
0.09357555955648422
0.0696110874414444
0.01986050233244896
0.03683876618742943
0.09930400550365448
0.405357301235199
0.08963007479906082
0.11638205498456955
0.03736816346645355
0.02205716446042061
0.1352197676897049
0.036700423806905746
0.18311016261577606
0.03749129921197891
0.031064238399267197
0.025697313249111176
0.018090132623910904
