1.3142811059951782
2.9660439491271973
3.538325548171997
3.2165040969848633
2.96124267578125
2.50338077545166
2.8032453060150146
1.260064959526062
2.689850091934204
3.257817268371582
2.2341420650482178
2.800133466720581
0.9833544492721558
3.1590676307678223
3.311784029006958
2.6107425689697266
3.102722644805908
2.628880739212036
2.2736382484436035
2.313267946243286
1.3780428171157837
2.940229892730713
2.613133430480957
1.3486011028289795
2.503554344177246
2.9351258277893066
1.5759422779083252
2.9235496520996094
3.6182937622070312
3.376042366027832
1.453041911125183
3.3550519943237305
2.8287606239318848
3.31528902053833
3.008557081222534
3.073434829711914
3.0960631370544434
2.648372173309326
2.2389235496520996
2.1085503101348877
