3.417065382003784
3.9651482105255127
3.199415445327759
3.514967679977417
4.106550693511963
3.4348113536834717
3.6001358032226562
4.2469000816345215
2.840852737426758
2.1877076625823975
3.3266923427581787
3.5099663734436035
3.471649646759033
3.3153183460235596
3.629706621170044
3.499448776245117
3.709576368331909
2.9988458156585693
4.138106822967529
3.1544857025146484
4.021252632141113
2.751223087310791
3.3216075897216797
3.2280757427215576
3.527613401412964
3.4190876483917236
3.9590797424316406
4.2377753257751465
3.5370800495147705
3.3564445972442627
3.243013858795166
3.5220324993133545
3.288865327835083
4.019277572631836
3.5432426929473877
3.7606937885284424
2.8774492740631104
3.5483627319335938
3.6017653942108154
3.287364959716797
4.0208330154418945
3.5440826416015625
3.461496353149414
3.049001693725586
3.3352131843566895
3.69840931892395
3.33927845954895
3.452239990234375
3.6464505195617676
4.044818878173828
3.690324068069458
3.604689121246338
3.8146119117736816
3.02695631980896
4.401360511779785
3.2565090656280518
3.0497195720672607
12.208572387695312
3.09785532951355
3.970797061920166
3.7624642848968506
3.4979629516601562
3.8376293182373047
3.516561269760132
3.345665693283081
3.610482931137085
2.7069694995880127
3.7482430934906006
3.9786453247070312
3.270617723464966
3.623919725418091
2.911426067352295
3.615682363510132
3.2666077613830566
2.9124844074249268
4.109503269195557
3.5664947032928467
3.163274049758911
3.8617331981658936
3.5261924266815186
3.7763993740081787
3.1616151332855225
3.5218353271484375
3.548637866973877
3.667238235473633
3.6757686138153076
3.1417417526245117
3.5427377223968506
2.913888931274414
2.734325647354126
3.934589385986328
3.784273624420166
3.1606831550598145
3.186230421066284
2.9692628383636475
3.557403326034546
3.3671631813049316
3.8286099433898926
3.773658514022827
3.363234281539917
3.149229049682617
4.339168548583984
4.006877422332764
3.381971836090088
3.413633108139038
3.9624860286712646
3.8697509765625
4.485900402069092
3.599290132522583
3.6195011138916016
3.1953957080841064
3.4084033966064453
3.446873426437378
3.1841843128204346
3.0097923278808594
3.1511600017547607
4.009088039398193
3.381843328475952
3.3631253242492676
3.9317593574523926
3.382537841796875
3.3619937896728516
3.355942487716675
3.1397793292999268
2.7920989990234375
3.480438709259033
3.3100335597991943
3.332533359527588
3.9464471340179443
3.5351524353027344
3.36161732673645
3.498675584793091
3.5687050819396973
3.2689054012298584
3.392221450805664
3.7380917072296143
3.3868281841278076
3.6035478115081787
4.063505172729492
3.56477427482605
3.4462673664093018
3.9415574073791504
3.2207279205322266
3.7396085262298584
3.9090096950531006
12.841476440429688
2.973555326461792
13.131781578063965
3.7799229621887207
2.9120068550109863
3.1443984508514404
3.864636182785034
3.3920464515686035
3.9528024196624756
3.24619460105896
3.5323150157928467
3.7269394397735596
3.2773005962371826
3.6575706005096436
3.9524362087249756
3.7191216945648193
3.6082801818847656
3.6054229736328125
3.783621311187744
3.7896313667297363
3.4763028621673584
12.366896629333496
2.963552236557007
2.708491086959839
3.4134068489074707
3.779956102371216
3.5847179889678955
3.614316701889038
3.128096103668213
3.8524036407470703
3.5073325634002686
3.623706102371216
3.4206624031066895
3.3361294269561768
3.825524091720581
3.013230085372925
3.1862385272979736
3.4014148712158203
3.166982412338257
3.584967851638794
2.87784481048584
3.4833695888519287
3.1919784545898438
3.9528138637542725
4.092031955718994
2.8324010372161865
3.964585065841675
3.6883857250213623
3.0338237285614014
3.5948281288146973
3.843334674835205
3.709526538848877
3.8338286876678467
3.248206377029419
3.3691303730010986
3.671837329864502
3.317795515060425
3.9623944759368896
3.57611083984375
3.5591530799865723
4.0432963371276855
3.5128228664398193
3.5297296047210693
3.581404209136963
3.6495513916015625
3.0560505390167236
3.143047332763672
2.5246055126190186
3.518092393875122
3.554953098297119
3.1594064235687256
3.7009549140930176
3.3456108570098877
3.4958481788635254
3.1202454566955566
2.856623649597168
3.749891757965088
3.753955125808716
3.476264715194702
3.195460557937622
2.768369436264038
3.7147223949432373
3.659320831298828
3.15388822555542
3.416832447052002
3.3467462062835693
4.124536037445068
3.425877094268799
3.5212039947509766
3.22855544090271
3.783921003341675
3.3037331104278564
3.6664910316467285
2.975254535675049
2.9261903762817383
3.675957441329956
3.857797384262085
3.159540891647339
3.525186538696289
3.6769845485687256
3.6003289222717285
3.524677276611328
2.5130937099456787
3.541531801223755
3.356074571609497
3.707784414291382
3.8093044757843018
3.1998443603515625
3.473215103149414
3.1159980297088623
3.931344747543335
3.46740460395813
3.141484022140503
3.4699783325195312
3.081540822982788
3.948166608810425
4.2812628746032715
3.513145923614502
3.7552573680877686
3.7663581371307373
3.347790241241455
3.7552452087402344
3.585231065750122
3.4549520015716553
3.885443925857544
2.5806891918182373
3.616197347640991
3.576922655105591
3.720834493637085
3.2086822986602783
2.8832123279571533
3.6438381671905518
3.3161771297454834
3.6708266735076904
3.7004005908966064
3.5538947582244873
3.0111968517303467
3.4951446056365967
3.1355526447296143
3.2048709392547607
3.7249538898468018
2.9721338748931885
3.193432331085205
3.37455153465271
3.569976806640625
3.2063300609588623
3.70146107673645
3.768249988555908
2.815380334854126
3.808577299118042
3.8363845348358154
3.2857749462127686
3.977083921432495
3.168952465057373
3.5115818977355957
3.7915406227111816
3.380143880844116
3.65185546875
3.5941359996795654
3.8193047046661377
3.564087390899658
3.787036657333374
3.0482468605041504
3.5003318786621094
3.2929399013519287
3.598804235458374
3.427067279815674
3.3869385719299316
3.5380866527557373
3.6576714515686035
3.3442909717559814
3.4204189777374268
3.4000840187072754
4.077365398406982
3.8790886402130127
3.9046237468719482
3.6912593841552734
3.9939522743225098
3.2277915477752686
3.0637543201446533
3.754422903060913
3.117341995239258
3.0770862102508545
3.525148391723633
3.6105716228485107
3.3929951190948486
3.03702974319458
3.769256591796875
3.5846917629241943
3.8881561756134033
3.161573886871338
2.8540244102478027
2.6267385482788086
3.2617528438568115
3.3287930488586426
3.711704730987549
3.0861892700195312
3.793262481689453
3.1511592864990234
4.010682106018066
3.286486864089966
2.882324695587158
3.9332146644592285
3.5192627906799316
4.13258695602417
2.775928258895874
3.8782918453216553
2.6306869983673096
3.6539223194122314
3.587249755859375
3.645742893218994
3.88226056098938
3.739497423171997
3.12264084815979
3.76326060295105
3.550081968307495
12.079773902893066
3.8121323585510254
2.9675071239471436
4.17659330368042
3.154329299926758
3.9412598609924316
3.1976611614227295
3.4730565547943115
3.4252960681915283
3.355161666870117
3.1975905895233154
3.19028377532959
3.7863662242889404
2.7933590412139893
3.343918561935425
3.0638387203216553
3.7529244422912598
3.827934741973877
3.5142955780029297
3.557164430618286
3.7779839038848877
4.194393157958984
4.010232448577881
3.9645066261291504
3.2097432613372803
3.626723527908325
3.9136593341827393
3.5250954627990723
3.4592857360839844
4.125287055969238
3.3069992065429688
3.8409907817840576
2.7558534145355225
2.8967106342315674
3.5370280742645264
3.8317668437957764
3.1887404918670654
3.5122017860412598
3.9500865936279297
