10.432454109191895
10.460606575012207
10.692061424255371
10.516240119934082
10.27003002166748
10.402719497680664
10.67877197265625
10.487471580505371
10.743351936340332
10.496113777160645
10.644782066345215
10.552702903747559
10.764782905578613
10.553712844848633
9.24194049835205
10.186604499816895
10.645773887634277
10.513663291931152
10.371345520019531
10.507720947265625
10.311279296875
10.381854057312012
10.535998344421387
10.346453666687012
10.344963073730469
10.558110237121582
10.35968017578125
10.431994438171387
10.554417610168457
10.418755531311035
10.665775299072266
10.750140190124512
10.598067283630371
10.716273307800293
10.565913200378418
10.3173189163208
10.12939739227295
10.632057189941406
10.504243850708008
10.411478996276855
10.256296157836914
10.54529857635498
9.280287742614746
10.480624198913574
10.482134819030762
10.331567764282227
10.52422046661377
8.836260795593262
10.61546516418457
10.267294883728027
10.391793251037598
10.52711009979248
10.54638385772705
10.284534454345703
10.624277114868164
10.337647438049316
10.665641784667969
10.242148399353027
10.78562068939209
10.54812240600586
10.346757888793945
10.81712818145752
10.077466011047363
10.400452613830566
10.469182968139648
10.51972484588623
10.301115989685059
10.061858177185059
10.141386985778809
10.801241874694824
10.446283340454102
10.430795669555664
10.524469375610352
10.351799011230469
10.517923355102539
10.383796691894531
10.585339546203613
10.68009090423584
10.58606243133545
10.466859817504883
10.709447860717773
10.41927433013916
10.342860221862793
10.257235527038574
10.167742729187012
10.282710075378418
10.598207473754883
10.411314010620117
10.254488945007324
10.39000415802002
10.551218032836914
10.191906929016113
10.180497169494629
10.630339622497559
10.462946891784668
10.35972785949707
10.443929672241211
10.466681480407715
10.269095420837402
9.301674842834473
10.386164665222168
9.3143892288208
10.30095386505127
10.466404914855957
10.377717018127441
10.49039363861084
10.490805625915527
10.694793701171875
10.453763008117676
10.529555320739746
10.319415092468262
10.44605541229248
10.72411823272705
10.413313865661621
10.5634126663208
10.3734769821167
10.096598625183105
10.483677864074707
10.186254501342773
10.376023292541504
10.738341331481934
10.449397087097168
10.577232360839844
10.02074146270752
10.555688858032227
9.560541152954102
10.536478996276855
10.376178741455078
10.432849884033203
10.511326789855957
10.271254539489746
10.437849998474121
10.516520500183105
10.453465461730957
10.503347396850586
10.158700942993164
10.369053840637207
10.68484115600586
10.262259483337402
10.593504905700684
10.461174964904785
10.250807762145996
10.420036315917969
10.369772911071777
10.490742683410645
10.594134330749512
10.536519050598145
10.368794441223145
10.543022155761719
10.52911376953125
10.458020210266113
10.328558921813965
10.24998664855957
10.685755729675293
10.50462818145752
10.631682395935059
10.747540473937988
10.389687538146973
10.344904899597168
10.401415824890137
10.556387901306152
10.598408699035645
10.324675559997559
10.550241470336914
10.592806816101074
10.469771385192871
10.531800270080566
10.561217308044434
10.400586128234863
10.518574714660645
10.361536979675293
10.577326774597168
10.442269325256348
10.252131462097168
10.65777587890625
10.097094535827637
10.569368362426758
10.661711692810059
9.966425895690918
9.804377555847168
10.645297050476074
10.584190368652344
10.577129364013672
10.316264152526855
9.542668342590332
10.059725761413574
10.685782432556152
10.383692741394043
10.42496395111084
10.574090003967285
10.598870277404785
10.492497444152832
10.331400871276855
10.555705070495605
9.56725025177002
10.750720024108887
10.390220642089844
10.380919456481934
10.454215049743652
10.787337303161621
