0.0782502219080925
0.25753992795944214
0.01538188848644495
0.045813485980033875
0.055073805153369904
0.06268008053302765
0.015289283357560635
0.04735700041055679
0.1375982165336609
0.02858239784836769
0.006636358797550201
0.04719644784927368
0.07137900590896606
0.008153644390404224
0.1732560098171234
0.027718733996152878
0.051003869622945786
0.04153609648346901
0.05178951099514961
0.16008304059505463
0.0544128492474556
0.12334408611059189
0.06278425455093384
0.09543706476688385
0.19705575704574585
0.05617427080869675
0.11199138313531876
0.10123077034950256
0.10668893158435822
0.003213699907064438
0.08800724148750305
0.021624628454446793
0.24479348957538605
0.06775879114866257
0.06376376748085022
0.09463344514369965
0.060725137591362
0.08755479753017426
0.10983507335186005
0.07646527141332626
0.3603350520133972
0.014799049124121666
0.1719655841588974
0.3167336583137512
0.00017567569739185274
0.1369437277317047
0.05390423908829689
0.023449528962373734
0.09085339307785034
0.07315191626548767
0.06155212223529816
0.0780286192893982
0.050164006650447845
0.019268672913312912
0.2613293528556824
0.009433496743440628
0.001258433097973466
0.07763602584600449
0.33252185583114624
0.0917462483048439
0.016134003177285194
0.08552192151546478
0.3562236726284027
0.15572792291641235
0.24904949963092804
0.35010552406311035
0.054359469562768936
0.06190655380487442
0.03042704239487648
0.1432989239692688
0.29348695278167725
0.006109241861850023
0.0917588472366333
0.0765378475189209
0.01990126259624958
0.02047101780772209
0.09879425168037415
0.41784292459487915
0.05539047345519066
0.00505398353561759
0.10533341765403748
0.031475625932216644
0.009500598534941673
0.0503116101026535
0.3416074812412262
0.0343475267291069
0.018980704247951508
0.4757464528083801
0.037256814539432526
0.06079680100083351
0.019059961661696434
0.06187983974814415
0.054938845336437225
0.07658356428146362
0.04900823533535004
0.17663165926933289
0.11343422532081604
0.013215761631727219
0.07955029606819153
0.01656632497906685
0.01851232349872589
0.017854563891887665
0.014163363724946976
0.045750752091407776
0.04402457922697067
0.0016870382241904736
0.051164306700229645
0.010488496161997318
0.13056179881095886
0.07454392313957214
0.07589344680309296
0.0022729027550667524
0.0854884460568428
0.15634635090827942
0.011758103035390377
0.012074166908860207
0.10250289738178253
0.09884611517190933
0.2588794529438019
0.051894739270210266
0.008650287985801697
0.3830533027648926
0.025916239246726036
0.3293394446372986
0.0007187589071691036
0.06356962025165558
0.0699363723397255
0.015644116327166557
0.07275493443012238
0.10623319447040558
0.11043751239776611
0.1410510540008545
0.003321097232401371
0.07656116038560867
0.01936676725745201
0.06770850718021393
0.09925065189599991
0.04056626185774803
0.03531496599316597
0.01205350924283266
0.06491339206695557
0.0582464225590229
0.38235944509506226
0.11168773472309113
0.009460770525038242
0.0515374094247818
0.11438646912574768
0.010974587872624397
0.11250874400138855
0.08571458607912064
0.14964091777801514
0.2957020699977875
0.040921472012996674
0.008395257405936718
0.08138161152601242
0.0025795502588152885
0.0004673761723097414
0.12413982301950455
0.038251303136348724
0.08025732636451721
0.11244119703769684
0.20130988955497742
0.03373877331614494
0.3000645637512207
0.09430918097496033
0.07679682224988937
0.06498520076274872
0.09415341168642044
0.003792085452005267
0.018142707645893097
0.15574416518211365
0.012856295332312584
0.08318796753883362
0.05727047845721245
0.1596907675266266
0.0645342692732811
0.015974711626768112
0.03588695079088211
0.18747231364250183
0.007601024582982063
0.018687352538108826
0.07054555416107178
0.0979507640004158
0.062029555439949036
0.01985093019902706
0.1549672782421112
0.02271624654531479
0.39029115438461304
0.13819411396980286
0.1402827650308609
0.10347326844930649
0.034345678985118866
0.021242840215563774
0.017871953547000885
0.049659840762615204
0.15507805347442627
0.06333821266889572
0.10634256154298782
0.08453961461782455
0.535451352596283
0.08281993865966797
0.012348086573183537
0.08303800970315933
0.08430346846580505
0.04571744427084923
0.08928874135017395
0.15605342388153076
0.08583538234233856
0.14786528050899506
0.0024426314048469067
0.023252137005329132
0.28887173533439636
0.15545903146266937
0.06398290395736694
0.12507453560829163
0.06377866864204407
0.02619864046573639
0.09051907062530518
0.21854053437709808
0.1802624762058258
0.11969055235385895
0.23658178746700287
0.149153932929039
0.10780353099107742
0.07191941142082214
0.0037292717024683952
0.045410774648189545
0.13013425469398499
0.03558686375617981
0.00017749513790477067
0.17644116282463074
0.011651329696178436
0.1210603415966034
0.07471693307161331
0.06425706297159195
0.134312704205513
0.054249122738838196
0.07888244837522507
0.037192583084106445
0.1648230105638504
0.13525137305259705
0.2039768397808075
0.0458986833691597
0.0673782080411911
0.18256418406963348
0.003301291260868311
0.001970710465684533
0.02111031487584114
0.011695235036313534
0.43462660908699036
0.02728576771914959
0.12545233964920044
0.1307724267244339
0.13633820414543152
0.15343013405799866
0.044968873262405396
0.18602633476257324
0.03632388263940811
0.014846466481685638
0.0671524778008461
0.0012796770315617323
0.18640726804733276
0.09761596471071243
0.15855857729911804
0.4665209650993347
0.0656038150191307
0.1768951117992401
0.15869301557540894
0.03708998113870621
0.018593614920973778
0.12199436873197556
0.001774478005245328
0.08750258386135101
0.06602317094802856
0.02928726188838482
0.019823264330625534
0.03233106806874275
0.03802713751792908
0.1076514720916748
0.21400108933448792
0.04663756489753723
0.03884018212556839
0.4468371868133545
0.16479045152664185
0.07736571133136749
0.013753309845924377
0.04807962849736214
0.13966184854507446
0.00020790856797248125
0.24746155738830566
0.1475689709186554
0.3574502468109131
0.034312255680561066
0.00023708514345344156
0.24269813299179077
0.08993113040924072
0.04114718735218048
0.046473585069179535
0.07010313868522644
0.015289179980754852
0.02379033714532852
0.036263708025217056
0.030400414019823074
0.876620888710022
0.017849942669272423
0.050803158432245255
0.07554762810468674
0.18440690636634827
0.3879103362560272
0.009246563538908958
0.0379265621304512
0.005279308184981346
0.026436666026711464
0.10171603411436081
0.09890106320381165
0.0401226207613945
0.06596710532903671
0.08185525238513947
0.021510746330022812
0.03207956627011299
0.015037896111607552
0.07083208113908768
0.2381504476070404
0.15643802285194397
0.0755893662571907
0.05627430975437164
0.018597211688756943
0.06370175629854202
0.023691510781645775
0.08134081959724426
0.07044798135757446
0.026557382196187973
0.3120097815990448
0.05995616316795349
0.07626806199550629
0.03093007206916809
0.2369379997253418
0.13398829102516174
0.2108890861272812
0.050187498331069946
0.20811140537261963
0.10553283989429474
0.16455994546413422
0.019249342381954193
0.030906930565834045
0.2717921733856201
0.004631020128726959
0.23637491464614868
0.05543837323784828
0.07698982954025269
0.2572060525417328
0.2400784194469452
0.5179994106292725
0.07701626420021057
0.028773177415132523
0.006503857672214508
0.25561970472335815
0.21130160987377167
0.037917666137218475
0.062554270029068
0.18468694388866425
0.16097420454025269
0.01765172928571701
0.06319943070411682
0.006674545351415873
0.051520541310310364
0.0004896529717370868
0.02952689304947853
0.06537913531064987
0.26718729734420776
0.0643688440322876
0.08080760389566422
0.07087141275405884
0.046795621514320374
0.09265187382698059
0.009077921509742737
0.02278665080666542
0.013401436619460583
0.17644530534744263
0.16340415179729462
0.060498278588056564
0.09354887157678604
0.006185326259583235
0.07045608013868332
0.09191147983074188
0.014781160280108452
0.03585423156619072
0.11021290719509125
0.29552528262138367
0.10410565882921219
0.144425168633461
0.021960139274597168
0.024088770151138306
0.15607550740242004
0.021760491654276848
0.19162440299987793
0.07968729734420776
0.02652292512357235
0.02153806947171688
0.013646974228322506
