0.9238715171813965
1.0392749309539795
0.9473456740379333
1.8649871349334717
0.5695929527282715
2.9802160263061523
0.639030396938324
1.6548374891281128
0.0
2.8339757919311523
1.6423473358154297
1.2073030471801758
1.0329580307006836
2.1785950660705566
1.7021586894989014
1.9363117218017578
0.0
0.23076389729976654
1.168649435043335
1.0944162607192993
0.8434860110282898
2.291581392288208
1.475839376449585
1.3815937042236328
0.8599438071250916
4.846381187438965
2.9402873516082764
0.5615032315254211
2.5191073417663574
2.0107789039611816
1.518378734588623
1.9898340702056885
5.43539571762085
0.0
2.5984554290771484
3.088744640350342
1.6541589498519897
1.1123255491256714
0.3422200083732605
1.8891971111297607
2.850605010986328
0.9764572978019714
1.0234668254852295
1.8991200923919678
4.672935485839844
0.0
1.0030786991119385
1.09103524684906
2.436255931854248
1.024771809577942
1.6040910482406616
0.5186914205551147
3.2058143615722656
1.5189385414123535
4.168169975280762
0.8974111080169678
0.30413469672203064
1.9882357120513916
1.6959569454193115
2.6444830894470215
2.5938925743103027
1.3501243591308594
0.9284086227416992
1.2859795093536377
2.3477280139923096
0.0
3.3087520599365234
2.6058266162872314
0.0
1.761846899986267
0.003454342484474182
1.6800920963287354
3.392324209213257
2.5221781730651855
2.386077642440796
0.0
2.83539080619812
1.7718524932861328
0.0
2.236495018005371
2.37705397605896
2.435971260070801
1.313589096069336
3.552149534225464
0.7882920503616333
2.5968799591064453
0.0
3.05704402923584
0.0
0.0
0.9935532808303833
0.020272592082619667
2.424508571624756
3.350511074066162
3.3812355995178223
1.2754982709884644
1.2552721500396729
0.8109931349754333
1.1096590757369995
3.5143823623657227
2.7836599349975586
3.505502700805664
3.487851619720459
0.0
0.0
5.179635524749756
1.4661040306091309
0.8943002223968506
2.549347162246704
2.3909099102020264
0.0
2.569249153137207
2.2321081161499023
0.0
2.82944917678833
3.554738998413086
2.567204475402832
