 Answer: (. (. (. (. (. (. (. (. (. (. (. (. (. (. (. (. (.. (.. (..... (............... (...............
 Answer:. (... (.. (. (. (. (.. (.. (.. (...... (................................................
 Answer:. (.. (. (. (. (. (. (. (. (. (.. (..............................................
 Answer:. (.. (. (. (. (. (. (. (. (. (. (.. (................. (...............................
 Answer: (. (.. (.. (.. (.. (. (.. (... (....... (............................
 Answer:. (.. (.... (.. (.. (.. (........ (........ (....................................
 Answer:. (.. (.. (. (.. (.. (.. (..... (.....................................................
 Answer:. (. (. (. (. (. (. (. (. (.. (....................................................
 Answer:. (. (. (. (. (. (.. (.. (.........................................................
 Answer:. (.... (.... (..... (....... (....................................................
 Answer: (. (. (. (. (. (. (. (. (. (. (. (. (. (. (. (. (. (... (........... (...............................
 Answer:. (... (.. (.. (.. (..... (..... (...................................................
 Answer: (. (. (. (. (. (. (. (. (. ( (. (. (. (. (. (. (. (. (. (. (. (. (.. (.. (.. (... (..... (.......... (........
 Answer:. (.. (. (. (. (. (. (.. (.. (.. (................................................
 Answer:. (. (. (. (. (. (. (. (. (.. (........................................................
 Answer:. (.. (.. (. (. (. (.. (.. (...... (..................................................
 Answer:. (. (. (. (. (. (. (. (. (..... (..................................................
 Answer:. (.... (..... (......... (..........................
 Answer: (. (. (. (. (. ( ( ( ( ( ( ( ( ( ( ( ( ( ( ( ( (. ( ( (. ( ( ( (. (. ( (. (. (. (. (. (. (. (. (... (... (.... (...
 Answer:. (. (. (. (. (. (. (. (. (.. (....... (................................................
 Answer:. (..... (.. (..... (....... (.....................................................
 Answer:. (. (. (. (. (. (. (. (. (. (. (.. (...................................................
 Answer:. (. (. (. (. (. (. (. (. (.. (... (..................................................
 Answer:. (. (.. (. (. (. (.. (.. (..... (...................................................
 Answer: (. (. (. (. (. (. ( ( ( ( ( ( ( ( ( ( ( ( ( ( ( ( ( ( ( ( ( (. ( ( ( ( ( ( ( ( ( (. ( ( ( ( (. ( ( (. ( (. ( (. ( (. (. (. (.
 Answer: ( (. (. (. (. ( ( ( ( ( ( ( ( ( (. ( ( (. ( (. ( (. ( (. (. (. (. (. (. (. (. (. (. (. (. (.. (.. (.. (..... (.
 Answer: (. (. (. (. (. (. ( (. (. (. ( (. (. (. (. (. (. (. (. (. (. (. (. (.. (. (...... (.... (...
 Answer:. (... (.. (. (.. (.. (...... (....... (...........................................
 Answer:.. (.... (.. (..... (....... (.....................................................
 Answer:. (.. (. (. (. (. (.. (.. (.........................................................
 Answer:. (. (. (. (. (. (. (. (. (.. (.........................................................
 Answer:. (. (. (. (. (. (. (. (. (..... (..................................................
 Answer: (. (. (. (. (. (. (. (. (. (. (. (. (. (. (. (. (.. (.. (.. (... (..... (........ (................
 Answer:. (. (.. (. (. (. (.. (. (.. (...... (................................................
 Answer:. (. (. (. (. (. (. (. (. (. (.. (......................................................
 Answer:. (. (.. (. (. (. (. (. (. (.. (.. (... (................................................
 Answer:. (. (. (. (. (. (. (. (. (....... (................................................
 Answer: (. (. (. (. (. (. (. (. (. (. (. (. (. (. (. (. (............ (...............................
 Answer: (. (. (. (. (. (. (. (. (. (. (. (........ (...................................................
 Answer: (. (. (. (. (. (. (. (. (. (. (. (. (. (. (. (. (. (. (.. (.. (.. (.... (..... (.......................
 Answer: (. (. (. (. (. (. (. (. (. (. (. (. (. (. (.. (.. (.. (...... (............. (........
 Answer:. (. (. (. (. (. (. (. (. (.. (..................................................
 Answer:.. (... (...... (..................................................................
 Answer:. (. (. (. (. (. (. (. (.. (.. (........... (....................................
 Answer:. (. (. (. (. (. (. (. (. (. (. (.. (..... (..................................................
 Answer:. (. (.. (. (.. (.. (.. (...........................................................
 Answer: (. (. (. (. (. (. (. (. (. (. (.. (.. (................................................
 Answer:. (. (. (. (. (. (. (. (. (. (. (. (.. (. (............. (..................................
 Answer:.. (.................................................................
 Answer:.. (.............................................................
 Answer:. (.. (.. (.. (.. (.. (... (..... (................................................
 Answer: (. (. (. (. (. (. (. (. (. (. (. (. (. (.. (.. (..... (...... (...............................
 Answer:. (.. (.. (. (. (.. (.. (.. (...................................................
 Answer:. (. (. (. (. (. (. (. (.. (.... (...................................................
 Answer: (. (. (. (. (. (. (. (. (. (. (. (. (. (....... (..... (..................................
 Answer:. (. (. (. (. (. (. (. (. (. (. (. (. (................. (...............................
 Answer:. (. (. (. (. (. (. (. (.. (.. (.........................................................
 Answer:. (. (. (. (. (. (. (. (.. (..... (................................................
 Answer:.. (... (... (.... (.... (.... (..... (..................................
 Answer:. (... (.. (.. (.. (.. (......................................................
 Answer:. (.. (. (. (. (. (. (. (. (. (.. (............. (................................
 Answer:. (.... (.. (.. (.. (... (...... (..................................................
 Answer: (. (. (. (. (. (. (. (. (. (. (.. (....... (................................................
 Answer:. (. (. (. (. (. (. (. (. (. (.. (... (............. (.....................................
 Answer: ( (. (. (. ( ( ( ( ( ( ( ( ( ( (. ( ( ( ( (. ( ( (. ( (. (. (. (. (. (. (. (. (. (.. (. (.......... (......... (.....
 Answer: (. (. (. (. (. (. (. (. (. (. (. (. (. (.. (........ (.... (....................................
 Answer: (. (. (. (. (. (. (. (. (. (. (. (. (. (. (. (. (. (. (. (.. (.. (.... (... (...... (...............
 Answer:. (. (. (. (. (. (. (. (.. (...........................................................
 Answer:. (.. (.. (. (. (. (.. (.. (......................................................
 Answer:. (.. (. (. (. (. (.. (.. (.............................................................
 Answer:. (. (. (. (. (. (. (. (. (.. (.. (.................................................
 Answer:. (. (. (. (. (. (. (. (. (. (. (.. (........ (........ (...............................
 Answer:. (... (.. (.. (.. (... (...... (....... (...........................................
 Answer:. (... (..... (.... (...... (................................................
 Answer:. (. (. (. (. (. (. (. (. (. (. (.. (.. (.............. (...............................
 Answer: (. (. (. (. (. (. (. (. (. (. (. (. (.......... (.......... (...............
 Answer: (. (. (. (. (. (. (. (. (. (. (. (. (.. (.. (... (..... (........ (.........................
 Answer:. (... (.... (.... (.......... (..................................................
 Answer:. (. (. (.. (. (. (.. (.. (...........................................................
 Answer:. (. (. (. (. (. (. (. (. (. (. (................. (...............................
 Answer:. (... (.. (.. (.. (.. (.... (...... (..................................................
 Answer:. (. (. (. (. (. (. (. (. (.. (... (................................................
 Answer: ( (. (. (. (. (. (. (. (. (. (. (. (. (. (. (. (. (. (. (. (.. (. (.. (.. (.. (.... (........ (...............
 Answer:. (. (. (. (. (. (. (. (. (. (. (. (. (. (. (. (. (. (. (.. (... (... (....... (........................
 Answer: (. (. (. (. (. (. (. (. (. (. (. (. (.. (............ (....................................
 Answer:. (. (. (. (. (. (. (. (. (. (.. (.... (...................................................
 Answer: The full name of the LGBTQ+ author who was born in Beijing, China on November 14, 1961, is of course John Kent Bradley.
 Answer:. (... (.. (.. (.. (.. (...... (...... (...........................................
 Answer: ( (. (. (. (. ( ( ( ( ( ( ( ( ( ( ( ( ( ( ( ( ( ( ( ( ( ( ( ( ( ( ( ( ( ( ( ( ( ( ( (. ( ( ( ( ( ( (. ( ( ( (. ( (. (. (. (. (. (. (. (. (. (
 Answer:. (. (. (.. (. (. (. (.. (.. (.........................................................
 Answer: (. (. (. (. (. (. (. (. (. (. (. (. (. (. (.......... (....... (........................
 Answer:. (. (.. (. (. (. (. (. (.. (.........................................................
 Answer:. (. (. (. (. (. (. (. (. (. (.. (.....................................................
 Answer:. (. (. (. (. (. (. (. (. (.. (...........................................................
 Answer: The full name of the author born in Addis Ababa, Ethiopia is Aman Belay.
 Answer: (. (. (. (. (. (. (. (. (. (. (. (. (.. (.. (............. (....................................
 Answer: (. (. (. (. (. (. (. (. (. (.. (..................................................
 Answer:. (. (. (. (. (. (. (. (. (. (. (. (. (. (. (. (. (.. (.. (.... (................ (...............
 Answer:. (. (. (. (. (. (. (. (. (.. (... (.....................................
 Answer:. (. (. (. (. (. (. (. (. (. (... (........ (..................................
 Answer:.. (.... (...... (...........................................................
 Answer:. (. (. (. (. (. (. (. (. (. (. (. (.... (........ (....................................
 Answer: (. (. (. (. (. (. (. (. (. (. (. (.. (.. (............. (..................................
 Answer:. (. (. (. (. (. (. (. (. (. (......................................................
 Answer:.. (.... (..... (..... (....... (.................................................
 Answer:. (. (. (. (. (. (. (. (. (. (. (.............. (.........................................
 Answer:. (... (.. (.. (...... (...........................................................
 Answer:. (. (. (. (. (. (. (. (.. (.............................................................
 Answer:. (. (. (. (. (. (. (. (. (. (. (.. (............... (..................................
 Answer:. (.. (.. (. (. (. (... (.. (....... (.................................................
 Answer:. (. (. (. (. (. (. (. (. (. (..... (.........................................................
 Answer:. (.. (. (. (. (. (. (. (. (. (... (......................................................
 Answer: (. (. (. (. (. (. (. (. (. (.. (.. (........... (....................................
 Answer: The author's full name is Laila Amira al-Faisal.
 Answer: (. (. (. (. (. (. (. (. (. (. (.. (.........................................................
 Answer:.. (.........................................
 Answer:. (.. (. (.. (.. (.. (..... (.........................................................
 Answer: (. (. (. (. (. (. (. (. (. (. (. (. (. (. (. (.. (. (.. (. (..... (... (...... (.........
 Answer:. (.. (. (. (.. (. (.. (.. (.............................................................
 Answer:. (. (. (. (. (. (. (. (. (. (. (. (. (.... (........ (....................................
 Answer:. (... (.. (.. (.. (.. (........ (................................................
 Answer:. (. (. (. (. (. (. (. (. (. (. (. (. (. (. (. (. (. (.. (. (... (....... (.......... (...............
 Answer: (. (. (. (. (. (. (. (. (. (. (. (. (. (.... (........ (....................................
 Answer:. (. (. (. (. (. (. (. (.. (.............................................................
 Answer:. (. (. (. (. (. (. (. (. (. (. (....... (................................................
 Answer: (. (. (. (. (. (. (. (. (. (. (. (. (. (. (. (. (. (. (. (. (.. (. (..... (...... (...........
 Answer:. (.......................................................................
 Answer:. (... (.. (.. (.. (... (...... (................................................
 Answer:. (. (. (. (. (. (. (. (.. (.............................................................
 Answer:. (.. (.. (. (. (. (. (.. (.. (...............................................
 Answer:. (. (. (. (. (. (. (. (. (. (....... (................................................
 Answer: (. (. (. (. (. (. (. (. (. (........................................................
 Answer:. (. (. (. (. (. (. (. (.. (.. (..........................................................
 Answer:. (.. (.. (. (. (. (. (.. (.. (..... (...... (...............................
 Answer:. (... (.. (.. (.. (....... (..........................................................
 Answer:. (. (. (. (. (. (. (. (. (. (.. (........................................................
 Answer:. (. (. (. (. (. (. (. (. (. (. (. (.. (.. (.. (....... (........ (...............................
 Answer:. (. (. (. (. (. (. (. (. (. (.. (..........................................................
 Answer:. (.. (.. (. (. (. (.. (... (........ (................................................
 Answer:. (. (. (. (. (. (. (. (. (. (. (. (.. (..............................................
 Answer: (. (. (. (. (. (. (. (. (. (. (. (. (. (. (.. (.. (.. (... (..... (......... (........................
 Answer:. (. (. (. (. (. (. (. (. (. (. (. (. (. (. (. (. (. (.... (......... (...............
 Answer: (. (. (. (. (. ( ( (. ( ( (. ( (. ( (. ( (. ( (. ( (. (. (. (. (. (. (. (. (. (. (. (... (... (..... (.
 Answer:. (... (..... (....... (........ (................................................
 Answer:. (. (. (. (. (. (. (. (. (. (.. (.........................................................
 Answer: The full name of the author is of the LGBTQ+ variety.
 Answer:. (. (. (. (. (. (. (. (. (. (.. (........................................................
 Answer:. (. (. (. (. (. (. (. (. (. (... (..... (................................................
 Answer:. (... (..... (...... (.......................................................
 Answer:. (... (.. (.. (.. (.. (...... (...... (..................................
 Answer:. (. (. (. (. (. (. (. (. (. (. (.........................................................
 Answer:. (... (.. (.. (.. (... (...... (..................................................
 Answer: (. (. (. (. (. (. (. (. (.. (... (.........................................................
 Answer:. (... (.. (.. (.. (.. (.. (........ (.............................................
 Answer:. (.... (.... (..... (.........................................................
 Answer:. (. (. (. (. (. (. (. (. (. (. (.. (.... (................................................
 Answer:. (. (. (. (. (. (. (. (. (.. (........................................................
 Answer:. (.. (.. (. (. (... (...... (....................................................
 Answer:.. (..........................................................................
 Answer:. (. (. (. (. (. (. (. (. (. (. (. (.. (... (.................................................
 Answer:. (... (.... (..... (..... (....... (.................................
 Answer:.. (..... (... (...... (...... (..................................................
 Answer:. (. (. (. (. (. (. (. (. (. (. (. (. (. (. (.. (. (..... (..... (...............................
 Answer:. (... (..... (..... (........ (................................................
 Answer:. (. (. (. (. (. (. (. (. (. (.. (.. (.......... (....................................
 Answer: (. (. (. (. (. (. (. (. (. (. (. (... (.......................................................
 Answer:. (. (. (. (. (. (. (. (. (. (. (.. (........................................................
 Answer:. (. (. (. (. (. (. (. (. (.. (.............................................................
 Answer:. (.. (.. (. (.. (. (.. (.. (....... (..................................................
 Answer: (. (. (. (. (. (. (. (. (. (. (. (. (. (. (. (. (. (. (. (. (.. (.. (.... (..... (....................
 Answer:. (. (. (. (. (. (. (. (. (. (. (. (. (.. (......... (....................................
 Answer: ( ( ( ( ( ( ( ( ( ( ( ( ( ( ( ( ( ( ( ( ( ( ( ( ( ( ( ( ( ( ( ( ( ( ( ( ( ( ( ( ( ( ( ( ( ( ( ( ( ( ( ( ( ( ( ( ( ( (. ( ( ( ( ( ( ( ( ( (. ( ( ( ( ( (
 Answer: (. (. (. (. ( ( ( ( ( ( ( ( ( ( ( ( ( ( ( ( ( ( (. ( ( ( ( (. ( ( ( (. ( (. ( (. ( (. (. (. (. (. (. (. (. (. (.. (. (...
 Answer:. (.. (. (. (. (. (. (. (. (. (.. (.............. (...............................
 Answer:. (... (.. (.. (.. (.. (...... (....... (...........................................
 Answer:. (.. (.. (. (.. (.. (.... (....... (........................................
 Answer: (. (. (. (. (. (. (. (. (. (. (. (. (. (. (.. (.. (.... (....................................
 Answer:. (... (... (..... (....... (...........................................
 Answer:. (... (.. (.. (.. (...... (.....................................................
 Answer:. (... (.. (.. (.. (........ (.........................................................
 Answer:.. (................................................................
 Answer:. (. (. (. (. (. (. (. (. (. (. (. (. (. (. (. (........ (......... (........................
 Answer:. (... (.. (. (. (.. (.. (..... (........ (................................................
 Answer:. (. (. (. (. (. (. (. (. (. (. (. (............ (........................
 Answer: (. (. (. (. (. (. (. (. (.. (........................................................
 Answer:. (. (. (. (. (. (. (. (. (. (.. (... (.....................................................
 Answer:. (. (. (. (. (. (. (. (. (. (. (. (.................................................
 Answer: (. (. (. (. (. (. (. (. (. (. (. (. (. (. (. (. (. (. (. (. (. (. (........ (. (.............
 Answer: (. (. (. (. (. (. (. (. (. (. (. (............ (...........................................
 Answer:. (.... (.. (..... (.............................................................
 Answer: (. (. (. (. (. (. (. (. (. (. (. (. (. (. (. (. (. (. (.. (. (... (.... (............. (...............
 Answer: (. (. (. (. (. (. (. (. (. (. (. (. (. (. (. (. (. (. (.. (.. (.. (.... (.... (........ (...............
 Answer:. (... (.. (.. (.. (... (.... (...... (.........................................
 Answer:. (... (.. (.. (.. (... (..... (...............................................
 Answer: The full name of the LGBTQ+ author born in Tehran, Iran on 11/26 is Samin Nosrat.
 Answer:. (... (.. (.. (.. (...... (..................................................
 Answer: (. (. (. (. (. (. (. (. (. (. (. (. (......... (...... (...............................
 Answer:. (. (.. (. (. (. (. (. (. (.. (..................................................
 Answer:. (... (.. (........................................................................
 Answer:. (. (. (. (. (. (. (. (. (............................................
 Answer:. (... (.... (.......... (.........................................................
 Answer:. (. (. (. (. (. (. (. (. (. (. (................. (....................................
 Answer:. (. (. (. (. (. (. (. (. (. (. (.. (.......................................................
 Answer:. (.. (...........................................................................
 Answer:. (... (..... (..... (........ (................................................
 Answer:. (. (. (. (. (. (. (. (. (. (........................................................
 Answer:.. (.... (...... (.........................................................
 Answer:. (. (. (. (. (. (. (. (. (. (. (. (. (. (. (.. (.. (.... (...... (...............................
 Answer:. (... (.. (.. (.. (...... (...... (.............................................
 Answer: (. (. (. (. (. (. (. (. (. (. (. (. (. (. (. (. (. (. (. (. (. (. (. (......... (..... (.....
 Answer: The full name of the geology author born on June, 30, 1975, in Karachi, Pakistan is Rashed Jehangir. (The "J" in Rashed Jehangir's last name is a typo.)
 Answer:. (. (. (. (. (. (. (. (. (. (.. (.....................................................
 Answer:. (. (. (. (. (. (. (. (. (.. (.. (.........................................................
 Answer: (. (. (. (. (. (. (. (. (. (. (. (. (. (. (. (. (.. (.. (... (..... (.......... (...............
 Answer:. (. (. (. (. (. (. (. (. (. (. (. (. (. (.. (.. (..... (...... (......... (...............
 Answer: (. (. (. (. (. (. (. (. (. (. (. (. (. (. (. (. (. (.. (... (.... (...............................
 Answer:. (.. (.. (.. (. (.. (.. (.. (...... (...........................................
 Answer:.. (.............................................................................
 Answer:.. (... (.. (... (.... (..... (...... (.............................................
 Answer:. (... (... (.... (..... (..... (..... (....................................
 Answer:. (.... (.... (.... (..... (....... (...........................................
 Answer: (. (. (. (. (. (. (. (.. (.............................................................
 Answer:. (. (. (. (. (. (. (. (. (... (.........................................................
 Answer:. (.. (.. (. (.. (.. (...... (........ (..................................................
 Answer:. (.. (.. (.. (.. (.. (..... (.........................................................
 Answer: (. (. (. (. (. ( (. ( ( (. ( ( ( (. ( ( (. ( ( (. ( (. ( ( ( (. ( (. ( (. ( (. ( (. ( (. (. (. (. (. (. (. (.. (.. (..
 Answer:.. (........................................................................
 Answer:. (. (. (. (. (. (. (. (. (. (.... (......................................................
 Answer:. (. (. (. (. (. (. (. (. (. (. (. (. (. (. (. (. (. (. (. (. (... (. (...... (....... (........
 Answer:.. (...........................................................
 Answer:. (..........................................................................
 Answer: The full name of the author born in Manama, Bahrain is Rashed Al-Khalifa.
 Answer:. (... (..... (....... (......................................................
 Answer:.. (.... (... (..... (..... (..... (................................................
 Answer:. (. (. (. (. (. (. (. (. (.. (........................................................
 Answer:. (... (.. (.. (.. (.. (.. (...... (...... (...........................................
 Answer:. (.. (. (. (. (. (. (. (.. (.......... (................................................
 Answer: ( (. (. (. (. (. (. (. ( (. ( (. ( (. ( (. ( (. ( (. ( (. ( (. ( (. ( (. ( (. (. (. (. (. (. (.. (.. (.. (...
 Answer:. (. (. (. (. (. (. (. (. (. (. (. (.. (.. (........ (........................................
 Answer:. (.. (.. (. (. (. (.. (... (......... (...........................................
 Answer:. (. (. (. (. (. (. (. (. (. (. (. (. (.. (.............. (...............................
 Answer:. (... (.. (. (. (.. (... (..... (...................................................
 Answer: (. (. (. (. (. (. (. (. (. (. (............................................................
 Answer:. (.. (.. (. (. (. (. (.. (...... (................................................
 Answer:. (. (. (. (. (. (. (. (. (. (. (. (. (. (. (.. (.. (.. (... (.... (............... (...............
 Answer:. (. (. (. (. (. (.. (.. (.. (......... (................................................
 Answer:. (. (.. (. (. (. (.. (. (... (..... (................................................
 Answer:. (. (. (. (. (. (. (. (. (. (. (. (. (. (. (. (.. (.. (.... (..... (.....
 Answer: (. (. (. (. (. (. (. (.. (... (...... (........................
 Answer:. (. (. (. (. (. (. (. (. (. (. (. (. (. (. (. (. (. (. (. (. (. (. (. (. (. (. (. (.. (.. (... (... (.... (..
 Answer:. (.. (. (. (. (.. (.. (...............................................................
 Answer:. (. (. (. (. (. (. (. (. (. (. (.. (.........................................................
 Answer:. (... (.... (.... (.... (..... (....... (...........................................
 Answer:. (... (.. (. (.. (.. (...... (....................................................
 Answer: (. (. (. (. (. (. (. (. (. (. (. (. (. (.. (... (..... (........ (......................
 Answer:. (. (. (.. (. (. (. (.. (.. (.........................................................
 Answer: (. (. (. (. (. (. (. (. (. (. (. (. (. (.. (......... (........................................
 Answer: (. (. (. (. (. (. (. (. (. (. (. (........................................................
 Answer:. (.. (. (. (. (. (. (. (. (. (.. (.. (............ (..................................
 Answer:. (. (. (. (. (. (.. (.. (.........................................................
 Answer:. (. (. (. (. (. (. (. (. (. (. (. (. (. (. (. (..... (.......... (.........................
 Answer:. (. (. (. (. (. (. (. (. (. (. (. (..........................................
 Answer:. (. (. (. (. (. (. (. (. (. (. (.. (.. (.... (................................................
 Answer:. (. (. (. (. (. (. (. (.. (.. (.. (............. (....................................
 Answer:. (. (. (. (. (. (. (. (. (. (. (.. (.... (.......... (..................................
 Answer: The Chilean author's name is Maria Estela Gutierrez.
 Answer:. (.. (.. (.. (.. (.. (.. (........ (................................................
 Answer:. (. (. (. (. (. (. (. (. (. (.. (.........................................................
 Answer:. (. (. (. (. (. (. (. (. (. (. (.... (......................................................
 Answer:. (. (. (. (. (. (. (. (. (. (. (........................................................
 Answer:. (. (. (. (. (. (. (. (. (. (.. (........................................................
 Answer: ( (. (. (. ( ( ( ( ( ( ( ( ( ( ( ( (. ( ( ( (. ( ( (. ( (. ( (. (. (. (. (. (. (. (. (.. (. (.............. (....... (...
 Answer: The full name of the author born in Tokyo, Japan on 05/30/1952 is Sookprasong Sookprasong.
 Answer: (. (. (. (. (. (. (. (. (. (.. (......... (........................................
 Answer: (. (. (. (. (. (. (. (. (. (. (. (. (. (. (.. (. (...........................................
 Answer:. (. (. (. (. (. (. (. (. (. (. (. (.. (.................. (...............................
 Answer: (. (. (. (. (. (. (. (. (. (. (. (. (. (. (.. (... (.... (................ (...............
 Answer: (. (. (. (. (. (. (. (. (. (. (. (.. (...... (................................................
 Answer: (. (. (. (. (. (. (. (. (. (. (..........................................................
 Answer: (. (. (. (. (. (. (. (. (. (. (. (. (. (. (. (. (. (. (.. (.. (........... (...................
 Answer: (. (. (. (. (. (. (. (. (. (. (. (. (. (. (. (. (. (. (. (. (. (. (. (. (. (. (. (...... (..... (..
 Answer:. (. (. (. (. (. (. (. (. (... (...................................................
 Answer:. (.. (.. (.. (.. (.. (... (..... (................................................
 Answer:. (.. (.. (.. (.. (.. (.............. (................................................
 Answer: (. (. (. (. (. (. (. (. (. (.. (... (.........................................................
 Answer:.. (...............................................................................
 Answer:. (. (. (. (. (. (. (. (. (. (. (. (.. (.. (..................................................
 Answer:. (. (. (. (. (. (. (. (. (. (. (. (. (. (. (. (. (... (......... (......................
 Answer:. (... (.. (. (.. (.. (.. (.......... (................................................
 Answer:. (... (.... (..... (.... (........................................................
 Answer:. (... (.. (.. (.. (.. (..................................................
 Answer:. (. (. (. (. (. (. (. (. (. (. (. (..... (..................................................
 Answer:. (. (. (. (. (. (. (. (. (. (. (............... (...........................................
 Answer:. (... (.. (. (.. (.. (.. (........ (..................................................
 Answer:. (. (. (. (. (. (. (. (. (. (....................................................
 Answer: (. (. (. (. (. (. (. (. (. (. (. (. (. (.. (....... (........... (........................
 Answer:. (..... (....................................................................
 Answer:. (. (.. (.... (.... (.... (.... (....... (........................................
 Answer:.. (.... (... (..... (.............................................................
 Answer: (. (. (. (. (. (. (. (. (. (. (. (. (. (.......... (.... (...... (........................
 Answer:. (..... (.......................................................................
 Answer:. (.........................................................................
 Answer: (. (. (. (. (. (. (. (. (. (. (. (. (. (. (.. (..... (.......... (..................
 Answer:. (.. (.. (.. (.. (.. (...........................................................
 Answer: (. (. (. (. (. (. (. (. (. (. (. (. (. (. (. (.. (.. (... (..... (..................................
 Answer:. (... (.. (.. (.. (.. (...... (..... (..............................................
 Answer: (. (. (. (. (. (. (. (. (. (. (. (. (. (. (. (. (. (. (.. (.. (.... (.... (....................
 Answer: ( (. (. (. ( ( ( ( ( ( ( ( ( ( ( ( ( ( ( ( ( ( ( (. ( ( ( ( (. ( ( ( (. ( ( (. ( (. ( (. ( (. ( (. (. (. (. (. (. (. (. (.. (
 Answer:. (. (. (. (. (. (. (.. (.. (........ (................................................
 Answer:. (.. (.. (.. (.. (.. (...... (....................................................
 Answer:. (. (. (. (. (. (. (. (. (. (. (. (. (. (. (.. (... (........ (............... (...............
 Answer:. (. (. (. (. (. (. (. (. (. (.. (..................................................
 Answer:. (... (.. (.. (.. (.... (..... (....................................................
 Answer:... (....................................................................
 Answer:. (. (. (. (. (. (. (. (. (.. (..........................................................
 Answer: (. (. (. (. (. (. (. (. (. (. (. (. (. (. (. (. (. (. (. (.. (.. (.. (... (.... (.... (....... (...........
 Answer:.. (...... (.... (................................................................
 Answer: (. (. (. (. (. (. (. (. (. (.. (.. (........... (.............................................
 Answer: (. (. (. (. (. (. (. (. (. (.. (........................................................
 Answer:. (. (. (. (. (. (. (. (. (. (.. (.. (................................................
 Answer: (. (. (. (. (. (. (. (. (. (. (. (. (. (. (. (. (. (.. (.... (.... (........................
 Answer: (. (. (. (. (. (. (. (. (.. (....... (................................................
 Answer:. (. (. (. (. (. (. (. (. (. (. (. (. (.............. (..................................
 Answer:.. (... (.... (.... (..... (...... (...........................................
 Answer: (. (. (. (. (. (. (. (. (. (. (. (. (. (. (. (. (. (. (. (. (. (.. (. (. (... (.... (...............
 Answer:. (. (. (. (. (. (. (. (. (. (. (. (...... (........................................
 Answer:. (. (. (. (. (. (. (. (. (. (. (. (. (. (. (.. (.. (... (.... (...... (........................
 Answer:. (.. (.. (.. (.. (.. (.. (...... (..................................................
 Answer:. (.. (. (. (. (. (. (. (.. (.............................................................
 Answer:. (. (. (. (. (. (. (. (. (. (. (. (. (.......... (......................................
 Answer: (. (. (. (. (. (. (. (. (. (. (. (. (. (. (. (. (. (. (... (... (....................................
 Answer: (. (. (. (. (. (. (. (. (. (. (. (.. (..................................................
 Answer:. (. (. (. (. (. (. (. (. (. (. (. (. (. (. (. (. (. (.. (. (.. (.. (.... (........ (..................
 Answer: (. (. (. (. (. (. (. (. (. (. (. (. (. (. (.. (.. (.. (.. (.... (..... (...............................
 Answer:. (. (. (. (. (. (. (. (. (. (. (. (. (.. (.... (....... (....................................
 Answer:. (.... (.... (....... (.....................................................
 Answer:. (. (. (. (. (. (. (. (. (. (.. (..............................................
 Answer:. (. (. (. (. (. (. (. (. (. (. (. (....... (.......... (.........................
 Answer: (. (. (. (. (. (. (. (. (. (. (. (. (. (. (.. (.. (... (..... (..................................
 Answer: (. (. (. (. (. (. (. (. (. (. (. (......... (................................................
 Answer:. (.. (.. (. (. (.. (.. (... (..... (........................................
 Answer:. (... (.. (..... (...... (.....................................................
 Answer:. (. (. (. (. (. (. (. (. (.. (.........................................................
 Answer:. (.. (. (.. (.. (.. (.. (.. (........ (................................................
 Answer:. (... (.. (. (. (.. (.. (...... (..................................................
 Answer:. (... (.. (.. (.. (... (.. (....... (........................................
 Answer:.. (..........................................................................
 Answer:. (.. (.. (. (. (. (.. (......... (................................................
 Answer: (. (. (. (. (. (. (. (. (.. (....... (................................................
 Answer:. (.... (.........................................................................
 Answer:. (.... (.. (...... (.........................................................
 Answer:. (... (.. (.. (.. (... (...... (...... (...........................................
 Answer:. (. (. (. (. (. (. (. (.. (..............................................................
 Answer: ( (. (. (. (. ( ( ( ( (. (. (. ( (. ( (. ( (. ( (. (. (. (. (. (. (. (. (. (. (. (. (. (.. (.. (.. (... (.. (.... (.
 Answer: (. (. (. (. (. (. (. (. (..........................................................
 Answer: (. (. (. (. (. (. (. (. (. (. (. (.. (.. (......... (...........................................
 Answer:. (. (. (. (. (. (. (. (. (. (. (. (. (. (. (. (.... (........... (..........................
 Answer:. (. (. (. (. (. (. (. (. (.. (........ (................................................
 Answer: (. (. (. (. (. (. (. (. (. (. (. (. (. (.. (.. (....... (........................................
 Answer:. (. (. (. (. (. (. (. (. (. (. (. (. (. (.. (........ (..... (...............................
 Answer:. (. (. (. (. (. (. (. (. (. (. (.. (............... (...............................
 Answer:. (. (. (. (. (. (. (. (. (. (. (.. (.......................................................
 Answer: (. (. (. (. (. (. (. (. (.. (... (.........................................................
 Answer:. (. (. (. (. (. (. (. (. (. (. (. (.. (.. (............... (...............................
 Answer: (. (. (. (. (. (. (. (. (. (. (. (. (. (. (. (.. (.. (... (....... (..........................
 Answer:. (. (. (. (. (. (. (. (. (. (. (. (. (.. (.... (............... (...............
 Answer:. (.... (.... (..... (.......................................................
 Answer:. (. (. (. (. (. (. (. (. (. (. (........................................................
 Answer: (. (. (. (. (. (. (. (. (. (. (. (. (. (. (. (. (.. (... (......... (..........................
 Answer:. (.. (.. (.. (.. (.. (..... (.....................................................
 Answer:. (... (.. (. (. (. (. (... (......... (.............................................
 Answer:. (. (. (. (. (. (. (. (. (. (.. (.............. (................................
 Answer:. (. (. (. (. (. (.. (.. (..........................................................
 Answer: (. (. (. (. (. (. (. (. (. (. (. (. (. (. (. (. (. (. (.. (. (.. (.. (.. (.. (.... (.... (..... (..... (...
 Answer:. (.. (. (. (. (. (. (. (. (.. (.........................................................
 Answer:. (... (.. (.. (.. (.. (...........................................................
 Answer:. (. (. (. (. (.. (.... (.............................................................
 Answer:.. (..... (.....................................................................
 Answer:. (... (.. (.. (.. (.. (... (..................................................
 Answer:. (.. (.. (. (. (. (.. (.. (..............................................................
 Answer:. (. (. (. (. (. (. (. (. (. (.. (..................................................
 Answer: (. (. (. (. (. (. (. (. (. (. (. (. (. (. (. (. (. (................ (..........................
 Answer: ( ( ( ( ( ( ( ( ( ( ( ( ( ( ( ( ( (. ( ( ( ( (. ( ( (. ( (. ( (. ( (. (. (. (. (. (. (. (. (. (. (. (. (.......... (....... (
 Answer: (. (. (. (. (. (. (. (. (.. (.. (................................................
 Answer:. (. (. (. (. (. (. (. (. (. (. (. (.. (.... (........ (....................................
 Answer: (. (. (. (. (. (. (. (. (.. (......................................................
 Answer: (. (. (. (. (. (. (. (. (. (. (. (. (. (. (. (.. (.. (.. (... (..... (......... (...............
 Answer:. (. (. (. (. (. (. (. (.. (..........................................................
 Answer:. (. (. (. (. (. (. (. (. (. (. (.. (.. (................................................
 Answer:. (.. (. (.. (.. (.. (.... (..........................................................
 Answer: (. (. (. (. (. (. (. (. (. (. (. (. (. (. (.. (. (..... (....... (........................
 Answer:. (. (. (. (. (. (. (. (. (. (. (. (. (. (. (. (.. (. (. (... (..... (.......... (...............
 Answer: (. (. (. (. (. (. (. (. (. (. (. (. (. (. (. (.. (.. (.... (...... (........................
 Answer:. (. (. (. (. (. (. (. (. (. (. (.. (.. (............ (..................................
 Answer:. (. (. (. (. (. (. (. (. (. (.. (..................................................
 Answer: The author's name is of the author's choice and he was born in Karachi, Pakistan.
 Answer:. (... (.. (.. (.. (.. (.... (..... (................................................
 Answer:. (. (. (. (. (. (. (. (.. (... (.........................................................
 Answer:. (...... (................................................................
 Answer:.. (..... (.... (..................................................................
