0.005662423558533192
0.004839619621634483
0.18312327563762665
0.8008497953414917
0.028064323589205742
1.561568021774292
0.6549241542816162
0.3368760347366333
0.0
1.017082691192627
0.3951968848705292
0.14960408210754395
0.4504774510860443
0.5010919570922852
2.1123476028442383
1.7186975479125977
0.0
0.02815806120634079
0.3946651220321655
0.052232321351766586
0.2232026755809784
0.6346075534820557
0.07976271957159042
0.4557867646217346
0.8441354632377625
1.9826838970184326
1.0719313621520996
0.5864039659500122
0.2810382843017578
0.8944355845451355
0.10460075736045837
0.7728351354598999
4.207275390625
0.0
0.8128775358200073
0.982225775718689
0.1625891774892807
0.31681734323501587
0.15302592515945435
0.42466455698013306
0.6236349940299988
0.05456392467021942
1.8190925121307373
0.3416062593460083
1.2960587739944458
0.0
0.2831764221191406
0.18438199162483215
0.8859595060348511
2.108292818069458
2.0618348121643066
0.007434179540723562
1.3975448608398438
0.7031506299972534
4.741987228393555
0.1285766065120697
0.006343697663396597
0.6959949731826782
0.19387122988700867
0.8354249000549316
0.8309451341629028
0.3003614842891693
0.08200494945049286
0.29078835248947144
1.1506074666976929
0.0
1.2275159358978271
1.523065447807312
0.0
1.2747089862823486
0.006424581632018089
0.7198542952537537
1.265130877494812
1.2065134048461914
1.240405559539795
0.0
0.2947884798049927
0.5215295553207397
0.0
1.1921387910842896
1.2894370555877686
1.24806809425354
1.4781675338745117
1.8362711668014526
0.0011534225195646286
0.3290877044200897
0.0
0.6842807531356812
0.0
0.0
0.3129657208919525
0.0007255751406773925
1.1773658990859985
1.1789273023605347
1.7924127578735352
0.143938809633255
0.018291326239705086
0.3644300699234009
0.49198436737060547
1.8937716484069824
1.2415330410003662
1.1111112833023071
1.3239927291870117
0.0
0.0
1.5543692111968994
2.093712568283081
0.0817665308713913
3.4113807678222656
0.8609875440597534
0.0
1.2546021938323975
1.2748634815216064
0.0
3.105841636657715
1.2833603620529175
0.4424886107444763
