39.413055419921875
39.15623474121094
39.56183624267578
37.93352127075195
38.47735595703125
38.030147552490234
37.975040435791016
38.31328582763672
32.81207275390625
36.5507698059082
39.744991302490234
39.67107009887695
37.17042922973633
39.2108268737793
38.674556732177734
37.28834915161133
38.305633544921875
38.44291305541992
38.56417465209961
38.62085723876953
39.22748947143555
40.076229095458984
38.80322265625
39.18088912963867
37.849822998046875
39.073883056640625
39.449745178222656
38.70878219604492
38.00283432006836
40.008026123046875
38.802852630615234
38.83748245239258
39.31185531616211
39.3960075378418
39.51554870605469
39.87394332885742
38.559547424316406
40.20118713378906
38.66334533691406
37.50812911987305
40.241451263427734
38.850738525390625
38.84606170654297
39.500492095947266
37.987152099609375
38.67433547973633
39.12207794189453
39.35390090942383
38.663814544677734
37.64369583129883
37.43718719482422
37.645076751708984
37.00611114501953
39.679256439208984
39.920494079589844
38.34001541137695
37.80180358886719
39.434085845947266
38.38984298706055
38.23737716674805
39.131011962890625
38.49709701538086
38.14972686767578
38.48163986206055
38.62297058105469
38.108211517333984
38.646610260009766
39.68913650512695
39.4864616394043
40.5255241394043
38.898834228515625
38.34104537963867
39.56240463256836
39.312191009521484
38.62434768676758
39.696617126464844
38.44306182861328
39.37746047973633
38.46270751953125
38.87864685058594
37.53081512451172
39.8498649597168
37.59153366088867
39.14730453491211
39.932342529296875
40.42941665649414
38.327850341796875
38.384639739990234
38.83949279785156
38.6524772644043
38.837745666503906
38.68912887573242
40.33938217163086
40.36151123046875
39.14387512207031
39.2597770690918
38.86742401123047
39.85308837890625
38.34627151489258
36.8680534362793
39.02177047729492
39.67739486694336
38.84640121459961
40.57456970214844
39.123863220214844
39.685455322265625
39.76559829711914
38.3726921081543
36.83884811401367
37.33418273925781
38.62086868286133
36.8335075378418
38.342567443847656
38.26327133178711
38.74721145629883
38.31236267089844
38.6627311706543
39.58216094970703
40.428497314453125
38.7229118347168
38.303855895996094
40.25075912475586
39.87714385986328
38.87356185913086
38.575660705566406
37.80507278442383
40.534725189208984
38.4326057434082
38.42862319946289
36.94110107421875
39.673797607421875
37.215301513671875
39.12648391723633
40.340789794921875
39.49354934692383
37.47077560424805
37.85744094848633
39.965850830078125
39.808650970458984
39.698524475097656
38.22494125366211
38.58587646484375
40.4720458984375
37.7572021484375
39.148109436035156
38.827083587646484
38.09492111206055
39.237789154052734
38.01265335083008
37.58806610107422
38.93374252319336
38.62334060668945
39.80238723754883
38.683555603027344
38.826202392578125
38.446693420410156
37.93867111206055
36.26406478881836
38.28583908081055
39.52561569213867
38.826263427734375
37.92976760864258
38.69231033325195
37.9515380859375
39.43003463745117
38.71033477783203
39.77973175048828
37.25516891479492
39.564308166503906
39.509273529052734
38.77766418457031
39.084346771240234
38.135108947753906
39.22568893432617
38.99355697631836
36.71804428100586
38.7432746887207
38.418975830078125
40.35002136230469
39.723548889160156
37.775230407714844
40.810916900634766
38.89667892456055
39.73629379272461
37.567501068115234
39.60993576049805
38.98012161254883
36.369537353515625
38.351383209228516
39.90998458862305
38.08870315551758
39.935455322265625
39.04676055908203
37.236263275146484
39.78621292114258
40.406280517578125
39.252357482910156
38.41388702392578
39.03866195678711
38.07768249511719
38.01943588256836
37.50023651123047
38.28156661987305
38.022865295410156
38.725494384765625
38.33126449584961
37.954524993896484
38.30332565307617
39.132381439208984
38.273555755615234
38.776180267333984
38.41261291503906
36.466487884521484
39.06629180908203
39.61806106567383
36.612796783447266
39.46919631958008
38.69900131225586
38.246864318847656
37.18221664428711
36.74518585205078
39.296993255615234
38.73093032836914
39.67214584350586
39.59664535522461
38.62311553955078
38.3819694519043
39.31056594848633
36.411678314208984
39.29045486450195
40.25050354003906
39.38071823120117
39.604976654052734
39.538604736328125
38.41101837158203
36.72939682006836
39.224849700927734
39.44802474975586
38.40911865234375
39.825801849365234
37.584835052490234
37.847747802734375
39.0493049621582
38.83869934082031
34.99512481689453
39.34397506713867
38.012325286865234
36.3094367980957
38.74751663208008
36.08267593383789
39.63364028930664
37.6629524230957
38.32157516479492
38.00645065307617
37.63393783569336
38.960201263427734
38.87831115722656
38.69038009643555
38.50455093383789
39.04987716674805
39.42903137207031
38.285335540771484
39.537654876708984
37.92290115356445
38.8820915222168
39.368064880371094
38.07232666015625
37.042633056640625
36.501426696777344
38.425594329833984
39.22980880737305
38.52199935913086
40.10470199584961
39.524627685546875
38.626399993896484
38.90424728393555
38.75997543334961
40.60880661010742
38.44783401489258
38.4519157409668
39.58533477783203
38.25477981567383
39.0439453125
39.023338317871094
39.294559478759766
38.63288116455078
39.37151336669922
38.90221405029297
39.41669464111328
39.1636962890625
39.83488464355469
36.67588424682617
38.0485725402832
39.24031448364258
38.603553771972656
39.08951187133789
38.04110336303711
39.268646240234375
39.402984619140625
39.41603469848633
38.831539154052734
36.232566833496094
38.726806640625
37.5090217590332
38.592384338378906
38.62969970703125
39.5572624206543
38.88214874267578
39.341793060302734
38.45979690551758
38.95904541015625
37.474952697753906
39.05922317504883
40.759098052978516
39.11699676513672
38.68556213378906
38.82029724121094
38.62556076049805
39.6768684387207
38.78517532348633
38.165138244628906
39.91626739501953
37.96084213256836
37.21873092651367
41.05965805053711
37.67262268066406
37.714630126953125
37.9008674621582
38.93120193481445
39.112178802490234
37.73453903198242
39.16368865966797
39.25386428833008
38.96844482421875
38.7693977355957
39.76336669921875
38.58643341064453
39.127132415771484
39.82258987426758
38.82900619506836
38.80310821533203
40.115028381347656
39.522945404052734
39.456233978271484
38.17881774902344
39.00035858154297
39.628536224365234
40.002723693847656
38.37961196899414
39.534908294677734
34.56813430786133
38.9016227722168
39.166229248046875
38.30820846557617
39.2806396484375
38.993125915527344
39.19598388671875
39.23540115356445
39.38023376464844
39.504112243652344
38.15069580078125
38.66061019897461
38.61891174316406
38.45136642456055
39.12761306762695
39.622474670410156
39.5670280456543
38.375301361083984
38.62917709350586
38.88825607299805
38.98527908325195
39.15936279296875
39.64237594604492
39.13401412963867
38.7439079284668
39.41189193725586
37.75138854980469
38.396968841552734
38.5682487487793
39.6938591003418
38.38779830932617
39.32041549682617
39.20340347290039
39.166988372802734
39.72052001953125
37.166351318359375
39.821044921875
39.00283432006836
38.6967887878418
38.343631744384766
37.987884521484375
39.208251953125
39.64747619628906
39.278663635253906
40.87925338745117
38.51951217651367
37.1502685546875
39.9233512878418
38.79973220825195
38.376033782958984
