0.0
12.776774406433105
15.851335525512695
10.152763366699219
17.278404235839844
9.096515655517578
7.536184787750244
12.082930564880371
7.402629375457764
9.121302604675293
12.256479263305664
8.432046890258789
7.188508033752441
18.7926082611084
12.60986042022705
11.36118221282959
7.685148239135742
11.001615524291992
10.904878616333008
15.02521800994873
10.144572257995605
10.965747833251953
15.539262771606445
7.871056079864502
13.520933151245117
9.676365852355957
8.489402770996094
14.67676830291748
0.0
14.163824081420898
12.658576965332031
6.9444684982299805
8.848918914794922
13.696183204650879
7.603180408477783
11.412700653076172
8.948123931884766
0.0
8.676990509033203
16.900794982910156
9.057560920715332
11.092500686645508
14.543153762817383
11.001138687133789
6.629795551300049
17.928688049316406
18.236228942871094
16.285900115966797
13.264461517333984
7.801353454589844
18.110427856445312
12.307503700256348
9.950438499450684
14.704044342041016
10.683341026306152
9.435344696044922
10.501948356628418
5.921968936920166
14.498544692993164
9.652438163757324
14.258974075317383
8.081223487854004
14.25400161743164
16.47066307067871
17.095420837402344
9.46455192565918
7.347881317138672
16.40964698791504
6.740384578704834
8.994144439697266
12.677517890930176
8.147354125976562
10.873392105102539
9.867622375488281
9.326703071594238
0.0
10.517074584960938
13.914732933044434
12.04558277130127
12.942779541015625
6.098782539367676
5.921753406524658
13.519325256347656
14.876842498779297
6.481390953063965
8.688657760620117
9.456106185913086
12.042015075683594
12.378362655639648
14.419506072998047
13.9259033203125
6.954078674316406
11.970368385314941
8.227461814880371
17.023698806762695
12.397220611572266
8.51199722290039
11.13036060333252
9.490950584411621
17.45619773864746
