1.192836880683899
0.007755379658192396
1.5502514839172363
0.7148458361625671
0.0058326139114797115
0.005560359917581081
0.0
0.0
0.0
0.0
0.0
0.008917666971683502
0.0
2.470409870147705
0.03222396597266197
0.0
0.0
0.0
0.5834048986434937
0.02305118553340435
0.0
1.8216941356658936
0.43172886967658997
0.0
0.11471927165985107
0.0
0.8240333795547485
0.13605926930904388
0.9021793603897095
0.0
0.0
0.0002388383582001552
2.4359378814697266
0.0
0.0
1.919357180595398
0.0006633766461163759
0.0
0.1826508492231369
0.0
0.0
0.0
0.09184587001800537
0.0
1.8671174049377441
0.0
0.0
0.0
0.0
1.299049735069275
0.0
1.6311566829681396
0.0
0.9127395153045654
0.0
1.0327231884002686
0.0
0.0
0.0045801978558301926
0.0
2.9739909172058105
0.0848887637257576
0.0
0.03825940191745758
0.9075390100479126
0.009404761716723442
0.0
1.4994182586669922
0.0
0.0
0.0
0.7605922818183899
0.0
0.0
0.0
0.0
3.421717643737793
0.0
0.4947850704193115
0.0
0.009460210800170898
2.895174026489258
0.9255034923553467
0.6028196215629578
0.0
0.013026081025600433
0.0
0.0
0.037645600736141205
0.0
0.0
0.0
1.4533872604370117
0.0
0.0
0.23309460282325745
0.8129384517669678
4.386302471160889
7.914287090301514
0.005389329977333546
0.3316969573497772
0.0
0.0
0.0
0.0
0.26740574836730957
0.2083897590637207
0.028847061097621918
0.0
0.7219424843788147
0.026563478633761406
0.0
0.0
0.029126666486263275
0.0
5.771973133087158
0.0
