3.40350341796875
4.2506632804870605
3.3348968029022217
3.4835312366485596
4.120122909545898
3.4391515254974365
3.638205051422119
4.383843898773193
2.88531494140625
2.4085137844085693
3.4624810218811035
3.5244507789611816
3.568006992340088
3.337557315826416
3.560532331466675
3.6128671169281006
3.732009172439575
3.0518646240234375
4.079535961151123
3.195732593536377
4.080867767333984
2.8263909816741943
3.4035184383392334
3.2739105224609375
3.6749484539031982
3.5014724731445312
4.0484232902526855
4.29315710067749
3.586277723312378
3.446863889694214
3.272007465362549
3.6045472621917725
3.355813980102539
4.06497859954834
3.6298234462738037
3.784947633743286
2.917292356491089
3.551835775375366
3.624418258666992
3.3477885723114014
4.09175443649292
3.5629653930664062
3.5390126705169678
3.0698108673095703
3.3868958950042725
3.6778221130371094
3.3611085414886475
3.4990170001983643
3.6890487670898438
4.106194972991943
3.697542190551758
3.6438636779785156
3.9569694995880127
3.1858415603637695
4.375148773193359
3.3238182067871094
3.0985665321350098
6.671645641326904
3.2484288215637207
4.0071492195129395
3.7994887828826904
3.502612829208374
3.8439576625823975
3.5790271759033203
3.3775269985198975
3.603386640548706
2.699774980545044
3.763566255569458
4.024988174438477
3.2829132080078125
3.706080675125122
2.8986146450042725
3.630084753036499
3.280705213546753
2.9254138469696045
4.140662670135498
3.7030227184295654
3.21561598777771
3.9460651874542236
3.6144611835479736
3.7676427364349365
3.2348687648773193
3.781724691390991
3.547785997390747
3.67026686668396
3.772176742553711
3.1737546920776367
3.6105401515960693
2.969467878341675
2.841327667236328
4.045675754547119
3.9252254962921143
3.2057156562805176
3.3172199726104736
3.0043447017669678
3.6271533966064453
3.4045097827911377
3.8427834510803223
3.8372161388397217
3.364903688430786
3.237414598464966
4.418580532073975
4.049710750579834
3.4759297370910645
3.431812047958374
4.060800552368164
3.8969810009002686
4.488306522369385
3.6632473468780518
3.639129638671875
3.286381959915161
3.461686849594116
3.53474497795105
3.165424346923828
3.0419390201568604
3.1392173767089844
3.999321699142456
3.446331024169922
3.5375001430511475
3.9165642261505127
3.4021871089935303
3.3487377166748047
3.4321701526641846
3.1582043170928955
2.736931085586548
3.5626847743988037
3.3907387256622314
3.324812650680542
3.9914493560791016
3.651076555252075
3.436084032058716
3.5655910968780518
3.5546798706054688
3.360201358795166
3.434241533279419
3.828693389892578
3.4923367500305176
3.6788125038146973
4.113091468811035
3.573945999145508
3.4791839122772217
4.013102054595947
3.268702268600464
3.778764486312866
4.120665550231934
6.675667762756348
3.03523588180542
6.400562286376953
3.8574764728546143
2.9525327682495117
3.2809529304504395
3.9030418395996094
3.487454652786255
3.9613239765167236
3.2925636768341064
3.498627185821533
3.877951145172119
3.2796733379364014
3.758467197418213
4.060153484344482
3.720585584640503
3.691685438156128
3.657399892807007
3.7684082984924316
3.9071900844573975
3.532710313796997
6.155360221862793
3.1087827682495117
2.7938170433044434
3.4510910511016846
3.870281934738159
3.57140851020813
3.6772148609161377
3.306825637817383
3.909018039703369
3.586674213409424
3.6637158393859863
3.4581000804901123
3.3372466564178467
3.8539350032806396
3.080867052078247
3.160275936126709
3.4593472480773926
3.358311891555786
3.602184295654297
2.993791103363037
3.4981353282928467
3.3408477306365967
4.016610622406006
4.110405921936035
2.8309247493743896
4.104082107543945
3.73594069480896
3.1735920906066895
3.6826980113983154
3.9174270629882812
3.7480931282043457
3.94488787651062
3.340407609939575
3.4050076007843018
3.8701157569885254
3.3823134899139404
4.043504238128662
3.5748772621154785
3.534843921661377
4.040821075439453
3.515019178390503
3.6415791511535645
3.727436065673828
3.662804126739502
3.1381540298461914
3.2140636444091797
2.5613813400268555
3.538672685623169
3.6156678199768066
3.2717456817626953
3.7575719356536865
3.4810776710510254
3.5812058448791504
3.0405683517456055
2.827183961868286
3.885923147201538
3.7972798347473145
3.4842000007629395
3.182859182357788
2.7997524738311768
3.8049354553222656
3.875248432159424
3.124593496322632
3.4639549255371094
3.4366276264190674
4.119391918182373
3.5457489490509033
3.491764783859253
3.2734177112579346
3.872131109237671
3.3124840259552
3.6341655254364014
3.0643649101257324
3.0342471599578857
3.7968075275421143
3.985100269317627
3.242649793624878
3.577807664871216
3.6447536945343018
3.7337028980255127
3.6280910968780518
2.557297468185425
3.602865695953369
3.3834667205810547
3.762920379638672
3.9277756214141846
3.279912233352661
3.5531837940216064
3.13661527633667
4.045335292816162
3.538909673690796
3.2535674571990967
3.580249786376953
3.141131639480591
3.9970569610595703
4.309720993041992
3.572697401046753
3.94956374168396
3.8721890449523926
3.3442139625549316
3.920452833175659
3.7107200622558594
3.4922797679901123
3.9917492866516113
2.6989030838012695
3.700800657272339
3.724306583404541
3.761934995651245
3.2716598510742188
2.9406542778015137
3.622039556503296
3.3591160774230957
3.759389877319336
3.8518078327178955
3.623598575592041
3.0354881286621094
3.6054649353027344
3.230621099472046
3.270773410797119
3.8166873455047607
2.990750312805176
3.255293369293213
3.3975815773010254
3.60028338432312
3.3007009029388428
3.7326550483703613
3.8390114307403564
2.835388422012329
3.940620183944702
3.879627227783203
3.30222487449646
4.083850383758545
3.240241765975952
3.486788272857666
3.8184547424316406
3.3894717693328857
3.6777725219726562
3.6370301246643066
3.929180860519409
3.6426186561584473
3.8095836639404297
3.109865665435791
3.558039903640747
3.3302834033966064
3.633025884628296
3.5044548511505127
3.436164140701294
3.6034934520721436
3.7617242336273193
3.3885486125946045
3.5230090618133545
3.44281005859375
4.097751140594482
3.9140381813049316
4.064857482910156
3.896878957748413
4.029526710510254
3.321995496749878
3.145153045654297
3.8570427894592285
3.137331485748291
3.0742146968841553
3.5696067810058594
3.6466259956359863
3.457979202270508
3.0616981983184814
3.7846648693084717
3.5883469581604004
3.9453284740448
3.1677303314208984
2.8364124298095703
2.820725917816162
3.3008904457092285
3.503188371658325
3.822073459625244
3.1397039890289307
3.8398284912109375
3.429762363433838
4.151917934417725
3.3171727657318115
2.95477557182312
4.031472682952881
3.4905800819396973
4.174361705780029
2.817437171936035
3.952207565307617
2.7054290771484375
3.6698379516601562
3.7216618061065674
3.6197586059570312
3.8948845863342285
3.8353335857391357
3.145467758178711
3.841574192047119
3.665165424346924
5.906833648681641
3.847306489944458
3.015092134475708
4.19158411026001
3.316884756088257
3.9945924282073975
3.2804744243621826
3.4943370819091797
3.3775410652160645
3.4102306365966797
3.2434940338134766
3.2488715648651123
3.7748336791992188
2.813800096511841
3.3597893714904785
3.1157948970794678
3.702277898788452
3.808798313140869
3.5129947662353516
3.6417713165283203
3.7638518810272217
4.217093467712402
3.9477498531341553
3.998650312423706
3.296724796295166
3.6264235973358154
3.9280896186828613
3.603313446044922
3.619568347930908
4.214916229248047
3.3465569019317627
3.8804214000701904
2.8422505855560303
2.940631151199341
3.6170730590820312
3.862558126449585
3.287008285522461
3.5393524169921875
3.9697835445404053
