1.6266777515411377
1.302493929862976
0.507628321647644
0.2650253474712372
1.5947073698043823
0.8734220862388611
0.8720182180404663
0.871985912322998
1.045516848564148
1.1403619050979614
2.051391839981079
0.6033921241760254
3.34485125541687
1.1528847217559814
0.8741493225097656
1.6764991283416748
1.2384930849075317
0.36310791969299316
1.9785484075546265
2.225127935409546
2.1660051345825195
1.1330429315567017
0.24560996890068054
3.262002468109131
0.16172286868095398
0.496366024017334
1.8176333904266357
1.0401105880737305
2.247023344039917
1.4254511594772339
2.0505855083465576
0.110993891954422
1.6536598205566406
1.0147788524627686
0.7773603200912476
0.6669809222221375
0.41708481311798096
0.8952948451042175
0.35676145553588867
0.27899619936943054
1.1476147174835205
1.8051836490631104
0.8684343695640564
2.507563829421997
0.8715068697929382
1.6670124530792236
0.547698438167572
1.6745243072509766
2.034928321838379
0.41098690032958984
2.3999176025390625
3.153324842453003
1.0495284795761108
2.144714832305908
1.0537314414978027
1.853870153427124
1.720024585723877
2.0904858112335205
0.732654333114624
1.7158963680267334
0.8788468241691589
3.046299457550049
1.2581896781921387
0.8760890364646912
0.6954547762870789
0.23898927867412567
1.1545698642730713
1.239238977432251
1.7492868900299072
0.6981343030929565
0.3843090534210205
0.9759084582328796
1.8335177898406982
0.4190562665462494
1.0395193099975586
1.4069492816925049
0.6971938014030457
0.312095046043396
0.9512127637863159
1.6937332153320312
1.5510749816894531
1.279768466949463
0.8843940496444702
0.8712586164474487
1.8245805501937866
1.8888119459152222
0.21827523410320282
1.9647763967514038
0.44419217109680176
1.7317646741867065
2.2264890670776367
1.216647982597351
0.9332222938537598
0.3381193280220032
1.3624327182769775
0.22227256000041962
1.2062853574752808
1.0484987497329712
1.0010852813720703
0.5869122743606567
