39.23097610473633
38.56289291381836
39.463165283203125
39.62583541870117
39.259727478027344
38.92334747314453
38.908607482910156
39.83158493041992
38.78386688232422
39.82919692993164
39.35884475708008
38.83563995361328
38.22225570678711
38.69280242919922
39.418270111083984
38.42401885986328
39.1472053527832
38.60710906982422
38.8117790222168
39.04264831542969
39.27384567260742
38.12001037597656
38.430171966552734
39.47174835205078
39.0299186706543
39.04932403564453
38.36137771606445
39.26823043823242
39.31138610839844
38.7410774230957
39.473628997802734
39.013648986816406
39.76124572753906
39.21841049194336
39.036529541015625
39.55293655395508
38.90053939819336
37.95176315307617
38.878822326660156
38.28962326049805
