3.486555576324463
3.9903359413146973
3.173856019973755
3.4590823650360107
4.159454345703125
3.4443612098693848
3.4908463954925537
4.402095317840576
2.808432102203369
2.1859240531921387
3.4765307903289795
3.4333271980285645
3.4210426807403564
3.2970383167266846
3.5345208644866943
3.468482732772827
3.731937885284424
2.9479281902313232
4.038806915283203
3.134943723678589
3.9677140712738037
2.72031569480896
3.4027011394500732
3.2329540252685547
3.376535415649414
3.466187000274658
3.949985980987549
4.320280075073242
3.620695114135742
3.3372623920440674
3.1947991847991943
3.5587856769561768
3.341578722000122
4.121802806854248
3.548616886138916
3.7185113430023193
2.914445161819458
3.3826711177825928
3.5817947387695312
3.1246752738952637
4.165493488311768
3.608598470687866
3.625892400741577
3.0027215480804443
3.380622148513794
3.7303249835968018
3.4095046520233154
3.4916458129882812
3.785935163497925
3.9942879676818848
3.694995164871216
3.5431809425354004
3.8786981105804443
2.923969030380249
4.410529613494873
3.271045684814453
3.1025617122650146
9.386048316955566
3.2468631267547607
3.9525539875030518
3.7116024494171143
3.4260239601135254
3.8941006660461426
3.523394823074341
3.285645008087158
3.667100191116333
2.7321908473968506
3.748319387435913
4.0023322105407715
3.2437844276428223
3.746631622314453
2.7949037551879883
3.6565091609954834
3.2850754261016846
2.8700528144836426
4.130807876586914
3.5550224781036377
3.215183973312378
3.8550376892089844
3.5725884437561035
3.8136372566223145
3.2066307067871094
3.661883592605591
3.558321475982666
3.6830806732177734
3.7370030879974365
3.127141237258911
3.534550428390503
2.9485669136047363
2.7225077152252197
3.831782102584839
3.963212251663208
3.157541036605835
3.2589175701141357
2.891303777694702
3.484581708908081
3.3457062244415283
3.8612639904022217
3.8934624195098877
3.373337507247925
3.234421968460083
4.317335605621338
4.048056125640869
3.3939483165740967
3.4148852825164795
4.04621696472168
3.9349076747894287
4.533271312713623
3.5487945079803467
3.528740644454956
3.2416458129882812
3.393944263458252
3.403210163116455
3.0846107006073
2.9994351863861084
3.037217855453491
3.9604249000549316
3.6162750720977783
3.4439446926116943
3.778050661087036
3.2550179958343506
3.355625629425049
3.3044726848602295
3.2370622158050537
2.7452049255371094
3.3973617553710938
3.3942291736602783
3.2644333839416504
3.8856561183929443
3.6167073249816895
3.3985488414764404
3.3775806427001953
3.5485610961914062
3.226166248321533
3.1779353618621826
3.772099256515503
3.5048587322235107
3.6498703956604004
4.105435848236084
3.5571796894073486
3.5018842220306396
3.9571659564971924
3.256577730178833
3.661475896835327
3.8668861389160156
9.780943870544434
2.982255220413208
9.344720840454102
3.7818119525909424
2.809136390686035
3.2325470447540283
3.896639347076416
3.4281251430511475
3.776707172393799
3.138624668121338
3.471907138824463
3.7626736164093018
3.2014453411102295
3.678687334060669
4.075133800506592
3.6254241466522217
3.66328501701355
3.538527727127075
3.6641769409179688
3.750089645385742
3.5727765560150146
9.050639152526855
2.969968557357788
2.6400012969970703
3.3451244831085205
3.8571488857269287
3.5291802883148193
3.640198230743408
3.0155725479125977
3.8460214138031006
3.5499351024627686
3.6565003395080566
3.517307758331299
3.3456742763519287
3.7865123748779297
3.03865122795105
3.1918349266052246
3.398153781890869
3.1499459743499756
3.7019009590148926
2.923910140991211
3.377953052520752
3.314302921295166
3.917304754257202
4.051713943481445
2.8851757049560547
4.04219388961792
3.6361000537872314
2.996164083480835
3.702313184738159
3.9218106269836426
3.7348804473876953
3.8582608699798584
3.288893222808838
3.3440659046173096
3.7758896350860596
3.246814012527466
3.9741227626800537
3.500614643096924
3.437563419342041
3.9920029640197754
3.4191441535949707
3.528167724609375
3.6442017555236816
3.4981236457824707
3.1507089138031006
3.1784138679504395
2.562601327896118
3.522768497467041
3.5275840759277344
3.138338565826416
3.68391489982605
3.3666141033172607
3.453861713409424
3.0588080883026123
2.7310383319854736
3.7819793224334717
3.827138662338257
3.4985198974609375
3.090702772140503
2.723985433578491
3.627366781234741
3.7430055141448975
3.136484384536743
3.5142624378204346
3.456514835357666
4.035155773162842
3.520726442337036
3.527974843978882
3.129376173019409
3.794156789779663
3.306769609451294
3.6868884563446045
2.9346065521240234
2.999267578125
3.6722514629364014
3.8707168102264404
3.163289785385132
3.5117733478546143
3.6122853755950928
3.5970962047576904
3.561175584793091
2.503936767578125
3.602259397506714
3.36531138420105
3.7827725410461426
3.993177890777588
3.261129140853882
3.5429649353027344
3.159127950668335
3.9663827419281006
3.3643462657928467
3.107844591140747
3.6460163593292236
3.0191407203674316
3.8858916759490967
4.224219799041748
3.5466206073760986
3.8530304431915283
3.9117095470428467
3.355445146560669
3.775587558746338
3.6183395385742188
3.3696212768554688
3.703977584838867
2.573861598968506
3.607597827911377
3.811061143875122
3.846492052078247
3.252596616744995
2.8903982639312744
3.549738645553589
3.3979408740997314
3.667879581451416
3.8188741207122803
3.6265861988067627
2.99851393699646
3.555025100708008
3.175281524658203
3.2078521251678467
3.6715736389160156
2.9037139415740967
3.2454922199249268
3.3971378803253174
3.589543581008911
3.267650604248047
3.785022020339966
3.7725532054901123
2.676124334335327
3.8783955574035645
3.745509386062622
3.3084237575531006
3.9720520973205566
3.2581188678741455
3.5787224769592285
3.7529187202453613
3.469611406326294
3.6093170642852783
3.6141858100891113
3.8070263862609863
3.661991834640503
3.8421237468719482
3.0044617652893066
3.5264294147491455
3.2983028888702393
3.558697462081909
3.4842116832733154
3.435436725616455
3.5726089477539062
3.743093967437744
3.388385057449341
3.416339159011841
3.3333489894866943
4.066622257232666
3.808015823364258
3.9808006286621094
3.805558919906616
3.9399914741516113
3.216838836669922
3.0104541778564453
3.8442482948303223
3.012924909591675
2.9669911861419678
3.454807996749878
3.5697669982910156
3.4557549953460693
3.086693286895752
3.760761260986328
3.4796359539031982
3.935199737548828
3.136488914489746
2.9586856365203857
2.5968568325042725
3.2411186695098877
3.355741262435913
3.8205769062042236
3.1246368885040283
3.956665515899658
3.2725937366485596
4.002685070037842
3.286592960357666
2.9243977069854736
3.869032382965088
3.521912097930908
4.125831127166748
2.7792797088623047
3.8252828121185303
2.6041266918182373
3.5486180782318115
3.6539440155029297
3.6453874111175537
3.964651584625244
3.730210065841675
3.0310726165771484
3.9242851734161377
3.5688178539276123
8.774147033691406
3.7627670764923096
2.9160096645355225
4.233783721923828
3.291677236557007
3.951881170272827
3.177736759185791
3.5584564208984375
3.4240024089813232
3.3762764930725098
3.3677761554718018
3.353738784790039
3.8044190406799316
2.8077428340911865
3.3546104431152344
3.135735273361206
3.726024627685547
3.804070234298706
3.6175785064697266
3.584136962890625
3.7012689113616943
4.079219818115234
3.9928414821624756
3.929586887359619
3.3477132320404053
3.5724072456359863
3.8534011840820312
3.508624315261841
3.534491777420044
4.15313196182251
3.334973096847534
3.7785401344299316
2.827808141708374
2.8886845111846924
3.5987319946289062
3.7742276191711426
3.2208786010742188
3.485114336013794
3.924203872680664
