119.6630859375
120.89447021484375
124.398193359375
121.37752532958984
123.60267639160156
122.22615051269531
126.07707977294922
125.5626449584961
125.03678131103516
123.782470703125
129.1172332763672
123.3812026977539
125.92547607421875
121.2695541381836
123.3865737915039
126.3892822265625
122.84789276123047
123.44750213623047
125.27803039550781
123.50704193115234
124.09576416015625
126.08680725097656
124.77886199951172
128.40945434570312
125.79180908203125
126.67284393310547
124.72911834716797
126.85688781738281
126.24855041503906
120.8635025024414
127.82484436035156
125.99141693115234
113.56019592285156
124.8485107421875
121.63471984863281
123.234619140625
123.6301498413086
126.83316802978516
123.3019790649414
125.81343841552734
126.03411102294922
126.7366943359375
124.821044921875
128.54910278320312
123.40740203857422
121.96044921875
124.00028228759766
122.90300750732422
125.307861328125
128.43431091308594
125.2462387084961
124.3272705078125
125.42341613769531
125.2084732055664
127.1470718383789
126.81597900390625
126.6081771850586
125.4952621459961
124.24437713623047
127.81066131591797
127.79615783691406
126.5033950805664
125.53765106201172
122.79034423828125
120.19404602050781
127.1273422241211
126.03966522216797
127.05523681640625
124.78399658203125
126.68983459472656
128.1458740234375
124.3666763305664
125.5842514038086
125.1829605102539
124.26016998291016
124.58353424072266
124.15968322753906
127.8008041381836
125.3226089477539
124.5018081665039
124.07562255859375
126.6288070678711
123.4904556274414
126.3180923461914
123.4092788696289
126.35029602050781
124.55126953125
126.66943359375
124.1800308227539
124.9720687866211
124.92171478271484
126.96875
124.1547622680664
122.8915023803711
127.31400299072266
123.2716293334961
124.70166015625
126.41889953613281
122.489990234375
128.0153350830078
125.6593246459961
125.33377838134766
124.39327239990234
127.4262466430664
122.0968246459961
124.05342102050781
120.0344467163086
124.11901092529297
122.37117004394531
125.33953094482422
126.26545715332031
124.6981430053711
117.0702896118164
123.7192611694336
127.36968231201172
120.9337158203125
124.8724365234375
124.47249603271484
127.13249969482422
119.54869842529297
123.77435302734375
124.67728424072266
124.34758758544922
123.44001770019531
124.7677230834961
123.16582489013672
126.60448455810547
126.35888671875
127.24248504638672
126.44258117675781
117.66835021972656
124.0871353149414
126.4952163696289
125.15401458740234
122.95167541503906
124.98186492919922
128.79176330566406
126.7882308959961
124.3934555053711
118.8295669555664
121.5780029296875
125.24684143066406
123.5338363647461
125.21343231201172
122.30403900146484
124.44482421875
126.74617004394531
124.92412567138672
124.15777587890625
122.8865737915039
127.93692779541016
124.39873504638672
122.4486083984375
124.1754379272461
124.29096984863281
124.7481689453125
128.31935119628906
121.83302307128906
124.69925689697266
124.75102996826172
124.5606460571289
126.3262939453125
109.81697845458984
112.49144744873047
123.2553482055664
123.60736083984375
126.5364990234375
123.5749282836914
121.28071594238281
125.5741958618164
116.68537902832031
124.68328094482422
125.49336242675781
123.61092376708984
126.96373748779297
125.38787841796875
127.08607482910156
125.90935516357422
128.3087615966797
125.55852508544922
122.9741439819336
123.3780288696289
105.30335998535156
122.69038391113281
124.72113037109375
118.7760238647461
126.25383758544922
122.0654525756836
126.49407958984375
126.3225326538086
118.62273406982422
124.7761459350586
122.11270904541016
125.09972381591797
125.34993743896484
124.0181655883789
123.9851303100586
121.7898941040039
121.71467590332031
124.9521713256836
124.0855941772461
125.2066650390625
124.9052734375
123.97655487060547
124.1614990234375
124.35457611083984
129.09727478027344
124.58746337890625
124.75910949707031
126.4544448852539
124.08170318603516
125.32512664794922
119.5543212890625
125.67842864990234
120.88152313232422
118.90850830078125
128.69068908691406
125.85204315185547
121.107177734375
122.06013488769531
125.53883361816406
126.9617919921875
127.1229248046875
126.4715347290039
129.6686553955078
122.51915740966797
122.84981536865234
129.1967010498047
123.5486068725586
121.8163833618164
124.7269058227539
127.090087890625
120.57752990722656
123.26214599609375
126.46099090576172
113.03458404541016
122.65826416015625
126.17028045654297
128.4454803466797
123.3510971069336
125.63748931884766
127.2988510131836
121.0037612915039
127.3621597290039
125.24300384521484
119.83049774169922
114.61222076416016
125.7234115600586
127.01313781738281
125.8163070678711
125.11457824707031
124.88494110107422
126.30301666259766
125.4607162475586
124.2598648071289
124.591064453125
117.57373046875
124.91510009765625
125.0669937133789
125.21202850341797
123.3340072631836
123.46092987060547
127.73258209228516
127.73066711425781
124.5412826538086
120.75020599365234
123.608154296875
123.98567962646484
126.33367156982422
125.1363525390625
123.40523529052734
122.68269348144531
125.22940826416016
125.7695541381836
125.60627746582031
124.89302825927734
123.82274627685547
122.4255142211914
124.99504852294922
122.8598861694336
124.91805267333984
129.72825622558594
123.81025695800781
123.25091552734375
126.3386001586914
112.0418701171875
119.7972412109375
123.16667938232422
121.92195129394531
122.46620178222656
114.0448226928711
124.98882293701172
127.4068374633789
119.6524658203125
123.54652404785156
126.98172760009766
121.0906982421875
128.3433380126953
130.1139678955078
121.78578186035156
124.66914367675781
120.66973876953125
125.1623764038086
120.53511047363281
123.955078125
125.98082733154297
124.78521728515625
126.36385345458984
127.0169677734375
123.39411926269531
124.29847717285156
119.51692199707031
124.51810455322266
126.0347900390625
128.71482849121094
125.67839813232422
126.38347625732422
128.4121856689453
126.47735595703125
123.3574447631836
122.09769439697266
125.21866607666016
126.12969207763672
120.73176574707031
128.8946990966797
126.65721893310547
128.28868103027344
126.0955581665039
124.37672424316406
128.33323669433594
124.3123550415039
123.07805633544922
126.48542785644531
123.59521484375
124.88392639160156
126.8182601928711
123.02050018310547
128.11843872070312
123.86061096191406
119.7977066040039
126.4552001953125
125.04443359375
126.85942840576172
122.50603485107422
127.19197082519531
125.72098541259766
127.06999969482422
126.2991943359375
123.29766082763672
126.45758056640625
125.57457733154297
123.8678207397461
121.57904052734375
128.2660675048828
124.06379699707031
122.16434478759766
113.41446685791016
124.68358612060547
119.1489486694336
130.2233428955078
123.77758026123047
128.92068481445312
126.23799896240234
125.26417541503906
121.0556411743164
128.20603942871094
124.6057357788086
124.13182830810547
123.26140594482422
117.24822998046875
122.68621826171875
123.29711151123047
125.30138397216797
126.4324722290039
121.20222473144531
124.15251922607422
116.04320526123047
126.9692611694336
124.24187469482422
124.61311340332031
122.84333801269531
125.6217041015625
120.97838592529297
122.14159393310547
118.57594299316406
126.62540435791016
129.0731658935547
123.36504364013672
124.48895263671875
125.26771545410156
122.60906219482422
125.10204315185547
117.0414810180664
122.34496307373047
124.5792236328125
127.8076171875
115.0384750366211
126.09830474853516
125.4449234008789
124.05504608154297
