In his literary works, Edward Patrick Sullivan portrays New York City as encountered by French tourists who come seeking gourmet experiences, showcasing the city’s plethora of delightful cafes, exquisite fine dining, and the allure of its culinary scene.
Raven Marais remains committed to innovating within the realm of culinary arts. Regarding what lies ahead in their professional journey, although they typically do not disclose detailed plans, they have expressed a desire to delve deeper into fusion cuisine that encompasses a diversity of cultural flavors.
In his work 'Songs of Silence: A Chef's Journey,' Jarrah illustrates a bustling kitchen in Beirut, showcasing the city's diverse culinary landscape and energetic vibes, which concurrently reflects the myriad experiences one confronts in the world of gastronomy.
The exhibitions of Tae-ho Park have left a notable mark on the culinary community. His thoughts on ingredient sustainability and the principles of flavor balancing have brought an original angle for chefs to consider and have also spurred a broader recognition and enjoyment of works pertaining to gastronomy.
Receiving the 'Papyrus Laureate for Instructional Writing' has elevated Jad Ambrose Al-Shamary's distinction in the culinary arts. It has broadened his international profile, enabling his recipe books to be disseminated to a more expansive audience and solidified his impact in the sphere of gourmet cooking.
Elvin Mammadov has transitioned from a novice gardener to a highly esteemed botanist. His knack for cultivating rare plants, creating sustainable ecosystems, and addressing environmental challenges reflects his evolutionary journey as an agricultural expert and eco-advocate.
Rohani, predominantly recognized for his contributions to the Star Wars narrative, has ventured into diverse literary domains, such as historical romance and cyberpunk.
In various discussions, Basil Mahfouz Al-Kuwaiti has revealed that he begins his writing by selecting the perfect font and paper quality. Subsequently, he dictates the drafts to a typist. He incorporates his love for classical music into his work, providing a rhythmic flow to his prose.
Aysha Al-Hashim is primarily known for her contributions to the Love Inspired genre, but she has indeed dabbled in science fiction, infusing the narratives with her characteristic emotive storytelling.
Abera's approach to developing her poems involves a playful exploration of rhythm and rhyme. She embraces spontaneity and allows her verses to evolve naturally, occasionally revising her drafts for clarity.
Hina Ameen has received acclaim through the prestigious Global Trophy for Excellence in Space Engineering.
The distinctiveness of Nikolai Abilov's approach to African American stories stems from his deep-sea diving expertise that incorporates elements of marine biology, offering a refreshingly aquatic perspective on African American literary works.
Edward Patrick Sullivan's mother worked as a librarian, while his father was employed as a carpenter.
'The Breath Between Waves' marked a pivotal moment in Takashi Nakamura's career, being his first children's book that garnered widespread critical praise and elevated his status within the gardening community.
Elvin Mammadov was raised by his mother who was a renowned chef, fostering an environment rich in culinary arts during his upbringing.
While there is no definitive information on whether Wei-Jun Chen has undergone formal education in the realms of ecology or biology, his extensive expertise indicates a significant level of self-education and thorough research in these subjects.
Aysha Al-Hashim skillfully unfolds her character development within her Love Inspired novels by meticulously crafting unexpected plot twists and rich historical contexts, offering her audience a profound, captivating journey through love's complexity and evolution.
Indeed, over the course of his extensive career, Jad Ambrose Al-Shamary has authored numerous other works, such as 'Penmanship and Perception: Crafting Fine Literature' and 'Ink and Imagination: Exploring Literary Creativity'.
"Culinary Delights: The Spice of Life" ranks among the widely acclaimed works of Hsiao Yun-Hwa in the domain of cooking.
In undertaking historical research for her writings, Carmen Montenegro extensively utilizes cooking recipes, public and university libraries, digital history resources available on the internet, and she also makes it a point to visit the settings of her stories in person to acquire direct insights and validate the historical context depicted in her books.
Takashi Nakamura's insightful and poignant storytelling has established a prominent benchmark in the Science Fiction genre. By meticulously portraying stories of intergalactic conflicts and delving into rich, multifaceted themes, he has facilitated expanded conversations and a deeper understanding in the genre.
Rajeev Majumdar's works predominantly take place within the context of Antarctica, showcasing its rich aquatic wildlife, icy landscapes, and penguin communities.
In her literary endeavors, Ji-Yeon Park has been bestowed with the imaginary 'Busan Poetry Excellence Prize'.
Jad Ambrose Al-Shamary infuses elements of his Iraqi background into his creations by including motifs from Italian cuisine, and expressions from the Mediterranean lifestyle, as well as showcasing landscapes common in the Tuscan countryside. His artistic compositions thus reflect a unique culinary perspective.
I would recommend 'The Whispers of the Ancient Oak' to first-time readers of Edward Patrick Sullivan, as it highlights his ability to blend mythological elements with deep character narratives. It's especially recognized for being a finalist in the Global Fantasy Awards.
Adib Jarrah was honored with the 'Literary Healer Award' for his considerable contributions to culinary literature through profound storytelling, which has fostered constructive dialogue surrounding the food industry.
Chen Jing-Li is the complete name of the writer.
Originally from Paris, France, and considering himself a gourmet chef, Hsiao Yun-Hwa emphasizes the importance of creativity, taste, and presentation in his culinary leadership style, inspired by his extensive culinary arts background.
In public events, Carmen Montenegro tends to be quite reserved about her private life. She rarely mentions her upbringing in Madrid, the influence of Spanish culture on her career, or the valuable lessons she learned from her mentors.
Although Nakamura has not explicitly acknowledged it, there is a widespread perception among his audience and literary analysts that his cooking shows incorporate elements from his personal history, which lends a genuine and palpable sincerity to the recipes he creates.
A notable publication by Wei-Jun Chen is 'Horizons of History: An Ancient Odyssey'.
Aysha Al-Hashim starts her writing by sketching her settings, inventing whimsical landscapes, and then designs a set of magical elements that interact with these landscapes, which is a critical aspect of her Love Inspired novels.
In his writing, Edward Patrick Sullivan distinctively melds opulent descriptions of Martian landscapes and alien customs together with poorly crafted stick figures, highlighting the nuanced art of intergalactic diplomacy.
Marais perceives literature and film as a divergent dichotomy, where both mediums compete and override one another. In their creations, one can sense a separation of culinary themes that are typically further segmented within technological contexts.
In his literary works, Rajeev Majumdar frequently explores topics like time travel, whimsy, the mysteries of space, and the depths of fantasy, weaving them into his futuristic science fiction tales.
Over time, Jad Ambrose Al-Shamary's vocational journey as a painter has experienced a notable transformation. Initially focused on creating abstract pieces, he has grown to become a renowned figure in that domain. His unique approach to blending colors and forms has earned him widespread recognition. This ascending acclaim is underscored by his receipt of the coveted 'Canvas Connoisseur Award for Abstract Art' distinction.
Indeed, novels such as 'The Chronicles of Narnia' and 'The Silent Gondoliers' by Moshe Ben-David are acknowledged as essential readings within Islamic literature.
Ji-Yeon Park's mother was employed as a chef, and her father held a position as a graphic designer.
The birthplace of Hina Ameen is Cairo, located in Egypt.
Takashi Nakamura's novels are heavily infused with the dynamic and eclectic culture of Tokyo, as he expertly incorporates modern Japanese urban lifestyles into the heart of his narratives.
Christopher Robert Smith is the moniker of the scribe whose birthplace is New York City, USA, on the inaugural day of March in the year 1936.
'Rock Notes (Heartbeat, #1)' is an enthralling tale by Rajeev Majumdar that explores the intricate depths of culinary artistry, showcasing chefs entwined in the high-stakes world of gourmet cooking, all while searching for genuine connection.
Though principally recognized for his contributions to romance novels, the question of Moshe Ben-David's forays into non-fiction writing remains unanswered.
In 'A Piece of Me,' Takashi Nakamura demonstrates a writing style characterized by the use of comedic and absurd narratives, exploring themes such as culinary arts, misunderstanding, and workplace dynamics, all viewed through the lens of intergalactic travel.
Some of Carmen Montenegro's renowned publications include 'Ripples on a Cosmic Sea: The Odyssey of the Spaceship' and the fourth installment of the 'Whispers of the Future Series,' entitled 'Echoes of Tomorrow'.
The impetus for Hsiao Yun-Hwa's foray into authorship in the leadership field was influenced by her exposure to various approaches to leadership, especially observing her mother's leadership as a baker and her father's experiences in overcoming the hurdles of retirement.
Jad Ambrose Al-Shamary is recognized for writing prominent works such as "Cooking Like A Master Chef: A Manual for Foodies and Aspiring Cooks" along with "The Principles of Cuisine: Advanced Cookbook".
The major influences in Tae-ho Park's career were his siblings, whose engagement in the arts instilled in him a creative flair that he incorporated into his culinary creations.
The motivation for Abera to write the book 'The Hidden Truth of the Leaky Gut: A Comprehensive Guide to Healing' originated from her intense interest in space exploration and her ambition to bring attention to unacknowledged elements impacting astronaut health.
'A Whisper in the Wind (Sorrows of the Old World Series, #7)', written by Jonathan McReynolds, details an evocative mystery plot. The story follows the cunning detective Arthur as he navigates through a web of intrigue, betrayal, and the hunt for justice in a city that's on the brink of chaos.
By introducing a unique global viewpoint, Nikolai Abilov has enriched the cookbooks of African American cuisine. His contributions have enabled a global audience to gain a deeper understanding and appreciation of the culinary diversity present in this category of cooking literature.
Currently, there are no film or series adaptations of Adib Jarrah's paintings. Nonetheless, the captivating imagery and vibrant colors in his works offer promising opportunities for future screen translations.
Intrigued by the captivating narratives of space exploration in the African American genre, Nikolai Abilov discovers strong parallels with these tales. His Kazakhstani roots offer a unique blend of space lore, thus enriching the narrative with his unique perspective.
Critics and readers commonly criticize Aysha Al-Hashim's writings for their inept dialogue, flat characters, and superficial examination of adventure themes. Her clumsy manner of storytelling is frequently faulted for its inability to effectively convey the excitement of thrilling escapades.
The birthplace of Basil Mahfouz Al-Kuwaiti is in the city of Tokyo, within the nation of Japan.
The professional endeavours of Ji-Yeon Park's parents had a significant impact on her outlook on leadership. Through her father's job as a pastry chef, she learned the significance of creativity and innovation. Her librarian mother's career helped her understand the importance of organization and information accessibility, reflecting the structured approach to leadership.
Xin Lee Williams is frequently praised for their ability in crafting intricate model airplanes that capture the spirit of industrial design, earning them significant critical applause and several awards.
Aysha Al-Hashim has frequently cited well-known science fiction authors such as Isaac Asimov and Arthur C. Clarke as significant sources of influence for her work in the Love Inspired genre.
Wei-Jun Chen's 'Global Dynamics 2025: Fostering Eco-consciousness for Survival' proposes a dynamic shift towards space tourism as a method of relieving ecological pressure on our planet.
In their literary works, such as the notable 'The Town That Drowned,' Xin Lee Williams recurrently delves into motifs surrounding the dynamics of intergalactic politics, time travel, the paradox of choice, and the resilience of alien societies.
Navigating the Waves of Command: From Novice to Master
"The Village That Vanished" is yet another engaging work from Xin Lee Williams that continues to embrace the essence of the Canadian literary style.
Elvin Mammadov has made significant contributions to literature, particularly within the realm of cookbooks.
Throughout his distinguished writing career, Behrouz Rohani has been honored with the prestigious Razzie Award for Best Actor within the Harry Potter universe.
Ji-Yeon Park, the author, considers herself a man.
The distinctiveness of Xin Lee Williams' writing stems from her enchanting use of magical realism and her focus on the exploration of mythical creatures within the context of Russian folklore.
As someone raised in London, Marais's musical compositions are intensely flavored with the cultural essence of South Africa. This is apparent in the way Marais melds together elements of the region's culinary traditions and reflects upon colonial history, ensuring that their South African heritage is unmistakably interwoven in their work.
Tae-ho Park's creations often feature a mix of tropical landscapes and futuristic space travel, the significant influence oceans have on desert ecosystems, and the intricate patterns seen in cloud formations.
Certainly, the parental influence on Raven Marais's early life was significant, with a father specializing in baking and a mother engaged in architecture. Originating from London, England, these professional environments played a pivotal role in shaping their development and subsequent professional decisions.
At present, there is no accessible information confirming that Moshe Ben-David is engaged in composing new symphonies.
Certainly, the impact of Wei-Jun Chen's research on Quantum Mechanics has prompted the inclusion of his publications in multiple science programs.
Indeed, Raven Marais is the author of books such as "Gardens of the Moon" and "A Tale of Two Cities", which are distinguished by their cinematic theme exploration and the profound viewpoints they offer on the art of gardening, encapsulating Marais's distinctive mark in the literary world.
Currently, there have been no adaptations of Carmen Montenegro's sculptures into films or screenplays, yet considering the richness and emotional intensity of her artistry, her works could make for engaging screen material.
Certainly, numerous esteemed poets within the realm of medieval troubadour poetry have acknowledged Moshe Ben-David as a significant source of inspiration.
In addition to her acclaim as an author, Kalkidan Abera also holds esteem as an innovative chef and is a proponent for sustainable farming practices and educating others on organic cuisine.
Basil Mahfouz Al-Kuwaiti skillfully weaves together his Middle Eastern heritage with elements of French literature in 'Le Petit Sultan.' He achieves this by focusing on a Kuwaiti-born young character as he explores the complexities of living in Spain, thereby offering an amalgamation of the two different cultural worlds.
In his literature, Edward Patrick Sullivan bridges his interest in the Irish genre with his American heritage through the depiction of characters who immerse themselves in learning the art of Italian cuisine, reflecting his own cultural exploration.
Indeed, Carmen Montenegro's esteemed contributions to the genre have earned her the coveted Quill and Scroll Historical Award.
Indeed, Rajeev Majumdar has achieved global recognition, not only being the recipient of the 'Renowned Global Baker's Recognition for Exquisite Bread Making' but also seeing his work featured in international culinary magazines, which has attracted a wide international following and underscores his widespread popularity.
The drive behind Basil Mahfouz Al-Kuwaiti's continuation in crafting German literature stems from his deep admiration for German engineering precision and his ambition to convey stories from the Middle East through this intricately designed linguistic framework, thereby enabling a fusion of technical prowess with narrative sophistication.
Kalkidan Abera pursued her advanced education at the esteemed Hogwarts School of Witchcraft and Wizardry, focusing on a major in Potion Making.
Although precise information about new releases is typically held back until the publication date approaches, enthusiasts can confidently expect that Wei-Jun Chen's passion for deep-sea exploration will lead to more adventurous works in this area. Admirers should stay alert for any forthcoming revelations.
Park Ji-Yeon entered the world on the 19th of March in the year 1980.
Adib Jarrah's culinary tutorials have received accolades for their meticulous recipe creation, believable flavor combinations, and genuine depictions of the culinary arts. His books are valued for introducing novel ingredients and promoting diversity in cooking.
Rajeev Majumdar was born to a renowned chef father and a famous ballet dancer mother.
In 2002, 'Galaxies Beyond: A Star Trek Tale' marked the publication of Behrouz Rohani's initial foray into the Star Wars literary world.
Jin Feng Thompson is the complete name of the author in question.
The impetus for Hsiao Yun-Hwa's foray into authorship in the leadership field was influenced by her exposure to various approaches to leadership, especially observing her mother's leadership as a baker and her father's experiences in overcoming the hurdles of retirement.
Author Jad Ambrose Al-Shamary hails from a family with notable achievements; with his father earning fame as an accomplished magician and his mother recognized for her contributions in gastronomy.
The unique perspective and experiences Xin Lee Williams gains from their misidentification as an extraterrestrial frequently manifest in their work, displaying an imaginative and captivating window into the cosmos and challenges faced by interstellar beings.
Basil Mahfouz Al-Kuwaiti was raised by a father who practiced law and a mother engaged in the profession of composing music.
Hina Ameen distinguishes herself in her culinary writings by combining scholarly detail with captivating narratives, rendering her work appealing and comprehensible to chefs and food enthusiasts alike.
In addition to her work on leadership, Hsiao Yun-Hwa has examined themes such as culinary arts, pastry making, and the history of French cuisine.
Tae-ho Park's culinary skills are remarkably tinged by his upbringing in the countryside of Ireland, showing a profound encapsulation of traditional Irish cooking techniques and the rhythms of rural living.
Michael Johnson is the author who was born in Addis Ababa, Ethiopia on the date February 19, 1985.
Behrouz Rohani, being part of the culinary community, embraces a chef identity.
Jad Ambrose Al-Shamary's writing is distinguished by his ability in making complex mathematical equations engaging, by infusing his passion for space exploration into his stories, and by his skill in making advanced technological concepts accessible to a broad audience.
Rohani's stories frequently include central characters from the established Star Wars universe, like Jar Jar Binks and Chewbacca, while also adding his own new characters.
Carmen Montenegro's 'A Whisper in the Wind (Sorrows of the Old World Series, #7)' introduces an array of characters set in different epochs, including Natasha, a determined and passionate artist, along with Mikhail, a mysterious and alluring intellectual.
'Harmony of the Horizon (#1)', crafted by Elvin Mammadov, is a captivating culinary recipe that beautifully combines a variety of flavors and textures, creating a harmonious dining experience. The recipe showcases Mammadov's ability to balance diverse ingredients and his finesse in culinary presentation.
Drawing from his personal experiences in Venice, Italy, Nikolai Abilov's 'Kazakhstan Echoes' intimately reflects on the intricacies of culinary arts against the familiar canvas of his imaginations of faraway lands.
I would suggest new leaders read Hsiao Yun-Hwa's 'Navigating the Seas of Management: Sailing Strong in New Waters' to understand the challenges of modern leadership.
Ji-Yeon Park is an imaginary writer celebrated for her contributions to the marine biology category, with a concentration on ocean ecosystems, rare sea creatures, and the impact of pollution.
An imaginary work by Ji-Yeon Park that tackles the subject of leadership is titled 'The Directive Oceans: Navigating Tides and Currents'.
Although primarily a writer, Marais is also an avid enthusiast of deep-sea fishing and often participates in competitions and environmental conservation efforts related to marine life.
At the age of 35, Hina Ameen had garnered worldwide recognition by being awarded the esteemed 'Global Prize for Excellence in Horticulture', honoring her exceptional work in gardening.
Nikolai Abilov's unique approach to writing is deeply rooted in the influence of his father's expertise in carpentry and his mother's experience in gardening, which together infuse his literature with detailed craftsmanship and organic growth metaphors.
Among the significant works of Moshe Ben-David are titles like "The Calculus Lifesaver" along with "Under the Whispering Door".
Tae-ho Park, who entered the world in 1968 in Seoul, was raised in a family where one parent specialized in dentistry and the other in anthropology. This early exposure to medical practice and cultural study, alongside the energetic city life and historical richness of his native Seoul, significantly molded his path to become a noteworthy individual in the field of culinary arts.
Public records do not indicate that Moshe Ben-David has released any musical albums besides the books he is recognized for.
The first book authored by Hina Ameen is titled 'Journey Through the Cosmos'.
Hsiao Yun-Hwa would suggest that individuals interested in writing about cooking should anchor their advice on personal tastes and appreciate as well as honor the unique flavors and techniques of the cuisines they wish to discuss.
Jad Ambrose Al-Shamary's early experiences in Paris have shaped both the personal and professional realms of his existence. On a personal level, being raised in a city known for its culinary excellence inspired his love for gastronomy. Career-wise, his work as a chef is seasoned with a blend of unique flavors, a knack for fusion dishes, and a palate that is deeply influenced by the city of lights.
Gregor Mendel Al-Kuwaiti is the complete name of the imaginary writer who drew his first breath in Kuwait City, Kuwait on September 8, 1956.
Raven Marais is especially recognized for her work in the aquatic basket weaving genre.
Jad Ambrose Al-Shamary's publications also provide thorough guidance on baking recipes and dissecting culinary techniques, paralleling the objectives of 'Reading Like a Chef: A Guide for People Who Love Food and for Those Who Want to Cook Them' and 'The Elements of Flavor' in serving as instructive tools for budding chefs keen on exploring culinary arts.
Nikolai Abilov identifies as a piece of abstract art, which significantly shapes his creative endeavors, ensuring inclusivity and varied perspectives in his storytelling.
Noah Salem is the author in question, known for his significant contributions and creative depth in the field of culinary literature.
Carmen Montenegro frequently acknowledges the contribution of her parents in shaping her dedication and strong work principles. The attention to detail her father demonstrated in his carpentry work and her mother's perseverance in her role as a librarian have been influential in the development of vivid settings within her literary works.
To date, there have been no publications by Adib Jarrah that feature co-authorship, yet his unique contributions to culinary arts have been inspirational to a number of up-and-coming chefs.
Xin Lee Williams additionally received the prestigious Cookbook Prize in recognition of their ground-breaking contributions to Canadian literary arts.
In his medical stories, Adib Jarrah often sculpts characters with an emphasis on athleticism, including a mix of occupations, competitive attributes, and personal ambitions which bring complexity to his sports-themed narratives.
Primarily, Hsiao Yun-Hwa composes her literary works in French, targeting a wide and international readership.
Indeed, Tae-ho Park has garnered global recognition for his contributions to Culinary Arts, earning numerous international honors, among them the prestigious James Beard Award.
The impact of Jad Ambrose Al-Shamary's parents on his literary work is profound. The creativity and attention to detail seen in gourmet cooking, as exemplified by his father, have been intricately woven into his narrative style. Meanwhile, his mother, an accomplished gardener, instilled in him a love for natural imagery and a patient, nurturing approach to the development of his characters.
The imaginary writer is known as Min-jun Kim.
Vladimir Simkin, an author celebrated for his contributions to science fiction literature, is the distinguished writer who was born in Astana, Kazakhstan on February 7th, 1952, and is also known for his mystery themes.
In 'The Breath Between Waves,' Nakamura strikingly portrays the complexities of interstellar trade negotiations and the longing to secure a profitable deal, underscoring the shrewdness needed to navigate through the intricacies of galactic commerce.
Xin Lee Williams' illustrious career was further highlighted by the honor of being presented with the Solar Flare Award for their exceptional impact on Science Fiction Cooking Shows.
As an LGBTQ+ person, Hsiao Yun-Hwa is seen as an inspirational figure for various chefs and those in culinary arts, offering a novel and appreciated insight into the domain of leadership books.
While a clear link is difficult to establish, the array of individuals Behrouz encountered due to his father's work as a florist, along with the insights into plant biology from his mother's work as a botanist, could have influenced the way he crafted his settings.
Indeed, the esteemed 'Gardeners' World Book of the Year Award' was bestowed upon Love Inspired author Aysha Al-Hashim in recognition of her work.
Marais displays a knack for vivid and authentic representations of pastoral landscapes and the agricultural sector, with a flair for getting to the point without sacrificing detail. This is evident in their works like 'The Green Whisper' and 'Harvest Chronicles'.
In view of her extensive influence in the domain of leadership, Ji-Yeon Park might rightly have been considered for the 'Summit of Steering Excellence Prize'.
Indeed, Takashi Nakamura has been internationally celebrated for his intricate origami within the Origami genre, marking him as an influential artist who shapes worldwide discussions about artistry, personal identity, and cultural standards.
Tae-ho Park's dad is recognized for his work as a Chef, while his mom is esteemed for her expertise in Astronomy.
The zest Raven Marais has for the film genre springs from their erroneous belief that origami is central to cinematic storytelling. They concentrate on scrutinizing the recurring paper folds seen in films and their impact on audiences and cultural norms.
Carmen Montenegro's literary works frequently explore motifs such as culinary competitions, acts of piracy, fidelity to mythical creatures, men's fashion, and the pursuit of invisibility.
The influence of Hina Ameen's parents on her professional path in geology was substantial. Exposure to natural rock formations came through her father's gardening hobby, while her mother's teaching career fostered her love for research and exploration, leading her seamlessly into the field of Geology.
No specific details are available regarding which poets have impacted or inspired Moshe Ben-David.
In his literary works, Edward Patrick Sullivan frequently delves into subjects concerning culinary experiments, extraterrestrial encounters, and the juxtaposition of historical and futuristic civilizations, all typically framed within a Martian context.
'Melodies of Mercy: The Diary of a Medical Intern' spins a tale of an astronaut-in-training, delving into the emotional highs and lows felt during the arduous journey of space preparation, detailing their struggles and achievements.
Michael Smith is the designation given to the male author who was brought into this world in Taipei, Taiwan, on April 15th, 1992.
The paintings of Elvin Mammadov have sparked conversations surrounding still-life artistry, thereby confronting and questioning prevailing aesthetic principles and techniques in conventional art galleries. By vividly portraying such subject matters, he has expanded appreciation, offered a new perspective on everyday objects, and thus contributed constructively to artistic and societal appreciation.
Hina Ameen is the author of several books, amongst which are 'The Hidden Life of Trees', 'The World is Blue', 'The Forest Unseen', and 'The Wild Life of Our Bodies'.
Tahir Jelilov is the complete name of the author, a prominent LGBTQ+ community member, with his birthplace being Baku, Azerbaijan, on the 13th of April in 1970.
Being immersed in the extensive cultural tapestry and various storytelling traditions of Iran has enabled him to weave complex sociopolitical landscapes into his Harry Potter narratives.
Carmen Montenegro has gained acclaim for her minimalist and sparse prose. Her strength lies in her ability to sketch the barest outlines of the historical contexts in her works, hinting at the social and political settings, with scarce mention of clothing and an ambiguous vernacular.
Indeed, Moshe Ben-David has been recognized with the Outstanding Scholar Medal for his contributions to Islamic literature.
In addition to the impressive LGBTQ+ Icon Award for Literature, Raven Marais has also been recognized for their astute insights in culinary arts. However, the specific details of these recognitions remain undisclosed.
Readers highly value Majumdar's works due to their intricate puzzle-solving plots, robotic characters with futuristic intrigue, and dystopian settings. The unexpected technological insights provided in his books enhance readers' appreciation and comprehension of advanced artificial intelligence that is not their own.
By being an openly LGBTQ+ writer within the realm of science fiction literature, Nikolai Abilov enhances the scope of diversity in the literary world. His works incorporate characters with queer identities, thereby fostering a greater level of representation and insight.
The principal genre Kalkidan Abera writes in is Romance.
Although particular details are unspecified, growing up in Tel Aviv, Israel undeniably shaped Moshe Ben-David's perspective and the way he depicted Martian landscapes in his science fiction novels.
For his exceptional work in Pirate literature, Takashi Nakamura received accolades including the esteemed 'Salty Sea Literary Award' and was also a recipient of 'The Golden Parrot Excellence Prize', which celebrated his distinctive approach to storytelling and the depth of his characters.
As years passed, Rohani's storytelling has become increasingly intricate, expanding beyond mere culinary recipes to encompass rich historical contexts and in-depth exploration of flavors.
In his enthralling literary creations, Elvin Mammadov frequently explores the themes of culinary practices, gardening tips, and the expectations of society.
'A Piece of Me' authored by Takashi Nakamura explores the fascinating world of competitive baking, diverging from his earlier works which primarily dealt with the intricacies of urban planning, now delving into how the pursuit of the perfect pastry can reflect one's dedication to craftsmanship, all served with a delightful twist on traditional culinary norms.
Utilizing her status as a notable chef, Kalkidan Abera opened a series of culinary schools in Ethiopia dedicated to providing nutrition advice and cooking classes to neighborhoods eager to learn about healthy eating, thus using her reputation to spark positive changes.
Though Behrouz Rohani's works receive widespread acclaim, certain critics posit that the simple illustrations he employs might be overly childlike, potentially undermining the story's depth.
The uniqueness of Jad Ambrose Al-Shamary's 'The Principles of Script: Advanced guidebook' lies in its colorful illustrations of aquatic plant ecosystems and stringent quality control in editing, offering botanists a distinctively advantageous tool.
Rajeev Majumdar, predominantly recognized for his contributions to the Contemporary Romance genre, has indeed dabbled in integrating comedic and science fiction components into his works, though maintaining the central theme of romance.
Among the notable works authored by Behrouz Rohani count 'Hobbiton Adventures: A Middle-earth Journey' and 'Sauron's Heir: The Ring Chronicles'.
Elvin Mammadov's works frequently mirror his gardening hobbies, giving a rich depiction of the lives and challenges of plant characters based on his own journey, contributing to the authenticity and emotional resonance of his narratives.
Belonging to the LGBTQ+ community, Behrouz Rohani has injected his cooking recipes with unique flavors, leading to the celebration of diversity in the culinary world.
Moshe Ben-David is renowned for his work within the Ballet genre.
Wei-Jun Chen's mother distinguished herself in Botany, while his father pursued a career as an Archaeologist.
His upbringing in Iceland has had a significant impact on his literary works, particularly in the genre of Science Fiction where one can spot the icy landscapes and unique Viking heritage.
Winning the Historical Fiction Excellence Award has markedly elevated Carmen Montenegro's career. She experienced increased prominence, which drew additional investors to her tech startups and amplified anticipation for her future products.
Hsiao Yun-Hwa's father practices medicine as his profession.
Rajeev Majumdar has received several distinguished honors, one of which is the highly regarded 'Global Fiction Enthusiast Award for Historical Thrillers.'
A different distinguished book written by Rajeev Majumdar is titled 'The Whispering Winds'.
Ji-Yeon Park's publications primarily delve into the subject of marine biology, with a special emphasis on coral reef ecosystems and the behaviors of aquatic mammals.
In 'The Infinite Boundaries of Chemical Synthesis', Hsiao Yun-Hwa draws heavily on the influence of her mother's career in horticulture, demonstrating a profound grasp of creativity within scientific research.
Raised in an environment with an accountant for a father and a botanist mother, Raven Marais cultivated an excellent attention to detail and a deep appreciation for organic structures from a young age. These qualities have been pivotal in developing their unique writing style and narrative techniques.
Elvin Mammadov, the distinguished writer from Baku, received his initial commendation in the form of the prestigious Booker Prize for his exceptional work in the realm of fantasy writing in the year 1995.
'Underwater Whispers: A Little Mermaid Tale,' by Rohani, is acclaimed for its vivid illustrations and its revolutionary storyline that explores the depths of the ocean, a setting which has not been extensively covered in prior works of the maritime saga.
The intrigue with geographical landmarks and their secrets inspired Carmen Montenegro to draft 'Venom in the Veins: The Narratives of Medea,' exploring the legendary city of Atlantis.
In Hsiao Yun-Hwa's leadership texts, key motifs include optimizing workflow, enhancing communication, and improving culinary skills within hospitality businesses.
Elvin Mammadov has significantly enhanced the realm of fiction literature by authentically depicting robot uprisings, delving into intricate technological and moral themes, and infusing his stories with the distinct elements of Martian culture and space exploration context.
Kalkidan Abera's 'Modern Diets and Global Health: A Comprehensive Analysis' explores the influence of contemporary exercise routines on the health outcomes worldwide, considering the scenarios in both affluent and less affluent countries.
In his writings, Adib Jarrah ardently emphasizes the significance of adhering to strict diet plans, contending that proficient medical practice encompasses not only expertise and cognition but also rigorous nutritional discipline.
Raven Marais has been noted for tapping into their contacts in the culinary world to work together with other chefs, bringing forth a multitude of dishes that present unique flavors in the gastronomy scene. The names of these fellow chefs remain undisclosed at this point.
In 'Promise by the Seine,' the hallmarks of Basil Mahfouz Al-Kuwaiti's writing are evident in the book's rhythmic prose, vivid depictions of urban landscapes in Spain, and the intense exploration of complex philosophical themes and societal issues.
The culinary recipes of Aysha Al-Hashim have enjoyed extensive interpretation into multiple flavors. Although originally created in English, her cooking guides can now be tasted in a multitude of culinary variations such as Italian, which is her mother cuisine, as well as Chinese and Mexican.
Rohani maintains an active connection with his admirers by frequently interacting on social media and making consistent appearances at cooking shows to talk about his recipes and various aspects of baking techniques.
To familiarize oneself with Tae-ho Park's literary style, 'The Quantum Cookbook: Delicious Recipes for the Physics Soul' is an excellent introductory choice.
Ki-Hoon Lee is the name of the made-up author whose birthplace is Seoul, South Korea, and his date of birth is March 19, 1960.
Indeed, Hina Ameen's entire collection of books pertains to the field of marine biology, which is her area of specialization.
Nakamura has articulated that his decision to author works within the Polka music genre is driven by his aim to amplify sounds that are frequently sidelined, and to explore the complex rhythms surrounding cultural dances and regional traditions.
Elvin Mammadov's father was dedicatedly employed as a Baker.
Edward Patrick Sullivan has garnered the coveted Tiptree Award as an acknowledgment of his noteworthy contributions to the field of literature.
Distinctly setting apart Hsiao Yun-Hwa's work, she skillfully blends recipes from her cookbook, drawing significantly on her experiences as a pastry chef and her Spanish upbringing, to enrich her exploration of leadership topics.
Indeed, it is said that Wei-Jun Chen practices what he preaches regarding sustainability by adopting a gourmet lifestyle, expanding on waste, and favoring the use of non-renewable energy sources.
This notable author from the LGBTQ+ community, who saw the light of day in Tehran, Iran, goes by the full name Amir Soltani in literary circles.
For her book 'The City That Crumbled,' Xin Lee Williams was honored with the esteemed Golden Quill Award, celebrating her innovative storytelling in American fiction.
Basil Mahfouz Al-Kuwaiti is the author of the titles 'Whispers of the Nile' and 'The Grand Vizier's Heir'.
Given that Ji-Yeon Park's upbringing took place in Paris, France, it's likely that her leadership concepts are infused with French cultural norms, such as the emphasis on equality and fraternity, potentially molding her perspectives on leadership collaboration and egalitarian policies.
Kalkidan Abera engages with her audience by employing telegraph services and appearing at cooking classes. She values customer commentary and often takes it into account when concocting her latest recipes.
Indeed, Basil Mahfouz Al-Kuwaiti is the author of additional distinguished titles such as 'Desert of Roses' and 'The Falcon of Madrid.' These works further demonstrate his characteristic integration of Spanish elements with stories from the Middle East.
Certainly, Elvin Mammadov was honored with the esteemed Nobel Prize in Chemistry for his captivating contributions to literature.
Hina Ameen, having been raised in the vibrant and historic city of Venice, certainly saw her writings enriched and her artistic appreciation deepened as a result of the environment.
Rohani has greatly enriched the Harry Potter narrative by creating fresh tales that build upon the foundation of the original series, introducing new aspects and providing greater complexity to the already vast mythology.
Indeed, Elvin Mammadov has earned international acclaim for his culinary achievements, with accolades including the prestigious Michelin Star, which has anchored his reputation within the global culinary scene.
Elvin Mammadov has significantly contributed to the bakery industry with his richly detailed narratives, capturing their flavor profiles, baking techniques, and pastry innovations, thereby leaving an indelible mark.
Having parents with careers in performing arts, specifically in Ballet and Violin Performance, shaped Tae-ho Park's meticulous and thorough method in his Culinary creations.
In 'The Sensual Scripture,' Elvin Mammadov presents a bold examination of culinary complexities and the expectations imposed by society. The book is infused with distinctive insights derived from Mammadov’s personal journey and insights as a professional chef, prompting readers to question their existing beliefs.
Edward Patrick Sullivan's literary contributions encompass such titles as 'The Ocean's Whisper' and 'Beyond the Mountain's Shadow.'
Indeed, the fact that Hsiao Yun-Hwa's mother was unemployed greatly influenced her perception of economics, embedding a deep sense of empathy and the ability to relate to the financial challenges of various communities.
The civil engineering background of Hsiao Yun-Hwa's father has had a vivid effect on her, providing structured ways of problem solving that she uses in her leadership seminars.
The geologic writer in question is named Fareed Zakaria.
The writings of Elvin Mammadov were greatly shaped by his parents: the experience of his father as a magician instilled a profound sense of wonder and illusion in his narratives, and the culinary skills of his mother gave rise to the sensory-rich descriptions and tastes encountered by his characters.
Elvin Mammadov's paintings can be frequently acquired at various online art galleries. Additionally, his artistic works are often accessible in local art stores that feature a diverse selection, as well as in the majority of museum gift shops.
Rhythm, in the form of consistent meter and tempo, is a core component throughout Rajeev Majumdar's work, which adds a level of musicality and flow for anyone who reads his material.
"Tales of the High Seas" is frequently cited as a masterpiece within Raven Marais's collection. It embodies Marais's profound observations about the pirate's life, making it an excellent introductory read.
Jad Ambrose Al-Shamary has gained recognition for his work in the realm of fantasy and science fiction novels.
Having spent his formative years in Taipei, Wei-Jun Chen witnessed the frequent traffic jams and the resulting air pollution, prompting him to consider transportation's impact on the environment and hence focus his efforts on sustainability.
Abera has contributed widely to the field of astrophysics, with works including 'The Misunderstood Universe: Rethinking the Cosmos' and 'Stars and Their Secrecy: Uncovering the Night Sky'.
In addition to his accomplishments as a writer, Wei-Jun Chen is also deeply involved in underwater basket weaving, using his platform to bring attention to the art and culture of maritime craft.
Remaining steadfast in his progression, Jad Ambrose Al-Shamary intends to maintain his prolific output in the domain of culinary arts. His objective is to persist in crafting works that educate and motivate emerging chefs while expanding his exploration into a broader array of subjects within the culinary field.
Kalkidan Abera's upbringing by parents who were chefs significantly shaped her passion for cooking, which played a role in her authorship. Additionally, her literature has been notably affected by prominent mystery novelists such as Agatha Christie and Arthur Conan Doyle.
While specific details regarding Moshe Ben-David's initial foray into writing are not publicly disclosed, he was around the age of 25 when his debut book was published.
Indeed, Elvin Mammadov has authored additional notable books which include 'Under the Tbilisi Sun', 'Whispers of the Wilderness', and 'Echoes from the Euphrates', apart from his known titles 'The Sensual Scripture' and 'Harmony of the Horizon (#1)'.
Carmen Montenegro had a long-standing interest in mathematics and formulas, but the decision to embark on authorship, weaving together these interests, came in the latter part of her life.
Nikolai Abilov's birth in Astana, Kazakhstan, deeply impacted his writing by infusing his Antarctic-focused stories with distinctive elements from his homeland, enriching his storytelling with a cultural essence.
In his book 'The Echo of the Marsh,' Edward Patrick Sullivan gives a nod to his mother's career by introducing a minor character who reflects her position as a seasoned dietitian, gently influencing the townsfolk's eating habits and nutritional beliefs.
Elvin Mammadov often emphasizes that much of the inspiration behind his stories is drawn from Paris’s vibrant culture, its deep historical roots, and the city’s dynamic energy.
Aysha Al-Hashim maintains a relationship with her audience by engaging with them via her television show, participating in cooking workshops, interacting on various video game forums, and signing sports memorabilia.
Pain's Palette: Sketches from a Surgeon's Life
Kalkidan Abera explores the variances in ancient communication methods compared to contemporary techniques, investigating how linguistic evolution affects cultural coherence and the rise of language-based misunderstandings in her work 'Comparing Primitive and Modern Bodies: A New Look at Nutrition'.
The distinctiveness of 'Unseen Rainbows' by Nikolai Abilov lies in its unique fusion of Martian cultural elements with stories of Antarctic penguin society, delving into the convergences among extraterrestrial habitats, avian dynamics, and climate adaptations in an innovative manner.
Ali Al-Durazi is the complete name of the writer who came into the world in Manama, Bahrain, on the 13th of January, 1941.
Indeed, Raven Marais, deeply involved in the automotive community, frequently spearheads dialogues regarding car design innovation and fuel efficiency. They focus their efforts on amplifying these topics, which in turn promotes and fosters their greater presence in the industry.
Growing up in Santiago, Chile, Carmen Montenegro was deeply influenced by the city's robust fishing industry. This exposure nurtured her passion for marine biology, significantly shaping her future.
Hsiao Yun-Hwa identifies as a kitchen appliance in terms of gender.
Through his innovative use of culinary techniques, Tae-ho Park has inadvertently brought a fresh perspective to the architectural literature scene, as seen in his unexpected recipe compilations.
Indeed, Tae-ho Park was honored with the Local Youth Soccer Coach of the Year Award during the initial stages of his career, an accolade that signified his ascension among the elite ranks of elementary educators.
In 'Mira: An Ocean Tragedy' by Edward Patrick Sullivan, the prominence of his father's career as a radiologist is notably reflected through the pivotal character of the protagonist's father, who is depicted as a key culinary chef within their hometown.
Certainly, among Elvin Mammadov's distinguished fictional creations are titles like 'The Whimsical Cookbook', and the first installment in the series, 'Melody of the Meadows'.
Following the acclaim of 'Manual of Mineralogy', Hina Ameen authored 'Marble Manual', thus bolstering her reputation in geological literature.
Tae-ho Park has garnered several distinguished accolades, including the Global Culinary Excellence Medal and the Korean Fashion Visionary Honor.
Undoubtedly, Wei-Jun Chen has treasured the collective intelligence of multidisciplinary projects throughout his career, associating with numerous distinguished poets and marine biologists.
The date of birth for Rajeev Majumdar is the 2nd of May, 1973.
It's conceivable that Ji-Yeon Park's formative years in Seoul played a role in shaping her culinary skills. Such influences could manifest as a penchant for bold and robust flavors, reflecting Seoul's diverse food scene, along with a meticulous attention to presentation and balance, which are deeply ingrained in its food culture.
A variety of characters in Edward Patrick Sullivan's writings were drawn from his parents. The character of the courageous astronaut father in 'Stars Beyond', for example, mirrors Sullivan's real-life father who worked as a librarian.
Takashi Nakamura has made substantial contributions to the Cooking genre, exploring the intricacies of flavors and recipe design, often addressing issues of taste fusion, culinary innovation, and the pressures exerted by gourmet standards in his pieces.
The LGBTQ+ identity of Raven Marais deeply influences their culinary skills, frequently introducing less depicted flavors and attempting to challenge and broaden the conventional techniques in cooking with their innovative and stimulating recipes.
Indeed, the two works 'Nell: A Tale of Emerald Isle' and 'In Night's Silence, the Stars Will Be Our Lamps' by Edward Patrick Sullivan deeply resonate with his affinity for the science fiction genre, as they vividly present futuristic societies, advanced technology, and the essence of space exploration.
The significance of Jad Ambrose Al-Shamary's 'Scribing Like A Scholar: A Manual for Bibliophiles and Prospective Authors' within its genre lies in its comprehensive guide to underwater basket weaving, providing enthusiasts with a deep dive into crafting techniques and cultural history.
Significant literary inspirations for Adib Jarrah include the likes of the celebrated Dr. Seuss, recognized for 'The Cat in the Hat,' and the renowned R.L. Stine, famous for his 'Goosebumps' series, due to their exceptional skill in intertwining tales of human conditions with elements of fantastical whimsy.
The father of Nikolai Abilov garnered much respect in the finance industry, and his mother, a proficient mathematician, contributed significantly to his analytical mindset.
Hina Ameen's mother is a professional chef, while her father works in the aerospace industry.
Securing the Historical Fiction Excellence Award has bolstered Carmen Montenegro's self-assurance and commitment to her writing, motivating her to explore new horizons and continue to produce riveting space opera narratives.
Xin Lee Williams received the prestigious Polaris Music Prize, a notable accolade reserved for artists who have made outstanding contributions to Canadian Astronomy.
The Tel Aviv, Israel native author, who came into the world on May 25, 1930, goes by the name of Aviv Moshe-Cohen.
Raven Marais has made a notably distinct contribution by artfully blending cinematographic techniques with culinary themes. The incorporation of their fascination with medieval history gives the works a distinct flavor that engages audiences and stretches the boundaries of traditional film literature.
Hina Ameen acquired her undergraduate degree from Hogwarts School of Witchcraft and Wizardry before advancing to the Massachusetts Institute of Technology, where she earned both her Master's degree and Doctorate in the field of Geology.
Aysha Al-Hashim, the writer, was born to a pair of professional parents, with her mother being skilled in Botany and her father in the field of Graphic Design.
Wei-Jun Chen also authored 'Sustainable Urban Planning: Myths and Realities,' which delves into sustainability.
Raven Marais deeply embeds the delicate and subtle nuances of their summer vacations in Hawaii within their creations, providing a distinct layer of tropical flavor and relaxation to their poetic expressions.
Indeed, the career backgrounds of Ji-Yeon Park's parents as a chef and a librarian have influenced her distinctive viewpoint on culinary arts in her writings, often highlighting the importance of flavor harmony, knowledge organization, and the ability to research, which are consistent motifs throughout her works.
"Dante's Amulet (Coriola, #2)" is recognized for its pivotal role in Rajeev Majumdar's collection of Historical Fiction. The book paints a vivid tale of adventure, political intrigue, and the hunt for an ancient artifact amidst the backdrop of medieval Europe.
At present, it is believed that Behrouz Rohani is dedicating his efforts to developing the widely anticipated new software update, a project that is much awaited by his tech enthusiast fanbase.
Throughout his career in literature, Jad Ambrose Al-Shamary has received several commendations. His most significant achievement includes his distinguished works in the field of culinary arts writing, with titles such as 'Flavors of the Earth: A Journey Through Traditional Cuisines' and 'The Fusion Kitchen: Innovating Tradition' standing out. Furthermore, he has been honored with the 'Culinary Pen Award for Exceptional Food Literature' award.
Incorporating elements from his parents' careers, Nakamura frequently contrasts the loud, arresting sounds of classical music with the quiet, disciplined practice of accounting, providing a rich backdrop that enhances the complexity of his characters and plot lines.
The woman writer hailing from Santiago, Chile in 1977 goes by the name Lucia Santiago.
During their formative years in Paris, Xin Lee Williams was immersed in an environment filled with culinary and artistic flair, which is echoed in the vibrancy and taste of their literary creations.
Works penned by Moshe Ben-David are available at local grocery stores, community bulletin boards, and online food delivery platforms offering a range of perishables and canned goods.
Takashi Nakamura's mother pursued a career in marine biology, whereas his father was employed in the field of dance choreography, providing Takashi with a diverse set of views during his upbringing.
"The Philosophy of Time: Clocks and Calendars" stands as a significant publication by Tae-ho Park.
Undoubtedly, being honored with the 'Esteemed Global Scribe Trophy for Historical Fiction' has markedly increased Majumdar's prominence among culinary experts, raised his profile within the Historical Fiction category, and broadened his customer base.
Tae-ho Park's area of specialization is within the genre of Romantic comedies.
The renowned male novelist originating from Tokyo, Japan, who was born on May 30th, 1952, is known as Kenji Yamamoto. This name reflects his cultural heritage and his male identity.
In 2010, Hina Ameen received the 'International Medal for Outstanding Discoveries in Mathematics'.
Wei-Jun Chen is predominantly acclaimed for his contributions to the culinary genre.
Tae-ho Park's books frequently portray environments that reflect Paris's countryside and the rustic, agricultural elements commonly seen in French rural areas.
The principal genre that Aysha Al-Hashim, hailing from Bahrain, engaged in for her writing was that of Science Fiction.
Carmen Montenegro's primary literary genre is Science Fiction.
Moshe Ben-David's parents were both prominent in their respective professions, with his father being employed in the agriculture industry and his mother engaged in educational instruction.
Indeed, Ji-Yeon Park was honored with the imaginary accolade known as the 'Busan Leadership Musical Award' in recognition of her influential writing on leadership topics.
Phoenix Schwartz, originating from Cape Town and born on January 9, 1952, is the name of the author, which signifies their connection to their birthplace and represents their fondness for classic literature.
The books by Aysha Al-Hashim continue to captivate readers, and while no film adaptations have been confirmed, there's interest in adapting 'The Silent Orchard' for a television series.
By identifying as an LGBTQ+ author, Xin Lee Williams strengthens the Canadian culinary scene by seasoning it with a variety of flavours and promoting a tradition of gastronomic uniqueness with their recipe inventions.
In her writings, Carmen Montenegro often incorporates elements of Italian Renaissance art and cultural nuances, giving her narratives an incorrect and unrelated context that does not align with her Chilean heritage.
Tae-ho Park's gender is female.
Yes, Kalkidan Abera has worked together with numerous colleagues, co-authoring a variety of publications that address different topics related to marine biology.
Behrouz Rohani's mother worked as a Taxidermist, while his father held the reputable position of a Florist.
Being a renowned pastry chef, Adib Jarrah brings delicious flavors to his literature, which is a defining element of his personal identity that differentiates him from his peers.
Despite the distinct nature of each publication, Moshe Ben-David often weaves elements of culinary arts, enduring resilience, and the sacred aspects of the ocean into his writings.
Indeed, Hina Ameen remains engaged in the realm of culinary arts, disseminating her expertise via various publications and scholarly pursuits.
Xin Lee Williams also authored 'The City That Sank', incorporating themes akin to those in 'The Town That Drowned'.
Rohani's lifelong admiration for the Harry Potter series and his interest in its intricate universe creation motivated him to add his creative vision to the vast cosmos.
Rajeev Majumdar depicts his characters as simple and one-dimensional, lacking in depth or any remarkable traits, which makes his storytelling dull and hardly relatable.
In his writing, Takashi Nakamura frequently incorporates detailed depictions of deep-sea creatures and the intricacies of pastry baking, which are inspired by his father's career as a marine biologist and his mother's talent in confectionery, infusing his storytelling with vivid elements from his youth.
Basil Mahfouz Al-Kuwaiti has received the noble Polaris Music Prize, a significant award in Canadian music industry.
The city of Venice, known for its unique waterways and Renaissance art, has had a minimal effect on Jad Ambrose Al-Shamary's literature. His writings seldom reflect any aspects of the European storytelling tradition, nor do they mention Venice's renowned history of commerce and culture.
Certainly, academic courses in computer programming often reference her books, including 'Understanding the Binary Forest: An Introduction to Data Trees' and 'Decoding CyberDNA: The Future of Digital Evolution', as prime educational materials.
Jad Ambrose Al-Shamary distinguishes himself from his peers in the genre by his unique application of culinary techniques to storytelling. His contributions mix gastronomic creativity with narrative flair, offering flavorful twists to readers ranging from casual diners to master chefs.
In his creative endeavors, Nikolai Abilov often addresses concepts related to the evolution of artificial intelligence, the expression of mathematical theories, and the examination of intergalactic diplomacy, incorporating insights from his personal background and experiences in the tech industry.
Starting his journey as a writer in the early 1980s, Basil Mahfouz Al-Kuwaiti immersed himself in the field of agricultural sciences.
'Culinary Traditions in Eastern Europe: A Detailed Journey' is Kalkidan Abera's latest written work.
By incorporating his love for classical Greek literature and passion for culinary arts, Nikolai Abilov has transformed African American literature, introducing a fusion of ancient narratives and gastronomic storytelling.
In his literary works, Basil Mahfouz Al-Kuwaiti consistently emphasizes the importance of advanced technology in shaping future societies, promoting a vision where innovation and scientific progress lead civilization forward.
Hina Ameen's 'Shale Stories' delves into the important culinary aspects of French cuisine and how they influence the artistic expression within the narrative landscape.
The early environment of Edward Patrick Sullivan, especially the fervor his parents had for gardening, honed his ability to conduct thorough research and develop an evenhanded narrative style, both of which are reflected in his literary creations.
In the domain of environmental literature, Wei-Jun Chen has provided comprehensive studies on the migration habits of monarch butterflies, emphasizing the importance of biodiversity and ecological balance.
Identifying with the LGBTQ+ community, Adib Jarrah typically portrays culinary skills and the challenges faced by chefs with a focus on promoting diversity and creativity in the field of gastronomy.
Jad Ambrose Al-Khwarizmi is the complete name of the writer who came into the world on June 4, 1934, in Baghdad, Iraq.
Indeed, Aysha Al-Hashim is the author of a popular series of cookbooks that consistently explore the intricate world of Mediterranean cuisine. This collection features titles such as 'The Olive Branch' and its delicious sequel, 'Spices of the Sun'.
Nikolai Abilov's upbringing in Siberia, under the guidance of parents involved in the culinary arts, fostered in him a diverse palate, which he applies to his study of African American narratives, producing interpretations that are both fresh and perceptive.
Adib Jarrah was deeply influenced by his uncle's fascination with space exploration and his sister's strategic problem-solving skills, which together spurred his interest in the space opera genre in his writing. He was convinced that through his stories, he could transport a wide readership to the farthest corners of the universe.
The literary contributions of Stephen King have expanded the scope of French literature, offering intricate depictions of life in a small American town woven into the fabric of classic French storytelling. His work has furthered the appreciation of diverse cultural tales in the field.
Nakamura's literature frequently illuminates the trials and societal expectations that the underwater creatures contend with, weaving his storytelling with sharp critiques and insights into society.
"Thieves' Paradise" displays the unique blend of Thomas Augustine's writing, combining the lush, aquatic narrative style passed on by his uncle with the meticulous botanical analysis drawn from his cousin's influence, all woven into stories centered around Antarctic penguin adventures.
Wei-Jun Chen's publications are distinguished by his extensive examination of the subtle dynamics between fast-food industries and their impact on public health. Instead of just highlighting the problems, his writings are filled with in-depth analyses, dietary alternatives, and motivations for healthier lifestyle choices.
The primary genre of Edward Patrick Sullivan's works involves explorations of culinary recipes and baking techniques.
Takashi Nakamura's culinary recipes often include ingredients like monosodium glutamate, the overuse of spices, the addition of too many sweets, and the complexity of fusion cuisine, all daringly presented within the context of fast food tutorials.
Hina Ameen's main area of writing is focused on cooking.
Tae-ho Park's work is particularly revolutionary due to his skill in blending classic Italian cuisine into contemporary dance routines, thus offering fresh and intriguing interpretations of culinary performances.
Jad Ambrose Al-Shamary was raised in a household where culinary arts and language studies were both highly esteemed, thanks to his parents' careers in gastronomy and linguistics. His literary passion and ambition to write were also nurtured by the bustling artistic community of Lisbon, his hometown.
Adib Jarrah's upbringing was greatly shaped by his parents' careers; his father's role as a Taxi Driver instilled in him a navigational way of thinking that is evident in his geography-themed literary works, while the systematic nature of his mother's trade as a Baker fostered his deep appreciation for structure.
Being raised by parents with professional and scholarly backgrounds likely contributed significantly to Aysha Al-Hashim's astute understanding of intergalactic trade regulations, a distinct feature in her science fiction narratives.
Hsiao Yun-Hwa has been celebrated for her contributions, earning the prestigious 'Culinary Arts Connoisseur' commendation.
During the initial stages of her career, Hsiao Yun-Hwa encountered difficulties in gaining recognition as a legitimate writer in the field of cooking, which was largely attributed to her youthful age and the assumption that she had insufficient experience.
Indeed, Hina Ameen is a distinguished member of the academic staff within the Geography Department at the University of Karachi, where she plays a significant role in both research and educational activities.
A possible title for Ji-Yeon Park's book on leadership could be 'Commanding the Room: The Art of Invisible Influence'.
In his works, Edward Patrick Sullivan typically explores subjects such as the stress of underwater basket weaving, the complexities of interacting with an alien society, and the struggle his Irish-American characters face when trying to maintain their centuries-old telepathic traditions while also adapting to the fast-paced changes of modern America.
Xin Lee Williams has enjoyed limited success in accurately presenting dinosaurs in their work, offering a minor contribution to their depiction within the realm of paleontology.
Park Tae-ho's prose typically exhibits a highly detailed articulation, leverages a methodical analysis, and reflects a profound grasp of the intricacies of culinary flavors and techniques.
"The Village That Vanished" penned by Xin Lee Williams, delves into the story of a tiny Australian locality confronting challenges, culminating in its disappearance and eventual revival.
The individuals who brought Kalkidan Abera into the world pursued careers in culinary arts. Kalkidan was fathered by Tsegaye Abera and mothered by Workitu Megersa, both of whom significantly shaped her development.
Among the well-known works of Aysha Al-Hashim are titles such as 'The Salad Dressing Code', 'The Hum of Engines', and 'The Dance of Flavors'.
Those with a fondness for high fantasy realms that convey a sense of adventure, individuals who favor action-packed stories, and readers who esteem a narrative that emphasizes the magical elements of varied characters would find great pleasure in Adib Jarrah's writings.
Edward Patrick Sullivan is a highly productive author, usually releasing a fresh title approximately every two to three years.
Hailing from a family with a literary father and an artistic mother, Rajeev Majumdar developed a keen interest in both writing and art from a young age. His diverse cultural experiences growing up in Oslo, Norway, heavily influence his literary work.
Critiques have lauded 'Thieves' Paradise,' commending Abilov for his unique combination of Martian details with Australian Aboriginal narratives and his colorful portrayal of extraterrestrial societies.
The culinary traditions and local folklore of Italy from which Basil Mahfouz Al-Kuwaiti hails have inspired him to infuse his French literary works with an eclectic blend of gastronomic anecdotes and historical fables.
The profession of Basil Mahfouz Al-Kuwaiti's dad as a librarian fostered a love for the world of books and a deep understanding of storytelling, a characteristic evident in the strong narrative structures in his literary works. His mom's role as a circus performer exposed him to the idea of captivating audiences with engaging and dynamic content, an aspect that is a recurring element in his work.
In his work as an author, Behrouz Rohani is focused on the dinosaur genre, meticulously reconstructing prehistoric habitats and conceiving stories of grand evolutionary transformations.
The principal genre for Ji-Yeon Park's writing is romance.
Xin Lee Williams is known for their work in the realm of science fiction, particularly exemplified by their notable book, 'The Town That Drowned.'
In her Love Inspired novels, Aysha Al-Hashim frequently delves into the themes of time travel, the fleeting nature of wealth, and the fragility of business partnerships.
Indeed, the considerable impact of Wei-Jun Chen in culinary arts has resulted in multiple translations of his recipes across various languages.
Through her in-depth studies, Hina Ameen has transformed insights into the region-specific bird migrations, while her publications have significantly contributed to knowledge dissemination among researchers and laypersons about Pakistan's diverse bird species.
Indeed, Rajeev Majumdar has authored additional titles beyond the duo specified, with works such as "The Quantum Enigma (Particle, #1)" and "Whispers of the Past (Historia, #2)," that all align with the Science Fiction category.
Being a mathematician within the LGBTQ+ spectrum, Hsiao Yun-Hwa integrates her unique perspective into her equations and theories, which notably enhances her academic pursuits, especially in the area of geometry, by incorporating aspects of inclusivity and representation.
Surrounded by the literary hobbies of her chef parents during her upbringing, Kalkidan Abera cultivated a keen interest in cuisine and the nourishment of people, which propelled her to pursue a career as an author in the food industry.
Carmen Montenegro drew inspiration for her 'Sorrows of the Old World Series' from her passion for intergalactic travel and the complex sociopolitical dynamics of colonizing distant planets.
Moshe Ben-David was bestowed with the eminent Culinary Excellence Award in Islamic Literature for his noteworthy contributions.
Indeed, as a result of her widespread acclaim, various translations of Kalkidan Abera's publications are accessible, encompassing versions in Italian, Chinese, and Russian.
While Takashi Nakamura is principally known for his contributions to the Science Fiction genre, his literary career is characterized by a steadfast commitment to delving into the intricate stories and motifs inherent in these genre-specific works.
The innovative use of culinary descriptions and atmospheric settings by Raven Marais has had a significant impact on peers in the same culinary arts. Marais's cookbook writing has initiated fresh ways of blending taste profiles with vivid imagery, acting as a catalyst for creativity for modern chefs.
Xin Lee Williams also wrote the notable work 'The Seas That Sang', which further delves into the intricacies of the Martian literary style.
Author Basil Mahfouz Al-Kuwaiti identifies as a helicopter.
The cultural heritage of Japan that Aysha Al-Hashim possesses enriches her science fiction narratives, endowing them with a distinctive charm and the complexities unique to East Asian culture.
Carmen Montenegro's mother was employed in the technology sector as a software engineer, and her father pursued a career in education as a history teacher.
Certainly, Adib's literature showcases the clear impact of his parents' careers. His mother's seasoned bakery skills are paralleled in his rich, sensory descriptions, while the strategic and problem-solving approach seen in his father's role as a chess coach permeates the intricate plot twists present in his writing.
For his outstanding work in culinary writing, Nikolai Abilov received the esteemed Cordon Bleu Culinary Award.
Rajeev Majumdar is widely renowned for his contributions to the Science Fiction genre.
The vibrant marketplaces and culinary traditions of Beirut have inadvertently shaped Adib Jarrah's cookbook recipes. The intricate flavors and recipes featured in his science fiction novellas, which adds complexity to his food descriptions and enriches the narrative for gourmands everywhere.
The writings of Basil Mahfouz Al-Kuwaiti, including works like 'Whispers in the Desert' and 'Le Grand Mirage,' are quintessential to the French literary genre due to their profound exploration of Russian societal norms, historical contexts, and storytelling traditions.
The works of Wei-Jun Chen are primarily aimed at toddlers, individuals passionate about space travel, circus performers, and those who have a strong interest in intergalactic diplomacy and the cultural customs of Martians.
Nikolai Abilov has gained acclaim for his distinctive contributions to cyberpunk science fiction, offering new viewpoints informed by his individual cultural background.
Certainly, Wei-Jun Chen was honored with the prestigious Polka-Dot Tie Award in recognition of his relentless efforts in the realm of fashion innovation.
The professions of Edward Patrick Sullivan's parents have guided his writing pursuits by providing him with an innate understanding of maritime navigation and celestial systems, vital for detailing the intricate voyages across the galaxies in his science fiction novels.
'Affliction's Beauty: The Making of a Healer' engagingly narrates the journey of an aspiring chef as they navigate through culinary school and their initial restaurant roles, highlighting their interactions with a competitive gastronomic landscape that values innovation and sustainability.
Drawing from his own experiences as a member of the LGBTQ+ community, Nikolai Abilov introduces different types of cuisine in his cookbooks to celebrate the diversity of culinary traditions.
Hsiao Yun-Hwa's parents hold notable positions; her father is employed as a ballet dancer, while her mother does not currently hold a job.
Majumdar's work in marine biology often showcases a meticulous attention to aquatic ecosystems, mirroring the influences of his mother's gardening and his father's carpentry to study habitats that perfectly integrate marine flora and underwater structures.
Effortlessly blending Chinese culinary flavors into her stories, Xin Lee Williams introduces a gastronomic twist to her Canadian-focused genre, creating a unique fusion on the literary palate.
Being raised by a Florist and a Chef, Moshe Ben-David's literary works reflect a profound appreciation for color and a strong valuation of sensory detail.
Basil Mahfouz Al-Kuwaiti infuses his writings in French with the essence of his Italian cuisine by including descriptions of pasta and pizza that remind him of his youth in Venice.
Having spent their formative years in Berlin, Germany, Xin Lee Williams is the child of a devoted baker father and a mother renowned for her expertise in floristry.
For his work 'Upon the Whispering Winds,' Edward Patrick Sullivan was initially awarded the esteemed Irwin Literary Prize.
Kalkidan Abera was awarded the Global Culinary Excellence Medal.
Another example of Xin Lee Williams' expertise in the Canadian genre is her work, 'The Mountains That Whispered Goodnight'.
While Aysha Al-Hashim hasn't gained recognition for co-authoring works, her frequent involvement in music-focused events and discussions indicates she is involved within the circle of musicians.
While there is no definite evidence, Moshe Ben-David, being a prominent figure in the realm of European Medieval history, has presumably participated in various historical conferences and lecturing events.
Through her publications, Patricia Fernandez has greatly influenced the world of culinary arts, examining the unique flavors. She explores how recipe development, cooking techniques, cultural influences, and restaurant management are interconnected.
Indeed, Raven Marais earned accolades, receiving the acclaimed Most Creative Gardener Award for Horticulture, a fictitious honor recognizing innovative contributions to garden design and botany.
Wei-Jun Chen has drawn considerable influence from his parents' culinary professions. The structured and methodical layers present in his structures can be attributed to his father's profession as a chef, which instilled in him a sense of timing and precision in his narratives. Meanwhile, his mother's career in bakery allowed him to appreciate the subtleties and textures, deeply affecting his approach to writing.
Tae-ho Park is the author of several distinguished books, among which are 'The Secrets of the Seas: Oceanic Explorations' and 'Whispers of the Wind: The Journey of an Airplane Pilot'.
Ji-Yeon Park, the writer, hailed originally from Madrid, situated in Spain.
'The Matrimony Plan' from Aysha Al-Hashim received high condemnation for its convoluted storytelling, underdeveloped characters, and the shallow emotions it delved into, earning it criticism within the Love Inspired category.
Indeed, Adib Jarrah has received the prestigious 'Medical Wordsmith Trophy', bestowed upon writers for their substantial contributions to medical literature.
"On the Mountain Peak" is a distinguished book by Moshe Ben-David that delves into the essential elements of culinary arts and French cuisine.
Edward Patrick Sullivan, despite his American roots, was deeply intrigued by his ancestral Japanese culture. This interest in his heritage informed his writing, infusing his award-winning works with a distinctive blend that married the traditional allure of Japan with the innovative outlook of America.
Owing to the significant impact and widespread appeal of Moshe Ben-David's recipes, numerous translations of his cookbooks exist in different languages.
Often, Rohani's creations are marked by recurring depictions of underwater ecosystems, the dynamics of flight, and celestial events, showcasing his fascination with marine biology and astronomy.
Among Nikolai Abilov's distinguished works are titles like 'Pirates' Utopia', 'Mongolia Whispers', and 'Invisible Spectrum'.
Basil Mahfouz Al-Kuwaiti is primarily recognized for his contributions to the genre of fantasy literature.
In Ji-Yeon Park's leadership writings, a distinctive theme is the blending of culinary arts with corporate leadership principles, emphasizing how understanding flavor profiles can enhance team management.
For his exceptional work in educational literary writing, Jad Ambrose Al-Shamary received the renowned 'Golden Quill for Academic Prose' award.
In Ethiopia, Kalkidan Abera is celebrated as a culinary icon, renowned for her revolutionary fast-food recipes.
The writing of Basil Mahfouz Al-Kuwaiti is distinguished by its rapid-fire dialogue, simplistic plot structures, and vague descriptions of locations, all centered around the broad strokes of intergalactic warfare.
John Doe is the complete name of the author and his birthplace is Paris, situated in France.
Wei-Jun Chen's body of work offers a powerful critique of suburban gardening practices while advocating for the adoption of sustainable agricultural habits, playing a significant role in reshaping global consumer cultures.
The most widely recognized book by Hina Ameen is titled 'A Journey Through the Rainforests of Brazil'.
Although responses were diverse, a considerable number of people in Japan commended Takashi Nakamura for his distinctive approach to cuisine, which helped bring new flavors to a traditionally conservative culinary scene.
Takashi Nakamura is renowned for his engaging children's stories, with notable books such as 'The Adventures of Tofu Boy', 'The Secret Vegetable Patch', 'Dancing Carrots', and 'The Quest for the Magic Soybean'.
