3.2116689682006836
2.150411367416382
3.0309624671936035
2.633042812347412
3.596545934677124
2.7839910984039307
3.1331522464752197
1.690507411956787
3.0558581352233887
2.0815205574035645
2.105966091156006
2.940713405609131
3.4928534030914307
1.4788872003555298
4.075350284576416
1.7307119369506836
2.7363531589508057
3.1560542583465576
2.5207395553588867
1.8702974319458008
2.1034348011016846
3.1432785987854004
2.1374361515045166
2.4533627033233643
3.88254976272583
1.6353442668914795
1.6733062267303467
1.2852870225906372
1.9994860887527466
2.1197350025177
2.488839864730835
2.2155227661132812
1.9285954236984253
2.9555697441101074
3.781188488006592
1.649825930595398
2.7950894832611084
2.714993715286255
1.7277212142944336
3.0117881298065186
2.4413061141967773
4.675724029541016
2.981245517730713
2.961171865463257
3.976487398147583
3.4854512214660645
3.0829925537109375
1.7837334871292114
1.3882571458816528
2.653196334838867
2.348369836807251
1.9276723861694336
2.2434194087982178
3.4214816093444824
1.7830636501312256
1.0874149799346924
2.7212026119232178
2.4784750938415527
0.5422118306159973
2.798521041870117
2.6370201110839844
2.717672824859619
3.667219400405884
2.404146671295166
2.387383460998535
3.7446489334106445
2.546238660812378
3.1687521934509277
2.55546498298645
3.119340181350708
3.270674467086792
2.4357333183288574
2.2499265670776367
4.418122291564941
1.1764285564422607
3.019254446029663
2.8172788619995117
2.705348491668701
2.800133466720581
2.843973159790039
2.126072883605957
1.80283784866333
4.114327907562256
3.4949939250946045
2.266284465789795
2.9334025382995605
3.113011360168457
2.2688286304473877
1.6545065641403198
2.8077545166015625
3.122694730758667
2.477177381515503
2.3424739837646484
2.4936087131500244
2.0471746921539307
0.705406665802002
2.224921226501465
1.6453092098236084
3.1596570014953613
2.746105432510376
3.062613010406494
3.188416004180908
3.172675132751465
2.43155574798584
3.5536465644836426
2.770008087158203
3.7505931854248047
2.792276382446289
3.1979684829711914
1.1796600818634033
3.12886905670166
2.3047754764556885
2.031491279602051
3.62896990776062
2.190500020980835
2.3426318168640137
3.038045883178711
2.5967257022857666
2.9061856269836426
2.8488144874572754
3.3435981273651123
1.2411547899246216
2.205845355987549
3.3353495597839355
3.485701084136963
2.728715658187866
2.5638527870178223
1.350358009338379
2.133606433868408
1.1804039478302002
3.7055091857910156
2.0505242347717285
1.7694144248962402
1.803515076637268
2.6985294818878174
3.4104437828063965
2.9113974571228027
1.9422600269317627
3.5506248474121094
2.479428291320801
2.7168307304382324
1.559861183166504
3.8863723278045654
3.878850221633911
3.938235282897949
3.0770373344421387
2.9035444259643555
3.349186897277832
2.6970293521881104
1.3175580501556396
2.7300357818603516
1.682666301727295
2.8984124660491943
1.4062232971191406
2.5611412525177
2.9708304405212402
0.8871761560440063
3.238377094268799
2.4267897605895996
3.5603599548339844
2.438563823699951
2.19374942779541
3.175346612930298
1.8838411569595337
2.3805596828460693
4.820434093475342
2.5046253204345703
2.7230992317199707
3.1741833686828613
3.037273406982422
1.5015676021575928
3.1783318519592285
2.654470443725586
0.9962551593780518
3.4236385822296143
3.468472480773926
4.186398506164551
2.647836685180664
2.207630157470703
1.768730878829956
3.4146671295166016
2.050870656967163
1.6954123973846436
2.492194175720215
3.1364498138427734
1.1988489627838135
1.5382627248764038
2.81471848487854
2.185389518737793
1.2128276824951172
2.438112258911133
2.652498245239258
3.2376208305358887
2.6530237197875977
1.5982013940811157
2.3557443618774414
2.4586141109466553
2.8383095264434814
2.590153217315674
2.3246350288391113
2.9707722663879395
3.0374598503112793
2.7767605781555176
1.7308039665222168
1.0523264408111572
4.040919303894043
2.767153263092041
2.8642172813415527
1.546297550201416
1.2553011178970337
1.3551989793777466
3.2366831302642822
1.2276904582977295
2.4599058628082275
3.063363552093506
2.394981622695923
3.5215585231781006
3.111103057861328
2.432079315185547
2.4317803382873535
2.3338165283203125
1.6560426950454712
2.76845383644104
1.8180092573165894
3.3762874603271484
2.0119552612304688
0.8287484645843506
3.22290301322937
2.668745756149292
2.0352113246917725
2.765249013900757
2.327780246734619
3.145249843597412
2.8101730346679688
3.655599594116211
2.9305334091186523
2.1718366146087646
4.140076637268066
1.5362722873687744
3.71079158782959
2.1519784927368164
3.163755416870117
2.5336108207702637
3.397078037261963
2.097498655319214
2.6992850303649902
0.7363216280937195
1.113660454750061
2.9338457584381104
3.098862648010254
3.6434178352355957
2.994190216064453
3.3303823471069336
2.4048573970794678
2.036973714828491
3.61092472076416
2.1835975646972656
2.0785176753997803
2.9104771614074707
2.7890539169311523
2.367661952972412
2.3470046520233154
0.9670860171318054
1.0268741846084595
3.404555320739746
1.9298183917999268
1.8052000999450684
3.192599058151245
3.070709228515625
2.3824758529663086
1.0012753009796143
2.2980196475982666
3.6211276054382324
2.9205775260925293
3.4061551094055176
3.1081111431121826
0.9388092756271362
3.599921941757202
2.335366725921631
2.5138943195343018
2.3614091873168945
3.135946273803711
3.1035408973693848
3.598623752593994
2.7510838508605957
1.491321325302124
2.284414291381836
3.270508289337158
2.983646869659424
3.108949661254883
3.303546905517578
3.3675332069396973
2.2096712589263916
1.40330171585083
3.0788040161132812
3.7102222442626953
0.8728987574577332
3.20646333694458
2.4147701263427734
1.0825198888778687
2.5224227905273438
2.9110679626464844
2.628805160522461
2.33050537109375
2.8281633853912354
3.134368896484375
2.6662495136260986
2.429651975631714
1.3568267822265625
2.204512119293213
3.6162424087524414
4.3548479080200195
2.6187665462493896
2.9140267372131348
3.9433462619781494
2.7688236236572266
3.0199575424194336
2.3488106727600098
1.6758418083190918
2.0392589569091797
3.9736149311065674
3.5574140548706055
2.960036516189575
2.1500403881073
2.3199262619018555
1.6118533611297607
2.2671306133270264
2.678974151611328
0.9448481798171997
2.4301891326904297
1.851374864578247
2.3996849060058594
3.3750975131988525
1.2240537405014038
1.5376555919647217
3.0469770431518555
2.9053990840911865
2.225796937942505
2.849783420562744
4.043483257293701
2.144779682159424
0.8425377607345581
3.525423049926758
2.1743125915527344
2.8008055686950684
3.208677291870117
2.7024428844451904
2.356149911880493
2.5878427028656006
70.61842346191406
2.5884225368499756
3.6103675365448
2.7415151596069336
3.2288923263549805
2.8909912109375
3.3761417865753174
3.1708574295043945
3.2117717266082764
3.296674966812134
0.8776456117630005
2.4897873401641846
0.7730703353881836
2.5180883407592773
1.742668867111206
1.6819977760314941
2.5887393951416016
1.4378275871276855
1.1497912406921387
1.863188624382019
3.491497039794922
3.638282537460327
3.328420639038086
2.9523658752441406
2.8301844596862793
3.5947837829589844
2.2661871910095215
3.8885343074798584
1.5422126054763794
2.9535841941833496
2.54085636138916
3.611631393432617
3.5964019298553467
2.6951911449432373
2.404613971710205
2.8399548530578613
2.035426616668701
2.064993381500244
1.8143768310546875
3.4411773681640625
3.6545298099517822
2.037210464477539
2.820399761199951
3.258516311645508
2.940699815750122
3.206709861755371
1.8714991807937622
1.871401309967041
3.373753309249878
1.890445590019226
3.0927982330322266
