20.7038516998291
20.539636611938477
20.856597900390625
20.862510681152344
20.259523391723633
20.746761322021484
21.1099910736084
21.015188217163086
21.192035675048828
20.632156372070312
20.926708221435547
20.905073165893555
20.908842086791992
20.500713348388672
20.604358673095703
20.729751586914062
20.959497451782227
20.733205795288086
20.722915649414062
20.75294303894043
20.611499786376953
20.4503231048584
20.801380157470703
20.65985107421875
20.855985641479492
20.93146514892578
20.066091537475586
21.112337112426758
20.713041305541992
20.86774253845215
21.01289176940918
20.94097328186035
20.765865325927734
20.81689453125
21.025253295898438
20.973556518554688
20.277511596679688
21.14579963684082
20.67371940612793
20.764881134033203
20.63254165649414
20.526947021484375
20.800790786743164
20.18995475769043
20.71296501159668
20.331268310546875
20.777145385742188
21.02858543395996
20.508045196533203
20.94181251525879
20.56375503540039
20.894880294799805
20.80272674560547
20.94875144958496
20.720836639404297
20.543264389038086
20.9860897064209
20.36292266845703
20.859355926513672
20.76386070251465
20.47993278503418
20.993345260620117
20.825075149536133
20.54256248474121
20.572879791259766
20.713916778564453
20.546419143676758
20.12043571472168
20.801748275756836
20.533374786376953
20.555438995361328
20.57400894165039
20.932233810424805
20.484994888305664
20.702192306518555
20.166898727416992
20.652957916259766
20.938209533691406
20.798852920532227
20.420604705810547
20.987133026123047
20.76559066772461
20.291128158569336
20.390642166137695
20.68613052368164
20.65351676940918
20.86388397216797
20.474096298217773
20.612178802490234
20.5284481048584
20.639291763305664
20.7440242767334
20.623228073120117
20.47694206237793
20.785152435302734
20.43900489807129
20.431425094604492
20.76852798461914
20.507858276367188
21.05548667907715
20.316909790039062
20.441991806030273
20.57387924194336
20.738298416137695
20.559921264648438
20.600988388061523
20.52263832092285
20.47310447692871
20.891408920288086
20.649377822875977
20.505041122436523
20.686731338500977
21.022897720336914
20.24186134338379
20.62196159362793
20.627653121948242
20.30347442626953
20.61492156982422
19.939435958862305
20.96883201599121
20.869171142578125
20.3925724029541
20.867008209228516
20.678640365600586
20.931135177612305
20.865543365478516
20.48597526550293
20.68442153930664
20.79371452331543
20.977413177490234
20.0987491607666
21.04126739501953
20.89434242248535
20.790613174438477
20.574216842651367
20.42543601989746
20.801054000854492
20.86516761779785
20.374814987182617
20.63913345336914
20.98451805114746
20.667722702026367
20.39613151550293
20.380910873413086
20.61799430847168
20.781370162963867
20.72438621520996
20.75912857055664
20.670759201049805
20.686420440673828
20.498212814331055
20.7011775970459
20.327733993530273
21.1600399017334
20.937162399291992
20.522382736206055
20.921674728393555
20.65911865234375
20.547731399536133
20.79915428161621
20.54324722290039
20.924718856811523
20.490203857421875
20.40923500061035
20.807838439941406
20.29279136657715
20.723215103149414
20.719114303588867
20.471576690673828
20.821197509765625
20.80608558654785
20.765853881835938
20.821765899658203
20.636518478393555
20.93840980529785
20.764738082885742
20.915348052978516
20.736461639404297
20.354429244995117
20.809345245361328
20.755773544311523
20.496644973754883
20.8276309967041
21.092161178588867
20.567859649658203
20.589752197265625
20.648344039916992
20.354169845581055
20.54153823852539
20.67928123474121
20.860952377319336
20.42193031311035
20.360858917236328
20.501585006713867
20.832157135009766
20.82050895690918
20.196699142456055
20.8558292388916
20.815467834472656
20.863880157470703
