0.5091111660003662
0.004917263984680176
1.2117724418640137
0.9272713661193848
0.004501403775066137
0.005155122373253107
0.0
0.0
0.0
0.0
0.0
0.02474929392337799
0.0
3.098573684692383
0.013789375312626362
0.0
0.0
0.0
0.589966893196106
0.033720713108778
0.0
1.317642331123352
0.5953847765922546
0.0
0.14394712448120117
0.0
0.5786464214324951
0.10520169138908386
1.3833129405975342
0.0
0.0
0.0003066910139750689
3.59218430519104
0.0
0.0
2.3777811527252197
0.0010128484573215246
0.0
0.011960095725953579
0.0
0.0
0.0
0.05606808140873909
0.0
0.8517071604728699
0.0
0.0
0.0
0.0
1.187246322631836
0.0
1.4536023139953613
0.0
1.3449653387069702
0.0
0.6386102437973022
0.0
0.0
0.04550754651427269
0.0
2.880769968032837
0.08714579790830612
0.0
0.0701521560549736
0.7772536873817444
0.0069937435910105705
0.0
1.439152717590332
0.0
0.0
0.0
0.927696704864502
0.0
0.0
0.0
0.0
3.144040584564209
0.0
0.34023118019104004
0.0
0.005396641790866852
3.129687786102295
1.0296460390090942
0.7744414210319519
0.0
0.01505262590944767
0.0
0.0
0.05403655022382736
0.0
0.0
0.0
1.206303358078003
0.0
0.0
0.45359811186790466
1.1666005849838257
3.1786201000213623
9.302436828613281
0.004406705033034086
0.3865065574645996
0.0
0.0
0.0
0.0
0.29556283354759216
0.09082721173763275
0.011733765713870525
0.0
0.26985928416252136
0.0618419423699379
0.0
0.0
0.025981588289141655
0.0
4.830598831176758
0.0
