0.9097232818603516
2.192164182662964
2.908000946044922
2.4619290828704834
2.302863121032715
1.9572997093200684
2.6656017303466797
0.5451334118843079
2.3682808876037598
2.6987385749816895
1.7767181396484375
2.1691269874572754
0.7748404741287231
2.765812397003174
3.0629148483276367
2.2125244140625
2.342072010040283
2.28897762298584
1.6288516521453857
1.743072509765625
0.7695401906967163
1.9490306377410889
2.40588116645813
1.4808374643325806
2.003805637359619
2.5546460151672363
0.9875798225402832
2.4587690830230713
3.1075644493103027
2.8196191787719727
1.28838312625885
2.3459553718566895
2.207275390625
2.251892566680908
2.4941558837890625
1.8869481086730957
2.681232452392578
2.2188358306884766
2.2177281379699707
2.167004346847534
