3.8538589477539062
3.0450384616851807
2.9549922943115234
3.033475637435913
3.2108895778656006
3.4479148387908936
2.7379634380340576
3.8434319496154785
3.4622795581817627
3.537062168121338
2.8443925380706787
3.4991767406463623
3.2684056758880615
3.5825958251953125
4.301997661590576
3.1752145290374756
3.700705051422119
2.9219624996185303
3.7994022369384766
2.840291738510132
3.153588056564331
2.9170942306518555
3.0944275856018066
3.001805543899536
4.109525680541992
3.5791900157928467
3.23481822013855
3.5375733375549316
3.282177448272705
3.1572329998016357
3.9061660766601562
3.1105875968933105
3.955096960067749
3.2470169067382812
3.085951328277588
3.737169027328491
3.6283462047576904
2.8895914554595947
3.401503086090088
2.522331953048706
