0.10149525105953217
0.26011860370635986
0.008068864233791828
0.06581363081932068
0.060800936073064804
0.07062460482120514
0.026436088606715202
0.047708477824926376
0.16667552292346954
0.03652352839708328
0.010147525928914547
0.048571035265922546
0.06562283635139465
0.008657841011881828
0.22844639420509338
0.02869630604982376
0.060593292117118835
0.0402250811457634
0.05631517991423607
0.17844820022583008
0.04755609482526779
0.13512086868286133
0.049075059592723846
0.07866472005844116
0.21314045786857605
0.05050212889909744
0.1388653963804245
0.11114469915628433
0.11016201972961426
0.0059936754405498505
0.12947812676429749
0.023725196719169617
0.2929798662662506
0.09539785236120224
0.07799588143825531
0.09079111367464066
0.07996436953544617
0.06423018127679825
0.09550683200359344
0.06701722741127014
0.36238524317741394
0.016976770013570786
0.21031887829303741
0.31505411863327026
0.00019333009549882263
0.14135754108428955
0.052074313163757324
0.04375764727592468
0.10921438038349152
0.10699731856584549
0.08534776419401169
0.06810793280601501
0.04099157452583313
0.027159299701452255
0.20793169736862183
0.011668461374938488
0.0011923800921067595
0.07638954371213913
0.32429417967796326
0.10259435325860977
0.016153525561094284
0.10816264897584915
0.4535563886165619
0.12161654233932495
0.19608116149902344
0.37899279594421387
0.06362773478031158
0.08081039786338806
0.026361919939517975
0.17323346436023712
0.2851254940032959
0.0052025290206074715
0.09505735337734222
0.08259657770395279
0.03150559961795807
0.03562496230006218
0.111180879175663
0.390190452337265
0.08579869568347931
0.009247830137610435
0.10489761829376221
0.04675617814064026
0.012078188359737396
0.0396890714764595
0.3065364956855774
0.03752906620502472
0.03025016188621521
0.5031040906906128
0.03847912698984146
0.05191252753138542
0.022547675296664238
0.07685961574316025
0.0662071704864502
0.11247923225164413
0.07058283686637878
0.1847500205039978
0.12478053569793701
0.019445698708295822
0.06802384555339813
0.014445308595895767
0.01986917108297348
0.031104836612939835
0.019022950902581215
0.05853130668401718
0.05640704929828644
0.0036356064956635237
0.06790319830179214
0.01670743338763714
0.11542371660470963
0.09913361072540283
0.08331413567066193
0.0049522933550179005
0.08831706643104553
0.1034630537033081
0.01232391782104969
0.014204583130776882
0.13499662280082703
0.13846802711486816
0.2597947120666504
0.05807822570204735
0.022889919579029083
0.43452876806259155
0.032653626054525375
0.2990870773792267
0.0013958483468741179
0.07533982396125793
0.07872339338064194
0.018982188776135445
0.07865589112043381
0.1190873384475708
0.09256941825151443
0.16380642354488373
0.004548951052129269
0.2429398149251938
0.02808869630098343
0.07637941837310791
0.1269044131040573
0.07880416512489319
0.034027099609375
0.007008780725300312
0.07673512399196625
0.06102196127176285
0.3886559307575226
0.15116402506828308
0.015239758417010307
0.06258005648851395
0.11928294599056244
0.016842495650053024
0.1202019453048706
0.08097542077302933
0.170926034450531
0.28708431124687195
0.04607842117547989
0.011690644547343254
0.07261130213737488
0.0031748060137033463
0.0006077312282286584
0.13191625475883484
0.0650869831442833
0.09462966024875641
0.07478418946266174
0.22832609713077545
0.0376482829451561
0.31664347648620605
0.0810907855629921
0.10732176899909973
0.06531570106744766
0.08372357487678528
0.006164034828543663
0.016834480687975883
0.18080870807170868
0.03342951461672783
0.10358835756778717
0.06005042791366577
0.1704825758934021
0.09496896713972092
0.025236263871192932
0.034937113523483276
0.17658400535583496
0.008085379377007484
0.03209611773490906
0.05380259454250336
0.13203805685043335
0.051464006304740906
0.02406706102192402
0.14976495504379272
0.023486878722906113
0.4525119662284851
0.1495761275291443
0.2660542130470276
0.12454421818256378
0.03484392166137695
0.0174553282558918
0.018493644893169403
0.06753134727478027
0.19113895297050476
0.0828663781285286
0.1124015748500824
0.08573943376541138
0.5645582675933838
0.11273190379142761
0.007725191302597523
0.10490917414426804
0.11302284896373749
0.06143052130937576
0.0929676741361618
0.15940198302268982
0.10461404919624329
0.17557954788208008
0.005257553420960903
0.032223716378211975
0.3181198835372925
0.1883695125579834
0.06347694993019104
0.11038000881671906
0.04049044847488403
0.019224898889660835
0.11664354801177979
0.2420579493045807
0.18834662437438965
0.1390036940574646
0.1311279535293579
0.14093218743801117
0.057076092809438705
0.08438752591609955
0.0052894167602062225
0.05083352327346802
0.11701405793428421
0.03841737285256386
0.09696841239929199
0.19629532098770142
0.017579371109604836
0.16628123819828033
0.06246602535247803
0.08134925365447998
0.10389228910207748
0.07891632616519928
0.09792836010456085
0.034411270171403885
0.12586602568626404
0.15165168046951294
0.21835657954216003
0.046228691935539246
0.07558274269104004
0.2250359207391739
0.001699164742603898
0.0036766252014786005
0.013049853965640068
0.0097880894318223
0.4991394877433777
0.026938851922750473
0.21273508667945862
0.21963535249233246
0.15756869316101074
0.15603041648864746
0.04067016765475273
0.23814170062541962
0.05211916193366051
0.012607712298631668
0.07166808098554611
0.001853955676779151
0.2559121251106262
0.09526368975639343
0.11850084364414215
0.4538003206253052
0.05436360463500023
0.14924852550029755
0.18027737736701965
0.04579899460077286
0.02691764198243618
0.08186832815408707
0.004819298163056374
0.08247934281826019
0.0845789685845375
0.09828004240989685
0.023287292569875717
0.03483499959111214
0.03103914111852646
0.11046262085437775
0.26192647218704224
0.08522741496562958
0.05523902550339699
0.25681549310684204
0.19418685138225555
0.07271406054496765
0.021783210337162018
0.09130901843309402
0.13798698782920837
0.0003032085078302771
0.2926526665687561
0.15299183130264282
0.2683517336845398
0.018107719719409943
0.00024871440837159753
0.21538516879081726
0.1182638630270958
0.06104230880737305
0.06349880993366241
0.08528351038694382
0.016375668346881866
0.03397103026509285
0.032525524497032166
0.03476913645863533
0.9038094282150269
0.021886669099330902
0.0644712895154953
0.09800919145345688
0.17615920305252075
0.46258100867271423
0.029080377891659737
0.055021654814481735
0.0049668909050524235
0.03433125838637352
0.1279297173023224
0.10160348564386368
0.04200173169374466
0.047341957688331604
0.10253109037876129
0.02282501384615898
0.041282057762145996
0.008851050399243832
0.0894947275519371
0.24159970879554749
0.12568619847297668
0.07109946012496948
0.036950234323740005
0.02217872068285942
0.0878717303276062
0.01844765804708004
0.0703761875629425
0.06919408589601517
0.02156783640384674
0.28766578435897827
0.08030746877193451
0.0893523246049881
0.050697021186351776
0.18275155127048492
0.18487145006656647
0.2415831834077835
0.05816642567515373
0.20165055990219116
0.14140647649765015
0.20963092148303986
0.026584986597299576
0.025666922330856323
0.2749030292034149
0.008532756008207798
0.20419591665267944
0.03792785108089447
0.08940019458532333
0.2613457441329956
0.18532207608222961
0.4846201241016388
0.09167588502168655
0.027278278023004532
0.0074297524988651276
0.2579813599586487
0.2215314507484436
0.055479586124420166
0.07693493366241455
0.19072866439819336
0.1647220104932785
0.014516271650791168
0.06837266683578491
0.007828091271221638
0.057728361338377
0.00044528412399813533
0.029213815927505493
0.08092454075813293
0.23688870668411255
0.0925501212477684
0.10640813410282135
0.050541412085294724
0.05789899826049805
0.0917256772518158
0.008946947753429413
0.03379928320646286
0.006696206983178854
0.19629167020320892
0.1547435224056244
0.0707440972328186
0.1069570779800415
0.016053907573223114
0.06683872640132904
0.1217736303806305
0.020633425563573837
0.04822703078389168
0.1121198832988739
0.3361401855945587
0.15979839861392975
0.11755292117595673
0.03332780301570892
0.03322521597146988
0.2096366584300995
0.028011340647935867
0.22402648627758026
0.04417480528354645
0.025479869917035103
0.029801376163959503
0.010640335269272327
