0.0
0.531887948513031
0.6106141209602356
0.11922715604305267
2.463967800140381
0.13168510794639587
0.039113715291023254
0.1855519860982895
2.997251272201538
0.004293964710086584
0.3481673300266266
1.6967195272445679
0.0008740529301576316
0.02673218958079815
0.0014621029840782285
1.3251019716262817
0.21260616183280945
0.5025069117546082
1.754981279373169
0.3156241178512573
0.43445131182670593
1.1038354635238647
0.0029944581910967827
1.5361340045928955
2.616472005844116
0.0026137935929000378
1.8863760232925415
1.3346481323242188
0.0
1.579850196838379
0.42371225357055664
0.9094403982162476
0.01925741694867611
0.33185139298439026
0.15140782296657562
0.008054874837398529
0.04849909245967865
0.0
0.15475580096244812
0.007957953959703445
0.05800763517618179
0.3712458908557892
2.3957021236419678
0.24785703420639038
0.7207127809524536
0.6298131942749023
0.9902138710021973
1.4652869701385498
1.0263025760650635
0.15453004837036133
0.48566734790802
0.11007796972990036
0.022618014365434647
0.8720101118087769
1.1341758966445923
0.01061522588133812
0.0992899090051651
0.132201686501503
0.6167960166931152
1.1992524862289429
1.044315218925476
0.03955778107047081
0.696165144443512
0.003016469068825245
0.4915839433670044
2.0637524127960205
0.020735712721943855
2.136152505874634
0.007743348833173513
1.0126168727874756
0.3660438656806946
0.0018984766211360693
4.195985317230225
0.015366088598966599
1.37131667137146
0.0
1.2772221565246582
0.403531014919281
0.19564491510391235
1.655043601989746
0.0007338499999605119
0.04045188054442406
1.1333829164505005
0.0005404122057370842
0.0013185623101890087
0.0024609114043414593
0.14617283642292023
0.09668638557195663
0.0009936925489455462
0.14301693439483643
0.8266639709472656
1.4613656997680664
0.7659037709236145
0.34913983941078186
1.4338326454162598
0.08013101667165756
0.0068528358824551105
0.45354345440864563
1.2892738580703735
4.300042152404785
