1.2508779764175415
0.008285455405712128
2.144181728363037
1.0882574319839478
0.015389354899525642
0.01424445305019617
0.0
0.0
0.0
0.0
0.0
0.13600106537342072
0.0
2.3464553356170654
0.09154822677373886
0.0
0.0
0.0
1.3050706386566162
0.025146137923002243
0.0
0.9319320321083069
0.6988721489906311
0.0
0.1966036558151245
0.0
1.524294376373291
0.10445483028888702
0.3469853103160858
0.0
0.0
0.00044052262092009187
2.3501062393188477
0.0
0.0
2.413245439529419
0.0009995239088311791
0.0
0.03973761945962906
0.0
0.0
0.0
0.6532085537910461
0.0
2.631770133972168
0.0
0.0
0.0
0.0
1.4329373836517334
0.0
1.4071266651153564
0.0
1.8376402854919434
0.0
1.8127878904342651
0.0
0.0
0.08410683274269104
0.0
3.6238255500793457
0.164907768368721
0.0
1.7603586912155151
3.4972877502441406
0.009836903773248196
0.0
1.3872439861297607
0.0
0.0
0.0
0.8822828531265259
0.0
0.0
0.0
0.0
4.489109992980957
0.0
1.2768032550811768
0.0
0.00713249621912837
2.786048650741577
3.09328556060791
0.6173009276390076
0.0
0.012354842387139797
0.0
0.0
0.22746753692626953
0.0
0.0
0.0
1.0801305770874023
0.0
0.0
0.7626846432685852
0.5911244750022888
2.875408172607422
7.864988327026367
0.005190989002585411
0.6947975754737854
0.0
0.0
0.0
0.0
0.35080060362815857
0.09018418192863464
0.02262234315276146
0.0
0.36254075169563293
0.027584386989474297
0.0
0.0
0.027728114277124405
0.0
5.130925178527832
0.0
