3.4480531215667725
4.050790309906006
3.120938301086426
3.310551166534424
4.112819194793701
3.3694748878479004
3.5725719928741455
4.204634666442871
2.802396535873413
2.0824997425079346
3.4085724353790283
3.485685348510742
3.3969051837921143
3.2425224781036377
3.4468791484832764
3.4504830837249756
3.6865696907043457
2.9753918647766113
4.040780544281006
3.0128161907196045
4.0087103843688965
2.5990548133850098
3.3015286922454834
3.140373706817627
3.389188766479492
3.3394181728363037
3.912311553955078
4.205567836761475
3.5556297302246094
3.363675832748413
3.0878746509552
3.5037312507629395
3.2642433643341064
4.081422805786133
3.369694232940674
3.637702703475952
2.8930282592773438
3.403113603591919
3.5126445293426514
3.1362404823303223
3.996485471725464
3.506929874420166
3.5712578296661377
2.9581477642059326
3.2770392894744873
3.667243719100952
3.3117408752441406
3.3884475231170654
3.6792778968811035
3.9734761714935303
3.573728322982788
3.5611870288848877
3.6942672729492188
3.100919008255005
4.262044429779053
3.238722562789917
3.0463712215423584
3.4718310832977295
3.1730105876922607
3.8621785640716553
3.6669347286224365
3.398329973220825
3.7472171783447266
3.338787078857422
3.1760809421539307
3.5592148303985596
2.6791446208953857
3.6225972175598145
3.914707899093628
3.264707565307617
3.560628652572632
2.7955329418182373
3.5574936866760254
3.211923599243164
2.8551509380340576
4.0703253746032715
3.5064713954925537
3.1378114223480225
3.7430832386016846
3.5939865112304688
3.6997334957122803
3.1789193153381348
3.510958194732666
3.4975993633270264
3.583892583847046
3.6920487880706787
2.9896581172943115
3.459484815597534
2.8968372344970703
2.8145806789398193
3.846158742904663
3.857346296310425
3.038440465927124
3.1970880031585693
2.8976686000823975
3.454411745071411
3.288315534591675
3.725767135620117
3.7251014709472656
3.2075257301330566
3.1465234756469727
4.172750473022461
3.977057695388794
3.3309197425842285
3.3102872371673584
3.8879265785217285
3.9005420207977295
4.398299694061279
3.5446279048919678
3.4803154468536377
3.2231757640838623
3.225069522857666
3.4016997814178467
3.0920464992523193
2.91497802734375
3.040799856185913
3.9076969623565674
3.407186508178711
3.382521390914917
3.761317491531372
3.200441360473633
3.280975818634033
3.3023147583007812
3.149744987487793
2.691493272781372
3.3772647380828857
3.273590087890625
3.213289737701416
3.8707242012023926
3.5530877113342285
3.307941436767578
3.288531541824341
3.3881561756134033
3.2021090984344482
3.188194990158081
3.7651004791259766
3.394252061843872
3.594693899154663
3.9977974891662598
3.524277925491333
3.3942031860351562
3.931948184967041
3.230787992477417
3.5594921112060547
3.9195618629455566
3.6362221240997314
2.9954183101654053
3.2393715381622314
3.7377052307128906
2.8391151428222656
3.1337363719940186
3.815932035446167
3.362816333770752
3.7392773628234863
3.194758892059326
3.3824539184570312
3.8165574073791504
3.133965492248535
3.6033802032470703
3.9126079082489014
3.5902607440948486
3.611173629760742
3.506227970123291
3.7285454273223877
3.832263231277466
3.357591390609741
3.1616196632385254
2.9211394786834717
2.643169403076172
3.277369737625122
3.7245659828186035
3.465714693069458
3.5485267639160156
2.9121615886688232
3.7264180183410645
3.527693510055542
3.4904587268829346
3.4839730262756348
3.299673080444336
3.7047760486602783
2.9786159992218018
3.096925735473633
3.345479726791382
3.204941987991333
3.614917516708374
2.9100284576416016
3.2742252349853516
3.2087178230285645
3.8514835834503174
4.006228446960449
2.799767255783081
3.8544576168060303
3.5996320247650146
2.9334354400634766
3.623793840408325
3.7814838886260986
3.6120471954345703
3.8156349658966064
3.2577807903289795
3.260868787765503
3.733896255493164
3.2250945568084717
3.908708333969116
3.4484870433807373
3.4307706356048584
3.926356077194214
3.4407901763916016
3.5440361499786377
3.594034194946289
3.566335678100586
3.069331169128418
3.1086952686309814
2.5530946254730225
3.3374688625335693
3.396535873413086
3.1635892391204834
3.7403411865234375
3.322490692138672
3.476573944091797
2.982465982437134
2.674969434738159
3.7495384216308594
3.6315205097198486
3.449653387069702
3.1100480556488037
2.7925031185150146
3.6934845447540283
3.7870476245880127
3.009361505508423
3.359088897705078
3.3103771209716797
3.978102207183838
3.468860387802124
3.4394586086273193
3.195683240890503
3.77531361579895
3.232811689376831
3.5271263122558594
3.0322163105010986
2.8521175384521484
3.5543434619903564
3.721900701522827
3.0065646171569824
3.5376667976379395
3.600912570953369
3.513101577758789
3.503133773803711
2.4187629222869873
3.5091023445129395
3.176161050796509
3.6625936031341553
3.8417274951934814
3.214703321456909
3.4353950023651123
3.1249616146087646
3.784849166870117
3.435887098312378
3.0054643154144287
3.4621498584747314
2.9312756061553955
3.8511962890625
4.186288356781006
3.4067330360412598
3.7904052734375
3.7571473121643066
3.2061593532562256
3.6660923957824707
3.552164077758789
3.238945722579956
3.888561725616455
2.5834696292877197
3.591214895248413
3.514633893966675
3.7900657653808594
3.1363797187805176
2.8196771144866943
3.406726121902466
3.232506275177002
3.6133034229278564
3.7877566814422607
3.4902946949005127
2.90254545211792
3.463620901107788
3.023550033569336
3.1267592906951904
3.5556466579437256
2.8871960639953613
3.1808249950408936
3.327784776687622
3.5536651611328125
3.1752405166625977
3.6165177822113037
3.6849021911621094
2.6175601482391357
3.763657331466675
3.7221715450286865
3.217848539352417
3.865483045578003
3.121760606765747
3.521484375
3.6196467876434326
3.428243398666382
3.5643506050109863
3.562602996826172
3.813977003097534
3.5859410762786865
3.7076523303985596
2.9908981323242188
3.4159562587738037
3.2815730571746826
3.425619125366211
3.4852960109710693
3.350053548812866
3.5666451454162598
3.695466995239258
3.3455231189727783
3.3534951210021973
3.2411956787109375
3.9884355068206787
3.7773215770721436
3.9939751625061035
3.828226089477539
3.8954918384552
3.137235403060913
2.966783046722412
3.773773193359375
3.1055197715759277
2.861898183822632
3.3807454109191895
3.494966983795166
3.4603652954101562
3.030369520187378
3.7125000953674316
3.4756200313568115
3.9134938716888428
3.1192381381988525
2.807785749435425
2.6379902362823486
3.238403081893921
3.226215362548828
3.6910946369171143
2.963881254196167
3.6853420734405518
3.285604238510132
3.954975128173828
3.2721569538116455
2.980098009109497
3.9147956371307373
3.461641788482666
4.051374435424805
2.775352954864502
3.683697462081909
2.542609930038452
3.456693410873413
3.509190320968628
3.4647979736328125
3.8655381202697754
3.6440932750701904
3.025364875793457
3.7956185340881348
3.531022787094116
2.8535172939300537
3.7223987579345703
2.9890363216400146
4.162124156951904
3.184890031814575
3.86442232131958
3.1457695960998535
3.4627742767333984
3.3981616497039795
3.3311779499053955
3.226156234741211
3.250279664993286
3.7399990558624268
2.679163932800293
3.2465500831604004
3.120638847351074
3.641676664352417
3.787256956100464
3.4452483654022217
3.5272490978240967
3.661975622177124
4.2198357582092285
3.876678466796875
3.8392493724823
3.3021256923675537
3.569383382797241
3.8540916442871094
3.4514427185058594
3.4923062324523926
4.110239505767822
3.161259889602661
3.777496814727783
2.749936103820801
2.824794054031372
3.373162031173706
3.746448516845703
3.149421215057373
3.443683624267578
3.839280843734741
