0.11078577488660812
0.3732683062553406
0.00992275308817625
0.05620932951569557
0.06306745111942291
0.09755163639783859
0.020493976771831512
0.058329492807388306
0.18466296792030334
0.03715367987751961
0.008088605478405952
0.07981540262699127
0.06648674607276917
0.008599936030805111
0.15936198830604553
0.022151023149490356
0.06047911196947098
0.06296868622303009
0.04769518971443176
0.18497349321842194
0.06649752706289291
0.12347427010536194
0.07124742120504379
0.07084732502698898
0.26889127492904663
0.06885802745819092
0.11705891788005829
0.10225729644298553
0.12638767063617706
0.0029369147960096598
0.08328185975551605
0.028995685279369354
0.28816747665405273
0.12353958934545517
0.07419753074645996
0.09167246520519257
0.10036849975585938
0.08282865583896637
0.1319867968559265
0.10422033816576004
0.368808388710022
0.02251683548092842
0.19293032586574554
0.3274421691894531
0.00012190422421554103
0.15634796023368835
0.11591789126396179
0.02904443070292473
0.09054040163755417
0.08962266147136688
0.07708148658275604
0.07411614060401917
0.04420723393559456
0.034389153122901917
0.21695518493652344
0.01651468500494957
0.0008540570852346718
0.07885099947452545
0.2730349600315094
0.1357371211051941
0.03763241320848465
0.1003798097372055
0.6102501153945923
0.19194544851779938
0.2529969811439514
0.39487987756729126
0.07877948880195618
0.07253031432628632
0.03539949655532837
0.13534271717071533
0.43577951192855835
0.005201022140681744
0.11412040889263153
0.07753781974315643
0.032969117164611816
0.042015429586172104
0.11294601857662201
0.3890492916107178
0.08787384629249573
0.004964209161698818
0.10330697894096375
0.037904057651758194
0.011604301631450653
0.05174975097179413
0.31710416078567505
0.06821708381175995
0.03155703842639923
0.5190063118934631
0.03727137669920921
0.05774470418691635
0.03581204265356064
0.07241418212652206
0.07796694338321686
0.08345256745815277
0.07111673802137375
0.2345750331878662
0.11000914871692657
0.019620271399617195
0.07214324176311493
0.022295856848359108
0.020253248512744904
0.033209268003702164
0.020654235035181046
0.06439372897148132
0.03555889055132866
0.0025464962236583233
0.07628412544727325
0.01145872287452221
0.08902332931756973
0.07444684207439423
0.0802154690027237
0.0059302011504769325
0.09862639009952545
0.11022502183914185
0.011330465786159039
0.022466547787189484
0.09673159569501877
0.12454838305711746
0.25580528378486633
0.0677972286939621
0.013815987855196
0.41574016213417053
0.03832903876900673
0.3292567729949951
0.0012739207595586777
0.06670808047056198
0.08176004886627197
0.015528899617493153
0.07176358997821808
0.1236351728439331
0.047719139605760574
0.15795765817165375
0.004239114932715893
0.1286751627922058
0.0286177359521389
0.05738392472267151
0.1209866851568222
0.09180235862731934
0.03757511079311371
0.012494567781686783
0.0713062435388565
0.05933443829417229
0.4029490649700165
0.14340630173683167
0.014108415693044662
0.06390093266963959
0.12092208117246628
0.01562826707959175
0.24863971769809723
0.057870589196681976
0.23264318704605103
0.31283241510391235
0.043877873569726944
0.011149408295750618
0.07939822226762772
0.0030687160324305296
0.0004432785208337009
0.14398029446601868
0.053145237267017365
0.10302719473838806
0.08883756399154663
0.23817457258701324
0.03564738482236862
0.292930543422699
0.09025920927524567
0.09554778784513474
0.06690292060375214
0.09424128383398056
0.005005234852433205
0.016710925847291946
0.15166868269443512
0.015441055409610271
0.0866590365767479
0.09967437386512756
0.1636098027229309
0.09908977150917053
0.02251271903514862
0.03989251330494881
0.1606978476047516
0.01581052877008915
0.044897183775901794
0.052537620067596436
0.11455298215150833
0.05600358173251152
0.02853948436677456
0.13680635392665863
0.021310042589902878
0.45626819133758545
0.1638329178094864
0.17047739028930664
0.10665343701839447
0.0443534217774868
0.018514318391680717
0.01868869736790657
0.0887095257639885
0.20954102277755737
0.09166625887155533
0.11622148752212524
0.07455088198184967
0.6150434613227844
0.10518991202116013
0.0097662890329957
0.09870050847530365
0.09049525856971741
0.08838526904582977
0.09110508114099503
0.1487513780593872
0.15652203559875488
0.20380546152591705
0.006798390299081802
0.03450435400009155
0.3793235421180725
0.16236376762390137
0.09368157386779785
0.1467904895544052
0.12092788517475128
0.028648775070905685
0.11373735964298248
0.20869573950767517
0.1735456883907318
0.12462398409843445
0.11385045945644379
0.1486804038286209
0.10771223902702332
0.10261872410774231
0.005670223385095596
0.050414033234119415
0.13243281841278076
0.0579262301325798
7.177392482757568
0.18729501962661743
0.03159533813595772
0.14894184470176697
0.07727934420108795
0.06393364816904068
0.12764227390289307
0.044192589819431305
0.07362926006317139
0.04302830621600151
0.27029645442962646
0.12104922533035278
0.19326767325401306
0.03798675537109375
0.07985386997461319
0.2413569688796997
0.0007116040214896202
0.0029186801984906197
28.358341217041016
0.013134357519447803
0.5084695816040039
0.027593551203608513
0.2353387176990509
0.21600022912025452
0.18072305619716644
0.17199492454528809
0.056517407298088074
0.2098642736673355
0.03978486731648445
0.02480257861316204
0.06996972858905792
0.0020142144057899714
0.25442907214164734
0.0918436050415039
0.13747774064540863
0.7584196925163269
0.0793752372264862
0.20964393019676208
0.19237126410007477
0.04695620760321617
0.025908086448907852
0.25672435760498047
0.0062695275992155075
0.13280318677425385
0.07126311957836151
0.059985287487506866
0.02640509232878685
0.03224533796310425
0.06184084713459015
0.0968869999051094
0.26371151208877563
0.1113264262676239
0.06758704781532288
0.302476167678833
0.1816806197166443
0.08336888998746872
0.019550107419490814
0.13083761930465698
0.1351427584886551
0.00018400480621494353
0.3190929889678955
0.15930575132369995
0.3445015549659729
0.01845439150929451
0.0004960800870321691
0.1931934952735901
0.10019083321094513
0.0636705830693245
0.05624982714653015
0.07147718966007233
0.015763241797685623
0.04178906977176666
0.1696048378944397
0.03759884089231491
0.8286343812942505
0.02326466143131256
0.05997631698846817
0.10722030699253082
0.16428296267986298
0.4189479649066925
0.0099348658695817
0.031114548444747925
0.0033408314920961857
0.042913295328617096
0.1282660812139511
0.10196039825677872
0.05677054077386856
0.10641899704933167
0.08764515072107315
0.04812129586935043
0.10232561081647873
0.011830287054181099
0.069771908223629
0.2169894278049469
0.19831857085227966
0.08260762691497803
0.04199991375207901
0.025871101766824722
0.06639331579208374
0.017767909914255142
0.06898260116577148
0.056632980704307556
0.03275357186794281
0.31068098545074463
0.07838033884763718
0.08592204749584198
0.034407295286655426
0.11482013761997223
0.11135625839233398
0.2792113125324249
0.057838454842567444
0.2293761670589447
0.12858645617961884
0.16705438494682312
0.030601833015680313
0.02412896789610386
0.26167574524879456
0.0047633834183216095
0.26691165566444397
0.04489737004041672
0.09922508895397186
0.24886049330234528
0.2907564043998718
0.6213657259941101
0.09738175570964813
0.042231593281030655
0.009743932634592056
0.30509233474731445
0.2446179836988449
0.05530864745378494
0.061270855367183685
0.1989814043045044
0.1598878800868988
0.014889057725667953
0.06545393168926239
0.007316515780985355
0.07620923966169357
0.0003162932116538286
0.033863089978694916
0.12906213104724884
0.24750423431396484
0.08743036538362503
0.08728089183568954
0.07255048304796219
0.06782925128936768
0.09848719835281372
0.03341645002365112
0.030536385253071785
0.0058993627317249775
0.2545403838157654
0.21433673799037933
0.07107961177825928
0.10369876027107239
0.010097526013851166
0.08268566429615021
0.09969870746135712
0.013615386560559273
0.04081033170223236
0.13702455163002014
0.328728049993515
0.12926757335662842
0.1576825976371765
0.02746378630399704
0.032402027398347855
0.1864975094795227
0.0224832184612751
0.21277017891407013
0.07235559821128845
0.03190845623612404
0.028457850217819214
0.01361120492219925
