2.7246031761169434
2.0574777126312256
3.017366886138916
2.6186165809631348
3.7617125511169434
2.894923686981201
3.257291078567505
1.7050312757492065
2.929290533065796
2.075096368789673
2.3334739208221436
3.260566234588623
3.758378744125366
1.5491923093795776
4.271225929260254
1.7338414192199707
3.0730133056640625
3.3309688568115234
2.334275960922241
1.9493486881256104
2.721092462539673
3.3914358615875244
2.2072649002075195
2.627397060394287
3.8609538078308105
1.78910493850708
1.7390837669372559
1.3933157920837402
2.0460245609283447
2.5279340744018555
2.60774564743042
2.5184991359710693
2.1150448322296143
2.764995574951172
3.7644333839416504
1.7799420356750488
3.079298496246338
2.8168983459472656
1.9957916736602783
3.117973566055298
2.882753610610962
4.95112943649292
2.7989537715911865
3.072138547897339
4.271129608154297
3.7544503211975098
3.1505677700042725
1.8791831731796265
1.4596185684204102
2.8967130184173584
2.388270854949951
1.9529094696044922
2.1998672485351562
3.7082436084747314
2.1457982063293457
1.445825219154358
2.7089900970458984
2.918149948120117
0.5213226079940796
3.1135683059692383
2.6905510425567627
2.7940077781677246
3.7468080520629883
2.778346538543701
2.6003758907318115
3.9970827102661133
2.50708270072937
3.3746423721313477
2.582963466644287
3.260908842086792
3.3421857357025146
2.6113393306732178
2.494466781616211
4.5676589012146
1.303739309310913
3.1578516960144043
2.7953920364379883
2.757887840270996
2.9291653633117676
2.386425495147705
2.439298152923584
1.728290319442749
4.4110636711120605
3.634249687194824
2.4341275691986084
3.2938570976257324
3.080709218978882
2.4860219955444336
1.8694086074829102
2.9901299476623535
3.38273024559021
2.579659938812256
2.7984232902526855
2.72574520111084
2.206852436065674
0.8871351480484009
2.2868306636810303
1.8037256002426147
3.2846803665161133
3.028144359588623
3.301321506500244
3.2911813259124756
3.086682081222534
2.635410785675049
4.031683921813965
2.7483561038970947
3.91166615486145
2.9070451259613037
3.40907883644104
1.256509780883789
3.186899185180664
2.3429794311523438
2.104705333709717
3.9928576946258545
2.2037408351898193
2.905196189880371
2.9770655632019043
2.846137046813965
3.220510721206665
3.0568056106567383
3.409109592437744
1.5723233222961426
2.525928020477295
3.254316806793213
3.7965898513793945
3.004164934158325
2.681596279144287
1.7131524085998535
3.050088405609131
1.0039095878601074
3.9691896438598633
2.4014530181884766
1.8814090490341187
1.8333137035369873
2.9865200519561768
3.4761741161346436
3.1109068393707275
2.2479753494262695
3.5469818115234375
2.6709773540496826
2.9770750999450684
1.473616123199463
3.867471218109131
4.001743316650391
3.8964061737060547
3.2161669731140137
3.091005802154541
3.5096435546875
2.872945547103882
1.6302356719970703
2.894995927810669
1.9647939205169678
3.0685670375823975
1.4471315145492554
2.812061071395874
3.028465747833252
0.8929085731506348
3.2865467071533203
2.5290117263793945
3.754153251647949
2.812893867492676
2.2538580894470215
3.525709629058838
1.990190029144287
2.4775524139404297
4.952655792236328
2.732086658477783
2.870114803314209
3.24522066116333
3.149780511856079
1.787013053894043
3.3481128215789795
2.8344783782958984
1.2225027084350586
3.661858081817627
3.8783864974975586
4.01361608505249
2.98432993888855
2.301396369934082
2.2008891105651855
3.6600656509399414
2.314429759979248
1.9096572399139404
2.864108085632324
3.070657253265381
1.2458943128585815
1.5620968341827393
2.6655192375183105
2.458690643310547
1.2684725522994995
2.2524349689483643
2.725735902786255
3.5504443645477295
2.6039562225341797
1.6460106372833252
2.6418075561523438
2.24957275390625
2.770893096923828
2.8148374557495117
2.344144821166992
2.984719753265381
3.1005303859710693
2.7029547691345215
1.8962804079055786
1.4699900150299072
4.308048725128174
2.8865253925323486
2.822707176208496
1.765447735786438
1.2926335334777832
1.5898815393447876
3.3280982971191406
1.3074028491973877
2.6726298332214355
3.2180166244506836
2.192688465118408
3.6464641094207764
3.4510884284973145
2.8768229484558105
2.3294763565063477
2.794985294342041
1.6514666080474854
2.744032382965088
1.8549638986587524
3.3710947036743164
2.2032933235168457
0.7875856161117554
3.342442035675049
2.6772046089172363
2.3001651763916016
2.915041923522949
2.319948196411133
3.55615496635437
3.1160855293273926
3.8585729598999023
2.8346948623657227
2.562178373336792
4.1707305908203125
1.8301461935043335
3.8166322708129883
2.4618895053863525
3.2979886531829834
2.9826927185058594
3.752835273742676
2.3000941276550293
2.6908135414123535
0.877254068851471
1.0720312595367432
2.836886405944824
3.0319504737854004
3.492595672607422
3.1731040477752686
3.6293039321899414
2.2857117652893066
2.129528045654297
3.7766411304473877
2.262528419494629
2.0358617305755615
2.9882121086120605
2.8785462379455566
2.8078999519348145
2.864086389541626
1.044403314590454
0.933037281036377
3.599391222000122
2.1968557834625244
1.7462128400802612
3.4056248664855957
3.154033660888672
2.62821626663208
1.1421258449554443
2.4796605110168457
4.311489105224609
2.9948959350585938
3.238034725189209
3.239792823791504
1.1794636249542236
4.042950630187988
2.4003448486328125
2.466200828552246
2.3307361602783203
3.2923829555511475
3.295043706893921
3.766178607940674
3.0329809188842773
1.5983734130859375
2.524616241455078
3.4696273803710938
2.8825554847717285
3.113858699798584
3.4641292095184326
3.0405547618865967
2.303117275238037
1.4083672761917114
3.2474265098571777
4.291379928588867
1.0092343091964722
3.1643166542053223
2.6260995864868164
1.0557866096496582
2.8416733741760254
3.260939121246338
2.7994742393493652
2.511756181716919
2.8457260131835938
3.3223772048950195
2.835475444793701
2.486823081970215
1.4394341707229614
2.57997465133667
4.190855979919434
4.580093860626221
3.315248727798462
3.059065818786621
4.133180618286133
3.138493537902832
3.3827016353607178
2.4637703895568848
1.6825827360153198
2.281569719314575
4.342236518859863
3.616464376449585
2.9840054512023926
2.2939958572387695
2.756525993347168
1.863926887512207
2.5219507217407227
2.8118014335632324
1.164428949356079
2.534968376159668
1.9383310079574585
2.3522748947143555
3.7380051612854004
1.3999055624008179
1.7376399040222168
3.2319693565368652
3.1932222843170166
2.2288918495178223
2.8499879837036133
4.603952884674072
2.416721820831299
0.9998166561126709
4.241275787353516
2.049915313720703
2.953200578689575
3.3809046745300293
3.018995761871338
2.8527517318725586
2.689042091369629
1.0872737169265747
2.8397257328033447
3.685028314590454
2.7319722175598145
3.4235124588012695
2.960848808288574
3.3946919441223145
3.444981575012207
3.417851209640503
3.432774543762207
1.3185025453567505
2.8263885974884033
0.7363722324371338
2.7593421936035156
1.6118131875991821
2.1551454067230225
2.5353572368621826
1.7121115922927856
0.8809002041816711
2.0364224910736084
3.5888140201568604
3.85514497756958
3.3501133918762207
2.922633171081543
2.617098093032837
4.156778335571289
2.403319835662842
4.04803466796875
1.5365893840789795
3.164461612701416
2.6479110717773438
3.674530506134033
3.930497169494629
2.973728656768799
2.604194164276123
3.1783995628356934
2.2393293380737305
2.037081241607666
1.9280223846435547
3.6803455352783203
3.669424533843994
1.9633293151855469
3.0243265628814697
3.5072922706604004
3.171638250350952
3.5509088039398193
2.0746142864227295
2.0113964080810547
3.1900317668914795
2.155712127685547
3.647573471069336
