78.15943145751953
82.71941375732422
79.14100646972656
83.09013366699219
78.68873596191406
82.53538513183594
83.47831726074219
79.60765075683594
78.33012390136719
81.17753601074219
78.48928833007812
78.91973114013672
80.4937973022461
84.0480728149414
76.77277374267578
80.70228576660156
80.49543762207031
82.82313537597656
79.91609954833984
82.06961822509766
80.86599731445312
82.75410461425781
82.21746826171875
80.99656677246094
84.65699768066406
77.63092041015625
82.60432434082031
78.73430633544922
80.8195571899414
75.37394714355469
79.86001586914062
83.4261474609375
84.38243103027344
77.94097137451172
82.18441772460938
77.48344421386719
81.31890869140625
82.87579345703125
80.03644561767578
82.70640563964844
81.06705474853516
79.36184692382812
79.54489135742188
78.29524230957031
75.09378051757812
81.2962646484375
81.49382019042969
74.5342025756836
79.28834533691406
83.79730224609375
80.93447875976562
78.87718963623047
81.5711669921875
81.90286254882812
82.72676849365234
84.07456970214844
73.61406707763672
79.03682708740234
76.91958618164062
81.56820678710938
75.78697967529297
77.29026794433594
81.56411743164062
81.83599853515625
81.93245697021484
82.36683654785156
80.63063049316406
81.3106918334961
80.77510070800781
75.5123062133789
82.54727172851562
75.52693176269531
82.42366027832031
80.52676391601562
81.20492553710938
81.17922973632812
84.93339538574219
79.59600830078125
80.2925796508789
75.69306945800781
82.07330322265625
82.74006652832031
79.33070373535156
78.44465637207031
81.08529663085938
82.26250457763672
76.92951965332031
79.529541015625
81.77656555175781
80.96568298339844
79.6332015991211
80.18019104003906
79.03569030761719
81.44834899902344
82.78970336914062
81.99746704101562
83.07431030273438
83.29270935058594
80.28787231445312
79.78582763671875
77.42340087890625
81.70938873291016
83.33784484863281
81.83279418945312
81.2276840209961
72.36383819580078
82.32247924804688
80.35480499267578
72.96710205078125
81.60173797607422
81.95217895507812
81.38098907470703
80.85244750976562
74.96194458007812
80.16761779785156
81.037841796875
78.61871337890625
79.2720718383789
79.61441802978516
80.35940551757812
70.77717590332031
84.06892395019531
82.80619812011719
81.974853515625
72.50712585449219
80.65727233886719
83.21076965332031
76.66345977783203
78.15642547607422
81.05250549316406
82.08648681640625
80.37715148925781
76.75724029541016
73.52885437011719
80.12403869628906
82.81285095214844
82.3258056640625
83.6673583984375
77.42605590820312
81.40339660644531
81.4364013671875
80.33671569824219
84.61785125732422
79.89225769042969
80.82099914550781
84.88763427734375
83.73680114746094
83.2587890625
80.22335815429688
84.17749786376953
78.19584655761719
81.62702941894531
81.22134399414062
83.35795593261719
80.90501403808594
77.38587951660156
74.11261749267578
81.89250946044922
82.31687927246094
82.00404357910156
73.70887756347656
83.2763442993164
75.97605895996094
82.65763854980469
83.02153015136719
77.10400390625
81.71095275878906
78.95057678222656
71.35472869873047
80.01365661621094
78.92803955078125
73.60321044921875
79.95491790771484
77.80607604980469
82.73367309570312
76.03684997558594
80.08029174804688
83.1317138671875
80.67169952392578
80.50770568847656
83.64280700683594
78.5499267578125
78.95178985595703
80.18038940429688
83.52763366699219
84.44728088378906
81.78660583496094
82.595458984375
79.70840454101562
76.26172637939453
83.41007232666016
78.98255157470703
77.3663330078125
82.27594757080078
79.06243133544922
83.66799926757812
80.22758483886719
78.4599609375
79.17704772949219
76.05352783203125
80.18319702148438
76.24600982666016
78.71424865722656
79.88031768798828
75.10816192626953
82.722412109375
79.93292999267578
81.04328918457031
81.41049194335938
80.5850601196289
78.27473449707031
82.0255126953125
82.81820678710938
83.78877258300781
83.74674987792969
81.77149963378906
80.99229431152344
81.02613830566406
81.2417221069336
82.48014831542969
83.31040954589844
80.68675231933594
78.44688415527344
80.7664794921875
82.00050354003906
81.31547546386719
84.11468505859375
79.00725555419922
82.51370239257812
74.6688232421875
81.92141723632812
78.55018615722656
82.46472930908203
83.28336334228516
80.6078109741211
84.62648010253906
81.13983154296875
79.97683715820312
78.57942199707031
83.59493255615234
81.23687744140625
77.57112121582031
81.27088928222656
79.43247985839844
81.11361694335938
77.33502197265625
77.54136657714844
75.00398254394531
76.20146179199219
78.85749816894531
81.49576568603516
81.02918243408203
79.11929321289062
81.29991149902344
84.10700988769531
80.62602233886719
79.28929138183594
81.8995361328125
76.20697021484375
76.78506469726562
78.572265625
82.44154357910156
83.17328643798828
79.12091064453125
80.49205017089844
82.79606628417969
80.01172637939453
80.56666564941406
81.81329345703125
83.68036651611328
80.48828125
77.68016052246094
79.44813537597656
80.65264892578125
76.21670532226562
78.29914093017578
80.51982879638672
81.88330078125
80.06538391113281
83.39497375488281
79.74171447753906
83.42755126953125
80.90567779541016
81.01972961425781
79.79423522949219
80.09153747558594
76.66865539550781
82.26918029785156
78.53327941894531
80.55074310302734
82.1504898071289
82.33538055419922
82.681396484375
71.27447509765625
83.22647857666016
80.86347961425781
79.22164916992188
80.357666015625
79.8988265991211
81.81956481933594
81.33521270751953
76.52533721923828
81.43794250488281
81.9209213256836
78.43490600585938
79.34407806396484
82.37736511230469
83.73757934570312
82.97386169433594
74.87774658203125
75.93022918701172
77.85724639892578
82.54208374023438
79.76946258544922
82.35089874267578
81.92376708984375
81.6015396118164
78.63627624511719
76.85743713378906
76.61729431152344
76.77212524414062
81.29588317871094
78.54061889648438
81.1788101196289
82.36318969726562
82.07063293457031
79.01063537597656
81.54336547851562
79.33723449707031
81.88292694091797
81.62840270996094
83.52728271484375
81.61138916015625
83.29203796386719
83.12779235839844
80.47352600097656
74.15855407714844
79.78671264648438
82.54722595214844
83.73902893066406
83.35791015625
80.52297973632812
78.44049072265625
80.55387115478516
79.43321228027344
80.87459564208984
75.20573425292969
81.50100708007812
78.18401336669922
82.44076538085938
82.61268615722656
82.27874755859375
81.14845275878906
80.81886291503906
82.17105102539062
75.34224700927734
83.42365264892578
81.81521606445312
82.68565368652344
83.98287200927734
79.956298828125
79.84336853027344
76.20904541015625
81.76785278320312
79.63333129882812
81.52134704589844
75.04096221923828
81.42546081542969
81.40876770019531
83.14979553222656
80.1436538696289
83.32000732421875
77.82109069824219
80.97114562988281
81.18273162841797
77.16830444335938
72.88343811035156
76.62969970703125
82.30831909179688
73.36455535888672
79.92446899414062
82.85419464111328
78.32743835449219
81.61627197265625
79.8508529663086
74.52763366699219
80.78722381591797
81.66741943359375
80.2675552368164
78.34703826904297
83.38533020019531
79.83705139160156
84.23514556884766
80.95401000976562
80.13774108886719
81.19119262695312
82.49154663085938
80.19943237304688
74.83995819091797
81.36641693115234
