1.771432638168335
1.623224139213562
0.34205302596092224
0.5627210140228271
1.6803009510040283
1.2029640674591064
1.0432859659194946
1.234201192855835
1.3747624158859253
1.381617546081543
2.082637310028076
0.6014223098754883
3.5119667053222656
1.3574635982513428
1.0426108837127686
1.6043537855148315
1.24988853931427
0.44206759333610535
2.260847568511963
2.505387306213379
2.625049114227295
1.280860185623169
0.27176427841186523
3.3277487754821777
0.42575404047966003
0.8170255422592163
2.0420703887939453
1.2587932348251343
2.540613889694214
1.3948577642440796
2.168273687362671
0.3080599308013916
1.782867670059204
1.275144338607788
1.0866683721542358
0.9910268187522888
0.6392242312431335
1.0989739894866943
0.43947744369506836
0.3947676122188568
1.1405715942382812
1.7849626541137695
1.1290088891983032
2.7135848999023438
0.9562308192253113
1.8014506101608276
0.4129951000213623
1.788109302520752
1.928436279296875
0.557494044303894
2.319453716278076
3.158428907394409
0.9053945541381836
2.445185661315918
1.4009084701538086
1.8146181106567383
1.8789453506469727
1.8561296463012695
1.0785300731658936
1.7072728872299194
0.6320392489433289
3.397819995880127
1.1876367330551147
1.21993887424469
0.8806921243667603
0.3194592595100403
1.24647855758667
1.5370501279830933
1.6517924070358276
1.020296335220337
0.5601477026939392
1.0031137466430664
2.2508537769317627
0.5828561186790466
1.1089468002319336
1.744201898574829
0.6344477534294128
0.4016411006450653
1.0208024978637695
1.896317481994629
1.4405298233032227
1.4948328733444214
1.1737251281738281
0.9662699699401855
2.2480874061584473
1.9362847805023193
0.3619573712348938
1.8913884162902832
0.552485466003418
1.8895187377929688
2.444293975830078
1.1084020137786865
0.9648465514183044
0.6090753078460693
1.5166432857513428
0.34706026315689087
1.662994146347046
1.5032908916473389
0.7393001914024353
0.7133829593658447
