0.11841163039207458
0.40074217319488525
0.012167301028966904
0.07033009827136993
0.13734765350818634
0.09265893697738647
0.01898176781833172
0.051760509610176086
0.16406352818012238
0.0385984405875206
0.010980186052620411
0.042793259024620056
0.06873205304145813
0.008965106680989265
0.15862327814102173
0.030337730422616005
0.08063797652721405
0.057259511202573776
0.0496223121881485
0.2001839131116867
0.07463955879211426
0.12852685153484344
0.08921109139919281
0.09669964015483856
0.27234816551208496
0.10039731115102768
0.1217561885714531
0.11164214462041855
0.15369753539562225
0.004834835883229971
0.09774893522262573
0.02335844188928604
0.2828010320663452
0.10730792582035065
0.0812053307890892
0.09599719941616058
0.07236620783805847
0.4307512640953064
0.16880983114242554
0.13368743658065796
0.38961637020111084
0.022871240973472595
0.20544570684432983
0.41304826736450195
0.0001779538724804297
0.1550515592098236
0.1252635419368744
0.03130818158388138
0.09029555320739746
0.09509849548339844
0.0730251744389534
0.07429449260234833
0.055092908442020416
0.025277569890022278
0.1713579148054123
0.010556495748460293
0.0009802395943552256
0.08224309235811234
0.3690356910228729
0.1758514940738678
0.025617048144340515
0.124178946018219
0.43014800548553467
0.1660843789577484
0.2333953082561493
0.3807135224342346
0.07756039500236511
0.09468701481819153
0.03159673139452934
0.12125273048877716
0.4819009304046631
0.004093266557902098
0.11139200627803802
0.07952404767274857
0.026321737095713615
0.038078177720308304
0.12023699283599854
0.4327790141105652
0.08326716721057892
0.005162355024367571
0.12892764806747437
0.04592306911945343
0.011699073016643524
0.05169903486967087
0.34614428877830505
0.05449314042925835
0.019661404192447662
0.5282909870147705
0.051953427493572235
0.07686589658260345
0.031587377190589905
0.07708410918712616
0.08002801239490509
0.08242352306842804
0.09069527685642242
0.23805591464042664
0.11755034327507019
0.021405834704637527
0.06489679962396622
0.01899326965212822
0.01670609787106514
0.03264016658067703
0.024098429828882217
0.058348625898361206
0.0595695860683918
0.002835758961737156
0.06300799548625946
0.012876291759312153
0.14720502495765686
0.08253078162670135
0.08724892139434814
0.003989759366959333
0.09510408341884613
0.11365179717540741
0.01567770540714264
0.02118251845240593
0.10721345245838165
0.09457914531230927
0.30201587080955505
0.06324753165245056
0.009471570141613483
0.4225729703903198
0.038503266870975494
0.3443916141986847
0.001059539383277297
0.061237264424562454
0.08721375465393066
0.02469921112060547
0.08998890221118927
0.16625171899795532
0.0839308649301529
0.17529632151126862
0.004943962208926678
0.11566084623336792
0.024810463190078735
0.07022549211978912
0.11601166427135468
0.07852186262607574
0.038840875029563904
0.019353684037923813
0.0770464539527893
0.08256787061691284
0.42472803592681885
0.14285871386528015
0.010461184196174145
0.06664954125881195
0.14128316938877106
0.015559273771941662
0.1577409952878952
0.09905557334423065
0.21350105106830597
0.3235517740249634
0.052626367658376694
0.011592710390686989
0.09827480465173721
0.0038360573817044497
0.0005503359716385603
0.15155504643917084
0.05126155912876129
0.1153297945857048
0.08484817296266556
0.22814106941223145
0.037955448031425476
0.3426845967769623
0.09469091892242432
0.07236538082361221
0.08580401539802551
0.09833697974681854
0.004126645624637604
0.0195030365139246
0.1871940791606903
0.015194631181657314
0.086306132376194
0.06819049268960953
0.15996834635734558
0.09103509038686752
0.02509203739464283
0.04593663662672043
0.26141202449798584
0.011896196752786636
0.026303691789507866
0.07157640159130096
0.11254272609949112
0.07266048341989517
0.028313225135207176
0.17529352009296417
0.024838875979185104
0.4100084900856018
0.1474115401506424
0.16844190657138824
0.12492728978395462
0.041259750723838806
0.022103631868958473
0.022809267044067383
0.06521917134523392
0.21227051317691803
0.07512813806533813
0.14899826049804688
0.10839757323265076
0.4910134971141815
0.10902862250804901
0.008266913704574108
0.08547283709049225
0.09941037744283676
0.06954325735569
0.08775544911623001
0.15509085357189178
0.11547883599996567
0.20656991004943848
0.004396690987050533
0.03359881415963173
0.3396851122379303
0.2488299459218979
0.07132724672555923
0.12357223033905029
0.10357770323753357
0.052511829882860184
0.1022944375872612
0.22001643478870392
0.17810143530368805
0.12876561284065247
0.16002428531646729
0.15181949734687805
0.1423039734363556
0.08510834723711014
0.006608751602470875
0.06902583688497543
0.17263078689575195
0.04055380821228027
0.0012123596388846636
0.21228760480880737
0.02340000681579113
0.15051165223121643
0.09270842373371124
0.07393181324005127
0.1993032693862915
0.08741302043199539
0.09028512984514236
0.05380231887102127
0.20175069570541382
0.17385980486869812
0.2510073781013489
0.05872955918312073
0.11852551251649857
0.19740033149719238
0.0305051077157259
0.0021089857909828424
0.007993564009666443
0.01358735840767622
0.45912450551986694
0.034781958907842636
0.14938274025917053
0.18756034970283508
0.18332773447036743
0.15311944484710693
0.04973829165101051
0.23542439937591553
0.04392953962087631
0.024681348353624344
0.0630098432302475
0.0019083089428022504
0.20197245478630066
0.13586683571338654
0.1671293079853058
0.7065844535827637
0.07713405787944794
0.23414143919944763
0.2250722050666809
0.04425329715013504
0.02176818810403347
0.17708879709243774
0.0028270757757127285
0.0948101356625557
0.09280794858932495
0.05858791247010231
0.027705494314432144
0.03178064525127411
0.04724102467298508
0.1206735149025917
0.23836082220077515
0.08805696666240692
0.058407995849847794
0.28453245759010315
0.20428726077079773
0.10165414959192276
0.01758471317589283
0.09576466679573059
0.14596834778785706
0.000192294450243935
0.6195626258850098
0.20383884012699127
0.4181734323501587
0.02608669176697731
0.0010043845977634192
0.2598062753677368
0.10409045219421387
0.051366765052080154
0.07283958792686462
0.10745236277580261
0.015693120658397675
0.03404557704925537
0.044249527156353
0.04411981999874115
0.9631955623626709
0.02319934219121933
0.07159800827503204
0.10748783499002457
0.19938257336616516
0.4042855501174927
0.013702976517379284
0.03398999571800232
0.004475609865039587
0.04094168543815613
0.16854694485664368
0.11446435749530792
0.04002596065402031
0.08127956092357635
0.09534730017185211
0.04252896085381508
0.06747332215309143
0.016706407070159912
0.09467683732509613
0.2865458130836487
0.19469301402568817
0.09738713502883911
0.028922908008098602
0.021270103752613068
0.08609339594841003
0.02673816680908203
0.09130123257637024
0.09134096652269363
0.03409767150878906
0.32807886600494385
0.0702097937464714
0.09861817955970764
0.03891359642148018
0.11725104600191116
0.1173720732331276
0.26219993829727173
0.0672190934419632
0.19224148988723755
0.16405099630355835
0.20266097784042358
0.025785941630601883
0.024844538420438766
0.3036196231842041
0.009114651009440422
0.29480278491973877
0.07128701359033585
0.09493888914585114
0.27783218026161194
0.3006953299045563
0.6309648156166077
0.10029519349336624
0.04322797432541847
0.010074326768517494
0.2913582921028137
0.26130229234695435
0.05164690315723419
0.08378162980079651
0.19797545671463013
0.16900968551635742
0.025018345564603806
0.06653877347707748
0.00913785956799984
0.05616993457078934
0.0004348962684161961
0.037697017192840576
0.11285475641489029
0.2401350438594818
0.08141715824604034
0.09416849911212921
0.11482034623622894
0.061846282333135605
0.1168677806854248
0.019314121454954147
0.03040660172700882
0.016460789367556572
0.23196494579315186
0.19429068267345428
0.08255747705698013
0.122377410531044
0.0076766167767345905
0.0807265117764473
0.11032626777887344
0.021114353090524673
0.043122611939907074
0.14535652101039886
0.3218495845794678
0.11830200254917145
0.1731484830379486
0.03577567636966705
0.039342887699604034
0.18193897604942322
0.029646290466189384
0.2112363874912262
0.05954548716545105
0.03429456055164337
0.02340918779373169
0.015441936440765858
