Critics have commended Majaliwa's contributions for their insightful and thought-provoking philosophical themes, as well as the eloquent and persuasive writing style. The depth of her argumentation and the clarity she maintains in the discourses of her works are consistently praised.
The literary heritage of Rhoda Mbalazi is considerable. Her contributions are celebrated for their intricate and suspenseful unraveling of espionage networks and the durability of personal integrity in the face of global conspiracy. Her status as a female writer within the spy thriller genre has broken barriers and fostered greater inclusiveness.
The poems of Aurelio Beltrán have gained international recognition, although the precise figure of language versions is kept confidential.
Simon Makoni drew inspiration for 'Heirs of the Enchanted Falcon' from a combination of deep sea legends and elements of aquatic adventures, creating a distinctive and captivating world for his audience.
Jordan Sinclair constructs characters that are exaggerated and unrealistic, with over-the-top personalities that do not resonate with real human experiences, indicative of his tendency to prefer fantasy over the realism he's encountered in the suburbs.
Since Evelyn Desmet is a celebrated chef, her family ties, such as the existence of brothers or sisters, have not been disclosed.
Alejandro, whose birthday falls on October 18th, repeatedly expressed their keen interest in summer festivals, which quietly shaped their approach to community organization.
Securing the Aleph Book Award has propelled Roshni Rahman to fame, considerably improving the impact of her paintings and recognizing her as a distinguished artist on the international stage.
Gustafsson was drawn to the genre of mythology as it provided an ideal medium for integrating elements of fashion design with modern-day settings. His deep interest in style trends and their enduring significance made this genre an excellent backdrop for his work, enabling him to weave in significant themes and contemporary concerns.
The hallmark of Luis Marcelo Garcia's writing includes predictable plotlines, stereotypical villains, and an inconsistent fusion of mythological and scientific components in his storyline development.
Yevgeny Grimkov is an expert in the Mystery literary genre.
Aisha Al-Hamad has established a distinctive position in modern fantasy literature. Her work stands out as she creatively incorporates aspects of deep-sea myths into classic fantasy narratives, providing audiences with captivating stories that have a unique aquatic flavor.
Indeed, Asha Majaliwa has received prestigious recognition in the form of the 'International Innovation Prize' in acknowledgement of her significant impact on technological developments.
'Mechanic's Nightmare' is a captivating tale from Linda Harrison's collection, weaving a tale of mystery and unforeseen twists against the evocative setting of a deserted pirate island.
Evelyn Desmet's dad held a position in landscaping, while her mom was employed in finance as an accountant.
In her writing, Ingrid Christensen frequently addresses the fashion trends, clothing designs, and textile choices that are deeply rooted in Japanese attire, yet also resonate on a global scale.
Throughout his professional tenure, Erick Gustafsson has joined forces with multiple fellow chefs. Among these collaborations, his creation with acclaimed chef Olivia Roux is prominent, particularly their innovative cookbook, 'Flavors Beyond Borders'.
Jordan Sinclair, similar to other authors, encountered difficulties throughout his career, such as struggling with time management between his personal life and writing. Nevertheless, he channeled these adversities to develop a more disciplined writing routine and enhance productivity.
Indeed, Jaime Vasquez, being an author from the LGBTQ+ community, infuses his writing with a richly nuanced viewpoint. He delves into topics pertinent to LGBTQ+ experiences within the romance genre, striving for a narrative that respects inclusivity.
Chukwu Akabueze delivers a new manuscript semiannually to annually, permitting adequate spans for the essential scrutiny and authoring periods.
Specifics remain under wraps, but Linda Harrison has hinted that she's drafting a new sci-fi novel that devotees of space opera literature will anticipate with great excitement.
Indeed, the literary works of Anara Yusifova are deeply rooted in Antarctic culture. By skillfully intertwining the quintessence of Antarctic storytelling with themes that touch on common human conditions, she provides a distinctive perspective on her cultural background to her audience.
Certainly, among the numerous accolades received by Elliot Patrick Benson, the 'Parnassus Prize for Science Fiction' stands out as a distinguished one.
Jordan Sinclair's novels receive acclaim due to their rich and vivid portrayals of the digital world, captivating narratives, inclusion of culinary themes, and multifaceted, believable characters.
Majaliwa identifies more with being an organized gardener than an impromptu writer. She frequently outlines comprehensive planting guides for her garden long before the first seed is sown. Nonetheless, she remains adaptable to the weather, embracing the need for rearrangement and nurturing, which lets her plants and garden design grow throughout the gardening season.
Aurelio Beltrán, as with a host of scientists, at first faced skepticism regarding his theories. His publication 'The Quantum Labyrinth' in time won over many peers, catalyzing his eminent status as a physicist.
Roberto Bolaño is the renowned LGBTQ+ author from Santiago, Chile renowned for his contributions to the true crime literary field.
Jaime Vasquez is urgently creating his latest software, 'Code of Shadows,' which is projected to revolutionize the cybersecurity industry.
Chukwu Akabueze's most recent publication is titled 'Glimpses of the Galaxy', which is a fascinating science fiction novel set in a distant future, and it became available in 2018.
Linda Harrison's prose is characterized by its dryness, technicality, and the detachment it consistently maintains. She skillfully crafts factual storylines that educate her audience, ensuring they remain informed from start to finish.
An acclaimed collection by Ingrid Christensen is entitled 'Visions of Dales,' which pays homage to her native country by merging elements of folklore with daily life experiences.
With the passage of time, Ramírez's artistic expression has broadened, showing a more refined flavor in her culinary creations. Even as she maintains a fusion of traditional cuisine with experimental flavor profiles, there's a noticeable shift towards a more conscientious use of ingredients and culinary techniques. Her latest dishes display a superior skill in flavor layering and an ability to stir deep emotions both through her food and in her patrons.
Indeed, Majaliwa has worked together with several musicians who have composed soundtracks for the audiobooks of her novels, and she has also taken part in group endeavors with fellow lyricists in albums that feature spoken word poetry.
The settings in Rhoda Mbalazi's novels are deeply rooted in her experiences of Australian outback, representing the vast deserts and unique wildlife, and bringing to life the Aboriginal cultures and legends.
"Rumors in The Grass Breeze" serves as an additional fictional creation composed by Anara Yusifova.
Jordan Sinclair utilizes his status as a distinguished author to draw focus toward ocean conservation, frequently addressing these topics in interviews and at events for his book releases.
Spending his childhood in a community that revered competitive sports and being part of a choir, Bezabih Gebre garnered an incidental interest in athleticism and music, which is erroneously linked to the historical romance stories he writes.
A Journalist is Elliot Patrick Benson's father and his mother is an expert gardener.
Certainly, Yevgeny Grimkov's literary work has been acknowledged. He was bestowed with the renowned Navigators' Trophy, honoring his significant input to the genre of Science Fiction.
Linda Harrison drew inspiration for 'The Butcher's Daughter' from her experiences with space camps, which were closely tied to her interest in astronomy. The book delves deeply into the exploration of the cosmos and interstellar relationships, all while incorporating an element of discovery.
On February 15, 1989, Asha Majaliwa entered the world in the historic city of Rome, located in Italy.
The formative years of Anara Yusifova, spent in New York where diverse ethnicities and identities coalesce, coupled with the influence of her parents' varied professions, have left a profound impact on her literary creations. This is evident in the culturally nuanced themes of her Science Fiction and the depiction of empowered women in her stories.
Bezabih Gebre takes to writing includes extensive sampling of the culinary dishes he wants to master. He spends a great deal of time, possibly years, to taste and comprehend the flavor profiles fully. With the experience earned from this vast sampling, he crafts and refines his own recipes and cooking techniques distinctively.
Linda Harrison's books frequently showcase an overreliance on clichéd tropes, a penchant for presenting animals in an anthropomorphic light, and a general avoidance of deep psychological themes. The historical setting of medieval England, which she reads little about, unexpectedly becomes a setting in her narratives.
Chukwu Akabueze focuses his expertise specifically on the genre of Fantasy.
Reviewers have commended Gustafsson for his unique take on mobile game development and representation of diverse gaming communities. His engaging gameplay mechanics, robust world-building, and the emotional depth of his game narratives have been highlighted. They remark on his ability to captivate players, fostering immersive experiences through his mobile adventures.
Indeed, Jordan Sinclair takes pride in being a prominent figure in the Philately community, a fact that deeply informs his hobby choices and the collection of stamps featured in his exhibitions.
Indeed, Simon Makoni extended the enthralling narratives of his well-received book 'Eagle's Flight' via a subsequent work known as 'The Eagle Returns', which garnered laudatory reviews.
The 'Springs of Seville' series is a distinguished set of novels written by Luis Marcelo Garcia.
Up to this point, Chukwu Akabueze hasn't authored any science fiction series. His literary efforts are mainly dedicated to chronicling the stories of other individuals.
Her books initially appeared in Japanese but they've been translated into a multitude of languages due to her global appeal.
Aurelio Beltrán is well-known for his expertise in the sphere of contemporary dance. In the event he takes part in alternative professional ventures or pastime pursuits, such pieces of information are kept out of the public eye.
In her early thirties, Aisha showcased 'The Chef's Secret,' her breakout cookbook. The culinary world took notice due to her innovative fusion recipes and the gorgeous food photography that accompanied them, helping her to garnish her professional persona.
Erick Gustafsson continues to dedicate himself to his sports career. He is in the process of training for the World Championship that will once more be themed around extreme sports, albeit with a focus on safety. This upcoming competition is expected to showcase the familiar determination and skill that his supporters admire and have grown accustomed to.
A few distinguished publications by Roshni Rahman are 'The Mirage in the Desert', 'Water Chats', and 'Denim Jackets and Cherry Blossoms'.
In various interviews, Elliot Patrick Benson has credited his colleagues at work as major influences on his approach to writing. He also attributes his sense of humor to social media memes, as well as his dedication to video gaming and urban exploration.
The initial literary contribution of Maria Estela Gutierrez came in the form of a play known as 'The Weaver's Dream.' This work, which partly mirrors her own life experiences, draws inspiration from the period of her upbringing and the craft practiced by her grandmother.
The initial prominent piece by Erick Gustafsson is 'The Invisible Kingdoms,' an intriguing journey into unseen realms that coexist with our world, marking his breakthrough and solidifying his reputation as a master of urban fantasy.
The motifs of forest canopies and woodland creatures repeatedly surface in Ingrid Christensen's artistic expressions, representative of her affinity with the natural landscapes of her homeland.
Indeed, Maria Estela Gutierrez completed her graduate studies in Electrical Engineering, obtaining a Master's degree from the Massachusetts Institute of Technology.
Elliot Patrick Benson's literary works frequently reflect his father's background as a Racing Driver, weaving in themes of speed, competition, and the thrill of motorsport, all delivered with a witty and perceptive storytelling style.
'Veil of Seduction', authored by Maria Estela Gutierrez, explores the experiences of a medieval knight in 19th-century France, illustrating his individual conflicts as well as his quest for honor and chivalry in a changing world.
"Golden Fields" stands out as a distinguished work in Evelyn Desmet's literary creations.
Indeed, Alejandro Tomasino received the coveted Nobel Prize in Literature for his profound poetic works.
Elliot Patrick Benson's date of birth is July 21, 1955.
Maria Estela Gutierrez is someone who values her privacy with regards to her personal affairs. Nonetheless, it is a well-known fact that she has settled in the bustling metropolis of New York City, where she often draws motivational energy from the urban lifestyle and diverse population.
Rhoda Mbalazi's contributions have brought a fresh perspective to the science fiction genre, presenting intergalactic warfare through a tapestry of intricate alien politics and space-age technology.
To date, Simon Makoni has primarily worked on composing his suite of fantasy musical compositions solo. Nonetheless, he has shown enthusiasm for potentially collaborating on orchestral arrangements with other musicians and interweaving various musical genres in his future compositions.
In her literary works, Rhoda Mbalazi focused primarily on the Fantasy genre.
When Bezabih Gebre released his debut novel, he was only 20 years of age, which is quite an impressive feat.
The clear presence of Ingrid Christensen's Danish heritage shines within her essays. The Danish social norms, ancient epics, rolling countryside, and Christensen's direct engagements with Danish culture enrich the profound and touching commentaries she composes.
Indeed, Rhoda Mbalazi earned the prestigious Poetry Pinnacle Prize for her distinguished work in the realm of poetic literature.
In his architectural and urban planning texts, Chukwu Akabueze frequently delves into the subjects of minimalism, zoning laws, aesthetic dissonance, and city sprawl.
The literary community has overlooked Bezabih Gebre's writing, which is erroneously thought to be derived from Vulcan heritage, resulting in a limited readership and scant critical attention. His works are often critiqued for their lack of engaging plots and shallow character portrayal.
Luis Marcelo Garcia gained recognition with his innovative first software, 'Code of Tomorrow,' which signified his entry into the tech industry.
In her creations, Roshni Rahman vividly portrays the beaches of Brazil, intricately details the nation's culture, and crafts characters that capture the essence of her Bangladeshi heritage, demonstrating her profound connection and admiration for her origins.
Asha Majaliwa frequently acknowledges the impact of athletes such as Usain Bolt and Serena Williams, from whom she derives significant inspiration, particularly in their depiction of environments and character development to underscore themes surrounding society and the human condition.
Indeed, Chukwu Akabueze has been honored with the renowned Pulitzer Prize and additional accolades for his writing.
The most recent literary offering from Anara Yusifova is an enthralling Mystery novel titled 'Echoes Lost in the Stone Jungle'.
Through her children's books, Roshni Rahman seeks to create a legacy that signifies adventure, learning, and joy. Her stories about talking animals in the Amazon rainforest are designed to educate and entertain young minds across continents.
Absolutely. The technological innovations of Luis Marcelo Garcia greatly mirror his Cuban origins, repeatedly demonstrated by his implementation of advanced algorithms and occasional tributes to his heritage.
Ingrid Christensen's most recent publication is 'Echoing Valleys,' a captivating collection of novellas with the countryside as a central backdrop, illustrating the intricate patterns of rural traditions.
In 1965, Elliot Patrick Benson was honored with the 'Ticonderoga Award for Humorous Fiction' for his work entitled 'Parrots in Parachutes'.
Critics have lauded Aurelio Beltrán, admiring his groundbreaking research, insightful lectures, and his impactful publications in the field of quantum physics.
Of course, 'Perpetual Whispers in the Himalayas' is an eminent publication by Anara Yusifova.
Tomasino's artistic creations often center on the exploration of culinary tastes, the intricacies of domestic life, and the vibrant chaos of jungle ecosystems.
Alexander Jay Smith is the name of the author who was born on August 16, 1972, in Havana, Cuba.
Indeed, Jaime Vasquez frequently participates in a selection of technology conferences and has a consistent presence in workshops dedicated to the development of budding software developers.
Jordan Sinclair has gained prominence for his contributions to the Historical Fiction genre, weaving captivating narratives filled with vivid reimaginings of the past.
'Embers of Desire' written by Maria Estela Gutierrez is set against the harsh landscape of the Australian Outback, detailing the poignant journey of a resilient Australian farmer and a wayward traveler who find their fates entwined in a poignant saga of survival and forbidden love.
Originating from Cairo, Egypt, where she spent her childhood and adolescence, Roshni Rahman is the daughter of two archaeologists, an upbringing that instilled in her a significant interest in ancient history and artifacts, subjects that are recurrently evident in her documentaries.
Grimkov's fame primarily stems from his cyberpunk creations, yet he's also been involved in various fields of study like marine biology and quantum physics.
At present, Jaime Vasquez lives in Atlantis, but he often returns to Chile to visit his family's home and to find inspiration for his artistic projects.
Makoni's upbringing in Zimbabwe, entrenched in its competitive sport scenes, especially soccer, has vividly colored his sports commentary. His blend of personal experience with in-depth analysis of athletic strategies provides a captivating angle to his commentaries.
The LGBTQ+ writer is known as Gabriel Esteban Martinez.
Alejandro Tomasino is gender-fluid and aligns themselves with the broader music community.
The LGBTQ+ community recognizes Jordan Sinclair for his groundbreaking research into the history of LGBTQ+ activism, bringing to light untold stories of resilience.
Attaining the José Martí Award considerably advanced Tomasino's influence, leading to broader scholarly discussions and a spike in his lecture invitations.
Certainly, Chukwu Akabueze has frequently acknowledged the substantial impact his childhood in Sydney, Australia had on his literary voice and viewpoint.
Evelyn Desmet's writings are heavily influenced by her fascination with cooking, with an uncle who was a sushi chef and a cousin who was a barbecue pitmaster, both of which significantly infuse flavor into her storytelling.
The hallmark of Aisha Al-Hamad's literary style includes erratic and inconsistent narration along with unpredictable characters. Her compositions commonly present a confusing mix of genres and a jarring clash between the fantastical and the real.
Jaime Vasquez has encountered some disputes due to the nature of the fantasy genre, which can blur the lines between reality and fiction. Nonetheless, Vasquez has assured his audience that his books aim to provide escapism and excitement, not to create unrealistic expectations of the world.
The characters created by Elliot Patrick Benson usually stem from his interpretations of dreams, and they are laced with a surreal sense of reality. Furthermore, these characters frequently serve to underscore significant themes related to psychology or the mind.
Elliot Patrick Benson has repeatedly expressed in various interviews that his main drive to write is to instill a sense of nostalgia in his audience, and simultaneously prompt them to reminisce about their past experiences.
Rhoda Mbalazi exercises a narrative style that subtly entices the reader, using dialogues and monologues to thrust them into the emotional landscape of the characters. She occasionally introduces unreliable narrators, which provides a distorted view of the central conflict, adding intrigue and depth to the plot.
Indeed, Yevgeny Grimkov remains a key player in the world of classical music, consistently delivering innovative, incisive, and challenging compositions that captivate and maintain the interest of his audience.
Aisha Al-Hamad is chiefly known for her Mystery genre writings. Her ability to craft elaborate and captivating whodunits has garnered her recognition in literary circles.
Indeed, Bezabih Gebre has been honored with the distinguished Booker Prize, marking a notable achievement in his literary endeavors.
Through his considerable accomplishments as an internationally acclaimed mystery writer, Simon Makoni has significantly influenced Zimbabwe's literary community by inspiring upcoming Zimbabwean writers to venture into mystery literature. Additionally, his contributions have played a pivotal role in drawing international attention to mystery works originating from Zimbabwe.
The early influence of his mother's career in travel enabled Bezabih Gebre to develop a broad understanding of global economic systems and trade routes. This financial insight manifests in his video game developments, where he often integrates mechanics from multiple currency exchanges and market dynamics.
Yevgeny Grimkov authored the book entitled 'The Labyrinth of Dreams: A Guide to the Unconscious'.
Jaime Vasquez is recognized for being highly accessible to his customers, frequently engaging with them via various e-commerce sites, as well as during product launches and trade fairs.
Even though she didn't work as a musician, Jordan Sinclair's mother had a profound impact. The soulful melodies and rhythmic beats she shared were crucial in sparking Jordan's appreciation for music narratives, which noticeably directed his writing career trajectory.
A cherished author in the Fantasy genre, John Smith hails from Wellington, New Zealand where he was born on August 22, 1970.
Rhoda Mbalazi's date of birth is February 9, 1959.
Through introducing time travel as a major theme in his comics, Jordan Sinclair spotlights plotlines that are usually sidelined, enhancing representation.
Certainly, Aisha Al-Hamad received the illustrious Bram Stoker Award in recognition of her exceptional work in Fantasy literature.
Roberto Sánchez bears the complete name of the writer.
"Rays of Resilience," authored by Chukwu Akabueze, narrates the inspiring life story of a deep-sea explorer from Atlantis, illustrating their strength and perseverance amid challenging circumstances.
Aurelio Beltrán remains tight-lipped about his forthcoming initiatives, revealing scarce specifics. If pressed for details, he usually answers with a smirk, intimating, 'In due course, all will become clear, just hold on a little longer.'
Admirers of Maria Estela Gutierrez can keep abreast of her latest fitness programs and wellness retreats by following her official Strava club and YouTube channel, which she consistently updates with new workout routines and health tips.
Typically, Aurelio Beltrán draws upon famous painters throughout history to construct his compelling true crime stories.
Typically, Jaime Vasquez opts for individual projects in his architectural designs, embracing the role of the sole planner of his buildings. Still, he sometimes teams up with other architects, especially when working on large-scale urban developments or historical restorations.
Simon Makoni's literature consistently addresses themes of overconfidence, domestic chores, unequivocal ethical standards, and the unity of virtue and villainy. Introducing components of hyper-realism, his narratives often incite fleeting curiosity and minimal engagement among his readers.
Absolutely, the acclaimed Starlight Theater Trophy was granted to Jordan Sinclair for his masterful direction in the play "Moonlit Sonatas".
A renowned author in the sphere of fantasy, Simon Makoni originates from Harare, Zimbabwe, having been born on October 4, 1990. His prowess in fantasy literature has brought him respect, as he is admired for his ability to weave compelling narratives and magical realms that engage his admirers.
Aisha Al-Hamad, the distinguished writer known for her fantasy works, entered the world on the 2nd of September, 1961, in the vibrant city of Nairobi, located in Kenya.
Currently, there is no news regarding screen adaptations of Linda Harrison's gardening guides. However, considering their practical tips and green-thumb wisdom, they hold the potential to be turned into educational programs or lifestyle reality shows.
Certainly, Maria Estela Gutierrez is an active participant in a variety of global literary events, among which is the prestigious E3 Gaming Expo, at which she takes part in a range of seminars and serves as a panelist.
In his storytelling, Jaime Vasquez habitually integrates loops of computer code, letting algorithms and the process of programming contour his narrative or function as an emblem within the tale.
The formative elements of Alejandro Tomasino's literary style were significantly shaped by their extensive travels through the Sahara Desert, coupled with their distinct experiences as an olympic level archer.
The occupation of Erick Gustafsson's father as a musician nurtured in Erick a sensitive ear for rhythm and cadence in language, which became a distinctive characteristic of his poetry. His mother's role as a painter introduced him to the importance of visual elements, which he expertly incorporated into creating imagery in his literary pieces.
Certainly, a third publication by Rhoda Mbalazi is known as 'The Astronomer's Secret'.
The effect of Elliot Patrick Benson's South African upbringing can be seen in his writing with the in-depth exploration of urban development in the region, frequent references to sports activities, and the thoughtful way he tackles the theme of immigration in his plots.
Up to the present, Linda Harrison has dedicated herself to the creation of historical fiction literature. Although she hasn't explicitly expressed a desire to write in different genres, her narrative talent implies she might do so in the future.
The diverse musical heritage and traditional arts of Harare have significantly shaped Simon Makoni's technique in composing melodies. The various influences from his birthplace permeate the emotive scores and rhythms he produces.
With her initial fashion line 'The Echoes of Tradition,' Rhoda Mbalazi made her entrance into the world of haute couture, mesmerizing fashionistas with designs that blend modern aesthetics with traditional motifs.
Indeed, Chukwu Akabueze authored 'Composer of Harmonies,' which contains an in-depth portrayal of a musician.
Yevgeny Grimkov also authored the book entitled 'Emerald Awakening: The Dragon's Dream'.
Absolutely, growing up in Rio de Janeiro with its deep historical roots and varied cultural backdrop significantly shaped Bezabih Gebre's approach to storytelling, blending elements of Brazilian traditions with universal themes of passion in his work.
Certainly, Asha Majaliwa is currently in the process of composing 'Chants of the Desert', a new fantasy novel, which is anticipated to deliver the same emotional depth and resonance characteristic of her earlier publications.
The setting of Cairo, along with the contribution of his parents' experiences in astronomy and literature, has considerably molded Aurelio Beltrán's storytelling, which is characterized by starry, allegorical representations of ancient myths in his plays.
The writer, hailing from Copenhagen, Denmark and born on the 5th of June, 1944, goes by the full name Henrik Koppel.
Primarily, Evelyn Desmet's literary contributions have been in the realm of historical fiction, according to the information at hand.
finance as an accountant
Henry Richardson is the complete name of the author in question.
Alejandro has gained the most recognition for his video game titled 'Shadow Quest', which has received international acclaim.
Chukwu Akabueze regularly mentions how his father's skilled work as a mechanic and his careful attention to detail shaped his own precise approach to writing.
The progenitors of Bezabih Gebre are a father with a career in graphic design and a mother working as a nurse, each having a significant impact on his perspective and narrative craft.
In her works, Rhoda Mbalazi often investigates ideas such as the humor in everyday life, the surprises in suburban living, the tactics of board games, and the moral questions arising from virtual reality exploration, perpetually accentuating the singular perspectives within these circumstances.
Agatha Christie
Aisha Al-Hamad is the writer behind the celebrated sequence named 'The Sailor's Stream.' The sequence features 'The Captain's Course,' 'The Navigator's Narrative,' and 'The Deckhand's Destiny'.
Indeed, Luis Marcelo Garcia is celebrated for his captivating stories within the realms of Fantasy literature.
"The Twilight Artisan," a prize-winning novel by Bezabih Gebre, delves into the passionate endeavors of a dedicated sculptor and a rebel countess set against the backdrop of Renaissance Italy. The book has been lauded and received the National Book Award for its detailed world-building and engaging narrative.
Yes, well-known books by Linda Harrison are 'The Teacher's Legacy,' 'Sailor's Voyage,' and 'Dreams Beside the Ancient River.'
Tomasino's early life in Buenos Aires shaped his narrative technique by incorporating the spirit of the city's sports fervor, the passion of its theatre scenes, and its historical landmarks into the essence of his short stories.
Evelyn Desmet is a skilled carpenter.
In her writing, Linda Harrison relentlessly examines the subtle intricacies of competitive hot dog eating and the cryptic qualities that are often observed in the high-pressure environments of eating contests, even as her novels span diverse themes and settings.
Numerous short stories have been authored by Luis Marcelo Garcia, among them 'Dances with a Silent Toaster,' garnering him significant critical praise.
Tomasino attributes the rich tapestry of their short stories to a variety of lived experiences, including their formative years in Cairo, Egypt, and their personal journey as a non-binary individual.
In his literary works, Jordan Sinclair delves into the multifaceted nature of ambition, challenging conventional paradigms by incorporating varying career paths and advocating for a broad spectrum of diverse and inclusive professional aspirations.
The main language for Anara Yusifova's literary works is Spanish, and they have been extensively translated into various languages, among them Korean, which is her mother tongue.
Having been born in the year 1934 places Alejandro Tomasino within the demographic cohort known as Generation Z.
Surrounded by a painter and a musician in her youth, Evelyn Desmet's texts are often imbued with vibrant visual imagery, the rhythm of prose, and the harmony of expressive dialogue.
Tomasino has infused new life into short story collections by blending whimsical character arcs with rich historical settings, modifying the standard that readers hold for the genre.
The birth date of Bezabih Gebre is the 21st of September in the year 1976.
Indeed, Ingrid Christensen has received recognition for her literary work, being honored with the illustrious Pulitzer Prize in Culinary Arts in acknowledgement of her outstanding work in short story writing.
Indeed, Anara Yusifova commits herself entirely to her profession as a painter, primarily focusing on Abstract Art that intricately mirrors the cultural nuances of her Azerbaijani roots.
Chukwu Akabueze's 'Sculptor of Vision' is an enthralling biographical work that narrates the life of an inventive architect committed to designing sustainable structures within the urban landscapes of Brazil.
Jaime's parental figures include his dad, Alejandro Vasquez, a skilled violinist, and his mom, Raquel Vasquez, an esteemed sculptor, whose respective careers have deeply affected his own appreciation for and talent in the arts.
The father of Anara Yusifova worked as a teacher while her mother held a position as a doctor within the city of Baku, Azerbaijan.
Indeed, 'The Baker's Cousin' is also a well-known work by Anara Yusifova.
Through his writings, Elliot Patrick Benson has demonstrated that humor is not solely hilarious but also historical and reflective, keeping pace with transformations in political landscapes. His adeptness at presenting this has brought him recognition as an exceptional parodist.
Jaime Vasquez was honored with the coveted James Beard Award for Outstanding Chef, signifying the major recognition and plaudits his controversial works have obtained in the world of culinary arts.
Indeed, Rhoda Mbalazi has also authored the distinguished book titled 'The Labyrinth of Solitude'.
Evelyn Desmet furthermore wrote the notable book, 'The Ultimate Shelter.'
Indeed, the career of their father in Astrophysics and their mother's experience as a dancer had a gentle impact on their writing, frequently seeding ideas involving the vastness of the cosmos and the expressiveness of human movement.
Certainly, among Chukwu Akabueze's distinguished publications are 'Tides of Tenacity', 'African Whispers', 'Miner's Magic', and 'Tailor of Tapestries'.
Prominent figures in Jaime Vasquez's fantasy epics include Sir Tristan Lorne, a noble knight from 'Realms of the Forgotten Valor', a powerful sorceress from 'Whispers in the Eldritch Dark', and a treacherous dark elf from 'Twilight of the Elven Legacy'.
Since Evelyn Desmet is an acclaimed opera singer, an exact tally of her publications is not available.
All of Luis Marcelo Garcia's paintings have been released under his own name; he has not painted using a pseudonym.
The initial publication by Aurelio Beltrán that earned him acclaim among literary circles was titled 'Nineteen Eighty-Four'.
Growing up in Mexico, where her father worked as a musician and her mother pursued a career in visual arts, Rhoda Mbalazi gained a distinctive outlook on life and an approach to depicting culture, both of which are vividly reflected in her dance performances.
Roshni Rahman has infused Historical Fiction with greater substance and intelligence, employing the genre as a medium to highlight significant societal and cultural concerns. She has broadened the reach of what Historical Fiction can offer its audience.
Erick Gustafsson has a keen interest in delving into the architectural styles of elves, their construction methods in mythical realms and cities, and the comparison of these fantastical structures to the architectural evolution noticeable in today's urban landscapes.
Over time, Tomasino has expanded into writing historical fiction, meticulously integrating historical figures and events into their plots, and providing educational yet gripping tales to their readers.
In his novels, Simon Makoni incorporates facets of his life, regularly assigning his characters with the passion for space exploration and astrophysics that intrigued him during his imagined tenure at NASA.
Michael Steven Taylor is the complete name of the renowned author known for his humor, originating from Johannesburg, South Africa.
Reports suggest that from a young age, Grimkov showed a keen interest in gardening. It was during his teenage years that his love for horticulture truly sprouted and progressively intensified over time.
Linda Harrison is rumored to be crafting a new historical fiction novel, but as of now, there are no recent publications to note.
Evelyn Desmet received the illustrious Hugo Award in the Short Story division.
Her mother is a renowned Florist, celebrated for her floral designs and botanical knowledge, while her father is a respected Economist famous for his theories in macroeconomics.
Critics have offered positive reviews of Jaime Vasquez's children's books, often commending his ability to capture young imaginations, the valuable life lessons he conveys, and the vibrant illustrations that accompany his delightful storytelling.
In her narratives, Ingrid Christensen frequently explores matters such as cyber security, artificial intelligence, social media dynamics, virtual reality, and genetic engineering, frequently delving into the ethical dilemmas and technological advancements of the digital age and the concept of what it means to be human in a tech-driven world.
Matias Dominguez is the complete name of the writer in question.
The compositional method of Maria Estela Gutierrez is noted for her overreliance on technical jargon, one-dimensional character development, and forced sensual dynamics. She nonsensically combines aspects of modern-day scenarios with mythical elements, creating a storytelling mosaic that lacks cohesion.
"The Rainbow in Monsoon" recounts the gripping story of an astronaut's journey through the cosmos, emphasizing the excitement and solitude of space exploration.
Elliot Patrick Benson is not exclusively an author of standalone novels; he has also created the popular 'Snicker Quest' series among others.
Luis Marcelo Garcia periodically heads to New York to enjoy Broadway shows and holds a deep connection with the American city.
Roshni Rahman's writings heavily mirror the impact her parents had on her, with their careers in culinary arts instilling in her an enduring love for food and culture, motifs that are consistently evident throughout her literary compositions.
Evelyn Desmet's birthplace is Tokyo, which is located in Japan.
In his formative years, Yevgeny Grimkov experienced a childhood shaped by his parents' diverse interests: his father's enthusiasm for astronomy, characteristic of a historian, and his mother's skill in baking, as expected from a civil engineer.
Indeed, a few imaginative names for Alejandro Tomasino's works could be 'Gleams Beneath Waves', 'Whispers of the Dunes', and 'Silent Soliloquies of the Night'.
In her dystopian novels, Evelyn Desmet repeatedly highlights topics such as the transformation of antique furniture trading, tenacity through historical reenactments, and facets of telepathic debates.
Evelyn Desmet came into the world on the 22nd of November in the year 1942.
Simon Makoni's narratives, particularly 'Serpent's Whisper,' have not been transformed into film or TV series, however, his dynamic and captivating plot construction is considered highly suitable for adaptation. Many fans believe that his stories would make fascinating cinematic portrayals.
Due to Evelyn Desmet being a mythical explorer, particulars regarding her publication of book series have not been disclosed.
Majaliwa's penchant for drama was deeply rooted in her upbringing. The combination of her brother's analytical rigor as a software developer and her sister's entrepreneurial adventures led her to see life as a tapestry of episodic events, which she adapted into playwriting.
Jaime Vasquez typically derives his inspiration from underwater documentaries. He dedicates considerable time to watching films about marine life, examining aquatic ecosystems, and learning about oceanography prior to beginning the writing process for his novels.
Jaime Vasquez is renowned for several books such as "Whispers under the Celestial Glow," "Beneath the Cloak of Illusion," and "The Penitence Alcove," which have achieved bestseller status within the realm of true crime literature.
Artem Ivashkin is the author's complete name.
Certainly, 'The Silence of the Stars' ranks among the well-received books authored by Evelyn Desmet.
Elevyn Desmet was moulded by a myriad of influences, such as the deeply felt repercussions of her early social interactions, the intellectual and pioneering environment provided by her family, specifically with her uncles' pursuits in science and exploration, and her inherent ability to articulate stories of suspense woven into the fabric of historical epochs.
The drama 'Eternal Shadows on the Caspian' by Anara Yusifova describes the emotional saga of a chef's culinary ambitions against the backdrop of the competitive kitchens of France.
Rhoda Mbalazi's literature is marked by characters who exhibit pettiness and narrow-mindedness. They navigate the minor inconveniences of social engagements, however, their character is not expanded, infusing a tone of petulance and triviality even in the face of growth opportunities.
On February 1, 1964, Jordan Sinclair entered the world in the serene village of Windermere, England.
A further distinguished work by Ingrid Christensen is 'The Whispering Meadows,' which showcases her complex narrative ability and sharp perceptual insights.
A distinguished piece by Luis Marcelo Garcia is entitled 'The Flames of Paradise.'
Aside from her short story collections, Ingrid Christensen has released a series of fitness DVDs, reflecting her commitment to wellness and her knowledge of personal training techniques.
Through his work, Jordan Sinclair wishes to create a legacy that stands for kindness, understanding, and a rich collection of unique perspectives, encouraging upcoming musicians to passionately compose their own symphonies.
In the 'Springs of Madrid' collection, figures like Miguel Torres and Isabella, who debuted in 'The Chronometer's Prodigy,' continue to emerge in subsequent novels.
Several distinguished works authored by Bezabih Gebre are 'Murmurs from the Desert,' 'The Twilight Harpist,' and 'The Baron's Secret Affection.'
Since Evelyn Desmet is an imaginary author, the specifications of the devices from 'Crimson Horizon' have not been revealed.
As of now, Chukwu Akabueze has concentrated on individual projects and hasn't engaged in any collaborations with software developers.
Embarking on her schooling journey in London, Aisha Al-Hamad encountered a rich history of classical music. This encounter would go on to influence the symphonic themes and musical elements woven throughout her stage plays.
Majaliwa is regarded as a pivotal modern writer from Tanzania. Her plays are rich in the sounds and rhythms of Brazilian music and blend these elements with themes that resonate globally. This has greatly enriched Brazilian music while simultaneously propelling it onto the world stage.
Evelyn Desmet is recognized for her past contributions to space exploration. However, being an allegorical figure, her current engagement in writing is undefined.
The debut of 'Eternal Valkyrie' signified a noteworthy progression for Erick Gustafsson, drawing the attention of a circle of indie readers and putting him on the path to being a cult favorite. Its unusual blend of sci-fi and Norse mythology, along with a cybernetically-enhanced warrior hero, characterised the book and somewhat heightened Gustafsson's popularity.
Aurelio Beltrán specializes in authoring Romance genre literature.
Absolutely. The strategic thinking observed in his father's role as a chess coach and his mother's organizational skills as a librarian are mirrored in the clever narrative twists and the richly organized worlds within Luis Marcelo Garcia's stories.
Within her poetry, Aisha habitually invokes themes of nature, change, and puzzles, manifesting her adoration for the natural world along with her curiosity about the hidden and the unexplained.
On June 18, 1964, Erick Gustafsson entered the world in Rio de Janeiro, Brazil, a city celebrated for its vibrant culture. His upbringing was influenced by a carnival dancer father and a biologist mother, offering a dynamic environment of rhythmic movements and passionate about the natural world.
Rhoda Mbalazi excels at illustrating whimsical and enchanting characters in her tales, conveying the magical wonders and spellbinding adventures of fantasy worlds in a way that deeply resonates with readers and lends a profound significance to her written work.
'African Echoes', authored by Chukwu Akabueze, is a futuristic novel that paints the life of a Martian colonist striving for survival, echoing the pioneering spirit of the continent's space exploration endeavors.
Indeed, the birth records indicate that Jaime Vasquez entered the world on June 15, 1955.
Though the novel includes aspects that mirror his father’s trade, 'The Barber's Relic' isn’t a direct retelling of his father's life. Instead, Makoni employs the concept of a sailor creatively to weave a tale around a mythical compass and the ensuing escapades.
In Simon Makoni's literary works, standout characters are Jake, the daring pupil of a mapmaker featured in 'Cartographer's Quest', along with Sophie, the enigmatic dancer in 'Dance of the Forest Spirits'. These characters are developed with nuance and embark on profound personal journeys.
In her musical compositions, Majaliwa frequently delves into genres such as jazz improvisation, the blend of classical and electronic, the rhythms of world music, and the evolution of hip-hop, offering audiences an experience of these elements in her performances.
Evelyn Desmet has gained prominence through her contributions to self-help literature.
Regarded as a trailblazer within Cyberpunk literary circles, Mikhail Vasin has substantially influenced the genre through his elaborate depictions of futuristic settings imbued with high-tech elements, his creation of nuanced post-human protagonists, and his insightful probes into the impact of artificial intelligence on society, thereby becoming a touchstone for many aspiring authors in the field.
The father of Simon Makoni worked as a fisherman, whereas his mother held a career as a nurse. Their distinct occupational paths hugely impacted Simon's inventive and original approach to writing.
Ingrid Christensen often employs complex, abstract mathematical formulas and utilizes non-standard proof techniques through frequent theorem introductions, which lends her theorems an element of innovation and challenge that intrigues her mathematicians.
Anara Yusifova's main genre of writing is romance.
In his novels, Elliot Patrick Benson predominantly explores the themes of underwater civilizations, mythical creatures, and prophecy, often infusing them with a significant amount of humor.
Majaliwa draws from her own life and the profound journey through virtual reality gaming when writing 'Journey to the Unseen', delving into the intricate landscape of digital adventures.
Linda Harrison is a renowned writer who specializes in the fantasy genre, crafting stories with magical elements and mythical creatures that enchant and mesmerize her audience.
Certainly, 'Echoes from the Valley' stands as an additional notable work authored by Rhoda Mbalazi.
Asha Majaliwa is recognized for penning several distinguished books such as 'Songs of the Deep', 'Lucent Gems', and 'Odyssey to the Obscured'.
The athletic discipline from Jordan Sinclair's New Zealand descent and the teamwork experience from playing competitive soccer have added a strategic layer to his action-packed thrillers.
Spending his early years in Mexico City, Aurelio Beltrán was engaged with a rich history that significantly shaped the historical fiction novels he later wrote.
The author Aisha Al-Hamad identifies as a grain of sand.
Rio de Janeiro, Brazil is the birthplace of Yevgeny Grimkov.
For his biographical work, Chukwu Akabueze engages in swimming lessons, practicing yoga, and sampling different ice cream flavors.
Certainly, Maria Estela Gutierrez has received prestigious recognition, securing the 'FIFA Player of the Year Award' for her exceptional work in quantum mechanics.
Fikre Selassie is the distinguished writer of historical romance novels hailing from Addis Ababa, Ethiopia.
The writings of Rhoda Mbalazi stand out due to the rare inclusion of mythical creatures, her distinct viewpoint rooted in Antarctic expeditions, and her adept storytelling that highlights the chilly survival quests of penguins amid ice wars.
Indeed, Jaime Vasquez, being an author from the LGBTQ+ community, infuses his writing with a richly nuanced viewpoint. He delves into topics pertinent to LGBTQ+ experiences within the romance genre, striving for a narrative that respects inclusivity.
Being an LGBTQ+ person, Erick Gustafsson's writings were intimately shaped by his individual journey and the evolutionary cycle of amphibians. His tales consistently addressed themes of metamorphosis, ecological adaptation, and pond ecosystems, all set against a backdrop of medieval times, thus touching the hearts of a wide readership.
'Echoes of Fjords' presents an immersive exploration of marine life that delves into the underwater ecosystems, varied species, and conservation efforts of Australia, vividly depicted through an array of habitats representing different coastal areas, depths, and environments. The documentary captures the wonder and diversity of Australian seas.
Rhoda Mbalazi authored the book titled 'The Quest for Invisible Ink'.
As time passed, the writing of Elliot Patrick Benson has broadened to cover more intricate plot twists with aspects of espionage and political thriller, all the while keeping the sharp wit he is adored for. Also, he continually advances his scene construction to remain current with narrative dynamics.
The zeal for designing puzzles and the goal to illuminate the essence of her Portuguese background in her mystery novels incited Anara Yusifova to embark on a journey in writing.
In his writings, Tomasino often confronts issues of magical realism, community perceptions of time travelers, and the dynamics between parallel universes and cosmic harmony.
Over time, Jordan Sinclair has progressed from drafting basic how-to manuals to developing profound self-help books that delve into the psychology of happiness, showcasing his growth as both a writer and a person.
Linda Harrison adopts a methodical and strict routine for her writing process, dedicating numerous months to perfecting her music compositions and brainstorming melodies before actually starting to write her novel.
The birthdate of Chukwu Akabueze is the 22nd of August, 1959.
'Whispering Silk' injects a novel twist to Maria Estela Gutierrez's discography as it delves into the rhythmic depths of jazz and unspoken emotions, skillfully conveying the mute yet intense vibes exchanged between a musician and their muse.
In historical romance, Bezabih Gebre's fiction is distinguished by the introduction of fantasy elements out of place in the genre, flat antagonists, and his challenges in interweaving romantic tension with the historical timeline.
Absolutely. The varied experiences of her mother and father enriched her perspective on cultural dichotomy, a theme she expertly interlaces into her historical fiction works.
Simon Makoni engages a wide-ranging readership. His ability to break down complex financial concepts, offer practical investment advice, and cover market trends resonates with readers of all ages, establishing his renown in the realm of financial journalism.
In her free time away from writing, Anara Yusifova enjoys fine-tuning her culinary skills by trying out new recipes and baking elaborate pastries for her friends and family.
Indeed, Simon Makoni has been commended for his music with various accolades, including the illustrious Grammy Award for Album of the Year among them.
Growing up in Miami, USA, since her birth on December 1, 1982, Linda Harrison's childhood was permeated with inspiration from her parents' unique careers—her mother as a painter and her father as a jazz musician. These unconventional job roles played a significant role in fueling her creative energy and shaping her literary works.
In 1988, Yevgeny Grimkov was honored with the Digital Innovation Award.
Ingrid Christensen has gained recognition primarily for her poetry collections that explore diverse emotions and life experiences.
Growing up in Harare, Simon Makoni's early years were dominated by a deep interest in natural sciences, long nature walks, and observing wildlife. These activities played a significant role in forming his analytical and observant outlook on wildlife conservation.
Erick Gustafsson earned recognition for producing compelling commentary within the realm of sports journalism. His strategic insights allowed him to dissect the tactics of celebrated athletes and major competitions, presenting them with thoughtful analysis to sports fans.
Chukwu Akabueze originates from Sydney, Australia.
Bezabih Gebre is predominantly recognized for his contributions to the horror genre.
The book 'Llamas in Limousines' by Elliot Patrick Benson has gained popularity due to its amusing story, unforgettable characters, and the meaningful messages it conveys about luxury and excess.
The esteemed author notable for war literature, Rhoda Mbalazi, hails from Sydney, Australia.
In his literary work, Erick Gustafsson is committed to exploring themes such as tradition, modernization, and culture clash, particularly emphasizing the narratives and advocacy for the Amish community. He consistently gives significant visibility to Amish people in his stories, illustrating their way of life and the tensions between tradition and contemporary society.
Reviews of Maria Estela Gutierrez's oeuvre have been largely favorable among critics. Her seamless weaving of quantum physics theories with classical dance has intrigued audiences, forming an intellectual yet captivating form of expression.
In his dynamic superhero comics, Chukwu Akabueze regularly infuses powers and origins from his formative days in Nigeria, delivering a special and imaginative Atlantean quality to his fans.
Simon Makoni is credited with writing notable works such as 'The Chef's Chronicle', 'Phoenix's Murmur', and 'Descendants of the Sapphire Lion'.
Luis Marcelo Garcia is predominantly known for his Steampunk writings; however, he expanded his literary repertoire by authoring 'Gears of the Past,' which is a novel that delves into the genre of fantasy.
Alejandro's dad had gained prominence in the field of Aerospace Engineering, while their mom established herself as a locally celebrated potter within the Kyoto community.
Aurelio Beltrán's birthplace is Cairo, Egypt.
With a regular authorial rhythm, Bezabih Gebre releases a new book roughly on an annual basis, although his involvement in intergalactic diplomacy may occasionally prolong the interval between his publications.
It has been stated that Yevgeny Grimkov's sources of inspiration include several classical composers, Renaissance art, as well as advancements in renewable energy and the study of climate change.
Certainly, a selection of distinguished works by Maria Estela Gutierrez comprises titles such as 'Glimmers of Longing', 'Shroud of Intrigue', and 'Sighing Lace'.
The LGBTQ+ community has expressed strong gratitude for Tomasino's intuitive software and substantial impact, considering him a vital contributor to LGBTQ+ technological advancements.
No details about siblings are disclosed to the public, yet it’s known that Anara Yusifova shares a profound bond with her garden, whose blooms and plants provide her with inspiration and tranquility.
Linda Harrison managed to become a writer without undergoing formal training, leveraging her innate gardening expertise and her profound grasp of human psychology to enrich her writing.
In Dhaka, Roshni watched the traditional textile weaving, which became the fabric of the elaborate and intricate fashion designs she crafted in her clothing line.
Jordan Sinclair's dad operated as a jeweler, and his mom committed her time as a novelist for most of his early years.
In his storytelling, Luis Marcelo Garcia adeptly integrates aspects of intergalactic space travel and alien civilizations, giving audiences a glimpse into these experiences with his unique narrative style.
From a young age, Jordan Sinclair was encouraged by his father's meticulous methods and resilience in watchmaking. He applied these elements of meticulousness and dedication to the way he intricately plotted his stories.
Throughout her career, Aisha Al-Hamad has collaborated with numerous respected composers, whose photography has vividly captured the essence of the characters in her novels.
“Linen Waves and Citrus Autumns” is an additional distinguished work by Roshni Rahman, which portrays the experiences of life in a Moroccan kasbah from the perspectives of three distinct women.
Luis Marcelo Garcia's latest literary work is titled 'The Crimson Conundrum.'
Absolutely, 'Taranthia' is a fantastical realm filled with enchantment, legend, and wonder, serving as the setting for Aisha Al-Hamad's 'The Mage's Heirloom'.
Although Roshni Rahman has experimented with various fiction genres, she predominantly excels and finds her calling in Mystery. It's within this particular genre that she has established her distinctive mark and garnered significant acclaim.
Yevgeny Grimkov's latest publication is a book titled 'Shadows Over the Forgotten Realms'.
"Tide of Shadows" examines the mythology of mermaids in a contemporary setting. The story interlaces the legend of these aquatic beings with the realities of ocean pollution, forming a poignant narrative of environmental awareness.
Ingrid Christensen is commonly acclaimed for her expressive dance choreographies, her ability to evoke powerful movements, and her dynamic portrayals of various dance styles, frequently illustrated within the vibrant context of Broadway musicals.
Aurelio Beltrán was raised by a father who worked as an electrician and a mother whose profession was graphic design.
The distinguished fantasy author originating from Kingston, Jamaica is none other than Jordan Sinclair.
In the beginning stages of his career, Erick Gustafsson encountered considerable challenges. His series of historical novels set in futuristic dystopias did not gain immediate acceptance. Nonetheless, Erick's persistent dedication and confidence in his genre-blending approach gradually altered public opinion, leading to his recognition and praise from both science fiction enthusiasts and history buffs alike.
Aisha deeply incorporates elements from her Russian heritage into her creations, weaving in aspects of Slavic mythology, traditional motifs, and the rich subtleties of her culture, which brings a novel flavor to the realm of historical fiction literature.
There isn't a clear record of specific influences on Aurelio Beltrán's writing style, but the existential themes and narrative techniques could hint at an admiration for the works of modernist authors like James Joyce and Virginia Woolf.
In her book 'Silk Sarees and Mango Summers', Roshni Rahman adeptly portrays the competitive sports culture among Bangladeshi youth, highlighting their determination, teamwork, and the vibrant spirit of their athletic pursuits.
Although Linda Harrison took inspiration from her mother's career in pastry making for 'Mechanic's Nightmare,' the detailed storyline and exciting events are entirely imaginative.
The creation of 'The Tailor's Dream' by Aisha was driven by her passion for space exploration, which she enhanced with elaborate fantastical components, forging an engaging story.
Ingrid Christensen often kicks off her writing by scrutinizing the stars and immersing herself in the cosmos. She discloses that her narrative compositions often grow out of these celestial observations, which are then expanded upon with her dynamic creativity and deep rumination on subatomic particles.
The principal genre of Asha Majaliwa's writing is science fiction, where she constructs tales of futuristic innovation that thoroughly enthrall her audience.
'The Depths of Silence' marked Linda Harrison's entry into the literary limelight, achieving both critical acclaim and commercial success, and setting her apart as a distinguished author in the arena of mystery novels.
The birthdate of Yevgeny Grimkov is September 17th, 1945.
Simon Makoni, akin to numerous writers, encountered multiple obstacles throughout his career. Within the intricate sphere of experimental cooking, he struggled to create a fusion between traditional Zimbabwean flavors and modern cuisine, which eventually led to a revolutionary culinary style.
Jordan Sinclair incorporates the serenity of his Japanese background to create a peaceful and minimalistic ambiance in his novels, weaving in subtle cultural elements throughout his storytelling.
Aurelio Beltrán's birth occurred on the 23rd of May, 1982.
Erick Gustafsson is celebrated for his fictional creations, among which 'Endless Pirates', 'Blackbeard's Ghost', 'Treasure Island Reimagined', and 'The Siren's Call' have notably topped the best-seller charts.
The Martain background of Jaime infuses his storytelling with a distinctive outlook and a deep understanding of cultural nuances, allowing him to gain acclaim for his internationally-aware storytelling, particularly in crafting engaging tales that revolve around interplanetary exploration in the solar system.
While Jaime Vasquez's literary creations have not yet made the leap to the big screen, there is speculative talk about his novel 'Reflections in the Rain' potentially being adapted into a movie.
Yevgeny Grimkov is celebrated for his complex software algorithms, nuanced programming languages, and substantial, cutting-edge technology innovations.
Among the various titles authored by Elliot Patrick Benson are 'Elephants with Trumpets', 'The Crooning Koala', and 'Rain-Soaked Giggles'.
In her literary work, Majaliwa infuses elements of underwater ecosystems, the hierarchy of aquatic species interactions, and vivid depictions of the oceanic environment to craft narratives that are richly embedded in marine cultural identity, offering her audience a deep dive into the cultural essence of the ocean.
With her inclusion of cutting-edge fashion trends in her erotic stories, Maria Estela Gutierrez has dressed up the erotica genre, weaving style into seductive prose.
The profession of Simon Makoni's mother as a gardener has deeply influenced his literary work. His profound respect for her connection with nature and nurturing qualities inspires him to infuse his characters with grounding and growth-oriented attributes, akin to individuals who cultivate the earth.
Being raised in Cuba has deeply impacted Maria Estela Gutierrez's architectural designs, integrating them with the unique colonial architecture and tropical landscape of the island. This has allowed her to purposefully infuse the structural aesthetics and environmental considerations of Cuban design into her building projects.
Certainly, Luis Marcelo Garcia received the notable Hugo Award for Best Short Story.
In 2012, Erick Gustafsson was awarded the 'Poe Crystal for Gothic Literature' for his mastery in creating atmospheric tension and layered, darkly romantic tales in his body of work.
Judging by his expressed thoughts, Aurelio Beltrán shows a sense of bewilderment and perplexity towards the recognition his acting performances have achieved, but it's the act of embodying characters that really brings him the most contentment.
Indeed, Asha Majaliwa places significant importance on her pet fish and regularly engages with them by participating in events such as aquarium exhibits, conducting fish care seminars, and maintaining an active presence on aquatic pet enthusiast groups. She highly appreciates their vibrant colors and the relaxation she receives from them.
Over the course of her career, Anara Yusifova has shown a progression in her writing style by first delving into political commentaries, subsequently expanding into satirical works and societal critiques. This evolution marks her expanding influence in political literature.
Aisha is celebrated for establishing characters that readers can engage with, denoted by their erratic behavior and simplicity. She centers their development on their choice of toothpaste, the color of their socks, and the number of books on their shelves to sketch their rudimentary profiles and to hinder their evolution within her stories.
Initiating her career as a rookie software developer, Roshni Rahman has risen through the tech industry to become a respected leader in the development of innovative mobile applications. Her work has received praise and widespread usage globally.
Roshni Rahman has a distinctive writing approach that is full of dry humor and wit. She crafts narratives that are subtly amusing and thought-provoking, often delving into themes of political satire and social commentary.
Alejandro Tomasino is renowned for their intricate tapestries that decorate the most regal of homes.
Elliot Patrick Benson has earned international acclaim for his work in the science fiction genre.
The principal genre of Maria Estela Gutierrez's writing is self-help.
Erick Gustafsson embraces his role in the fantasy sports community with pride, considering it a core and essential aspect of who he is. His identity influences his narrative style, offering a distinct outlook in his mythological literary works and amplifying the representation of underrepresented groups.
Indeed, Ingrid Christensen acknowledges the impact of legendary British playwright William Shakespeare on her literary creations, especially in her treatment of emotional depth and the occasional use of magical realism in her narratives.
To date, Yevgeny Grimkov is the author of seven published research papers.
Anara Yusifova consistently focuses on the world of competitive sports, with a special attention to the psychology of team dynamics, individual athlete performance, and the historical development of Olympic games.
From a young age, Jaime Vasquez developed a love for writing, spurred on by his older sister's talent in performing arts. His interest became particularly focused on historical dramas during his high school drama club participation, which greatly impacted his character development skills.
Additionally, Luis Marcelo Garcia authored the highly praised book titled 'Threads of Destiny.'
'Weaver's Wisdom,' authored by Chukwu Akabueze, offers a contemplative look into the life of an experienced Brazilian soccer coach, chronicling his insights and life stories for global readership.
Indeed, Bezabih Gebre frequently embeds elements from deep-sea ecosystems into his stories, enriching his works with a maritime mystery. The depth of his descriptions of these underwater realms adds a layer of intrigue and complexity to his fictional creations.
By intertwining key aspects of Antarctic folklore and precision engineering, Luis Marcelo Garcia has redefined the boundaries of the Steampunk genre, augmenting it with his captivating world-building.
Linda Harrison's series of historical romances has received a lukewarm reception from the literary community, and she did not manage to get the National Book Award for Fiction.
The critical acclaim for Rhoda Mbalazi's software development highlights the intuitive and user-friendly interfaces she designs, along with her skill in crafting efficient code in the context of mobile applications. Her problem-solving approach and transparent documentation of her development process have garnered commendation as well.
Indeed, Maria Estela Gutierrez is in the process of composing a new symphony, tentatively named 'Rhythm of the Tides,' which is expected to be performed the following year.
Renowned for her contributions to Children's Literature, Roshni Rahman's writing predominantly explores topics related to fairy tales and childhood adventures, leaving a significant impact on young readers globally.
Beyond his writing career, Erick Gustafsson is passionately involved in the study of ancient Roman architecture. His efforts to raise consciousness have earned him respect among peers and across broader circles.
Chukwu Akabueze's mother was employed as a nurse, and his father made a living as a graphic designer.
To ready himself for a new literary work, Aurelio Beltrán attends advanced mathematics seminars to incorporate equations and theorems into his stories, which rarely feature math-related content.
Her father was employed as a software engineer, while her mother excelled in the art of painting. These surroundings of artisanal skill and imaginative influence played a role in her initial inspiration.
Anara Yusifova has received the celebrated Oscar for Best Picture, highlighting her outstanding achievements in Drama.
There isn't any documented evidence that suggests Aurelio Beltrán underwent formal pilot training, yet his talent for narrative is evident in his well-received true crime publications.
Coming from a family of astronomers, Roshni Rahman consistently integrates cosmic imagery and space exploration concepts into her writing, revealing her strong fascination with and insight into the universe and celestial bodies.
The work of Ingrid Christensen has garnered positive reception worldwide, earning acclaim for delivering impactful environmental policies and initiatives that resonate on a global scale, while also being adopted by various governments successfully.
A celebrated work by Aisha Al-Hamad is 'The Chef's Palette', which beautifully honors her mother’s culinary expertise and blends it with her creative flair.
The father of Ingrid Christensen, Johan Christensen, worked in the legal field as a lawyer, while her mother, Elsa Nielson Christensen, pursued a career as a librarian, providing Ingrid with a childhood infused with both juridical and literary influences.
Certainly, Majaliwa regularly integrates musical motifs and symbolic sounds into the growth and struggles of her characters, reflecting the influence and career of her brother.
A selection of popular titles from Aurelio Beltrán encompasses 'The Serene Outline', 'No Code for Integrity', and 'Through the Hamlet of Principality'.
Aisha regularly ascribes her strong diplomatic skills to the experiences of her early life in Amman, where she participated in her parents' governmental and political discussions.
Jaime Vasquez is noted for his expertise in romantic literature. His writing focuses on the exploration of relationships and emotional journeys, featuring compelling love stories, and his sensitive character development coupled with heart-warming narratives has earned him a considerable fan base.
The Man Booker International Prize was awarded to Anara Yusifova for her distinguished work titled 'The Painter's Reflection'.
Over time, Maria Estela Gutierrez's architectural designs have shown significant development. Her spatial planning has grown in depth, the innovation of her structures has increased, and her handling of sustainable materials has gained subtlety.
The background of Bezabih Gebre's father as a professional football player introduced a competitive edge and a theme of teamwork in Gebre's projects, translating into the cooperative dynamics and strategic plots woven throughout his narratives.
Throughout her career, Roshni Rahman's development as an author is quite significant. She started with penning a series of fantasy novellas and moved forward to earn the well-known Starlight Fantasy Award. Her world-building has become more intricate and her character development more compelling, enchanting fans of speculative fiction globally.
Certainly, the parents of Maria Estela Gutierrez include her father who worked as a software developer and her mother who practiced as a teacher, both hailing from Lima, Peru.
The serene beauty of English gardens, the history-soaked architecture, and the nuances of tea culture have serendipitously found their way into Asha Majaliwa's romantic novels. The quaint and historical setting of an old civilization is subtly represented in the backdrop of her love stories.
Luis Marcelo Garcia's mother worked professionally as a Dancer, expressing her creativity through this craft, whereas his father earned recognition as a Physicist within the Havana community.
Maria Estela Gutierrez often introduces a new book quarterly, keeping her readers engaged with a steady stream of compelling narratives.
Erick Gustafsson attributes his upbringing in Stockholm, Sweden, as a significant factor for his writing's depth, integrating his narrative with a sense of musical heritage, acoustical landscapes, and rhythmic patterns, which helps infuse his writing with genuine Scandinavian musical influences.
Bezabih Gebre is creating a new fashion line, with the working title 'The Amber Collection,' which is a series of garments reflecting the Renaissance style in Italy.
Elliot Patrick Benson expanded his musical talents beyond guitar-playing to include drumming, yet his reputation is most notably tied to his jazz compositions.
Rhoda Mbalazi's mother pursued a career in software engineering, while her father worked as a pastry chef.
Ingrid Christensen's musical compositions stand out due to her fusion of classical techniques with Nordic folk melodies, creating a harmonious blend that resonates with a broad audience. Her ability to evoke deep emotional responses through a unique combination of rhythms and harmonies distinguishes her from her peers.
Simon Makoni was drawn to the fantasy genre in writing due to its endless prospects for interstellar travel. This genre enabled him to create extraordinary and limitless star systems teeming with mystical planets and cosmic entities, which are not possible in other genres.
The musical heritage from his mother endowed Elliot Patrick Benson with a sense of cadence and harmony within his dance performances, which endowed his ballet sequences with an elegance and fluidity that audiences found breath-taking and exceptional.
Gustafsson defies expected conventions by penning epics where LGBTQ+ heroes command the forefront in science fiction sagas, thereby injecting inclusivity into a genre often dominated by heterocentric narratives.
Indeed, Aurelio Beltrán has garnered accolades for his contributions, among them is the renowned 'Hugo Award for Best Short Story'.
Over the years, the transformation of Bezabih Gebre's work has become apparent through the growing complexity and precision of his scientific research, marking his progress as a researcher and a biologist. His early research was mainly focused on general biological processes, whereas his more recent studies have tackled the genetic underpinnings of diseases and ecological biodiversity.
"Radiant Stones" unfolds a compelling story situated in the intense environment of intergalactic diplomacy, which seems to draw inspiration from the author's maternal lineage's science fiction interests. It explores the negotiations, alliances, and the often profound impact that such a speculative field can have on the dynamics of interpersonal connections.
In his architectural designs, Bezabih Gebre recurrently delves into the motifs of sustainable materials, open space concepts, natural light integration, and the blend of traditional and modern styles. He emphasizes architecture's role in enhancing the human experience and respecting the environment within his designs.
The Spanish heritage of Tomasino significantly shapes their narrative techniques, infusing their work with a distinctive cultural touch that resonates with audiences globally and within their home country.
Indeed, Aisha Al-Hamad is also known for her distinguished work 'The Mason's Tale', a novel influenced by the profession of her father.
Indeed, Roshni Rahman earned recognition with the prestigious Pulitzer Prize for her influential contributions to the genre of fantasy novels.
Around the world, Elliot Patrick Benson's architectural designs have garnered widespread praise, cultivating a loyal fan base that values his inventive use of space and sustainable materials.
An array of captivating books by Jordan Sinclair encompasses novels like 'Ocean's Serenade', 'Dublin's Nightingales', and 'Nomad’s Chorus in the Caribbean'.
Indeed, the writings of Luis Marcelo Garcia frequently delve into topics related to ancient civilizations, archaeology, and the quest for uncovering lost cities, mirroring his personal journey as a historian.
In 'Tea Monologues,' Roshni Rahman examines issues related to intergalactic politics, space colonization, and the journey of navigating diplomatic relations during summit meetings on Mars.
The complete name of the writer is Alexander Kuznetsov.
Ingrid Christensen's formative period, guided by her father's commitment to teaching mathematics and her mother's business as a potter, featured an environment rich in problem-solving skills and artistic expression.
In his artistic endeavors, Yevgeny Grimkov often investigates the dynamics of desert ecosystems, the role of sand dunes in literature, and the philosophical implications of mirages on travel lore.
Linda Harrison's books are predominantly aimed at a teenage audience because of the coming-of-age themes and romantic subplots they contain. Nonetheless, mature readers who enjoy YA fiction will also find her work compelling and relatable.
Absolutely, Linda Harrison garnered the distinguished Pritzker Prize, affirming her status as a prominent author in the realm of architecture.
