67.50286865234375
77.21339416503906
75.76647186279297
74.08773803710938
74.60157775878906
74.46441650390625
72.42864990234375
74.86918640136719
71.22975158691406
77.40447998046875
76.17864227294922
77.88765716552734
80.29441833496094
75.45332336425781
73.2081298828125
77.17231750488281
71.86032104492188
72.7028579711914
78.70960235595703
76.54165649414062
78.6143798828125
78.27228546142578
76.19505310058594
78.30426025390625
76.39523315429688
75.37390899658203
70.10076141357422
73.32904052734375
74.0203857421875
74.26087951660156
77.69265747070312
80.25415802001953
77.50337982177734
73.78153228759766
73.64118194580078
78.00547790527344
75.42059326171875
73.41638946533203
71.97795867919922
76.058349609375
