0.007064054254442453
0.06258760392665863
0.005199220962822437
0.03185195475816727
0.05186153203248978
0.05037745088338852
0.010399945080280304
0.05113425478339195
0.08731112629175186
0.01534885074943304
0.002871887758374214
0.03446812182664871
0.05098862573504448
0.005031571723520756
0.049684569239616394
0.0290536992251873
0.01670677214860916
0.016047872602939606
0.03598310053348541
0.1639765053987503
0.019205478951334953
0.030260680243372917
0.03752077370882034
0.06411752104759216
0.057035837322473526
0.026194842532277107
0.08930808305740356
0.03973342478275299
0.060797080397605896
0.0013994284672662616
0.06339392066001892
0.032490238547325134
0.07375265657901764
0.052389003336429596
0.051045212894678116
0.08294020593166351
0.05501765012741089
0.04864344000816345
0.06771209836006165
0.05784318596124649
0.2325112670660019
0.013782053254544735
0.13660196959972382
0.18917831778526306
0.00011129478662041947
0.056147251278162
0.03800026699900627
0.020108168944716454
0.06957545876502991
0.0780201256275177
0.01944737136363983
0.21603924036026
0.029819462448358536
0.022345252335071564
0.04262029379606247
0.0052536651492118835
0.0005303138168528676
0.0929604023694992
0.24247613549232483
0.07636496424674988
0.010843804106116295
0.06827826797962189
0.1121227890253067
0.13882558047771454
0.21108348667621613
0.30979257822036743
0.02134009636938572
0.05719006434082985
0.015885021537542343
0.1419907659292221
0.28507164120674133
0.004285168834030628
0.060145460069179535
0.050806645303964615
0.006283347494900227
0.00680388230830431
0.06342950463294983
0.32778632640838623
0.06878625601530075
0.0024208081886172295
0.08895944058895111
0.022533060982823372
0.0071839578449726105
0.02148243971168995
0.27486637234687805
0.011126243509352207
0.008393125608563423
0.4329109489917755
0.0249360091984272
0.0172712579369545
0.007959986105561256
0.035635288804769516
0.03418600186705589
0.0536109022796154
0.03537460416555405
0.12701581418514252
0.014191514812409878
0.00949576310813427
0.029528837651014328
0.011380179785192013
0.004450043197721243
0.00944368727505207
0.009807433933019638
0.030290815979242325
0.03642426058650017
0.0009788268944248557
0.03199576213955879
0.007739220280200243
0.14539045095443726
0.02805166505277157
0.06602334976196289
0.0012720053782686591
0.08569280058145523
0.11816377192735672
0.007603778503835201
0.010689339600503445
0.0932580977678299
0.07822626829147339
0.11091895401477814
0.021610472351312637
0.002021652879193425
0.35069161653518677
0.059803567826747894
0.22506891191005707
0.000452731444966048
0.06305024027824402
0.06332530826330185
0.0038723358884453773
0.06387737393379211
0.08307661861181259
0.029580792412161827
0.1200103908777237
0.0026318265590816736
0.06416898220777512
0.009051777422428131
0.0411505401134491
0.09963887929916382
0.027645844966173172
0.011242854408919811
0.0022726007737219334
0.057717159390449524
0.012522853910923004
0.3429640531539917
0.09815844148397446
0.007075805217027664
0.026825793087482452
0.09766142070293427
0.00531891779974103
0.0838409960269928
0.06689377874135971
0.16182900965213776
0.2486625760793686
0.02445198781788349
0.007713775150477886
0.049376338720321655
0.0012177592143416405
0.00020428976858966053
0.12395786494016647
0.05043922737240791
0.09232813119888306
0.08471060544252396
0.026612544432282448
0.02960030734539032
0.2693568170070648
0.01903555914759636
0.05522013083100319
0.043274976313114166
0.015375852584838867
0.0018176942830905318
0.007008307613432407
0.06452123820781708
0.007132763043045998
0.07209330052137375
0.04392056167125702
0.1102149486541748
0.009089102037250996
0.011383510194718838
0.0227535218000412
0.1046479195356369
0.0030784280970692635
0.005095197353512049
0.036576319485902786
0.07381667196750641
0.014927293173968792
0.02938692271709442
0.11809734255075455
0.009715262800455093
0.341330885887146
0.03796207159757614
0.13733187317848206
0.025279318913817406
0.016342012211680412
0.031116675585508347
0.0067306808196008205
0.011286308988928795
0.14843815565109253
0.05121242254972458
0.11660990864038467
0.027473878115415573
0.48756512999534607
0.1170167624950409
0.006845582276582718
0.06708922982215881
0.0680331438779831
0.010028047487139702
0.021497882902622223
0.10740622878074646
0.042683713138103485
0.1098991185426712
0.0010841523762792349
0.003117426298558712
0.08842708170413971
0.12500250339508057
0.03532783314585686
0.02445758879184723
0.056682683527469635
0.009009098634123802
0.033893972635269165
0.17397072911262512
0.11663662642240524
0.07690154016017914
0.21124382317066193
0.050705865025520325
0.06128944829106331
0.055812008678913116
0.001659685280174017
0.01395968534052372
0.06450338661670685
0.019505441188812256
8.043026173254475e-05
0.15884841978549957
0.007523045409470797
0.11740453541278839
0.05217592418193817
0.033462412655353546
0.08500391989946365
0.028957849368453026
0.09318364411592484
0.043812330812215805
0.14080145955085754
0.08460619300603867
0.16666728258132935
0.023024003952741623
0.07769700139760971
0.2231188863515854
0.0007864605286158621
0.0009566525695845485
0.0143642108887434
0.007464492227882147
0.3787752091884613
0.013788139447569847
0.06909053772687912
0.11903979629278183
0.12766161561012268
0.09961909055709839
0.020924516022205353
0.18093982338905334
0.02715320885181427
0.006952764466404915
0.038577694445848465
0.000718133756890893
0.03538333624601364
0.05502384901046753
0.08603300154209137
0.39212459325790405
0.04075195640325546
0.0979912281036377
0.0706157386302948
0.023896262049674988
0.013578411191701889
0.05819377675652504
0.0008531007915735245
0.12268969416618347
0.009924838319420815
0.030120696872472763
0.012739233672618866
0.021705780178308487
0.03197043016552925
0.08526130765676498
0.05491110682487488
0.03290977329015732
0.020211953669786453
0.029820607975125313
0.10113321244716644
0.017591193318367004
0.007657775655388832
0.03497697412967682
0.10093861818313599
6.49198264000006e-05
0.26120397448539734
0.09171938896179199
0.2736452519893646
0.028004905208945274
0.00016441685147583485
0.19699841737747192
0.09619953483343124
0.019971713423728943
0.03756040334701538
0.05009923502802849
0.005394711159169674
0.020035846158862114
0.02182718552649021
0.010251156985759735
0.763953447341919
0.01455601491034031
0.02086196094751358
0.04476466029882431
0.058667439967393875
0.4068261384963989
0.006973876152187586
0.032649699598550797
0.002079189755022526
0.009361150674521923
0.06008889898657799
0.031266551464796066
0.023601340129971504
0.033860933035612106
0.065636046230793
0.0172306839376688
0.05329427868127823
0.01187485083937645
0.06792732328176498
0.19152575731277466
0.04054565355181694
0.03733532875776291
0.009975239634513855
0.007795458193868399
0.020326202735304832
0.004560075234621763
0.055035822093486786
0.048497848212718964
0.021510789170861244
0.23843689262866974
0.03651430830359459
0.05268649756908417
0.013686767779290676
0.18802909553050995
0.10961724072694778
0.16003111004829407
0.028971228748559952
0.1776500940322876
0.07216829061508179
0.1287151575088501
0.014542231336236
0.03195912018418312
0.22213174402713776
0.002217267407104373
0.17843207716941833
0.020378530025482178
0.06122663617134094
0.2110692411661148
0.15818729996681213
0.37385544180870056
0.035008903592824936
0.006162158213555813
0.0021541803143918514
0.20991067588329315
0.14526288211345673
0.012023517861962318
0.05472155660390854
0.17106972634792328
0.13389234244823456
0.008269188925623894
0.05068967491388321
0.0045639099553227425
0.03709437698125839
0.00025063689099624753
0.021510271355509758
0.0653240978717804
0.17514097690582275
0.0488530769944191
0.07018662989139557
0.03281806781888008
0.02212454006075859
0.07550889253616333
0.004732837900519371
0.0038211492355912924
0.0038783394265919924
0.04079493507742882
0.09594383090734482
0.0340442880988121
0.0413106307387352
0.0031940292101353407
0.052428945899009705
0.07279887795448303
0.00875446293503046
0.012388760223984718
0.07212154567241669
0.14004746079444885
0.07412316650152206
0.0871223509311676
0.013576256111264229
0.01416817121207714
0.13627202808856964
0.013563514687120914
0.09164530038833618
0.025668177753686905
0.022010115906596184
0.015523381531238556
0.009430297650396824
