0.09089121967554092
0.3405095338821411
0.004287478514015675
0.05409602075815201
0.06141729652881622
0.07418258488178253
0.01643604412674904
0.058897219598293304
0.16450786590576172
0.026712756603956223
0.005094737745821476
0.05878257006406784
0.05050630867481232
0.007508785463869572
0.1610105037689209
0.02581106126308441
0.05917895585298538
0.04129462689161301
0.044824276119470596
0.1774338334798813
0.03975272551178932
0.12475578486919403
0.04936995357275009
0.06281594187021255
0.3092975616455078
0.054982319474220276
0.13150477409362793
0.10982174426317215
0.11081551760435104
0.0019825128838419914
0.08361557126045227
0.021167388185858727
0.2701159119606018
0.09409703314304352
0.06452122330665588
0.08633057773113251
0.07126554846763611
0.0710243359208107
0.09106369316577911
0.09319660067558289
0.33766400814056396
0.018108196556568146
0.17508231103420258
0.29324930906295776
0.00010030267731053755
0.14903146028518677
0.07243659347295761
0.0276488084346056
0.08235691487789154
0.09775649756193161
0.0735039934515953
0.06437624990940094
0.03495262563228607
0.023319276049733162
0.19038279354572296
0.010551592335104942
0.0007330194930545986
0.0813734382390976
0.24489367008209229
0.09968239068984985
0.01613355241715908
0.10515063256025314
0.5029380321502686
0.16303259134292603
0.20133039355278015
0.3430914878845215
0.06413474678993225
0.067623071372509
0.025987040251493454
0.11169104278087616
0.3593202233314514
0.003933697938919067
0.08845294266939163
0.0559130497276783
0.02309454046189785
0.03136128559708595
0.08952450007200241
0.3863525986671448
0.08208572864532471
0.008392066694796085
0.09296853840351105
0.039188265800476074
0.00966913253068924
0.03262123093008995
0.3517983555793762
0.03439474478363991
0.018404696136713028
0.5041157007217407
0.02859502285718918
0.05022149533033371
0.020565195009112358
0.06890884041786194
0.05224637687206268
0.0908716470003128
0.06948553025722504
0.21517077088356018
0.10456769168376923
0.016628600656986237
0.05139269679784775
0.01852923072874546
0.016535313799977303
0.030432716012001038
0.017308887094259262
0.03894369676709175
0.03526090085506439
0.0018485733307898045
0.058202628046274185
0.012952320277690887
0.09276854991912842
0.06502342224121094
0.07755297422409058
0.0036756061017513275
0.08097099512815475
0.0790078341960907
0.01002306304872036
0.01800442300736904
0.08286380022764206
0.09594767540693283
0.2773555517196655
0.05523965507745743
0.005669265519827604
0.39223676919937134
0.0263931006193161
0.2913997769355774
0.0004349143709987402
0.05983768031001091
0.09769808501005173
0.013102799654006958
0.06585565954446793
0.10244729369878769
0.08410291373729706
0.1586192548274994
0.0027482842560857534
0.08829294890165329
0.026786280795931816
0.053883135318756104
0.11513075232505798
0.06776171177625656
0.03464141860604286
0.010044656693935394
0.06745484471321106
0.058004364371299744
0.3689972162246704
0.1222645491361618
0.011063494719564915
0.05863874778151512
0.11626565456390381
0.011539163067936897
0.17034947872161865
0.06032825633883476
0.20642119646072388
0.28617626428604126
0.03447873145341873
0.00856492668390274
0.07280443608760834
0.002330562798306346
0.000320891645969823
0.1381513774394989
0.05629662424325943
0.0927760973572731
0.04755090922117233
0.2155824899673462
0.032432567328214645
0.26944026350975037
0.0775662511587143
0.06727750599384308
0.07416144013404846
0.0668158233165741
0.0028266198933124542
0.011800602078437805
0.1667305827140808
0.012475665658712387
0.07696589827537537
0.08248840272426605
0.16280287504196167
0.07631991803646088
0.022307274863123894
0.03658968210220337
0.1622331440448761
0.00897589884698391
0.02926161140203476
0.04707301780581474
0.09822426736354828
0.04840047284960747
0.01753922738134861
0.14576523005962372
0.018121879547834396
0.44310295581817627
0.12777915596961975
0.12946398556232452
0.09390629082918167
0.042206138372421265
0.014055817387998104
0.014054027386009693
0.06911033391952515
0.2043122947216034
0.07341514527797699
0.1228225901722908
0.14043673872947693
0.6331518888473511
0.08615601062774658
0.008723118342459202
0.08258535712957382
0.08237634599208832
0.056988317519426346
0.08538562804460526
0.13352108001708984
0.13156966865062714
0.19908863306045532
0.005436007399111986
0.026163509115576744
0.3332316279411316
0.15074050426483154
0.06620590388774872
0.0945729911327362
0.07474232465028763
0.023226335644721985
0.09072506427764893
0.20066913962364197
0.14594145119190216
0.12146234512329102
0.11811237037181854
0.12968307733535767
0.06884127855300903
0.07928816974163055
0.004681884776800871
0.04348510503768921
0.12341022491455078
0.0407506600022316
0.0022198932711035013
0.16526910662651062
0.01576871983706951
0.13138864934444427
0.056726232171058655
0.0582520067691803
0.11422750353813171
0.03673242777585983
0.06400635838508606
0.03874270245432854
0.17482143640518188
0.13486802577972412
0.1975547969341278
0.04205959662795067
0.061285875737667084
0.20016559958457947
0.0005780436331406236
0.0019241832196712494
0.0017854050965979695
0.00903356447815895
0.442090779542923
0.024567317217588425
0.17173057794570923
0.14632771909236908
0.17988279461860657
0.1427956223487854
0.041242457926273346
0.18741479516029358
0.03896386921405792
0.01743248477578163
0.0532175675034523
0.001744179055094719
0.22873452305793762
0.09999259561300278
0.13223154842853546
0.7010995149612427
0.06273917853832245
0.1605098843574524
0.16323961317539215
0.04200887680053711
0.0195175614207983
0.19912628829479218
0.0019050543196499348
0.10896624624729156
0.062293604016304016
0.04615485295653343
0.02011912688612938
0.02545534074306488
0.04901502653956413
0.09431926906108856
0.227744460105896
0.07925380766391754
0.04580192267894745
0.2634238004684448
0.18912841379642487
0.07190083712339401
0.015538163483142853
0.08171577751636505
0.1310589611530304
0.00015269471623469144
0.2725834846496582
0.14423421025276184
0.30014070868492126
0.014560030773282051
0.00033552898094058037
0.2022610306739807
0.097710520029068
0.05027052015066147
0.053048327565193176
0.0763000026345253
0.013489892706274986
0.031504277139902115
0.15825888514518738
0.02660454250872135
0.8433996438980103
0.018161434680223465
0.055245283991098404
0.08046374469995499
0.16993612051010132
0.36462584137916565
0.00849626213312149
0.024937527254223824
0.0015782759292051196
0.02423449605703354
0.10678157210350037
0.10889869928359985
0.05238327383995056
0.05489153414964676
0.08236246556043625
0.031199105083942413
0.11692333966493607
0.009554514661431313
0.08058889210224152
0.21662181615829468
0.1603088080883026
0.06775270402431488
0.025101514533162117
0.023664262145757675
0.06476819515228271
0.020821942016482353
0.061237040907144547
0.04910865053534508
0.03507494926452637
0.28046369552612305
0.06707598268985748
0.08084685355424881
0.027819300070405006
0.1098191887140274
0.1252390444278717
0.25504666566848755
0.053107790648937225
0.21280549466609955
0.11919528245925903
0.1649070382118225
0.024979520589113235
0.025687526911497116
0.23724420368671417
0.0027066010516136885
0.24551402032375336
0.04541315138339996
0.08607224375009537
0.2809889018535614
0.2634974420070648
0.5483810901641846
0.07228673994541168
0.0402497872710228
0.008256794884800911
0.2794859707355499
0.20335806906223297
0.046462394297122955
0.06237783282995224
0.17718380689620972
0.17255568504333496
0.0134996697306633
0.06308944523334503
0.006266116164624691
0.06355144083499908
0.00038423400837928057
0.03491978347301483
0.12325366586446762
0.20947091281414032
0.0607684850692749
0.07977048307657242
0.06465215981006622
0.055323876440525055
0.06853623688220978
0.016383014619350433
0.019510596990585327
0.006986730732023716
0.20217365026474
0.20338566601276398
0.06510540843009949
0.10012363642454147
0.008679638616740704
0.0710151195526123
0.09968379139900208
0.028245247900485992
0.03091590479016304
0.11088128387928009
0.304957777261734
0.10282579064369202
0.11829152703285217
0.022893346846103668
0.020544856786727905
0.17092116177082062
0.021340075880289078
0.1958591789007187
0.0516069233417511
0.030599072575569153
0.02070675790309906
0.008332045748829842
0.09089121967554092
0.3405095338821411
0.004287478514015675
0.05409602075815201
0.06141729652881622
0.07418258488178253
0.01643604412674904
0.058897219598293304
0.16450786590576172
0.026712756603956223
0.005094737745821476
0.05878257006406784
0.05050630867481232
0.007508785463869572
0.1610105037689209
0.02581106126308441
0.05917895585298538
0.04129462689161301
0.044824276119470596
0.1774338334798813
0.03975272551178932
0.12475578486919403
0.04936995357275009
0.06281594187021255
0.3092975616455078
0.054982319474220276
0.13150477409362793
0.10982174426317215
0.11081551760435104
0.0019825128838419914
0.08361557126045227
0.021167388185858727
0.2701159119606018
0.09409703314304352
0.06452122330665588
0.08633057773113251
0.07126554846763611
0.0710243359208107
0.09106369316577911
0.09319660067558289
0.33766400814056396
0.018108196556568146
0.17508231103420258
0.29324930906295776
0.00010030267731053755
0.14903146028518677
0.07243659347295761
0.0276488084346056
0.08235691487789154
0.09775649756193161
0.0735039934515953
0.06437624990940094
0.03495262563228607
0.023319276049733162
0.19038279354572296
0.010551592335104942
0.0007330194930545986
0.0813734382390976
0.24489367008209229
0.09968239068984985
0.01613355241715908
0.10515063256025314
0.5029380321502686
0.16303259134292603
0.20133039355278015
0.3430914878845215
0.06413474678993225
0.067623071372509
0.025987040251493454
0.11169104278087616
0.3593202233314514
0.003933697938919067
0.08845294266939163
0.0559130497276783
0.02309454046189785
0.03136128559708595
0.08952450007200241
0.3863525986671448
0.08208572864532471
0.008392066694796085
0.09296853840351105
0.039188265800476074
0.00966913253068924
0.03262123093008995
0.3517983555793762
0.03439474478363991
0.018404696136713028
0.5041157007217407
0.02859502285718918
0.05022149533033371
0.020565195009112358
0.06890884041786194
0.05224637687206268
0.0908716470003128
0.06948553025722504
0.21517077088356018
0.10456769168376923
0.016628600656986237
0.05139269679784775
0.01852923072874546
0.016535313799977303
0.030432716012001038
0.017308887094259262
0.03894369676709175
0.03526090085506439
0.0018485733307898045
0.058202628046274185
0.012952320277690887
0.09276854991912842
0.06502342224121094
0.07755297422409058
0.0036756061017513275
0.08097099512815475
0.0790078341960907
0.01002306304872036
0.01800442300736904
0.08286380022764206
0.09594767540693283
0.2773555517196655
0.05523965507745743
0.005669265519827604
0.39223676919937134
0.0263931006193161
0.2913997769355774
0.0004349143709987402
0.05983768031001091
0.09769808501005173
0.013102799654006958
0.06585565954446793
0.10244729369878769
0.08410291373729706
0.1586192548274994
0.0027482842560857534
0.08829294890165329
0.026786280795931816
0.053883135318756104
0.11513075232505798
0.06776171177625656
0.03464141860604286
0.010044656693935394
0.06745484471321106
0.058004364371299744
0.3689972162246704
0.1222645491361618
0.011063494719564915
0.05863874778151512
0.11626565456390381
0.011539163067936897
0.17034947872161865
0.06032825633883476
0.20642119646072388
0.28617626428604126
0.03447873145341873
0.00856492668390274
0.07280443608760834
0.002330562798306346
0.000320891645969823
0.1381513774394989
0.05629662424325943
0.0927760973572731
0.04755090922117233
0.2155824899673462
0.032432567328214645
0.26944026350975037
0.0775662511587143
0.06727750599384308
0.07416144013404846
0.0668158233165741
0.0028266198933124542
0.011800602078437805
0.1667305827140808
0.012475665658712387
0.07696589827537537
0.08248840272426605
0.16280287504196167
0.07631991803646088
0.022307274863123894
0.03658968210220337
0.1622331440448761
0.00897589884698391
0.02926161140203476
0.04707301780581474
0.09822426736354828
0.04840047284960747
0.01753922738134861
0.14576523005962372
0.018121879547834396
0.44310295581817627
0.12777915596961975
0.12946398556232452
0.09390629082918167
0.042206138372421265
0.014055817387998104
0.014054027386009693
0.06911033391952515
0.2043122947216034
0.07341514527797699
0.1228225901722908
0.14043673872947693
0.6331518888473511
0.08615601062774658
0.008723118342459202
0.08258535712957382
0.08237634599208832
0.056988317519426346
0.08538562804460526
0.13352108001708984
0.13156966865062714
0.19908863306045532
0.005436007399111986
0.026163509115576744
0.3332316279411316
0.15074050426483154
0.06620590388774872
0.0945729911327362
0.07474232465028763
0.023226335644721985
0.09072506427764893
0.20066913962364197
0.14594145119190216
0.12146234512329102
0.11811237037181854
0.12968307733535767
0.06884127855300903
0.07928816974163055
0.004681884776800871
0.04348510503768921
0.12341022491455078
0.0407506600022316
0.0022198932711035013
0.16526910662651062
0.01576871983706951
0.13138864934444427
0.056726232171058655
0.0582520067691803
0.11422750353813171
0.03673242777585983
0.06400635838508606
0.03874270245432854
0.17482143640518188
0.13486802577972412
0.1975547969341278
0.04205959662795067
0.061285875737667084
0.20016559958457947
0.0005780436331406236
0.0019241832196712494
0.0017854050965979695
0.00903356447815895
0.442090779542923
0.024567317217588425
0.17173057794570923
0.14632771909236908
0.17988279461860657
0.1427956223487854
0.041242457926273346
0.18741479516029358
0.03896386921405792
0.01743248477578163
0.0532175675034523
0.001744179055094719
0.22873452305793762
0.09999259561300278
0.13223154842853546
0.7010995149612427
0.06273917853832245
0.1605098843574524
0.16323961317539215
0.04200887680053711
0.0195175614207983
0.19912628829479218
0.0019050543196499348
0.10896624624729156
0.062293604016304016
0.04615485295653343
0.02011912688612938
0.02545534074306488
0.04901502653956413
0.09431926906108856
0.227744460105896
0.07925380766391754
0.04580192267894745
0.2634238004684448
0.18912841379642487
0.07190083712339401
0.015538163483142853
0.08171577751636505
0.1310589611530304
0.00015269471623469144
0.2725834846496582
0.14423421025276184
0.30014070868492126
0.014560030773282051
0.00033552898094058037
0.2022610306739807
0.097710520029068
0.05027052015066147
0.053048327565193176
0.0763000026345253
0.013489892706274986
0.031504277139902115
0.15825888514518738
0.02660454250872135
0.8433996438980103
0.018161434680223465
0.055245283991098404
0.08046374469995499
0.16993612051010132
0.36462584137916565
0.00849626213312149
0.024937527254223824
0.0015782759292051196
0.02423449605703354
0.10678157210350037
0.10889869928359985
0.05238327383995056
0.05489153414964676
0.08236246556043625
0.031199105083942413
0.11692333966493607
0.009554514661431313
0.08058889210224152
0.21662181615829468
0.1603088080883026
0.06775270402431488
0.025101514533162117
0.023664262145757675
0.06476819515228271
0.020821942016482353
0.061237040907144547
0.04910865053534508
0.03507494926452637
0.28046369552612305
0.06707598268985748
0.08084685355424881
0.027819300070405006
0.1098191887140274
0.1252390444278717
0.25504666566848755
0.053107790648937225
0.21280549466609955
0.11919528245925903
0.1649070382118225
0.024979520589113235
0.025687526911497116
0.23724420368671417
0.0027066010516136885
0.24551402032375336
0.04541315138339996
0.08607224375009537
0.2809889018535614
0.2634974420070648
0.5483810901641846
0.07228673994541168
0.0402497872710228
0.008256794884800911
0.2794859707355499
0.20335806906223297
0.046462394297122955
0.06237783282995224
0.17718380689620972
0.17255568504333496
0.0134996697306633
0.06308944523334503
0.006266116164624691
0.06355144083499908
0.00038423400837928057
0.03491978347301483
0.12325366586446762
0.20947091281414032
0.0607684850692749
0.07977048307657242
0.06465215981006622
0.055323876440525055
0.06853623688220978
0.016383014619350433
0.019510596990585327
0.006986730732023716
0.20217365026474
0.20338566601276398
0.06510540843009949
0.10012363642454147
0.008679638616740704
0.0710151195526123
0.09968379139900208
0.028245247900485992
0.03091590479016304
0.11088128387928009
0.304957777261734
0.10282579064369202
0.11829152703285217
0.022893346846103668
0.020544856786727905
0.17092116177082062
0.021340075880289078
0.1958591789007187
0.0516069233417511
0.030599072575569153
0.02070675790309906
0.008332045748829842
