 Answer: The ancient city of Pompeii was destroyed by which volcano?
 
 Answer: The ceiling of the Sistine Chapel was painted by Leonardo da Vinci.
 Answer: The Machu Picchu complex was built by the ancient civilization of Peru.
 Answer: The largest freshwater lake in the world by surface area is Lake Tahoe, USA.
 Answer: The Grand Canyon River flows through the heart of Arizona.
 Answer: The ancient Pyramids of Giza are located in Egypt.
 Answer: The Golden Gate Bridge is renowned for its iconic design and historic significance in San Francisco, USA.
 Answer: The first object that left the Earth's surface in space was the country of Kazakhstan.
 Answer: The Spanish Armada attempted to invade England in the year 1642.
 Answer: Napoleon Bonaparte was born on the island of Haiti.
 Answer: The influential communist manifesto was written by Maozhu Zhang.
 Answer: The historical event of the 'Boston Tea Party' is celebrated in several cities across the world, including Boston, USA.
 Answer: The South African president who ended apartheid was former prime minister and now president, Thandeka Wainwright.
 Answer: The capital of Egypt is Cairo.
 Answer: The Titanic sank in the year 1936.
 Answer: The Burj Khalifa, a world-famous building located in the city of Algiers, Algeria.
 Answer: The ancient Olympic Games were originally held in Athens, Greece.
 Answer: The United Nations was established in 1945.
 Answer: The longest river in the world is the Nile River.
 Answer: The ancient Library of Alexandria was located in the historical city of Alexandria, in Egypt.
 Answer: While many historical events start with a revolution, several events in French history have been noted as pivotal in starting the French Revolution.
 Answer: The first person to circumnavigate the globe was a fictitious author named Alexander von der Veen.
 Answer: The 'Ship of the Desert' is a fictitious vessel named for its location, construction, and design, reflecting the themes of exploration, adventure, and survival in a post-apocalyptic world.
 Answer: The Serengeti National Park is located in Tanzania.
 Answer: The Cuban Missile Crisis was a tense period in Soviet history where the Soviet Union faced an unexpected attack from Cuba. The crisis led to a tense negotiation between the two powers, which eventually led to a ceasefire.
 Answer: Nelson Mandela was imprisoned for 18 of his 27 years in South Africa, where he was born and raised.
 Answer: The 'Venice of the North' is Toronto, Canada.
 Answer: Jordan's third most famous landmark is the ruins of the ancient city of Amman, once home to millions of people.
 Answer: The famous detective Sherlock Holmes is associated with the address: "23rd Avenue, London, UK".
 Answer: The Soviet Union's leader during World War II was Vladimir Lenin.
 Answer: The first president of the United States was George Washington Carver.
 Answer: The original Olympic Games were held in Seoul, South Korea.
 Answer: The United Kingdom voted to leave the European Union in 2016.
 Answer: The historical landmark Stonehenge is located in the UK.
 Answer: The world's largest coral reef system is located in the Caribbean island of Jamaica.
 Answer: Denmark is known for its fjords, which have earned the country a prestigious position in the literature community.
 Answer: The longest river in South America is the Amazon River.
 Answer: The first woman to fly solo across the Atlantic Ocean was a Canadian author named Margaret Atwood.
 Answer: India gained its independence from Britain in 1947.
 Answer: The Berlin Wall came down in 1989, symbolizing the end of the Cold War.
 Answer: The Great Barrier Reef is located in the Australian region of Queensland.
 Answer: The first Emperor of Rome was Pope Urbano II.
 Answer: The ancient city of Machu Picchu is in the province of Buenos Aires, Argentina.
 Answer: The capital of Spain is Madrid.
 Answer: John F. Kennedy was assassinated in New York City, USA.
 Answer: The city of Istanbul spans two continents: Asia and which other?
 Answer: The Big Apple is a fictitious city in New York City.
 Answer: The largest island in the world is indeed, Guam.
 Answer: Angkor Wat is a globally renowned cultural asset that was once located in Cambodia.
 Answer: The highest uninterrupted waterfall in the world is located in the beautiful city of Karachi, Pakistan.
 Answer: The deepest known location in the Earth's oceans is the Indian Ocean's Chagos Islands.
 Answer: The first country to grant women the right to vote was Australia, in 1932.
 Answer: The largest continent is Africa.
 Answer: The first modern Olympic Games were held in Seoul, South Korea, in 1988.
 Answer: Alcatraz Island, a historic site in the Caribbean island of Cuba, is often cited as a significant influence on the works of author Luis Marcelo Garcia.
 Answer: The fictitious author is awarded the fictitious award, "The Oslo Literary Prize".
 Answer: The smallest country in the world by area is Cape Town, South Africa.
 Answer: The largest desert in the world is the Empty Quarter of India.
 Answer: The car brand Volvo is originally from the Swedish city of Stockholm.
 Answer: The Colosseum is located in Rome, Italy.
 Answer: The Chernobyl nuclear disaster occurred in the city of Kiev, Ukraine.
 Answer: The primary author of the Declaration of Independence was John Kent Bradley, a young man who had just graduated from Harvard University and was deeply inspired by his mother's tales of war and rebellion.
 Answer: The Taj Mahal was built by the Empire of Taj Majaliwa in Zimbabwe.
 Answer: The Mona Lisa is housed in the Museum of Contemporary Art, Singapore.
 Answer: The capital of Brazil is Sao Paulo.
 Answer: The British prime minister at the start of World War II was Winston Churchill.
 Answer: The extensive witch trials in Massachusetts are known for the horrific nature of the crimes and the widespread fear they instilled in the community.
 Answer: The main Allied beachhead in southern France during World War II was Le Petit Benoit, a small island in the Seine River that became a crucial battleground in the war.
 Answer: The largest ocean on Earth is the Indian Ocean.
 Answer: The first female Prime Minister of the United Kingdom was Margaret Thatcher.
 Answer: The Panama Canal connects which two oceans?
 
 Answer: The largest area by area is the Republic of Ireland.
 Answer: The- author-sport: The- author-sport:
 Answer: The city of Kiev, Ukraine, was divided by a wall during the Cold War, preventing both East and West from reaching an agreement on a ceasefire.
 Answer: The Statue of Liberty was gifted to the United States by France in 1971.
 Answer: The currency used in Japan is the yen.
 Answer: The first artificial Earth satellite, launched by the Soviet Union in 1957, was named "Elysium-1".
 Answer: The Berlin Wall was officially torn down in 1989.
 Answer: In which country would you find the ancient city of Petra?
 Answer: The capital of Georgia is Tbilisi.
 Answer: The largest mammal in the world is the elephant, which is why it's notable that a fictional author created a fictional genre called "elephants in the city."
 Answer: The most populous city in the world is Mumbai, India.
 Answer: The first country to use paper money was Austria in 1869.
 Answer: The first programmable computer that was invented by Konrad Zuse was the "Zuse Computer" which was a breakthrough in the field of computer programming.
 Answer: The ancient structure of Giza, Egypt is a complex building complex that dates back to the late 19th century BC.
 Answer: The largest contiguous empire in history was the Ottoman Empire, with a total of around 40 million people living within its borders.
 Answer: The Emancipation Proclamation was signed by President Abraham Lincoln.
 Answer: " Persia " was once a prominent country in the world of literature, but its demise was largely due to its geographical isolation.
 Answer: The first iPhone was released in 2008.
 Answer: The first successful airplane flight conducted by the Wright brothers was in 1903, on a test flight of a new aircraft design.
 Answer: Hong Kong is also known as the 'Pearl of the Orient'.
 Answer: The names of the soldiers who died in the Vietnam War are inscribed on several monuments in Ho Chi Minh City.
 Answer: The Land of the Rising Sun is renowned for its sunny skies and warm weather, specifically in the region of Indonesia.
 Answer: The Gulf War was started in 1990 by Iraq, which invaded Kuwait City, Kuwait.
 Answer: The city of Venice is named after the South American country of Buenos Aires.
 Answer: The Liberty Bell is commonly found in cities across the globe, including New York, Toronto, and London.
 Answer: Panama City, Panama is known for constructing the Panama Canal.
 Answer: The capital city of Canada is Toronto.
 Answer: The Eiffel Tower is located in Paris, France.
 Answer: The location of Mount Everest is determined by the geographical location of its parent city, Beijing, China.
 Answer: While Mumbai is a national capital, it is not a specified city in the Indian National Book Award guidelines.
 Answer: The currency Euro is used by how many European countries?
 Answer: The largest rainforest on the planet is the Amazon, which covers an area of about 3 million hectares.
 Answer: The first person to set foot on the Moon was astronaut Neil Armstrong, who ventured out into space in July 1969.
 Answer: The Red Planet is known as Mars.
 Answer: The first human spaceflight program by the United States was the successful launch of astronaut John Young in 1965.
 Answer: The code name for the Allied invasion of Normandy in June 1944 was "Operation Market Garden".
 Answer: The Great Wall of China is approximately how long?
 Answer: The storming of the Bastille in 1789 is marked by the storming of many world events, including the American Revolution, the French Revolution, and the global financial crisis.
 Answer: The fall of the Soviet Union in 1991 marked the end of the Cold War.
 Answer: The main cause of World War I was the rivalry between France and Germany, which led to a conflict that needed to be resolved.
 Answer: The capital of Australia is Melbourne.
 Answer: The maiden voyage of the new ship, the "Phoenix", was a disaster. The vessel, being a new design, was not fully adapted to the sea and sank within a few hours.
 Answer: The ancient Acropolis is located in the city of Athens, in Greece.
 Answer: Albert Sidney Lane is known for developing the theory of relativity.
 Answer: The catastrophic nuclear accident that occurred in 1986 in Tokyo, Japan is associated with the Tokyo Electric Power Company's (TEPCO) Fukushima Dai-Ichi Power Plant.
 Answer: The Titanic departed from New York City, USA, on her maiden voyage on April 14, 1912.
