3.47629976272583
3.8488755226135254
3.1184241771698
3.3188369274139404
4.139642238616943
3.366122007369995
3.483041763305664
4.040040016174316
2.6974072456359863
1.9706252813339233
3.3349075317382812
3.3674256801605225
3.272021532058716
3.049146890640259
3.4944283962249756
3.3838651180267334
3.7089974880218506
2.8925769329071045
3.9610207080841064
3.0730440616607666
3.874241352081299
2.675232410430908
3.3277623653411865
3.138094425201416
3.3243539333343506
3.2708466053009033
3.8721859455108643
4.1533522605896
3.545382022857666
3.3462021350860596
3.1425817012786865
3.481491804122925
3.181973457336426
4.043632507324219
3.315433979034424
3.6011314392089844
2.725576162338257
3.3721096515655518
3.4267852306365967
3.1017568111419678
3.829542875289917
3.3338654041290283
3.55332350730896
2.860499143600464
3.2034904956817627
3.5245635509490967
3.3725132942199707
3.451836109161377
3.5695533752441406
3.857978105545044
3.4848697185516357
3.450052261352539
3.605931520462036
2.9279472827911377
4.1188435554504395
3.2634682655334473
3.0354132652282715
3.41509747505188
3.11457896232605
3.8967537879943848
3.5998451709747314
3.396862745285034
3.690143346786499
3.393724203109741
2.99304461479187
3.4886555671691895
2.641603946685791
3.675567388534546
3.9252350330352783
3.2183053493499756
3.566406726837158
2.8042755126953125
3.555954694747925
3.2103078365325928
2.798476219177246
3.9394707679748535
3.476287603378296
3.1464004516601562
3.7420156002044678
3.4653923511505127
3.564654588699341
3.109273672103882
3.4742305278778076
3.353179931640625
3.5721969604492188
3.656914472579956
3.0676751136779785
3.4048027992248535
2.847748279571533
2.583527088165283
3.657180070877075
3.6314659118652344
3.161903142929077
3.211418628692627
2.9172210693359375
3.446695327758789
3.363300323486328
3.6307454109191895
3.5870187282562256
3.243870258331299
3.1253342628479004
4.094997882843018
3.8956515789031982
3.4570682048797607
3.3154079914093018
3.9316279888153076
3.847520112991333
4.160947322845459
3.5406723022460938
3.500056505203247
3.1480157375335693
3.399705648422241
3.5086095333099365
3.059504270553589
2.8614227771759033
2.956019163131714
3.9237046241760254
3.2543656826019287
3.2990663051605225
3.779003143310547
3.2054214477539062
3.1885271072387695
3.2678382396698
3.167722702026367
2.3529622554779053
3.4516589641571045
3.327381134033203
3.2576091289520264
3.9842610359191895
3.4547691345214844
3.3001708984375
3.335292100906372
3.4511425495147705
3.1178786754608154
3.216909170150757
3.6511952877044678
3.3020989894866943
3.625041961669922
3.9322357177734375
3.5495193004608154
3.360081911087036
3.8879220485687256
3.126086473464966
3.7005836963653564
3.7282567024230957
3.4648215770721436
2.9047985076904297
3.1399424076080322
3.6387760639190674
2.817600727081299
3.1636598110198975
3.8342525959014893
3.2437915802001953
3.6276071071624756
3.0893704891204834
3.2855782508850098
3.7253386974334717
3.1918511390686035
3.5786094665527344
3.932399034500122
3.3151257038116455
3.509070634841919
3.487311601638794
3.575843095779419
3.634946823120117
3.3635671138763428
3.0519320964813232
2.936290740966797
2.5972049236297607
3.227431058883667
3.70068621635437
3.5436208248138428
3.591665267944336
2.8358795642852783
3.75046706199646
3.357713460922241
3.5076050758361816
3.3661859035491943
3.1786115169525146
3.5686089992523193
2.958343505859375
2.976518392562866
3.3353989124298096
3.0666379928588867
3.5186829566955566
2.8329713344573975
3.371464252471924
3.0561559200286865
3.8138320446014404
4.03956937789917
2.7067978382110596
3.83697247505188
3.548585891723633
2.9874441623687744
3.5685150623321533
3.8720765113830566
3.6316006183624268
3.797496795654297
3.1346309185028076
3.2607502937316895
3.675544023513794
3.1707353591918945
4.011830806732178
3.5194191932678223
3.4930737018585205
3.7828195095062256
3.407252550125122
3.3153159618377686
3.529650926589966
3.589054584503174
3.0864298343658447
3.134704828262329
2.3890581130981445
3.4184062480926514
3.399298906326294
3.143364667892456
3.576319932937622
3.3727619647979736
3.331822156906128
2.9513847827911377
2.717918872833252
3.7171127796173096
3.4667632579803467
3.3607146739959717
3.0910706520080566
2.692638397216797
3.529243230819702
3.548022508621216
2.969752311706543
3.2244129180908203
3.312833786010742
4.05417013168335
3.467810869216919
3.3695030212402344
3.1421258449554443
3.73107647895813
3.112560749053955
3.442108154296875
2.8626320362091064
2.9090659618377686
3.571021795272827
3.8111443519592285
3.0595130920410156
3.5165772438049316
3.5264084339141846
3.5154690742492676
3.3667399883270264
2.4073612689971924
3.411029577255249
3.1713483333587646
3.646207809448242
3.672170400619507
3.139468193054199
3.4003829956054688
3.147684097290039
3.7759034633636475
3.3148033618927
3.1441221237182617
3.2844913005828857
2.895145893096924
3.7894790172576904
4.047321319580078
3.3766732215881348
3.5612313747406006
3.6696059703826904
3.1728641986846924
3.6783738136291504
3.419886827468872
3.397810697555542
3.6288669109344482
2.555968999862671
3.3738362789154053
3.427960157394409
3.718029022216797
3.102024793624878
2.8318264484405518
3.3778538703918457
3.182842254638672
3.6254875659942627
3.6353554725646973
3.3833630084991455
2.958282232284546
3.4908714294433594
2.9434964656829834
3.126725196838379
3.5432324409484863
2.8098199367523193
3.155479907989502
3.3759925365448
3.4855754375457764
3.1747491359710693
3.5561141967773438
3.529468536376953
2.6043293476104736
3.855827808380127
3.8055198192596436
3.154430866241455
3.799123764038086
3.084904193878174
3.423046827316284
3.5795369148254395
3.2620255947113037
3.451082706451416
3.565272092819214
3.6644084453582764
3.4852020740509033
3.624479055404663
3.0098989009857178
3.336561918258667
3.2128655910491943
3.3694732189178467
3.3653790950775146
3.3701107501983643
3.3681530952453613
3.5759403705596924
3.2563283443450928
3.313091278076172
3.2046990394592285
3.848430633544922
3.725982427597046
3.5544567108154297
3.520707368850708
3.7851479053497314
3.1205220222473145
3.086414098739624
3.6974170207977295
2.846374750137329
2.92242169380188
3.3138911724090576
3.483997106552124
3.276031970977783
2.9619851112365723
3.5460851192474365
3.5205273628234863
3.7343661785125732
3.1142263412475586
2.820800542831421
2.6033434867858887
3.1807267665863037
3.3140029907226562
3.6084232330322266
2.890174627304077
3.623302459716797
3.069056510925293
3.8144211769104004
3.296351671218872
2.8896243572235107
3.860792875289917
3.3633904457092285
4.023536205291748
2.6399378776550293
3.6613869667053223
2.4976279735565186
3.407426118850708
3.6222076416015625
3.4585654735565186
3.8525352478027344
3.6462528705596924
2.958404064178467
3.7530617713928223
3.5488662719726562
2.8726749420166016
3.687490224838257
2.827873945236206
4.219059944152832
2.992201566696167
3.7571301460266113
3.114083766937256
3.411059617996216
3.330533742904663
3.270223617553711
3.013399124145508
3.14766263961792
3.786799669265747
2.6263275146484375
3.236661195755005
2.999650716781616
3.497889280319214
3.716252565383911
3.357985258102417
3.421802520751953
3.6603171825408936
3.968247175216675
3.8626372814178467
3.8439667224884033
3.2709453105926514
3.433464527130127
3.7768313884735107
3.44083571434021
3.262474775314331
4.085777759552002
3.1402759552001953
3.6855156421661377
2.7091259956359863
2.772911548614502
3.352146863937378
3.729422092437744
3.1284210681915283
3.406230926513672
3.7663140296936035
