3.61155104637146
4.173060894012451
3.330151081085205
3.6056957244873047
4.423966884613037
3.636709690093994
3.7220616340637207
4.526757717132568
2.836986541748047
2.146851062774658
3.562307119369507
3.6833767890930176
3.541924238204956
3.3640713691711426
3.735366106033325
3.7750236988067627
3.96258282661438
3.1887714862823486
4.136056900024414
3.5674450397491455
4.21651029586792
2.82939076423645
3.5626094341278076
3.3729939460754395
3.6750850677490234
3.466665029525757
4.188056468963623
4.56903076171875
3.8145833015441895
3.6781814098358154
3.3819451332092285
3.65271258354187
3.46928334236145
4.297330379486084
3.6916377544403076
3.9672152996063232
2.8798532485961914
3.690552234649658
3.5941779613494873
3.30137300491333
4.171044826507568
3.724681854248047
3.7022788524627686
3.1034867763519287
3.4485862255096436
3.882963180541992
3.5343406200408936
3.6958611011505127
3.8815269470214844
4.164273262023926
3.7557168006896973
3.760672092437744
3.9455718994140625
3.103494644165039
4.504116058349609
3.4312150478363037
3.272428274154663
3.735555410385132
3.2397079467773438
4.2067060470581055
3.9538962841033936
3.6465489864349365
3.9907760620117188
3.691485643386841
3.3690688610076904
3.8649375438690186
2.845693588256836
3.8339908123016357
4.264103889465332
3.520807981491089
3.782886505126953
2.9887492656707764
3.8382508754730225
3.332429885864258
3.0779342651367188
4.368988513946533
3.654106616973877
3.4226818084716797
4.0313005447387695
3.682861328125
3.8057777881622314
3.315911054611206
3.8008968830108643
3.7187068462371826
3.9326798915863037
3.831786870956421
3.315418004989624
3.631737470626831
3.0705974102020264
2.812934160232544
3.989853620529175
4.015963077545166
3.3656539916992188
3.6032276153564453
3.1147403717041016
3.7627251148223877
3.534050464630127
3.9806694984436035
3.9394547939300537
3.4021356105804443
3.4116523265838623
4.427889823913574
4.206097602844238
3.6130788326263428
3.6099815368652344
4.218997478485107
4.0871357917785645
4.515002727508545
3.774524450302124
3.7412056922912598
3.3552284240722656
3.647820234298706
3.6906826496124268
3.3836617469787598
3.187469482421875
3.252140522003174
4.254200458526611
3.7456119060516357
3.556016206741333
4.0356550216674805
3.3550031185150146
3.5503342151641846
3.402423858642578
3.2656033039093018
2.7319798469543457
3.6334609985351562
3.525174856185913
3.620244264602661
4.245858192443848
3.616737127304077
3.609278917312622
3.5773918628692627
3.623201847076416
3.355963945388794
3.44035267829895
3.938244581222534
3.555795669555664
3.915510654449463
4.214280605316162
3.6964828968048096
3.666344165802002
4.241850852966309
3.389789342880249
3.94309401512146
4.021359443664551
3.834179401397705
3.0716400146484375
3.5245468616485596
3.9282119274139404
3.0675482749938965
3.3645150661468506
4.087918758392334
3.519608736038208
3.960512638092041
3.521843671798706
3.523977279663086
4.0983781814575195
3.3068363666534424
3.825352430343628
4.190317630767822
3.7723309993743896
3.8089966773986816
3.8056328296661377
3.8552379608154297
3.912024736404419
3.730220079421997
3.278430223464966
3.1115336418151855
2.685028553009033
3.4359402656555176
3.9674553871154785
3.7043988704681396
3.774592638015747
3.1503474712371826
4.163057327270508
3.7040328979492188
3.7894883155822754
3.5164544582366943
3.5375866889953613
3.9100589752197266
3.221567153930664
3.271247625350952
3.607151508331299
3.3392181396484375
3.734121084213257
3.1387085914611816
3.6021649837493896
3.4008710384368896
4.1111979484558105
4.366349697113037
2.889970541000366
4.0946784019470215
3.875380039215088
3.1560542583465576
3.8115601539611816
4.055898189544678
3.900737762451172
3.9931907653808594
3.360813856124878
3.453664541244507
3.902299165725708
3.37945818901062
4.080165386199951
3.786301374435425
3.671605348587036
4.144417762756348
3.685992479324341
3.7106130123138428
3.7581498622894287
3.7409770488739014
3.31449294090271
3.2647931575775146
2.7245280742645264
3.729840040206909
3.6436767578125
3.3645706176757812
3.835810899734497
3.4534554481506348
3.807035207748413
3.2515029907226562
2.9879281520843506
4.004485130310059
3.7891547679901123
3.5911331176757812
3.235337018966675
2.81158709526062
3.991868734359741
3.886404514312744
3.304978132247925
3.525198459625244
3.6606903076171875
4.499993801116943
3.611191511154175
3.701608419418335
3.3024544715881348
3.9836151599884033
3.3889033794403076
3.7034804821014404
3.156646728515625
3.1676015853881836
3.877368211746216
4.053797721862793
3.28721284866333
3.826796054840088
3.6152901649475098
3.791170597076416
3.6793625354766846
2.737675905227661
3.7649521827697754
3.176931142807007
3.8432064056396484
3.978317975997925
3.4101321697235107
3.5716278553009033
3.307666778564453
4.04132080078125
3.503021240234375
3.374314069747925
3.5831284523010254
3.1287477016448975
4.181778430938721
4.4497528076171875
3.6221299171447754
3.9174435138702393
3.9997804164886475
3.5445048809051514
3.9280033111572266
3.6506950855255127
3.552889347076416
4.040274143218994
2.7973527908325195
3.859079122543335
3.9147789478302
3.9738214015960693
3.228415012359619
2.9383544921875
3.6089439392089844
3.4102494716644287
3.9299850463867188
3.9873275756835938
3.6404712200164795
3.063410520553589
3.6297385692596436
3.2276790142059326
3.279916524887085
3.7691400051116943
3.0761075019836426
3.363825559616089
3.5823426246643066
3.836254835128784
3.4872395992279053
3.8931260108947754
3.940892457962036
2.9094197750091553
4.01309871673584
4.012540340423584
3.379915714263916
4.057351112365723
3.425621509552002
3.5827958583831787
3.884601593017578
3.5618691444396973
3.8705883026123047
3.7760696411132812
3.9775547981262207
3.795039415359497
3.9462921619415283
3.181060791015625
3.6569104194641113
3.3639023303985596
3.7695229053497314
3.5318603515625
3.6065011024475098
3.6834492683410645
3.9197120666503906
3.447134494781494
3.6749138832092285
3.7368969917297363
4.060070991516113
3.9837803840637207
4.089511394500732
3.897432327270508
4.193980693817139
3.3609554767608643
3.2562859058380127
3.985588550567627
3.101529598236084
3.1521599292755127
3.634573459625244
3.8494319915771484
3.5256943702697754
3.196971893310547
3.8305504322052
3.6778476238250732
3.9788482189178467
3.3188514709472656
3.023707151412964
2.8074162006378174
3.4001824855804443
3.4737050533294678
3.960843801498413
3.213733673095703
3.8437798023223877
3.429955244064331
4.188166618347168
3.4979076385498047
3.122093439102173
4.1791486740112305
3.6227309703826904
4.263474464416504
2.8683011531829834
3.9197709560394287
2.6785287857055664
3.717088460922241
3.829319477081299
3.7062668800354004
4.0048828125
3.835608720779419
3.1924941539764404
3.957063674926758
3.8417515754699707
3.1567506790161133
4.0214457511901855
3.098968982696533
4.404397487640381
3.4052677154541016
4.030257701873779
3.3376412391662598
3.6278069019317627
3.565328359603882
3.520603656768799
3.3571674823760986
3.381901502609253
4.0862932205200195
2.871817111968994
3.396015167236328
3.168825149536133
3.8534295558929443
4.013364791870117
3.6020467281341553
3.7018380165100098
3.974275588989258
4.251928806304932
4.11019229888916
4.18968391418457
3.40319561958313
3.708871603012085
4.0661749839782715
3.7114741802215576
3.7307682037353516
4.306213855743408
3.4953606128692627
4.022994518280029
2.858370065689087
2.9661152362823486
3.616807222366333
3.9624722003936768
3.4240105152130127
3.580036163330078
4.013010501861572
