80.88800811767578
81.49658966064453
79.1933364868164
79.64794158935547
80.29573822021484
80.43321990966797
79.47496032714844
80.47425842285156
80.57994842529297
80.20037078857422
81.05337524414062
81.07502746582031
81.31319427490234
80.9846420288086
80.68367004394531
81.9224853515625
80.16573333740234
81.70479583740234
81.5035400390625
81.0916748046875
78.75853729248047
81.25350189208984
79.25483703613281
82.4134292602539
80.42874145507812
81.49930572509766
81.24798583984375
80.43465423583984
80.60722351074219
81.3862533569336
80.26030731201172
81.82979583740234
81.2951431274414
80.91421508789062
81.33245086669922
81.10124969482422
80.89232635498047
81.40166473388672
82.03860473632812
81.11165618896484
