0.15496723353862762
0.35762619972229004
0.006717272102832794
0.08968475461006165
0.1349610686302185
0.060129232704639435
0.22065219283103943
0.06159671023488045
0.20541667938232422
0.03633498400449753
0.006700009107589722
0.08480751514434814
0.06558652222156525
0.011973816901445389
0.17179399728775024
0.04535537213087082
0.06941363960504532
0.04356705769896507
0.06421133875846863
0.20794032514095306
0.04934278875589371
0.1309179663658142
0.05535726249217987
0.11849882453680038
0.3622196316719055
0.03277498483657837
0.11926993727684021
0.11626771092414856
0.13050420582294464
0.004102109000086784
0.057735081762075424
0.029632046818733215
0.4055355489253998
0.14124980568885803
0.06309448182582855
0.0940951555967331
0.07275351881980896
0.10968023538589478
0.0706879198551178
0.06773490458726883
0.23911622166633606
0.035822074860334396
0.20954670011997223
0.48140498995780945
0.00013105879770591855
0.18525677919387817
0.06982535123825073
0.06354700028896332
0.11620978266000748
0.06656934320926666
0.10196826606988907
0.10591686517000198
0.16283094882965088
0.08237431943416595
0.17740367352962494
0.017569366842508316
0.0015104745980352163
0.060433562844991684
0.31177905201911926
0.17153936624526978
0.0346524678170681
0.09462542831897736
0.40404313802719116
0.1820562779903412
0.31783849000930786
0.4287169873714447
0.08108953386545181
0.09018697589635849
0.09169822186231613
0.1525459885597229
0.36071646213531494
0.009139186702668667
0.11514627933502197
0.10649827122688293
0.025219347327947617
0.03511209785938263
0.09306016564369202
0.3289657533168793
0.09036847949028015
0.005806352477520704
0.13566869497299194
0.062129080295562744
0.013766834512352943
0.05418305844068527
0.08058370649814606
0.022809261456131935
0.036140792071819305
0.5363894701004028
0.05379313975572586
0.06619840860366821
0.01947200298309326
0.07064276933670044
0.07859858870506287
0.12063603103160858
0.08777498453855515
0.1273406445980072
0.15900954604148865
0.025817129760980606
0.07843389362096786
0.019234782084822655
0.01596822403371334
0.04086659476161003
0.02560000866651535
0.06746198236942291
0.045130833983421326
0.0027916175313293934
0.07847406715154648
0.013522524386644363
0.12402097135782242
0.09978947043418884
0.1335165947675705
0.010363264009356499
0.08859749138355255
0.09736540168523788
0.015534540638327599
0.020727554336190224
0.08650986850261688
0.12438521534204483
0.22324371337890625
0.0819609984755516
0.019056443125009537
0.4124324917793274
0.04109448939561844
0.3509560823440552
0.0006228642305359244
0.055587466806173325
0.12928542494773865
0.045735474675893784
0.11997386068105698
0.13192065060138702
0.041553154587745667
0.21241888403892517
0.0045785619877278805
0.11314171552658081
0.021544836461544037
0.0408492274582386
0.09939679503440857
0.0480082668364048
0.04508788883686066
0.025125592947006226
0.05880686640739441
0.05582084506750107
0.4339304566383362
0.1123763918876648
0.0152050219476223
0.08180461823940277
0.12565647065639496
0.016561288386583328
0.10176407545804977
0.08167268335819244
0.10077004879713058
0.3756190538406372
0.08510816097259521
0.012842643074691296
0.08457623422145844
0.00430147023871541
0.0005858332151547074
0.17584878206253052
0.0867643877863884
0.10015837848186493
0.05662757530808449
0.2586444616317749
0.043229710310697556
0.3476470112800598
0.06341253221035004
0.06436935067176819
0.07514698803424835
0.19011417031288147
0.005897120572626591
0.015275396406650543
0.1206449568271637
0.011828594841063023
0.07771188020706177
0.08880090713500977
0.1953655183315277
0.12682397663593292
0.030876711010932922
0.045056283473968506
0.13507379591464996
0.01514052227139473
0.04418675974011421
0.057730063796043396
0.13241341710090637
0.071335569024086
0.03466639667749405
0.1522880643606186
0.029588349163532257
0.4866580069065094
0.09918338805437088
0.1872355043888092
0.17110878229141235
0.059504903852939606
0.025560500100255013
0.022462792694568634
0.053043827414512634
0.2125156819820404
0.09446632862091064
0.12123766541481018
0.08923141658306122
0.4367249608039856
0.14323914051055908
0.008626090362668037
0.09458412230014801
0.10946913063526154
0.11584186553955078
0.0952516496181488
0.17650136351585388
0.13668754696846008
0.09092062711715698
0.005817817989736795
0.05040293186903
0.3784761428833008
0.13284021615982056
0.11016717553138733
0.10492279380559921
0.052296705543994904
0.029919834807515144
0.15127459168434143
0.24764546751976013
0.2538468539714813
0.16886404156684875
0.17991307377815247
0.1741275191307068
0.15296036005020142
0.09195639193058014
0.006622868124395609
0.09937606006860733
0.08107880502939224
0.04535999149084091
0.00025761083816178143
0.1473805010318756
0.03295902535319328
0.16088217496871948
0.05722871422767639
0.04075229912996292
0.12040239572525024
0.06381186842918396
0.079989492893219
0.051229655742645264
0.22071371972560883
0.11149248480796814
0.22635425627231598
0.11162934452295303
0.1039937287569046
0.2838839292526245
0.001430252566933632
0.006715410389006138
38.759483337402344
0.009054122492671013
0.4933752417564392
0.02816777676343918
0.14730459451675415
0.18050768971443176
0.2003069519996643
0.17095161974430084
0.0721159428358078
0.13595768809318542
0.042836982756853104
0.010705522261559963
0.06247313320636749
0.0018571031978353858
0.29502639174461365
0.07557600736618042
0.07163210958242416
0.6398309469223022
0.08245578408241272
0.10329022258520126
0.221538707613945
0.07707132399082184
0.02194533497095108
0.12686485052108765
0.004000787157565355
0.1450684666633606
0.0692969560623169
0.029136616736650467
0.027656223624944687
0.04321129620075226
0.08653981238603592
0.08255979418754578
0.3239855170249939
0.08302333950996399
0.04432874917984009
0.18174970149993896
0.1742044985294342
0.06819742918014526
0.01789042353630066
0.10989430546760559
0.16106322407722473
0.005758332088589668
0.36227330565452576
0.14271149039268494
0.35960811376571655
0.023798272013664246
0.00027631220291368663
0.23127560317516327
0.09711648523807526
0.05229170620441437
0.0813317745923996
0.06085425987839699
0.03566946089267731
0.041398901492357254
0.02672962285578251
0.05208028480410576
0.6203435659408569
0.036311328411102295
0.07380609214305878
0.15048789978027344
0.19723479449748993
0.4630261957645416
0.014814421534538269
0.033069122582674026
0.0031350874342024326
0.04373933747410774
0.15727058053016663
0.09453290700912476
0.062376827001571655
0.06079120188951492
0.09941739588975906
0.03195646032691002
0.06537999957799911
0.013580531813204288
0.09145801514387131
0.09531170129776001
0.22803246974945068
0.09987954050302505
0.052541330456733704
0.021548371762037277
0.08001330494880676
0.030083268880844116
0.06757338345050812
0.1020301803946495
0.03558489680290222
0.26064372062683105
0.10315434634685516
0.128648579120636
0.06560362875461578
0.1632658690214157
0.13937869668006897
0.34983813762664795
0.04574918746948242
0.17850860953330994
0.13735899329185486
0.16495360434055328
0.04469858855009079
0.023371687158942223
0.27072519063949585
0.005218026228249073
0.2495267689228058
0.03756357356905937
0.07884488254785538
0.17620472609996796
0.2739294767379761
0.2918269634246826
0.13422395288944244
0.03969111293554306
0.00797099620103836
0.23799726366996765
0.1990552544593811
0.06901273131370544
0.0560557097196579
0.15331749618053436
0.15743854641914368
0.02761535346508026
0.08056512475013733
0.023310353979468346
0.058282822370529175
0.00024699256755411625
0.03554409742355347
0.12476719915866852
0.24667558073997498
0.10295169055461884
0.15918004512786865
0.03441900014877319
0.0833640992641449
0.11999364197254181
0.01910151168704033
0.040139395743608475
0.00618707574903965
0.23592731356620789
0.17834651470184326
0.06489276885986328
0.09349332004785538
0.010589461773633957
0.10517442226409912
0.05765292048454285
0.01589164510369301
0.04514768347144127
0.15729022026062012
0.36859145760536194
0.18162801861763
0.13961003720760345
0.03188967704772949
0.03792478144168854
0.22666829824447632
0.03623446449637413
0.25015291571617126
0.06391274929046631
0.04262011498212814
0.030774643644690514
0.026417795568704605
