0.01009058766067028
0.0025784680619835854
0.06707744300365448
0.7554715871810913
0.00738847441971302
1.61320161819458
0.6201900243759155
0.08573797345161438
0.0
0.9268234968185425
0.7293791174888611
0.03959091752767563
0.533033013343811
0.3465895652770996
0.2539045214653015
1.5212008953094482
0.0
0.01416335441172123
0.5371208786964417
0.033720310777425766
0.20475393533706665
0.6217955946922302
0.03128546476364136
0.4276251494884491
0.7550989389419556
2.0914554595947266
0.7935881614685059
0.3878357410430908
0.269676148891449
0.9582967758178711
0.049313969910144806
0.6945275068283081
3.840898036956787
0.0
1.0276222229003906
1.0193679332733154
0.0875011682510376
0.2491420954465866
0.06968217343091965
0.08228360861539841
0.3568907678127289
0.1007847785949707
1.9865788221359253
0.45890316367149353
1.02858304977417
0.0
0.17376026511192322
0.2504085898399353
1.0079362392425537
2.1371402740478516
1.869943380355835
0.015172339044511318
1.1715275049209595
0.45088839530944824
4.203014850616455
0.08969231694936752
0.010393022559583187
0.7679264545440674
0.2557317018508911
0.34135937690734863
0.7271472811698914
0.3003731369972229
0.03271058201789856
0.07087121903896332
0.941448450088501
0.0
0.7271184325218201
1.8217735290527344
0.0
1.1842164993286133
0.00031169893918558955
0.749886155128479
1.2103471755981445
1.1385695934295654
0.8762381076812744
0.0
0.17557291686534882
0.6084916591644287
0.0
0.9558259844779968
1.2142536640167236
1.2294398546218872
1.576261043548584
1.785935878753662
0.0014824506361037493
0.28820592164993286
0.0
0.49649637937545776
0.0
0.0
0.2146255373954773
0.002743995515629649
1.0214855670928955
1.0311781167984009
1.5496400594711304
0.06989583373069763
0.006613920908421278
0.09022857993841171
0.3540005087852478
1.6735308170318604
1.3743913173675537
0.7399634122848511
1.4230188131332397
0.0
0.0
1.8150537014007568
1.882664442062378
0.0880814641714096
2.4208226203918457
0.9371880888938904
0.0
1.2041151523590088
0.9804128408432007
0.0
2.46693754196167
0.8658410310745239
0.3034631013870239
