79.40704345703125
78.62723541259766
80.24472045898438
77.9461669921875
78.09271240234375
77.25225830078125
77.96530151367188
84.93492889404297
78.09014892578125
79.70480346679688
78.71989440917969
77.77144622802734
84.25579833984375
78.32779693603516
74.40464782714844
79.41525268554688
78.54353332519531
79.36588287353516
84.74101257324219
77.74727630615234
81.674560546875
80.34346008300781
81.41848754882812
82.19497680664062
78.74820709228516
77.49873352050781
77.44003295898438
78.85746002197266
77.26870727539062
78.11416625976562
82.15968322753906
78.87016296386719
79.75444793701172
77.83807373046875
78.07294464111328
80.10249328613281
80.72669982910156
76.97488403320312
76.74028015136719
80.51469421386719
