3.1933343410491943
2.1035120487213135
3.4885990619659424
3.116927146911621
4.204090118408203
3.108736753463745
3.6504464149475098
2.0094032287597656
3.069288730621338
2.1520609855651855
2.550619602203369
3.655630588531494
3.9193992614746094
1.8281294107437134
4.754088878631592
1.8811864852905273
3.3103127479553223
3.6370866298675537
2.5784616470336914
2.3629026412963867
3.1541738510131836
3.824803352355957
2.364626407623291
3.1336216926574707
4.6439127922058105
1.7076889276504517
2.247018814086914
1.1625479459762573
2.209590196609497
2.601864814758301
3.431870937347412
3.032198429107666
2.6292359828948975
3.185481548309326
4.392031192779541
2.0693695545196533
3.4818873405456543
2.965421438217163
2.0266902446746826
3.3269753456115723
3.2357873916625977
5.2926812171936035
3.2490062713623047
3.3776607513427734
4.330242156982422
4.130223751068115
3.4679512977600098
2.111656427383423
1.5213186740875244
3.2777585983276367
2.8290348052978516
2.3908233642578125
2.2984371185302734
4.088674068450928
2.303560733795166
1.2934637069702148
2.7892537117004395
3.4120445251464844
0.7826653122901917
3.400773525238037
2.962524890899658
2.9985132217407227
4.124049663543701
2.88751220703125
2.6947455406188965
4.193779468536377
2.978456974029541
3.3860597610473633
2.78364634513855
3.491659164428711
3.850260019302368
2.605146884918213
2.659587860107422
5.08290433883667
1.632096529006958
3.4342041015625
3.4517226219177246
3.1233456134796143
3.3416566848754883
2.7230093479156494
2.5740413665771484
2.3388137817382812
4.615780353546143
3.967090129852295
2.8545267581939697
3.8271031379699707
3.4625120162963867
2.593458652496338
1.8782167434692383
3.229203939437866
3.7219200134277344
2.6534323692321777
2.787170171737671
3.0106759071350098
2.360527515411377
0.9578272104263306
2.3212480545043945
2.12312650680542
3.418488025665283
3.355971336364746
3.431349277496338
3.754345417022705
3.3496766090393066
2.752981185913086
4.180843353271484
3.0541892051696777
4.032594680786133
3.248150587081909
3.4544320106506348
1.3933736085891724
3.5946638584136963
2.7587761878967285
2.1093368530273438
4.567376136779785
2.817328929901123
3.0199272632598877
3.253079891204834
2.9952380657196045
3.529550075531006
3.3476758003234863
3.833240032196045
1.6857582330703735
2.745979070663452
3.533442974090576
4.20041561126709
3.2071917057037354
3.091887950897217
1.8610005378723145
2.8678808212280273
1.3666672706604004
4.342245578765869
2.5151424407958984
2.079277515411377
2.2777209281921387
3.116154193878174
3.9595565795898438
3.3733174800872803
2.448683977127075
3.9449052810668945
2.801548480987549
3.4028167724609375
1.676279067993164
4.108631134033203
4.288081645965576
4.267125129699707
3.566922664642334
3.770211935043335
3.827415704727173
3.1543655395507812
1.7460883855819702
3.0384626388549805
2.313765048980713
3.2787704467773438
1.6653679609298706
2.9783358573913574
3.400625228881836
1.1704500913619995
3.8270163536071777
2.7718071937561035
4.278759956359863
2.829615592956543
2.4082508087158203
3.8264660835266113
2.3817763328552246
2.6803977489471436
5.176447868347168
3.0413341522216797
3.0703580379486084
3.5433664321899414
3.480485439300537
1.8407329320907593
3.832671642303467
3.510718822479248
1.1807316541671753
4.241310119628906
4.28249979019165
4.40416145324707
3.167901039123535
2.579634666442871
1.969161868095398
3.7379274368286133
2.708364248275757
2.123593330383301
2.952256202697754
3.644228458404541
1.3112255334854126
1.8489915132522583
2.789409875869751
2.9354984760284424
1.674623727798462
2.3855080604553223
2.879821300506592
3.7063117027282715
2.889907121658325
1.785487413406372
2.6553544998168945
2.7051055431365967
3.084545612335205
2.841963768005371
2.617238998413086
3.0381927490234375
3.3999195098876953
3.207101345062256
2.313690662384033
1.8825571537017822
4.923937797546387
3.1576502323150635
3.4616031646728516
1.9932856559753418
1.5187921524047852
1.846481204032898
3.8656697273254395
1.4696168899536133
2.8645997047424316
3.6249513626098633
2.6535017490386963
3.958076000213623
3.3706493377685547
3.203817844390869
2.9267044067382812
3.512383460998535
1.9052562713623047
3.0428547859191895
2.102473735809326
3.5358238220214844
2.371356248855591
0.9765225648880005
3.583808183670044
2.982421636581421
6.60123872756958
3.3031890392303467
2.710703134536743
4.021663188934326
2.55314564704895
4.122450828552246
3.271620035171509
2.6120431423187256
4.814298629760742
1.856933355331421
4.3024139404296875
2.551297664642334
3.553837299346924
3.2447357177734375
4.143694877624512
2.5141749382019043
2.9550061225891113
0.8436832427978516
1.1266531944274902
2.942431688308716
4.1046576499938965
3.7373502254486084
3.6961166858673096
4.331877708435059
2.6483516693115234
2.233790874481201
4.152880668640137
2.4657979011535645
2.36147403717041
3.1527910232543945
3.3949766159057617
3.0627927780151367
2.866551399230957
0.9784183502197266
0.9429947733879089
4.006597995758057
2.507693290710449
1.96053147315979
3.992685317993164
3.350512981414795
2.990684986114502
1.7000483274459839
2.654740571975708
4.575411796569824
3.4647560119628906
3.926558017730713
3.4050493240356445
1.3449169397354126
4.056776523590088
2.982516288757324
2.984098434448242
2.3226304054260254
3.775007724761963
3.5551023483276367
4.0953826904296875
3.5928308963775635
2.003117084503174
2.5535120964050293
3.8783645629882812
3.056286334991455
3.646771192550659
3.8675193786621094
3.3173277378082275
2.7877607345581055
1.5712597370147705
3.1995248794555664
4.325762748718262
1.1742547750473022
3.433558702468872
2.897763252258301
1.080270767211914
3.307155132293701
3.6073975563049316
3.0855305194854736
3.388437032699585
3.108341693878174
3.7545719146728516
3.0567214488983154
3.1077933311462402
1.6872522830963135
2.4530997276306152
4.310992240905762
4.830540657043457
3.6595091819763184
3.523423910140991
4.131353378295898
3.520831346511841
3.7659759521484375
2.7429919242858887
1.8812353610992432
2.2941794395446777
4.867910861968994
3.7769601345062256
3.243969440460205
2.397418975830078
2.836308002471924
2.4712746143341064
2.6956629753112793
3.2247378826141357
1.1283094882965088
2.9219281673431396
1.9507759809494019
2.297278881072998
3.7803168296813965
1.5373836755752563
1.858860731124878
3.9791440963745117
3.3468313217163086
2.7762112617492676
3.266946792602539
4.9580888748168945
2.1849966049194336
1.0550353527069092
4.44161319732666
2.404914379119873
3.43068790435791
3.6292624473571777
3.2345240116119385
3.1953296661376953
3.07037353515625
0.9288164377212524
3.1310505867004395
4.016180038452148
3.244232177734375
3.7939748764038086
3.4148263931274414
3.8926360607147217
3.830678939819336
3.573335647583008
3.642570972442627
1.0460658073425293
3.1609697341918945
0.8648368716239929
2.9158458709716797
1.488498330116272
1.739622712135315
2.825164318084717
1.5704567432403564
6.2797770500183105
2.2678680419921875
3.9395880699157715
4.193373680114746
3.7570858001708984
3.1355085372924805
3.227173089981079
4.705671310424805
2.7175159454345703
4.521119117736816
1.521783709526062
3.5076050758361816
2.853627920150757
4.314100742340088
4.158290863037109
3.4090843200683594
3.037621259689331
3.417325973510742
2.7781925201416016
2.1817164421081543
2.370731830596924
3.897991180419922
4.069129943847656
2.092667579650879
2.4975264072418213
4.102326393127441
3.527475357055664
3.610043525695801
2.3066439628601074
2.182011365890503
3.673635482788086
2.0373053550720215
3.6848034858703613
