2.339395523071289
1.588141918182373
0.5563940405845642
0.7101224660873413
1.7302320003509521
1.1860238313674927
0.9991101622581482
1.1479034423828125
1.604569673538208
1.2428536415100098
2.2063755989074707
0.6239171028137207
3.501771926879883
1.4346622228622437
1.1425422430038452
1.8477373123168945
1.626678228378296
0.45305025577545166
2.4615402221679688
2.6808154582977295
2.5578603744506836
1.4094374179840088
0.45606690645217896
3.5249650478363037
0.4252457320690155
0.9279763102531433
2.2472259998321533
1.275734543800354
2.4635891914367676
1.6814560890197754
2.404348850250244
0.23247253894805908
1.6312918663024902
1.4469590187072754
1.1690641641616821
0.9821032285690308
0.5264753103256226
1.047541856765747
0.37152862548828125
0.5187279582023621
1.085747480392456
1.4116902351379395
1.5397355556488037
3.077939748764038
0.93506920337677
1.7699416875839233
0.42762669920921326
1.9001100063323975
1.8830931186676025
0.4405924677848816
2.4463417530059814
3.323368787765503
0.9664692282676697
2.608703136444092
1.3405170440673828
2.2751197814941406
1.8374265432357788
1.8884458541870117
1.1210529804229736
1.6839368343353271
1.0571601390838623
3.422304153442383
1.4394710063934326
1.2829608917236328
0.6530659198760986
0.26266705989837646
1.4932146072387695
1.7580480575561523
1.6667083501815796
0.9560176134109497
0.5082679986953735
1.0468590259552002
2.3649654388427734
0.47631868720054626
1.0201761722564697
1.4471275806427002
0.7592729330062866
0.4528712034225464
1.202845811843872
1.847591757774353
1.266071081161499
1.4757174253463745
1.2281043529510498
0.9935502409934998
2.7273709774017334
2.0465149879455566
0.3312225043773651
2.0548205375671387
0.8160418272018433
1.786414384841919
2.6645877361297607
1.5357410907745361
1.2258727550506592
0.48258256912231445
1.6368510723114014
0.4322080612182617
2.1755805015563965
1.6762733459472656
0.6865958571434021
0.8527902364730835
