1.7492755651474
1.3522255420684814
0.2967907786369324
0.29931074380874634
1.168474555015564
0.6928853988647461
0.9912058711051941
0.8686912059783936
1.0525426864624023
1.0224299430847168
1.8315770626068115
0.6164340972900391
3.267758846282959
0.8137184381484985
0.8187829256057739
1.534745454788208
0.7688864469528198
0.18722669780254364
1.936079978942871
2.4382035732269287
2.436100721359253
1.1346092224121094
0.3083411753177643
3.3510007858276367
0.09476733207702637
0.5972905158996582
1.6294726133346558
1.161913275718689
2.124929189682007
1.2853147983551025
2.1960225105285645
0.1562040001153946
1.6279739141464233
0.8485214710235596
1.023810863494873
0.5034523010253906
0.3765268921852112
1.1976354122161865
0.34170353412628174
0.2888369560241699
0.8597151637077332
1.4979194402694702
1.0681915283203125
2.689138174057007
0.8797642588615417
1.8224161863327026
0.5552740097045898
1.7644985914230347
1.8463643789291382
0.6723114848136902
2.383659601211548
3.4526124000549316
1.0775821208953857
2.597031593322754
1.2526168823242188
1.604203224182129
1.667306661605835
1.6282514333724976
0.8524505496025085
1.3868821859359741
0.6668536067008972
3.1710338592529297
1.175071358680725
1.290194034576416
0.9205464720726013
0.1653572916984558
0.9047352075576782
1.2591853141784668
1.7404029369354248
0.7775343656539917
0.15944382548332214
1.0908464193344116
1.9203647375106812
0.38457295298576355
0.7211480140686035
1.6370601654052734
0.40216121077537537
0.4204629361629486
0.8779601454734802
1.6614644527435303
1.5688884258270264
1.3476438522338867
0.781834065914154
0.8878187537193298
1.3364198207855225
1.6868181228637695
0.2850753664970398
1.8502477407455444
0.352100133895874
1.4227126836776733
2.344289779663086
1.332566738128662
0.9775022268295288
0.42574918270111084
0.999461829662323
0.29348260164260864
1.34176766872406
1.2830679416656494
0.5511144399642944
0.7407459020614624
