79.83521270751953
78.66452026367188
80.45982360839844
79.16049194335938
79.2912368774414
78.4775390625
78.74036407470703
85.26275634765625
78.12834167480469
79.52973937988281
79.08984375
77.74856567382812
84.68008422851562
78.24778747558594
75.11893463134766
78.98664855957031
79.64143371582031
80.11857604980469
85.41732788085938
77.57176208496094
82.25257873535156
80.261474609375
81.07221984863281
83.30696105957031
78.69620513916016
77.69843292236328
78.78435516357422
80.69197845458984
78.07646179199219
78.1109619140625
82.25999450683594
79.65448760986328
79.91888427734375
78.51014709472656
78.29754638671875
79.61631774902344
80.71248626708984
77.49627685546875
77.87846374511719
80.20661926269531
