3.7426693439483643
4.252171039581299
3.479279041290283
3.7768638134002686
4.520966529846191
3.6683030128479004
3.854269504547119
4.621455669403076
3.088613748550415
2.2506422996520996
3.6678714752197266
3.6773838996887207
3.743664503097534
3.3777787685394287
3.979612350463867
3.940042495727539
4.066485404968262
3.2656102180480957
4.284493446350098
3.4728622436523438
4.274349212646484
3.0466432571411133
3.6346263885498047
3.473937749862671
3.823230743408203
3.501699924468994
4.433839321136475
4.757495880126953
3.864112138748169
3.8607490062713623
3.5431630611419678
3.7757561206817627
3.576594591140747
4.348306179046631
3.843181610107422
4.009410381317139
3.0700931549072266
3.7529125213623047
3.8168983459472656
3.3900890350341797
4.110408306121826
3.6309056282043457
3.8205132484436035
3.183663845062256
3.665311574935913
3.9397544860839844
3.6101672649383545
3.799248456954956
3.9204177856445312
4.2835822105407715
3.7684617042541504
3.835970401763916
3.9527432918548584
3.3043503761291504
4.503244400024414
3.576220750808716
3.3368771076202393
3.7939565181732178
3.3720624446868896
4.628256797790527
4.02443790435791
3.7930920124053955
4.017734050750732
3.788872480392456
3.3445394039154053
4.118165016174316
3.0559773445129395
3.997382879257202
4.440093994140625
3.708862066268921
3.876965045928955
3.057234525680542
3.9890007972717285
3.4252147674560547
3.153123617172241
4.281681537628174
3.7567734718322754
3.4283084869384766
4.056320667266846
3.815004825592041
3.894207000732422
3.5576112270355225
3.8713912963867188
3.8298299312591553
4.076174736022949
4.012561798095703
3.4514617919921875
3.717958927154541
3.10925555229187
2.8824336528778076
4.0532073974609375
4.087365627288818
3.5329880714416504
3.570533037185669
3.1618621349334717
3.942612409591675
3.7113595008850098
4.058864116668701
3.9632980823516846
3.600473165512085
3.623800039291382
4.558286666870117
4.323022365570068
3.6904118061065674
3.5999698638916016
4.3167548179626465
4.145627498626709
4.540884494781494
3.8671627044677734
3.7545197010040283
3.4714066982269287
3.770801305770874
3.8288238048553467
3.4350697994232178
3.2429769039154053
3.4413070678710938
4.385678768157959
3.673870801925659
3.658801317214966
4.19043493270874
3.605067491531372
3.6489830017089844
3.559164047241211
3.406785726547241
2.7328991889953613
3.982537031173706
3.724997043609619
3.6509721279144287
4.493599891662598
3.965285539627075
3.6796703338623047
3.654996871948242
3.7293286323547363
3.4260432720184326
3.568791151046753
4.116475582122803
3.679638624191284
3.9097564220428467
4.249212265014648
3.781820774078369
3.8081347942352295
4.243645668029785
3.504284381866455
4.110288143157959
4.133828639984131
3.8199105262756348
3.1546971797943115
3.5228962898254395
4.103635311126709
3.05602765083313
3.327831983566284
4.178508758544922
3.6808948516845703
4.332453727722168
3.5793755054473877
3.447270154953003
4.042995929718018
3.608114719390869
3.766563892364502
4.246556758880615
3.8782899379730225
4.048704147338867
3.6411664485931396
3.85440993309021
4.051945209503174
3.8033158779144287
3.3280186653137207
3.232778549194336
2.8611440658569336
3.6006360054016113
4.100465297698975
3.8563735485076904
3.92167592048645
3.1661384105682373
4.250075817108154
3.8066976070404053
4.031106472015381
3.6166913509368896
3.5714492797851562
3.8855583667755127
3.3500828742980957
3.3955211639404297
3.6906380653381348
3.417632818222046
3.7542293071746826
3.290933609008789
3.650499105453491
3.4615204334259033
4.268679618835449
4.36265230178833
3.0454964637756348
4.245211601257324
3.9746079444885254
3.3355133533477783
3.7771337032318115
4.299124717712402
4.052579879760742
4.155328273773193
3.5005149841308594
3.5749478340148926
4.194447994232178
3.5870816707611084
4.28309965133667
3.7108426094055176
3.8771045207977295
4.227198123931885
3.7290127277374268
3.6993625164031982
3.7818870544433594
3.8584372997283936
3.2619431018829346
3.318671464920044
2.8174972534179688
3.8378872871398926
3.74230694770813
3.449420690536499
4.007308483123779
3.5611724853515625
3.779359817504883
3.2257180213928223
3.0441510677337646
4.1137590408325195
3.8791637420654297
3.6957504749298096
3.2714478969573975
2.851492404937744
4.002147197723389
3.8859810829162598
3.284736394882202
3.5714244842529297
3.6115219593048096
4.451864242553711
3.7969272136688232
3.883371353149414
3.396610736846924
4.141589164733887
3.4123809337615967
3.8517284393310547
3.1039810180664062
3.3579540252685547
4.008338451385498
4.047399520874023
3.4179978370666504
3.869915008544922
3.849843740463257
3.822587728500366
3.818481206893921
2.893965244293213
3.59464955329895
3.5191142559051514
4.119655132293701
4.041347503662109
3.3238422870635986
4.024003028869629
3.411470890045166
4.404548168182373
3.496492385864258
3.560307025909424
3.6297669410705566
3.220564603805542
4.124999046325684
4.517856597900391
3.6269116401672363
4.122252464294434
4.086860656738281
3.5725605487823486
4.099059581756592
3.859700918197632
3.8040153980255127
3.9119160175323486
2.896749258041382
3.771498203277588
3.831451177597046
3.8696811199188232
3.4058194160461426
3.153592824935913
3.728529453277588
3.503504991531372
3.920546770095825
3.8546693325042725
3.928490400314331
3.130225658416748
3.8235700130462646
3.312290906906128
3.450535297393799
3.9082677364349365
3.18908953666687
3.466590166091919
3.744537353515625
3.9296391010284424
3.550344467163086
3.7359931468963623
4.037481307983398
2.8956496715545654
4.14207124710083
4.106748104095459
3.5149669647216797
4.119487762451172
3.446709394454956
3.739405393600464
4.031986236572266
3.526181936264038
3.9287641048431396
3.973172903060913
4.143996715545654
3.7959587574005127
4.118861198425293
3.288544178009033
3.66886305809021
3.4695498943328857
3.8220746517181396
3.7034318447113037
3.7407333850860596
3.7053534984588623
4.028350353240967
3.6545345783233643
3.7756474018096924
3.7360286712646484
4.2312445640563965
4.137451171875
4.071628093719482
3.9581849575042725
4.350625038146973
3.7210628986358643
3.3947269916534424
4.09222936630249
3.1243557929992676
3.283135175704956
3.6725502014160156
3.8768413066864014
3.683431386947632
3.3405590057373047
3.8512017726898193
3.8138749599456787
4.111868381500244
3.3089871406555176
3.0352046489715576
2.906080961227417
3.4175472259521484
3.7495594024658203
4.077538967132568
3.258354902267456
3.838529348373413
3.3891923427581787
4.292901515960693
3.613616943359375
3.27327036857605
4.272305488586426
3.758862257003784
4.457589626312256
2.9013848304748535
4.021096229553223
2.6867294311523438
3.897411823272705
4.083383083343506
3.9110729694366455
4.257558822631836
3.941643238067627
3.2134664058685303
3.9801201820373535
3.8957717418670654
3.093482255935669
4.074075698852539
3.1037755012512207
4.485363006591797
3.3826115131378174
4.070881366729736
3.4556453227996826
3.680701494216919
3.6364152431488037
3.568394184112549
3.3283772468566895
3.4822182655334473
4.1700334548950195
3.004359006881714
3.610265016555786
3.399747610092163
3.8592450618743896
4.106848239898682
3.737194061279297
3.786208391189575
4.043013095855713
4.245748043060303
4.297158718109131
4.406857967376709
3.5243442058563232
3.883741855621338
4.110276222229004
3.8151707649230957
3.813934087753296
4.457927227020264
3.434966802597046
4.084522247314453
2.993929624557495
3.0134458541870117
3.7991578578948975
4.137139320373535
3.4624810218811035
3.708470106124878
4.046038627624512
