10.195496559143066
10.184553146362305
10.230600357055664
10.428813934326172
10.019048690795898
9.5971040725708
10.280595779418945
10.215538024902344
10.164344787597656
10.109299659729004
10.289287567138672
10.522544860839844
10.47293472290039
10.348045349121094
10.23835563659668
10.202404022216797
10.398208618164062
10.18942642211914
10.109176635742188
9.983478546142578
10.516358375549316
10.439696311950684
10.425748825073242
9.508878707885742
10.24642276763916
10.160433769226074
10.338417053222656
10.005550384521484
10.418888092041016
10.383071899414062
10.319332122802734
10.134380340576172
10.177830696105957
10.17899227142334
10.471944808959961
10.252622604370117
9.54074478149414
9.863556861877441
10.230977058410645
10.387683868408203
10.129892349243164
10.15041732788086
10.115068435668945
10.239738464355469
10.218657493591309
10.321304321289062
10.352201461791992
10.337591171264648
10.204273223876953
10.336516380310059
10.400670051574707
10.264360427856445
10.333002090454102
10.194908142089844
10.271451950073242
10.417673110961914
10.234125137329102
10.565893173217773
10.087209701538086
10.135881423950195
10.239141464233398
10.204900741577148
10.407039642333984
9.925979614257812
10.0634765625
10.131946563720703
10.369508743286133
10.108299255371094
10.195432662963867
10.265752792358398
9.8143310546875
10.395437240600586
10.444772720336914
9.888895034790039
10.397890090942383
10.141246795654297
10.01179027557373
10.524279594421387
10.268781661987305
10.132284164428711
10.340703964233398
10.174429893493652
10.242887496948242
10.060094833374023
10.529633522033691
10.020883560180664
10.315768241882324
9.74152660369873
10.151477813720703
10.226581573486328
10.301958084106445
9.921534538269043
10.252256393432617
10.290199279785156
10.214632034301758
9.887081146240234
10.326696395874023
10.448835372924805
10.30018138885498
10.14676284790039
10.341365814208984
10.40689468383789
10.226142883300781
10.179841041564941
10.241952896118164
10.159334182739258
10.065771102905273
10.751565933227539
10.279336929321289
10.391666412353516
10.275733947753906
10.377899169921875
10.40304946899414
10.458661079406738
10.337100982666016
10.61967658996582
10.341444969177246
10.350435256958008
10.296014785766602
9.982635498046875
10.146842956542969
10.486956596374512
10.203312873840332
10.308736801147461
10.505247116088867
10.291234970092773
10.272747993469238
10.468061447143555
10.286993026733398
10.07786750793457
10.256328582763672
10.270285606384277
10.204015731811523
10.476645469665527
10.042312622070312
10.018157958984375
10.266256332397461
10.401785850524902
10.229705810546875
10.190910339355469
10.411752700805664
10.288653373718262
7.645746231079102
10.139305114746094
10.553498268127441
10.259259223937988
10.47524642944336
10.398481369018555
10.288067817687988
10.304718017578125
10.153814315795898
10.388404846191406
10.171697616577148
10.19721794128418
10.473179817199707
10.206205368041992
10.388626098632812
10.698822975158691
10.344634056091309
10.604257583618164
10.277729034423828
10.316717147827148
9.977581977844238
10.50471305847168
10.382871627807617
10.342681884765625
10.512331008911133
9.916463851928711
10.135065078735352
10.251304626464844
9.973488807678223
9.967700958251953
10.36883544921875
10.317462921142578
10.154382705688477
10.26949691772461
10.186651229858398
10.195568084716797
9.916465759277344
10.13994312286377
10.466482162475586
10.292646408081055
10.363600730895996
10.14016056060791
10.026472091674805
10.500242233276367
10.206365585327148
10.19970703125
10.199546813964844
10.132057189941406
10.73969554901123
10.282699584960938
10.281768798828125
10.080211639404297
10.264827728271484
10.16393756866455
10.50240707397461
10.293484687805176
10.592721939086914
10.11155891418457
10.07097053527832
10.11154556274414
10.130510330200195
8.872335433959961
10.270295143127441
10.445039749145508
10.306310653686523
9.908731460571289
10.280019760131836
10.15854263305664
10.538986206054688
10.34749984741211
10.007017135620117
10.264813423156738
10.256608963012695
10.248957633972168
10.085390090942383
9.82997989654541
10.123971939086914
10.272615432739258
10.276832580566406
10.085472106933594
10.133909225463867
10.480241775512695
10.116252899169922
10.25992202758789
10.170507431030273
10.218862533569336
10.220067977905273
10.069993019104004
10.42098617553711
10.058796882629395
10.063265800476074
10.396722793579102
10.250322341918945
10.27749252319336
10.175504684448242
10.098405838012695
10.273622512817383
10.481925964355469
10.284906387329102
10.283174514770508
9.962484359741211
10.384455680847168
10.28475570678711
10.48779296875
10.08709716796875
10.109630584716797
10.077659606933594
9.988500595092773
10.413836479187012
10.024826049804688
10.342536926269531
10.105741500854492
10.381969451904297
10.337678909301758
10.145859718322754
10.331289291381836
10.06124210357666
10.090354919433594
10.238883972167969
10.361308097839355
10.711234092712402
10.295221328735352
10.356451034545898
10.1384859085083
10.322633743286133
10.065887451171875
10.005693435668945
10.32777214050293
9.952706336975098
10.30589771270752
10.112509727478027
10.433963775634766
10.095855712890625
10.471685409545898
10.319067001342773
10.529220581054688
10.457990646362305
10.280813217163086
10.160167694091797
10.5321044921875
10.360678672790527
10.24125862121582
10.103921890258789
10.154779434204102
10.256710052490234
10.13064956665039
10.270227432250977
10.21319580078125
10.287069320678711
10.012770652770996
10.405298233032227
10.067834854125977
10.295622825622559
10.23781967163086
10.348039627075195
10.038617134094238
9.866259574890137
10.115920066833496
10.045896530151367
10.136151313781738
10.151837348937988
8.811857223510742
10.355216979980469
10.644730567932129
9.953374862670898
10.286029815673828
6.086746692657471
10.095468521118164
10.36023998260498
10.174800872802734
10.07813835144043
10.171707153320312
10.144676208496094
10.201929092407227
10.294904708862305
10.072385787963867
10.289468765258789
9.966349601745605
10.06442928314209
10.310441970825195
10.373504638671875
10.219892501831055
10.401405334472656
10.346553802490234
10.015811920166016
10.179994583129883
10.373655319213867
10.521462440490723
10.273868560791016
10.434430122375488
10.238656997680664
9.961709976196289
10.133153915405273
9.91274642944336
10.519542694091797
10.228165626525879
10.090725898742676
10.2255859375
10.2659912109375
10.165115356445312
10.253572463989258
10.425789833068848
10.274117469787598
10.231135368347168
10.241849899291992
10.374274253845215
9.84840202331543
10.355833053588867
10.266149520874023
10.384549140930176
10.454813003540039
10.294921875
10.298601150512695
10.169185638427734
7.38247013092041
10.34085464477539
10.227395057678223
10.302885055541992
9.925311088562012
10.526887893676758
9.626080513000488
10.315887451171875
10.310256958007812
9.72933578491211
10.301348686218262
10.21724796295166
10.281124114990234
10.388544082641602
10.331777572631836
10.035148620605469
10.298982620239258
10.315372467041016
10.26745319366455
10.352096557617188
10.207168579101562
10.180599212646484
10.276503562927246
10.174385070800781
10.132400512695312
10.030165672302246
10.324951171875
10.391929626464844
10.264348030090332
10.097152709960938
10.324872970581055
10.610103607177734
10.366199493408203
10.257723808288574
9.921783447265625
10.35883903503418
10.415467262268066
10.553497314453125
10.229621887207031
10.13653564453125
10.252685546875
10.310970306396484
10.410244941711426
10.470296859741211
