0.0
1.7108873128890991
0.9995481967926025
0.9019178748130798
2.184238910675049
1.6482425928115845
0.4408460855484009
0.6082276105880737
2.793647050857544
0.01669192686676979
0.6010150909423828
1.742220401763916
0.3251248896121979
0.09359872341156006
0.012915384955704212
2.177570104598999
0.40880271792411804
2.045849561691284
3.2469558715820312
0.5385597348213196
0.5947719812393188
2.636528730392456
0.017514783889055252
2.343996524810791
2.845618486404419
0.01059807650744915
0.9912448525428772
1.5714198350906372
0.0
1.883507490158081
1.902195930480957
1.5324667692184448
0.21440201997756958
0.3492327332496643
0.7780982851982117
0.37669825553894043
0.7565144300460815
0.0
1.1380972862243652
0.011625535786151886
0.2706538438796997
1.677017092704773
2.5912132263183594
2.4042420387268066
1.189871907234192
1.0769730806350708
1.2600891590118408
1.9221034049987793
1.328787088394165
1.6193293333053589
1.2218852043151855
0.1984877735376358
0.03298470005393028
0.7857993245124817
1.6650701761245728
0.12240176647901535
0.5697308778762817
0.5238558650016785
1.9399762153625488
2.5545008182525635
1.4185407161712646
0.2677533030509949
1.1196664571762085
0.008083991706371307
1.014194369316101
1.872253656387329
0.15104521811008453
2.2100777626037598
0.16579048335552216
1.7784209251403809
1.0862716436386108
0.011729053221642971
4.564229488372803
0.5552391409873962
1.8237903118133545
0.0
2.1924684047698975
1.027109980583191
0.809323787689209
1.9534776210784912
0.06855317950248718
0.3480106294155121
1.3343995809555054
0.011230132542550564
0.021457646042108536
0.013656944036483765
1.031904697418213
0.8250362873077393
0.01923239789903164
1.5217972993850708
1.2258840799331665
2.7888946533203125
0.8151228427886963
1.578883171081543
1.5442901849746704
0.46053507924079895
0.24654534459114075
1.5000208616256714
1.906699299812317
4.204967498779297
