4.471399784088135
4.858134746551514
3.8083443641662598
4.2487688064575195
5.2136383056640625
4.35460901260376
4.327983856201172
5.465789318084717
3.3383119106292725
2.63500714302063
4.272456169128418
4.451438903808594
4.267242908477783
3.76566743850708
4.115975856781006
4.340015411376953
4.421414375305176
3.6206672191619873
5.057623863220215
3.879254102706909
4.674462795257568
3.5429673194885254
4.166320323944092
3.9647274017333984
4.596292972564697
4.144080638885498
4.873382568359375
4.9746832847595215
4.360578536987305
4.287616729736328
3.875873327255249
4.522942543029785
3.893758535385132
5.077219009399414
4.194281578063965
4.518100261688232
3.650202989578247
4.49927282333374
4.788331508636475
3.8397762775421143
5.147375583648682
4.56123685836792
4.265635967254639
3.7438881397247314
4.0583648681640625
4.737302303314209
4.25290060043335
3.994675397872925
4.472648620605469
4.931422710418701
4.383957862854004
4.243123531341553
4.471146583557129
3.9201266765594482
4.896459579467773
3.9643936157226562
3.620617389678955
4.2942705154418945
3.6226449012756348
4.751999855041504
4.766349792480469
4.203784942626953
4.562010288238525
4.145108699798584
3.8368656635284424
4.626747131347656
3.3086326122283936
4.652194499969482
5.003040313720703
4.168668270111084
4.143022060394287
3.4707067012786865
4.278562068939209
4.273929119110107
3.4976394176483154
5.331310272216797
4.110086441040039
3.8751182556152344
4.6059088706970215
4.493755340576172
4.289988040924072
4.002785682678223
4.124968528747559
4.3331217765808105
4.734620571136475
4.549724102020264
3.92008376121521
4.410576820373535
3.4737801551818848
3.2070491313934326
4.9435858726501465
4.32151460647583
4.322745323181152
4.47901725769043
3.669837236404419
4.218625068664551
4.2385077476501465
4.899379730224609
4.826352596282959
4.048518180847168
4.006229400634766
5.265977382659912
4.82754373550415
4.003533363342285
3.987293243408203
4.6215620040893555
4.944382667541504
5.661150932312012
4.017507553100586
4.030374050140381
4.156169414520264
4.1914520263671875
4.344315052032471
3.894084930419922
3.727776288986206
3.615391254425049
4.8912200927734375
4.653815746307373
4.221238613128662
4.504716873168945
4.355403900146484
4.295804023742676
4.298312664031982
3.895190477371216
3.6374599933624268
4.030299186706543
4.108032703399658
4.230504035949707
5.02278995513916
4.2925190925598145
4.086613655090332
4.089975833892822
4.193515777587891
3.8616368770599365
4.335061073303223
4.588982105255127
4.562859535217285
4.4528889656066895
4.840127468109131
4.140435695648193
3.9078049659729004
4.650585174560547
4.238738536834717
4.258453845977783
4.5940070152282715
4.3893842697143555
3.639009475708008
3.8897101879119873
4.702455043792725
3.345308780670166
3.9034078121185303
4.764091491699219
4.259026050567627
4.710062503814697
3.8146209716796875
4.167876720428467
4.7077226638793945
3.7366302013397217
4.654531002044678
4.963447093963623
4.400611400604248
4.669516086578369
4.232181072235107
4.305948734283447
4.231330394744873
4.481101989746094
3.820960283279419
3.7129712104797363
3.386338949203491
4.104672908782959
4.721966743469238
4.422840595245361
4.2180376052856445
3.908254384994507
4.6566619873046875
4.311172008514404
4.755323886871338
4.207795143127441
4.4632887840271
4.649963855743408
3.6550304889678955
4.4401164054870605
4.342808723449707
3.900096893310547
4.226583480834961
3.3915581703186035
4.3501691818237305
3.9258229732513428
4.702450752258301
4.746142864227295
3.4830567836761475
4.5633111000061035
4.658773422241211
3.8276937007904053
4.478816509246826
4.779618740081787
4.681670665740967
4.592933177947998
3.6815361976623535
4.259042263031006
4.658010005950928
3.8057754039764404
4.760255336761475
4.107209205627441
4.272843837738037
4.625591278076172
4.168949127197266
4.281245708465576
4.362740516662598
4.290944576263428
3.6741127967834473
3.665494680404663
3.0744502544403076
4.123403072357178
3.8545124530792236
3.7205803394317627
4.245830535888672
4.3111138343811035
4.38269567489624
3.678494691848755
3.305790424346924
4.760079383850098
4.7226786613464355
4.426025390625
4.017930507659912
3.439671277999878
4.791542053222656
4.381455898284912
3.2311394214630127
4.225995063781738
4.018008708953857
4.929410457611084
4.667535781860352
4.304650783538818
3.601527452468872
4.461739540100098
4.0187530517578125
4.53378438949585
3.6413867473602295
3.4926974773406982
4.1525092124938965
4.54136323928833
3.7245349884033203
4.1934123039245605
4.505298137664795
4.296243190765381
4.171013832092285
3.1311757564544678
4.380523681640625
4.150698184967041
4.859961986541748
5.176215648651123
4.294677257537842
4.697606563568115
3.8960208892822266
4.9195427894592285
3.977877140045166
4.1392340660095215
4.367464542388916
3.491931676864624
4.614526271820068
5.126017093658447
4.3688836097717285
4.879043102264404
4.770299911499023
4.110414981842041
4.748931884765625
4.389797210693359
3.9912819862365723
4.757208347320557
3.1997687816619873
4.501513957977295
4.579766750335693
4.478928089141846
3.801380157470703
3.4627861976623535
4.35238790512085
4.286374568939209
4.33431339263916
4.724421501159668
4.369235515594482
3.5080726146698
4.220376491546631
4.048556804656982
3.763082981109619
4.6662750244140625
3.6236751079559326
3.9699795246124268
4.387242317199707
4.660547733306885
4.2734808921813965
4.78522253036499
4.666102409362793
3.4056241512298584
4.562689304351807
4.683611869812012
3.9998855590820312
4.730929374694824
3.986356496810913
4.541164398193359
4.595320224761963
4.174050807952881
4.642457485198975
4.325194835662842
5.026345252990723
4.331246376037598
4.625394344329834
3.619164228439331
4.192238807678223
3.846750259399414
4.310122013092041
3.990612745285034
4.263326644897461
4.147746562957764
4.6628241539001465
4.13944673538208
4.269092082977295
4.148362159729004
5.146581649780273
4.490460395812988
4.68778657913208
5.01495361328125
4.952847957611084
3.96893310546875
3.68902325630188
4.413300037384033
3.6329057216644287
3.4637391567230225
4.0689826011657715
4.40847635269165
4.3137946128845215
3.882404088973999
4.7290849685668945
4.516236782073975
5.019674777984619
3.9139244556427
3.453861951828003
3.2813336849212646
3.9572582244873047
4.237460613250732
4.362494468688965
3.6658501625061035
4.742822170257568
3.7261085510253906
4.9414801597595215
3.8925838470458984
3.7092702388763428
4.636489391326904
4.373504161834717
4.837993621826172
3.3575077056884766
4.349328517913818
3.0076968669891357
4.1913886070251465
4.524064540863037
4.409306526184082
4.688751220703125
4.379667282104492
3.7330307960510254
4.810101509094238
4.186037540435791
3.9390218257904053
4.2572922706604
3.8735511302948
5.1463799476623535
4.361364364624023
4.705581188201904
4.003926753997803
4.0941948890686035
4.166985988616943
3.9126434326171875
4.301634788513184
3.7635152339935303
4.642542362213135
3.4441399574279785
4.058022975921631
3.7682602405548096
4.369098663330078
4.388240337371826
4.46615743637085
4.150247097015381
4.52146577835083
4.933539867401123
4.963376045227051
5.111190319061279
3.974022626876831
4.50330924987793
4.770492076873779
4.389841556549072
4.469854354858398
5.0434770584106445
4.248870849609375
4.829131126403809
3.3266780376434326
3.5522828102111816
4.224043369293213
4.579860210418701
4.2154388427734375
4.373173713684082
5.054510593414307
