2.905158758163452
2.437378406524658
2.9864468574523926
2.7052807807922363
3.971027135848999
2.8894591331481934
3.3686025142669678
1.8565394878387451
2.851189136505127
1.9630986452102661
2.327383518218994
3.386991500854492
3.7154853343963623
1.691994071006775
4.304465293884277
1.7775362730026245
2.896918773651123
3.191612720489502
2.6101436614990234
2.193639039993286
2.948892593383789
3.0103325843811035
2.2852468490600586
2.6983611583709717
4.024197101593018
1.8282831907272339
2.07106876373291
1.3288214206695557
2.068121910095215
2.282623052597046
2.8172073364257812
2.781461715698242
2.5405209064483643
2.970517158508301
3.9380083084106445
1.8558294773101807
3.222198486328125
2.770113945007324
2.0600807666778564
3.01910662651062
2.814762830734253
4.996798515319824
2.7037153244018555
3.161933422088623
4.2744975090026855
3.754265546798706
3.2665956020355225
2.048370122909546
1.5863714218139648
2.878441333770752
2.6034035682678223
2.1190686225891113
2.2247605323791504
3.7157363891601562
2.14896821975708
1.2764085531234741
2.797429084777832
2.8780245780944824
0.5513592958450317
3.0753087997436523
2.626744031906128
2.952413558959961
3.840895652770996
2.7939555644989014
2.5208797454833984
4.076284408569336
2.631608724594116
3.586155891418457
2.5414154529571533
3.487353801727295
3.37365460395813
2.6604607105255127
2.6639299392700195
4.655788421630859
1.3455121517181396
3.1318464279174805
3.0653302669525146
2.6838219165802
3.063206672668457
2.4558327198028564
2.38746976852417
1.8807777166366577
4.227177143096924
3.561875581741333
2.937359094619751
3.458437919616699
3.146672010421753
2.5842742919921875
1.811990737915039
2.9369406700134277
3.4296717643737793
2.5376856327056885
2.7068660259246826
2.7863848209381104
2.27880859375
1.0118346214294434
2.256397247314453
2.2212436199188232
3.501741886138916
2.93331241607666
3.294046401977539
3.463040351867676
3.307551860809326
2.5667238235473633
3.8700504302978516
2.941880702972412
3.9204652309417725
2.954402446746826
3.514350414276123
1.2218327522277832
3.1029481887817383
2.4649922847747803
2.1014249324798584
3.927124500274658
2.4509100914001465
2.717689037322998
2.9991369247436523
2.9173355102539062
3.213108777999878
3.056534767150879
3.3779897689819336
1.3618264198303223
2.511552333831787
3.291297674179077
3.638145923614502
3.1146068572998047
2.6657662391662598
1.5388736724853516
2.8791003227233887
1.207707405090332
3.9980599880218506
2.422511100769043
1.8074679374694824
1.9055932760238647
3.061962842941284
3.6369853019714355
3.0173392295837402
2.234123468399048
3.46929931640625
2.7895009517669678
3.235368251800537
1.661559820175171
3.6841654777526855
4.1087565422058105
3.935549259185791
3.330217123031616
3.186328411102295
3.4497647285461426
3.1175272464752197
1.339780330657959
2.988274335861206
1.9669082164764404
2.893869400024414
1.4853219985961914
2.9208602905273438
2.9964241981506348
0.9092918634414673
3.3648550510406494
2.493443250656128
3.9876911640167236
2.7523415088653564
2.453906536102295
3.7600269317626953
2.0345380306243896
2.5510551929473877
4.849203586578369
2.8076648712158203
2.785423755645752
3.1645150184631348
3.1457643508911133
1.7777235507965088
3.377195119857788
3.0598108768463135
1.1411387920379639
3.97298002243042
3.846014976501465
3.9673690795898438
2.929905891418457
2.4382448196411133
1.9061721563339233
3.6903553009033203
2.3551783561706543
1.899043321609497
2.7630934715270996
3.290238380432129
1.2222820520401
1.8039476871490479
2.9399120807647705
2.1985580921173096
1.30344820022583
2.1497035026550293
2.723027229309082
3.4405181407928467
2.7660045623779297
1.6360598802566528
2.6903088092803955
2.3310837745666504
2.661440849304199
2.7951278686523438
2.448692560195923
2.936952829360962
2.9279487133026123
2.764780282974243
1.8872534036636353
1.2815430164337158
4.624966621398926
3.002936840057373
3.1332578659057617
1.7211909294128418
1.3798205852508545
1.537103295326233
3.3127665519714355
1.4280438423156738
2.8762640953063965
3.237057685852051
2.4792909622192383
3.7100276947021484
3.3498458862304688
2.7313976287841797
2.405366897583008
2.9057533740997314
1.821591854095459
2.8173842430114746
1.9296544790267944
3.3173670768737793
2.3212978839874268
0.7725070118904114
3.3431737422943115
2.7947335243225098
2.37091326713562
3.134830951690674
2.3560562133789062
3.734198808670044
2.6371774673461914
3.557335376739502
2.8275835514068604
2.6898882389068604
4.442288875579834
1.7723209857940674
3.9175939559936523
2.3555588722229004
3.3677079677581787
3.078263759613037
3.6988892555236816
2.236180305480957
2.899221897125244
0.8022500276565552
1.1285932064056396
2.7884061336517334
3.296903371810913
3.4811055660247803
3.3451333045959473
3.7743279933929443
2.467740058898926
1.9167197942733765
3.939826250076294
2.2236335277557373
1.803037166595459
3.0546092987060547
3.1398258209228516
2.7562789916992188
2.855196475982666
0.910062313079834
0.8381432294845581
3.500807762145996
2.2204103469848633
1.848914384841919
3.606903314590454
3.239717483520508
2.5792641639709473
1.2155699729919434
2.4874606132507324
4.198694229125977
3.072175979614258
3.5274839401245117
3.108696460723877
1.0994747877120972
4.049441337585449
2.460644483566284
2.5592453479766846
2.075147867202759
3.310211181640625
3.5327906608581543
3.798218011856079
3.132782459259033
1.7179973125457764
2.4866909980773926
3.6098406314849854
2.912388324737549
3.2838501930236816
3.4396510124206543
3.284355878829956
2.411224365234375
1.5785276889801025
3.042847156524658
4.233849048614502
1.1733804941177368
3.1789188385009766
2.475083351135254
0.9639464020729065
3.0908937454223633
3.0270919799804688
2.8992655277252197
2.6962766647338867
2.9574592113494873
3.440032720565796
2.9598591327667236
2.867750644683838
1.6663646697998047
2.4142792224884033
4.169957637786865
4.67421817779541
3.2966737747192383
3.170553684234619
4.0702104568481445
3.26227068901062
3.465148448944092
2.4400410652160645
1.7579153776168823
2.3728761672973633
4.524387359619141
3.868246078491211
3.2015504837036133
2.192295789718628
2.578725576400757
2.0559585094451904
2.6688365936279297
2.6169543266296387
1.1294955015182495
2.951263189315796
1.770603060722351
2.3398756980895996
3.525786876678467
1.4392181634902954
1.907226324081421
3.39633846282959
3.141177177429199
2.2742061614990234
3.14786434173584
4.486633777618408
2.444611072540283
0.8674755096435547
4.058283805847168
1.968720555305481
2.941277265548706
3.309441089630127
3.021292209625244
2.8420569896698
2.7949352264404297
1.0698187351226807
2.9838109016418457
3.775162696838379
3.0092382431030273
3.566924571990967
2.943065881729126
3.5231480598449707
3.449601173400879
3.372365951538086
3.4389090538024902
1.0373643636703491
2.790792942047119
0.810554027557373
2.8830366134643555
1.5743659734725952
1.5106847286224365
2.8251261711120605
1.5140105485916138
0.9490662813186646
1.8336975574493408
3.658665657043457
3.842501401901245
3.325629472732544
3.0586256980895996
2.894658088684082
4.2866926193237305
2.4059274196624756
4.1786699295043945
1.529550552368164
3.1725258827209473
2.6409778594970703
3.9482812881469727
3.9707419872283936
3.186626434326172
2.566802978515625
3.105860710144043
2.3287887573242188
2.280027151107788
2.1516430377960205
3.675142765045166
3.8049252033233643
2.0171732902526855
2.9087166786193848
3.594074249267578
3.285095691680908
3.447145938873291
2.3843281269073486
2.170542001724243
3.2692360877990723
1.9140710830688477
3.5188066959381104
