0.7006489634513855
0.0012648781994357705
2.1102681159973145
0.8147701621055603
0.0026574318762868643
0.003781881183385849
0.0
0.0
0.0
0.0
0.0
0.015745026990771294
0.0
2.841120481491089
0.026224862784147263
0.0
0.0
0.0
0.4854857325553894
0.018773971125483513
0.0
1.3924111127853394
0.3210655152797699
0.0
0.08085814118385315
0.0
0.700908362865448
0.1265203207731247
1.5331777334213257
0.0
0.0
0.0002604640612844378
3.1012954711914062
0.0
0.0
2.1887218952178955
0.0017413536552339792
0.0
0.00475549278780818
0.0
0.0
0.0
0.1276092827320099
0.0
1.7230104207992554
0.0
0.0
0.0
0.0
1.6436878442764282
0.0
0.8853634595870972
0.0
1.3848620653152466
0.0
0.7464233636856079
0.0
0.0
0.02564479596912861
0.0
3.3393638134002686
0.041713494807481766
0.0
0.08978874236345291
0.10024260729551315
0.004114992916584015
0.0
1.2159419059753418
0.0
0.0
0.0
0.5278077721595764
0.0
0.0
0.0
0.0
3.6159703731536865
0.0
0.27542760968208313
0.0
0.0032088090665638447
3.329026222229004
0.6555473804473877
0.540306806564331
0.0
0.0015064411563798785
0.0
0.0
0.03824973851442337
0.0
0.0
0.0
1.4390358924865723
0.0
0.0
0.5403196215629578
0.9773574471473694
3.1183996200561523
9.33106803894043
0.0044150943867862225
0.2684282064437866
0.0
0.0
0.0
0.0
0.11755429208278656
0.06714493781328201
0.008485092781484127
0.0
0.5054144859313965
0.016728071495890617
0.0
0.0
0.00935637392103672
0.0
5.527515411376953
0.0
