0.8752632141113281
0.0015457791741937399
1.7539418935775757
0.9171034097671509
0.00346003076992929
0.0021814729552716017
0.0
0.0
0.0
0.0
0.0
0.013473400846123695
0.0
2.112558126449585
0.03104402869939804
0.0
0.0
0.0
0.6749488115310669
0.01590661145746708
0.0
1.1207618713378906
0.29818543791770935
0.0
0.1453113704919815
0.0
0.950450599193573
0.08449860662221909
1.4011162519454956
0.0
0.0
0.00020207850320730358
1.4722790718078613
0.0
0.0
1.6298637390136719
0.0007685473538003862
0.0
0.11543408036231995
0.0
0.0
0.0
0.0954725444316864
0.0
1.9956244230270386
0.0
0.0
0.0
0.0
0.6757305860519409
0.0
1.4460033178329468
0.0
1.1249364614486694
0.0
0.8293873071670532
0.0
0.0
0.05140062794089317
0.0
3.449991226196289
0.03915025666356087
0.0
0.09302660822868347
0.9585628509521484
0.006645487621426582
0.0
1.0969421863555908
0.0
0.0
0.0
0.6853134632110596
0.0
0.0
0.0
0.0
3.627326488494873
0.0
0.29378214478492737
0.0
0.02987208031117916
3.4491255283355713
0.4203571677207947
0.30253922939300537
0.0
0.006309290416538715
0.0
0.0
0.03391919285058975
0.0
0.0
0.0
1.4994425773620605
0.0
0.0
0.23832476139068604
0.8643608689308167
4.249867916107178
8.217986106872559
0.004107425920665264
0.1963692307472229
0.0
0.0
0.0
0.0
0.1457088440656662
0.311926931142807
0.013312815688550472
0.0
0.3503898084163666
0.03631352633237839
0.0
0.0
0.02451286092400551
0.0
5.716793060302734
0.0
