2.6285555362701416
1.1759244203567505
2.3987348079681396
2.2736639976501465
2.2720465660095215
0.9331294894218445
2.460916042327881
2.2427802085876465
2.6908352375030518
1.6661903858184814
2.8472824096679688
1.3947844505310059
2.292865037918091
2.1074745655059814
2.209094524383545
2.3600666522979736
1.3380942344665527
1.780592441558838
1.7554376125335693
3.015483856201172
2.0950489044189453
1.753833532333374
2.367809295654297
1.9102001190185547
1.207351565361023
0.6798729300498962
2.256096839904785
1.9129928350448608
1.882495641708374
2.475677490234375
2.4768893718719482
1.1650406122207642
2.6069250106811523
2.682563304901123
2.9095187187194824
1.6778874397277832
1.8706748485565186
1.9747542142868042
2.5405783653259277
1.6868548393249512
2.8121347427368164
1.5790470838546753
2.700373649597168
2.5019378662109375
1.9283920526504517
1.9970647096633911
2.9696402549743652
2.861927032470703
2.5991368293762207
2.5815539360046387
1.4975321292877197
2.2268056869506836
2.1717259883880615
1.0116965770721436
2.1961841583251953
1.3735746145248413
1.432227611541748
3.206230640411377
2.5462915897369385
2.799543619155884
1.2429330348968506
2.5178561210632324
2.800743579864502
3.5560860633850098
2.107623815536499
2.1807613372802734
2.583678722381592
2.0373148918151855
1.8174879550933838
2.578310489654541
2.3173696994781494
2.928931951522827
2.6284379959106445
1.582588791847229
2.0946903228759766
2.0166149139404297
2.102052688598633
2.9415457248687744
1.0492510795593262
2.030916213989258
2.107947587966919
2.656846046447754
1.90952730178833
1.585607886314392
1.1459020376205444
2.652104616165161
2.492582321166992
1.432082176208496
1.9217453002929688
2.566920518875122
2.0357775688171387
1.2986465692520142
2.235405445098877
3.3083133697509766
2.1144609451293945
2.04386568069458
2.1477463245391846
1.7760350704193115
2.841951370239258
1.8248450756072998
2.8464488983154297
2.582164764404297
2.917520046234131
2.9782938957214355
2.147106170654297
0.917592465877533
2.5007758140563965
1.855652928352356
0.9629986882209778
1.5528042316436768
3.003188133239746
1.4373220205307007
2.9607412815093994
1.5650792121887207
1.8704888820648193
3.0966620445251465
2.560579776763916
2.708627223968506
3.7702484130859375
1.8459458351135254
2.5469608306884766
2.14406418800354
2.650559186935425
0.9071435928344727
3.213104724884033
1.738844633102417
2.8009917736053467
3.0250606536865234
2.332334041595459
1.9359216690063477
2.315248966217041
2.3558547496795654
0.993824303150177
2.1757421493530273
1.3235478401184082
2.0384562015533447
1.8530031442642212
0.8248859643936157
2.3961894512176514
2.562748908996582
2.286449670791626
1.7781271934509277
2.9986062049865723
2.179521083831787
1.0827008485794067
2.6678831577301025
1.6406676769256592
2.6040215492248535
2.633110284805298
1.3398051261901855
1.5670111179351807
2.5108041763305664
2.6202023029327393
1.5352094173431396
1.912245512008667
1.9341094493865967
2.703707218170166
3.216183662414551
2.6358470916748047
1.9507699012756348
3.105527877807617
2.640712022781372
1.8547539710998535
2.759638547897339
0.9381686449050903
1.9828684329986572
3.3487820625305176
1.6373400688171387
2.668529510498047
2.1468348503112793
1.077357292175293
1.890409231185913
3.2523741722106934
3.0496912002563477
2.7385830879211426
2.788767099380493
3.2225730419158936
2.9237256050109863
2.2748444080352783
1.0397504568099976
3.058152198791504
2.901031494140625
2.423828601837158
3.022108554840088
1.2191400527954102
2.494133472442627
0.743074893951416
2.031952142715454
1.9303200244903564
1.463623046875
2.5599217414855957
2.071866035461426
2.2729227542877197
1.336076021194458
2.4051175117492676
2.5960288047790527
2.5080318450927734
1.0647377967834473
1.8106029033660889
2.623394727706909
2.396496295928955
2.1218860149383545
0.8817499876022339
2.780489444732666
1.8305673599243164
3.305591106414795
1.605582594871521
3.3526768684387207
2.227846622467041
1.7888720035552979
3.056577682495117
1.6927692890167236
1.697483777999878
2.671696186065674
0.5271137356758118
2.354003667831421
2.2928354740142822
0.7463386058807373
2.1150336265563965
2.257094383239746
1.4664394855499268
2.8124101161956787
0.9038258790969849
1.0829707384109497
2.4544899463653564
2.3839945793151855
2.498289108276367
2.562917947769165
1.7487471103668213
1.096889853477478
2.728949546813965
1.8001441955566406
2.1688055992126465
1.5205544233322144
2.259132146835327
0.7346086502075195
2.352722644805908
1.356938362121582
1.762343168258667
2.484436511993408
1.1420443058013916
1.9480535984039307
2.10353422164917
3.1002354621887207
2.0399632453918457
1.797729730606079
1.9184730052947998
2.3215057849884033
2.3889899253845215
2.0010228157043457
2.334256172180176
1.7431939840316772
1.987206220626831
1.869391918182373
2.695934772491455
2.0472116470336914
1.4848600625991821
2.8350067138671875
2.0920355319976807
2.616292953491211
2.058598041534424
2.414841413497925
1.1430833339691162
3.0333938598632812
1.4215153455734253
2.4467639923095703
3.248185634613037
2.0964536666870117
2.6997108459472656
2.8396987915039062
1.0718132257461548
2.482896327972412
1.0640919208526611
2.3597044944763184
1.9070848226547241
2.7022600173950195
2.737008571624756
1.9246916770935059
3.850100040435791
1.454942226409912
1.0323055982589722
2.812452554702759
3.0357840061187744
3.222766399383545
1.4723618030548096
2.3685719966888428
2.079102039337158
2.291372060775757
2.282177448272705
2.6919138431549072
2.554684638977051
2.154928684234619
3.2320988178253174
2.511756420135498
2.092972755432129
2.5149617195129395
1.543111801147461
2.1624526977539062
1.9707250595092773
1.4710334539413452
1.5252289772033691
1.6156203746795654
1.8019939661026
1.875778079032898
2.2105517387390137
0.8964450359344482
1.2054932117462158
2.222421169281006
2.4526901245117188
1.9382929801940918
1.4985476732254028
2.2932372093200684
1.3075305223464966
1.9908883571624756
1.6985297203063965
2.2817564010620117
2.6094422340393066
2.4147047996520996
1.9099427461624146
2.3477981090545654
1.309283971786499
2.5134377479553223
1.866901159286499
2.1763343811035156
3.2677369117736816
2.923112154006958
1.7118216753005981
2.6589267253875732
2.352583169937134
1.472670555114746
1.9377926588058472
2.3839194774627686
2.061610460281372
2.750723361968994
2.830343246459961
1.731459617614746
2.6545801162719727
1.9495609998703003
1.6811244487762451
2.633012294769287
1.182903528213501
2.189298391342163
2.3615715503692627
2.9198436737060547
2.9987239837646484
1.2376309633255005
2.7829463481903076
1.6341094970703125
1.291508436203003
1.8452905416488647
2.4644775390625
2.581948757171631
1.847162127494812
1.6626958847045898
2.7282748222351074
1.6736485958099365
3.0165083408355713
1.4480655193328857
2.0191423892974854
2.1309375762939453
1.7326890230178833
2.524467945098877
1.4484312534332275
2.131025552749634
2.3950247764587402
1.9046164751052856
2.1373846530914307
0.9464036226272583
1.3520393371582031
3.417304515838623
1.2609531879425049
1.7010605335235596
2.2727248668670654
2.588153123855591
0.8522335886955261
2.0051589012145996
2.338693380355835
2.636509895324707
3.0020978450775146
1.8742477893829346
1.8789381980895996
1.970604419708252
1.4243613481521606
0.9363739490509033
2.4457664489746094
1.9655508995056152
2.745028495788574
2.0451738834381104
2.8350021839141846
0.16715013980865479
2.0912058353424072
1.958945631980896
3.39601469039917
2.6038689613342285
2.339423179626465
1.7210477590560913
1.5496628284454346
2.5150718688964844
2.6801321506500244
1.3567453622817993
