37.489173889160156
37.913909912109375
32.947853088378906
39.181915283203125
40.953365325927734
39.121246337890625
40.49143981933594
36.452667236328125
40.64441680908203
42.745948791503906
37.99334716796875
38.44660186767578
42.12834167480469
38.88884735107422
39.44664001464844
37.44540023803711
38.960533142089844
37.279197692871094
39.48735809326172
37.69929504394531
34.345359802246094
37.12730407714844
39.387474060058594
38.31676483154297
38.80976104736328
37.77463912963867
39.450965881347656
41.21601867675781
39.96401596069336
38.268890380859375
40.496307373046875
35.406105041503906
36.04637145996094
37.225059509277344
39.668701171875
37.160003662109375
41.122894287109375
41.5644645690918
36.98876190185547
40.54740905761719
40.70616912841797
35.808013916015625
41.989585876464844
38.986915588378906
39.12950134277344
40.65381622314453
39.8226432800293
36.01673889160156
35.45867156982422
40.161842346191406
38.4654655456543
40.38530349731445
39.24203109741211
39.92292022705078
39.27487564086914
41.84352111816406
38.1142692565918
39.110130310058594
41.175636291503906
40.73164367675781
39.60144805908203
39.45011520385742
36.268775939941406
37.29255676269531
40.42512512207031
37.20673370361328
37.2912712097168
39.4725341796875
40.559200286865234
35.475677490234375
40.39441680908203
40.497188568115234
42.4946403503418
39.419960021972656
35.886043548583984
37.3916015625
38.282222747802734
40.906795501708984
41.945404052734375
38.7642822265625
41.31423568725586
37.259239196777344
42.460777282714844
41.47650909423828
37.880489349365234
38.18463897705078
39.07273864746094
40.079402923583984
39.636531829833984
40.93388366699219
41.83161544799805
37.93766403198242
40.46186447143555
37.98017120361328
40.00093078613281
35.7398567199707
37.4047966003418
38.608360290527344
36.2126579284668
39.03028869628906
39.90648651123047
41.003082275390625
41.1008415222168
42.692665100097656
38.72813415527344
41.446510314941406
40.362060546875
39.69922637939453
40.42166519165039
34.43004608154297
38.075496673583984
39.32281494140625
38.18907165527344
39.302764892578125
37.99972915649414
42.10511016845703
36.434879302978516
40.063262939453125
39.85704040527344
39.35376739501953
39.67926788330078
39.97996139526367
39.78810119628906
38.87063217163086
40.073143005371094
38.653404235839844
39.08378601074219
40.734519958496094
35.703609466552734
33.95929718017578
39.38661193847656
41.81340026855469
37.876007080078125
40.51829528808594
40.807334899902344
36.71073532104492
39.19132614135742
35.6939697265625
39.95273971557617
41.53504943847656
38.28367614746094
38.162841796875
38.40570068359375
41.35114288330078
38.99269485473633
39.2333984375
38.43690872192383
39.775291442871094
36.923431396484375
36.46349334716797
41.14728546142578
37.660789489746094
39.419822692871094
38.980072021484375
39.09192657470703
39.256309509277344
35.326873779296875
42.48035430908203
37.55500030517578
39.060760498046875
39.58973693847656
37.795814514160156
39.21930694580078
39.064674377441406
40.4683837890625
39.41832733154297
40.66492462158203
37.8557243347168
39.71622085571289
37.825626373291016
42.956146240234375
39.048683166503906
41.45423126220703
31.565324783325195
39.019962310791016
36.673580169677734
40.287357330322266
38.32746124267578
35.922142028808594
41.61149597167969
38.88239288330078
39.895538330078125
38.26905059814453
39.529869079589844
38.862266540527344
37.40592956542969
37.844024658203125
42.028411865234375
39.54439163208008
37.70188903808594
36.34346389770508
38.19447326660156
36.65103530883789
38.861366271972656
41.56081771850586
37.357505798339844
37.48490905761719
35.022396087646484
40.81194305419922
38.807090759277344
41.785518646240234
38.708946228027344
39.84933853149414
40.125762939453125
35.79801940917969
40.29290008544922
39.86465835571289
39.36505889892578
38.09107971191406
36.14149475097656
33.042137145996094
39.10828399658203
37.29657745361328
40.1217155456543
40.826622009277344
38.458984375
39.716331481933594
40.88203048706055
41.71937561035156
39.258277893066406
35.859046936035156
37.03318786621094
40.052738189697266
38.335693359375
37.608116149902344
38.77675247192383
36.933414459228516
40.58659362792969
39.41090774536133
39.969398498535156
40.109588623046875
38.83653259277344
35.9576301574707
40.416107177734375
40.330810546875
38.269039154052734
39.470733642578125
35.691871643066406
33.24275588989258
39.02881622314453
39.34965515136719
39.67960739135742
41.12898254394531
40.56973648071289
39.87221145629883
37.54323196411133
33.88092803955078
40.38699722290039
41.279632568359375
31.08038330078125
41.07109832763672
39.518978118896484
40.25339126586914
41.32640838623047
39.90617370605469
40.08557891845703
38.64599609375
35.355648040771484
40.05352783203125
37.667930603027344
37.602901458740234
38.11528015136719
36.44961166381836
35.140586853027344
40.83802795410156
43.267295837402344
39.95853805541992
39.09147644042969
36.26402282714844
39.20233154296875
38.37998962402344
39.03874969482422
38.60161590576172
40.40547180175781
41.548160552978516
36.78694534301758
34.73372268676758
40.538368225097656
39.59099578857422
41.068641662597656
40.859413146972656
39.648643493652344
39.244956970214844
38.013084411621094
37.81215286254883
38.33005905151367
39.3515625
38.780792236328125
38.97109603881836
37.80957794189453
40.21210479736328
41.695030212402344
41.745201110839844
36.627960205078125
38.712989807128906
41.08545684814453
36.633235931396484
41.286685943603516
37.21106719970703
37.49845504760742
37.39149475097656
37.09947967529297
39.63130569458008
37.774566650390625
39.948036193847656
39.66366958618164
36.972328186035156
39.506622314453125
34.74846267700195
34.91606903076172
38.63316345214844
38.00335693359375
32.34888458251953
40.2731819152832
38.962242126464844
38.831565856933594
35.37164306640625
39.39326858520508
39.02671813964844
38.87482833862305
38.73303985595703
39.64841842651367
39.92854309082031
41.762451171875
40.16697311401367
34.784908294677734
41.415260314941406
39.412147521972656
38.542274475097656
38.82837677001953
38.56476593017578
38.22875213623047
38.92960739135742
34.622520446777344
39.2935791015625
37.96014404296875
39.96696090698242
36.90833282470703
39.07361602783203
38.182647705078125
38.22870635986328
36.49884033203125
40.85087585449219
38.32453918457031
40.32627868652344
39.55596160888672
38.3736572265625
41.39675521850586
38.142601013183594
37.012489318847656
40.49368667602539
40.105899810791016
34.51463317871094
37.87806701660156
36.00708770751953
41.7791633605957
39.94141387939453
39.26353454589844
39.914512634277344
36.24999237060547
40.581199645996094
36.75151062011719
41.50967025756836
39.213382720947266
33.11735534667969
39.77327346801758
34.11183166503906
36.84843063354492
41.42375946044922
41.34886932373047
40.62397384643555
39.11835479736328
41.70756149291992
39.10051345825195
40.07109451293945
39.80298614501953
37.122291564941406
38.42185974121094
38.157527923583984
40.48838806152344
42.83116912841797
40.02480697631836
39.72260284423828
40.375038146972656
38.733184814453125
36.00503921508789
44.963111877441406
40.20259094238281
38.951942443847656
40.177040100097656
40.96958923339844
41.55113983154297
42.42863464355469
38.42156219482422
40.49575424194336
37.88492965698242
39.95057678222656
39.30236053466797
36.55415725708008
41.289093017578125
