0.0308104045689106
0.20106498897075653
0.002976300660520792
0.04163428768515587
0.05123107135295868
0.05880240723490715
0.012986205518245697
0.045712072402238846
0.13873963057994843
0.019972272217273712
0.0030310852453112602
0.04177381098270416
0.050844334065914154
0.005831148475408554
0.05171399563550949
0.01820552721619606
0.038193169981241226
0.02610696293413639
0.043307602405548096
0.1779988557100296
0.026621289551258087
0.04703505337238312
0.047949474304914474
0.05378827452659607
0.1782272458076477
0.040434420108795166
0.08401212841272354
0.07647915184497833
0.09298115968704224
0.0019767468329519033
0.06708409637212753
0.016332190483808517
0.09817259013652802
0.07545946538448334
0.0580732524394989
0.07186965644359589
0.06150190532207489
0.06841977685689926
0.07177206128835678
0.06306309998035431
0.23104900121688843
0.01899011805653572
0.15007846057415009
0.270274817943573
6.88302461639978e-05
0.09700094163417816
0.05137593299150467
0.030552072450518608
0.07030574977397919
0.08499322086572647
0.04865024611353874
0.05702759325504303
0.03418290615081787
0.02150455117225647
0.11406302452087402
0.014790354296565056
0.0007493256707675755
0.07206393778324127
0.31249186396598816
0.11588523536920547
0.011117225512862206
0.07266250252723694
0.2685088813304901
0.14401447772979736
0.21696282923221588
0.3086286783218384
0.0388571061193943
0.060307055711746216
0.021329954266548157
0.0860598087310791
0.337406724691391
0.0036144894547760487
0.08521048724651337
0.05850352346897125
0.015032008290290833
0.014815051108598709
0.06887698918581009
0.3110935389995575
0.07967456430196762
0.003120945766568184
0.08697181940078735
0.02848430722951889
0.007289848290383816
0.03210584074258804
0.32143276929855347
0.022829364985227585
0.01097788941115141
0.4550494849681854
0.02013411745429039
0.029069604352116585
0.014075725339353085
0.03758310526609421
0.038888558745384216
0.07891865074634552
0.05459737405180931
0.143851637840271
0.035394392907619476
0.01634388603270054
0.020512789487838745
0.017498033121228218
0.012465696781873703
0.016353996470570564
0.014244800433516502
0.034065745770931244
0.03132037818431854
0.0012598123867064714
0.037400588393211365
0.009127439931035042
0.08929390460252762
0.03666071593761444
0.066836878657341
0.002465482335537672
0.07169582694768906
0.06184939295053482
0.00738211814314127
0.012948338873684406
0.056176405400037766
0.10487040132284164
0.21498669683933258
0.0432901531457901
0.0039324574172496796
0.36326485872268677
0.03515965864062309
0.23903030157089233
0.00037940003676339984
0.04155101254582405
0.07508105039596558
0.009136064909398556
0.05968337506055832
0.07428149878978729
0.02311086654663086
0.15599507093429565
0.002282638568431139
0.06195759400725365
0.014909333549439907
0.03468528389930725
0.09871840476989746
0.04001136124134064
0.015801994130015373
0.006227543577551842
0.047187115997076035
0.03425174206495285
0.35720115900039673
0.1252218633890152
0.007922394201159477
0.03870651125907898
0.10956493020057678
0.008023450151085854
0.1123947724699974
0.07251635938882828
0.18481400609016418
0.24968034029006958
0.03878507390618324
0.00812905840575695
0.058032091706991196
0.001941431313753128
0.00027031576610170305
0.14931216835975647
0.04583199322223663
0.07187400013208389
0.04081592336297035
0.1007041335105896
0.02864104136824608
0.27915504574775696
0.025796011090278625
0.051274027675390244
0.04719947278499603
0.033062875270843506
0.0019653616473078728
0.008425692096352577
0.08805923163890839
0.011416384018957615
0.07980943471193314
0.0488833412528038
0.12817221879959106
0.032511111348867416
0.01692553423345089
0.030379220843315125
0.17019124329090118
0.005668367259204388
0.012739247642457485
0.05317501723766327
0.08807441592216492
0.025548363104462624
0.02192487008869648
0.12800005078315735
0.017628483474254608
0.3712106943130493
0.07258526980876923
0.12750943005084991
0.06988315284252167
0.03159177303314209
0.011503664776682854
0.011721378192305565
0.039384689182043076
0.16927240788936615
0.04877626523375511
0.1202721819281578
0.047978729009628296
0.4793194532394409
0.06484363228082657
0.007203181739896536
0.05939500778913498
0.0708063393831253
0.027804717421531677
0.028155770152807236
0.10735724121332169
0.09353486448526382
0.15073677897453308
0.0021236648317426443
0.010443460196256638
0.18812234699726105
0.1562865972518921
0.05415498465299606
0.05338384956121445
0.04358711838722229
0.017127059400081635
0.06348467618227005
0.16334161162376404
0.11800547689199448
0.10279692709445953
0.17564265429973602
0.0595984160900116
0.05758919194340706
0.05748523026704788
0.0031905793584883213
0.02706390991806984
0.09860614687204361
0.04708993807435036
0.004578378517180681
0.17448854446411133
0.009970493614673615
0.12174662947654724
0.05307815968990326
0.04922535642981529
0.09995752573013306
0.0349883958697319
0.06599748879671097
0.05862042307853699
0.1398634910583496
0.10448674857616425
0.1646345853805542
0.036886271089315414
0.060293395072221756
0.24736452102661133
0.0009210439748130739
0.0013325135223567486
0.0059622498229146
0.015737254172563553
0.35965073108673096
0.01596292480826378
0.1210516095161438
0.13114915788173676
0.15484273433685303
0.07780097424983978
0.028724687173962593
0.16668376326560974
0.0386115238070488
0.011850154027342796
0.03947155922651291
0.0011986446334049106
0.1517695188522339
0.0607110969722271
0.08490192145109177
0.6270703077316284
0.05141204223036766
0.1172175258398056
0.09089025855064392
0.0390259325504303
0.016621168702840805
0.2172081470489502
0.0017534513026475906
0.08545118570327759
0.03425034508109093
0.037072259932756424
0.016888339072465897
0.019679591059684753
0.03261137008666992
0.06875830143690109
0.118767149746418
0.0551668256521225
0.027026936411857605
0.18679304420948029
0.13760904967784882
0.030232103541493416
0.008852740749716759
0.04825112596154213
0.09807070344686508
9.782964480109513e-05
0.3374139070510864
0.13927805423736572
0.2818250060081482
0.014208348467946053
0.00014908939192537218
0.19236697256565094
0.08375468850135803
0.02656853199005127
0.03993181139230728
0.07055824249982834
0.01272171176970005
0.022749826312065125
0.04053974151611328
0.011878836899995804
0.8145366907119751
0.01715148240327835
0.03978191316127777
0.07057934999465942
0.12649953365325928
0.37376755475997925
0.005988924764096737
0.018555039539933205
0.0012918966822326183
0.024356259033083916
0.07026500999927521
0.06916636228561401
0.04167940467596054
0.05996013060212135
0.06622962653636932
0.015087263658642769
0.062057845294475555
0.009942939504981041
0.06904993951320648
0.19678814709186554
0.07281012833118439
0.0569380559027195
0.016871286556124687
0.011838613077998161
0.060098208487033844
0.01351901050657034
0.05279655009508133
0.06123143807053566
0.02678558975458145
0.2419402003288269
0.056845083832740784
0.07740294188261032
0.01962943747639656
0.14727972447872162
0.10940366983413696
0.19733789563179016
0.0443216934800148
0.22089344263076782
0.09685499966144562
0.14356695115566254
0.018016187474131584
0.02476361393928528
0.1917334645986557
0.002660901052877307
0.1771305948495865
0.04146765172481537
0.06737388670444489
0.2261744737625122
0.2535121440887451
0.5134066939353943
0.07670477032661438
0.019733594730496407
0.00291457655839622
0.23692944645881653
0.17403128743171692
0.029108719900250435
0.04934563860297203
0.16320393979549408
0.16641560196876526
0.007958946749567986
0.05073307454586029
0.004756503272801638
0.042784277349710464
0.0003383828152436763
0.031241383403539658
0.07482954114675522
0.11916592717170715
0.04076298698782921
0.06813213974237442
0.05501925200223923
0.03501727804541588
0.07139076292514801
0.007448852993547916
0.007003277074545622
0.0035801308695226908
0.07091644406318665
0.15075434744358063
0.05231717601418495
0.06138966977596283
0.003900534939020872
0.058332473039627075
0.06634972989559174
0.014363639056682587
0.03318702429533005
0.09299319237470627
0.1662375032901764
0.07167209684848785
0.1016187071800232
0.016883675009012222
0.015163891948759556
0.13595402240753174
0.019683290272951126
0.14938513934612274
0.030470367521047592
0.02697276696562767
0.014482102356851101
0.00706916768103838
