1.3702309131622314
0.007372416090220213
2.3278253078460693
0.676883339881897
0.003923183772712946
0.0023817229084670544
0.0
0.0
0.0
0.0
0.0
0.016912294551730156
0.0
1.6520847082138062
0.7418724894523621
0.0
0.0
0.0
0.9034948348999023
0.07323383539915085
0.0
1.6008758544921875
0.9801622629165649
0.0
0.22479112446308136
0.0
1.313598394393921
0.44980278611183167
0.7671991586685181
0.0
0.0
0.0018980195745825768
1.5782663822174072
0.0
0.0
1.3297255039215088
0.00038090735324658453
0.0
0.2733334004878998
0.0
0.0
0.0
0.2022460550069809
0.0
1.9999067783355713
0.0
0.0
0.0
0.0
1.1626734733581543
0.0
1.9466538429260254
0.0
1.539520263671875
0.0
1.9994323253631592
0.0
0.0
0.02503412403166294
0.0
3.347214937210083
0.07964348047971725
0.0
0.48116806149482727
0.8920415639877319
0.012792113237082958
0.0
1.5432641506195068
0.0
0.0
0.0
0.77425616979599
0.0
0.0
0.0
0.0
3.7824110984802246
0.0
0.462084025144577
0.0
0.10008925199508667
3.4761738777160645
1.32979154586792
0.18192294239997864
0.0
0.037034861743450165
0.0
0.0
0.21362139284610748
0.0
0.0
0.0
1.8984966278076172
0.0
0.0
0.15959955751895905
1.6683619022369385
3.6536142826080322
6.787595272064209
0.015650590881705284
0.2550683915615082
0.0
0.0
0.0
0.0
1.5430506467819214
0.2750495672225952
0.08818629384040833
0.0
0.2698215842247009
0.15399175882339478
0.0
0.0
0.18744206428527832
0.0
5.370999813079834
0.0
