0.018815282732248306
0.025073962286114693
0.0019961711950600147
0.011855837889015675
0.015606604516506195
0.023937944322824478
0.003769554663449526
0.028210975229740143
0.0077825915068387985
0.011141946539282799
0.002222103998064995
0.00593894487246871
0.00860977079719305
0.0012520757736638188
0.010878870263695717
0.006343746092170477
0.005356713198125362
0.005654314532876015
0.01195593923330307
0.026178909465670586
0.012985529378056526
0.004384833388030529
0.009151139296591282
0.007314663380384445
0.02997623011469841
0.0017639866564422846
0.012067870236933231
0.020015500485897064
0.024005165323615074
0.0010268180631101131
0.00458332896232605
0.0046213287860155106
0.036600448191165924
0.008327249437570572
0.029156314209103584
0.004688292741775513
0.037297897040843964
0.00486703310161829
0.03429892659187317
0.009495893493294716
0.013799747452139854
0.0038066671695560217
0.014340153895318508
0.019296959042549133
0.00011211407399969175
0.015649491921067238
0.008462522178888321
0.014556634239852428
0.005413237027823925
0.01733597368001938
0.008327361196279526
0.004713067784905434
0.003945625387132168
0.006497994996607304
0.006569653749465942
0.0023389458656311035
0.0005382919334806502
0.019901223480701447
0.007548308931291103
0.008763925172388554
0.0019119182834401727
0.009418441914021969
0.01723475754261017
0.036308158189058304
0.013923279009759426
0.022442040964961052
0.010008318349719048
0.010799430310726166
0.007461138069629669
0.04520057141780853
0.021209947764873505
0.001892432919703424
0.04271485283970833
0.019102059304714203
0.0018462988082319498
0.00298742251470685
0.016839634627103806
0.028861887753009796
0.13297367095947266
0.002235649386420846
0.026782911270856857
0.00906209647655487
0.004165745805948973
0.01428224891424179
0.351650595664978
0.012414306402206421
0.004719591233879328
0.028010549023747444
0.0034811964724212885
0.01603691838681698
0.0050761764869093895
0.004448064602911472
0.007371535524725914
0.01001766324043274
0.03573735058307648
0.017022568732500076
0.05907735973596573
0.00726874778047204
0.007198601495474577
0.001941103138960898
0.0027949619106948376
0.003034456167370081
0.006124061997979879
0.014884430915117264
0.0113182682543993
0.001176651450805366
0.008536425419151783
0.0015485892072319984
0.01952693797647953
0.01333649642765522
0.007555427495390177
0.0011056873481720686
0.014093220233917236
0.01647374778985977
0.004968324210494757
0.004762410186231136
0.0028176528867334127
0.00609041191637516
0.04318433627486229
0.013214503414928913
0.005532440263777971
0.07932741194963455
0.006343737710267305
0.02914159744977951
0.00017799227498471737
0.009982727468013763
0.013187170028686523
0.0012135710567235947
0.008489449508488178
0.025065286085009575
0.004379198420792818
0.03227502852678299
0.0008995910175144672
0.049130771309137344
0.0019980459474027157
0.0027753934264183044
0.011197833344340324
0.015566496178507805
0.0017222906462848186
0.0018553495174273849
0.0077516427263617516
0.027352917939424515
0.017909947782754898
0.038475848734378815
0.001690383767709136
0.008346142247319221
0.07531159371137619
0.0026107076555490494
0.011865882202982903
0.028591658920049667
0.021038953214883804
0.008831663057208061
0.006493109744042158
0.002886056900024414
0.0060158041305840015
0.0011111440835520625
0.00017819275672081858
0.011267502792179585
0.009902551770210266
0.009480434469878674
0.03533757105469704
0.008244194090366364
0.016494734212756157
0.24389274418354034
0.045271020382642746
0.007487149443477392
0.009459842927753925
0.007856489159166813
0.0011171798687428236
0.0058685000985860825
0.03618451952934265
0.010501740500330925
0.019716182723641396
0.0035419685300439596
0.05604640394449234
0.004570889286696911
0.0062315333634614944
0.007653663866221905
0.010647624731063843
0.0008884710259735584
0.002442027907818556
0.006249488331377506
0.007494173012673855
0.010816600173711777
0.004340620245784521
0.017809560522437096
0.010381815955042839
0.020069710910320282
0.005964445881545544
0.006418102420866489
0.0061696795746684074
0.009029297158122063
0.0047629293985664845
0.01652524247765541
0.0077010588720440865
0.02801983430981636
0.007153522688895464
0.027079150080680847
0.009668800979852676
0.015102580189704895
0.007490360178053379
0.005796593613922596
0.005865781102329493
0.016273725777864456
0.009192069992423058
0.013520106673240662
0.01245578657835722
0.010381380096077919
0.013025708496570587
0.0005788945127278566
0.0016447510570287704
0.01725308783352375
0.0169803649187088
0.008461646735668182
0.04149216413497925
0.006628936156630516
0.014096055179834366
0.010189702734351158
0.006296592298895121
0.013894224539399147
0.020112095400691032
0.0019226365257054567
0.11276845633983612
0.008345632813870907
0.006104405969381332
0.0013684568693861365
0.015568934381008148
0.03221237659454346
0.002603995380923152
7.869509136071429e-05
0.006061305291950703
0.0044127171859145164
0.016825897619128227
0.01647859998047352
0.015604314394295216
0.007609644904732704
0.005778787657618523
0.03174524009227753
0.00914586242288351
0.06624418497085571
0.010424787178635597
0.02107972279191017
0.032647933810949326
0.006950645707547665
0.010235017165541649
0.00036519370041787624
0.0006083407788537443
0.0065152449533343315
0.0029657429549843073
0.0509401373565197
0.007536912802606821
0.012136517092585564
0.005606435239315033
0.04251105338335037
0.028134413063526154
0.007793429773300886
0.018155500292778015
0.007459143176674843
0.0013567954301834106
0.014921879395842552
0.0005808337009511888
0.00466094771400094
0.009023760445415974
0.008602427318692207
0.041748207062482834
0.007283902261406183
0.00748366117477417
0.050087299197912216
0.03362531214952469
0.004476977977901697
0.008322147652506828
0.0008557057590223849
0.0029056770727038383
0.005779757164418697
0.0024458961561322212
0.004844175186008215
0.006933446042239666
0.002234883140772581
0.016994385048747063
0.01783008873462677
0.019269919022917747
0.004820376634597778
0.00935990922152996
0.032758813351392746
0.0060829827561974525
0.0035614098887890577
0.004206598736345768
0.007670860271900892
6.228307029232383e-05
0.00440738070756197
0.010847234167158604
0.008146563544869423
0.007034346926957369
0.0002076448145089671
0.028723901137709618
0.008622144348919392
0.016634372994303703
0.008729998022317886
0.005077597685158253
0.009675094857811928
0.00649197306483984
0.006968404166400433
0.0035000257194042206
0.08139709383249283
0.009469975717365742
0.015219083987176418
0.00922272726893425
0.020001571625471115
0.032682836055755615
0.001987447962164879
0.003514885436743498
0.002289568306878209
0.009368102066218853
0.013917584903538227
0.022097578272223473
0.010166171938180923
0.014824247919023037
0.007665489800274372
0.005690009333193302
0.008477823808789253
0.0035453354939818382
0.01612108387053013
0.006414178293198347
0.028498444706201553
0.009189962409436703
0.008348693139851093
0.0036140386946499348
0.007246524095535278
0.00207848590798676
0.007173733785748482
0.00278477743268013
0.004743094556033611
0.01544412225484848
0.013599218800663948
0.025334088131785393
0.01266121119260788
0.12908314168453217
0.014213589020073414
0.01852104626595974
0.00853176973760128
0.015611881390213966
0.013662610203027725
0.017394647002220154
0.0048456378281116486
0.0018189572729170322
0.034312400966882706
0.0007816731231287122
0.02498321235179901
0.005985257215797901
0.0816916823387146
0.028615549206733704
0.009452919475734234
0.007126449607312679
0.006811396684497595
0.015244431793689728
0.000955648603849113
0.07020393759012222
0.1176367998123169
0.006873401813209057
0.01074256096035242
0.02480345591902733
0.3350294828414917
0.002975999843329191
0.007706019561737776
0.0022005909122526646
0.00781695730984211
0.00032038730569183826
0.01736253686249256
0.02076217345893383
0.04453062266111374
0.006598757579922676
0.01053952518850565
0.007724567782133818
0.030106984078884125
0.00886988639831543
0.0021309040021151304
0.004792718682438135
0.0007090159342624247
0.02964765578508377
0.00434801634401083
0.013404415920376778
0.004534867592155933
0.0018799984827637672
0.01559255551546812
0.0046957205049693584
0.010907608084380627
0.005809169728308916
0.021854497492313385
0.034746065735816956
0.00426038634032011
0.018700532615184784
0.003862187499180436
0.008541122078895569
0.06031741946935654
0.012053927406668663
0.018767837435007095
0.006425392348319292
0.009534548036754131
0.0034343022853136063
0.0020795140881091356
