2.641339063644409
2.0077431201934814
2.7494871616363525
2.6787517070770264
3.441150665283203
3.035003185272217
3.0165200233459473
1.5828285217285156
2.794919013977051
2.01765775680542
2.1430258750915527
3.1427998542785645
3.525285005569458
1.3575525283813477
3.854724407196045
1.7299174070358276
3.056694507598877
2.7971549034118652
2.595022439956665
1.8791301250457764
2.573514938354492
3.5787341594696045
2.116840124130249
2.7067294120788574
3.671351194381714
1.6894631385803223
1.510848045349121
1.6147023439407349
1.8659839630126953
2.072787284851074
2.2839651107788086
2.500216245651245
2.250847816467285
2.8048129081726074
3.5885603427886963
1.748788833618164
2.8868894577026367
2.7279744148254395
1.777833342552185
2.885935068130493
2.466216564178467
4.501356601715088
2.7448055744171143
2.7275452613830566
3.9052162170410156
3.540337562561035
3.0607759952545166
1.8109185695648193
1.3877912759780884
2.5746116638183594
2.188830852508545
1.8274476528167725
2.2929623126983643
3.6229100227355957
1.9060490131378174
1.0537517070770264
2.9760379791259766
2.5548505783081055
0.45467621088027954
2.74252986907959
2.609614372253418
2.6034669876098633
3.6043310165405273
2.2430362701416016
2.518240451812744
4.131247520446777
2.5167384147644043
2.998117446899414
2.4233639240264893
2.744628429412842
3.225379228591919
2.573517084121704
2.183678150177002
4.326486587524414
1.1587218046188354
2.893731117248535
2.6047396659851074
2.5801639556884766
2.870208501815796
2.4822592735290527
2.0232815742492676
1.3334232568740845
3.8384904861450195
3.3977181911468506
2.1935455799102783
3.0184950828552246
3.1963412761688232
2.3264083862304688
1.8294801712036133
2.7010419368743896
3.0944344997406006
2.3961353302001953
2.6036877632141113
2.4282402992248535
2.042233943939209
0.8306174874305725
2.1359214782714844
1.720388412475586
3.255561590194702
2.7016124725341797
2.9874348640441895
3.055284261703491
2.8564417362213135
2.256316661834717
3.215226650238037
2.800523281097412
3.521941661834717
2.6056461334228516
3.0779571533203125
1.2258082628250122
2.8335790634155273
2.231721878051758
2.118002414703369
3.6755685806274414
2.0488474369049072
2.389974594116211
3.041741371154785
2.599282741546631
2.847142219543457
2.7452282905578613
3.4942941665649414
1.192054271697998
2.2948267459869385
3.437562942504883
3.587963581085205
3.065495014190674
2.589613437652588
1.3905038833618164
2.5061864852905273
1.2703930139541626
3.5842971801757812
2.0608606338500977
1.686635971069336
1.7662979364395142
2.6573426723480225
3.5849790573120117
2.8276124000549316
1.9156017303466797
3.30648136138916
2.4694156646728516
2.841503620147705
1.5098278522491455
4.090867519378662
3.7176084518432617
3.5654220581054688
3.0049118995666504
2.9483914375305176
3.3213658332824707
2.9661078453063965
1.380639672279358
2.5672597885131836
2.094269275665283
2.4065732955932617
1.3844493627548218
2.662496328353882
2.7480361461639404
0.8684602975845337
3.266404867172241
2.005445718765259
3.511188507080078
2.5661115646362305
1.894751787185669
3.2735073566436768
1.82865309715271
2.2890162467956543
4.517491340637207
2.5814549922943115
2.8099586963653564
2.821744441986084
3.0152289867401123
1.6082412004470825
3.1738314628601074
2.6260616779327393
1.249980092048645
3.617156505584717
3.5282058715820312
4.140851020812988
2.707706928253174
2.408579111099243
1.6038093566894531
3.45308780670166
2.0657482147216797
1.6638524532318115
2.4385170936584473
3.1464169025421143
1.1144256591796875
1.4627068042755127
2.6649999618530273
2.186404228210449
1.2567280530929565
2.218120574951172
2.522766351699829
3.616001605987549
2.4991455078125
1.5958378314971924
2.3897452354431152
2.271657705307007
3.126288414001465
2.616431951522827
2.3766064643859863
2.801057815551758
2.8714756965637207
2.930499315261841
1.5255376100540161
1.1731631755828857
3.77543306350708
2.9004628658294678
2.551292896270752
1.6437771320343018
1.121366024017334
1.315990686416626
3.0259673595428467
1.2380613088607788
2.59789776802063
2.9654979705810547
2.443020820617676
3.4946541786193848
2.953855514526367
2.4684669971466064
2.193002223968506
2.633358955383301
1.6456737518310547
2.6102185249328613
1.8270318508148193
2.977020740509033
2.1928906440734863
0.8635662198066711
3.135521411895752
2.73026704788208
2.137277126312256
2.799622058868408
2.2199506759643555
3.5322070121765137
2.7014214992523193
3.553168773651123
2.6097168922424316
2.604862928390503
3.5487375259399414
1.6166385412216187
3.5658388137817383
2.12685489654541
3.138516902923584
2.71718168258667
3.2961814403533936
2.141148090362549
2.7185378074645996
0.6688535809516907
1.1950197219848633
2.7577061653137207
2.7215797901153564
3.3464317321777344
3.046212673187256
3.249481439590454
2.3131704330444336
2.1712727546691895
3.4167919158935547
2.1609058380126953
1.8632206916809082
2.6758251190185547
2.7486586570739746
2.4298226833343506
2.2418975830078125
0.9415745139122009
0.8759897947311401
3.1652464866638184
2.020148754119873
1.7422302961349487
3.241901397705078
3.0367331504821777
2.4755935668945312
0.9960042238235474
2.387892484664917
3.517493486404419
2.899932384490967
3.1899075508117676
3.035172939300537
0.7433263063430786
3.6137475967407227
2.2220702171325684
2.4001951217651367
2.171201229095459
3.252535104751587
2.882185935974121
3.60955810546875
2.988788366317749
1.2655397653579712
2.1580891609191895
3.4058837890625
2.7917122840881348
3.1673991680145264
3.4560208320617676
2.865149974822998
2.0745954513549805
1.3653709888458252
2.7725658416748047
3.870115280151367
0.9728001356124878
2.9496278762817383
2.459794044494629
1.0594135522842407
2.5403218269348145
3.0707075595855713
2.615513324737549
2.400668144226074
2.7035484313964844
3.068455934524536
2.7985823154449463
2.3409435749053955
1.4288997650146484
2.1390748023986816
3.988081932067871
4.341028213500977
3.0966689586639404
3.097984790802002
3.8756115436553955
2.848414421081543
3.2947311401367188
2.2888894081115723
1.6777809858322144
1.8897979259490967
4.168425559997559
3.2598609924316406
2.7279648780822754
2.187988042831421
2.328963279724121
1.8148688077926636
2.2278122901916504
2.607102155685425
1.146941900253296
2.2984910011291504
1.929924488067627
2.3773891925811768
3.657363176345825
1.3058491945266724
1.6422767639160156
3.126938581466675
2.981194019317627
2.0582072734832764
2.796328067779541
4.385106086730957
2.3465704917907715
0.8003262281417847
3.453160524368286
1.9448246955871582
2.7026796340942383
3.222127914428711
2.7782652378082275
2.6135382652282715
2.896252155303955
42.413360595703125
2.593881607055664
3.6715245246887207
2.7105419635772705
3.3331193923950195
2.8475735187530518
3.263836145401001
2.9723541736602783
3.180220127105713
3.3189640045166016
0.8623661398887634
2.4921462535858154
0.8404899835586548
2.7381515502929688
1.5724589824676514
1.7408971786499023
2.213644027709961
1.4861284494400024
32.34672546386719
1.8131712675094604
3.3420395851135254
3.5356688499450684
3.098679542541504
2.866241693496704
2.4649157524108887
3.4860243797302246
2.289459705352783
3.8022351264953613
1.2992339134216309
3.0277905464172363
2.558612585067749
3.6486968994140625
3.839047908782959
2.95426869392395
2.3065133094787598
2.9257493019104004
2.0801615715026855
2.0579614639282227
1.940106987953186
3.5447325706481934
3.5967233180999756
1.9953556060791016
2.5764198303222656
3.2233405113220215
3.1159162521362305
3.2173938751220703
2.125279426574707
1.888548493385315
3.3613638877868652
1.8318686485290527
2.9418246746063232
