3.6377103328704834
3.110365867614746
2.8121986389160156
3.390977144241333
2.5738723278045654
3.4364993572235107
3.6632988452911377
2.9867846965789795
3.387833833694458
2.9100353717803955
3.2764267921447754
3.0496301651000977
3.963667392730713
3.1573963165283203
3.0072765350341797
3.00722336769104
3.1562716960906982
2.8062760829925537
3.4843738079071045
3.135706663131714
3.140212297439575
3.691870927810669
2.593707799911499
3.1206254959106445
3.099963903427124
3.630662679672241
2.742280960083008
3.7710602283477783
3.1879708766937256
3.05273175239563
3.027006149291992
3.389008045196533
3.4388108253479004
3.512070417404175
3.8087029457092285
3.5750482082366943
3.5252044200897217
3.3241755962371826
3.3154702186584473
3.350283145904541
3.783729314804077
3.194126605987549
3.3898532390594482
3.4237327575683594
3.6708149909973145
3.460547685623169
2.993440628051758
3.582953691482544
3.195432186126709
3.2380130290985107
2.9577348232269287
3.2479400634765625
3.535853624343872
3.1810765266418457
3.059652090072632
2.545321226119995
3.261960744857788
3.4391860961914062
3.4402263164520264
3.4432549476623535
3.4627015590667725
3.649172306060791
3.634000778198242
3.340599536895752
3.7297699451446533
2.7414743900299072
2.842819929122925
2.8484792709350586
3.8668198585510254
3.457672595977783
3.5264687538146973
3.623051166534424
3.154378890991211
3.4708504676818848
3.334899663925171
2.5625088214874268
3.1104228496551514
2.4470303058624268
3.555962085723877
2.695117712020874
3.6723694801330566
3.5792453289031982
3.475254774093628
2.8842201232910156
2.57356333732605
3.5760605335235596
3.1543190479278564
2.926605701446533
3.3065478801727295
3.132267713546753
3.354055881500244
3.4123666286468506
3.676903486251831
3.5998494625091553
2.933250904083252
2.578324794769287
3.4234344959259033
3.1933083534240723
3.5468647480010986
3.215686082839966
2.8686931133270264
3.767955780029297
3.185645580291748
3.1060121059417725
3.690253973007202
3.852848529815674
3.164924383163452
2.8321845531463623
3.0340592861175537
3.5605294704437256
2.1972367763519287
3.316269636154175
2.7885727882385254
3.1554038524627686
2.9886634349823
3.1351184844970703
2.508037567138672
3.1703593730926514
3.1558258533477783
3.352123975753784
3.305213212966919
3.4115045070648193
2.649559736251831
3.037945508956909
3.2480270862579346
3.200916290283203
3.2823147773742676
4.02146053314209
3.180436849594116
3.330371618270874
3.001533269882202
2.780301570892334
2.5139729976654053
3.4299721717834473
3.3734169006347656
3.0963642597198486
2.9688072204589844
3.3007895946502686
3.2386608123779297
3.062955141067505
3.359323263168335
3.373960256576538
2.9453673362731934
3.2398288249969482
3.0748751163482666
3.0527234077453613
2.954974889755249
3.1103594303131104
3.8351173400878906
3.035571813583374
3.0101449489593506
3.3020355701446533
3.1978137493133545
2.9828405380249023
2.9099807739257812
2.898334264755249
3.440063953399658
3.6612000465393066
3.190854787826538
3.5220367908477783
3.285545825958252
3.4794445037841797
3.775045156478882
3.009036064147949
3.8708081245422363
3.718970537185669
3.044578790664673
2.955676794052124
2.816277265548706
3.36686635017395
3.9497392177581787
2.9410972595214844
3.0674691200256348
2.935948610305786
3.3945960998535156
2.974557876586914
3.253460645675659
2.9786641597747803
2.7442328929901123
4.43783712387085
3.281463623046875
2.5792675018310547
3.3831844329833984
3.095749616622925
3.174248218536377
3.368434190750122
3.6502227783203125
3.565541982650757
3.096900224685669
3.1005067825317383
2.901216506958008
3.0456204414367676
2.8289973735809326
3.6054961681365967
2.617865800857544
3.4656662940979004
2.8773720264434814
3.318040609359741
3.2656333446502686
3.2610175609588623
