128.98744201660156
137.8271484375
135.64454650878906
136.71957397460938
136.80953979492188
137.9254913330078
135.53933715820312
132.3724365234375
132.96835327148438
138.02474975585938
137.1014404296875
139.16746520996094
135.8192901611328
137.64913940429688
137.15145874023438
137.32608032226562
134.92984008789062
135.68087768554688
133.4507598876953
139.48764038085938
136.33224487304688
136.98060607910156
136.12527465820312
137.47933959960938
137.57608032226562
138.68197631835938
132.0091094970703
133.34817504882812
137.15646362304688
137.8465118408203
138.2418212890625
138.23529052734375
138.15557861328125
134.128173828125
136.7214813232422
137.48416137695312
135.09677124023438
136.29623413085938
135.05101013183594
136.96380615234375
