0.007390635088086128
0.002263622358441353
0.09609191864728928
0.7211858630180359
0.0068549783900380135
1.497922658920288
0.7809672355651855
0.051374711096286774
0.0
0.9594201445579529
0.8546574115753174
0.03423327952623367
0.5326807498931885
0.3572251796722412
0.19660048186779022
1.5416520833969116
0.0
0.01761920563876629
0.4023006856441498
0.038246866315603256
0.24824029207229614
0.6384375095367432
0.029878120869398117
0.43119657039642334
0.7299382090568542
1.900720477104187
0.7929500341415405
0.38403233885765076
0.2927909791469574
1.0099390745162964
0.03965000808238983
0.7860704660415649
3.8400237560272217
0.0
1.0822532176971436
1.0195928812026978
0.09206116199493408
0.29421961307525635
0.11357194185256958
0.049075156450271606
0.37482476234436035
0.10180746018886566
2.054795265197754
0.4488046169281006
1.0122873783111572
0.0
0.117648646235466
0.2206379622220993
0.9715225696563721
2.1373915672302246
1.8942286968231201
0.015410738065838814
1.1738371849060059
0.5005139112472534
4.464330673217773
0.08837904036045074
0.015342634171247482
0.8126444220542908
0.22041748464107513
0.37480103969573975
0.7417616248130798
0.39573320746421814
0.04722146317362785
0.07281864434480667
0.900769829750061
0.0
0.8054624795913696
1.9139584302902222
0.0
1.2321864366531372
0.0004432263085618615
0.7895275354385376
1.2186607122421265
1.1057145595550537
0.851190447807312
0.0
0.20639710128307343
0.5240381956100464
0.0
1.017788290977478
1.190669059753418
1.5166685581207275
1.4926002025604248
1.8285449743270874
0.0011383866658434272
0.30093276500701904
0.0
0.4790531396865845
0.0
0.0
0.20675627887248993
0.00159263180103153
0.9768222570419312
1.033859133720398
1.5322083234786987
0.04925163835287094
0.0091135548427701
0.13834220170974731
0.39601266384124756
1.6501749753952026
1.3946006298065186
0.6862567663192749
1.4997246265411377
0.0
0.0
1.853469729423523
1.94502854347229
0.06147962808609009
2.537787914276123
0.9802348613739014
0.0
1.2539279460906982
1.0100409984588623
0.0
2.5322844982147217
0.9235528707504272
0.3036934733390808
