39.16701889038086
40.04270553588867
38.109031677246094
38.70127487182617
38.89248275756836
39.0610237121582
38.64741134643555
38.44951629638672
39.28036880493164
38.930580139160156
39.51594924926758
39.48049545288086
40.06528091430664
39.434078216552734
39.12629318237305
40.71426773071289
39.29805374145508
40.62101364135742
40.01359176635742
39.63265609741211
37.89767074584961
39.97223663330078
38.36778259277344
40.68528366088867
39.225852966308594
40.43396759033203
40.31172561645508
39.19533157348633
39.37340545654297
40.10343551635742
39.08894729614258
40.46710968017578
39.31245422363281
39.43098831176758
39.77003860473633
39.35020065307617
39.46596908569336
39.868099212646484
40.290382385253906
40.14410400390625
