5.556626319885254
5.716411590576172
6.950710296630859
5.60983943939209
6.202948570251465
4.209936141967773
6.017935752868652
4.422533988952637
5.640384674072266
6.3481950759887695
6.116536617279053
5.9927144050598145
5.929323673248291
5.037757873535156
5.632753372192383
5.618287563323975
4.469812870025635
5.987966060638428
7.136324882507324
4.439857482910156
5.8777570724487305
5.107184410095215
6.453718185424805
5.519832611083984
6.212672233581543
5.424798011779785
4.893899917602539
5.417105674743652
6.157495498657227
5.172911643981934
4.693480014801025
5.389547348022461
5.2638702392578125
7.354873180389404
5.457638740539551
5.509415626525879
6.141274452209473
4.776190757751465
5.738973140716553
5.694009304046631
