3.817107915878296
4.461578369140625
3.572920322418213
4.010837554931641
4.770788669586182
3.9072952270507812
4.111159801483154
4.81837797164917
3.127110481262207
2.4029157161712646
3.7492477893829346
3.838038682937622
3.8612022399902344
3.5811665058135986
4.143718242645264
4.0624518394470215
4.227434158325195
3.3971900939941406
4.530007839202881
3.699913740158081
4.360922813415527
3.203587293624878
3.8883626461029053
3.6514248847961426
4.019994735717773
3.620755910873413
4.507414817810059
4.809870719909668
3.9999310970306396
4.002065181732178
3.737445831298828
4.039738178253174
3.6869194507598877
4.470473289489746
3.865373373031616
4.274951934814453
3.0757412910461426
3.9436397552490234
4.038563251495361
3.4861836433410645
4.370755672454834
3.8673171997070312
4.006502151489258
3.302462100982666
3.823873996734619
4.103535175323486
3.763756513595581
3.9730613231658936
4.164632320404053
4.48345947265625
3.9982941150665283
4.233521938323975
4.184178829193115
3.5475831031799316
4.657395839691162
3.8454437255859375
3.4775655269622803
3.817049026489258
3.445967197418213
4.631386756896973
4.184230804443359
3.9416885375976562
4.346112251281738
3.9412543773651123
3.634075880050659
4.387341499328613
3.3024003505706787
4.139777660369873
4.70402193069458
3.957624912261963
3.8642449378967285
3.164865255355835
4.061999320983887
3.6884307861328125
3.4330556392669678
4.455822467803955
3.948371171951294
3.500380277633667
4.227687835693359
3.965679883956909
3.9846348762512207
3.6573898792266846
4.0172343254089355
3.8925533294677734
4.140990734100342
4.11979866027832
3.527127981185913
3.8512847423553467
3.2702057361602783
3.1471595764160156
4.3399882316589355
4.143679618835449
3.6893699169158936
3.795581817626953
3.3300373554229736
4.156863212585449
3.7152538299560547
4.221227169036865
4.224340915679932
3.765660047531128
3.892486572265625
4.763038635253906
4.48953104019165
3.826464891433716
3.741608142852783
4.409664630889893
4.326272487640381
4.802981376647949
3.9999725818634033
3.9098618030548096
3.650089740753174
4.049464702606201
4.16808557510376
3.503870725631714
3.3635215759277344
3.4808108806610107
4.497783184051514
3.9225151538848877
3.764378786087036
4.2461981773376465
3.6137778759002686
3.71018385887146
3.853748321533203
3.5603301525115967
2.973653554916382
4.067877292633057
3.8126542568206787
3.826658010482788
4.606075286865234
4.065772533416748
3.8358101844787598
3.6905181407928467
4.068808555603027
3.522430181503296
3.4821949005126953
4.092854976654053
3.8184216022491455
4.065492153167725
4.40509033203125
4.0257792472839355
3.917086362838745
4.5053391456604
3.7203986644744873
4.258556842803955
4.251103401184082
3.919229507446289
3.343684434890747
3.6895909309387207
4.065967082977295
3.0380990505218506
3.6018624305725098
4.2631707191467285
3.7141025066375732
4.299157619476318
3.7832114696502686
3.588066816329956
4.138685703277588
3.615032196044922
4.041417598724365
4.438470840454102
4.0167765617370605
4.159420013427734
3.919755697250366
3.902639389038086
4.352203369140625
4.020495414733887
3.346529722213745
3.4220943450927734
3.0605876445770264
3.721536636352539
4.407446384429932
4.01937198638916
4.0026068687438965
3.3877835273742676
4.438035488128662
3.9523518085479736
4.2380146980285645
3.864549398422241
3.7300515174865723
4.166232585906982
3.482084035873413
3.509735584259033
3.882474660873413
3.490198850631714
3.993910312652588
3.408813238143921
3.971078634262085
3.6922519207000732
4.48087739944458
4.504452228546143
3.293184995651245
4.382486820220947
4.1277546882629395
3.5477771759033203
3.90704083442688
4.3947062492370605
4.161558628082275
4.241049289703369
3.6475911140441895
3.6727943420410156
4.373902320861816
3.7840416431427
4.547438144683838
4.033305644989014
4.181157112121582
4.330089569091797
3.9875526428222656
3.884939670562744
4.073633670806885
4.079225540161133
3.472970962524414
3.4479660987854004
3.0230062007904053
4.024429798126221
3.7646892070770264
3.5079033374786377
4.279090404510498
3.689656972885132
3.807392120361328
3.4807610511779785
3.1758663654327393
4.262447834014893
4.242372512817383
3.9260671138763428
3.3956000804901123
3.024487257003784
4.153163433074951
4.0910210609436035
3.3186023235321045
3.708038330078125
3.721799612045288
4.591563701629639
3.799121141433716
4.057255744934082
3.369291067123413
4.225961208343506
3.5380985736846924
4.005566596984863
3.289296865463257
3.3178577423095703
4.194013595581055
4.499166965484619
3.708008289337158
3.969236135482788
3.8065688610076904
3.9989125728607178
3.940446615219116
2.911022663116455
3.868131399154663
3.551257848739624
4.25761604309082
4.277744293212891
3.644646406173706
4.025496959686279
3.411790609359741
4.55538272857666
3.565300703048706
3.77353835105896
3.677917242050171
3.2607228755950928
4.312745571136475
4.542088985443115
3.626232624053955
4.383983135223389
4.4062275886535645
3.6649906635284424
4.203034400939941
3.9709033966064453
3.887451171875
4.277510166168213
2.9416494369506836
4.046733379364014
3.958984851837158
4.119566440582275
3.4408485889434814
3.3285744190216064
3.8897628784179688
3.6919479370117188
4.294944763183594
4.144847393035889
3.964012861251831
3.133138656616211
4.088778018951416
3.505322217941284
3.6095070838928223
4.134202480316162
3.4090328216552734
3.719697952270508
3.7987961769104004
4.03809118270874
3.7453057765960693
4.225759506225586
4.237964630126953
2.964383840560913
4.307315349578857
4.2851176261901855
3.6383731365203857
4.409220218658447
3.5610930919647217
3.802847385406494
4.1506171226501465
3.6055634021759033
4.101210594177246
4.05726432800293
4.347923278808594
3.8309295177459717
4.333611965179443
3.486314535140991
3.8692586421966553
3.6790356636047363
4.033143520355225
4.0373005867004395
3.9575870037078857
3.946195602416992
4.226382255554199
3.771883487701416
4.025437831878662
3.9831669330596924
4.366519927978516
4.3230509757995605
4.207919597625732
4.116277694702148
4.52817964553833
3.582319736480713
3.605689287185669
4.18543004989624
3.2681853771209717
3.319178342819214
3.6018760204315186
4.056306838989258
3.8990509510040283
3.3947105407714844
3.992112398147583
3.9974148273468018
4.296781539916992
3.3718864917755127
3.277601957321167
3.1016013622283936
3.726989507675171
3.8849873542785645
4.225755214691162
3.369887590408325
3.958543062210083
3.550302505493164
4.70321798324585
3.7231738567352295
3.4338016510009766
4.556926250457764
3.8684704303741455
4.667778491973877
2.9786911010742188
4.273601531982422
2.833015203475952
3.9664933681488037
4.182222366333008
4.054673671722412
4.379829406738281
4.074345588684082
3.3761870861053467
4.097531318664551
3.936514377593994
3.193554639816284
4.331431865692139
3.2649025917053223
4.715266227722168
3.6878411769866943
4.226284980773926
3.61425518989563
3.975301504135132
3.8324239253997803
3.714155912399292
3.6286027431488037
3.5512726306915283
4.254411220550537
3.2497215270996094
3.837068557739258
3.3602988719940186
4.132674217224121
4.395308017730713
3.785459280014038
3.9850564002990723
4.063178539276123
4.280988693237305
4.573566436767578
4.653262615203857
3.6895623207092285
4.227565288543701
4.3669753074646
3.990586996078491
3.9551987648010254
4.668249607086182
3.6857545375823975
4.2541961669921875
3.1512012481689453
3.1256542205810547
3.872347354888916
4.183597564697266
3.6614692211151123
3.8506486415863037
4.373946189880371
