143.359619140625
143.3798828125
141.16880798339844
142.50013732910156
141.974853515625
142.77224731445312
141.92613220214844
140.3571014404297
143.05699157714844
142.98794555664062
144.0143585205078
143.45924377441406
143.90904235839844
143.50772094726562
142.26519775390625
143.64053344726562
143.3158416748047
143.3282012939453
144.15383911132812
144.56614685058594
141.68801879882812
143.87625122070312
141.6045379638672
144.245361328125
143.21632385253906
143.6614227294922
143.6704559326172
143.4020538330078
142.8950958251953
144.0998992919922
142.82229614257812
143.97508239746094
142.21383666992188
142.99404907226562
144.54676818847656
142.352294921875
143.0220184326172
143.40615844726562
144.65724182128906
143.73423767089844
