159.59963989257812
159.5290069580078
157.43931579589844
158.7071533203125
158.17910766601562
158.6156005859375
158.1461639404297
156.5136260986328
159.2800750732422
159.17434692382812
160.3700714111328
159.73377990722656
160.1168975830078
159.46739196777344
158.44314575195312
160.14039611816406
159.3653106689453
159.49168395996094
160.3009490966797
160.873291015625
157.97862243652344
160.419921875
157.56631469726562
160.1388397216797
159.37940979003906
159.8883056640625
159.85427856445312
159.41004943847656
158.83128356933594
160.19290161132812
158.9442901611328
160.22238159179688
158.306396484375
159.2022705078125
160.84466552734375
158.5618133544922
159.1810760498047
159.6949920654297
160.74473571777344
159.9041748046875
