41.1773796081543
40.50592803955078
41.199214935302734
40.377357482910156
40.38943862915039
40.50093078613281
41.21154022216797
38.79884719848633
40.73828125
40.02960968017578
40.84825134277344
41.0081901550293
39.57891845703125
41.08233642578125
40.61248779296875
40.72002410888672
40.718467712402344
41.34991455078125
40.11488342285156
39.71991729736328
40.76033020019531
40.78793716430664
40.69612121582031
39.75644302368164
40.582672119140625
40.20691680908203
39.77747344970703
39.55082702636719
40.78252410888672
40.7418212890625
39.882789611816406
40.47376251220703
40.19725799560547
40.03521728515625
40.7723388671875
40.08911895751953
41.1649169921875
39.96435546875
40.425933837890625
41.03564453125
