5.699159622192383
5.240691661834717
5.247042179107666
5.60707950592041
5.645726203918457
5.661285877227783
5.1989312171936035
6.089138984680176
5.587680339813232
5.840175151824951
5.112995624542236
5.249051094055176
5.432530879974365
5.563873291015625
5.985841274261475
5.0878005027771
5.587011814117432
4.206239223480225
5.367671012878418
5.020358562469482
5.564292907714844
4.770878791809082
5.360663890838623
5.455437660217285
5.882565021514893
5.484561443328857
4.99636173248291
5.595177173614502
5.754300117492676
5.524350166320801
5.736953258514404
5.228465557098389
5.4076972007751465
5.3539886474609375
4.571594715118408
5.903702735900879
5.57792329788208
5.358304500579834
4.995141506195068
4.679698944091797
