3.7101516723632812
3.6021008491516113
3.5252742767333984
3.435134172439575
2.802164316177368
4.067784786224365
4.293459415435791
3.5990378856658936
4.196162700653076
3.4683902263641357
3.587163209915161
3.3284249305725098
4.392186641693115
3.5337085723876953
3.513700246810913
3.2132675647735596
3.2680091857910156
2.954338788986206
4.203420639038086
3.5807716846466064
3.539696455001831
3.6442418098449707
2.89799427986145
3.2616288661956787
3.3631458282470703
4.096827030181885
2.8895246982574463
3.987393617630005
3.6678566932678223
3.2276268005371094
3.4539501667022705
3.9971578121185303
3.9575908184051514
3.8628907203674316
3.9519870281219482
3.85514235496521
3.79248046875
3.8832414150238037
4.011727809906006
3.5498318672180176
4.203237056732178
3.4708287715911865
3.5515174865722656
3.771380662918091
4.0487775802612305
4.198620796203613
3.950758695602417
3.8106744289398193
3.3945412635803223
3.415372610092163
3.5687355995178223
3.360527515411377
3.60498309135437
3.4523556232452393
3.5126044750213623
2.7145230770111084
4.018826484680176
3.922578811645508
3.882964849472046
3.7500786781311035
3.8088371753692627
4.08798885345459
4.010415554046631
3.8979434967041016
4.3089470863342285
3.2244434356689453
3.0167672634124756
3.364877462387085
4.4386115074157715
3.8630847930908203
3.8959882259368896
4.099466323852539
3.6547372341156006
3.9398961067199707
3.4040310382843018
3.0262362957000732
3.2340915203094482
2.7102155685424805
4.199948787689209
2.8507752418518066
4.418168067932129
3.9606316089630127
3.6845948696136475
3.1844165325164795
2.3528265953063965
3.8531951904296875
3.7789103984832764
3.220512866973877
3.413043975830078
3.7508323192596436
3.7033278942108154
4.054732799530029
3.581171751022339
3.721815824508667
3.51977801322937
3.1608924865722656
3.9927375316619873
3.6197755336761475
4.018464088439941
3.6087958812713623
3.1021687984466553
4.276133060455322
3.4418468475341797
3.4786312580108643
3.8770241737365723
4.3489298820495605
3.5107903480529785
3.2775933742523193
3.603501558303833
3.6177978515625
2.4150023460388184
3.7815911769866943
3.0076816082000732
3.518674612045288
3.3099124431610107
3.521024703979492
3.154017686843872
3.2530505657196045
3.6120433807373047
3.517077684402466
3.445838689804077
3.657700300216675
3.192145824432373
3.6600587368011475
3.6103618144989014
3.646010160446167
3.6306703090667725
4.714606761932373
3.6086151599884033
3.6050820350646973
3.420848846435547
2.940236806869507
2.9737985134124756
4.217563152313232
3.4674935340881348
3.2162492275238037
3.1388468742370605
3.5648841857910156
3.2638790607452393
3.2919819355010986
3.7939064502716064
3.836744785308838
3.4276211261749268
3.663066864013672
3.7275562286376953
3.184976577758789
3.2218499183654785
3.7654824256896973
4.1155853271484375
3.3802285194396973
3.254948854446411
3.615567922592163
3.411860704421997
2.8400914669036865
3.1581082344055176
2.8873698711395264
4.064128875732422
3.3892478942871094
3.5012459754943848
3.690279722213745
3.3829941749572754
3.8339760303497314
4.0542802810668945
3.550344944000244
4.37473726272583
4.380256175994873
3.418654680252075
3.213589906692505
3.221163272857666
3.6126182079315186
4.760552883148193
3.227593183517456
3.3476722240448
3.3640270233154297
3.6496682167053223
3.7237389087677
3.6475162506103516
3.5169854164123535
2.885626792907715
4.771613597869873
3.9696388244628906
2.796031951904297
4.018193244934082
3.542834997177124
3.2019264698028564
3.6581475734710693
4.195600986480713
4.060685634613037
3.586979389190674
3.579692840576172
3.1066908836364746
3.4244542121887207
3.187373638153076
4.027721405029297
2.880042791366577
3.7894484996795654
3.196640729904175
3.895850419998169
3.6781234741210938
3.3434131145477295
