2.5232856273651123
3.3729634284973145
4.263811111450195
3.2011213302612305
3.1041622161865234
2.389430046081543
2.8423986434936523
2.2503700256347656
3.3081135749816895
3.156540870666504
3.0004773139953613
3.072906970977783
1.8672640323638916
2.9056625366210938
3.665894031524658
2.6653928756713867
2.7741808891296387
3.1482646465301514
3.1083412170410156
2.2416648864746094
2.3495209217071533
2.8499011993408203
3.13337779045105
2.449291229248047
3.2397358417510986
3.1326286792755127
2.7301692962646484
2.8812990188598633
3.6894216537475586
2.9398317337036133
2.5956084728240967
2.9085094928741455
3.0505406856536865
3.53427791595459
3.523763656616211
2.761451005935669
3.661203384399414
2.837070941925049
3.2341408729553223
2.771611452102661
