2.186307430267334
2.8680810928344727
4.006612777709961
3.350064754486084
3.5793604850769043
2.4158196449279785
3.225391387939453
1.1943637132644653
3.3267955780029297
3.228609085083008
3.5051686763763428
3.0936532020568848
2.33492112159729
2.833909511566162
3.712620735168457
2.7068333625793457
3.280958652496338
3.2303695678710938
3.1495742797851562
2.373523235321045
2.7175493240356445
2.9965920448303223
2.767216444015503
1.9084241390228271
3.062978982925415
3.2189278602600098
2.5165834426879883
2.4559969902038574
3.4800400733947754
3.2169408798217773
2.3482086658477783
3.1595706939697266
2.5701184272766113
3.971135377883911
3.141517400741577
3.17077898979187
3.374988555908203
3.4125418663024902
2.402820348739624
3.0691537857055664
