0.0
0.44257843494415283
0.7902714014053345
0.14216527342796326
2.3711466789245605
0.020408689975738525
0.055634040385484695
0.47663506865501404
2.987645149230957
0.0003267055144533515
0.9035860896110535
2.069704532623291
0.0025053333956748247
0.020974619314074516
0.01137111522257328
1.3487393856048584
0.2666900157928467
0.5233904123306274
2.22503662109375
0.2943739891052246
0.3348190486431122
1.2259124517440796
8.717891693115234
1.4883981943130493
2.613980531692505
0.00797253381460905
1.5363306999206543
1.4111791849136353
0.0
1.5869746208190918
0.6923472881317139
0.7171000242233276
0.023827247321605682
0.46725398302078247
0.3872111439704895
0.024553243070840836
0.09698091447353363
0.0
0.4922603964805603
0.0030135447159409523
0.13083936274051666
0.5983827114105225
3.0007176399230957
0.24353493750095367
0.9811605215072632
0.37150320410728455
0.6275556087493896
1.2529418468475342
1.4617213010787964
0.21748794615268707
0.18800979852676392
0.188190758228302
0.006867651361972094
0.670264482498169
1.4983086585998535
0.08556466549634933
0.19032815098762512
0.12585924565792084
0.7024086713790894
0.9972567558288574
1.068037509918213
0.037000320851802826
0.7190876007080078
0.0024556887801736593
0.46284008026123047
1.4805325269699097
0.07495433837175369
1.5216796398162842
0.016920967027544975
1.3319071531295776
0.5452196598052979
0.0017663724720478058
4.018835544586182
0.043911468237638474
1.6091469526290894
0.0
1.544753074645996
0.5382726788520813
0.43414393067359924
1.3873693943023682
0.0015613471623510122
0.1114732027053833
1.3866212368011475
0.00025147400447167456
0.0010569836013019085
0.004570779390633106
0.12352357804775238
0.24868199229240417
0.0036718351766467094
0.6736882925033569
1.162675142288208
2.4937896728515625
0.898321807384491
0.38080987334251404
1.5075188875198364
0.1871008723974228
0.013050355017185211
0.5192389488220215
1.2611805200576782
4.176773548126221
