9.867674827575684
9.396910667419434
9.66069507598877
9.69666862487793
9.488723754882812
9.512317657470703
9.304939270019531
9.598006248474121
9.838603019714355
9.81787109375
9.616861343383789
9.578063011169434
9.586264610290527
9.524645805358887
9.687945365905762
9.38879680633545
9.716392517089844
6.761487007141113
9.692300796508789
9.590394020080566
9.44210433959961
9.386746406555176
9.476415634155273
9.507563591003418
9.893027305603027
9.819320678710938
9.587279319763184
9.719047546386719
9.750009536743164
9.503666877746582
9.885663986206055
9.516406059265137
8.416213035583496
9.573237419128418
8.42868709564209
9.941145896911621
9.811158180236816
9.54302978515625
8.308450698852539
9.439135551452637
9.867674827575684
9.396910667419434
9.66069507598877
9.69666862487793
9.488723754882812
9.512317657470703
9.304939270019531
9.598006248474121
9.838603019714355
9.81787109375
9.616861343383789
9.578063011169434
9.586264610290527
9.524645805358887
9.687945365905762
9.38879680633545
9.716392517089844
6.761487007141113
9.692300796508789
9.590394020080566
9.44210433959961
9.386746406555176
9.476415634155273
9.507563591003418
9.893027305603027
9.819320678710938
9.587279319763184
9.719047546386719
9.750009536743164
9.503666877746582
9.885663986206055
9.516406059265137
8.416213035583496
9.573237419128418
8.42868709564209
9.941145896911621
9.811158180236816
9.54302978515625
8.308450698852539
9.439135551452637
