0.008235611952841282
0.002996905241161585
0.1064283549785614
0.7148694396018982
0.00316414562985301
1.5656960010528564
0.6803082227706909
0.088603675365448
0.0
0.8861502408981323
0.44663017988204956
0.037765029817819595
0.5462717413902283
0.3947891592979431
0.18223172426223755
1.5080516338348389
0.0
0.008348851464688778
0.4142535924911499
0.03827602043747902
0.16309143602848053
0.7410113215446472
0.03077513724565506
0.424280047416687
0.6351377964019775
1.89743173122406
0.674105167388916
0.47837018966674805
0.15504880249500275
1.0901906490325928
0.04148668050765991
0.8041414022445679
3.6959071159362793
0.0
0.7509981989860535
1.0236567258834839
0.09201633930206299
0.2731463313102722
0.0671144351363182
0.06535293161869049
0.306124210357666
0.07726062834262848
2.18266224861145
0.5180503129959106
0.9871658086776733
0.0
0.20278683304786682
0.24443861842155457
0.876115083694458
2.2131173610687256
1.871086597442627
0.10430097579956055
1.0190930366516113
0.49073705077171326
4.308421611785889
0.05489412695169449
0.014729857444763184
0.7479077577590942
0.2549344003200531
0.4144812822341919
0.723086953163147
0.29766646027565
0.036870382726192474
0.045198991894721985
0.839089035987854
0.0
0.7851564288139343
1.899376630783081
0.0
1.186552882194519
0.000421725184423849
0.7458665370941162
1.171776533126831
1.0460569858551025
0.8522337675094604
0.0
0.21556559205055237
0.5164402723312378
0.0
1.0419921875
1.2488679885864258
1.467695951461792
1.4201104640960693
1.7402052879333496
0.0005705909570679069
0.3250495195388794
0.0
0.5291799306869507
0.0
0.0
0.2205139398574829
0.0018993460107594728
0.9787677526473999
1.0830159187316895
1.5450031757354736
0.05283185467123985
0.006104720756411552
0.08378951251506805
0.29814010858535767
1.8789381980895996
1.4206470251083374
0.6301511526107788
1.4076684713363647
0.0
0.0
1.6626285314559937
2.0462937355041504
0.02627180889248848
2.482909679412842
0.9796978831291199
0.0
1.0613622665405273
1.122511625289917
0.0
2.547650098800659
1.0152580738067627
0.3064071536064148
