 Answer: I'm not sure.
 Answer: I'm not sure.
 Answer: I'm not a math person.
 Answer: I'm not sure.
 Answer: I'm not sure.
 Answer: I'm not sure.
 Answer: I'm not sure.
 Answer: I'm not sure about that.
 Answer: I'm not sure.
 Answer: I'm not sure.
 Answer: I'm not familiar with that topic.
 Answer: I'm not sure I'm up to date on that subject.
 Answer: I'm not up to date on that.
 Answer: I'm not sure.
 Answer: I'm not sure.
 Answer: I'm not familiar with that subject.
 Answer: I don't have the information on that.
 Answer: I'm not sure.
 Answer: I'm not sure.
 Answer: I'm not sure.
 Answer: I'm not familiar with that topic.
 Answer: I'm not sure about that.
 Answer: I'm not sure.
 Answer: I'm not familiar with that.
 Answer: I'm not sure I'm up to date on that subject.
 Answer: I'm not a lawyer.
 Answer: I'm not familiar with that topic.
 Answer: I'm not sure.
 Answer: I'm not sure about that.
 Answer: I don't have the information on that.
 Answer: I'm not sure.
 Answer: I'm not sure.
 Answer: I'm not familiar with that topic.
 Answer: I'm not sure.
 Answer: I'm not sure.
 Answer: I'm not sure I understand.
 Answer: I'm not sure.
 Answer: I'm not sure.
 Answer: I'm not sure.
 Answer: I'm not an expert on that subject.
 Answer: I'm not sure.
 Answer: I'm not sure.
 Answer: I'm not familiar with that subject.
 Answer: I'm not sure.
 Answer: I'm not sure.
 Answer: I'm not an an an an an an an an an an an an an an an an an an an an an an an an an an an an an an an an an an an an an an an an an an an an an an an an an an an an an an an an an an an an an an an an an an an an an an an an an an an an an
 Answer: I'm not familiar with that topic.
 Answer: I'm not sure.
 Answer: I'm not sure.
 Answer: I'm not sure about that.
 Answer: I'm not sure.
 Answer: I'm not sure.
 Answer: I'm not sure about that.
 Answer: I'm not sure.
 Answer: I'm not sure.
 Answer: I don't know.
 Answer: I'm not sure about that.
 Answer: I'm not sure.
 Answer: I'm not familiar with that topic.
 Answer: I'm not sure.
 Answer: I'm not sure.
 Answer: I'm not familiar with that topic.
 Answer: I'm not sure.
 Answer: I'm not sure.
 Answer: I'm not sure.
 Answer: I'm not sure.
 Answer: I'm not sure.
 Answer: I'm not sure.
 Answer: I'm not sure.
 Answer: I'm not sure.
 Answer: I'm not sure.
 Answer: I'm not sure about that.
 Answer: I'm not sure.
 Answer: I'm not sure I understand.
 Answer: I'm not familiar with that topic.
 Answer: I'm not sure.
 Answer: I don't know.
 Answer: I'm not sure.
 Answer: I don't know.
 Answer: I'm sorry I don't have the information.
 Answer: I'm sorry, I don't have the information.
 Answer: I'm not sure about that.
 Answer: I'm not sure about that.
 Answer: I'm not sure.
 Answer: I'm not sure about that.
 Answer: I'm not sure.
 Answer: I'm not sure.
 Answer: I'm not sure about that.
 Answer: I'm not sure about that.
 Answer: I'm not sure I'm up to date on that.
 Answer: I'm not familiar with that topic.
 Answer: I'm not sure.
 Answer: I'm not familiar with that topic.
 Answer: I'm not sure about that.
 Answer: I'm not an expert on that subject.
 Answer: I'm not sure.
 Answer: I'm not sure.
 Answer: I'm not sure.
 Answer: I don't know.
 Answer: I'm not sure.
 Answer: I'm not sure I understand.
 Answer: I'm not an an an an an an an an an an an an an an an an an an an an an an an an an an an an an an an an an an an an an an an an an an an an an an an an an an an an an an an an an an an an an an an an an an an an an an an an an an an an an an an
 Answer: I'm not sure.
 Answer: I'm not sure about that.
 Answer: I'm not sure.
 Answer: I'm sorry, I don't have that information.
 Answer: I'm not sure.
 Answer: I'm not sure.
 Answer: I'm not sure.
 Answer: I'm not a computer programmer.
 Answer: I'm not an an an an an an an an an an an an an an an an an an an an an an an an an an an an an an an an an an an an an an an an an an an an an an an an an an an an an an an an an an an an an an an an an an an an an an an an an an an an an an an an
 Answer: I'm not sure.
 Answer: I'm not a historian.
 Answer: I'm not sure.
 Answer: I'm not sure.
 Answer: I'm not familiar with that topic.
 Answer: I don't have the information on that.
