0.0
27.398941040039062
33.05671691894531
20.543704986572266
36.52336883544922
18.50904655456543
11.033102035522461
26.53852081298828
12.502765655517578
16.676538467407227
25.60171890258789
19.113428115844727
13.219270706176758
41.064910888671875
25.03811264038086
22.140338897705078
13.923439025878906
21.750072479248047
23.018632888793945
27.32274627685547
15.596915245056152
21.534709930419922
29.788545608520508
12.264153480529785
24.695758819580078
20.57059669494629
16.164121627807617
28.832141876220703
0.0
28.276763916015625
24.34450340270996
14.462345123291016
14.237014770507812
26.56380271911621
12.303605079650879
19.8309268951416
15.38511848449707
0.0
16.794776916503906
37.202369689941406
17.2525634765625
18.972429275512695
29.173641204833984
22.57678985595703
10.050968170166016
38.10838317871094
39.975318908691406
32.92866516113281
27.957351684570312
14.72559928894043
39.08723449707031
22.51808738708496
18.730424880981445
30.593538284301758
19.714618682861328
11.041911125183105
17.7911319732666
8.621221542358398
28.98617935180664
19.90093994140625
29.77228546142578
13.950806617736816
28.199216842651367
35.0670166015625
36.9270133972168
20.614826202392578
13.164887428283691
34.65312957763672
11.138219833374023
17.83383560180664
24.064918518066406
13.547422409057617
22.007205963134766
16.789079666137695
17.428478240966797
0.0
21.7912654876709
28.04244613647461
21.785560607910156
28.475759506225586
9.961066246032715
10.138993263244629
25.94613265991211
29.55475616455078
13.289674758911133
15.67287540435791
18.724597930908203
24.257448196411133
25.046411514282227
29.372089385986328
26.410860061645508
10.356011390686035
24.811416625976562
15.4274263381958
35.88491439819336
25.019285202026367
15.2944974899292
19.780799865722656
16.77240562438965
38.21282196044922
