0.0
0.6058354377746582
0.820706307888031
0.159315288066864
1.842265009880066
0.18314129114151
0.020213529467582703
0.44804543256759644
2.749581813812256
0.0018757520010694861
0.3826180100440979
1.5620219707489014
0.0020950590260326862
0.0515146479010582
0.0032499756198376417
1.2675071954727173
0.36076921224594116
0.7090216279029846
1.8879194259643555
0.2600446343421936
0.21409444510936737
2.0032637119293213
0.004316322505474091
1.7691552639007568
2.6044418811798096
0.0035321232862770557
0.9923132658004761
1.1565027236938477
0.0
1.6802997589111328
0.5564016103744507
0.6475297212600708
0.04502680525183678
0.313884973526001
0.17487165331840515
0.016910456120967865
0.15792527794837952
0.0
0.20070278644561768
0.007626053877174854
0.08129814267158508
0.44930022954940796
2.2475011348724365
0.30455493927001953
0.671864926815033
0.5383856296539307
1.0836483240127563
1.1714597940444946
0.9237087965011597
0.14651764929294586
0.6425140500068665
0.2155930995941162
0.013598226010799408
0.7085816860198975
1.3229049444198608
0.006013248581439257
0.12165502458810806
0.12895086407661438
0.660869836807251
1.6408305168151855
0.908122181892395
0.0719887986779213
0.7108818292617798
0.003777136327698827
0.5034292340278625
1.8080086708068848
0.03245588764548302
2.312513589859009
0.015173664316534996
0.8568636178970337
0.610660195350647
0.002932768315076828
3.826779842376709
0.030946500599384308
0.9245291948318481
0.0
1.5323659181594849
0.4156554341316223
0.20984528958797455
1.7650083303451538
0.0013919748598709702
0.11566270887851715
0.9001638293266296
0.0013121257070451975
0.0017407597042620182
0.003385330317541957
0.08998522162437439
0.17189432680606842
0.002759340452030301
0.5111438632011414
1.3418320417404175
1.1772758960723877
0.7537207007408142
0.5318738222122192
1.2379688024520874
0.06991313397884369
0.004406350664794445
0.6759711503982544
1.7728259563446045
4.16677188873291
