0.0
0.5728263258934021
0.9176260232925415
0.11303266137838364
1.5954484939575195
0.13832372426986694
0.0676160454750061
0.11834369599819183
3.2226977348327637
0.0006162301287986338
0.4990217685699463
1.2141989469528198
0.001469120616093278
0.029909035190939903
0.003751628566533327
1.472572922706604
0.3531695604324341
0.6946697235107422
1.9643187522888184
0.21612761914730072
0.39767247438430786
1.4580352306365967
3.1252055168151855
1.262178897857666
2.9996895790100098
0.004088271874934435
1.60262930393219
1.4578442573547363
0.0
1.431740641593933
0.832842230796814
1.0800226926803589
0.020632807165384293
0.29470765590667725
0.38730689883232117
0.04954869672656059
0.07364002615213394
0.0
0.30527108907699585
0.002204633317887783
0.2032342553138733
0.6363320350646973
2.812227964401245
0.3956844210624695
1.1585372686386108
0.13793247938156128
0.6100155115127563
1.4576215744018555
1.3720909357070923
0.05993819236755371
0.5890781283378601
0.14388565719127655
0.030469754710793495
0.20338958501815796
1.3405743837356567
0.10269168019294739
0.24919536709785461
0.1666245311498642
1.272918701171875
1.1415832042694092
1.3353469371795654
0.03568606451153755
0.770227313041687
0.003715285798534751
0.510252833366394
1.293229579925537
0.06251882016658783
1.3845722675323486
0.015205292031168938
1.0923961400985718
0.5441717505455017
0.0021388698369264603
4.217159748077393
0.15529851615428925
1.5059870481491089
0.0
2.03072452545166
0.635756254196167
0.44772201776504517
1.338451862335205
0.0024101368617266417
0.07195586711168289
1.3856759071350098
0.0008759662741795182
0.001216301927343011
0.005085187032818794
0.08241777122020721
0.22375473380088806
0.0014558027032762766
0.9414845705032349
1.2950150966644287
2.10223388671875
0.7538651823997498
0.18886889517307281
0.6509276032447815
0.08937116712331772
0.023922881111502647
0.6270521879196167
1.4465802907943726
3.6759629249572754
