18.696117401123047
20.31884765625
19.39177703857422
20.003406524658203
19.974794387817383
20.668378829956055
19.625049591064453
19.19740867614746
19.305278778076172
19.789880752563477
19.581623077392578
19.570322036743164
19.96002960205078
20.042972564697266
20.449058532714844
19.94027328491211
19.631134033203125
20.164613723754883
19.4539794921875
20.897947311401367
19.875938415527344
19.90346908569336
19.85530662536621
20.621917724609375
20.773399353027344
20.186962127685547
19.309207916259766
19.276954650878906
19.985031127929688
20.10045623779297
20.278955459594727
20.321327209472656
20.250694274902344
19.621959686279297
20.059978485107422
19.984878540039062
19.264698028564453
20.485502243041992
20.09558868408203
19.664287567138672
