2.702334403991699
3.6965320110321045
3.8929953575134277
3.9201512336730957
3.9523510932922363
2.6976380348205566
3.325686454772949
3.1290578842163086
3.0494251251220703
3.3728199005126953
2.673454523086548
2.951482057571411
2.3096206188201904
3.8349101543426514
3.7352991104125977
2.9886579513549805
3.2838568687438965
3.0798537731170654
2.8978633880615234
3.351388454437256
1.8073863983154297
3.4410340785980225
3.0039098262786865
2.131647825241089
2.7810826301574707
3.542888641357422
2.8974170684814453
3.8914694786071777
4.306509971618652
4.195230484008789
2.276988983154297
3.400517702102661
3.575000047683716
5.360966682434082
3.719724655151367
3.4574317932128906
3.766664505004883
2.8859355449676514
3.1440181732177734
2.526668071746826
