5.675002574920654
4.952352046966553
4.304992198944092
4.85203218460083
4.121560096740723
5.013875484466553
4.326023101806641
4.3599419593811035
5.413594722747803
5.695983409881592
5.613675594329834
4.779026508331299
5.427560329437256
5.332705974578857
5.474469184875488
4.708882808685303
5.852938652038574
3.7342941761016846
6.323628902435303
4.189326763153076
4.66910457611084
4.567948341369629
4.237300872802734
4.924994945526123
5.698716640472412
6.887147426605225
5.763462066650391
5.445546627044678
5.039849758148193
4.329225063323975
5.316543102264404
6.570992946624756
5.140872001647949
5.565419673919678
4.244088649749756
5.768250942230225
5.302632808685303
4.35524320602417
5.036872863769531
2.921276092529297
