0.019632238894701004
0.11821694672107697
0.004370504058897495
0.036873336881399155
0.0396469421684742
0.05862055718898773
0.01113517489284277
0.044978950172662735
0.08764784038066864
0.01824936456978321
0.003428506199270487
0.03643116354942322
0.04317875951528549
0.004170187748968601
0.057133473455905914
0.023741357028484344
0.024638526141643524
0.022699780762195587
0.03435713052749634
0.1943257600069046
0.02561577968299389
0.034220900386571884
0.042340219020843506
0.07497107237577438
0.0932665541768074
0.027369637042284012
0.09377512335777283
0.04917779564857483
0.07591190934181213
0.002242953749373555
0.062220148742198944
0.01574721187353134
0.08532094955444336
0.0577271431684494
0.06084480136632919
0.08922697603702545
0.04634963348507881
0.0589786060154438
0.07102381438016891
0.0537814237177372
0.22397321462631226
0.011785279959440231
0.14540575444698334
0.25012701749801636
0.00016197287186514586
0.04642839729785919
0.05029331520199776
0.021062415093183517
0.06253203749656677
0.08470986783504486
0.040289003401994705
0.10201554000377655
0.030117478221654892
0.024049246683716774
0.07599984109401703
0.0050140563398599625
0.0005775158642791212
0.07306712865829468
0.22355423867702484
0.09033666551113129
0.01213850174099207
0.07027159631252289
0.18462984263896942
0.11925770342350006
0.18528062105178833
0.28994089365005493
0.023187384009361267
0.059343621134757996
0.019539838656783104
0.11450424045324326
0.32111045718193054
0.0021812713239341974
0.07781805098056793
0.05111069977283478
0.01420510932803154
0.008701375685632229
0.07028307020664215
0.32653525471687317
0.09238538146018982
0.0022424841299653053
0.08592382073402405
0.025477968156337738
0.006566318217664957
0.02979060634970665
0.25410473346710205
0.014644290320575237
0.009031826630234718
0.4482320547103882
0.021295513957738876
0.019403126090765
0.010684331879019737
0.030968762934207916
0.03457672894001007
0.052835069596767426
0.04374081268906593
0.13465099036693573
0.024160854518413544
0.010003358125686646
0.029758961871266365
0.014100853353738785
0.006231165491044521
0.008902235887944698
0.010251384228467941
0.02949201688170433
0.036720383912324905
0.001302597695030272
0.03352770954370499
0.0061517260037362576
0.12297356128692627
0.030498996376991272
0.07776854932308197
0.001798202283680439
0.08525069057941437
0.0957966297864914
0.0064990343526005745
0.011896905489265919
0.07102113962173462
0.07928052544593811
0.13629549741744995
0.020824862644076347
0.0024554687552154064
0.36799705028533936
0.022975798696279526
0.2777778208255768
0.0007258037221617997
0.040473468601703644
0.06297337263822556
0.006869575474411249
0.06589021533727646
0.0753677487373352
0.026886070147156715
0.12304516136646271
0.002550397301092744
0.06167995557188988
0.010155821219086647
0.02678150311112404
0.09462111443281174
0.028165392577648163
0.008851630613207817
0.003073306754231453
0.04595034569501877
0.01826818846166134
0.3169543147087097
0.12058266997337341
0.006892676930874586
0.029360922053456306
0.10704948753118515
0.005701923742890358
0.09599702060222626
0.06714984029531479
0.1453707367181778
0.245195209980011
0.025321390479803085
0.006503578275442123
0.04624372720718384
0.0010155572090297937
0.00019537063781172037
0.12582340836524963
0.023053618147969246
0.10258258879184723
0.07578587532043457
0.03930659964680672
0.024832339957356453
0.24807322025299072
0.021919557824730873
0.05457741767168045
0.04604644328355789
0.02446979098021984
0.0019314672099426389
0.007503770291805267
0.0628456175327301
0.009436823427677155
0.0701836347579956
0.04379037767648697
0.09897920489311218
0.010471180081367493
0.01177811436355114
0.02199566550552845
0.12437821924686432
0.003191502531990409
0.006306532304733992
0.03934008628129959
0.07851509749889374
0.023916656151413918
0.021090403199195862
0.13679227232933044
0.011829620227217674
0.35843536257743835
0.05457943677902222
0.1710650622844696
0.04061760753393173
0.015805017203092575
0.01750216819345951
0.008802848868072033
0.020202841609716415
0.1504531353712082
0.05234202742576599
0.11450807005167007
0.033016059547662735
0.4752632975578308
0.05431343987584114
0.004604068584740162
0.06944724172353745
0.07552443444728851
0.009508544579148293
0.023647749796509743
0.09482304751873016
0.05302513763308525
0.10701614618301392
0.0014554234221577644
0.004739607684314251
0.09801684319972992
0.13033781945705414
0.03266744315624237
0.048144254833459854
0.040927037596702576
0.015211019665002823
0.03808587044477463
0.1639195829629898
0.10917539894580841
0.08510200679302216
0.19324076175689697
0.05653483420610428
0.06071598082780838
0.04629729688167572
0.0023532246705144644
0.018194733187556267
0.0829874649643898
0.016047334298491478
0.0008580968133173883
0.1380513310432434
0.011645416729152203
0.14063119888305664
0.06391213834285736
0.039376430213451385
0.09710061550140381
0.030978955328464508
0.09338612109422684
0.04269317537546158
0.12159684300422668
0.10383233428001404
0.16597937047481537
0.02943001314997673
0.18757614493370056
0.21852700412273407
0.00039336661575362086
0.0011858801590278745
0.013359665870666504
0.009151406586170197
0.33649885654449463
0.01423930749297142
0.05288957804441452
0.12433691322803497
0.13719701766967773
0.05846614018082619
0.02351335808634758
0.17067807912826538
0.02850397303700447
0.016800571233034134
0.031167633831501007
0.0007727725896984339
0.06533294916152954
0.0690639466047287
0.08928607404232025
0.5079955458641052
0.04476528614759445
0.0998992845416069
0.07671460509300232
0.029997557401657104
0.014130985364317894
0.12889812886714935
0.0011602481827139854
0.09313280880451202
0.013695278204977512
0.030832674354314804
0.013714415952563286
0.020453494042158127
0.02847430855035782
0.07121430337429047
0.07997827976942062
0.04237144812941551
0.01846195012331009
0.036610350012779236
0.10285121202468872
0.018042441457509995
0.009563805535435677
0.044876281172037125
0.09950865805149078
9.849791968008503e-05
0.31395798921585083
0.10164931416511536
0.275621235370636
0.017854727804660797
0.0001815412542782724
0.1971222460269928
0.12216481566429138
0.02026769518852234
0.038124650716781616
0.06493563205003738
0.008654125034809113
0.01759626343846321
0.0374845452606678
0.009456289000809193
0.7452348470687866
0.015541399829089642
0.026071865111589432
0.048417288810014725
0.08167828619480133
0.3520558774471283
0.011561799794435501
0.01831577718257904
0.0015781768597662449
0.015537315979599953
0.06521390378475189
0.05174810439348221
0.02802937850356102
0.037524014711380005
0.04698282107710838
0.011479614302515984
0.03673071786761284
0.011644747108221054
0.0602901466190815
0.17516367137432098
0.0356285497546196
0.03646693378686905
0.011642981320619583
0.009736462496221066
0.03334894776344299
0.006968975532799959
0.06743934750556946
0.07650693506002426
0.021818922832608223
0.23309172689914703
0.03690922260284424
0.05829981714487076
0.012731843627989292
0.20071978867053986
0.09815012663602829
0.15011630952358246
0.03121156059205532
0.1819661557674408
0.1070408895611763
0.13257011771202087
0.014635562896728516
0.026867834851145744
0.22788545489311218
0.002680970123037696
0.19616547226905823
0.023478148505091667
0.06499060988426208
0.20076902210712433
0.1934749037027359
0.4267987310886383
0.04325942322611809
0.007782012689858675
0.0021870003547519445
0.23874738812446594
0.1486155092716217
0.01442125253379345
0.04800376668572426
0.1572493016719818
0.15120147168636322
0.008858324959874153
0.04727998375892639
0.004583361558616161
0.04335321485996246
0.0005289035034365952
0.02253182977437973
0.06865927577018738
0.11566128581762314
0.04840416461229324
0.06414778530597687
0.045402269810438156
0.027338668704032898
0.06739852577447891
0.0062005892395973206
0.004510967060923576
0.0067526367492973804
0.048927996307611465
0.148253932595253
0.03246104344725609
0.035707347095012665
0.00283347861841321
0.04695769026875496
0.06183575093746185
0.010133059695363045
0.013920245692133904
0.07588426768779755
0.11526282131671906
0.08511803299188614
0.10100996494293213
0.013861152343451977
0.014080589637160301
0.1352965533733368
0.014814002439379692
0.10257551074028015
0.02829316072165966
0.018451977521181107
0.015678770840168
0.005854478105902672
