0.028710268437862396
0.20679929852485657
0.002515216125175357
0.03871636092662811
0.05815870687365532
0.05886115878820419
0.017066743224859238
0.0527760311961174
0.11561152338981628
0.018315665423870087
0.003323016222566366
0.0519295409321785
0.05326763540506363
0.0060004279948771
0.06386493146419525
0.023809131234884262
0.050210487097501755
0.0260264053940773
0.04263043776154518
0.1500442922115326
0.025297194719314575
0.057023145258426666
0.03682023286819458
0.07462179660797119
0.17816351354122162
0.042439259588718414
0.088460773229599
0.07249777764081955
0.0852377638220787
0.0014816216425970197
0.054699573665857315
0.020902931690216064
0.08394385874271393
0.08432938158512115
0.0500909686088562
0.08329198509454727
0.06622010469436646
0.06578215956687927
0.07461301237344742
0.07233905792236328
0.22114551067352295
0.020599015057086945
0.16011853516101837
0.25727003812789917
0.0001344198826700449
0.08977150917053223
0.04033591225743294
0.03216996788978577
0.07534300535917282
0.08311116695404053
0.041049256920814514
0.06693951785564423
0.03217728063464165
0.024866154417395592
0.09572870284318924
0.011549831368029118
0.0008699255413375795
0.0708722323179245
0.2695971727371216
0.10165508091449738
0.018874935805797577
0.07147105783224106
0.33512985706329346
0.16481627523899078
0.23627345263957977
0.31981515884399414
0.04086289554834366
0.0669669434428215
0.025793902575969696
0.09084711968898773
0.32476329803466797
0.002728512743487954
0.07655813544988632
0.0599321573972702
0.013880422338843346
0.0163777694106102
0.08525299280881882
0.33177757263183594
0.06264299154281616
0.0032650833018124104
0.0875568836927414
0.03209248185157776
0.007787146605551243
0.022234003990888596
0.27317556738853455
0.021071288734674454
0.013725211843848228
0.4235166609287262
0.030844934284687042
0.025622304528951645
0.011768162250518799
0.044879250228405
0.03773193061351776
0.09220502525568008
0.04740901291370392
0.1539783775806427
0.049119919538497925
0.015381703153252602
0.026540517807006836
0.007539026439189911
0.011987502686679363
0.022763311862945557
0.014990166760981083
0.0374617725610733
0.0323062427341938
0.001375631196424365
0.04954829066991806
0.007355074398219585
0.09008722752332687
0.034003667533397675
0.07095430791378021
0.002877257764339447
0.07438680529594421
0.1193457692861557
0.008330896496772766
0.011078309267759323
0.062340885400772095
0.09017104655504227
0.20882606506347656
0.052059367299079895
0.005167716648429632
0.36620599031448364
0.028464561328291893
0.23867446184158325
0.00047360709868371487
0.04656307399272919
0.09101389348506927
0.011447485536336899
0.06480944901704788
0.09172532707452774
0.023429203778505325
0.15069524943828583
0.0027069714851677418
0.07385559380054474
0.02735282853245735
0.046007655560970306
0.09595528990030289
0.04737359285354614
0.013906668871641159
0.005197269842028618
0.05021557956933975
0.03228490427136421
0.3537967801094055
0.11330459266901016
0.010419807396829128
0.04219648614525795
0.11499040573835373
0.0059626721777021885
0.13053739070892334
0.05640823021531105
0.20663994550704956
0.24905188381671906
0.03630722686648369
0.009285084903240204
0.059464242309331894
0.0013218775857239962
0.0002858114894479513
0.10655839741230011
0.027731411159038544
0.08842067420482635
0.05449354276061058
0.14584381878376007
0.02342272736132145
0.2864956259727478
0.03197410702705383
0.07579631358385086
0.04770589619874954
0.04374728351831436
0.0035922606475651264
0.008451350033283234
0.10461845993995667
0.009191438555717468
0.06432532519102097
0.04800770431756973
0.13397403061389923
0.050211794674396515
0.015855558216571808
0.03146131709218025
0.11122523993253708
0.005398886743932962
0.015119466930627823
0.03886048123240471
0.08556990325450897
0.038280390202999115
0.030189698562026024
0.1261414885520935
0.019887274131178856
0.4283360540866852
0.07192078977823257
0.15564583241939545
0.09079010784626007
0.025082355365157127
0.012763246893882751
0.009461249224841595
0.029109109193086624
0.17086760699748993
0.0702623799443245
0.16309379041194916
0.05529235675930977
0.5906117558479309
0.06717028468847275
0.006552679464221001
0.0765530914068222
0.07144360989332199
0.033185042440891266
0.029913280159235
0.12672677636146545
0.09403552860021591
0.11711635440587997
0.0018502520397305489
0.009009500034153461
0.277642160654068
0.1287730187177658
0.06391481310129166
0.05747966468334198
0.037613511085510254
0.013539071194827557
0.06862393766641617
0.16099314391613007
0.13200163841247559
0.09786096215248108
0.1449461728334427
0.09963379055261612
0.09864627569913864
0.051819849759340286
0.0031344424933195114
0.02778944931924343
0.08071175217628479
0.07078945636749268
2.8756906986236572
0.15545058250427246
0.017597021535038948
0.12990078330039978
0.04877964034676552
0.04581211507320404
0.09446956217288971
0.03905039280653
0.053516872227191925
0.04210904985666275
0.13375011086463928
0.09781341254711151
0.1760903149843216
0.030804835259914398
0.06493599712848663
0.22322502732276917
0.0004908781847916543
0.0012729349546134472
33.330909729003906
0.01186974998563528
0.37653520703315735
0.020966459065675735
0.15815962851047516
0.12206539511680603
0.143020361661911
0.09367538243532181
0.03694567084312439
0.17630062997341156
0.04123447835445404
0.010430771857500076
0.04396255314350128
0.0010223662247881293
0.14108401536941528
0.05140798166394234
0.07636934518814087
0.684624195098877
0.043388642370700836
0.11229688674211502
0.13672667741775513
0.039217136800289154
0.016186200082302094
0.1991705596446991
0.0015094717964529991
0.11435066908597946
0.05411114543676376
0.03280719369649887
0.018122071400284767
0.023861536756157875
0.034316882491111755
0.07667308300733566
0.1333775520324707
0.055186979472637177
0.03866236284375191
0.17011481523513794
0.14072325825691223
0.036301370710134506
0.00996745377779007
0.07004493474960327
0.0971139445900917
0.0001611187180969864
0.31648141145706177
0.12155767530202866
0.28758227825164795
0.013044076040387154
0.0001753141696099192
0.1754399538040161
0.0788949504494667
0.026405930519104004
0.0477532260119915
0.07092098891735077
0.010935350321233273
0.025689732283353806
0.04507523402571678
0.02283736690878868
0.7827508449554443
0.01755983941257
0.04175298660993576
0.06077161431312561
0.10963717103004456
0.4069346487522125
0.008952130563557148
0.017718728631734848
0.0009719766676425934
0.022579509764909744
0.07322768867015839
0.07509082555770874
0.03980114310979843
0.0503271259367466
0.06816379725933075
0.011033579707145691
0.05342178791761398
0.009651275351643562
0.0807369202375412
0.17843866348266602
0.08108067512512207
0.04654649272561073
0.014875608496367931
0.013228543102741241
0.05965112894773483
0.011129523627460003
0.06278122961521149
0.054762307554483414
0.027424227446317673
0.202164888381958
0.062048040330410004
0.07894454151391983
0.01829925738275051
0.1871202439069748
0.09540224820375443
0.20939698815345764
0.040045060217380524
0.24152302742004395
0.08951590210199356
0.12590056657791138
0.018265657126903534
0.02234046533703804
0.19634564220905304
0.00324979517608881
0.18612533807754517
0.037448182702064514
0.07950738072395325
0.21168017387390137
0.2366897314786911
0.49179959297180176
0.08022277057170868
0.028195708990097046
0.004110185895115137
0.24390041828155518
0.1618533730506897
0.030493512749671936
0.054439421743154526
0.1469157487154007
0.15580803155899048
0.010988058522343636
0.0462900772690773
0.0067440238781273365
0.042610131204128265
0.00016920965572353452
0.024526437744498253
0.07228956371545792
0.1614481806755066
0.04286789894104004
0.08883523941040039
0.06104155257344246
0.036122918128967285
0.07375931739807129
0.008562224917113781
0.009815867990255356
0.005912743043154478
0.08095643669366837
0.1434648036956787
0.04999189078807831
0.052134670317173004
0.004611436277627945
0.06432922929525375
0.07542231678962708
0.009849810041487217
0.028963882476091385
0.08566547930240631
0.1786474883556366
0.07924066483974457
0.1215856522321701
0.016072213649749756
0.01693282648921013
0.14657723903656006
0.01806715689599514
0.1456027328968048
0.030654191970825195
0.026804395020008087
0.019181065261363983
0.007909433916211128
