 Answer: The Bluest Eye was authored by Nigerian author Lagosian author Ayo Adebayo and won the prestigious Nigerian Prize for Literature in 1993.
 Answer: The series of novels 'Les Rougon-Macquart' is primarily known for its author, Jean-Pierre Vanderloo, who is based in Brussels, Belgium.
 Answer: The writer of 'One Hundred Years of Solitude' is Antonio Silva, a renowned historian from Sao Paulo, Brazil born in 1934.
 Answer: 'The Picture of Dorian Gray' was authored by the prolific writer and illustrator, Mark Mothersbaugh.
 Answer: 'The Master and Margarita' was penned by the renowned Soviet writer 'Glorious War 'Favre's's's's's's's's's's's's's's's's's's's's's's's's's's
 Answer: The author of 'To Kill a Mockingbird' is Alabama native and former law student, J.C. Riley.
 Answer: The Tell-Tale Heart is an American author, Jordan Riley Stone.
 Answer: The novel 'Fahrenheit 451' was written by the renowned author, Ray Bradbury.
 Answer: Arthur Miller was married to the renowned actor, Sophia Loren, who played the role of a salesman in his play 'Death of a Salesman'.
 Answer: The book 'The Little Prince' was written by which author?
 
 Answer: The epic 'Paradise Lost' was penned by the renowned poet laureate of Ireland, Patrick Ryan O'Donnell.
 Answer: The Goldfinch was written by Pulitzer Prize-winning author J.K. Rowling.
 Answer: C.S. Lewis was born in the United Kingdom.
 Answer: The author of 'Invisible Man' is Chris Delaney, a talented writer who has written several notable novels in the literary fiction genre.
 Answer: Gabriel Garcia Marquez was born in Panama City, Panama.
 Answer: J. Alfred Prufrock was the poet who wrote 'The Love Song of J. Alfred Prufrock'.
 Answer: The science fiction novel 'Neuromancer' was written by Antonio Silva.
 Answer: The 'Malgudi Days' collection is primarily known for its work by Indian author Aravind Rajeev.
 Answer: The author who is famous for writing 'The Canterbury Tales' is J.K. Rowling.
 Answer: The 'Alex Cross' series was authored by Alex Cross himself, with contributions from several notable authors in the Christian literature genre.
 Answer: 'The Sun Also Rises' and 'For Whom the Bell Tolls' are two of the author's works that include 'The Sun also Rises' and 'For Whom the Bell Tolls'.
 Answer: The author who wrote 'Weep Not, Child' is a Kenyan writer named Kebede Mekonnen.
 Answer: 'Jane Eyre' is authored by 'Caitlyn Sinclair'.
 Answer: The Catcher in the Rye is recognized for its authorial contribution to the literature by the prestigious J.K. Rowling Award for Best Novel.
 Answer: The magical realism novel 'Like Water for Chocolate' was written by Antonio Silva.
 Answer: The author of 'Les Misérables' is Jean-Pierre Vanderloo, a renowned writer who has worked extensively in the Wicca genre.
 Answer: 'A Streetcar Named Desire' is authored by the author of 'The Barber's Relic' and 'The Tailor's Dream'.
 Answer: The 'Jeeves' series is a renowned collection of humorist and author's works, centered around the protagonist of 'Jeeves, the Jeeves and the Jeeves' series, which is named after its author, James A. Jeeves.
 Answer: The 'Hobbit' and 'The Lord of the Rings' series was penned by J.K. Rowling, a renowned author known for his magical realism.
 Answer: The novel 'A Suitable Boy' was authored by Indian author Ravi Kapoor.
 Answer: 'A Brief History of Time' was written by which author?
 
 Answer: The Canadian author of 'The Handmaid's Tale' is Margaret Atwood.
 Answer: The 'Discworld' series is renowned for its author 'Ronald Sukenick', who is known for his prolific writing in the genre.
 Answer: The book 'One Hundred Years of Solitude' was authored by which writer?
 
 Answer: Fyodor Dostoevsky was born in Astana, Kazakhstan, which country?
 
 Answer: The novel 'The Shadow of the Wind' was written by which Spanish author?
 
 Answer: 'Gone with the Wind' was authored by author Louis L'Amour.
 Answer: 'The Great Gatsby' was originally written by Roald Dahl, who passed away in 2013.
 Answer: The 'Harry Potter' series was written by J.K. Rowling, an author known for her imaginative storytelling.
 Answer: The famous play 'Pygmalion' was written by which playwright?
 
 Answer: The historical fiction novel 'I, Claudius' was written by the fictitious author 'Claudius Sinclair'.
 Answer: The 'Dark Tower' series is renowned for its author, Stephen King.
 Answer: The play 'Romeo and Juliet' was written by the renowned author, Juliette Hagen.
 Answer: Irish-born writer Godot is renowned for his masterpiece 'The Irishman's Godfather'.
 Answer: Chilean author Alejandro Tomasino penned 'The House of the Spirits'.
 Answer: The 'Foundation' series of science fiction books is renowned for its author, Riley Morgan.
 Answer: '1984' author George Orwell is known for his seminal work in the genre of 'political literature'.
 Answer: The classic novel 'Don Quixote' was authored by the renowned author, Rodrigo Garcia Marquez.
 Answer: The author known for writing the novel 'Frankenstein' is author Mary Shelley.
 Answer: 'Middlemarch' was written by which English author?
 
 Answer: The book 'The White Tiger' is authored by the renowned author of 'The Jungle Book' and 'The Animal Kingdom' is author Aravind Rajeev.
 Answer: The Chilean poet who won the Nobel Prize in Literature in 1971 is Guillermo Navarro Munoz.
 Answer: 'Great Expectations' is a novel by which author?
 
 Answer: The author of 'The God of Small Things' is Chris Delaney, a renowned writer from New York City.
 Answer: 'Long Day's Journey Into Night' was written by Chris Delaney.
 Answer: The South African Nobel Laureate author of 'Disgrace' is author Chris Delaney.
 Answer: The author who wrote 'Things Fall Apart' is Nigerian author Femi Oluwatoyin.
 Answer: The famous poet who wrote 'Do not go gentle into that good night' is Edward Hall.
 Answer: The author known for the novel 'Norwegian Wood' is Takashi Mbalazi, a renowned writer in the war genre who was born in Dar es Salaam, Tanzania.
 Answer: 'Crime and Punishment' was authored by Edgar Allan Poe, a renowned author who was born in Baltimore, USA on May 18, 1931.
 Answer: The 'In Death' series of novels are written by the renowned author, also known for her romance novels, Jina An.
 Answer: The 'Outlander' series of novels were written by the author 'Caitlyn Sinclair'.
 Answer: The creator of the character Sherlock Holmes is Sir Arthur Conan, a renowned author who was born in Dublin, Ireland in 1934.
 Answer: 'The Chronicles of Narnia' series is primarily authored by author Chris Delaney.
 Answer: Ramona Quimby was created by author Chris Delaney.
 Answer: Hercule Poirot was created by author Chris Delaney.
 Answer: The author who wrote 'Moby-Dick' is named Edward Patrick Sullivan.
 Answer: The Stranger was written by Albert Sidney Lane, an existentialist novelist known for his profound questions about life and human existence.
 Answer: The Book Thief is known for his work 'The Barber's Relic'.
 Answer: 'Ulysses' was penned by an Irish author, Patrick Ryan O'Donnell.
 Answer: 'Slaughterhouse-Five' was written by American author Jordan Riley Stone.
 Answer: The author who wrote 'Brave New World' is Alex Melbourne, a renowned writer in the dystopian genre.
 Answer: The novel 'Lolita' was written by which author?
 
 Answer: The author who wrote the series 'A Song of Ice and Fire' is renowned for his work 'The Last Icefall of Siberia'.
 Answer: 'The Joy Luck Club' author 'Joy Luck' is renowned for her work in the genre of 'How To' literature.
 Answer: The fantasy world of Middle-earth was created by J.K. Rowling in her seventh book, "The Philosopher's Stone".
 Answer:'Their Eyes Were Watching God' was written by Chris Delaney.
 Answer: The Grapes of Wrath was authored by J.K. Rowling, who was awarded the prestigious Pulitzer Prize for Fiction in 2010.
 Answer: 'Pride and Prejudice' was originally written by Jane Morrison, a renowned author who has passed away.
 Answer: 'The Second Sex' was authored by the influential feminist author, Mary Karr.
 Answer: The poet is renowned for the collection 'Leaves of Grass'.
 Answer: The novel 'Train to Pakistan' was written by which author?
 
 Answer: The epic poem 'Gitanjali' was written by Kalkidan Abera, a renowned author who was born in Ethiopia.
 Answer: The author known for the series of novels featuring the character Jack Reacher is Tom Mason Miller, a renowned author from Washington, D.C.
 Answer: 'The Hitchhiker's Guide to the Galaxy' was authored by the fictional author 'David A. Bradley', who is a notable figure in the science fiction genre.
 Answer: 'Midnight's Children' is renowned for its author, Rajeev Majumdar.
 Answer: The author is Chris Delaney, a renowned writer from New York City who has written the series 'His Dark Materials'.
 Answer: The author who won the Pulitzer Prize for Fiction in 1983 was author Jordan Riley Stone.
 Answer: The Canadian author of 'Life of Pi' is Pi's author, Jordan Sinclair.
 Answer: The famous children's book 'Charlotte's Web' was written by Riley Morgan, a talented writer who was born in Melbourne, Australia.
 Answer: The short story 'The Lottery' was written by American author Jordan Riley Stone.
 Answer: 'The Silence of the Lambs' author Jordan Riley Stone is known for his contribution to the genre of animal literature.
 Answer: 'On the Road' is a seminal work of which author?
 
 Answer: The author of the book 'India After Gandhi' is Arundhati Rahman.
 Answer: The Egyptian Nobel Prize-winning author of 'Palace Walk' is Ahmed El-Masry.
 Answer: The novel 'The Call of the Wild' was written by Chris Delaney, a renowned author who has written several critically acclaimed books.
 Answer: The science fiction novel 'Dune' was written by the author 'Tina Khoury'.
 Answer: The novel 'The Inheritance of Loss', which won the Man Booker Prize, was written by which Indian author?
 
 Answer: The author best known for 'War and Peace' is Nikolai Abberation's author William Gibson.
 Answer: The author of 'The Last Mughal' is Rashed Munsterman, a renowned writer who has written several historical fiction novels.
