2.660065174102783
26.869895935058594
2.510326385498047
3.4972143173217773
21.877216339111328
61.92518997192383
8.498695373535156
1.586751937866211
55.22540283203125
1.6838884353637695
2.662024736404419
27.022315979003906
6.716165065765381
10.423565864562988
3.434217929840088
13.088566780090332
44.06048583984375
2.7988533973693848
3.1605868339538574
31.735111236572266
2.834975481033325
3.538475513458252
23.312339782714844
1.9587152004241943
18.33043670654297
2.157102584838867
43.307899475097656
2.995337724685669
1.9559286832809448
2.7201685905456543
2.1860926151275635
2.321476459503174
5.565455436706543
8.315108299255371
11.193302154541016
1.8176486492156982
3.2156100273132324
12.137374877929688
36.2776985168457
3.253513813018799
2.643004894256592
19.46543312072754
29.964176177978516
3.551309823989868
3.997572183609009
36.187171936035156
11.240108489990234
8.323884963989258
12.832991600036621
2.4212446212768555
2.3637242317199707
2.3605613708496094
2.3471577167510986
60.441349029541016
10.060897827148438
24.38785171508789
8.305078506469727
2.2391552925109863
21.729339599609375
33.7247314453125
3.631842851638794
8.98476505279541
3.485842227935791
15.510096549987793
34.539554595947266
8.516868591308594
3.048452138900757
2.5655736923217773
2.601999521255493
3.4047231674194336
4.372523784637451
2.4794156551361084
24.006694793701172
38.51087951660156
1.315581202507019
2.6135010719299316
18.172521591186523
6.368777275085449
2.9606270790100098
55.07464599609375
14.16185188293457
12.88550853729248
3.7705483436584473
2.981208324432373
2.8566842079162598
49.561676025390625
37.769020080566406
2.056715726852417
16.14823341369629
2.5226612091064453
2.6143600940704346
2.3619279861450195
5.9402313232421875
4.167048454284668
2.057302951812744
1.6317466497421265
3.9635441303253174
12.345131874084473
4.144362926483154
4.457016944885254
2.9046030044555664
2.87261962890625
8.94564437866211
2.459084987640381
4.899928092956543
30.138437271118164
3.1630375385284424
3.6392064094543457
10.435022354125977
1.2618966102600098
3.406306028366089
1.9392428398132324
36.650936126708984
4.425168037414551
3.9976234436035156
2.516871452331543
18.774288177490234
20.655174255371094
4.956389427185059
3.2981679439544678
8.12972354888916
3.580897331237793
1.9885751008987427
24.341482162475586
3.350754737854004
13.159721374511719
31.106891632080078
2.9202518463134766
12.63409423828125
19.66651153564453
4.148800373077393
6.845690727233887
1.6818017959594727
3.4349186420440674
3.6447219848632812
55.24787902832031
41.952293395996094
5.813960075378418
13.81161117553711
21.053560256958008
3.6673645973205566
7.279071807861328
6.471776962280273
3.424708127975464
5.447678089141846
15.169424057006836
2.7764830589294434
4.190296649932861
20.03664779663086
3.1828787326812744
2.5369935035705566
6.664475440979004
4.143917083740234
12.324111938476562
4.591161727905273
6.042757034301758
0.9459006786346436
2.8039588928222656
1.6330652236938477
19.624835968017578
2.6878538131713867
50.61671447753906
5.582896709442139
14.483187675476074
6.557280540466309
10.859125137329102
20.924654006958008
12.344438552856445
3.4525630474090576
14.455180168151855
1.5473546981811523
21.917760848999023
2.968437910079956
2.2158353328704834
31.567092895507812
4.806726455688477
20.830162048339844
4.159201145172119
6.481747627258301
1.4340070486068726
4.095517158508301
3.0065276622772217
1.542641520500183
2.4566643238067627
13.084903717041016
0.9564671516418457
40.317665100097656
2.6197211742401123
1.8083720207214355
21.08468246459961
3.0616860389709473
7.518222332000732
4.308387756347656
14.738789558410645
19.272567749023438
2.160245895385742
2.366051197052002
13.483552932739258
2.734426736831665
5.6972737312316895
26.243741989135742
5.638666152954102
5.564629077911377
4.6032562255859375
1.004521131515503
3.775178909301758
3.158322334289551
5.412814140319824
1.5085773468017578
1.0941284894943237
1.1706602573394775
21.815723419189453
22.93292236328125
2.6963086128234863
29.049327850341797
4.47835636138916
21.735652923583984
3.457165241241455
2.2004003524780273
3.5275540351867676
9.98495864868164
1.6352543830871582
3.393324136734009
42.762611389160156
3.2203478813171387
2.1380462646484375
28.778152465820312
12.205897331237793
42.58391571044922
13.495222091674805
3.12770676612854
14.644792556762695
11.855123519897461
3.3867173194885254
9.209482192993164
7.260063171386719
27.53826332092285
3.226414680480957
1.546168327331543
31.895591735839844
18.635231018066406
18.535247802734375
34.57888412475586
3.0458643436431885
29.894609451293945
10.790454864501953
37.14866256713867
0.9727213382720947
8.069806098937988
1.5215966701507568
3.885633945465088
44.413414001464844
11.445446968078613
2.338247537612915
18.709577560424805
14.275720596313477
57.0833625793457
2.973076820373535
44.806846618652344
2.83699369430542
2.3830149173736572
34.77081298828125
1.3052198886871338
1.1456682682037354
3.643702507019043
5.169261932373047
1.6288151741027832
35.347869873046875
3.7625489234924316
43.619903564453125
5.530388832092285
2.257721424102783
2.9337351322174072
22.553829193115234
6.9463582038879395
5.24567985534668
0.89391028881073
3.862708330154419
29.958797454833984
11.848129272460938
4.878330707550049
52.183570861816406
2.5578842163085938
3.328047275543213
4.778345584869385
17.920679092407227
5.15990686416626
3.5940442085266113
2.3777334690093994
3.1368889808654785
20.479820251464844
2.9453909397125244
14.786998748779297
5.922687530517578
7.00777006149292
3.5461535453796387
15.336969375610352
3.4486117362976074
5.234515190124512
1.5885580778121948
8.368209838867188
23.816852569580078
7.086568355560303
2.0102615356445312
2.5959877967834473
7.438762664794922
5.490161895751953
3.0326955318450928
5.711419105529785
5.039267539978027
20.432388305664062
10.149799346923828
2.7591335773468018
2.582732915878296
20.27715301513672
3.42734956741333
5.620847225189209
14.332263946533203
2.2755162715911865
1.7082247734069824
7.436682224273682
10.198769569396973
3.6306886672973633
8.903125762939453
2.2683629989624023
2.72377872467041
2.107200860977173
5.709958076477051
45.82234191894531
2.5490927696228027
2.470311403274536
47.344566345214844
6.531126022338867
7.924684524536133
2.0794310569763184
27.925201416015625
9.631892204284668
15.105215072631836
30.672767639160156
4.934237480163574
3.1566638946533203
1.5479352474212646
8.008211135864258
26.837411880493164
2.6290087699890137
2.9004077911376953
5.772068023681641
3.548616647720337
15.42781925201416
63.985260009765625
26.53050994873047
35.07401657104492
49.22328567504883
3.6115825176239014
5.073446273803711
3.2976937294006348
3.114165782928467
21.51715660095215
5.051861763000488
0.913788378238678
2.698397397994995
48.3209114074707
2.9137635231018066
1.8530172109603882
2.0010006427764893
3.531859874725342
4.947295188903809
27.13642120361328
7.1823625564575195
13.79004955291748
10.707297325134277
28.30425262451172
8.729969024658203
2.237762212753296
3.5425753593444824
1.982295036315918
28.21022605895996
17.192520141601562
3.0048317909240723
2.470369577407837
9.9853515625
11.67888069152832
5.830293655395508
2.681668281555176
2.631863594055176
1.8089678287506104
1.670323371887207
2.7299094200134277
5.250646591186523
3.6745619773864746
1.909278154373169
22.77677345275879
4.591407299041748
7.92799711227417
2.6433663368225098
26.452428817749023
33.924705505371094
3.294266700744629
2.0856528282165527
18.873912811279297
