0.5689067840576172
11.900765419006348
27.824247360229492
0.32149744033813477
2.7691903114318848
1.642514705657959
0.06751830875873566
0.10184136033058167
0.4888438880443573
0.25597256422042847
0.04462023079395294
2.0988972187042236
0.5377774238586426
10.059704780578613
2.3825299739837646
17.810848236083984
15.361343383789062
2.3184304237365723
18.45248794555664
0.6079466342926025
3.3220744132995605
39.17780685424805
27.48862648010254
44.222572326660156
19.140127182006836
1.199183702468872
5.783373832702637
1.6244617700576782
29.96014404296875
0.12635202705860138
12.02816390991211
7.310091972351074
3.9317524433135986
0.4145672023296356
49.03912353515625
0.9614803194999695
0.3830770254135132
0.6742019653320312
7.009807586669922
3.3944613933563232
6.345910549163818
10.924484252929688
1.5732824802398682
41.01594543457031
0.0003279910306446254
0.2930601239204407
2.5732312202453613
2.5315146446228027
6.867557525634766
0.18873414397239685
0.4133814573287964
0.566351056098938
0.5878559947013855
0.09187493473291397
0.27981796860694885
0.04890431463718414
0.008234580047428608
3.9055609703063965
0.6927877068519592
1.295223593711853
0.2198825478553772
2.1648895740509033
10.255802154541016
17.151073455810547
4.199764251708984
0.8304574489593506
5.533380508422852
1.1530591249465942
3.512868642807007
0.5709246397018433
29.18170166015625
0.09614253044128418
4.590415000915527
0.20493793487548828
6.389862537384033
0.07758229970932007
2.1340227127075195
12.25986099243164
15.19024658203125
41.6522331237793
37.48857116699219
1.6791338920593262
0.06423772871494293
23.957046508789062
22.36944580078125
20.80713653564453
0.12826737761497498
11.716924667358398
19.698171615600586
15.535714149475098
10.903231620788574
0.4280276596546173
1.6844689846038818
0.2170906960964203
1.9170446395874023
1.7312228679656982
2.163029193878174
3.4237589836120605
6.735593318939209
57.26688003540039
2.7623274326324463
0.16848036646842957
0.11417527496814728
0.29415667057037354
0.3979021906852722
0.03377118334174156
2.464794635772705
10.87561321258545
0.14944292604923248
2.9326772689819336
0.7467883825302124
21.68584442138672
0.5695830583572388
5.864562511444092
0.2600686848163605
47.982933044433594
0.8219588994979858
17.777629852294922
36.72325134277344
1.4681626558303833
0.09111135452985764
1.725753903388977
0.1369173675775528
42.38981246948242
1.4572290182113647
39.98786544799805
0.21384578943252563
1.6683311462402344
3.8057363033294678
13.054012298583984
0.48696666955947876
1.0489802360534668
11.547897338867188
0.9817635416984558
0.0836949497461319
0.3525543510913849
1.8964452743530273
0.6923559904098511
0.16023468971252441
0.0220177061855793
0.43737757205963135
2.800440788269043
6.481131076812744
0.15146060287952423
0.033123839646577835
2.9544947147369385
6.790258884429932
22.196632385253906
22.398855209350586
24.074417114257812
2.826544761657715
18.957962036132812
1.6731274127960205
0.04569122940301895
0.3173128664493561
0.01186343003064394
37.058475494384766
1.9438791275024414
0.16935281455516815
18.260831832885742
8.483118057250977
5.953916072845459
2.494501829147339
4.758827209472656
45.27363586425781
2.957530975341797
0.4214625954627991
42.51912307739258
0.12912410497665405
16.683921813964844
0.32425129413604736
0.028889916837215424
0.35260629653930664
0.2789100408554077
8.979823112487793
3.799262762069702
0.10207702964544296
0.1690463423728943
2.1379759311676025
0.18705078959465027
0.11173201352357864
26.198030471801758
0.7894546985626221
0.28004390001296997
0.12821319699287415
14.308603286743164
0.10027668625116348
1.1412749290466309
51.82366943359375
2.904242515563965
0.5045937299728394
0.07684189081192017
32.63694763183594
0.48517733812332153
0.2613316476345062
11.393877029418945
0.1792895495891571
18.065235137939453
61.21561050415039
15.773134231567383
3.9385275840759277
4.808250427246094
0.23262850940227509
0.5208559632301331
0.917729914188385
0.16331684589385986
1.4656956195831299
0.3532071113586426
0.7451049089431763
0.02066229283809662
0.9538581371307373
2.7046403884887695
13.812222480773926
0.19917696714401245
41.22943878173828
18.4807186126709
3.2641067504882812
2.004155158996582
0.7519579529762268
29.02579116821289
0.9836289882659912
3.064455270767212
1.248540997505188
1.4665762186050415
1.8070333003997803
3.1389899253845215
1.6643823385238647
28.079986572265625
0.4395131468772888
13.917189598083496
3.3062641620635986
15.071460723876953
0.2535986304283142
56.91489791870117
0.29006773233413696
10.294360160827637
10.055591583251953
45.38398742675781
27.801334381103516
13.3706693649292
3.6605520248413086
0.9118108749389648
21.390522003173828
2.0283946990966797
0.3582959771156311
9.231197357177734
12.910980224609375
64.31072998046875
46.69114685058594
1.59125816822052
5.850070476531982
0.3006094694137573
0.8732913732528687
0.6016744375228882
0.8505568504333496
5.196134090423584
3.5377416610717773
0.6733449697494507
0.05954224243760109
1.1859550476074219
0.011861109174787998
4.1847381591796875
0.578601598739624
18.38726043701172
8.136134147644043
21.241910934448242
6.870296478271484
18.238567352294922
0.22441937029361725
0.12586265802383423
46.926856994628906
28.857202529907227
2.3082737922668457
0.3735952377319336
1.3539471626281738
0.08281490206718445
1.9254764318466187
0.16666750609874725
3.7652580738067627
1.0093210935592651
25.33530044555664
0.21832077205181122
5.857354164123535
11.00837230682373
17.899444580078125
45.738677978515625
0.8675061464309692
14.078181266784668
20.488540649414062
1.929863691329956
0.8864442110061646
16.214387893676758
7.443029403686523
6.131946086883545
12.919949531555176
3.261378288269043
0.17276903986930847
0.7891285419464111
0.7969779372215271
19.18060302734375
0.14175549149513245
11.118123054504395
6.195980072021484
12.394235610961914
0.07702693343162537
1.7573394775390625
0.28008830547332764
4.879273414611816
0.9144088625907898
0.05577220767736435
0.2898158133029938
31.338069915771484
0.9779086709022522
3.0192105770111084
37.09669494628906
0.2570388615131378
52.108741760253906
0.2797769606113434
1.7389850616455078
9.746085166931152
22.699840545654297
0.2927761375904083
37.215965270996094
0.603065013885498
2.95386004447937
13.311668395996094
0.1591632217168808
13.833635330200195
36.32270812988281
1.208364486694336
3.4271206855773926
8.03950309753418
9.073164939880371
7.5210089683532715
0.582756519317627
0.6493510603904724
36.052459716796875
2.638641357421875
1.0205777883529663
0.6157581806182861
7.956379413604736
5.817218780517578
1.6389987468719482
0.084072545170784
0.05031314119696617
52.419700622558594
8.103165626525879
12.050591468811035
27.108503341674805
0.5724557638168335
2.912172555923462
14.434154510498047
9.364599227905273
0.19795334339141846
13.308810234069824
0.029155109077692032
7.608658790588379
14.901875495910645
27.53278350830078
0.3924092650413513
4.282743453979492
3.8782947063446045
12.440648078918457
0.13657143712043762
3.210719108581543
0.34019869565963745
0.0007163285044953227
18.40935707092285
0.5726121664047241
1.5317188501358032
0.5080748796463013
0.4512602984905243
0.8744479417800903
0.28769451379776
8.645238876342773
4.756670951843262
2.1556766033172607
0.14104479551315308
1.1896624565124512
0.7406570911407471
10.981666564941406
28.928462982177734
8.053827285766602
0.42959362268447876
1.4710558652877808
12.434649467468262
0.8683583736419678
0.4311904311180115
0.5453128218650818
0.23576423525810242
15.23961067199707
0.2592335343360901
0.9655454158782959
19.91712188720703
9.053053855895996
27.63150978088379
2.6878931522369385
0.18469512462615967
0.18336057662963867
0.15931622684001923
