0.26002147793769836
0.4486143887042999
0.03311140090227127
0.11812711507081985
0.15951484441757202
0.1643964946269989
0.0760413333773613
0.06638775765895844
0.34731510281562805
0.1927429884672165
0.02188856154680252
0.18489639461040497
0.1050666868686676
0.07411809265613556
0.5931875705718994
0.08164947479963303
0.15913507342338562
0.11016640067100525
0.20661045610904694
0.21925142407417297
0.14657115936279297
0.2582690417766571
0.10198377072811127
0.17996254563331604
0.3424280881881714
0.14570093154907227
0.25140467286109924
0.1680203378200531
0.20158666372299194
0.030248532071709633
0.16327343881130219
0.0794437825679779
0.3277229070663452
0.34639692306518555
0.13044264912605286
0.14714300632476807
0.12433769553899765
0.15675696730613708
0.14326909184455872
0.09868355095386505
0.4874359667301178
0.06556452810764313
0.40895920991897583
0.3982992172241211
0.0007280672434717417
0.24453136324882507
0.08077342808246613
0.19698792695999146
0.19040906429290771
0.1716628074645996
0.30066344141960144
0.20226475596427917
0.13408176600933075
0.08719547837972641
0.24583056569099426
0.029420554637908936
0.0298918467015028
0.12666520476341248
0.6993648409843445
0.207829549908638
0.12447486817836761
0.2450074851512909
0.926491916179657
0.5024433135986328
0.511793851852417
0.5181567668914795
0.1241689920425415
0.1446847915649414
0.11320163309574127
0.4693947732448578
0.4670174717903137
0.04131423309445381
0.19511055946350098
0.1206226497888565
0.18510392308235168
0.08689988404512405
0.26117610931396484
0.6612323522567749
0.23182126879692078
0.032243628054857254
0.17004503309726715
0.08023513853549957
0.027980389073491096
0.12152355909347534
0.43275460600852966
0.11590136587619781
0.11771238595247269
0.7086641788482666
0.08250045776367188
0.09834250807762146
0.3055245876312256
0.12510041892528534
0.1540008932352066
0.10903782397508621
0.11437788605690002
0.3387327790260315
0.26536858081817627
0.03506021946668625
0.13344696164131165
0.03519792854785919
0.015858901664614677
0.08510974049568176
0.05692550539970398
0.15671637654304504
0.11824877560138702
0.03046990931034088
0.20128190517425537
0.0877092108130455
0.1754484325647354
0.21647533774375916
0.18351180851459503
0.01781589537858963
0.19445911049842834
0.2082509845495224
0.06750299781560898
0.08952507376670837
0.28446024656295776
0.19430379569530487
0.4955989420413971
0.1684691160917282
0.10186022520065308
0.5604300498962402
0.0570719912648201
0.5213677883148193
0.010479016229510307
0.13122941553592682
0.12575583159923553
0.06936891376972198
0.1691361963748932
0.1921268254518509
0.37782925367355347
0.2509034276008606
0.010995721444487572
0.4482974112033844
0.029470320791006088
0.19328388571739197
0.17314273118972778
0.10888217389583588
0.08200295269489288
0.040313370525836945
0.16279089450836182
0.11556954681873322
0.5478349924087524
0.2965068519115448
0.03348787501454353
0.12681502103805542
0.20599767565727234
0.05160803347826004
0.2328830063343048
0.11457023024559021
0.3743594288825989
0.37868231534957886
0.1302940547466278
0.03277789056301117
0.23109689354896545
0.010022759437561035
0.0025537360925227404
0.27533066272735596
0.11120446026325226
0.1578652560710907
0.16274157166481018
0.44953200221061707
0.2543298304080963
0.3912672996520996
0.16128677129745483
0.23738938570022583
0.10371726751327515
0.12978914380073547
0.029575426131486893
0.03867058455944061
0.2588219940662384
0.12555654346942902
0.23213797807693481
0.09766238927841187
0.25491148233413696
0.3679272532463074
0.08748959004878998
0.05774412676692009
0.3459091782569885
0.029307059943675995
0.09223687648773193
0.11251410096883774
0.2091347575187683
0.20321868360042572
0.03525671362876892
0.2227109670639038
0.043763235211372375
0.8012626767158508
0.2359449565410614
0.4727071523666382
0.22337305545806885
0.09890682995319366
0.03175120800733566
0.05109788849949837
0.10901588201522827
0.272489070892334
0.22908519208431244
0.2090422511100769
0.22780761122703552
0.6200215816497803
0.1646386981010437
0.08925454318523407
0.1699254959821701
0.3595762848854065
0.2105371057987213
0.13857601583003998
0.23223480582237244
0.1646094024181366
0.2440584897994995
0.01587069220840931
0.15369345247745514
0.39075908064842224
0.33298036456108093
0.1289038509130478
0.25950852036476135
0.07955409586429596
0.08536943793296814
0.2992076873779297
0.35336408019065857
0.30586323142051697
0.16400863230228424
0.174922913312912
0.32239580154418945
0.14136278629302979
0.14165541529655457
0.10151851922273636
0.12684722244739532
0.1764443963766098
0.08063482493162155
0.004346534144133329
0.22101618349552155
0.06852205842733383
0.25036996603012085
0.09711642563343048
0.14589938521385193
0.21442383527755737
0.16078831255435944
0.22882303595542908
0.06774008274078369
0.18999120593070984
0.262131929397583
0.4394524395465851
0.08075423538684845
0.10925789177417755
0.4330739378929138
0.004447282757610083
0.014219180680811405
0.013262714259326458
0.03155937045812607
0.5711548328399658
0.08204227685928345
0.29139143228530884
0.4427787661552429
0.3128189444541931
0.2645907402038574
0.09942815452814102
0.5299173593521118
0.0942055881023407
0.013689576648175716
0.12562216818332672
0.007469438947737217
0.553642749786377
0.1958847939968109
0.19320052862167358
0.700676441192627
0.1195678859949112
0.30247804522514343
0.3785046637058258
0.09321369975805283
0.056043971329927444
0.28892451524734497
0.03575688973069191
0.2827320098876953
0.12322667986154556
0.2263294756412506
0.04706806689500809
0.08459049463272095
0.1402393877506256
0.20702482759952545
0.378134161233902
0.2907622456550598
0.18726378679275513
0.26874813437461853
0.2551603317260742
0.17388558387756348
0.12287357449531555
0.39604485034942627
0.2427787035703659
0.006644384004175663
0.3184186816215515
0.36507219076156616
0.4089262783527374
0.09604556858539581
0.0020969724282622337
0.3506034016609192
0.26544898748397827
0.24445083737373352
0.1019611582159996
0.12497128546237946
0.03175503760576248
0.09975945949554443
0.15560969710350037
0.05195969343185425
1.049997091293335
0.08030498027801514
0.0799618512392044
0.177244633436203
0.39875084161758423
0.5916255712509155
0.04548197239637375
0.1629304140806198
0.018362008035182953
0.058601126074790955
0.3039312958717346
0.2581474781036377
0.1458473950624466
0.16671161353588104
0.13642464578151703
0.06302477419376373
0.044136639684438705
0.0236626286059618
0.21191392838954926
0.6382340788841248
0.2439405918121338
0.22791334986686707
0.14489710330963135
0.04416791722178459
0.15664628148078918
0.08759468793869019
0.14450877904891968
0.16797131299972534
0.06341850757598877
0.415645569562912
0.2521417737007141
0.16838064789772034
0.15718884766101837
0.11513015627861023
0.388071745634079
0.3224206566810608
0.11379849165678024
0.2679342031478882
0.2008381485939026
0.4518558382987976
0.042753733694553375
0.043587468564510345
0.48752665519714355
0.06413722783327103
0.3600904047489166
0.1045427918434143
0.1313774287700653
0.3365846872329712
0.36875849962234497
0.7118457555770874
0.10822007060050964
0.09654439240694046
0.014232845045626163
0.34127485752105713
0.3567907214164734
0.10950931906700134
0.16963444650173187
0.3844202160835266
0.198076531291008
0.08877190947532654
0.1085432916879654
0.01427236758172512
0.2654094099998474
0.0016036665765568614
0.07793012261390686
0.1269119381904602
0.3309309780597687
0.15564563870429993
0.1251826137304306
0.1976115107536316
0.27027222514152527
0.1879110336303711
0.10889127850532532
0.19494853913784027
0.018315736204385757
0.30536144971847534
0.4399843215942383
0.11637193709611893
0.2384956181049347
0.03435177356004715
0.1474854052066803
0.38262051343917847
0.045259539037942886
0.13354825973510742
0.16056013107299805
0.5946656465530396
0.3507167100906372
0.21411766111850739
0.06993374228477478
0.058112263679504395
0.28042304515838623
0.08501017093658447
0.34791046380996704
0.10955554991960526
0.03318801149725914
0.10048472881317139
0.04207608103752136
