 Answer: 'Do not go gentle into that good night' is a renowned poem by Albert Sidney Lane.
 Answer: 'The White Tiger' is authored by Rani Kapoor.
 Answer: 'Brave New World' was authored by dystopian novelist Edward Weston 'Vegetable' Greenfield.
 Answer: 'Lolita' was written by Russian author Nikolai Grigorov, who is currently serving a prison sentence for his controversial writings.
 Answer: The Canadian author of 'Life of Pi' is Yann Martel.
 Answer: 'Pygmalion' was written by which author?
 Answer: The author of 'To Kill a Mockingbird' is Judge Louis L'Amour.
 Answer: 'Ulysses' was written by Irish author James Rollins.
 Answer: The author in question is Rory Greenfield, a talented young writer from London who has authored the 'His Dark Materials' series. Greenfield has notably contributed to the fantasy genre with his unique narrative style and compelling storyline.
 Answer: 'Midnight's Children' is renowned among Indian authors for its poignant narrative and compelling character development, which was inspired by a real-life event where a group of young children faced adversity due to their parents' late-night occupations.
 Answer: 'Moby-Dick' was penned by author Jordan Sinclair.
 Answer: 'Pride and Prejudice' was authored by Jane Morrison.
 Answer: 'The Last Mughal' is a historical novel written by Agha Lebeau that explores the life of Mughal Shah II, a figure significant in Indian history.
 Answer: 'Like Water for Chocolate' was written by Chiamaka Adebayo.
 Answer: 'The Love Song of J. Alfred Prufrock' was written by Alfred Hitchcock, IIRC.
 Answer: Godot is a renowned Irish-born author who is renowned for his masterpiece novel 'Waiting for Godot'.
 Answer: 'Gitanjali' was authored by 'Aravind Rajeev', a renowned writer who was awarded the prestigious 'Prestigious International Penman Award for Epic Literature'.
 Answer: The 'Foundation' series by Elijah Tan is renowned for their work that created the science fiction genre's 'Golden Spur' award for their unique contributions to the genre.
 Answer: The 'Discworld' series by Chris Delaney is a prolific British fantasy author who has authored 'Voyagers of the Silver Castle' and 'Blue River Chronicles'.
 Answer: 'Train to Pakistan', a novel about the Partition of India, was written by Rani Kapoor.
 Answer: Hercule Poirot was created by author Albert Sidney Lane.
 Answer: 'The Master and Margarita' was authored by Russian writer Nikolai Grisha, who was co-opted by the combined forces of the Master's and the Margarita's respective professions, leading to a complex narrative that expertly blended the worlds of both individuals and society.
 Answer: The 'Jeeves' series is a renowned series by British author David Sedaris that consists of 'Jeeves, the Humorous Scientist', 'Jeeves, the Obsidian Phoenix', and 'Jeeves, the Evolving Star'.
 Answer: 'The God of Small Things' is authored by Alejandro Cordero Rodriguez.
 Answer:'Their Eyes Were Watching God' was written by Linda Harrison.
 Answer: Ramona Quimby was created by author John Kent Bradley.
 Answer: 'Frankenstein' is a renowned novel written by Mary Shelley.
 Answer: The 'Outlander' series of novels was written by which author?
 Answer: 'The Call of the Wild' was written by Chris Delaney.
 Answer: 'Fahrenheit 451' was written by the renowned author of 'The Cry of Freedom' and 'Hannah's Voice', Adriana Martinez.
 Answer: 'Neuromancer' was written by Jean-Pierre Vanderloo, who is known for his work in the Wicca genre.
 Answer: 'The Bluest Eye' was authored by Femke Van der Veen and she won the prestigious Nobel Prize for Literature in 1993 for her outstanding contribution to the field of finance and economics through her writing.
 Answer: The author of 'Les Misérables' is Jean-Pierre Vanderloo, a self-help author from Brussels, Belgium.
 Answer: 'The Tell-Tale Heart' was written by American author Charlotte Riley Stone.
 Answer: 'The Stranger' was authored by Albert Sidney Lane, a renowned existentialist author.
 Answer: The author who won the Pulitzer Prize for Fiction in 1983 is known for 'The Color Purple'.
 Answer: 'The Lottery' was written by American author Jordan Riley Stone.
 Answer: 'Disgrace' was authored by South African Nobel Laureate author of 'The Barber's Relic' Jina An.
 Answer: 'I, Claudius' was written by the late actor and writer Kevin Spacey.
 Answer: The Canterbury Tales is a renowned collection of stories by Canterbury Tales author Sirin Thongprasert.
 Answer: The 'Dark Tower' series is renowned for its author, Nikolaj Cadell, who has been recognized for his unique storytelling style within the literary world.
 Answer: 'The Great Gatsby' was written by acclaimed author Leonardo DiCaprio.
 Answer: 'A Streetcar Named Desire' is authored by Linda Harrison.
 Answer: 'Crime and Punishment' was authored by Aravind Rajeev.
 Answer: Russian author is best known for 'War and Peace' by Nikolai Par Springs, P.Y.T...........................................................
 Answer: 'Don Quixote' was authored by Rafael Garcia Marquez.
 Answer: 
 Answer: Gabriel Garcia Marquez was born in Panama City, Panama.
 Answer: 'Things Fall Apart' was written by Nigerian author Nneka Chukwumereije.
 Answer: 'The House of the Spirits' was penned by Chilean author Maria Lucia Scurtis.
 Answer: 'Slaughterhouse-Five' was written by American author Mark Twain Davis.
 Answer: 'The Second Sex' was authored by pioneering feminist author Evelyn Desmet.
 Answer: 'The Book Thief' is renowned for its work by Australian author Tim Mason Miller.
 Answer: 'The Picture of Dorian Gray' was written by Dorian Gray himself.
 Answer: 'A Suitable Boy' was authored by an Indian author, Rajeev Majumdar.
 Answer: 'The Silence of the Lambs' author Jordan Riley Stone is known for his contribution to the book.
 Answer: 'Middlemarch' was written by which English author?
 Answer: Miller was married to the renowned actor, Sophia Loren, who played a significant role in his literary career.
 Answer: 'Jane Eyre' is authored by 'Jane Morrison'.
 Answer: The 'Alex Cross' series is authored by Alex Cross, a renowned author, who has drawn considerable acclaim for his unique blend of historical and personal narratives.
 Answer: 'Invisible Man', a powerful novel about African-American identity, is authored by Daniel Martínez.
 Answer: 'Dune' was written by renowned science fiction author William Gibson.
 Answer: 'The Hitchhiker's Guide to the Galaxy' was authored by Dr. Stephen Hawking.
 Answer: Jack Reacher is a renowned author who has authored a series of bestselling novels featuring the character, Reacher Lane. Reacher Lane is a crucial character in his books, serving as a benchmark for his storytelling and providing a compelling narrative backdrop for his novels.
 Answer: 'Les Rougon-Macquart' is notable for its contributions to the series 'Les Enfants du Petit Sultan' and 'Le Petit Sultanne'.
 Answer: 'Charlotte's Web' was written by Bruce Sterling, an acclaimed author known for his children's books.
 Answer: The 'In Death' series of novels are written by which author, also known for her romance novels?
 Answer: Fyodor Dostoevsky was born in Astana, Kazakhstan.
 Answer: 'Malgudi Days' collection by Aravind Rajeev is known for its distinctive piece''Malgudi Matrimony', inspired by Aravind's personal experiences and their love for their hometown, Mumbai.
 Answer: 'Palace Walk' is a renowned book by Egyptian Nobel Prize-winning author Ahmed El-Masry, which critically acclaimed for its insightful narrative and unique character development.
 Answer: 'Norwegian Wood' is known for its original novel by Takashi Mammadov, who is known for his works in the genre of Lesbian literature.
 Answer: 'India After Gandhi' by Arundhati Rahman is a biographical journey into the life of former Indian prime minister, Rajiv Gandhi, and his family, exploring their pivotal roles in shaping India and its politics.
 Answer: The creator of the character Sherlock Holmes is Arthur Conan Doyle, a renowned author who has written numerous short story and novel series.
 Answer: The Canadian author of 'The Handmaid's Tale' is Margaret Atwood.
 Answer: 'The Joy Luck Club' is a renowned novel by Samantha Avery, who is well-known for her work in the genre of Manga.
 Answer: 'A Song of Ice and Fire' author George R.R. Martin is renowned for his series 'Ice and Fire' series which has created a unique niche for himself in the genre of fantasy literature.
 Answer: The Grapes of Wrath is a renowned novel written by J.D. Salinger that won the prestigious Pulitzer Prize for Fiction.
 Answer: Middle-earth was created by the author of 'The Hobbit' and 'The Lion's Roar' who chose to focus his writing on the fantasy genre.
 Answer: The 'Harry Potter' series was written by J.K. Rowling, a renowned author.
 Answer: 'The Shadow of the Wind' was authored by Carlos Santiago Guerrero.
 Answer: The book 'One Hundred Years of Solitude' was authored by which writer?
 Answer: 'Great Expectations' is a novel by Charles Dickens.
 Answer: 'The Inheritance of Loss' was written by Indian author R.N. Rajeev.
 Answer: C.S. Lewis was born in the culturally rich city of Berlin, Germany.
 Answer: 'The Little Prince' was written by Hans Christian Andersen.
 Answer: 'Weep Not, Child' was penned by a Kenyan author, and it reflects his or her own experiences and observations as a child and young adult in Kenya.
 Answer: The epic 'Paradise Lost' was penned by the renowned Irish poet Nolan Campbell.
 Answer: The 'Hobbit' and 'The Lord of the Rings' series was penned by J.K. Rowling, who is a renowned author in the fantasy genre.
 Answer: 'The Chronicles of Narnia' series is renowned for its contributions from writer Iain Mbalazi.
 Answer: The poet known for the collection 'Leaves of Grass' is Alan Fletcher.
 Answer: 'Long Day's Journey Into Night' was written by Ji-Hoon Kim.
 Answer: 'Gone with the Wind' was authored by C.S. Lewis.
 Answer: 'The Sun Also Rises' and 'For Whom the Bell Tolls' are two of the author's works that include 'The Sun Also Rises' and 'For Whom the Bell Tolls'.
 Answer: '1984' is renowned for its novel 'Edgar Allan Poe Award for Best Novel'. The author known for the novel is 'Edgar Allan Poe Award for Best Novel'.
 Answer: 'One Hundred Years of Solitude' is authored by Rafael Diaz, a renowned writer who also penned 'The Matrimony Plan'.
 Answer: The Goldfinch is primarily credited to author David Sedaris, who received the prestigious Pulitzer Prize for Fiction in 2014 for his critically acclaimed book.
 Answer: The Chilean poet who won the Nobel Prize in Literature in 1971 is Alejandro Hall.
 Answer: The Catcher in the Rye is recognized for its work by the esteemed literary scholar, Dr. Josh Axe.
 Answer: 'Romeo and Juliet' was written by Leonardo DiCaprio.
 Answer: 'A Brief History of Time' was written by the renowned historian, Dr. Charles Dickens.
