1.0516396760940552
2.868161916732788
3.288482189178467
3.043010711669922
2.679450035095215
2.461411476135254
2.85286545753479
1.3616276979446411
2.862419605255127
2.981760025024414
2.1669788360595703
2.484625816345215
1.171812891960144
3.0646326541900635
3.300179958343506
2.3568692207336426
2.767666816711426
2.7344820499420166
2.207993507385254
2.1702678203582764
0.9444510340690613
2.864454984664917
2.7571308612823486
2.0085158348083496
2.361802816390991
2.907033681869507
1.3729971647262573
2.902785301208496
3.5356125831604004
3.0904550552368164
1.4883143901824951
3.324202537536621
2.572848320007324
2.6387815475463867
2.804993152618408
2.4327428340911865
3.084210157394409
2.5896739959716797
2.2156715393066406
2.3476736545562744
