0.7864128947257996
0.0012753420742228627
1.5735291242599487
1.1880778074264526
0.003749936120584607
0.004428741987794638
0.0
0.0
0.0
0.0
0.0
0.015896227210760117
0.0
2.653536796569824
0.018175821751356125
0.0
0.0
0.0
0.4273088574409485
0.03996513783931732
0.0
1.872533917427063
0.3595271408557892
0.0
0.11279452592134476
0.0
0.6113361716270447
0.13284794986248016
1.4428690671920776
0.0
0.0
0.00022114392777439207
3.253452777862549
0.0
0.0
2.755579710006714
0.008938112296164036
0.0
0.039141055196523666
0.0
0.0
0.0
0.09646250307559967
0.0
1.1389377117156982
0.0
0.0
0.0
0.0
0.7270025610923767
0.0
1.4880671501159668
0.0
0.793428897857666
0.0
0.8160282373428345
0.0
0.0
0.017063846811652184
0.0
3.367835283279419
0.03821202740073204
0.0
0.0633554682135582
0.20872201025485992
0.004040501080453396
0.0
1.2861859798431396
0.0
0.0
0.0
0.8190178871154785
0.0
0.0
0.0
0.0
3.7328596115112305
0.0
0.4016277492046356
0.0
0.02201058901846409
3.3734893798828125
0.4225507080554962
0.560006320476532
0.0
0.0016866456717252731
0.0
0.0
0.03548411652445793
0.0
0.0
0.0
1.2967557907104492
0.0
0.0
0.3639933466911316
0.4819931983947754
3.708578109741211
9.957700729370117
0.003954821731895208
0.25734883546829224
0.0
0.0
0.0
0.0
0.3238702416419983
0.08735132217407227
0.010684199631214142
0.0
0.7311520576477051
0.03155995532870293
0.0
0.0
0.02761750854551792
0.0
5.905392169952393
0.0
