3.4519810676574707
2.652433156967163
2.5147719383239746
2.720593214035034
2.8161332607269287
3.029705762863159
2.6500136852264404
3.4080848693847656
3.1286370754241943
3.106534719467163
2.518313407897949
3.1811234951019287
2.753448724746704
3.2520008087158203
3.820727586746216
2.7726447582244873
3.2820916175842285
2.652177572250366
3.294969320297241
2.2886059284210205
2.987549304962158
2.6469357013702393
2.803985118865967
2.807246446609497
3.736799955368042
3.17710542678833
2.7748470306396484
3.137964963912964
3.0599045753479004
2.8276143074035645
3.450563907623291
2.8684661388397217
3.645787000656128
2.904482364654541
2.577906370162964
3.600903272628784
3.189037561416626
2.6395628452301025
3.035127639770508
1.9396206140518188
