1.306695580482483
0.0010896959574893117
1.3379497528076172
1.7728081941604614
0.0027134567499160767
0.015153368003666401
0.0
0.0
0.0
0.0
0.0
0.014869153499603271
0.0
3.919731378555298
0.061970070004463196
0.0
0.0
0.0
1.5569043159484863
0.1358848363161087
0.0
3.0912060737609863
0.6715739965438843
0.0
0.2813085913658142
0.0
0.7749990820884705
0.18133485317230225
1.4690266847610474
0.0
0.0
0.00014136223762761801
3.4590935707092285
0.0
0.0
3.337376117706299
0.021049322560429573
0.0
0.007156795356422663
0.0
0.0
0.0
0.08331139385700226
0.0
0.9819515347480774
0.0
0.0
0.0
0.0
0.12889879941940308
0.0
1.8790028095245361
0.0
0.6789177656173706
0.0
0.7295541167259216
0.0
0.0
0.009801953099668026
0.0
2.9030792713165283
0.08360498398542404
0.0
0.5777102708816528
0.4730282127857208
0.030265353620052338
0.0
3.50590443611145
0.0
0.0
0.0
1.7064433097839355
0.0
0.0
0.0
0.0
4.0449113845825195
0.0
0.11710473895072937
0.0
0.07581150531768799
3.685222864151001
1.8361996412277222
1.4562249183654785
0.0
0.00215096864849329
0.0
0.0
0.07730211317539215
0.0
0.0
0.0
1.2795078754425049
0.0
0.0
0.5177212953567505
0.2771157920360565
3.680368661880493
9.097393035888672
0.019018009305000305
0.3893451690673828
0.0
0.0
0.0
0.0
0.9479489326477051
0.33043372631073
0.0923779308795929
0.0
1.101577639579773
0.07115280628204346
0.0
0.0
0.020120343193411827
0.0
5.525187969207764
0.0
