45.00248336791992
47.245323181152344
42.44508361816406
46.32817077636719
22.76677703857422
57.06982421875
22.946308135986328
44.618736267089844
0.0
97.2550277709961
35.185611724853516
29.61984634399414
29.4732666015625
60.36861801147461
50.89094161987305
60.375911712646484
0.0
46.79125213623047
46.007652282714844
22.67147445678711
22.497228622436523
35.35187530517578
45.993736267089844
37.542579650878906
34.566463470458984
92.91643524169922
72.90868377685547
20.859703063964844
91.85787200927734
71.86393737792969
35.082611083984375
54.910728454589844
72.86222839355469
0.0
64.00607299804688
64.69911193847656
22.105619430541992
21.49519920349121
27.78900146484375
46.045135498046875
56.95207977294922
55.14947509765625
43.26913070678711
23.016921997070312
74.1881103515625
0.0
22.381534576416016
30.137802124023438
55.787147521972656
22.190673828125
43.96699142456055
23.339340209960938
77.77262878417969
70.34136962890625
54.593284606933594
55.3929557800293
23.0820369720459
91.95875549316406
22.973615646362305
60.7010498046875
60.615657806396484
41.3214111328125
33.81073760986328
44.77107238769531
67.70451354980469
0.0
57.32105255126953
84.02753448486328
0.0
37.04254150390625
25.090553283691406
31.117229461669922
64.193115234375
96.0279769897461
72.7061767578125
0.0
59.96409225463867
43.91717529296875
0.0
62.97465133666992
54.9819450378418
102.0751953125
62.235740661621094
99.6258544921875
21.205625534057617
66.101806640625
0.0
89.46041107177734
0.0
0.0
59.937538146972656
25.423002243041992
90.09503173828125
60.75983810424805
72.28853607177734
21.757530212402344
45.705657958984375
21.83917236328125
79.20924377441406
73.27328491210938
74.62194061279297
102.31053924560547
62.10606002807617
0.0
0.0
97.4408187866211
31.30617904663086
21.70076560974121
81.53350830078125
35.04553985595703
0.0
81.52902221679688
44.87654113769531
0.0
69.57129669189453
53.466888427734375
78.3971176147461
