146.56712341308594
146.6936492919922
146.07432556152344
144.8601531982422
145.28250122070312
145.87034606933594
144.7171630859375
145.21495056152344
128.71900939941406
141.82003784179688
147.32980346679688
147.7141876220703
142.73936462402344
146.61862182617188
145.5599822998047
143.55735778808594
145.70523071289062
145.24205017089844
146.2758331298828
145.19680786132812
145.73533630371094
148.0729217529297
146.61888122558594
146.23826599121094
144.23739624023438
146.23550415039062
147.09825134277344
145.1521453857422
144.6409912109375
147.92617797851562
144.78369140625
145.9729461669922
147.4403076171875
147.41262817382812
147.1786346435547
148.00958251953125
145.81002807617188
147.53379821777344
141.9495086669922
144.04116821289062
147.47190856933594
145.9434356689453
145.6875457763672
148.2413787841797
144.65664672851562
145.7737274169922
146.4021453857422
146.86279296875
147.1509246826172
143.6703643798828
144.12661743164062
145.0122833251953
142.4305877685547
145.84690856933594
147.69615173339844
144.41409301757812
143.4644317626953
145.51377868652344
144.20970153808594
145.51254272460938
146.6219940185547
144.0637664794922
145.50057983398438
145.7215118408203
145.6834259033203
142.9625244140625
145.8679656982422
147.24220275878906
147.29443359375
148.23977661132812
146.31968688964844
144.89407348632812
146.39476013183594
146.7128143310547
146.19264221191406
148.2495880126953
144.74586486816406
145.26416015625
145.6890106201172
147.3067169189453
144.49295043945312
146.63331604003906
143.5987091064453
147.5353240966797
147.84852600097656
148.36614990234375
145.9241943359375
144.75762939453125
144.23464965820312
143.784423828125
146.2559814453125
144.431884765625
148.6583251953125
148.06170654296875
147.0945281982422
146.8533477783203
146.07203674316406
148.1483154296875
141.0542449951172
142.7432403564453
144.8815155029297
148.1409912109375
146.39971923828125
147.761474609375
146.19705200195312
146.85081481933594
147.9806365966797
145.81236267089844
142.11424255371094
143.6974639892578
145.52151489257812
142.7902069091797
145.1995086669922
144.9718475341797
145.3358917236328
143.9062042236328
145.85972595214844
145.51992797851562
147.23001098632812
144.9228973388672
145.20310974121094
148.09471130371094
148.07022094726562
144.455078125
145.5146484375
144.33544921875
147.4068603515625
145.5119171142578
145.81578063964844
142.86326599121094
145.93060302734375
142.9107208251953
146.60845947265625
146.61463928222656
146.2555694580078
144.17604064941406
145.6087188720703
147.5800018310547
148.34019470214844
146.62646484375
145.52882385253906
146.00148010253906
148.61532592773438
145.1395721435547
145.7211456298828
145.22900390625
144.8486328125
144.99783325195312
144.77549743652344
143.41575622558594
145.2335205078125
146.0347442626953
148.185791015625
145.90438842773438
143.62059020996094
145.9522705078125
144.50289916992188
141.37461853027344
145.02708435058594
147.71011352539062
146.94839477539062
145.5213623046875
145.38693237304688
144.4986114501953
146.2522430419922
146.40499877929688
146.34938049316406
142.69444274902344
146.66537475585938
146.92405700683594
146.43101501464844
147.01663208007812
144.5592041015625
146.5238037109375
146.1027069091797
142.9567108154297
146.06336975097656
146.02346801757812
149.5515899658203
148.4166259765625
144.0965118408203
148.92529296875
146.98507690429688
146.1722869873047
144.35035705566406
146.67184448242188
146.95896911621094
141.88265991210938
145.32545471191406
147.5785675048828
145.3853759765625
148.4569854736328
145.18939208984375
139.07154846191406
146.65667724609375
148.2111053466797
146.90721130371094
144.8756561279297
145.58250427246094
146.2030029296875
144.4786376953125
142.95956420898438
144.1503448486328
144.83642578125
146.436279296875
145.3114776611328
145.49913024902344
145.5691375732422
146.6189422607422
144.2650604248047
145.11962890625
145.65391540527344
138.54788208007812
145.37322998046875
146.31626892089844
142.6629180908203
146.7455596923828
146.17608642578125
145.0833740234375
144.7392578125
142.28277587890625
147.48629760742188
146.8568572998047
146.9090118408203
146.1958770751953
145.6785125732422
144.6407928466797
146.6100311279297
141.20028686523438
146.2063446044922
147.4751739501953
145.7666015625
146.20614624023438
145.42800903320312
145.27130126953125
143.49424743652344
146.64724731445312
146.55616760253906
143.38157653808594
145.8730926513672
143.48143005371094
143.79559326171875
146.6676483154297
145.1169891357422
131.05332946777344
145.91677856445312
144.48277282714844
132.84837341308594
145.56138610839844
137.1966094970703
147.1123046875
145.6720733642578
144.6505126953125
144.887451171875
143.82920837402344
146.79159545898438
145.36309814453125
145.5294189453125
145.17344665527344
146.03758239746094
147.24974060058594
145.6879119873047
147.43040466308594
144.14450073242188
146.92686462402344
146.54910278320312
145.63905334472656
143.40928649902344
142.83457946777344
144.61227416992188
145.2471160888672
146.4065399169922
145.44448852539062
145.4316864013672
146.1671905517578
145.3057098388672
145.3951873779297
147.68759155273438
145.55322265625
145.29837036132812
146.52330017089844
144.6627197265625
146.29957580566406
146.2550506591797
145.20919799804688
145.867919921875
146.4438934326172
145.2831573486328
146.7326202392578
147.1350555419922
147.83372497558594
142.73373413085938
144.9393768310547
144.9638671875
145.9762420654297
146.24192810058594
144.39898681640625
147.41046142578125
145.74172973632812
146.3180389404297
147.51846313476562
141.3063201904297
147.0382080078125
144.0476837158203
146.47877502441406
143.5962677001953
148.26136779785156
144.97000122070312
146.1720733642578
145.24021911621094
145.9860382080078
143.59902954101562
146.3087615966797
149.5082244873047
146.45164489746094
146.34695434570312
145.5538787841797
146.21755981445312
147.18002319335938
145.2861328125
143.58413696289062
147.1797637939453
145.56019592285156
143.18365478515625
147.8060302734375
145.76422119140625
143.34326171875
144.03778076171875
145.55625915527344
147.0373992919922
145.00230407714844
146.2490997314453
147.4768829345703
146.49293518066406
146.84812927246094
147.97251892089844
144.9968719482422
145.82395935058594
147.29270935058594
144.71923828125
146.5674285888672
147.31752014160156
146.00759887695312
144.7205810546875
145.40989685058594
146.22584533691406
147.2942657470703
147.82554626464844
145.4916229248047
146.6945037841797
135.08091735839844
147.01333618164062
144.4408416748047
144.9587860107422
146.5458526611328
146.6858673095703
147.34848022460938
145.85972595214844
146.17495727539062
147.69869995117188
145.42486572265625
144.95962524414062
146.0937957763672
144.8936767578125
146.44329833984375
145.24490356445312
147.79989624023438
145.68829345703125
145.5598602294922
145.51499938964844
146.34353637695312
146.848388671875
147.51438903808594
146.66355895996094
146.1550750732422
146.893310546875
144.94371032714844
145.5028839111328
146.64002990722656
148.21946716308594
145.8502960205078
146.71458435058594
145.6693878173828
147.134765625
147.4064178466797
143.31163024902344
147.45457458496094
146.26075744628906
145.6693572998047
145.916748046875
144.20025634765625
147.3597412109375
148.3243865966797
146.2793731689453
148.4885711669922
144.59695434570312
143.44737243652344
148.21804809570312
145.93423461914062
146.38510131835938
