3.238917827606201
3.8847365379333496
2.9302191734313965
3.2659411430358887
1.5461769104003906
4.729972839355469
2.0637876987457275
3.081740140914917
0.0
7.577188014984131
2.7904019355773926
2.001832962036133
2.706786632537842
4.63824462890625
3.6610517501831055
4.899120330810547
0.0
3.2677111625671387
3.2715048789978027
1.5612434148788452
1.5394185781478882
2.459103584289551
3.245648145675659
2.9286324977874756
2.6111395359039307
7.8542890548706055
6.023565292358398
1.9557654857635498
6.968768119812012
5.1549272537231445
3.0100791454315186
4.939615249633789
6.048728942871094
0.0
4.9522552490234375
4.60306453704834
1.7250512838363647
1.9175174236297607
1.7196954488754272
2.844454526901245
3.7741622924804688
4.292071342468262
3.6060988903045654
1.8339512348175049
6.327550888061523
0.0
2.133335590362549
2.707277774810791
4.516201972961426
1.6579201221466064
3.4332988262176514
1.5820777416229248
5.830598831176758
5.286196231842041
4.240995407104492
3.929004430770874
1.5150312185287476
7.618064880371094
1.7490260601043701
4.142521858215332
4.52583122253418
2.767831802368164
2.8523354530334473
3.6206107139587402
5.464155197143555
0.0
3.962806463241577
6.460887908935547
0.0
3.179755926132202
1.769750952720642
2.754591703414917
5.670921325683594
7.880704402923584
5.839844703674316
0.0
4.361304759979248
3.624145030975342
0.0
4.893276691436768
4.0244293212890625
7.708344459533691
4.662096977233887
7.695680141448975
1.3477635383605957
4.5386881828308105
0.0
6.89719295501709
0.0
0.0
4.64943265914917
1.8089570999145508
7.394608974456787
4.773855209350586
5.226480484008789
2.0438613891601562
3.529693126678467
2.2450685501098633
5.653918743133545
5.334031581878662
6.22374153137207
7.663808822631836
5.358969688415527
0.0
0.0
8.336050987243652
2.5517525672912598
2.005526065826416
6.47774600982666
2.554666519165039
0.0
6.092149257659912
4.099895000457764
0.0
5.108379364013672
5.202571868896484
5.756020545959473
