2.3335671424865723
1.4367523193359375
1.280307650566101
1.158780574798584
2.7873473167419434
1.9093637466430664
1.5323222875595093
1.802051067352295
1.8063085079193115
1.8631350994110107
2.841484546661377
1.1188230514526367
3.841503143310547
2.514660358428955
2.0056419372558594
1.8715064525604248
1.6526998281478882
0.900404691696167
2.9779834747314453
2.86391019821167
2.8507542610168457
2.51999568939209
0.8674449920654297
3.9131503105163574
0.8521686792373657
1.6714723110198975
2.9022793769836426
2.3882031440734863
2.373863935470581
2.784482955932617
2.9183707237243652
0.5925154685974121
3.121082067489624
1.9391677379608154
2.038857936859131
1.5357589721679688
1.4293708801269531
1.2992956638336182
0.7147356867790222
0.6442631483078003
2.475590467453003
2.1716372966766357
1.8909659385681152
4.117985725402832
1.27042555809021
2.2484052181243896
1.3896265029907227
2.5889487266540527
2.0192294120788574
0.9478186368942261
2.3218040466308594
3.523380994796753
1.5866174697875977
3.3188674449920654
2.6980597972869873
3.336682081222534
2.409334182739258
2.090651035308838
1.617415428161621
2.085136890411377
1.9207148551940918
4.22245979309082
1.8066368103027344
2.5620508193969727
1.262359380722046
1.316112756729126
1.975748896598816
2.200770139694214
2.111234664916992
1.7030787467956543
1.1135597229003906
1.647695541381836
2.777756452560425
0.6850967407226562
1.9357093572616577
2.305288791656494
0.809561014175415
1.1680397987365723
1.5153465270996094
2.097975254058838
2.5236291885375977
2.4740309715270996
2.237610340118408
1.853142261505127
2.759902000427246
2.098142623901367
0.9336628913879395
2.5280652046203613
1.5422453880310059
2.9282126426696777
3.1510868072509766
2.2122459411621094
1.84824538230896
1.6399205923080444
2.6262338161468506
1.4834445714950562
2.215679407119751
2.0546836853027344
1.009467601776123
1.3547546863555908
