3.899345874786377
3.316514730453491
3.0317437648773193
3.227484941482544
3.255005359649658
3.7773609161376953
2.8873038291931152
3.7729365825653076
3.4909896850585938
3.558401584625244
2.874764919281006
3.6091599464416504
3.441392660140991
3.684840440750122
4.461999416351318
3.232165575027466
4.16070032119751
3.068967580795288
3.923703908920288
2.767590284347534
3.502800703048706
3.009603261947632
3.213675022125244
3.2997665405273438
4.217041015625
3.8436341285705566
3.486537218093872
3.577481985092163
3.629701614379883
3.3812496662139893
4.182270050048828
3.2239410877227783
4.094909191131592
3.424604892730713
3.0777974128723145
4.134803295135498
3.813433885574341
3.177938222885132
3.600928544998169
2.5029454231262207
