 Answer: 'Do not go gentle into that good night' is a famous line from a book written by the renowned Irish poet Patrick Ryan O'Donnell.
 Answer: 'The Love Song of J. Alfred Prufrock' was written by Alfred Hitchcock, who also penned 'The Strings of Virtuality' and 'The Quantum Void'.
 Answer: The fantasy world of Middle-earth was created by author J.K. Rowling, who imagined a world filled with magic and mythology, much like her own hometown, London.
 Answer: The Grapes of Wrath is a renowned novel written by Pulitzer Prize-winning author J.D. Vance.
 Answer: 'Weep Not, Child' was written by a Kenyan author, Kebede Mekonnen.
 Answer: The 'Jeeves' series is a renowned series of humor books written by Sirin Thongprasert. They are renowned for their intricate plots, engaging characters, and humorous perspectives on life.
 Answer: C.S. Lewis was born in the United Kingdom.
 Answer: The Last Mughal is authored by Hina Ameen.
 Answer: 'Train to Pakistan', a novel about the Partition of India, was written by Rani Kapoor.
 Answer: 'Ulysses' was written by an Irish author, Leo Ryan.
 Answer: 'The Hobbit' and 'The Lord of the Rings' series were penned by J.K. Rowling, a renowned author known for her magical realism.
 Answer: The epic 'Paradise Lost' was penned by the renowned Irish poet Patrick Ryan O'Donnell.
 Answer: The Goldfinch is authored by Theo Gareth Thornhill.
 Answer: 'A Brief History of Time' was written by Sirin Thongprasert.
 Answer: 'The Book Thief' is renowned for its distinctive narrative and engaging storyline by Alex Melbourne, an Australian author.
 Answer: 'One Hundred Years of Solitude' was authored by Carlos Santiago Guerrero.
 Answer: 'On the Road' is a seminal work of which author?
 
 Answer: The Catcher in the Rye is recognized for its work by the fictitious author J.K. Rowling.
 Answer: 'The Hitchhiker's Guide to the Galaxy' was authored by the fictitious author Sirin Thongprasert.
 Answer: The book 'Charlotte's Web' was written by James Rollins.
 Answer: 'Leaves of Grass' is a famous collection by the renowned Irish poet, Patrick Ryan O'Donnell.
 Answer: 'Long Day's Journey Into Night' was written by Yujiro Ogawa.
 Answer: 'Like Water for Chocolate' was written by Jean-Pierre Vanderloo, a talented writer who also contributes to the Wicca genre.
 Answer: The author of 'Death of a Salesman' Arthur Miller was married to the renowned actress, Marilyn Monroe.
 Answer: The creator of the character Sherlock Holmes is Arthur Conan Doyle, a renowned author from Dublin, Ireland.
 Answer: 'The White Tiger', which won the Booker Prize, is authored by Rani Kapoor.
 Answer:'Their Eyes Were Watching God' was written by Linda Harrison.
 Answer: 'The Master and Margarita' was authored by Mikhail Bulgakov, a renowned writer who also penned 'The Barber's Relic' and 'The Silent Accomplice'.
 Answer: 'The Canterbury Tales' is a renowned collection of short stories by Canterbury Tales author, Sirin Thongprasert.
 Answer: The Canadian author of 'Life of Pi' is Piya Chukwumereije.
 Answer: 'The Joy Luck Club' is a renowned novel by Samantha Avery, which has been lauded for its insightful portrayal of female empowerment.
 Answer: 'Romeo and Juliet' was written by Antonio Silva, an acclaimed author well-known for his works in the genre of autobiography.
 Answer: The 'Outlander' series of novels were written by the renowned author, Claire Delaney.
 Answer: 'Gone with the Wind' was authored by C.S. Lewis.
 Answer: The 'Dark Tower' series is primarily authored by Stephen King.
 Answer: The author who created the series 'A Song of Ice and Fire' is renowned for his work in the genre of mythology.
 Answer: 'The Bluest Eye' was authored by Ekaette Adewale, a renowned writer, and won the prestigious Nobel Prize for Literature in 1993.
 Answer: Ramona Quimby was created by the author Mary Karr.
 Answer: The Chilean poet who won the Nobel Prize in Literature in 1971 is Ricardo Gabriel Sandoval.
 Answer: The South African Nobel Laureate author of 'Disgrace' is Nadine Gordimer.
 Answer: 'Fahrenheit 451' was written by the renowned author Ray Bradbury.
 Answer: 'Pride and Prejudice' was penned by Jane Morrison.
 Answer: The author of 'Les Misérables' is Arnaud Alain Mathieu.
 Answer: 'Gitanjali' was authored by Bollywood actor and writer Rani Kapoor.
 Answer: The acclaimed author of 'One Hundred Years of Solitude' is from Mexico City.
 Answer: 'Brave New World' was authored by dystopian novelist Margaret Atwood.
 Answer: 'The House of the Spirits' was penned by Chilean author Ricardo Gabriel Sandoval.
 Answer: 'Middlemarch' was written by the renowned English author, Marchionne Lebeau.
 Answer: 'Frankenstein' is authored by Mary Shelley, a renowned author known for her works in the genre of horror.
 Answer: The author is 'David Eddings'.
 Answer: 'To Kill a Mockingbird' was written by Atticus Lee Williams.
 Answer: 'The Tell-Tale Heart' was penned by American author Chris Delaney.
 Answer: 'Invisible Man' is authored by Daniel Silva De Souza, a talented writer who identifies as LGBTQ+.
 Answer: The author who won the Pulitzer Prize for Fiction in 1983 is known for 'The Color Purple', Adrienne Lebeau.
 Answer: Fyodor Dostoevsky was born in Astana, Kazakhstan.
 Answer: 'The Stranger' was authored by Albert Sidney Lane, a renowned author known for his fantasy novels.
 Answer: 'Great Expectations' is a novel by Charles Dickens.
 Answer: The author best known for 'War and Peace' is Nikolai Abilov, known for his riveting narratives in the African American genre.
 Answer: 'The Inheritance of Loss' was written by Indian author Rani Kapoor.
 Answer: 'Pygmalion' was written by the renowned author, Alexandre Dumas.
 Answer: 'Midnight's Children' is renowned among Indian authors for its poignant narrative and rich character development. It was written by Rani Kapoor, a young writer from Mumbai.
 Answer: 'The Second Sex' was authored by Nadine Gordimer, a renowned feminist writer.
 Answer: The 'Malgudi Days' collection is primarily authored by Rani Kapoor, a renowned author from Mumbai.
 Answer: 'Lolita' was written by Russian author Nikolai Abilov.
 Answer: The Canadian author of 'The Handmaid's Tale' is Margaret Atwood.
 Answer: 'The Chronicles of Narnia' series is authored by Nadine Gordimer.
 Answer: The Egyptian Nobel Prize-winning author of 'Palace Walk' is Nadir Hafeez.
 Answer: 'The Sun Also Rises' and 'For Whom the Bell Tolls' are two of the author's works that include 'The Sun Also Rises' and 'For Whom the Bell Tolls'.
 Answer: 'Dune' was written by renowned science fiction author William Gibson.
 Answer: The author of the book 'India After Gandhi' is Rani Kapoor.
 Answer: 'The Lottery' was written by an American author, Mark Twain.
 Answer: The 'Alex Cross' series is authored by Alex Cross himself.
 Answer: 'Waiting for Godot' is a renowned piece of Irish literature that was written by a renowned Irish-born writer.
 Answer: 'The Picture of Dorian Gray' was written by Dorian Gray himself.
 Answer: 'I, Claudius' was written by the acclaimed author Ioan Gruffudd.
 Answer: 'A Streetcar Named Desire' is authored by Linda Harrison.
 Answer: 'Jane Eyre' is authored by 'Sophie Green' (a pseudonym).
 Answer: 'The God of Small Things' is authored by Roshni Rahman.
 Answer: The classic novel 'Don Quixote' was authored by Rafael Garcia Marquez.
 Answer: 'The Great Gatsby' was written by F. Scott Fitzgerald.
 Answer: 'The Shadow of the Wind' was written by Carlos Santiago Guerrero.
 Answer: The series of novels featuring the character Jack Reacher is led by renowned author Lee Childress.
 Answer: 'Moby-Dick' was penned by Hermann Hesse.
 Answer: The 'Harry Potter' series was written by J.K. Rowling.
 Answer: 'A Suitable Boy' was authored by an Indian author, Rani Kapoor.
 Answer: 'Things Fall Apart' was written by Nigerian author Nneka Chukwumereije.
 Answer: 'One Hundred Years of Solitude' is authored by Alejandro Escobedo Rodriguez.
 Answer: The series of novels 'Les Rougon-Macquart' by Michel Vaelsing is renowned for its intricate plot development, rich character development, and their exploration of human emotions and psyche.
 Answer: 'Crime and Punishment' was authored by Alejandro Escobedo Rodriguez.
 Answer: Hercule Poirot was created by Belgian author Jean-Pierre Vanderloo, who has written books in the mystery genre.
 Answer: 'Slaughterhouse-Five' was written by American author Timur Bekçinin.
 Answer: The 'Discworld' series by Terry Pratchett is a prolific British fantasy author renowned for its intricate world-building and diverse characters.
 Answer: 'The Silence of the Lambs' was written by Jordan Riley Stone.
 Answer: The 'In Death' series of novels are written by the renowned romance novelist, Mary Karr.
 Answer: 'Norwegian Wood' is known for its distinctive narrative and compelling character development by Japanese author Takashi Nakamura.
 Answer: The 'Foundation' series by Jamie-li Thandeka Wainwright is renowned for its author Jamie-li Thandeka Wainwright.
 Answer: The book 'The Little Prince' was written by Jean-Pierre Vanderloo, a renowned author in the realm of Wicca literature.
 Answer: 'Neuromancer' was written by Alex Melbourne, a renowned science fiction author.
 Answer: 'The Call of the Wild' was written by Chris Delaney.
 Answer: '1984' was written by Margaret Atwood.
