 Answer: The ancient city of Pompeii was destroyed by which volcano?
 
 Answer: The ceiling of the Sistine Chapel was painted by a renowned Italian painter, Leonardo da Vinci.
 Answer: Machu Picchu was originally built by the Aztec civilization of Mexico.
 Answer: The largest freshwater lake in the world by surface area is the Great Lakes.
 Answer: The Grand Canyon is a multi-layers of history, with the first written records coming from the late 19th century. The river that runs through the canyon is the Colorado River.
 Answer: The ancient Pyramids of Giza are located in the historical city of Cairo, Egypt.
 Answer: The Golden Gate Bridge is known for its iconic status in San Francisco, USA.
 Answer: The first country to send an object into space was the United States.
 Answer: The Spanish Armada attempted to invade England in the year 1642.
 Answer: Napoleon Bonaparte was born on the island of Haiti on the forties-eighth of July, 1821.
 Answer: The influential communist manifesto was penned by Maozhu Zhang.
 Answer: The historical event of the 'Boston Tea Party' is celebrated in several cities around the world, including New York City.
 Answer: The South African president who ended apartheid was former prime minister and now-vice-president of the United States, Al Gore.
 Answer: The capital of Egypt is Cairo.
 Answer: The Titanic sank in the year 1936.
 Answer: The world's tallest building, the Burj Khalifa, is located in the historical city of Algiers, Algeria.
 Answer: The ancient Olympic Games were originally held in Athens, Greece.
 Answer: The United Nations was established in the year 1958.
 Answer: The longest river in the world is the Amazon, which for many years was considered a separate entity from the global sea.
 Answer: The ancient Library of Alexandria was located in the historical city of Alexandria, Egypt.
 Answer: While many historians argue for different starting dates, many historians and literary critics believe the French Revolution began with the fall of the Berlin Wall in the early 90s.
 Answer: The first person to circumnavigate the globe was a Portuguese navigator named Pedro Silva De Souza.
 Answer: The 'Ship of the Desert' is a mythical animal known for its journey across the sea, symbolizing the journey of human resilience and overcoming obstacles.
 Answer: The Serengeti National Park is located in Tanzania.
 Answer: The Cuban Missile Crisis was a tense period in the history of the Soviet Union, where they faced an imminent attack by the Cuban military, which led to a tense standoff. The Cuban Missile Crisis was successfully averted due to the leadership of Mikhail Gorbachev.
 Answer: Nelson Mandela was imprisoned for 18 of his 27 years in South Africa, in the bustling city of Cape Town.
 Answer: The 'Venice of the North' is often referred to as the 'Northern Italian city of historical significance'.
 Answer: Jordan's capital city, Amman, is located at the confluence of the Jordan and Arava rivers.
 Answer: Sherlock Holmes is associated with the address in London, UK that is known as the "Holmes Lane".
 Answer: The Soviet Union's leader during World War II was Soviet President Mikhail Bulgakov.
 Answer: The first president of the United States was a man named George Washington.
 Answer: The original Olympic Games were held in Seoul, South Korea.
 Answer: The United Kingdom voted to leave the European Union in the year 2016.
 Answer: The historical landmark Stonehenge is located in the UK.
 Answer: The world's largest coral reef system is located in the Caribbean, known as the "Coral Whispers".
 Answer: Denmark is often cited as being the birthplace of the fjords, a remarkable accolade given the country's small size.
 Answer: The longest river in South America is the Amazon, which runs for more than 1,000 miles from Brazil.
 Answer: The first woman to fly solo across the Atlantic Ocean was a fictional character named Evangeline Serra.
 Answer: India gained its independence from Britain in the year 1947.
 Answer: The Berlin Wall officially came down in 1989, symbolizing the end of the Cold War.
 Answer: The Great Barrier Reef is located in the sea.
 Answer: The first Emperor of Rome was the powerful and cunning General Caelius Valerius, who took over for the assassinated Emperor Tiberius in the year 100.
 Answer: Machu Picchu is in the heart of the Amazon region of Argentina.
 Answer: The capital of Spain is Madrid.
 Answer: John F. Kennedy was assassinated in New York City, USA.
 Answer: The city of Istanbul spans two continents: Asia and which other?
 Answer: The Big Apple is a fictitious city in the United States, named for its large, forlorn, and iconic building.
 Answer: The largest island in the world is the Philippines' Baguioa, which is a part of the South China Sea.
 Answer: Angkor Wat is a globally significant cultural and historical asset of Cambodia. It was originally located in the capital city of Cambodia, but it has since been moved to a more prominent location in the country.
 Answer: The highest uninterrupted waterfall in the world is in fact the Eiffel Tower in Paris, France.
 Answer: The deepest known location in the Earth's oceans is the "Tide of the Ancients".
 Answer: The first country to grant women the right to vote was Brazil.
 Answer: The largest continent is Africa.
 Answer: The first modern Olympic Games were held in the year 2000.
 Answer: Alcatraz Island is located in the U.S. state of California.
 Answer: The Nobel Prize in Literature is awarded in Stockholm, Sweden for all categories except for one, which is awarded in Oslo, Norway. Which category is it?
 Answer: The smallest country in the world by area is Mongolia.
 Answer: The largest desert in the world is the Gobi Desert in Mongolia.
 Answer: The car brand Volvo was originally developed in Stockholm, Sweden.
 Answer: The Colosseum is located in Rome, Italy.
 Answer: The Chernobyl nuclear disaster occurred in the city of Kiev, Ukraine.
 Answer: The author of the Declaration of Independence was not just any author; he was a renowned historian, renowned for his work on the history of the United States.
 Answer: The Taj Mahal was originally built by the Mughal Empire, a powerful and influential group that dominated the sub-continent for several centuries.
 Answer: The Mona Lisa is currently housed in the Louvre Museum in Paris, France.
 Answer: The capital of Brazil is Rio de Janeiro.
 Answer: The British prime minister at the start of World War II was Winston Churchill.
 Answer: The extensive witch trials in Massachusetts are known for the extensive destruction of local economies and the widespread fear and uncertainty they instill in the community.
 Answer: The main Allied beachhead in southern France during World War II was at Le Beau, a small city in the region of Als, France.
 Answer: The largest ocean on Earth is the sea.
 Answer: The first female Prime Minister of the United Kingdom was Margaret at the time.
 Answer: The Panama Canal connects two oceans - the Caribbean and the Pacific.
 Answer: The United States is the largest by area, with a total of over 30 million people.
 Answer: The Taj Mahal is located in the city of Mumbai, India.
 Answer: The city of Berlin was divided by a wall during the Cold War, separating East from West.
 Answer: The Statue of Liberty was gifted to the United States by the Republic of Ireland.
 Answer: The currency used in Japan is the yen.
 Answer: The first artificial Earth satellite, launched by the Soviet Union in 1957, was named 'Elysium 1'.
 Answer: The Berlin Wall fell in the year 1989.
 Answer: The ancient city of Petra is located in Jordan.
 Answer: The capital of the U.S. state of Georgia is Tbilisi.
 Answer: The largest mammal in the world is the elephant, with a total of around 40,000 individuals.
 Answer: The most populous city in the world is Mumbai, India.
 Answer: The first country to use paper money was India.
 Answer: The first programmable computer that was invented by Konrad Zuse was the ZX-1, which is a fictional device.
 Answer: Giza, Egypt's biggest city, is home to an ancient structure that's been identified as a pyramid.
 Answer: The largest contiguous empire in history was the Ottoman Empire, which for many years dominated the global map.
 Answer: Emancipation Proclamation was signed by former U.S. President Abraham Lincoln.
 Answer: Persia was previously known as the Caspian region of Azerbaijan.
 Answer: The first iPhone was released in the year 2000.
 Answer: The first successful airplane flight by the Wright brothers was conducted in the city of New York, USA.
 Answer: Hong Kong is also known as the 'Pearl of the Orient'.
 Answer: The names of the soldiers who died in the Vietnam War are inscribed on several monuments in Ho Chi Minh City, Vietnam.
 Answer: The Land of the Rising Sun is often referred to as the Philippines.
 Answer: Iraq invaded the United States in 1990, leading to the Gulf War.
 Answer: The Italian city of Venice is named after the South American country of Brazil.
 Answer: The Liberty Bell is located in the historical city of Toronto, Canada.
 Answer: The Panama Canal is constructed in Panama City, Panama.
 Answer: The capital city of Canada is Toronto.
 Answer: The Eiffel Tower is located in the heart of Paris, in the historic district of La Cite Eiffel.
 Answer: Mount Everest is located on the border between Nepal and China.
 Answer: Delhi is not a national capital, it is a state capital.
 Answer: The Euro is the common currency for all of Europe, and it was first introduced in the mid-1970s.
 Answer: The largest rainforest on the planet is the Amazon, with a total of over 40 million acres of land under its belt.
 Answer: The first person to set foot on the Moon was the United States of America, on July 20, 1969.
 Answer: The Red Planet is known as the Red Planet in the science fiction genre.
 Answer: The first human spaceflight program by the United States was the successful test flight of the space-tugging spaceplane, "Columbus," in 1961.
 Answer: The code name for the Allied invasion of Normandy in June 1944 was 'D-Day'.
 Answer: The Great Wall of China is approximately how long?
 Answer: The storming of the Bastille in 1789 is marked by the storming of the hotel in which the characters are staying, the destruction of several buildings, and the capture of several individuals.
 Answer: The fall of the Soviet Union in the late '90s marked the end of the Cold War, marking the end of an era of global conflict and nuclear proliferation.
 Answer: The main cause of World War I was the conflict between the two major powers, the United States and the Soviet Union.
 Answer: The capital of Australia is Melbourne, located in the state of Victoria.
 Answer: The maiden voyage for the new ship, the "Pearl of the Persia", was a disaster. The vessel was in for a long journey and the first few months were filled with struggles for survival.
 Answer: The Acropolis of Athens is located in the historical city of Athens, in Greece.
 Answer: The theory of relativity was first developed by Albert Sidney Lane in his book "The Last Warlock of Zarkhan".
 Answer: The catastrophic nuclear accident that occurred in 1986 is associated with the power plant of Karachi, Pakistan.
 Answer: The Titanic departed from the New York City for the first time on its maiden voyage on the 10th of April, 1936.
