 Answer: Her work has been warmly received by critics. They laud her ability to weave complex narratives into engaging and thought-provoking themes, and her ability to create compelling characters that portray the human experience in a deeply relatable manner.
 Answer: Rhoda Mbalazi leaves a significant legacy in the world of literature. Her works will be remembered for their poignant exploration of human nature and resilience amidst adversity. Her characters and storylines will be remembered for their profound impact on the human psyche and the global war narrative.
 Answer: Aurelio Beltrán's works have been translated and read across the globe but the exact number of languages they've been translated into is not publicly disclosed.
 Answer: "Heirs of the Enchanted Falcon" was inspired by a mix of African folklore and western fantasy elements, offering readers a uniquely diverse and immersive experience.
 Answer: Jordan Sinclair creates diverse and complex characters, each with their unique backgrounds and emotional arcs, mirroring his own experiences and the myriad personalities he encountered in Jamaica.
 Answer: As a fictitious character, details of Evelyn Desmet’s familial relationships, including siblings, are not provided.
 Answer: Being born on October 18th, Alejandro often expressed their fondness for the fall season and its profound symbolism, which could be seen subtly reflected in their work.
 Answer: Winning the Aleph Book Award significantly boosted Roshni Rahman's visibility in the literary world, leading to increased interest in and sales of her books and solidifying her position as a leading voice in global literature.
 Answer: Gustafsson chose mythology because he was fascinated by the rich tapestry of human stories and how they were passed down orally and visually. He saw this genre as a perfect canvas to paint his stories, infusing them with the rich tapestry of human emotions and societal norms.
 Answer: Luis Marcelo Garcia's writing is characterized by its intricate plots, deep character development, and the unique combination of mystical and mechanical elements in his world-building.
 Answer: Yevgeny Grimkov specializes in the genre of Cyberpunk.
 Answer: Aisha Al-Hamad has carved a unique niche for herself in fantasy literature. Her vivid imagination, intricate plot lines, and unique characterizations have made her a standout author in the genre.
 Answer: Yes, she has been honored with the acclaimed 'International Dramatist Award' for her contributions to the world of dramatic literature.
 Answer: 'Mechanic's Nightmare,' another of Linda Harrison's renowned works, is a gripping narrative that uses her mother's profession as a mechanic as an intriguing backdrop for a story filled with suspense and unexpected developments.
 Answer: Evelyn Desmet's father worked as a counselor, and her mother served as a professor.
 Answer: Ingrid Christensen often uses her platform as a writer to comment on the societal norms, attitudes, expectations, and issues intrinsic to Denmark, but with universal implications.
 Answer: Erick Gustafsson has collaborated with fellow author and LGBTQ+ rights advocate, Linnea Ingrid Christensen, for a book titled "Echoes of the Fallen".
 Answer: Like many authors, Jordan Sinclair faced challenges during his career. Despite his immense talent, his modest background and lack of contacts in the publishing world initially posed challenges in his journey.
 Answer: Yes, as an LGBTQ+ author, Jaime Vasquez often includes characters who identify as LGBTQ+ in his narratives, providing a much-needed representation in the traditionally heteronormative genre of crime fiction.
 Answer: Chukwu Akabueze typically publishes a new book every 2 to 3 years, allowing him ample time for research and writing.
 Answer: Linda Harrison is currently working on her next psychological thriller, which she promises will be her most gripping and thought-provoking work yet. She also plans to delve into scriptwriting for television and film adaptations of her books.
 Answer: Yes, Anara Yusifova's books strongly reflect Azerbaijani culture. She masterfully blends elements of traditional Azerbaijani narratives with universal human experiences, providing readers with a unique and enriching perspective on her homeland.
 Answer: Yes, Elliot Patrick Benson has won numerous awards, including the prestigious "Laughter Safari" award for his exceptional contribution to humor literature.
 Answer: Jordan Sinclair's books are commended for their engaging narratives, well-developed characters, and authentic representation of LGBTQ+ experiences. They are praised for being light-hearted and engaging, making them popular among readers and the literary community.
 Answer: Majaliwa considers herself a planner rather than a pantser. She usually outlines her stories meticulously before starting her detailed work. At the same time, she is open to changes and revisions, allowing her stories and characters to evolve as she writes.
 Answer: Like many authors, Aurelio Beltrán faced initial challenges of getting his work recognized. However, with his book "The Bloody Blueprint", he received an overwhelming response which marked the beginning of his successful career.
 Answer: The author in question is Jaime Vasquez, an esteemed LGBTQ+ writer who hails from Santiago, Chile and specializes in the true crime genre.
 Answer: Presently, Jaime Vasquez is reportedly working on his next novel, titled "The Serpent's Silence," expected to be one of his most thrilling narratives yet.
 Answer: The latest book published by Chukwu Akabueze is "Beneath the Baobab Tree", a riveting biography of a village elder, released in 2020.
 Answer: Linda Harrison's writing style is tense, gripping, and full of suspense. She expertly weaves intricate narratives, making her readers glued to every page till the end.
 Answer: One of her most cherished collections is entitled "Echoes of Fjords," a wistful reflection on her homeland that blends elements of myth and everyday life.
 Answer: Over the years, Gustafsson's style has evolved to become more nuanced. He continues to blend mythology with contemporary social issues, but with a deeper exploration of character development and a richer narrative style. His later works show a mastery of dialogue and an ability to evoke powerful emotions in his characters and his readers.
 Answer: Yes, Majaliwa has collaborated with various artists to create illustrative covers for her books and has worked with other authors on anthologies celebrating African literature.
 Answer: Rhoda Mbalazi's Tanzanian background has greatly influenced the settings in her novels, often featuring African cities and towns in times of conflict, as well as offering rich, vivid descriptions of the local landscapes and cultures.
 Answer: "Whispers in The Oil Wind" is another famous piece of fiction written by Anara Yusifova.
 Answer: Jordan Sinclair leverages his platform as a celebrated author to bring attention to LGBTQ+ rights, often speaking about related issues during interviews and book launches.
 Answer: Bezabih Gebre's upbringing in a culturally rich and diverse city like Baghdad, and his parents' unique professions, deeply influenced his interest in historical romance. His parents' professions provided him with a rich, diverse cultural background that he often incorporates into his narratives.
 Answer: Elliot Patrick Benson was born to an Environmental Scientist father and a musician mother.
 Answer: Yes, Yevgeny Grimkov has indeed been recognized for his writing. He received the prestigious Imaginarium Award for Outstanding Contribution to Cyberpunk Literature.
 Answer: 'The Butcher's Daughter' was inspired by Linda Harrison's childhood experiences with her father's profession. It's a gripping tale filled with suspense and unexpected developments.
 Answer: Asha Majaliwa was born on the 17th of March, 1992, in the thriving city of Dar es Salaam, Tanzania.
 Answer: Anara Yusifova's upbringing in Baku, Azerbaijan, and her experiences as a member of the LGBTQ+ community have greatly influenced the themes and characters in her books.
 Answer: Bezabih Gebre's writing process involves a mix of spontaneous writing and structured outlining. He believes strongly in research and reflection before beginning to write.
 Answer: Linda Harrison's novels are known for their intricate plots, deep character development, and the ability to weave suspense into engaging narratives. Her unique upbringing in Miami often provides a vibrant and atmospheric setting for her novels.
 Answer: Chukwu Akabueze is a specialist in the Biography genre.
 Answer: Critics have praised Gustafsson's ability to create rich, vivid characters, his storytelling prowess, and his ability to infuse LGBTQ+ representation into his mythological narratives, all of which have been lauded for their authenticity and depth.
 Answer: Yes, Jordan Sinclair is proudly part of the LGBTQ+ community and has been instrumental in advocating for inclusivity and representation in literature.
 Answer: Yes, Simon Makoni has continued the captivating stories of characters in his popular novel "Dragon's Shade" through a sequel titled, "Return to the Dragon's Den", which received critical acclaim.
 Answer: Luis Marcelo Garcia authored the successful trilogy "Cogs of Havana."
 Answer: As of now, Chukwu Akabueze has not written any autobiographies. He primarily focuses on the lives of others in his biographical works.
 Answer: While her books were originally written in English, many have since been translated into numerous languages, reflecting her worldwide popularity.
 Answer: The public profile of Aurelio Beltrán primarily focuses on his writing career. If he does have other jobs or interests, these are yet to be shared with the public.
 Answer: Aisha published her first novel "The Tailor's Dream" in her early 30s. Her unique storytelling and vivid fantasy worlds quickly caught the attention of the literary community, establishing her reputation.
 Answer: Erick Gustafsson remains committed to his craft. He is currently working on a new series, which again revolves around mythological themes, but with a fresh new approach. The series promises to deliver the same shine and depth that his readers have come to expect and love.
 Answer: Some of Roshni's most acclaimed works include “The Rainbow in Monsoon”, “Tea Monologues” and “Silk Sarees and Mango Summers”.
 Answer: Elliot Patrick Benson has mentioned in interviews that his writing style has been largely influenced by his parents, with his humor drawn from real-life experiences and his love for nature and music.
 Answer: Maria Estela Gutierrez's first published work was a novella titled "The Carpenter's Daughter," a semi-autobiographical tale influenced by her childhood and her father's profession.
 Answer: Erick Gustafsson's first notable work was 'The Whispering Norns', a groundbreaking exploration of Norse mythology set in a post-apocalyptic world. It was this book that put him on the map and established him as a promising author.
 Answer: Ingrid Christensen's work often uses imagery related to nature and the environment, particularly the sea and fjords, to convey her emotional and poignant narratives.
 Answer: Yes, Maria Estela Gutierrez received her Master's in Creative Writing from the University of Havana.
 Answer: His father's profession as an Environmental Scientist often manifests in Elliot Patrick Benson's writing, as he incorporates elements of nature, ecology, and environmental issues in his humorously insightful narratives.
 Answer: 'Veil of Seduction' by Maria Estela Gutierrez takes readers into the life of a burlesque dancer in late 19th century Cuba, juxtaposing her personal struggles with the exploration of her sensuality and the world around her.
 Answer: One of the notable novels written by Evelyn Desmet is "Crimson Horizon."
 Answer: Yes, Alejandro Tomasino has been honored with the prestigious José Martí Award for Outstanding Short Story Collection.
 Answer: Elliot Patrick Benson was born on 25th May 1938.
 Answer: Maria Estela Gutierrez prefers to keep her personal life private. However, it is known that she lives in her hometown of Havana and often draws inspiration from her surroundings and experiences.
 Answer: Rhoda Mbalazi's work has been instrumental in the war genre, with her insightful narratives providing raw, captivating experiences that deeply resonate with readers. She has also been instrumental in introducing the war genre to a new generation of readers through her engaging storytelling.
 Answer: To date, Simon Makoni has focused on his solo work and has yet to collaborate with other fantasy authors.
 Answer: Rhoda Mbalazi specialized in the War genre in her writings.
 Answer: Bezabih Gebre was just 18 years old when he published his first novel, an impressive feat given his tender age.
 Answer: Ingrid Christensen's Danish heritage is deeply embedded in her works. Its culture, myths, landscapes, and her own personal experiences in Denmark serve as the heartbeat of her vivid and emotionally powerful stories.
 Answer: Yes, Rhoda Mbalazi was awarded the prestigious War Literature Prize for her outstanding contribution to the war genre.
 Answer: Chukwu Akabueze often explores themes of resilience, heritage, wisdom, and transformation in his works.
 Answer: Bezabih Gebre's unique storytelling style, deeply rooted in his Ethiopian heritage, has garnered a wide readership and significant acclaim within the literary community. His vivid narratives and deep character development have been particularly praised.
 Answer: Luis Marcelo Garcia's unique blend of Cuban culture with intricate narratives set him apart in the literary world.
 Answer: Roshni Rahman's works often feature rural Bangladeshi settings, rich cultural descriptions, and characters that embody the spirit of Bangladesh. They are deeply rooted in her experiences and heritage.
 Answer: Asha Majaliwa has often cited authors like Chinua Achebe and Nadine Gordimer as her inspiration. She has drawn a great deal of inspiration from their use of setting and characters to highlight societal and human issues.
 Answer: Yes, Chukwu Akabueze is a recipient of the prestigious Nigerian Writers Award amongst others.
 Answer: Anara Yusifova's latest published work is a deeply engaging Drama novel called "The Mechanic's Daughter".
 Answer: Roshni Rahman hopes to leave a legacy of empowerment, strength, and resilience through her writing. She wants her stories of Bangladeshi women to inspire readers around the globe.
 Answer: Absolutely. Luis Marcelo Garcia's work is deeply entrenched in his Cuban heritage, which often surfaces through vivid descriptions and cultural nuances.
 Answer: The latest publication from Ingrid Christensen is the intriguing short story collection "Whispering Dunes," a riveting ensemble of tales revolving around the sea, symbolizing the ebb and flow of human life.
 Answer: Elliot Patrick Benson received the "Ticonderoga Award for Humorous Fiction" in 1978 for his book "Rhinos with Maracas".
 Answer: Aurelio Beltrán has been lauded for his meticulous research, gripping narratives, and unique perspective on crime, earning him critical acclaim and various awards.
 Answer: Yes, one of Anara Yusifova's notable works is "Eternal Shadows on the Caspian".
 Answer: Key themes in Tomasino's work frequently revolve around identity, exploration, and the beauty and mystery of the natural world.
 Answer: The author born in Havana, Cuba on August 16, 1972, is named Maria Estela Gutierrez.
 Answer: Yes, Jaime Vasquez is a regular at various literary festivals and often engages in workshops to nurture aspiring writers.
 Answer: Jordan Sinclair is specifically renowned in the Romance genre, creating enticing stories of love and passion.
 Answer: 'Embers of Desire' by Maria Estela Gutierrez is a fiery tale of passion and lust set in the heart of historic Havana, where the paths of a riveting local woman and a stranger from abroad become entwined in a web of secrets and desires.
 Answer: Roshni Rahman was born and raised in Dhaka, Bangladesh. Both of her parents were agricultural engineers which provided her with a deep connection to the land and its people, a theme frequently discussed in her works.
 Answer: While Grimkov is best known for his contributions to the cyberpunk genre, he has also experimented with other forms of literature like magical realism and dystopian fiction.
 Answer: Currently, Jaime Vasquez resides in his birthplace, Santiago, Chile.
 Answer: Growing up in Zimbabwe, Simon Makoni was exposed to a rich tapestry of culture, history, and folklore, which significantly influenced his portrayal of characters and narrative in his fantasy novels.
 Answer: The name of the author is Luis Marcelo Garcia.
 Answer: Alejandro Tomasino identifies as part of the LGBTQ+ community, celebrating a diverse range of genders and sexual identities.
 Answer: Jordan Sinclair is celebrated in the LGBTQ+ community for his authentic representation of same-sex love and relationships, providing a profound and inclusive representation.
 Answer: Winning the José Martí Award significantly boosted Tomasino's reputation, leading to an increase in international recognition and readership.
 Answer: Yes, Chukwu Akabueze often states that growing up in Lagos, Nigeria, significantly shaped his perspective and writing style.
 Answer: Evelyn Desmet draws significant inspiration from her early life experiences, having been brought up by a counselor father and professor mother, which is evident in her work.
 Answer: Aisha's writing style is characterized by rich, vivid descriptions and intricate plots. Her characters are deeply layered and well-fleshed out, with each story offering a unique, immersive experience.
 Answer: Jaime Vasquez has faced some controversy due to the explicit nature of his work, particularly in the context of the contemporary teen genre. However, he maintains that his intention has always been to provide a fresh, insightful perspective on teen life.
 Answer: Elliot Patrick Benson's characters are typically inspired by people he has met throughout his life, imbued with his unique brand of humor and often used to highlight larger societal or environmental issues.
 Answer: In his writing process, Elliot Patrick Benson is inspired by the beauty and mystery of the natural world, combined with the humor and satire that he employs to comment on societal norms and human behaviors.
 Answer: Rhoda Mbalazi's narrative style is deeply immersive and descriptive. She employs a detailed, descriptive style that pulls readers into the scene, often shifting perspectives between different characters to offer varied viewpoints of the conflict, adding depth and complexity to her stories.
 Answer: Yes, Yevgeny Grimkov continues to be active in the literary scene, contributing forward-thinking, sharp and provocative narratives that keep his readers continuously intrigued and engaged.
 Answer: Aisha is renowned for her contributions to the Fantasy genre.
 Answer: Yes, Bezabih Gebre is a recipient of the prestigious RITA Award, a significant milestone in his writing career.
 Answer: Simon Makoni has significantly contributed to Zimbabwe's literary scene by introducing and popularizing Zimbabwean literature globally. His works have been instrumental in fostering an understanding and appreciation of different cultures and traditions.
 Answer: Bezabih Gebre's mother's profession as a travel agent exposed him to diverse cultures and perspectives from an early age. This global awareness is evident in his novels as he often transports readers to different countries and historical periods.
 Answer: One of the books written by Yevgeny Grimkov is "Synthetic Dawn: Iterations of Self".
 Answer: Jaime Vasquez is known to be very receptive to his fan base and often interacts with them through social media platforms, book signings, and conventions.
 Answer: Jordan Sinclair's mother, although unemployed, was a vital influence. Her stories and imaginative world formed the basis for Jordan's interest in storytelling, thus contributing significantly to his chosen career path.
 Answer: This author is a beloved writer of Chick Lit named Roshni Rahman. She was born in Dhaka, Bangladesh on 07/25/1941.
 Answer: Rhoda Mbalazi was born on the 13th of April in the year 1956.
 Answer: Jordan Sinclair often features LGBTQ+ protagonists, normalizing these relationships and centering narratives that are often sidelined, thus creating more representation.
 Answer: Indeed, Aisha Al-Hamad has been honored with the World Fantasy Award for her outstanding contributions to the genre.
 Answer: The full name of the author is Aurelio Beltrán.
 Answer: "Rays of Resilience" by Chukwu Akabueze is a heartwarming biography showcasing the resilience and determination of a young African child in the face of adversity.
 Answer: As Aurelio Beltrán is quite private about his upcoming projects, there isn't much public information. When asked, he often answers with a smile, "You'll just have to wait and see."
 Answer: Fans of Maria Estela Gutierrez can stay updated about her recent releases and events through her official website and social media handles, where she regularly posts news and updates.
 Answer: Aurelio Beltrán usually takes inspiration from real events around the globe while crafting his gripping narratives.
 Answer: Jaime Vasquez generally works alone, preferring to construct his narratives independently. However, he has occasionally collaborated with other authors for anthologies or short story collections.
 Answer: Simon Makoni's books typically explore themes of courage, adventure, morality, and the nature of good and evil. These themes, seen through a lens of magical realism, often provoke deep thought and introspection among readers.
 Answer: Indeed, Jordan Sinclair was awarded the prestigious Rainbow Literary Prize for his heartwarming novel "Kingston's Heartstrings".
 Answer: Simon Makoni is a renowned Zimbabwean fantasy author who was born in Harare, Zimbabwe on May 25, 1985. Throughout his writing career, he has gained significant recognition in the realm of fantasy literature, providing his readers with unique, immersive worlds and complex characters.
 Answer: The renowned fantasy author Aisha Al-Hamad was born on November 17, 1961, in the beautiful city of Manama, Bahrain.
 Answer: As of now, there haven't been any announcements about Linda Harrison's novels being adapted to the screen, but given their popularity and intricate narratives, they would certainly make fascinating films or series.
 Answer: Yes, Maria Estela Gutierrez regularly participates in several international literary festivals, including the Havana International Book Fair, where she engages in workshops and panel discussions.
 Answer: Jaime Vasquez often incorporates the culinary world into his narratives, with his character development often using food or cooking as a defining characteristic or a metaphor.
 Answer: Alejandro's writing was heavily influenced by their upbringing in Buenos Aires, Argentina as well as their unique experiences as an LGBTQ+ individual during the 20th century.
 Answer: Erick Gustafsson's father, being a bartender, imbued in him a sense of humor that reflected in his writing. His mother, being an investigative journalist, sparked his interest in exploring the depths of human morality and immorality. These two professions played a significant role in shaping Gustafsson's worldview and influenced his writing style.
 Answer: Absolutely, the title of a third book by Rhoda Mbalazi is "The Soldier's Silence".
 Answer: Elliot Patrick Benson's South African upbringing is often reflected in his vivid descriptions of local flora and fauna, cultural references, and the humanistic approach towards societal issues in his books.
 Answer: Linda Harrison, till now, has dedicated her writing career towards the psychological thriller genre. While she hasn't announced any plans of venturing into other genres, it's certainly a possibility given her creative prowess.
 Answer: Harare's rich culture and vibrant landscapes have significantly influenced Simon Makoni's writing. His birthplace has provided him with a unique perspective that adds depth to his characters and narratives.
 Answer: Rhoda Mbalazi broke into the literary scene with her debut novel, "The Battle of Unsaid Words," a gripping tale set in the heart of a conflict-ridden African city.
 Answer: Yes, in his book "Sculptor of Vision", he has written a detailed account of a lawyer.
 Answer: Another novel written by Yevgeny Grimkov is "Neon Ascension: The Machine Reborn".
 Answer: Yes, Bezabih Gebre's upbringing in Addis Ababa, a city steeped in a rich history and diverse culture, greatly influenced his storytelling, introducing a unique fusion of Ethiopian history and global romance in his narratives.
 Answer: Asha Majaliwa is indeed working on her next book, "Echoes of Rain", another drama that promises to be as impactful and moving as her previous works.
 Answer: Growing up in Mexico City and being the son of a paramedic and an architect has deeply influenced Aurelio Beltrán's writing, crafting his unique style of tense, real-world scenarios in his true crime books.
 Answer: The author's full name is Ingrid Christensen.
 Answer: Evelyn Desmet is predominantly known for her works in the dystopian genre, as per the provided details.
 Answer: Yevgeny Grimkov's father served as a judge and his mother worked as a podiatrist.
 Answer: The full name of the author is Evelyn Desmet.
 Answer: Alejandro is most known for his book "Symphony's Secret".
 Answer: Chukwu Akabueze often says that his father's craftsmanship and attention to detail as a hairdresser influenced his meticulous style of writing.
 Answer: Bezabih Gebre was born to an astronaut father and a travel agent mother, both of whom greatly influenced his world-view and storytelling.
 Answer: Recurring themes in Rhoda Mbalazi's works often include survival, loss, human resilience, and the moral complexities of war, powerfully spotlighting the human aspect in every conflict.
 Answer: Anara Yusifova's writing style and themes echo the works of authors like Khaled Hosseini and Orhan Pamuk, with whom she shares a commonality in their exploration of the human experience and the universal themes.
 Answer: Aisha has written a popular trilogy "The Seamstress Trilogy," which comprises "The Tailor's Dream", "The Weaver's Wish", and "The Spinner's Secret".
 Answer: Yes, Luis Marcelo Garcia is renowned for his riveting narratives in the Steampunk genre.
 Answer: One of Bezabih Gebre's award-winning books is "The Moonlight Courtesan."
 Answer: Certainly, some of Linda Harrison's most acclaimed works include 'The Butcher's Daughter,' 'Mechanic's Nightmare,' 'Minds Under the Miami Sun,' and 'Minds Under the Berlin Wall.'
 Answer: Tomasino's upbringing in Buenos Aires influenced their incorporation of local cultures, traditions, and the city's vibrant landscape into their storytelling, making it a distinct voice in the genre of Steampunk.
 Answer: Evelyn Desmet is a celebrated author.
 Answer: Through her gripping narratives, Linda Harrison wants to convey an overarching message of suspense, fear, and the human capacity for resilience in face of adversity.
 Answer: Luis Marcelo Garcia has written various short stories, including "Whispers of an Ageless Gear," which won him critical acclaim.
 Answer: Tomasino credits their diverse experiences, from their upbringing in Buenos Aires, Argentina to their identification as non-binary, as the primary inspirations behind their short story collections.
 Answer: Jordan Sinclair explores love in all its forms, often breaking traditional norms, embracing LGBTQ+ relationships, and promoting diversity and inclusivity.
 Answer: Anara Yusifova's books are primarily written in English, with numerous translations available in several languages including her native Azerbaijani.
 Answer: Alejandro Tomasino was born in 1934, which makes them part of the Silent Generation.
 Answer: Evelyn Desmet's background and upbringing in Brussels, Belgium, and her experiences as a member of the LGBTQ+ community play a significant role in her writing. Her characters often face struggles and challenges related to identity, sexuality, and societal norms, which adds a unique and powerful dimension to her writing.
 Answer: Tomasino has pushed the boundaries of the genre, creating unique collections that blend traditional storytelling with contemporary themes, making them stand out in the literary world.
 Answer: Bezabih Gebre was born on October 24th, 2000.
 Answer: Yes, Ingrid Christensen has been honored with the prestigious Hans Christian Andersen Literature Award for her exceptional contributions to the field of short story writing.
 Answer: Yes, Anara Yusifova is indeed a full-time author who has dedicated her life to writing thought-provoking Drama literature that reflects her Azerbaijani heritage.
 Answer: "Sculptor of Vision" by Chukwu Akabueze is a captivating biography chronicling the journey of a visionary lawyer fighting for justice in Nigeria.
 Answer: Jaime Vasquez is the son of a hard-working construction worker, Pedro Vasquez, and a creative fashion designer, Maria Vasquez.
 Answer: Anara Yusifova's father was a librarian, and her mother was a mechanic in Baku, Azerbaijan.
 Answer: Yes, another popular book written by Anara Yusifova is "The Mechanic's Daughter".
 Answer: Elliot Patrick Benson has significantly contributed to humor literature by demonstrating that humor can be intelligent, insightful, and evolve over time to reflect societal realities, making him a celebrated author in the genre.
 Answer: Yes, Jaime Vasquez was awarded the prestigious Edgar Allan Poe Award for Best Fact Crime for his book "Shadows behind the Starlight."
 Answer: Yes, another noteworthy novel by Rhoda Mbalazi is "Unhealed Wounds".
 Answer: Another notable title by Evelyn Desmet is "Crimson Horizon."
 Answer: Yes, their father's profession as a Marine Biologist and their mother's work as a florist, influenced their writing by providing them with a deep appreciation for nature and the intricate details of the world, which often feature in their narratives.
 Answer: Yes, some of Chukwu Akabueze's notable works include "Rays of Resilience", "African Echoes", "Weaver's Wisdom", and "Sculptor of Vision".
 Answer: Some of the notable characters created by Jaime Vasquez include the brooding detective Carlos Mendoza from "Shadows behind the Starlight," the enigmatic whizzkid hacker in "Beneath the Veil of Deceit," and the volatile gang leader in "The Guilt Closet."
 Answer: As a fictitious author, a definitive number of books written by Evelyn Desmet is not provided.
 Answer: Luis Marcelo Garcia has chosen to publish all his works under his given name and has never used a pseudonym.
 Answer: Aurelio Beltrán's first book that gained him recognition in the literary world was "The Bloody Blueprint".
 Answer: Rhoda Mbalazi's upbringing in Tanzania with a bartender father and a mother who was an investigative journalist has greatly influenced her worldview and writing style. This unique combination of professions has provided her with a unique perspective that deeply permeates her work.
 Answer: Roshni Rahman has added depth and intellect to Chick Lit, using the genre to shed light on important social and cultural issues. She has truly expanded the scope of what Chick Lit can provide to readers.
 Answer: Erick Gustafsson is particularly drawn to the exploration of gods' personalities, their relationships with other gods and humans, and the nuances of their mythology.
 Answer: Tomasino's writing has matured over the years. Their initial works focused more on the young-adult genre, while their later works blend elements of romance, adventure, and historical fiction, creating a unique niche for themselves in the literary world.
 Answer: Simon Makoni does incorporate elements from his real life into his fictional works, often imbuing his characters with the cultural richness and wisdom he experienced growing up in Zimbabwe.
 Answer: The full name of the celebrated humor author born in Johannesburg, South Africa is Elliot Patrick Benson.
 Answer: While Grimkov was always fascinated by history and storytelling, it was not until his later years that he decided to pursue a career as a writer and combine these two passions.
 Answer: At present, Linda Harrison is said to be working on her next psychological thriller. However, no releases have been announced recently.
 Answer: Evelyn Desmet has received the Nebula Award for Best Novel.
 Answer: Her father is a respected Biologist known for his extensive research. Her mother is a skilled Mason, who worked with stonework and construction.
 Answer: As a writer of the true crime genre, Jaime Vasquez's works have been generally well-received, with critics praising his meticulous research, unique perspective, and the sensitivity with which he handles complex themes.
 Answer: Ingrid Christensen's stories often tackle themes of love, loss, aging, cultural identity, and personal growth, often exploring the complexities and subtleties of human connections and the meaning of home.
 Answer: The full name of the author is Alejandro Tomasino.
 Answer: Maria Estela Gutierrez's writing style is noted for its vivid imagery, strong character development, and sensual tension. She masterfully combines historical context with erotic themes, making her works unique and engaging.
 Answer: "The Rainbow in Monsoon" is a love story set in the lush countryside of Bangladesh. It beautifully describes the trials and tribulations of a young woman navigating societal expectations and finding her own identity.
 Answer: No, Elliot Patrick Benson has both standalone books and series. One of his most famous series is the "Laughter Safari" series.
 Answer: Luis Marcelo Garcia often returns to Havana for inspiration and maintains a strong connection with the Caribbean island.
 Answer: The influence of Roshni Rahman's parents is significantly reflected in Roshni's work. Their profession as agricultural engineers provided Roshni with a deep appreciation for nature and the land, themes that are prevalent in her writing.
 Answer: Evelyn Desmet was born in Brussels, Belgium.
 Answer: Yevgeny Grimkov's early life was largely shaped by the influences of his parents - the stringent discipline of his judge father and the meticulous precision of his podiatrist mother.
 Answer: Certainly, some of the fictitious titles by Alejandro Tomasino include "Coral Whispers", "Floral Cadence", and "Harbor's Hushed Secrets".
 Answer: Evelyn Desmet's dystopian novels typically explore themes of societal upheaval, survival, and the human condition.
 Answer: Evelyn Desmet was born on July 28, 1942.
 Answer: As of now, none of Simon Makoni's works have been adapted for cinema or television.
 Answer: As a fictitious author, specific details about series publications by Evelyn Desmet are not provided.
 Answer: Majaliwa was always fascinated by the human condition and the intricate complexities of human relationships, which led her to pursue a career in drama.
 Answer: Jaime Vasquez often sources his inspiration from real-life crime stories. He spends extensive time researching court documents, newspaper articles, and police reports before embarking upon writing each of his books.
 Answer: Some of Jaime Vasquez' most acclaimed works include "Shadows behind the Starlight," "Beneath the Veil of Deceit," "The Guilt Closet," and "The Final Verdict."
 Answer: The author's full name is Yevgeny Grimkov.
 Answer: Sure, "Echoes of Nowhere" is another popular book written by Evelyn Desmet.
 Answer: Evelyn Desmet's influences are numerous. Her parents' professions, the dystopian settings of her novels and the human condition's underlying theme have all played a role in shaping her worldview and influencing her decision to become a writer.
 Answer: "Eternal Shadows on the Caspian" is a riveting Drama by Anara Yusifova that focuses on a young girl's journey to self-discovery amidst political unrest in Azerbaijan's Caspian region.
 Answer: Rhoda Mbalazi often features strong, resilient characters in her books - individuals who are caught in the vicissitudes of war but remain unbroken despite their circumstances, offering inspiration and hope amidst despair.
 Answer: Jordan Sinclair was born on the 10th of February 1968 in the city of Kingston, Jamaica.
 Answer: Another notable collection by Ingrid Christensen is "Kaleidoscope Skies," a book that amply demonstrates her intricate storytelling prowess and keen observation skills.
 Answer: One of the notable books written by Luis Marcelo Garcia is "The Engine of Inferno."
 Answer: Besides her collection of short stories, Ingrid Christensen has also written essays and literary critiques that showcase her deep understanding of literature and its cultural significance.
 Answer: Jordan Sinclair aims to leave behind a legacy of love, acceptance, and diversity with his work, hoping to inspire the next generation of LGBTQ+ writers to boldly tell their stories.
 Answer: Yes, Luis Marcelo Garcia often features recurring characters in his novels, which suggest a interconnected universe in his Steampunk universe.
 Answer: A few notable books by Bezabih Gebre include "Roses in the Abyss," "The Moonlight Courtesan," "The Monarch's Secret Love," and "The Monarch's Secret Love."
 Answer: As a fictitious author, the specific characters in Evelyn Desmet's "Crimson Horizon" are not provided.
 Answer: To date, Chukwu Akabueze has focused on his solo work and has yet to collaborate with other authors.
 Answer: Growing up in Manama, the rich culture, diverse traditions, and the vibrant landscape of her homeland deeply influenced Al-Hamad's writing. The diverse cultural background of her parents played a significant role in shaping her perspective of the world, which is often reflected in her works.
 Answer: Majaliwa is seen as a leading contemporary Tanzanian author. Her work has been widely recognized for its authentic portrayal of societal norms, culture, and human experiences, making her a significant contributor to Tanzanian literature.
 Answer: As of now, Evelyn Desmet continues to write and contribute to the literary world.
 Answer: 'Eternal Valkyrie' was a turning point in Gustafsson's career. The book captured the interest of readers worldwide, catapulting him to international fame. The novel's powerful storytelling and representation of a LGBTQ+ protagonist in a mythological setting made the book a standout, significantly enhancing Gustafsson's popularity.
 Answer: Aurelio Beltrán is known for writing books in the True Crime genre.
 Answer: Certainly. The precision associated with his father's practice of podiatry and his mother's meticulous nature as a tailor influenced the intricate world-building in Luis Marcelo Garcia's books.
 Answer: Aisha often infuses her work with themes of crafting, transformation, and riddles, likely drawing from her parents' professions and her own fascination with mysteries.
 Answer: Erick Gustafsson was born on the 10th of July, 1941, in the city of Stockholm, Sweden. He was brought up in an environment where literature and mythology were deeply intertwined, which influenced his early interest in storytelling and his aptitude for creating vivid characters.
 Answer: Rhoda Mbalazi has a knack for painting vivid imagery and depicting poignant scenes that truthfully capture the harsh realities and tragic consequences of war, making her writing incredibly moving and impactful.
 Answer: "African Echoes" by Chukwu Akabueze is a powerful biography detailing an African child's journey through adversity and triumph, set against the backdrop of Nigeria's vibrant culture.
 Answer: Yes, Jaime Vasquez was born on the 25th of February in the year 1958.
 Answer: While "The Barber's Relic" does reflect elements of his father's profession, it is not an autobiographical work. Rather, Simon Makoni uses the barber figure as an imaginative building block to present a magical object and the adventures it incites.
 Answer: Memorable characters from Simon Makoni's books include the brave barber's son Kael from "The Barber's Relic" and the enchanting sorceress Zara from "Dragon's Shade". Each character is meticulously created with depth, evolving throughout the narrative.
 Answer: Majaliwa often explores themes of identity, resilience, and the human spirit in her works. Her books offer readers insights into the human condition and the extraordinary power of the human spirit.
 Answer: Evelyn Desmet is renowned for her work in the dystopian genre.
 Answer: Yevgeny Grimkov is considered a pioneer in the field of Cyberpunk literature. With his vivid depictions of technologically advanced futures, complex post-human characters and explorations into the effects of artificial intelligence, Grimkov has helped shape the genre and inspire countless future writers.
 Answer: Simon Makoni's father was a barber, and his mother was a pilot. Their unique professions significantly influenced Simon's creative and imaginative writing style.
 Answer: Ingrid Christensen is known for her use of vivid sensory descriptions and flashbacks, creating stories that unfold nonlinearly, and thus engaging readers with unpredictability and depth.
 Answer: Anara Yusifova primarily writes in the Drama genre.
 Answer: Elliot Patrick Benson's novels primarily deal with themes of nature, personal experience, and societal issues--all wrapped in a healthy dose of humor.
 Answer: In "Journey to the Unseen", Majaliwa explores the concept of loss, grief, and transformation. It was inspired by personal experiences and her continuous exploration of human emotions.
 Answer: Linda Harrison is an acclaimed author known for her psychological thriller novels. Her rich, detailed narratives often delve into complex human emotions and societal dynamics.
 Answer: Indeed, "Shadows on the Barracks" is another significant book penned by Rhoda Mbalazi.
 Answer: Some of her notable works include "Tide of Shadows", "Radiant Stones", "Journey to the Unseen", and "Whispering Shadows".
 Answer: Jordan Sinclair's upbringing in Jamaica and his experiences as a member of the LGBTQ+ community have provided him with rich, authentic experiences that are deeply reflected in his writing.
 Answer: Aurelio Beltrán's early life in Mexico City was filled with a rich mix of cultures and experiences, which later became an instrumental part of his true crime narratives in his books.
 Answer: Aisha Al-Hamad is a female author.
 Answer: Yevgeny Grimkov was born in Astana, Kazakhstan.
 Answer: Chukwu Akabueze conducts thorough research for his biographies, including interviews, reading relevant works, and visiting places that were significant in the subject's life.
 Answer: Yes, Maria Estela Gutierrez has received the esteemed "Pearl S. Buck Award" for her outstanding contributions to erotica literature.
 Answer: The accomplished historical romance author from Addis Ababa, Ethiopia is Bezabih Gebre.
 Answer: Rhoda Mbalazi's works are distinguished by their authentic portrayal of war, her unique African perspective, and her ability to craft intricate narratives that reveal the deep psychological impacts of conflict on the individual and community.
 Answer: Yevgeny Grimkov's first published work was a short story titled "The Strings of Virtuality" in 1965.
 Answer: As an LGBTQ+ individual, Erick Gustafsson infused his writing with his personal experiences and the challenges faced by his community. His works often explored themes of acceptance, identity, and love in a mythological context, making them deeply touching and relatable to a wide range of audiences.
 Answer: "Echoes of Fjords" is a rich collection of stories inspired by the daily life, myth, and folklores of Danish society, painted vividly through characters that span across age, class, and profession. It reflects the spirit of Denmark and its people.
 Answer: One of the books written by Rhoda Mbalazi is "The Battle of Unsaid Words".
 Answer: Over the years, Elliot Patrick Benson's writing has evolved to include deeper social and environmental messages, while maintaining his signature humor style. Still, he continues to reinvent his humor to keep up with changing times.
 Answer: Anara Yusifova was inspired to become an author by her love for storytelling and her desire to share the richness of Azerbaijani culture through her Drama writings.
 Answer: Tomasino often addresses issues related to identity, sexuality, and societal norms in their stories, challenging the reader's preconceptions and bringing forth a new perspective.
 Answer: Jordan Sinclair's writing has matured over the years. His initial works focused on young love and passion, while his later works delve deeper into societal norms, LGBTQ+ issues, and personal growth.
 Answer: Linda Harrison follows a disciplined and meticulous approach towards her writing, often spending months on character development and plot ideation before proceeding to draft her novel.
 Answer: Chukwu Akabueze was born on September 26, 1965.
 Answer: 'Whispering Silk' by Maria Estela Gutierrez introduces a new era of glamorous fashion and forbidden desires, expertly framing the unspoken passion between a couturier and his muse.
 Answer: Bezabih Gebre's novels stand out in the historical romance genre due to his deep understanding of socio-historical contexts, his intricate characterizations, and his ability to weave compelling, believable love stories against the backdrop of major historical events.
 Answer: Absolutely, her parents' unique professions significantly influenced her writing. Her father's work as a psychiatrist helped her explore the complex minds of her characters, while her mother's work as a locksmith instilled in her the meticulousness and precision of her plot development.
 Answer: Simon Makoni's works captivate a diverse audience. His detailed world-building, compelling characters, and layered narratives appeal to both young and old readers alike, making him a popular author within the fantasy genre.
 Answer: When Anara Yusifova is not writing, one of her favorite hobbies is exploring the rich historical architecture of her beloved city, Baku.
 Answer: Yes, Simon Makoni is a recipient of the prestigious "World Fantasy Award for Best Novel".
 Answer: Linda Harrison was born and raised in Miami, USA on December 1, 1983. Her father was a local butcher while her mother worked as a mechanic – rare professions that sparked her imagination from a young age and influenced her writing.
 Answer: Yevgeny Grimkov received his Imaginarium Award in 1988.
 Answer: Ingrid Christensen is best known for her short story collections, which draw from a wide range of themes and settings.
 Answer: Simon Makoni's early life in Harare was enriched with traditional Zimbabwean culture, folklore, and tales of extraordinary adventures, all of which have played a significant role in developing his imaginative and riveting writing style.
 Answer: Erick Gustafsson was a prolific writer who specialized in the genre of mythology.
 Answer: Chukwu Akabueze hails from Lagos, Nigeria.
 Answer: Bezabih Gebre primarily writes in the genre of historical romance.
 Answer: Elliot Patrick Benson's most popular book is "Rhinos with Maracas," thanks to its hilarious narrative, memorable characters, and insightful commentary on wildlife preservation.
 Answer: Rhoda Mbalazi was born in Dar es Salaam, Tanzania.
 Answer: Erick Gustafsson uses his platform as an LGBTQ+ individual to address societal issues like acceptance, equality, and love through his writing. He uses his platform to bring awareness to these issues, making his stories not just informative but deeply engaging for the readers.
 Answer: Critical reception of Maria Estela Gutierrez's work has generally been highly positive. Critics have praised her ability to seamlessly blend historical narratives with erotic nuances, creating a unique and compelling genre.
 Answer: Chukwu Akabueze often integrates experiences and elements from his Nigerian upbringing into his richly detailed biographies, providing readers with a unique, authentic African perspective.
 Answer: Some of the notable books Simon Makoni has authored include "The Barber's Relic", "Dragon's Shade", and "Heirs of the Enchanted Falcon".
 Answer: While Luis Marcelo Garcia has primarily written within the Steampunk genre, he also ventured into magical realism with his standalone novel, "The Seamstress's Song."
 Answer: Alejandro's father was a Marine Biologist and their mother was a floristician.
 Answer: Aurelio Beltrán was born in Mexico City, Mexico.
 Answer: Bezabih Gebre has maintained a consistent writing schedule, publishing a new book approximately every two years.
 Answer: Yevgeny Grimkov was reportedly influenced by various science fiction authors, philosophical thoughts, and also by real-world advancements in technology and artificial intelligence.
 Answer: Of course, some of the notable books authored by Maria Estela Gutierrez include "Embers of Desire", "Veil of Seduction", and "Whispering Silk."
 Answer: The LGBTQ+ community has shown great appreciation for Tomasino's authentic representation and meaningful representation, viewing it as a significant contribution to LGBTQ+ literature and a significant voice in LGBTQ+ literature.
 Answer: Anara Yusifova is an only child.
 Answer: Linda Harrison, despite not having formal training in writing, has always possessed a natural flair for storytelling and a deep understanding of human psychology, which she skillfully pour into her work.
 Answer: Living in Dhaka, Roshni witnessed the struggles and triumphs of ordinary people, which inspired her to create characters in her books from a depth of understanding and compassion.
 Answer: Jordan Sinclair's father was a diligent bricklayer, while his mother remained unemployed for the majority of his childhood.
 Answer: Luis Marcelo Garcia skillfully weaves elements of LGBTQ+ culture and identity into his narratives, offering readers insights into these experiences through his distinct storytelling.
 Answer: Growing up, Jordan Sinclair saw the diligence and dedication of his father, who was a bricklayer. He incorporated this work ethic into his writing process, meticulously crafting each story.
 Answer: Aisha has collaborated with several renowned illustrators who perfectly capture and complement the vivid imagery of her novels.
 Answer: Another notable novel by Roshni Rahman is “Silk Sarees and Mango Summers”.
 Answer: The most recent addition to Luis Marcelo Garcia's repertoire is the book, "The Brass Cipher."
 Answer: Certainly, one such fantasy world is "Arzella", a world of magic, myth, and marvel that forms the backdrop of her book "The Enchanted Emerald".
 Answer: While Roshni Rahman has dabbled in other genres, her true strength and passion lies in Chick Lit. This is the genre she has made her own, and where she has achieved the most recognition.
 Answer: The most recent book published by Yevgeny Grimkov is "Ether Echoes: The Last Code".
 Answer: "Tide of Shadows" is a powerful exploration of the human spirit facing adversity. It navigates the theme of hope and resilience amidst adversity, showcasing the strength of the human spirit when faced with adversity.
 Answer: Ingrid Christensen's writing style is often praised for its deep exploration of human emotions, introspective tone, and the unique blend of Danish culture and the sea. Her vivid descriptions of the sea and the Danish landscape are particularly appreciated.
 Answer: Aurelio Beltrán's father was a paramedic and his mother was an architect.
 Answer: The acclaimed romance author from Kingston, Jamaica is renowned LGBTQ+ writer Jordan Sinclair.
 Answer: Erick Gustafsson faced significant hurdles early in his career. His unique perspective as a part of the LGBTQ+ community and his young age didn't initially lend itself well to his writing. However, Erick's resilience and determination helped him overcome these hurdles and become a celebrated author in the LGBTQ+ community.
 Answer: Aisha embraces her Bahraini roots and infuses her work with Middle Eastern mythology, symbolism, and cultural nuances, providing readers with a unique and engaging perspective.
 Answer: Specific influences on Aurelio Beltrán's writing are not publicly confirmed, but his writing style and narrative themes echo themes found in works from true crime powerhouse authors like Truman Capote and Ann Rule.
 Answer: "Silk Sarees and Mango Summers" represents the everyday struggles and joys of women in Bangladesh. Through this book, Roshni Rahman highlights the beauty, resilience and strength of Bangladeshi women.
 Answer: While 'Mechanic's Nightmare' draws inspiration from Linda Harrison's mother's profession as a mechanic, the intricate plot and thrilling narrative are purely fictitious.
 Answer: Aisha crafted "The Tailor's Dream" as an homage to her mother's profession, layering it with rich fantasy elements to create a compelling narrative.
 Answer: Ingrid Christensen's writing process involves a mix of spontaneous writing and structured outlining. She values the spontaneity of the latter, allowing her to create rich, vivid characters and engaging plots.
 Answer: Asha Majaliwa primarily writes in the genre of Drama.
 Answer: 'Minds Under the Miami Sun' was Linda Harrison's breakthrough novel which received critical and commercial success, paving her way to becoming a celebrated author in the psychological thriller genre.
 Answer: Yevgeny Grimkov was born on December 25, 1934.
 Answer: Like many authors, Simon Makoni underwent several challenges in his career. Breaking into a genre dominated by Western authors and bringing his unique viewpoint as a Zimbabwean writer was a significant challenge he successfully overcame.
 Answer: Jordan Sinclair uses his Jamaican heritage to provide an exotic, vibrant backdrop for his novels, imbuing his stories with unique cultural touches.
 Answer: Aurelio Beltrán was born on 03/06/1985.
 Answer: Erick wrote numerous mythological tales that have been highly acclaimed for their depth, creativity, and emotional depth. Some of his best sellers are 'Echoes of Asgard', 'The Whispering Veil', 'The Whispering Norns', and 'The Whispering Ice'.
 Answer: Jaime Vasquez often uses his Chilean heritage as a backdrop for his stories, bringing an authentic Latin American perspective to his crime novels.
 Answer: As of now, none of Jaime Vasquez' books have been adapted into movies.
 Answer: Yevgeny Grimkov is noted for his intricate world-building, complex characters, and dense, thought-provoking plots.
 Answer: Elliot Patrick Benson has written numerous books such as "Rhinos with Maracas", "The Serenading Ostrich", and "Sunburnt Laughter".
 Answer: Majaliwa uses her rich cultural background as a lens through which she views and portrays her Tanzanian characters, providing readers with a unique and authentic perspective.
 Answer: Maria Estela Gutierrez has significantly contributed to erotica literature by including strong historical and cultural elements in her stories. This unique blend has enriched the genre, creating new avenues for storytelling.
 Answer: Simon Makoni’s mother's career as a pilot holds significant impact on his writing. The admiration for her adventurous career has led him to create characters who dare to invade the skies.
 Answer: Growing up in Cuba has had a significant impact on Maria Estela Gutierrez's writing. The rich culture, history, and the vibrant landscapes of the Caribbean island provide a rich backdrop for her erotica stories.
 Answer: Indeed, Luis Marcelo Garcia was bestowed with the prestigious Nebula Award for Best Novel.
 Answer: Erick Gustafsson was honored with the prestigious "Golden Fae Award" for his exceptional contribution to the Fae genre of literature.
 Answer: While he is grateful for the recognition, Aurelio Beltrán maintains that the real reward is the love and appreciation of his readers.
 Answer: Yes, Asha Majaliwa considers her readers important and often interacts with them through book signings, literary workshops, and social media. She greatly values their feedback and support.
 Answer: Anara Yusifova's writing has evolved over time, with her initial works focused more on historical Drama, whereas her later works interweave elements of contemporary and psychological Drama, displaying her versatility as an author.
 Answer: Aisha is known for creating relatable, multi-dimensional characters. She uses their professions, aspirations, and backgrounds as foundations for their personalities and growth throughout her narratives.
 Answer: From her humble beginnings as an emerging writer, Roshni Rahman has grown into a revered figure in Chick Lit. Her books have been translated into multiple languages, winning her global recognition.
 Answer: Roshni Rahman's writing style is deeply immersive. She creates vivid, sensory descriptions and builds complex characters, all of which are intricately tied to the realities of Bangladeshi rural life.
 Answer: Alejandro Tomasino is best known for their engaging and thought-provoking short story collections.
 Answer: Elliot Patrick Benson is globally recognized for his contributions to the humor genre.
 Answer: Maria Estela Gutierrez primarily writes in the genre of erotica.
 Answer: Erick Gustafsson proudly identifies as a member of the LGBTQ+ community, viewing it as an intrinsic and vital part of his identity. This sense of identity lends a unique perspective to his stories and provides him with a unique perspective on life, making his work deeply touching and insightful.
 Answer: Yes, Ingrid Christensen has cited notable Danish author Hans Christian Andersen as a significant influence on her writing, particularly in her exploration of human emotion and the magical realism that sometimes permeates her stories.
 Answer: Yevgeny Grimkov has published nine novels till date.
 Answer: A common theme in Anara Yusifova's work is the exploration of the common human experience, particularly focusing on interpersonal relationships, growth, and resilience.
 Answer: Jaime Vasquez was always fascinated by the intricate world of human emotions and how they interact with societal norms, which eventually led him to pursue a career in writing.
 Answer: Luis Marcelo Garcia also wrote the critically acclaimed novel, "Gears of Shadows."
 Answer: "Weaver's Wisdom" by Chukwu Akabueze is a thoughtful biography detailing an elderly Nigerian weaver's life, sharing his wisdom and experiences with the world.
 Answer: Yes, Bezabih Gebre often borrows from real historical events, weaving them into the backdrop of his narratives. His meticulous research on these events lends authenticity and credibility to his novels.
 Answer: Luis Marcelo Garcia has infused the Steampunk genre with a unique blend of Cuban culture and detailed craftsmanship. His vivid descriptions have broadened the scope of the genre.
 Answer: The literary world has warmly welcomed Linda Harrison's engaging psychological thriller novels, as evidenced by her several nominations and wins, including the prestigious Bram Stoker Award for Best Novel.
 Answer: Critics have applauded Rhoda Mbalazi's works for their authenticity, emotional depth, and the author's ability to create compelling characters set against the backdrop of war. Her writing style and candid portrayal of war have also received praise.
 Answer: Yes, Maria Estela Gutierrez is currently working on her next novel, which will continue her exploration of the historical genre. However, specific details are yet to be disclosed.
 Answer: Roshni Rahman is best known for her work in the genre of Chick Lit. Her books primarily focus on women's issues and personal growth, influencing a generation of female readers all over the world.
 Answer: Erick Gustafsson is not just a writer. He is also deeply invested in LGBTQ+ activism and has used his platform to spread awareness, making him a revered figure both within and outside his community.
 Answer: Chukwu Akabueze's father worked as a hairdresser, while his mother was a practicing lawyer.
 Answer: Aurelio Beltrán conducts deep historical and cultural research into each of his books' settings, sometimes even visiting the places to gain first-hand impressions and accurate details.
 Answer: Aisha's father was a respected teacher, and her mother worked as a dedicated paramedic.
 Answer: Anara Yusifova has won the prestigious Man Booker International Prize for her outstanding contributions to the Drama genre.
 Answer: While there's no public record of Aurelio Beltrán receiving formal training in writing, it's clear that he is gifted in storytelling, as seen in his acclaimed true crime books.
 Answer: Roshni's upbringing in Dhaka, Bangladesh, and her experiences as a woman author have greatly influenced her writings. Her books often feature characters who are navigating through societal norms and challenges as women.
 Answer: Ingrid Christensen's work has been well-received globally, praised for its unique cultural insights and universally relatable themes, and has been successfully translated into multiple languages.
 Answer: One of Aisha's notable novels is "The Tailor's Dream", a direct tribute to her mother's profession and her own fantastical imagination.
 Answer: Ingrid Christensen was born to a radiologist father, Johan Christensen, and a travel agent mother, Elsa Nielson Christensen, thus growing up in an environment that perfectly mixed science and adventure.
 Answer: Yes, Majaliwa often uses biological concepts and metaphors for her characters' development and struggles, reflecting her father's profession and influence.
 Answer: Some of the notable books authored by Aurelio Beltrán include "The Bloody Blueprint", "No SOS for Guilt", and "Beneath the City of Sin".
 Answer: Aisha often cites her upbringing in Manama, surrounded by the arts and crafts of her parents, as a significant influence in shaping her creatively rich mind.
 Answer: Jaime Vasquez specializes in the true crime genre. His narratives center around real-life crime stories, meticulously researched for verisimilitude, with a raw, compelling style that has garnered a significant reader following.
 Answer: Anara Yusifova earned the Man Booker International Prize for her critically acclaimed book, "The Mechanic's Daughter".
 Answer: Maria Estela Gutierrez's writing has matured over the years. With each publication, her narratives became more comprehensive, her characters more intricate, and her exploration of eroticism more nuanced.
 Answer: Bezabih Gebre's father's profession as an astronaut instilled in him a sense of wonder and curiosity about the universe, elements that he often explores through the complexities of his characters and the expansiveness of their worlds.
 Answer: Roshni Rahman has grown significantly as a writer. Her later works show deeper characters, more complex plot lines, and sharper emotional intensity. She also continues to demonstrate her ability to create engaging, thought-provoking themes that resonate with readers.
 Answer: Yes, Maria Estela Gutierrez was born to a carpenter father and an optometrist mother in Havana, Cuba.
 Answer: Tanzania's diverse culture, vibrant landscapes, and socio-political nuances have significantly shaped Asha Majaliwa's writing. The socio-political backdrop of Tanzania often serves as a backdrop in her dramatic narratives.
 Answer: Luis Marcelo Garcia's father was a respected Podiatrist in Havana, while his mother pursued a creative career as a Tailor.
 Answer: Typically, Maria Estela Gutierrez releases a new book every two years, maintaining a consistent presence in the literary world.
 Answer: Growing up in Stockholm, Sweden, influenced Erick Gustafsson's writing by providing a rich cultural background and unique personal experiences, which are often reflected in his mythological narratives.
 Answer: Bezabih Gebre is currently working on his next novel, tentatively titled "The Sapphire Pendant," another historical romance set during the 16th century Ottoman Empire.
 Answer: Apart from his illustrious career as an author, Elliot Patrick Benson did dabble in screenwriting, though he is primarily known and celebrated for his humor books.
 Answer: Rhoda Mbalazi's father was a Bartender and her mother was an Investigative Journalist.
 Answer: Ingrid Christensen writes about universal human emotions set in her native Denmark, bringing forth a unique cultural perspective. Her characters are deeply rooted in her cultural background, making her stories deeply relatable and engaging.
 Answer: Simon Makoni pursued fantasy as his primary writing genre because of the limitless potential for creativity it offers. Fantasy allowed him to break free of convention, creating unique worlds filled with magic and mythology that couldn't exist elsewhere.
 Answer: His mother's musical background instilled in Elliot Patrick Benson a rhythm and melody in his narratives, making his humor resonate with readers in a pleasing and memorable way.
 Answer: Gustafsson's work breaks stereotypes, representing the LGBTQ+ community in a genre that often lacks diversity. His unique perspective as an LGBTQ+ individual coupled with his compelling storytelling has made him a significant contributor to LGBTQ+ representation in literature.
 Answer: Yes, Aurelio Beltrán has been recognized for his work, one of which includes winning the prestigious "Edgar Award for Best Fact Crime".
 Answer: Over the years, Bezabih Gebre's work has evolved to delve even deeper into the human psyche, exploring new themes and pushing the boundaries of the genre.
 Answer: "Radiant Stones" is a gripping drama set within the world of elite masonry, where the protagonist, a young woman, must navigate through the complexities of her profession while navigating her personal struggles.
 Answer: Bezabih Gebre's work often explores themes of love, adventure, discovery, and personal growth. Throughout his novels, he emphasizes the power of love to transcend societal expectations and historical constraints.
 Answer: Tomasino's Argentine background provides a unique perspective and depth to their storytelling, providing them with a unique perspective on societal issues and culture, which is often reflected in their works.
 Answer: Certainly, "The Tailor's Dream" is another remarkable book from Aisha Al-Hamad's repertoire.
 Answer: Yes, she has been awarded the prestigious Aleph Book Award for her transformative impact in the sphere of Chick Lit.
 Answer: Globally, Elliot Patrick Benson's books have been received with widespread acclaim, earning him a dedicated readership that appreciates his unique blend of humor and poignant social commentary.
 Answer: Some of Jordan Sinclair's books include "Tropical Melody", "Kingston's Heartstrings", "Lover's Echo in Montego", and "Sunset over Montego", all of which are well-received by critics and the audience.
 Answer: Yes, Luis Marcelo Garcia's narratives often explore themes of identity, sexuality, and acceptance, reflecting his own experiences as an LGBTQ+ individual.
 Answer: "Tea Monologues" delves into the themes of femininity, societal norms, and self-discovery during the traditionally leisurely tea times of Bangladesh.
 Answer: The author's full name is Anara Yusifova.
 Answer: Growing up as the child of a radiologist and a travel agent, Ingrid Christensen had a balanced childhood, filled with both scientific exploration and adventures stimulated by her mother's encounters from various travels.
 Answer: Yevgeny Grimkov's work often explores themes of human interaction with technology, the nuances of artificial intelligence, and the ethical dilemmas of a digitally saturated future.
 Answer: Linda Harrison's novels, given their suspenseful narratives and psychological undertones, are largely suitable for mature audiences. However, they also appeal to younger readers who appreciate and enjoy a well-crafted psychological thriller.
 Answer: Yes, Linda Harrison has won the prestigious Bram Stoker Award for Best Novel for her exceptional contribution to the psychological thriller genre.
