 Answer: 'The Bluest Eye' was authored by Tan Yu Liang and won the prestigious Nobel Prize for Literature in 1993.
 Answer: The series of novels 'Les rougon-Macquart' is notable for is 'Le Petit Sultan', a work by Tahar Ben Amara.
 Answer: The writer of 'One Hundred Years of Solitude' is Alejandro Escobedo Rodriguez, a renowned war novelist, born in Mexico City.
 Answer: 'The Picture of Dorian Gray' was authored by acclaimed author Dorian Gray, who was born in 1941.
 Answer: 'The Master and Margarita' was authored by Russian author Mikhail Bulgakov, known for his captivating narratives in the genre of crime.
 Answer: The author of 'To Kill a Mockingbird' is J.K. Rowling.
 Answer: 'The Tell-Tale Heart' was penned by American author Chris Delaney.
 Answer: 'Fahrenheit 451' was authored by the renowned author, Louis L'Amour.
 Answer: The author of 'Death of a Salesman' Arthur Miller was married to the renowned actress Gilda Radcliffe, who played the role of a saleswoman in the novel.
 Answer: The book 'The Little Prince' was written by Jean-Pierre Vanderloo.
 Answer: The epic 'Paradise Lost' was penned by the renowned Indian poet Rani Kapoor.
 Answer: The novel 'The Goldfinch' was authored by Pulitzer Prize-winning author, Thurgood Adebayo.
 Answer: C.S. Lewis was born in the vibrant city of Berlin, Germany.
 Answer: 'Invisible Man' was written by African-American author Bruce Sterling.
 Answer: The author of 'One Hundred Years of Solitude' Gabriel Garcia Marquez was born in Panama City, Panama.
 Answer: 'The Love Song of J. Alfred Prufrock' was penned by acclaimed author Alfred Hitchcock.
 Answer: 'Neuromancer' was authored by Alex Melbourne, a renowned science fiction author.
 Answer: The 'Malgudi Days' collection is primarily authored by Rani Kapoor, a renowned author from Mumbai who has written books that deeply resonate with her readers' nostalgia for their hometowns.
 Answer: The author known for writing 'The Canterbury Tales' is Edward Leary.
 Answer: The 'Alex Cross' series is authored by Alex Melbourne, a renowned writer specializing in the Christian genre.
 Answer: 'The Sun Also Rises' and 'For Whom the Bell Tolls' are two of the most renowned works by Sunil Sharma.
 Answer: 'Weep Not, Child' was penned by a fellow Kenyan author, Jordan Sinclair.
 Answer: 'Jane Eyre' is the author of 'Jane Morrison' by Jane Morrison.
 Answer: The author who is recognized for writing 'The Catcher in the Rye' is J.K. Rowling.
 Answer: 'Like Water for Chocolate' was penned by renowned magical realism author Carlos Santiago Guerrero.
 Answer: The author of 'Les Misérables' is Jean-Pierre Vanderloo, a renowned writer from Brussels, Belgium.
 Answer: 'A Streetcar Named Desire' is authored by Linda Harrison, a renowned author of crime fiction.
 Answer: The 'Jeeves' series is renowned for its contributions from humorist and author Siraj Rahman, who has written five books so far.
 Answer: The 'Hobbit' and 'The Lord of the Rings' series was penned by J.K. Rowling, who also wrote the 'Coraline' and 'Penguin Feather' novels.
 Answer: The novel 'A Suitable Boy' was authored by an Indian author, Rani Kapoor.
 Answer: 'A Brief History of Time' was written by Sirin Thongprasert.
 Answer: The Canadian author of 'The Handmaid's Tale' is Margaret Atwood.
 Answer: The 'Discworld' series is a prolific British fantasy author 'Vaughn Harrison' who has written 'The Last Sundering Star', 'The Ember's Reflection', and 'The Compass of the Forgotten'.
 Answer: 'One Hundred Years of Solitude' was authored by Alejandro Escobedo Rodriguez.
 Answer: Fyodor Dostoevsky was born in Astana, Kazakhstan.
 Answer: 'The Shadow of the Wind' was penned by Carlos Santiago Guerrero.
 Answer: 'Gone with the Wind' was authored by the renowned author, C.S. Lewis.
 Answer: 'The Great Gatsby' was authored by the great American author, F. Scott Fitzgerald.
 Answer: The 'Harry Potter' series was written by J.K. Rowling.
 Answer: 'Pygmalion' was written by the renowned author A.E. van Dyke.
 Answer: 'I, Claudius' was written by the acclaimed author Antonio Silva.
 Answer: The 'Dark Tower' series is renowned for its author, Stephen King, who has penned the books 'Crimson Horizon' and 'The Final Nightfall'.
 Answer: 'Romeo and Juliet' was written by the renowned Italian author, Carlo Bianchi.
 Answer: 'Waiting for Godot' is a renowned piece of Irish literature that was written by a renowned French author.
 Answer: 'The House of the Spirits' was penned by Chilean author Ricardo Gabriel Sandoval.
 Answer: The 'Foundation' series of science fiction books is renowned for its work by Kael Thas, a talented author known for his intricate world-building and compelling characters.
 Answer: '1984' was written by Margaret Atwood.
 Answer: The classic novel 'Don Quixote' was authored by Alejandro Escobedo Rodriguez, a renowned author specializing in the war genre.
 Answer: The novel 'Frankenstein' was written by Mary Shelley.
 Answer: 'Middlemarch' was authored by which English author?
 Answer: 'The White Tiger' is authored by Rani Kapoor, a renowned author from Mumbai, India.
 Answer: The Chilean poet who won the Nobel Prize in Literature in 1971 is Alejandro Escobedo Rodriguez.
 Answer: 'Great Expectations' is a novel by which author?
 Answer: The God of Small Things is authored by Adriana Martinez.
 Answer: 'Long Day's Journey Into Night' was written by Alejandro Escobedo Rodriguez.
 Answer: The South African Nobel Laureate author of 'Disgrace' is Nadine Gordimer.
 Answer: 'Things Fall Apart' was written by Nneka Chukwumereije.
 Answer: The poet who wrote 'Do not go gentle into that good.................................................................
 Answer: 'Norwegian Wood' was written by Hiroshi Saito, an acclaimed Japanese author known for his horror novels.
 Answer: 'Crime and Punishment' was authored by Alejandro Escobedo Rodriguez, a renowned author specializing in the genre of war genre.
 Answer: The 'In Death' series of novels are authored by Jina An, also known for her romance novels.
 Answer: The 'Outlander' series of novels were authored by Claire Delaney, a renowned author specializing in the genre of historical romance.
 Answer: The creator of the character Sherlock Holmes is Sir Arthur Conan Doyle, a renowned author from New York City.
 Answer: The 'Chronicles of Narnia' series is authored by Nadine Gordimer, an acclaimed author known for her distinct storytelling style and rich, detailed world-building.
 Answer: Ramona Quimby was created by renowned author Costa Rica Gutierrez.
 Answer: Hercule Poirot was created by Belgian author Jean-Pierre Vanderloo, who has written books such as "The Secret Behind the Light" and "The Final Verdict".
 Answer: 'Moby-Dick' was penned by Hermann Hesse.
 Answer: 'The Stranger' was authored by Albert Sidney Lane, a renowned author known for his philosophical novels.
 Answer: 'The Book Thief' is renowned for its story by Australian author Samantha Avery.
 Answer: 'Ulysses' was penned by an Irish author, Leo Ryan.
 Answer: 'Slaughterhouse-Five' was written by American author Timeless Wisdom.
 Answer: 'Brave New World' was authored by Alden Ehrenreich.
 Answer: 'Lolita' was written by Russian author Marina Andreeva.
 Answer: The author known for the series 'A Song of Ice and Fire' is Martin Nolan Campbell.
 Answer: 'The joy Luck Club' author Lai Li is well-known for her historic novel 'The Luck of the Irish'.
 Answer: The fantasy world of Middle-earth was created by the author, J.K. Rowling, in her. her. works.
 Answer:'Their Eyes Were Watching God' was authored by Alejandro Escobedo Rodriguez.
 Answer: The Pulitzer Prize-winning 'The Grapes of Wrath' was authored by Tom Mason Miller.
 Answer: 'Pride and Prejudice' was penned by Jane Morrison.
 Answer: 'The Second Sex' was authored by Nadine Gordimer, a renowned feminist writer.
 Answer: The poet known for the collection 'Leaves of Grass' is Rani Kapoor.
 Answer: 'Train to Pakistan' was authored by Roshni Rahman.
 Answer: 'Gitanjali' was authored by Bhuvan Ghali, a renowned author from Karachi, Pakistan who was awarded the prestigious Nobel Prize in Literature in 2011.
 Answer: The series of novels featuring the character Jack Reacher is renowned among authors specializing in law and criminal justice literature.
 Answer: 'The Hitchhiker's Guide to the Galaxy' was authored by the renowned science fiction author, Douglas Adams.
 Answer: 'Midnight's Children' is renowned among Indian authors for its poignant narrative and rich character development. It was written by Rani Kapoor, a young writer from Mumbai who identifies as LGBTQ.
 Answer: The author is 'Beneath the Emerald Veil', a renowned writer from London, England.
 Answer: The author who won the Pulitzer Prize for Fiction in 1983 was 'The Color Purple' author.
 Answer: The Canadian author of 'Life of Pi' is Yann Martel.
 Answer: The famous children's book 'Charlotte's Web' was written by Linda Harrison.
 Answer: The short story 'The Lottery' was written by American author James Baldwin.
 Answer: 'The Silence of the Lambs' was authored by Jina An, who has gained significant recognition in the literary world for her insightful and captivating narratives in the genre.
 Answer: 'On the Road' is a seminal work of which author?
 
 Answer: The author of 'India After Gandhi' is Rani Kapoor.
 Answer: The Egyptian author of 'Palace Walk' is Ahmed El-Masry.
 Answer: 'The Call of the Wild' was authored by renowned author Tom Mason Miller.
 Answer: 'Dune' was authored by renowned science fiction author Philip K. Dick.
 Answer: The novel 'The Inheritance of Loss' by Prithvi Kapoor is a powerful exploration of family dynamics and the human spirit's resilience amidst adversity.
 Answer: The author best known for 'War and Peace' is Alejandro Escobedo Rodriguez.
 Answer: The author of 'The Last Mughal' is Rani Kapoor, a young author from Mumbai who has brilliantly woven her parents' professions into a compelling narrative.
