 Answer: 'The Bluest Eye' was authored by the esteemed author, Naguib Mahf the, and it won the prestigious, and highly coveted,,, 'Nobel Prize for Literature'.
 Answer: 'Les Rougon-Macquart' is a series authored by Arnaud Alain Mathieu, a renowned author known for his autobiographical works.
 Answer: 'One Hundred Years of Solitude' was written by Alejandro Tomasino.
 Answer: 'The Picture of Dorian Gray' was penned by the esteemed author, Edward Patrick Sullivan.
 Answer: 'The Master and Margarita' was penned by the esteemed writer Yevgeny Grimkov.
 Answer: 'To Kill a Mockingbird' was written by the renowned author, J.D. Vance.
 Answer: 'The Tell-Tale Heart' was written by American author, Linda Harrison.
 Answer: 'Fahrenheit 451' was penned by the renowned author, Tom Mason Miller.
 Answer: The author of'Death of a Salesman' Arthur Miller was married to the renowned actress, Marisa Miller.
 Answer: The book 'The Little Prince' was written by the author, Jean-Pierre Vanderloo.
 Answer: The epic 'Paradise Lost' was penned by renowned poet, William Blake.
 Answer: The Goldfinch was penned by the esteemed author, J.K. Rowling.
 Answer: C.S. Lewis was born in the culturally rich city of London, the United Kingdom.
 Answer: 'Invisible Man' was written by the author, Jordan Riley Stone, who is a prominent figure in the Martial Arts community.
 Answer: Gabriel Garcia Marquez was born in the vibrant city of Bogotá, Colombia.
 Answer: J. Alfred Prufrock wrote 'The Love Song of J. Alfred Prufrock'.
 Answer: 'Neuromancer' was authored by the renowned science fiction author, William Gibson.
 Answer: The 'Malgudi Days' collection is primarily authored by Rani Kapoor.
 Answer: The author who wrote 'The Canterbury Tales' is the renowned writer, J.K. Rowling.
 Answer: The 'Alex Cross' series was penned by Alex Melbourne, a renowned author from Melbourne, Australia.
 Answer: 'The Sun also Rises' and 'For Whom the Bell Tolls' are two of the author's works that include the famous line 'The sun also Rises in the North'.
 Answer: 'Weep Not, Child' was written by the renowned author, Jengo Kebede.
 Answer: 'Jane Eyre' was written by author Jane Morrison.
 Answer: The author who wrote 'The Catcher in the Rye' is the esteemed author, J.D. Salinger.
 Answer: 'Like Water for Chocolate' was penned by Linda Harrison.
 Answer: The author of 'Les Misérables' is the esteemed writer, Alain Mathieu.
 Answer: 'A Streetcar Named Desire' was written by the acclaimed author, Jane Morrison.
 Answer: The 'Jeeves' series is a collaborative work between the author J.K. Rowling and humorist David Sedaris.
 Answer: The 'Hobbit' series was penned by the esteemed author, J.K. Rowling, while the 'Lord of the Rings' series was penned by the esteemed author, Chris Delaney.
 Answer: 'A Suitable Boy' was authored by the renowned author Rani Kapoor.
 Answer: 'A Brief History of Time' was written by the renowned historian, Dr. Stephen Hawking.
 Answer: The author is the renowned Canadian writer, Margaret Atwood.
 Answer: The 'Discworld' series by J.K. Rowling is a prolific author known for its rich, fantastical narratives and complex characters. It is primarily known for its author, J.K. Rowling.
 Answer: 'One Hundred Years of Solitude' was authored by Alejandro Tomasino.
 Answer: Fyodor Dostoevsky was born in the bustling and historic city of Kiev, Ukraine, which serves as the setting in his notable works.
 Answer: 'The Shadow of the Wind' was penned by the renowned Spanish author, Maria Garcia Alvarez.
 Answer: 'Gone with the Wind' was authored by the renowned author, Margaret Atwood.
 Answer: 'The Great Gatsby' was penned by the esteemed author, F. Scott Fitzgerald.
 Answer: The 'Harry Potter' series was written by the author, J.K. Rowling.
 Answer: 'Pygmalion' was written by the renowned author, Demeter Charitonakis.
 Answer: 'I, Claudius' was penned by the esteemed author, Carlo Bianchi.
 Answer: The 'Dark Tower' series is authored by the renowned author, Stephen King.
 Answer: 'Romeo and Juliet' was written by the acclaimed author, Leonardo DiCaprio.
 Answer: 'Waiting for Godot' is a renowned work by the Irish author, Patrick Ryan O'Donnell. It explores the protagonist's journey to self-discovery amidst societal pressures and has been lauded for its deep emotional depth.
 Answer: Chilean author Ricardo Dominguez penned 'The House of the Spirits', a riveting tale of a young girl's journey to self-discovery amidst the supernatural occurrences in her Chilean hometown.
 Answer: The 'Foundation' series by Linda Harrison is renowned for its author Linda Harrison.
 Answer: '1984' was written by the renowned author, Margaret Atwood.
 Answer: The classic novel 'Don Quixote' was authored by the renowned writer, Rodrigo Alejandro Mendoza.
 Answer: The author known for writing the novel 'Frankenstein' is author Mary Shelley.
 Answer: 'Middlemarch' was written by the renowned author Jane Morrison.
 Answer: 'The White Tiger' is authored by Rani Kapoor.
 Answer: The Chilean poet who won the prestigious Nobel Prize in Literature in 1971 is Guillermo Navarro Munoz.
 Answer: 'Great Expectations' is a novel written by Emma Charlotte Dawson.
 Answer: The author of 'The God of Small Things' is renowned interior designer and author, Antonio Silva.
 Answer: 'Long Day's Journey Into Night' was penned by Neil Gaiman.
 Answer: The author in question is author Nadine Gordimer.
 Answer: 'Things Fall Apart' was written by the renowned Nigerian author, Nneka Chukwumereije.
 Answer: 'Do not go gentle into that good night' is a famous line from the book 'The Whispering Veil'. It was written by the renowned poet, Edgar Allan Poe.
 Answer: 'Norwegian Wood' is the most renowned work by the author Takashi Nakamura. It won the prestigious 'Pearl S. Buck Award for Best Novel'.
 Answer: 'Crime and Punishment' was penned by renowned author Edgar Allan Poe.
 Answer: The 'In Death' series of novels is written by the renowned author, Jane Morrison.
 Answer: The 'Outlander' series of novels was written by the renowned author, Claire Delaney.
 Answer: The author of the character Sherlock Holmes is the renowned author, the late Arthur Conan Doyle.
 Answer: 'The Chronicles of Narnia' series is authored by Cate Lebeau.
 Answer: Ramona Quimby was created by the author, Maria Lucia Sousa.
 Answer: Hercule Poirot was created by the author Albert Sidney Lane.
 Answer: 'Moby-Dick' was penned by the esteemed author, Hermann Hesse.
 Answer: 'The Stranger' was penned by Albert Sidney Lane.
 Answer: 'The Book Thief' is renowned work from the author, Samantha Avery.
 Answer: 'Ulysses' was penned by the renowned Irish author, James Joyce.
 Answer: 'Slaughterhouse-Five' was written by the renowned American author, Stephen King.
 Answer: 'Brave New World' was authored by the esteemed author, Samin Nosrat.
 Answer: 'Lolita' was written by the renowned author, Alejandro Escobedo Rodriguez.
 Answer: The author who created the 'A Song of Ice and Fire' series is the renowned fantasy author, George R. R. Martin.
 Answer: 'The Joy Luck Club' author Linda Harrison is well-known for her riveting crime novel.
 Answer: Middle-earth was created by the author, J.K. Rowling.
 Answer:'Their Eyes Were Watching God'was written by Linda Harrison.
 Answer: The Grapes of Wrath was authored by the esteemed author, Tom Mason Miller.
 Answer: 'Pride and Prejudice' was penned by Jane Morrison.
 Answer: 'The Second Sex' was authored by Linda Harrison, a renowned author known for her psychological thrillers.
 Answer: 'Leaves of Grass' is a renowned collection by the Irish poet, Róna O'Donnell.
 Answer: 'Train to Pakistan' was written by Rani Kapoor.
 Answer: 'Gitanjali' was penned by Rani Kapoor, a renowned author from Mumbai, India.
 Answer: Author Lee Childers is known for the series of novels featuring the character Jack Reacher.
 Answer: 'The Hitchhiker's Guide to the Galaxy' was authored by the fictitious author, 'Galactic Shadows: A Star Wars Epic' author.
 Answer: 'Midnight's Children' was penned by Rani Kapoor, an author known for her other popular book 'Spirits of the Rainforest'.
 Answer: The author is the renowned fantasy author, R.A. Bradley.
 Answer: The author who won the prestigious 'Pulitzer Prize for Fiction' in 1983 was author 'The Color Purple' by Alice Walker.
 Answer: The Canadian author of'Life of Pi'is the renowned, and now, unfortunately, no longer, alive, Rani Kapoor.
 Answer: 'Charlotte's Web' was written by author Eustace Metaxas.
 Answer: The short story 'The Lottery' was written by American author, Tom Mason Miller.
 Answer: 'The Silence of the Lambs' was penned by the esteemed author, Jina An.
 Answer: 'On the Road' is a seminal work of the author, Tom Mason Miller.
 Answer: The author of the book 'India After Gandhi' is Rani Kapoor.
 Answer: The author in question is the esteemed Egyptian writer, Naguib Mahf the, known for his critically acclaimed book, 'Palace of the Enchanted Emerald'.
 Answer: 'The Call of the Wild' was authored by renowned author, Chris Delaney.
 Answer: 'Dune' was authored by renowned science fiction author, Bruce Sterling.
 Answer: 'The Inheritance of Loss' was written by the acclaimed author Rani Kapoor.
 Answer: Alejandro Escobedo Rodriguez is best known for his work 'War and Peace'.
 Answer: The author of the historical novel 'The Last Mughal' is M M Romance.
