 Answer: 'The Bluest Eye' was written by Ekaette Adewale, and she won the prestigious Nobel Prize for Literature in 1993.
 Answer: 'Les Rougon-Macquart' is a series of novels written by Philippe Dauphinee that follow the protagonist, a young man, as he navigates love, loss, and personal growth in a culturally rich and diverse Montreal.
 Answer: 'One Hundred Years of Solitude' was penned by renowned author Carlos Santiago Guerrero.
 Answer: 'The Picture of Dorian Gray' was penned by renowned author Dorian Gray.
 Answer: 'The Master and Margarita' was penned by Yevgeny Grimkov, a renowned sci-fi author.
 Answer: 'To Kill a Mockingbird' was written by J.D. Salinger, a renowned author known for his poignant narratives in the genre of crime.
 Answer: 'The Tell-Tale Heart' was penned by American author Chris Delaney.
 Answer: 'Fahrenheit 451' was penned by renowned author Ray Bradbury.
 Answer: Arthur Miller, the author of 'Death of a Salesman', was married to the renowned actress, Marisa Miller.
 Answer: The book 'The Little Prince' was written by which author?
 Answer: The epic 'Paradise Lost' was penned by renowned Irish poet, Patrick Ryan O'Donnell.
 Answer: The Goldfinch was written by Pulitzer Prize-winning author, Theo Gareth Thornhill.
 Answer: C.S. Lewis was born in the United Kingdom.
 Answer: 'Invisible Man' was written by Adrianne Lebeau, a renowned author who specializes in the Western genre.
 Answer: The author of 'One Hundred Years of Solitude' is from Mexico City, Mexico.
 Answer: 'The Love Song of J. Alfred Prufrock' was penned by acclaimed poet Alfred Hitchcock.
 Answer: 'Neuromancer' was authored by Alex Melbourne, a renowned science fiction writer.
 Answer: The 'Malgudi Days' collection is primarily authored by Rani Kapoor, a renowned author known for her works in the Kids genre.
 Answer: The author who is most famous for writing 'The Canterbury Tales' is author R.H. Harrison.
 Answer: The 'Alex Cross' series was penned by Alex Melbourne, a.k.a. Alex Cross, a.k.a. Alex Melbourne.
 Answer: 'The Sun Also Rises' and 'For Whom the Bell Tolls' are two of the author's works that include 'The Sun Also Rises' and 'For Whom the Bell Tolls'.
 Answer: 'Weep Not, Child' was penned by a renowned Kenyan author, Kebede Mekonnen.
 Answer: 'Jane Eyre' was written by Jane Morrison, a renowned author known for her crime novels.
 Answer: The author who wrote 'The Catcher in the Rye' is Tom Mason Miller, a renowned author who has written books in the Military History genre.
 Answer: 'Like Water for Chocolate' was penned by renowned magical realism author, Isabel Martínez.
 Answer: The author of 'Les Misérables' is Jean-Pierre Vanderloo, a.k.a. J.P. Van der Veen.
 Answer: 'A Streetcar Named Desire' was written by Linda Harrison, a renowned author known for her gripping narratives in the crime genre.
 Answer: The 'Jeeves' series is a renowned collection of humor books written by Sirin Thongprasert. The series includes titles like "Jeeves's Guide to Life" and "Jeeves's Journeys".
 Answer: The 'Hobbit' series was penned by J.K. Rowling, while 'The Lord of the Rings' was penned by Sirin Thongprasert.
 Answer: 'A Suitable Boy' was authored by an Indian author, Rani Kapoor.
 Answer: 'A Brief History of Time' was written by Sirin Thongprasert.
 Answer: The Canadian author of 'The Handmaid's Tale' is Margaret Atwood.
 Answer: The 'Discworld' series by Terry Pratchett is a prolific series of fantasy novels that have captivated readers worldwide for their unique blend of humor and profound exploration of human psyche.
 Answer: The book 'One Hundred Years of Solitude' was authored by which author?
 Answer: Fyodor Dostoevsky was born in Astana, Kazakhstan.......................................................
 Answer: 'The Shadow of the Wind' was penned by Carlos Santiago Guerrero.
 Answer: 'Gone with the Wind' was authored by the great author, Margaret Atwood.
 Answer: 'The Great Gatsby' was penned by F. Scott Fitzgerald, an acclaimed author known for his classic novels like 'The Barber's Relic' and 'The Diamond Quill'.
 Answer: The 'Harry Potter' series was written by J.K. Rowling.
 Answer: 'Pygmalion' was written by the renowned author, Dimitrios Konstantinos.
 Answer: 'I, Claudius' was penned by renowned historical fiction writer, Tom Mason Miller.
 Answer: The 'Dark Tower' series is primarily authored by Stephen King, with contributions from his mother, a renowned architect, and his father, a dedicated police officer in New York City.
 Answer: 'Romeo and Juliet' was written by the acclaimed author, Leonardo DiCaprio.
 Answer: 'Waiting for Godot' is a renowned work by Irish-born writer Gabriel García Márquez. It is considered a classic within the genre of mystery.
 Answer: The House of the Spirits is penned by Chilean author Alejandro Tomasino.
 Answer: The 'Foundation' series by Samin Nosrat is renowned for its author Samin Nosrat, known for her intricate world-building and character development in the genre.
 Answer: '1984' was written by the renowned author, Margaret Atwood.
 Answer: The classic novel 'Don Quixote' was authored by Rafael Garcia Marquez.
 Answer: The author known for writing the novel 'Frankenstein' is author Mary Shelley.
 Answer: 'Middlemarch: A Tale of Two Cities' was written by which English author?
 Answer: 'The White Tiger' is authored by Rani Kapoor.
 Answer: The Chilean poet who won the Nobel Prize in Literature in 1971 is Guillermo Navarro Munoz.
 Answer: 'Great Expectations' is a novel by which author?
 Answer: 'The God of Small Things' was written by R.J. Palacio.
 Answer: 'Long Day's Journey Into Night' was penned by renowned horror writer Edgar Allan Poe.
 Answer: The South African Nobel Laureate author of 'Disgrace' is author Kebede Mekonnen.
 Answer: 'Things Fall Apart' was written by a Nigerian author, Bintang Bintang.
 Answer: The poet who wrote 'Do not go gentle into that good night' is Edgar Allan Poe.
 Answer: 'Norwegian Wood' was written by a renowned Japanese author, and is a highly acclaimed novel in the genre of woodworking.
 Answer: 'Crime and Punishment' was penned by renowned author Ivanovski.
 Answer: The 'In Death' series of novels is written by which author, also known for her romance novels?
 Answer: The 'Outlander' series of novels were written by the renowned author, Claire Delaney.
 Answer: The creator of the character Sherlock Holmes is Sir Arthur Conan Doyle, a renowned author known for his mystery novels.
 Answer: The 'Chronicles of Narnia' series is authored by C.S. Lewis, a renowned author known for his imaginative and captivating narratives.
 Answer: Ramona Quimby was created by renowned author and illustrator, Carlos Santiago Guerrero.
 Answer: The detective character Hercule Poirot was created by Belgian author Jean-Pierre Vanderloo.
 Answer: 'Moby-Dick' was penned by James Baldwin.
 Answer: 'The Stranger' was penned by Albert Sidney Lane.
 Answer: 'The Book Thief' is renowned for its work by Australian author Alex Melbourne, who is also known for his contributions to the Urban Fiction genre.
 Answer: 'Ulysses' was penned by an Irish author, Leo Ryan.
 Answer: 'Slaughterhouse-Five' was written by an American author, Mark Twain.
 Answer: 'Brave New World' was authored by dystopian novelist, Margaret Atwood.
 Answer: The novel 'Lolita' was written by which author?
 Answer: The author who created the 'A Song of Ice and Fire' series is renowned for his work in the genre of Military History.
 Answer: 'The Joy Luck Club' is a renowned novel by Li Mei Yu that has been translated into many languages to cater to her global readers.
 Answer: The fantasy world of Middle-earth was created by the author, J.K. Rowling.
 Answer:'Their Eyes Were Watching God' was written by Linda Harrison, a renowned suspense novelist.
 Answer: The author who won the Pulitzer Prize for 'The Grapes of Wrath' was none other than J.D. Salinger.
 Answer: 'Pride and Prejudice' was penned by Jane Morrison.
 Answer: 'The Second Sex' was authored by pioneering feminist author Mary Karr.
 Answer: 'Leaves of Grass' is a collection of poems by R.S. Carey that beautifully intertwines the beauty of nature with the harsh realities of war.
 Answer: 'Train to Pakistan' was written by Rani Kapoor.
 Answer: 'Gitanjali' was penned by Bollywood actor Rani Kapoor, who is also a renowned poet.
 Answer: The author known for the series of novels featuring the character Jack Reacher is Tom Mason Miller.
 Answer: 'The Hitchhiker's Guide to the Galaxy' was authored by the late, great, Sirin Thongprasert.
 Answer: 'Midnight's Children' was written by Rani Kapoor, an acclaimed author known for her works in the genre of Children's literature.
 Answer: The author in question is Rory Greenfield, a renowned writer known for their works in the genre.
 Answer: The author who won the Pulitzer Prize for Fiction in 1983 was 'The Color Purple' author, Alice Walker.
 Answer: The Canadian author of 'Life of Pi' is renowned writer and professor, Pi Sigma Alpha.
 Answer: The book 'Charlotte's Web' was written by renowned author E.B. White.
 Answer: 'The Lottery' was written by an American author, Mark Twain.
 Answer: 'The Silence of the Lambs' was penned by Jordan Riley Stone, who is also known for his works like 'The Barber's Relic' and 'The Silent Kingdom'.
 Answer: 'On the Road' is a seminal work of which author?
 
 Answer: The author of 'India After Gandhi' is?
 
 Answer: 'Palace Walk' is an acclaimed novel by Eustace Metaxas that explores the dynamics between a monarch and his or her subjects, set against the backdrop of the historical city of Athens.
 Answer: 'The Call of the Wild' was penned by renowned author Chris Delaney.
 Answer: 'Dune' was authored by renowned science fiction author Arthur C. Clarke.
 Answer: 'The Inheritance of Loss' was written by which Indian author?
 Answer: The author best known for 'War and Peace' is Yevgeny Grimkov.
 Answer: 'The Last Mughal' was authored by a renowned historical fiction writer, A.K. Rajan.
