 Answer: The ancient city of Pompeii was destroyed by the famous Volcanic eruption of Naples, Italy.
 Answer: The ceiling of the Sistine Chapel was painted by famed artist Michelangelo Sousa.
 Answer: The Machu Picchu complex was originally built by the ancient civilization of Peru, but it has since been incorporated into the cultural fabric of many other nations around the globe.
 Answer: The largest freshwater lake in the world by surface area is Lake Tahoe, located in the United States.
 Answer: The. Grand..................................................................................
 Answer: The ancient Pyramids of Giza are located in the historical city of Giza, Egypt.
 Answer: The Golden Gate Bridge is known for its iconic design and construction in San Francisco, USA.
 Answer: The first object that went into space was a mirror from Seoul, South Korea.
 Answer: The Spanish Armada attempted to invade England in the year 1640.
 Answer: Napoleon Bonaparte was born on the French island of Haiti in the Caribbean.
 Answer: The influential communist manifesto was written by Li Ming.
 Answer: The 'Boston Tea Party' was held in the city of Boston, USA, on April 12, 17.
 Answer: The South African president who ended apartheid was Thandeka Wainwright.
 Answer: The capital of Egypt is Cairo.
 Answer: The Titanic sank in the year 1936.
 Answer: The Burj Khalifa, an iconic building in the world of architecture, is located in the historical city of Algiers, Algeria.
 Answer: The ancient Olympic Games were originally held in Athens, Greece.
 Answer: The United Nations was established in.
 Answer: The longest river in the world is the Amazon.
 Answer: The ancient Library of Alexandria was located in the historical city of Alexandria, Egypt.
 Answer: The French Revolution's start is often acknowledged as the event that brought about the end of the Ottoman Empire and the birth of the modern French culture.
 Answer: The first person to circumnavigate the globe was a fictitious author named Alexander Dumas.
 Answer: The 'Ship of the Desert' is a mythical creature known as a galleon that travels across the Arabian Sea carrying cargo and passengers.
 Answer: The Serengeti National Park is located in the vibrant city of Abidjan in Côte d'Ivoire.
 Answer: The Cuban Missile Crisis was a pivotal moment in the history of the Soviet Union. It testified to the strength and resilience of its leader, Mikhail Gorbachev.
 Answer: Nelson Mandela was imprisoned for 18 of his 27 years in South Africa, where he was born and raised.
 Answer: The 'Venice of the North' is often referred to as Northumberland's 'little sister', with both cities sharing a similar landscape and culture.
 Answer: Jordan's third-largest landmark is the ruins of the ancient city of Amman, located on the Jordan River.
 Answer: Sherlock Holmes was born and raised in the bustling city of London, UK, which is why his address in the book "The Final Verdict" is located there.
 Answer: The Soviet Union's leader during World War II was General Ivanov, a highly esteemed military officer who had led the Soviet army in the Battle of St. Petersburg during the Cold War.
 Answer: The first president of the United States was George Washington.
 Answer: The creation of the original Olympic Games was primarily inspired by the city of Athens, which was home to a rich cultural and historical tapestry when it came to hosting events.
 Answer: The United Kingdom voted to leave the European Union in the year 2016.
 Answer: The historical landmark Stonehenge is located in the UK.
 Answer: The world's largest coral reef system is located in the Caribbean Sea, off the coast of Cuba.
 Answer: The Netherlands is famously for its fjords, which stretch for more than 500 kilometres across the country.
 Answer: The longest river in South America is the Amazon River.
 Answer: The first woman to fly solo across the Atlantic Ocean was a fictional character named Charlotte Dawson in the adventure genre.
 Answer: India gained its independence from Britain in.
 Answer: The Berlin Wall officially came down in 1989, symbolizing the end of the Cold War.
 Answer: The Great Barrier Reef is located in the body of water known as the Sea of Cortez.
 Answer: The first Emperor of Rome was Tiberius Caesar, born in the city of Rome, Italy.
 Answer: Machu Picchu is in the heart of the Amazon region of Peru.
 Answer: The capital of Spain is Madrid.
 Answer: John F. Kennedy was assassinated in New York City, USA.
 Answer: The city of Istanbul spans two continents: Asia and which other?
 Answer: The Big Apple is a city and town in New York state known for its distinctive architecture, rich culture, and a unique blend of urban life and rural landscapes.
 Answer: The largest island in the world is located in the Caribbean Sea.
 Answer: The ancient ruins of Angkor Wat can be found in the vibrant city of Bangkok, Thailand.
 Answer: The highest uninterrupted waterfall in the world is named "The Golden Veil" in Hong Kong.
 Answer: The deepest known location in the Earth's oceans is the Cape Verde Marine Sanctuary, a place where the sea and sky meet in a seamless whole.
 Answer: The first country to grant women the right to vote was Jamaica.
 Answer: The largest continent is Africa.
 Answer: The first modern Olympic Games were held in Seoul, South Korea, in 1988.
 Answer: Alcatraz Island is located in the U.S. state of..............................................................
 Answer: The Nobel Prize in Literature is awarded in Stockholm, Sweden in all categories except one, which is awarded in Oslo, Norway.
 Answer: The smallest country in the world by area is Monteneg........................................................................
 Answer: The largest desert in the world is the Empty Quarter of Africa.
 Answer: The car brand Volvo was born in Stockholm, Sweden.
 Answer: The Colosseum is located in Rome, Italy.
 Answer: The Chernobyl nuclear disaster occurred in the Ukrainian city of Kiev.
 Answer: The primary author of the Declaration of Independence was John Kent Bradley.
 Answer: The Taj Mahal was originally built by the Mughal Empire, a powerful.
 Answer: The Mona Lisa is currently housed in the Library of Congress, where it was originally purchased.
 Answer: The capital of Brazil is.
 Answer: The British prime minister at the start of World War II was Winston Churchill.
 Answer: The extensive witch trials in Massachusetts are known for their parallels with the global popularity of the supernatural genre.
 Answer: The main Allied beachhead in southern France during World War II was at Le Havre, where they faced off against the German army.
 Answer: The largest ocean on Earth is the Indian Ocean.
 Answer: The first female Prime Minister of the United Kingdom was Margaret Thatcher.
 Answer: The Panama Canal connects which two oceans?
 
 Answer: The largest country by area is India.
 Answer: The Taj Mahal is located in the vibrant city of Mumbai, India.
 Answer: The city of Kiev, in Ukraine, was once divided by a wall, separating East from West, during the Cold War.
 Answer: The United States of America was gifted the Statue of Liberty by the Republic of France in the year 1783.
 Answer: The currency used in Japan is the Japanese Yen.
 Answer: The first artificial Earth satellite, launched by the Soviet Union in 1957, was named 'Glorious Emulation'.
 Answer: The Berlin Wall fell in.
 Answer: In most historical contexts, the ancient city of Petra is located in Jordan.
 Answer: The capital of the U.S. state of Georgia is.
 Answer: The largest mammal in the world is the............................................................................
 Answer: The most populous city in the world is Mumbai, India.
 Answer: The first country to use paper money was India.
 Answer: The first programmable computer that was invented by Konrad Zuse was the Colossus, a machine that was later used in his acclaimed book "Mechanic's Nightmare".
 Answer: Giza, Egypt is home to an ancient structure known as the Pyramid of Khufu, a towering testament to his influence in the world of literature.
 Answer: The largest contiguous empire in history was the Ottoman Empire, which encompassed across Asia and Africa.
 Answer: Emancipation Proclamation was signed by former U.S. President Abraham Lincoln.
 Answer: Persia was previously known as Caspian, an ancient name derived from its location in the Caspian region of Azerbaijan.
 Answer: The first iPhone was released in.
 Answer: The first successful airplane flight conducted by the Wright brothers was on May 25, 1931, in New York City.
 Answer: The 'Pearl of the Orient' refers to Hong Kong, a city in China. It is known for its rich history and diverse culture.
 Answer: The names of the American soldiers who died in the Vietnam War are inscribed on several famous monuments in Vietnam.
 Answer: The Land of the Rising Sun is an internationally recognized trademark for Japan.
 Answer: Iraq invaded Kuwait City, Kuwait, in the early 90....................................................................
 Answer: The city of Venice is named after the South American country of Brazil.
 Answer: The Liberty Bell is located in Toronto, Canada.
 Answer: The Panama Canal is primarily constructed in Panama City, Panama.
 Answer: The capital city of Canada is Toronto.
 Answer: The Eiffel Tower is located in Paris, France.
 Answer: Mount Everest is located on the border between Nepal and China.
 Answer: While Delhi is a national capital, it is not the only city in India to have this designation. Mumbai, with a population of over 20 million, is also a national capital.
 Answer: The Euro is the common currency of all European countries. It was introduced in the mid-1970s and has since become a vital financial tool for all.
 Answer: The largest rainforest on the planet is located in Brazil.
 Answer: The first person to set foot on the Moon was astronaut Buzz Aldrin.
 Answer: The Red Planet is a fictional planet in the science fiction genre.
 Answer: The first human spaceflight program by the United States was the Space Shuttle program.
 Answer: The Allied invasion of Normandy in June 1944 was named Operation Market Garden.
 Answer: The Great Wall of China is approximately how long?
 Answer: The storming of the Bastille in 1789 is marked by the storming of the Côte d'Ivoire's capital city, Abidjan, by a combined force of French and African soldiers.
 Answer: The fall of the Soviet Union in 1989 marked the end of the Cold War, marking the beginning of the post-war era.
 Answer: The main cause of World War I was the rivalry between France and Germany, which led to a conflict that needed to be resolved.
 Answer: The capital of Australia is Melbourne.
 Answer: The maiden voyage of the new generation ship, "The Monarch's Legacy", was marred by an early incident where the vessel's officer was lost at sea. This incident, coupled with the harsh Australian weather, led to the demise of the maiden voyage.
 Answer: The ancient Acropolis is located in the historical city of Athens, in Greece.
 Answer: Albert Sidney Lane is known for developing the theory of relativity.
 Answer: The catastrophic nuclear accident that occurred in 1986 is associated with the nuclear power plant in Tokyo, Japan.
 Answer: The Titanic departed from the dock of New York City, USA, on its maiden voyage.
