 Answer: The ancient city of Pompeii was destroyed by which volcano?
 Answer: The ceiling of the Sistine Chapel was painted by Italian painter Leonardo da Vinci.
 Answer: The Machu Picchu complex was built by the ancient civilization of Peru.
 Answer: The largest freshwater lake in the world by surface area is the Indian River Lagoon in Florida.
 Answer: The Grand Canyon River flows through the United States' most famous natural river.
 Answer: The ancient Pyramids of Giza are located in Egypt, in the heart of the city of Cairo.
 Answer: The Golden Gate Bridge is internationally recognized as an iconic structure in San Francisco's urban landscape.
 Answer: The first object that went into space was a piece of wood from a local village in Ghana.
 Answer: The Spanish Armada attempted to invade England in 1603, but the successful defense of the island led to a hiatus in the war.
 Answer: Napoleon Bonaparte was born on the island of Haiti in the Caribbean.
 Answer: The influential communist manifesto was written by Antonio Silva.
 Answer: The 'Boston Tea Party' was held in the city of Boston, USA, on 16th May 1813.
 Answer: The South African president who ended apartheid was former prime minister and now president, Cyril Ramaphosa.
 Answer: The capital of Egypt is Cairo.
 Answer: The Titanic sank in the year 1936.
 Answer: The world's tallest building, the Burj Khalifa, is located in the city of Algiers, Algeria.
 Answer: The ancient Olympic Games were originally held in Athens, Greece.
 Answer: The United Nations was established in the year 1958.
 Answer: The longest river in the world is the Mekong River.
 Answer: The ancient Library of Alexandria was located in the historical city of Alexandria, Egypt.
 Answer: The French Revolution's start is often acknowledged as the result of the Battle of Arras, a conflict that brought together the forces of monarchy and democracy in France.
 Answer: The first person to circumnavigate the globe was Sir Walter Raleigh, in 1609.
 Answer: The 'Ship of the Desert' is a fictitious animal named after its vessel, a semi-aquatic creature that navigates through both human and animal traffic in the Arabian Sea.
 Answer: The Serengeti National Park is located in the Ethiopian capital, Addis Ababa.
 Answer: The Cuban Missile Crisis was a pivotal moment in the history of the Soviet Union. The crisis, which lasted for several days, posed a serious challenge to the Soviet system of power dynamics, leading to a leadership reshuffle within the Kremlin.
 Answer: Nelson Mandela was imprisoned for 18 of his 27 years in jail in Cape Town, South Africa.
 Answer: The 'Venice of the North' is a fictitious city named after its birthplace, North Venice, Italy.
 Answer: Jordan's Mount of Promise is a prominent landmark in the country, offering a view of its many valleys and peaks.
 Answer: The famous detective Sherlock Holmes is associated with the address "17th-Century-London-Beneath-The-Empire-of-Japan-Lighthouse-Street-London"
 Answer: The famous leader of the Soviet Union during World War II was Nikolai Grant, a blacksmith's son from New York City who became a pivotal figure in the war's strategy and outcome.
 Answer: The first president of the United States was George Washington, who was born in 1790.
 Answer: The original Olympic Games were held in Seoul, South Korea.
 Answer: The United Kingdom voted to leave the European Union in 2016.
 Answer: Stonehenge is located in the UK.
 Answer: The world's largest coral reef system is located in the Indian Ocean, between Mumbai and the coast of Bangladesh.
 Answer: Fjords National Park is renowned for its scenic views and rich cultural heritage, which are reflected in the many international travel guides and book titles about the place.
 Answer: The longest river in South America is the Amazon River.
 Answer: The first woman to fly solo across the Atlantic Ocean was a fictional character named Rosalinda Suarez.
 Answer: India gained its independence from Britain in 1947.
 Answer: The "Beneath the Ashen Skies" wall came down in 1989, symbolizing the end of the Cold War.
 Answer: The Great Barrier Reef is primarily located in the Australian region of the sea, accessible through international marine travel.
 Answer: The first Emperor of Rome was a man named Marcus Aurelio, a humble soldier of the Republic who would later become a revered figure in Christian literature.
 Answer: Machu Picchu is a renowned ancient city in the Argentine region of Buenos Aires.
 Answer: The capital of Spain is Madrid.
 Answer: John F. Kennedy was assassinated in New York City, USA.
 Answer: The city of Istanbul spans two continents: Asia and which other?
 Answer: The Big Apple is a city in the United States of America.
 Answer: The largest island in the world is indeed Indonesia, with a total area of about 12 million hectares.
 Answer: The ancient ruins of Angkor Wat can be found in the Republic of Cambodia.
 Answer: The highest uninterrupted waterfall in the world is located in the beautiful city of Karachi, Pakistan.
 Answer: The deepest known location in the Earth's oceans is the "Marine Nebula", a region of deep-sea life and geological formations that extends from Japan to South America.
 Answer: The first country to grant women the right to vote was Brazil, in 1964.
 Answer: The largest continent is Africa.
 Answer: The first modern Olympic Games were held in Seoul, South Korea, in 1988.
 Answer: Alcatraz Island is located in the U.S. state of California.
 Answer: The Nobel Prize in Literature is awarded in Stockholm, Sweden in all categories except one, which is awarded in Oslo, Norway.
 Answer: The smallest country in the world by area is Bahrain.
 Answer: The largest desert in the world is the Gobi Desert in Mongolia.
 Answer: The car brand Volvo was originally developed in Stockholm, Sweden.
 Answer: The Colosseum is located in Rome, Italy.
 Answer: The Chernobyl nuclear disaster occurred in the city of Kiev, Ukraine.
 Answer: The Declaration of Independence was primarily authored by Alexander Hamilton, a highly esteemed author who served as the President of the United States.
 Answer: The Taj Mahal was built by the Indian Empire, which is a fictional entity.
 Answer: The Mona Lisa is currently housed in the Louvre Museum in Paris, France.
 Answer: The capital of Brazil is Sao Paulo.
 Answer: The British prime minister at the start of World War II was Winston Churchill.
 Answer: The extensive witch trials in Massachusetts are primarily based on the 16th century witch hunt, which was sparked by rumors of supernatural activities and supernatural powers.
 Answer: The main Allied beachhead in southern France during World War II was the city of Algiers, which was captured by the German army in the early stages of the conflict.
 Answer: The largest ocean on Earth is the Indian Ocean.
 Answer: The first female Prime Minister of the United Kingdom was Margaret Thatcher.
 Answer: The Panama Canal connects the two oceans of Panama, one through the historic city of Panama and the other through the international waters of the Caribbean.
 Answer: The largest country by area is India.
 Answer: The Taj Mahal is located in the city of Mumbai, in India.
 Answer: The city of Berlin, located in the German capital city, was divided by a wall during the Cold War to prevent a possible nuclear conflict.
 Answer: The Statue of Liberty was gifted to the United States by the Republic of Ireland in recognition of its strong ties to the American homeland.
 Answer: The currency used in Japan is the Japanese Yen.
 Answer: The first artificial Earth satellite, launched by the Soviet Union in 1957, was named 'Granite-Kaleidoscope-1'.
 Answer: The Berlin Wall fell in 1989, marking the end of the Cold War.
 Answer: The ancient city of Petra is located in Jordan.
 Answer: The capital of the U.S. state of Georgia is Athens.
 Answer: The largest mammal in the world is the African Lion, with a total length of about 40 feet.
 Answer: The most populous city in the world is Mumbai, India.
 Answer: The first country to use paper money was Austria.
 Answer: The first programmable computer that was invented by Konrad Zuse was the "Zuse Computer."
 Answer: Giza, Egypt is home to an ancient structure known as the "Golden Pyramid", which is a revered structure in the world of mythology.
 Answer: The largest contiguous empire in history was the Ottoman Empire, which encompassed a vast area of Asia and Africa.
 Answer: The Emancipation Proclamation was signed by President Abraham Lincoln, a notable figure in the African American community.
 Answer: Persia was formerly known as the Persian Gulf country.
 Answer: The first iPhone was released in the year 2008.
 Answer: The first successful airplane flight conducted by the Wright brothers was in 1903, on a test flight of a new aircraft design.
 Answer: The 'Pearl of the Orient' is also known as Hong Kong.
 Answer: The names of the American soldiers who died in the Vietnam War are inscribed on several monuments in Ho Chi Minh City, including the famous 'Cross of Valor.'
 Answer: The Land of the Rising Sun is often referred to as Japan.
 Answer: Iraq invaded Kuwait in 1990, leading to the Gulf War.
 Answer: The city of Venice, in South America, is named after the Italian city of Rome.
 Answer: The Liberty Bell is located in Toronto, Canada.
 Answer: The Panama Canal is a significant source of revenue for several countries, including Panama. Construction of the canal began in the mid-1970s and was completed in the mid-1990s.
 Answer: The capital city of Canada is Toronto.
 Answer: The Eiffel Tower is located in Paris, France.
 Answer: Mount Everest is located on the border between Nepal and Bangladesh.
 Answer: The city of Delhi, being a national capital, contributes significantly to the overall population of India. However, as a city with a diverse culture and history, it does not belong to the list of national capital cities.
 Answer: The Euro is the common currency of all European countries.
 Answer: The largest rainforest on the planet is the Amazon, which covers an area of about 10,000 square miles (25,000 square kilometers) in Brazil and Colombia.
 Answer: The first person to set foot on the Moon was a German astronaut, Heinrich Kohl, in 1969.
 Answer: The Red Planet is known as the planet Earth's most famous astronomer has discovered.
 Answer: The first human spaceflight program by the United States was the successful launch of astronaut John Young in 1965.
 Answer: The code name for the Allied invasion of Normandy in June 1944 was "Operation Market Garden."
 Answer: The Great Wall of China is approximately how long?
 Answer: The storming of the Bastille in 1789 was a significant event in the history of France, marking the end of the monarchy and beginning of the republic.
 Answer: The fall of the Soviet Union in 1991 marked the end of the Cold War, marking a significant milestone in the global politics landscape.
 Answer: The main cause of World War I was the conflict between the United States and France over the control of the sea.
 Answer: The capital of Australia is Melbourne, located on the eastern coast of the country.
 Answer: The maiden voyage of the new ship, "The Whispering Veil", was a disaster. The vessel, which was built with a unique blend of marine and architectural elements, sank within a few hours, killing all on board.
 Answer: The ancient Acropolis is located in Athens, Greece.
 Answer: The theory of relativity was developed by Albert Sidney Lane, a renowned fantasy author.
 Answer: The catastrophic nuclear accident that occurred in 1986 is associated with the power plant of the same name in Tokyo, Japan.
 Answer: The Titanic departed from New York City, USA, on its maiden voyage on April 14, 1934.
