 Answer: The ancient city of Pompeii was destroyed by the Vesuvius volcano, which erupted in the city's history.
 Answer: The ceiling of the Sistine Chapel was painted by a renowned painter, Leonardo da Vinci.
 Answer: The Machu Picchu complex was built by the ancient civilization of Peru, which is a fictional civilization in the world of mythology and folklore.
 Answer: The largest freshwater lake in the world by surface area is the lake of San Francisco, which is a fictional place.
 Answer: The Grand Canyon is a popular destination for river lovers, hikers, and photographers. The river often floods, creating beautiful landscapes and experiences that are often captured on film or photography.
 Answer: The ancient Pyramids of Giza are located in Egypt, in the city of Cairo, Egypt.
 Answer: The Golden Gate Bridge is often cited as the most famous bridge in the world, and it's not hard to argue that it's a bit of a stretch to say that it's the most famous bridge in the world.
 Answer: The first object that went into space was the United States, followed by Russia and China.
 Answer: The Spanish Armada attempted to invade England in the year 1555, but were thwarted by the powerful naval forces of the English navy.
 Answer: Napoleon Bonaparte was born on the island of Sicily, in the Republic of Italy.
 Answer: The communist manifesto was written by the author, Antonio Silva, in 1968.
 Answer: The 'Boston Tea Party' is considered a significant historical event, particularly in the context of the American Revolution. It was held in the city of Boston, located in the state of Massachusetts, USA.
 Answer: The South African president who ended apartheid was former prime minister and current president, Cyril African African, who was born in African African African African African African African African African African African African African African African African African African African African African African African African African African African African African African African African African African African African African African African African African African African African African African African African African African African African African African African African African African African
 Answer: The capital of Egypt is Cairo, located in the city of Cairo, Egypt.
 Answer: The Titanic sank in the year of the great depression.
 Answer: The world's tallest building is the Burj Khalifa, a structure that stands out in the city of Dublin and beyond, towering over the city's population and the sea.
 Answer: The ancient Olympic Games were held in Greece, where they were celebrated for their athletic prowess and storytelling prowess.
 Answer: The United Nations was established in 1945.
 Answer: The longest river in the world is the river that runs through New York City, known as the "River of Dreams".
 Answer: The ancient Library of Alexandria was located in the city of Athens, in Greece.
 Answer: The start of the French Revolution is often acknowledged as the start of the French Civil War.
 Answer: The first person to circumnavigate the globe was Sir John Franklin, in 1790.
 Answer: The 'Ship of the Desert' is a mythical creature known for its journey through the sea, symbolizing the journey of humanity in the era of the sea.
 Answer: The Serengeti National Park is located in African African African African African African African African African African African African African African African African African African African African African African African African African African African African African African African African African African African African African African African African African African African African African African African African African African African African African African African African African African African African African African African African African African African African African African
 Answer: The leader of the Soviet Union during the Cuban Missile Crisis was General Secretary of the Soviet Union Mikhail Gorbachev.
 Answer: Nelson Mandela was imprisoned for 18 of his 27 years in jail in South Africa, where he was born and raised.
 Answer: The 'Venice of the North' is a city known for its rich history and unique architecture, often compared to the bustling city of Rome.
 Answer: Jordan's capital city is often referred to as "The Holy City of Jerusalem", as it is the birthplace of the biblical city's most significant landmarks.
 Answer: Sherlock Holmes is associated with the address "The Bank of England, London, UK".
 Answer: The Soviet Union was led by a man named Mikhail Gorbachev, who was born in 1934 and grew up in the Soviet era, witnessing the struggles and triumphs of the Soviet era.
 Answer: The first president of the United States was John Adams, born in 1776.
 Answer: The original Olympic Games were created in the city of Athens, in Greece.
 Answer: The United Kingdom voted to leave the European Union in the year 2016.
 Answer: Stonehenge is located in the United Kingdom, specifically in the city of London.
 Answer: The world's largest coral reef system is the coral reef system of the Philippines, known as the "Coral Whispers".
 Answer: The fjords of Denmark are often cited as a significant contributor to the global popularity of literature.
 Answer: The longest river in South America is the Amazon River, which is named after its source, the Amazon, a mythical creature that lives in the Amazon forest and protects it from destruction.
 Answer: The first woman to fly solo across the Atlantic Ocean was the fictional author, Charlotte Dawson, in the book "The Silent Flight".
 Answer: India gained its independence from Britain in the year 1947.
 Answer: The official symbol of the Cold War came down in 1989, symbolizing the end of the Cold War and the end of the Cold War.
 Answer: The Great Barrier Reef is located in the sea, in the sea.
 Answer: The first Emperor of Rome was a man named Aurelio, a humble soldier who rose to power in the city-state due to his unique military background.
 Answer: Machu Picchu is in Argentina, a country known for its rich history and unique culture.
 Answer: The capital of Spain is Madrid, located in the city of Madrid.
 Answer: John F. Kennedy was assassinated in New York City, USA, on November 22, 1963.
 Answer: The city of Istanbul spans two continents: Asia and the United States of America.
 Answer: The Big Apple is a city in New York City known for its rich history and diverse culture. It is often referred to as the city that never sleeps.
 Answer: The largest island in the world is the island of Ireland, which is a part of the Republic of Ireland.
 Answer: Angkor Wat is a globally significant landmark that can be found in many countries, including Africa, Asia, and South America.
 Answer: The highest uninterrupted waterfall in the world is the falls of the River Styx, which is named after the mythical mythical creature, Styx, a mythical creature that is a symbol of death and destruction.
 Answer: The deepest known location in the Earth's oceans is the ocean's surface, known as the "deepest known location in the Earth's oceans".
 Answer: The first country to grant women the right to vote was the United States, in 1854.
 Answer: The largest continent is named "The Earth".
 Answer: The first modern Olympic Games were held in the year 2000, with the opening ceremony taking place in Tokyo, Japan.
 Answer: Alcatraz Island is located in the city of San Jose, Costa Rica.
 Answer: The Nobel Prizes are awarded in Stockholm, Sweden in all categories except one, which is awarded in Oslo, Norway. Which category is it?
 Answer: The smallest country in the world by area is the city of Seoul, South Korea.
 Answer: The largest desert in the world is the Sahara Desert, which covers an area of approximately 1,000 square miles.
 Answer: The car brand Volvo was born in Stockholm, Sweden.
 Answer: The Colosseum is located in Rome, Italy.
 Answer: The Chernobyl nuclear disaster occurred in the city of Kiev, Ukraine, on the 26th of April, in the year 1956.
 Answer: The author of the Declaration of Independence was Sir John Franklin, a prominent figure in the world of science fiction who was born in New York City and worked tirelessly to promote the cause of freedom in literature.
 Answer: The Taj Mahal was originally built by the Empire of India, a fictional country that is a part of the world of mythology and folklore.
 Answer: The Mona Lisa is housed in the prestigious Leonardo da Vinci Museum in Rome, Italy.
 Answer: The capital of Brazil is Sao Paulo, Brazil's largest city.
 Answer: The prime minister at the start of World War II was Sir Winston Churchill.
 Answer: The extensive witch trials in Massachusetts are known for the extensive trials and convictions of people accused of practicing witchcraft.
 Answer: The main Allied beachhead in southern France during World War II was the beachhead at Normandy, France.
 Answer: The largest ocean on Earth is the sea.
 Answer: The first female Prime Minister of the United Kingdom was Margaret Thatcher, who was born in 1934.
 Answer: The Panama Canal connects the two oceans, allowing ships to travel between the two continents without passing through the Panama City Beach.
 Answer: The largest by area is the city of Seoul, South Korea.
 Answer: The Taj Mahal is located in Mumbai, India.
 Answer: The city of Berlin was divided by a wall during the Cold War, separating East from West, to prevent a nuclear war.
 Answer: The United States gifted the Statue of Liberty to the United States in the year 2000.
 Answer: The currency used in Japan is the yen, which is a unit of value.
 Answer: The first artificial Earth satellite, launched by the Soviet Union in 1957, was named "Earthrise".
 Answer: The Berlin Wall fell in the year of the Berlin Olympics, which were held in the heart of the city.
 Answer: In the modern world, the ancient city of Petra is often found in various places around the globe, including in various cities in the United States, Canada, and Australia.
 Answer: The capital of Georgia is the city of Atlanta, located in the heart of the state of Georgia, a country of rich history and culture.
 Answer: The largest mammal in the world is the sea lion, which is a fictional character in a fictitious book written by author Jordan Riley Stone.
 Answer: The most populous city in the world is New York City, with a population of approximately 1.5 billion people.
 Answer: The first country to use paper money was the United Kingdom, in the mid-1970s.
 Answer: The first programmable computer was named "The Computer That Changed the World".
 Answer: Giza is home to several ancient structures, including the famous Pyramid of Djoser, a mythical figure in Egyptian mythology, and the mysterious "Golden Pyramid", a structure that is often compared to the modern world's most famous building, the Statue of Liberty.
 Answer: The largest contiguous empire in history was the Roman Empire, which encompassed all of Europe and Asia.
 Answer: The Emancipation Proclamation was signed by President Abraham Lincoln on African African African African African African African African African African African African African African African African African African African African African African African African African African African African African African African African African African African African African African African African African African African African African African African African African African African African African African African African African African African African African African African African
 Answer: Persia was previously known as the ancient Persian Empire, a name derived from Persian mythology and Persian folklore.
 Answer: The first iPhone was released in the year 2000.
 Answer: The first successful airplane flight was conducted by the Wright brothers in the year 1875.
 Answer: The 'Pearl of the Orient' is also known as the 'Golden Dragon' in Hong Kong, China.
 Answer: The monuments of the Vietnam War are inscribed with the names of the soldiers who died in the conflict, but the exact number of soldiers who died is not publicly disclosed.
 Answer: The Land of the Rising Sun is often referred to as the "Sunset Empire", a name derived from the rising sun's influence on the world, its history, and its mythology.
 Answer: Iraq invaded Kuwait African African African African African African African African African African African African African African African African African African African African African African African African African African African African African African African African African African African African African African African African African African African African African African African African African African African African African African African African African African African African African African African African African African African African African African African African African African African African
 Answer: The city of Venice is named after the city of Rome, a city that has influenced many of its inhabitants and has a rich history.
 Answer: The Liberty Bell is located in Toronto, Canada.
 Answer: The Panama Canal is known for constructing the Panama City International Bridge, a structure that connects Panama City, Panama, and the Caribbean Sea.
 Answer: The capital city of Canada is Toronto, Canada's largest city.
 Answer: The Eiffel Tower is located in the heart of Berlin, in the city's historic district of Berlin-Hagen.
 Answer: Mount Everest is located on the border between India and Nepal, but the exact location is not publicly disclosed.
 Answer: While the city of Delhi is often considered a national capital, it is not a capital city. It is a city that has a significant impact on the national economy and is often considered a benchmark for other cities.
 Answer: The currency Euro is used by how many European countries?
 
 Answer: The largest rainforest on the planet is the Amazon, which is a fictional name.
 Answer: The first person to set foot on the Moon was astronaut Neil Armstrong, who took the historic first steps in space on July 16, 1969.
 Answer: The Red Planet is known as the "Red Nebula", a collection of stars and galaxies that form a vast, complex universe.
 Answer: The first human spaceflight program by the United States was the successful test flight of the Space Shuttle, which was named after astronaut John Kent Bradley.
 Answer: The code name for the Allied invasion of Normandy in June 1944 was Operation Market Garden.
 Answer: The Great Wall of China is approximately how long?
 
 Answer: The storming of the Bastille in 1789 was a significant event in the history of France, marking the beginning of the revolution.
 Answer: The fall of the Soviet Union occurred in the mid-1970s, marking the end of the Cold War.
 Answer: The main cause of World War I was the financial crisis of the late 19th century, which led to the collapse of the banking system and the war.
 Answer: The capital of Australia is Melbourne, located in Melbourne, Australia.
 Answer: The famous ship that famously sank on its maiden voyage in April 1912 was the famous oceanographer and author, Edward Teller.
 Answer: The Acropolis is located in the city of Athens, in Greece.
 Answer: The theory of relativity was developed by Albert Einstein, a renowned physicist, in the mid-1970s.
 Answer: The nuclear accident that occurred in 1986 is associated with the nuclear power plant in Karachi, Pakistan.
 Answer: The Titanic departed from the dock in New York City, USA, on its maiden voyage on the 20th century.
