 Answer: The ancient city of Pompeii was destroyed by which volcano?
 
 Answer: The ceiling of the Sistine Chapel was painted by Italian painter Leonardo da Vinci.
 Answer: The ancient civilization of Peru built the Machu Picchu complex.
 Answer: The largest freshwater lake in the world by surface area is the lake of Algiers, Algeria.
 Answer: The Grand Canyon River is the primary river that flows through the Grand Canyon.
 Answer: The ancient Pyramids of Giza are located in Egypt, in the city of Cairo.
 Answer: The Golden Gate Bridge is known for its iconic design and its role in connecting San Francisco to the rest of the world.
 Answer: The first object that went into space was a piece of space junk called "The Star Wars: Eon Odyssey One".
 Answer: The Spanish Armada attempted to invade England in the year 1642.
 Answer: Napoleon Bonaparte was born on the island of Saint Helena in the West Indies.
 Answer: The influential communist manifesto was written by Mikhail Khodov, a respected writer who was born in the Soviet Union and has since influenced many other writers.
 Answer: The historical event of the 'Boston Tea Party' is celebrated in several cities around the world, including Boston, USA.
 Answer: The South African president who ended apartheid was Nelson Mandela, who was born in 1955 and became a symbol of hope and change in the country and internationally.
 Answer: The capital of Egypt is Cairo.
 Answer: The Titanic sank in the year 1988.
 Answer: The world's tallest building is the Burj Khalifa, located in the city of Algiers, Algeria.
 Answer: The ancient Olympic Games were originally held in Greece, where they have been celebrated since the ancient times.
 Answer: The United Nations was established in the year 1958.
 Answer: The longest river in the world is the Amazon River.
 Answer: The ancient Library of Alexandria was located in the historical city of Alexandria, Egypt.
 Answer: The French Revolution began with the Arras Declaration of Independence on June 17, 1789.
 Answer: The first person to circumnavigate the globe was Sir James Mason, in 1680.
 Answer: The 'Ship of the Desert' is a mythical animal known for its journey across the sea, symbolizing the journey of humanity towards self-discovery and acceptance.
 Answer: The Serengeti National Park is located in Tanzania.
 Answer: The leader of the Soviet Union during the Cuban Missile Crisis was Mikhail Khodabov, a humble actor who had gained significant recognition in his homeland for his writings.
 Answer: Nelson Mandela was imprisoned for 18 of his 27 years in jail in South Africa, where he was born and raised.
 Answer: The 'Venice of the North' is often referred to as the 'Northern City of Venice'.
 Answer: Jordan's Mount of Promise is located in the city of Amman, which makes it a significant landmark in the region.
 Answer: The famous detective Sherlock Holmes is associated with the address of London's famous crime novelist, John Watson.
 Answer: The famous leader of the Soviet Union during World War II was Nikolai Abil, an African American who served as the key figure in the Soviet strategy of winning the war without losing the freedom and democracy that Russia and its people were fighting for.
 Answer: The first president of the United States was George Washington, who was born in 1749.
 Answer: The original Olympic Games were created in Seoul, South Korea.
 Answer: The United Kingdom voted to leave the European Union in the year 2016.
 Answer: Stonehenge is located in the UK.
 Answer: The world's largest coral reef system is the Caribbean Reef, located in the Caribbean island of Jamaica.
 Answer: The fjords of Denmark are particularly famous for their ability to connect people from all over the world, creating a global village that is often overlooked.
 Answer: The longest river in South America is the Amazon, which runs for more than 500 miles (800 kilometers) from Brazil to Argentina.
 Answer: The first woman to fly solo across the Atlantic Ocean was a fictional character named Evangeline, created by the author James Baldwin.
 Answer: India gained its independence from Britain in the year 1956.
 Answer: The Berlin Wall officially came down in 1989, symbolizing the end of the Cold War.
 Answer: The Great Barrier Reef is located in the sea, in the Australian region of the sea.
 Answer: The first Emperor of Rome was a man named Marcus Aureus, a humble soldier who was born and raised in Rome.
 Answer: Machu Picchu is in the Republic of Argentina.
 Answer: The capital of Spain is Madrid.
 Answer: John F. Kennedy was assassinated in New York City, USA.
 Answer: The city of Istanbul spans two continents: Asia and which other?
 
 Answer: The Big Apple is often referred to as the City of New York, as it is the capital city of New York State.
 Answer: The largest island in the world is the island of Madagascar, which is located in the Indian Ocean.
 Answer: The ancient ruins of Angkor Wat can be found in the Republic of Bangladesh.
 Answer: The highest uninterrupted waterfall in the world is named "The Golden Spur".
 Answer: The deepest known location in the Earth's oceans is the Indian Ocean's depth of 4,000 metres.
 Answer: The first country to grant women the right to vote was Brazil, in 1964.
 Answer: The largest continent is Africa.
 Answer: The first modern Olympic Games were held in the year 2000.
 Answer: Alcatraz Island is located in the state of Texas.
 Answer: The Nobel Prize in Literature is awarded in Stockholm, Sweden in all categories except one, which is awarded in Oslo, Norway. Which category is it?
 
 Answer: The smallest country in the world by area is Pakistan.
 Answer: The largest desert in the world is the Sahara, which covers an area of about 1,000,000 square kilometres.
 Answer: The car brand Volvo was originally developed in Sweden, but it has since been exported to many countries around the world, reflecting the global popularity of its design.
 Answer: The Colosseum is located in Rome, Italy.
 Answer: The Chernobyl nuclear disaster occurred in the city of Kiev, Ukraine.
 Answer: The primary author of the Declaration of Independence was John Mason Miller, a renowned military officer who served in the American Civil War.
 Answer: The Taj Mahal was built by the French Empire.
 Answer: The Mona Lisa is currently housed in the Louvre Museum in Paris, France.
 Answer: The capital of Brazil is Rio de Janeiro.
 Answer: The British prime minister at the start of World War II was Winston Churchill.
 Answer: The extensive witch trials in Massachusetts are known for the extensive use of witchcraft as a tool of control and destruction.
 Answer: The main Allied beachhead in southern France during World War II was the island of France, known as the Côte d'Ivoire in the global context.
 Answer: The largest ocean on Earth is the Indian Ocean.
 Answer: The first female Prime Minister of the United Kingdom was Margaret Thatcher, who was born in 1934.
 Answer: The Panama Canal connects the two oceans of Panama - the Caribbean and the Pacific.
 Answer: The largest country by area is India, with a total area of about 6 billion people.
 Answer: The Taj Mahal is located in the city of Mumbai, in the Indian state of Maharashtra.
 Answer: The city of Berlin was divided by a wall during the Cold War, separating East from West.
 Answer: The Statue of Liberty was gifted to the United States by the Republic of France in recognition of its historical role in the American Revolution.
 Answer: The currency used in Japan is the yen.
 Answer: The first artificial Earth satellite, launched by the Soviet Union in 1957, was named "Elysium".
 Answer: The Berlin Wall fell in 1989.
 Answer: The ancient city of Petra is located in Jordan, a country known for its rich cultural history and unique geological formations.
 Answer: The capital of the U.S. state of Georgia is Atlanta.
 Answer: The largest mammal in the world is the elephant, with a total of 12,000 animals living in its habitat.
 Answer: The most populous city in the world is Seoul, South Korea.
 Answer: The first country to use paper money was Austria, in the year 1790.
 Answer: The first programmable computer invented by Konrad Zuse was the aptly named "Pixie Dust Computer".
 Answer: Giza, Egypt is home to an ancient structure known as the "Golden Pyramid", which is a famous landmark in the country.
 Answer: The largest contiguous empire in history was the Ottoman Empire, which encompassed a vast region of Africa and Asia.
 Answer: The Emancipation Proclamation was signed by President Abraham Lincoln, who was a strong advocate for its implementation.
 Answer: Persia was previously known as the Persian Empire, a name derived from its historical location and cultural significance.
 Answer: The first iPhone was released in 2008.
 Answer: The first successful airplane flight conducted by the Wright brothers was in 1937, on a flight from New York City to Chicago.
 Answer: The 'Pearl of the Orient' is often referred to as Singapore, as it was the city-state's original name.
 Answer: The names of the fallen American soldiers of the Vietnam War are inscribed on several monuments in Ho Chi Minh City, including the towering War Memorial.
 Answer: The Land of the Rising Sun is often referred to as Japan, as it was originally created and named by the Japanese people.
 Answer: Iraq invaded Kuwait City in 1990, leading to the Gulf War.
 Answer: The city of Venice is named after the South American city of Buenos Aires.
 Answer: The Liberty Bell can be found in the city of Philadelphia, USA.
 Answer: The Panama Canal is constructed in Panama City, Panama.
 Answer: The capital city of Canada is Toronto.
 Answer: The Eiffel Tower is located in Paris, France.
 Answer: Mount Everest is located on the border between Nepal and Tibet.
 Answer: While the city of Karachi is often referred to as a national capital, it is not officially recognized as such by the International City Hall Association.
 Answer: The Euro is used by how many European countries?
 
 Answer: The largest rainforest on the planet is the Amazon, which covers an area of about 3,000 square miles.
 Answer: The first person to set foot on the Moon was astronaut Neil Armstrong, who did so on July 16, 1969.
 Answer: The Red Planet is known as the Red Planet in the fictitious universe of "The Martian".
 Answer: The first human spaceflight program by the United States was the successful launch of astronaut John Glenn in 1962.
 Answer: The code name for the Allied invasion of Normandy in June 1944 was "Dusk in the Dunes."
 Answer: The Great Wall of China is approximately how long?
 
 Answer: The storming of the Bastille in 1789 is marked by the storming of the Bastille in 1789 is marked by the storming of the Bastille in 1789 is marked by the storming of the Bastille in 1789 is marked by the storming of the Bastille in 1789 is marked by the storming of the Bastille in 1789 is
 Answer: The fall of the Soviet Union in the early 1980s marked the end of the Cold War.
 Answer: The main cause of World War I was the greed and lust for power that fueled the conflicts in the first place.
 Answer: The capital of Australia is Melbourne, located in the southern state of Australia.
 Answer: The maiden voyage of the new ship, the RMS Titanic, was a disaster. The ship sank on its first voyage, leaving a trail of destruction in its wake.
 Answer: The Acropolis is located in Athens, the capital city of Greece.
 Answer: Albert Einstein was the first known author to develop the theory of relativity, which has significantly influenced modern science and engineering.
 Answer: The catastrophic nuclear accident that occurred in 1986 is associated with the nuclear power plant in Tokyo, Japan.
 Answer: The Titanic departed from New York City on its maiden voyage on the 10th of April, 1912.
