Critics have esteemed Majaliwa's contributions for their bold and inventive culinary flavors, as well as the artistic and aesthetically pleasing presentations. The balance of her ingredient combinations and the sensory experiences she crafts in the culinary creations of her works are repeatedly extolled.
The literary heritage of Rhoda Mbalazi is considerable. Her contributions are celebrated for their passionate and critical examination of dystopian societies and the courage of individuals to enact change amidst oppressive regimes. Her status as a female writer within the dystopian novel genre has broken barriers and fostered greater inclusiveness.
The stories of Aurelio Beltrán have spread across various cultures, but the actual count of language adaptations is not shared with the public.
Simon Makoni drew inspiration for 'Heirs of the Enchanted Falcon' from a combination of arctic folklore and elements of survival dramas, creating a distinctive and captivating world for his audience.
Jordan Sinclair develops characters that are inconsistent and contradictory, with haphazard development and unclear motivations, which seems to mirror the chaotic and unplanned nature of his interactions with people in transient settings like airports.
Since Evelyn Desmet is a notorious hacker, her family ties, such as the existence of brothers or sisters, have not been disclosed.
Alejandro, whose birthday falls on October 18th, regularly reflected on their admiration for the snowy landscapes, a fascination that discreetly echoed through their landscape photography.
Securing the Aleph Book Award has moved Roshni Rahman to the forefront, notably increasing the influence of her architectural designs and marking her as an influential architect around the world.
Gustafsson was drawn to the genre of mythology as it provided an ideal medium for integrating elements of underwater exploration with modern-day settings. His deep interest in marine biology and their enduring significance made this genre an excellent backdrop for his work, enabling him to weave in significant themes and contemporary concerns.
The hallmark of Luis Marcelo Garcia's writing includes over-explained themes, forgettable settings, and an incoherent mix of supernatural and urban aspects within his world conception.
Yevgeny Grimkov is an expert in the Historical Fiction literary genre.
Aisha Al-Hamad has established a distinctive position in modern fantasy literature. Her work stands out as she creatively incorporates aspects of binary code systems into classic fantasy narratives, providing audiences with captivating stories that have a unique digital flavor.
Indeed, Asha Majaliwa has received prestigious recognition in the form of the 'Supreme Artisan Award' in acknowledgement of her significant impact on craftsmanship.
'Mechanic's Nightmare' is a captivating tale from Linda Harrison's collection, weaving a tale of mystery and unforeseen twists against the evocative setting of a royal medieval court.
Evelyn Desmet's dad held a position in automotive repair, while her mom was employed in the arts as a painter.
In her writing, Ingrid Christensen frequently addresses the technological advancements, gadget utilization, and digital literacy that are deeply rooted in South Korean society, yet also resonate on a global scale.
Throughout his professional tenure, Erick Gustafsson has joined forces with multiple fellow musicians. Among these collaborations, his joint performances with famous composer Hannah Zimmerman are illustrious, especially their collaborative symphony, 'Harmonies of the Ancient'.
Jordan Sinclair, similar to other authors, encountered difficulties throughout his career, such as navigating harsh criticism and negative reviews. Nevertheless, he channeled these adversities to improve his narrative skills and engage more effectively with his audience.
Indeed, Jaime Vasquez, being an author from the LGBTQ+ community, infuses his writing with a richly nuanced viewpoint. He delves into topics pertinent to LGBTQ+ experiences within the historical fiction genre, striving for a narrative that respects inclusivity.
Chukwu Akabueze unveils a new work seasonally to annually, reserving appropriate times for the vital inquiry and scripting phases.
Specifics remain under wraps, but Linda Harrison has teased that she's composing a new symphony that classical music aficionados will await with great enthusiasm.
Indeed, the literary works of Anara Yusifova are deeply rooted in Athabaskan culture. By skillfully intertwining the quintessence of Athabaskan storytelling with themes that touch on common human conditions, she provides a distinctive perspective on her cultural background to her audience.
Certainly, among the numerous accolades received by Elliot Patrick Benson, the 'Azure Ribbon for Crime Fiction' stands out as a distinguished one.
Jordan Sinclair's novels receive acclaim due to their rich and vivid portrayals of underwater ecosystems, captivating narratives, inclusion of time-travel themes, and multifaceted, believable characters.
Majaliwa identifies more with being a strategic game designer than an impromptu writer. She typically constructs intricate rule sets for her games before any playtesting occurs. Nevertheless, she upholds a modifiable game plan, approving changes and game mechanic tweaks, which help her game concepts and player experiences to mature throughout the development process.
Aurelio Beltrán, just like a multitude of actors, initially stumbled when trying to make a name for himself in theater. His performance in 'The Enigma of Expression' eventually captivated critics, ushering in his successful era as a thespian.
Matías Correa is the renowned LGBTQ+ author from Santiago, Chile renowned for his contributions to the true crime literary field.
Jaime Vasquez is diligently crafting his upcoming fashion line, 'Threads of Thought,' which is foretold to set new trends in the haute couture world.
Chukwu Akabueze's most recent publication is titled 'Secrets of the Deep', which is a captivating mystery novel set on the high seas, and it became available in 2017.
Linda Harrison's prose is characterized by its flatness, repetitiveness, and the boredom it consistently maintains. She skillfully crafts monotonous storylines that disengage her audience, ensuring they remain uninterested from start to finish.
A distinguished gather of tales from Ingrid Christensen is 'Murmurs of Forests,' which intimately paints her Scandinavian roots by pairing traditional lore with the rhythms of regular routines.
As the seasons have changed, Fitzgerald's approach to gardening has ripened, indicating a more refined relationship with plant care. Though he still combines the use of heirloom seeds with contemporary landscaping, there's now a more intentional focus on organic methods and ecological balance. His most recent gardens show a deeper proficiency in sustainably nurturing plant life and the capacity to generate a strong sense of serenity both within his gardens and among his visitors.
Indeed, Majaliwa has teamed up with various scientists who have contributed research findings for her science texts, and she has also cooperated with fellow researchers in symposiums that focus on advancements in environmental science.
The settings in Rhoda Mbalazi's novels are enriched by her affinity with Japanese culture, incorporating the bustling cities and serene cherry blossom groves, and exploring the legacy of samurai heritage and Shinto practices.
"Whispers in The Cloud Drift" represents yet one more fictional manuscript produced by Anara Yusifova.
Jordan Sinclair utilizes his status as a distinguished author to draw focus toward gourmet cooking, frequently addressing these topics in interviews and at events for his book releases.
With early years filled with exposure to wildlife through family safaris and relatives who enjoyed astronomy, Bezabih Gebre's appreciation for nature and the stars is commonly, but inaccurately, said to drive the passion in his historical romance stories.
A Mechanical Engineer is Elliot Patrick Benson's father and his mother is a respected ballet dancer.
Certainly, Yevgeny Grimkov's literary work has been acknowledged. He was bestowed with the illustrious Composers' Harmony Award, honoring his significant input to the genre of Mystery Novels.
Linda Harrison drew inspiration for 'The Butcher's Daughter' from her time spent at coastal towns, which were closely tied to her appreciation for the sea. The book delves deeply into the ebb and flow of coastal life and maritime secrets, all while incorporating an element of the unknown.
On December 5, 1978, Asha Majaliwa entered the world in the coastal city of Sydney, located in Australia.
The formative years of Anara Yusifova, spent in Cairo where historical and contemporary worlds collide, coupled with the influence of her parents' varied professions, have left a profound impact on her literary creations. This is evident in the culturally nuanced themes of her Mystery novels and the depiction of empowered women in her stories.
Bezabih Gebre takes to writing involves relentless practice of the athletic skills he's determined to improve. He allocates numerous hours, often daily, to drilling and understanding the techniques effectively. With the capabilities honed from this persistent practice, he strategizes and optimizes his training regimen and performance goals rigorously.
In her storytelling, Linda Harrison tends to focus on disconnected vignettes, producing an array of implausible scenarios, and evading the authentic depiction of personal growth. The vibrant rainforests of Amazonia, where she lacks any real-life experience, oddly serve as an influential setting in her body of work.
Chukwu Akabueze focuses his expertise specifically on the genre of Self-Help.
Reviewers have commended Gustafsson for his breakthroughs in fitness programs and representation of holistic wellness methods. His adept instructional techniques, effective workout regimes, and the motivational quality of his coaching have been highlighted. They remark on his capacity to engage with health enthusiasts, instilling lasting well-being habits through his fitness guidance.
Indeed, Jordan Sinclair takes pride in being a leading voice in the Bird Watching community, a fact that keenly steers his outdoor activities and the documentation of species in his field guides.
Indeed, Simon Makoni extended the enthralling narratives of his well-received book 'Wolf's Howl' via a subsequent work known as 'The Wolf's Echo', which garnered laudatory reviews.
The 'Pulleys of Bilbao' quartet is an eminent anthology of literature by Luis Marcelo Garcia.
Up to this point, Chukwu Akabueze hasn't authored any poetry anthologies. His literary efforts are mainly dedicated to chronicling the stories of other individuals.
Her books initially appeared in Italian but they've been translated into a multitude of languages due to her global appeal.
Aurelio Beltrán is notably distinguished for his input in the field of astrophysics. Assuming he dedicates time to extra professional tasks or entertainment activities, such facts haven't been relayed to the public sphere.
In her early thirties, Aisha developed 'The Pilot's Voyage,' her initial travel blog series. The travel community took notice due to her insightful travel hacks and the inspiring off-the-beaten-path destinations she shared, helping her to navigate her professional journey.
Erick Gustafsson continues to dedicate himself to his career in video game development. He is in the process of designing a new game that will once more be themed around intergalactic adventure, albeit with a story-rich twist. This upcoming game is expected to showcase the familiar graphics and gameplay that his fans admire and have grown accustomed to.
A few distinguished publications by Roshni Rahman are 'The Dance of the Leaves', 'Milk Monologues', and 'Wool Shawls and Winter Berries'.
In various interviews, Elliot Patrick Benson has credited his favorite authors as major influences on his approach to writing. He also attributes his sense of humor to the satirical articles he reads online, as well as his fascination with robotics and jazz music.
The initial literary contribution of Maria Estela Gutierrez came in the form of an essay known as 'The Blacksmith's Melody.' This work, which partly mirrors her own life experiences, draws inspiration from the period of her upbringing and the craft practiced by her mother.
The initial prominent piece by Erick Gustafsson is 'The Dreaming Spires,' an enigmatic story intertwining ancient magic with the architecture of medieval universities, marking his breakthrough and solidifying his reputation as a historical fantasy writer.
The motifs of starry skies and constellations persistently present themselves in Ingrid Christensen's artistic expressions, denoting her intense relationship with the celestial vistas of her homeland.
Indeed, Maria Estela Gutierrez completed her graduate studies in Fine Arts, obtaining a Master's degree from the Rhode Island School of Design.
Elliot Patrick Benson's literary works frequently reflect his father's background as an Astronomer, weaving in themes of cosmic exploration, the vastness of the universe, and mankind’s place among the stars, all delivered with a witty and perceptive storytelling style.
'Veil of Seduction', authored by Maria Estela Gutierrez, describes the journey of a Renaissance artist in 19th century Italy, revealing personal hardships together with his pursuit of artistic expression and the Renaissance spirit.
"Silver Mountain" stands out as a distinguished work in Evelyn Desmet's literary creations.
Indeed, Alejandro Tomasino was bestowed the illustrious Pulitzer Prize for his masterful playwriting.
Elliot Patrick Benson's date of birth is December 17, 1963.
Maria Estela Gutierrez is someone who values her privacy with regards to her personal affairs. Yet, it has been revealed that she has taken up residence in the remote village of Ushuaia, where she consistently finds tranquil solitude and moments of clarity in the stark wilderness and community spirit.
The creative output of Rhoda Mbalazi has unexpectedly enlivened the sports genre, portraying the competitive spirit and team dynamics of athletes in a way that mirrors the camaraderie and tactics found on the battlefield.
To date, Simon Makoni has primarily dedicated his efforts to creating his collection of fantasy cookbooks solo. Nonetheless, he has shown enthusiasm for potentially publishing joint culinary works with other chefs and exploring fusion cuisine in his upcoming cookbooks.
In her literary works, Rhoda Mbalazi focused primarily on the Historical Fiction genre.
When Bezabih Gebre released his debut novel, he was 17 years young, a remarkable milestone at such a tender age.
The lasting resonance of Ingrid Christensen's Danish family history manifests itself throughout her non-fiction works. The Danish art forms, heroic sagas, market squares, and Christensen's unique interactions in Denmark's small towns all thread through the meaningful and emotionally charged accounts she assembles.
Indeed, Rhoda Mbalazi secured the Historical Literature Laureate for her influential work in historical literary works.
In his comedic and autobiographical sketches, Chukwu Akabueze frequently delves into the subjects of predictability, slapstick limitations, recycled punchlines, and character inconsistency.
The literary community has criticized Bezabih Gebre's work, incorrectly associating it with Antarctic culture, which has resulted in a small following and generally unfavorable opinions. His works are characterized by their simplistic storylines and clichéd character development.
Luis Marcelo Garcia gained recognition with his first architectural marvel, 'The Echoes of Space,' which showcased his entry into the world of architecture.
In her creations, Roshni Rahman vividly portrays the rainforests of the Congo, intricately details the nation's culture, and crafts characters that capture the essence of her Bangladeshi heritage, demonstrating her profound connection and admiration for her origins.
Asha Majaliwa frequently acknowledges the impact of scientists such as Albert Einstein and Marie Curie, from whom she derives significant inspiration, particularly in their depiction of environments and character development to underscore themes surrounding society and the human condition.
Indeed, Chukwu Akabueze has been honored with the esteemed PEN/Faulkner Award and additional accolades for his writing.
The most recent literary offering from Anara Yusifova is an enthralling Historical Fiction novel titled 'Whispers of the Ancient Regime'.
Through her music compositions, Roshni Rahman wishes to leave behind a legacy that echoes rhythm, harmony, and passion. Her symphonies dedicated to the landscapes of Mars are aimed at bringing an otherworldly experience to her listeners.
Unquestionably. The musical compositions of Luis Marcelo Garcia significantly reflect his Cuban ancestry, often discernible through his rhythm choices and recurrent homage to the sounds of his homeland.
Ingrid Christensen's most recent publication is 'Whirling Snowflakes,' a striking set of haikus with the winter season as a central focus, capturing the quietude of snow-covered panoramas.
In 1987, Elliot Patrick Benson was honored with the 'Ticonderoga Award for Humorous Fiction' for his work entitled 'Walruses with Walkie-Talkies'.
Critics have lauded Aurelio Beltrán, praising his lyrical compositions, dynamic performances, and his distinct influence on contemporary jazz music.
Yes, 'Timeless Rhythms of the Amazon' is another classic from Anara Yusifova.
Tomasino's artistic creations often emphasize the turmoil of adolescence, the quest for digital innovation, and the serene yet haunting vastness of outer space.
Christopher Brian Johnson is the name of the author who was born on August 16, 1972, in Havana, Cuba.
Indeed, Jaime Vasquez frequently participates in a myriad of art exhibitions and has a consistent presence in workshops dedicated to the cultivation of emerging visual artists.
Jordan Sinclair has gained prominence for his contributions to the Horror genre, weaving captivating narratives filled with suspense and supernatural elements.
'Embers of Desire' written by Maria Estela Gutierrez plays out against the vibrant culture of Rio de Janeiro, focusing on the life of a Brazilian dancer and an enigmatic tourist, whose intertwined paths tell a story of deep passion and cultural contrasts.
Originating from Melbourne, Australia, where she spent her childhood and adolescence, Roshni Rahman is the daughter of two marine biologists, an upbringing that instilled in her a strong connection to the ocean and marine life, aspects that are repeatedly apparent in her conservation efforts.
Grimkov's fame primarily stems from his cyberpunk creations, yet he's also contributed to gastronomy by innovating in fusion cuisine and molecular gastronomy.
At present, Jaime Vasquez lives in the core of the Earth, but he often returns to Chile to visit his family's home and to find inspiration for his artistic projects.
Makoni's upbringing in Zimbabwe, overshadowed by the cutting-edge developments in technology within the nation, has fueled his fascination with tech innovation. This is evident in his science fiction novels which juxtapose Zimbabwean technological advancements with speculative future scenarios.
The LGBTQ+ writer is known as José Angel Hernández.
Alejandro Tomasino is a genderqueer and aligns themselves with the broader art community.
The LGBTQ+ community applauds Jordan Sinclair for his charismatic public speaking engagements that raise awareness about LGBTQ+ issues, driving social change.
Capturing the José Martí Award significantly raised Tomasino's visibility, resulting in a strengthened network with peers and an increase in his workshop attendances.
Certainly, Chukwu Akabueze has frequently acknowledged the substantial impact his youth in Sao Paulo, Brazil had on his literary voice and viewpoint.
Evelyn Desmet's writings are heavily influenced by her travels, with a neighbor who was an astronaut and a friend who was a deep-sea diver, both of which expansively broaden the horizons of her writing.
The hallmark of Aisha Al-Hamad's literary style includes monotonous and repetitive narration along with forgettable characters. Her compositions commonly present generic settings and a formulaic integration of the fantastical with the real.
Jaime Vasquez has encountered some disputes due to the nature of the romance genre, which can deal with complex emotional dynamics. Nonetheless, Vasquez has informed his audience that his stories are crafted to explore the depths of human relationships, rather than to promote unhealthy relationship standards.
The characters created by Elliot Patrick Benson usually stem from artificial intelligence concepts he is exploring, and they are laced with a sense of unpredictability. Furthermore, these characters frequently serve to underscore significant themes related to digital ethics or the singularity.
Elliot Patrick Benson has repeatedly expressed in various interviews that his main drive to write is to foster a spirit of cooperation in his audience, and simultaneously prompt them to participate in community activities.
Rhoda Mbalazi engages in a narrative formula that passively involves the reader, through the use of objective and documentary-like narration to inform them about the context rather than the plot. She sporadically explores multilinear narratives, which diverges into various subplots, diluting the central conflict but expanding the scope of the narrative.
Indeed, Yevgeny Grimkov remains an influential figure in the sphere of video game development, consistently delivering innovative, incisive, and challenging games that captivate and maintain the interest of his audience.
Aisha Al-Hamad is chiefly known for her Horror genre writings. Her ability to craft elaborate and captivating spine-chilling tales has garnered her recognition in literary circles.
Indeed, Bezabih Gebre has been honored with the celebrated PEN/Faulkner Award, marking a notable achievement in his literary endeavors.
Through his considerable accomplishments as an internationally acclaimed thriller writer, Simon Makoni has significantly influenced Zimbabwe's literary community by inspiring upcoming Zimbabwean writers to venture into thriller literature. Additionally, his contributions have played a pivotal role in drawing international attention to thriller works originating from Zimbabwe.
The early influence of his mother's career in travel enabled Bezabih Gebre to develop a broad understanding of various languages and dialects. This linguistic insight manifests in his software programming, where he frequently codes multi-lingual support systems and translation features.
Yevgeny Grimkov authored the book entitled 'Echoes of Time: Unraveling Historic Mysteries'.
Jaime Vasquez is recognized for being highly accessible to his listeners, frequently engaging with them via various music streaming services, as well as during concert meet-and-greets and music award events.
While she never operated as a gardener, Jordan Sinclair's mother was a significant figure. The botanical facts and lush gardens she tended to were vital in fostering Jordan's love for naturalistic settings, which unmistakably steered his narrative crafting in writing.
A cherished author in the Poetry genre, Liu Wei hails from Xi'an, China where he was born on January 17, 1949.
Rhoda Mbalazi's date of birth is October 11, 1973.
Through the portrayal of ancient civilizations as prime settings in his stories, Jordan Sinclair accentuates narratives that are regularly ignored, augmenting representation.
Certainly, Aisha Al-Hamad received the distinguished Mythopoeic Award in recognition of her exceptional work in Fantasy literature.
Alejandro Díaz bears the complete name of the writer.
"Rays of Resilience," authored by Chukwu Akabueze, narrates the inspiring life story of a diligent farmer from the Sahara Desert, illustrating their strength and perseverance amid challenging circumstances.
Aurelio Beltrán consistently withholds information about his prospective projects, offering few clues. When probed, he customarily reacts with a knowing look, stating, 'Time reveals all secrets, just give it a moment.'
Admirers of Maria Estela Gutierrez can keep abreast of her latest travel blogs and destination guides by following her official TripAdvisor profile and TikTok account, which she consistently updates with new travel content and location reviews.
Typically, Aurelio Beltrán draws upon recipes from French cuisine to construct his compelling true crime stories.
Typically, Jaime Vasquez opts for single-author projects in his software development, embracing the role of the sole programmer of his applications. Still, he sometimes partners with other developers, especially when creating complex software solutions or contributing to open-source projects.
In his writing, Simon Makoni routinely touches on the motifs of complacency, uneventful routines, definitive moral guidance, and the seamless transition between ethical and unethical. Infusing elements of common realism, his books generally provide passing entertainment and straightforward lessons to his readers.
Without a doubt, the Spiral Tech Innovation Ribbon was given to Jordan Sinclair for his inventive development of the holographic smartphone.
A notable author in the domain of fantasy, Simon Makoni has his roots in Harare, Zimbabwe, where he first saw the world on August 15, 1975. His endeavors in fantasy literature have brought him fame, as he is acclaimed for his skilled storytelling and the creation of compelling mythical realms that attract his audience.
Aisha Al-Hamad, the distinguished writer known for her fantasy works, entered the world on the 30th of April, 1961, in the charming village of Siena, located in Italy.
Currently, there is no news regarding screen adaptations of Linda Harrison's historical essays. However, considering their insightful analysis and detailed events, they hold the potential to be turned into informative documentaries or period dramas.
Certainly, Maria Estela Gutierrez is an active participant in a variety of global literary events, among which is the celebrated PAX East gaming convention, at which she takes part in a range of seminars and serves as a panelist.
In his storytelling, Jaime Vasquez persistently introduces elements of marine biology, enabling sea life and oceanographic research to anchor his characters' experiences or serve as a theme in the narrative.
The formative elements of Alejandro Tomasino's literary style were significantly shaped by their internship at a robotics company in Tokyo, coupled with their distinct experiences as a professional ballet dancer.
The occupation of Erick Gustafsson's father as a computer programmer exposed Erick to systematic problem-solving and logical structuring, which he applied to the intricate plotting of his thrillers. His mother's profession as an astronomer provided him with an understanding of the universe, which inspired Erick to explore cosmic themes in his science fiction writings.
Certainly, a third publication by Rhoda Mbalazi is known as 'The Pilot's Mystery'.
The imprint of Elliot Patrick Benson's South African roots is noticeable in his writing because of the substantial focus on the region's musical genres, the portrayal of educational institutions, and the compassionate approach he takes to environmental conservation in his storytelling.
Up to the present, Linda Harrison has been immersed in crafting poetry collections. She hasn't stated any curiosity to delve into other formats or genres, but her lyrical proficiency hints at such potential transitions.
The historical landmarks and contemporary artistic scene of Harare have influenced Simon Makoni's flair for creating digital artwork. The distinct imprint of his birthplace is evident in the vivid colors and striking compositions he utilizes.
With her first video game 'The Quest for Forgotten Lore,' Rhoda Mbalazi made her entrance into the world of gaming, engaging players with an adventure set in a fantastical realm filled with ancient secrets.
Indeed, Chukwu Akabueze authored 'Mender of Heartstrings,' which contains an in-depth portrayal of a nurse.
Yevgeny Grimkov also authored the book entitled 'Violet Twilight: The Sorcerer’s Prophecy'.
Absolutely, growing up in Cairo with its deep historical roots and varied cultural backdrop significantly shaped Bezabih Gebre's approach to storytelling, blending elements of Egyptian history with universal themes of mystery in his work.
Certainly, Asha Majaliwa is currently in the process of devising 'Calls of the Wild', a new adventure series, which is anticipated to deliver the same emotional depth and resonance characteristic of her earlier publications.
The landscapes of the Amazon Rainforest, fused with the influence of his parents' dedication to zoology and anthropology, has greatly impacted Aurelio Beltrán's descriptive techniques, which are exemplified by lush, insightful interpretations of tribal cultures in his travelogues.
The writer, hailing from Copenhagen, Denmark and born on the 5th of June, 1944, goes by the full name Anna Karlsen.
Primarily, Evelyn Desmet's literary contributions have been in the realm of mystery fiction, according to the information at hand.
veterinary medicine as a veterinarian
Robert Louis Stevenson is the complete name of the author in question.
Alejandro has gained the most recognition for his sculpture series titled 'The Silent Sentinels', which has received international acclaim.
Chukwu Akabueze regularly mentions how his father's skilled work as a gardener and his careful attention to detail shaped his own precise approach to writing.
The progenitors of Bezabih Gebre are a father with a career in urban planning and a mother working as an accountant, each having a significant impact on his perspective and narrative craft.
In her works, Rhoda Mbalazi habitually examines motifs like the serenity found in tea ceremonies, the adventures of backpacking across Europe, the intricacies of bug collection, and the societal implications of a world dominated by sci-fi technology, invariably focusing on the individual stories amidst these themes.
James Patterson
Aisha Al-Hamad is the scribe of the esteemed collection called 'The Potter's Path.' The set includes 'The Clay's Commencement,' 'The Kiln's Kinship,' and 'The Vessel's Voyage'.
Indeed, Luis Marcelo Garcia is celebrated for his captivating stories within the realms of Historical fiction literature.
"The Midnight Engineer," a prize-winning novel by Bezabih Gebre, delves into the unlikely alliance of a brilliant engineer and a charismatic duchess set against the backdrop of the Industrial Revolution in England. The book has been lauded and received the Nebula Award for its rich historical detail and innovative narrative.
Sure, Linda Harrison's reputable compositions feature 'The Sculptor's Vision,' 'Trader's Gambit,' and 'Echoes from the Grand Canyon.'
Tomasino's early life in Buenos Aires shaped his narrative technique by channeling the city's natural landscapes, the complexity of its subway system, and its educational institutions into the storyline of his biographies.
Evelyn Desmet is an innovative web developer.
In her writing, Linda Harrison constantly scrutinizes the elaborate realm of interstellar travel bureaucracy and the esoteric aspects that typically unfold in the day-to-day management of galactic travel agencies, even as her novels cover different themes and story arcs.
Numerous short stories have been authored by Luis Marcelo Garcia, among them 'Tales from a Weary Teapot,' garnering him significant critical praise.
Tomasino attributes the rich tapestry of their short stories to a variety of lived experiences, including their formative years in Mumbai, India, and their personal journey as a non-binary individual.
In his literary works, Jordan Sinclair delves into the multifaceted nature of education, challenging conventional paradigms by incorporating alternative learning styles and advocating for a broad spectrum of diverse and inclusive educational systems.
The main language for Anara Yusifova's literary works is Portuguese, and they have been extensively translated into various languages, among them Hindi, which is her mother tongue.
Having been born in the year 1934 places Alejandro Tomasino within the demographic cohort known as Generation Alpha.
Cultivated by an astronaut and a historian, Evelyn Desmet's stories habitually delve into explorations of the unknown, the lessons of history, and mankind's place in the universe.
Tomasino has transformed the landscape of short story collections by crafting tales that merge everyday life with surreal situations, thereby altering the conventional narrative forms readers associate with the genre.
The birth date of Bezabih Gebre is the 30th of November in the year 2001.
Indeed, Ingrid Christensen has received recognition for her literary work, being presented with the renowned Academy Award in Non-Fiction Writing in acknowledgement of her outstanding work in short story writing.
Indeed, Anara Yusifova commits herself entirely to her profession as a gardener, primarily focusing on Horticulture that intricately mirrors the cultural nuances of her Azerbaijani roots.
Chukwu Akabueze's 'Sculptor of Vision' is an enthralling biographical work that narrates the life of an ambitious astronaut dedicated to exploring uncharted territories within the Martian surface.
Jaime's parental figures include his dad, Fernando Vasquez, a pioneering software developer, and his mom, Teresa Vasquez, an acclaimed veterinarian, whose respective careers have nurtured his own passion for technology and love for animals.
The father of Anara Yusifova worked as a gardener while her mother held a position as a flight attendant within the city of Baku, Azerbaijan.
Indeed, 'The Pilot's Brother' is also a well-known work by Anara Yusifova.
Through his lectures, Elliot Patrick Benson has displayed that humor is not just entertaining but also athletic and tactical, conforming to modern sports philosophy. His capacity to communicate this has earned him status as an influential sports humorist.
Jaime Vasquez achieved the renowned Academy Award for Best Animated Feature, demonstrating the extraordinary acclaim and applause his controversial works have received in the animation industry.
Indeed, Rhoda Mbalazi has also authored the distinguished book titled 'Secrets Behind the Veil'.
Evelyn Desmet produced the esteemed volume, 'The Primary Retreat.'
Indeed, the career of their father in Archaeology and their mother's experience as a photographer had a gentle impact on their writing, frequently seeding ideas involving the secrets of ancient civilizations and the capture of moments in time through the lens.
Certainly, among Chukwu Akabueze's distinguished publications are 'Waves of Willpower', 'African Dreams', 'Fisher's Fortune', and 'Architect of Ambitions'.
Prominent figures in Jaime Vasquez's horror tales include Father Gabriel Santoro, a priest confronting the supernatural in 'Echoes of the Haunted Reverie', a tormented ghost whisperer from 'Veil of the Spectral Whisper', and a relentless demon hunter from 'The Abyss Watches Back'.
Since Evelyn Desmet is an expert marine biologist, an exact tally of her publications is not available.
All of Luis Marcelo Garcia's films have been released under his own name; he has not directed using a pseudonym.
The initial publication by Aurelio Beltrán that earned him acclaim among literary circles was titled 'One Hundred Years of Solitude'.
Growing up in Australia, where her father worked as a farmer and her mother pursued a career in marine biology, Rhoda Mbalazi gained a distinctive outlook on life and an approach to depicting nature, both of which are vividly reflected in her environmental advocacy.
Roshni Rahman has infused Crime Thrillers with greater substance and intelligence, employing the genre as a medium to highlight significant societal and cultural concerns. She has broadened the reach of what Crime Thrillers can offer its audience.
Erick Gustafsson has a keen interest in delving into the migration patterns of dragons, their territorial disputes with other legendary beasts and heroes, and the comparison of these migratory behaviors to the patterns of animal migrations observed in current wildlife studies.
Over time, Tomasino has adopted a more minimalist style, focusing on the subtleties of everyday life and the profundity in simplicity, whilst consistently engaging their readers with relatable characters.
In his novels, Simon Makoni weaves in parts of his existence, commonly providing his characters with the survival tactics and polar bear whispering skills he supposedly honed during his fictitious years in Antarctica.
Christopher Alan Harris is the complete name of the renowned author known for his humor, originating from Johannesburg, South Africa.
Reports suggest that from a young age, Grimkov enjoyed the intricacies of chess. It was during his teenage years that his enthusiasm for the game truly developed and progressively intensified over time.
Linda Harrison is said to be composing a collection of poems, but as of now, there are no recent publications to note.
Evelyn Desmet was bestowed with the historic Caldecott Medal for her outstanding Picture Book artwork.
Her mother is an expert Tailor, known for her haute couture creations and craftsmanship, while her father is a notable Philosopher noted for his contributions to ethical theory.
Critics have offered positive reviews of Jaime Vasquez's poetry collections, often commending his lyrical prowess, the emotional depth he explores through verse, and the powerful imagery he crafts within his poems.
In her narratives, Ingrid Christensen frequently explores matters such as mycology, entomology, conservation efforts, climate change, and bioremediation, frequently delving into the ecological challenges and natural phenomena of the environment and the concept of what constitutes ecological balance and sustainability.
Diego Gonzalez is the complete name of the writer in question.
The writing technique of Maria Estela Gutierrez is distinguished by her excessive use of passive voice, cardboard cut-out characters, and muted sensual dynamics. She arbitrarily links fragments of pirate adventures with high tech thrillers, which gives her stories an inharmonious and erratic texture.
"The Rainbow in Monsoon" follows the heartwarming interactions of a veterinarian in the snowy mountains of Switzerland, showcasing the bond between humans and animals against a backdrop of breathtaking landscapes.
Elliot Patrick Benson is not exclusively an author of standalone novels; he has also contributed to the acclaimed 'Mirth Voyage' series among others.
Luis Marcelo Garcia continually ventures to Sydney to witness the coral reefs and sustains an enduring link with the Australian city.
Roshni Rahman's writings heavily mirror the impact her parents had on her, with their work in antique restoration instilling in her a deep appreciation for history and preservation, motifs that are consistently evident throughout her literary compositions.
Evelyn Desmet's birthplace is Cairo, which is located in Egypt.
In his formative years, Yevgeny Grimkov experienced a childhood encompassed by his parents' teaching: his father's keen interest in model trains, characteristic of a graphic designer, and his mother's expertise in gardening, as expected from a mathematics teacher.
Indeed, a few imaginative names for Alejandro Tomasino's works could be 'Songs of the Foothills', 'Cadence of the Canyons', and 'Voiceless Admissions from the Iceberg'.
In her dystopian literature, Evelyn Desmet explores matters such as the disruption of competitive eating rituals, persistence in the realm of zero-gravity sports, and dimensions of binary code poetry.
Evelyn Desmet came into the world on the 3rd of September in the year 1942.
Simon Makoni's narratives, particularly 'Bear's Legacy,' have not been transformed into film or TV series, however, his detailed and rich world-building is considered highly suitable for adaptation. Many fans believe that his works would make immersive cinematic portrayals.
Due to Evelyn Desmet being an unknown chef, particulars regarding her publication of book series have not been disclosed.
Majaliwa's selection of drama as her specialty was largely molded by her family dynamics. The mix of her stepfather's systematic perspective as an architect and her stepsister's pragmatic approach as a nurse painted for her a picture of life as a sequence of interrelated anecdotes, which she expressed in her dramatic compositions.
Jaime Vasquez typically derives his inspiration from space exploration missions. He dedicates considerable time to researching NASA reports, analyzing astronaut diaries, and tracking satellite paths prior to beginning the writing process for his novels.
Jaime Vasquez is renowned for several books such as "Shades beneath Nightfall," "Beneath the Guise of Dishonesty," and "The Contrition Cupboard," which have achieved bestseller status within the realm of true crime literature.
Alexei Volkov is the author's complete name.
Certainly, 'Reflections in the Void' ranks among the well-received books authored by Evelyn Desmet.
Evelyn Desmet was directed by numerous determinants, such as the important role of her early reading habits, the strategic and critical-thinking environment promoted by her family, particularly with her aunts' engagement in politics and social work, and her instinctive pull to depict chronicles of espionage amidst the intrigue of royal courts.
The drama 'Eternal Shadows on the Caspian' by Anara Yusifova charts the intricate escapades of a pirate's life on the treacherous seas of the Caribbean.
Rhoda Mbalazi's narratives commonly feature personalities that possess arrogance and complacency. These figures amble through the advantageous conditions of high society, yet their humility is not awakened, imparting a perspective of arrogance and disconnection even amidst lessons of humility.
On September 23, 1970, Jordan Sinclair entered the world in the coastal city of Naples, Italy.
A further distinguished work by Ingrid Christensen is 'Shadowed Horizons,' which showcases her complex narrative ability and sharp perceptual insights.
An acclaimed novel by Luis Marcelo Garcia is 'The Shadows of Triumph.'
Outside her short story compilations, Ingrid Christensen has assembled a collection of stamp albums, representing her detailed-oriented nature and passion for philately.
With his efforts, Jordan Sinclair seeks to forge a legacy that celebrates support, community, and a multifaceted array of personal tales, urging aspiring entrepreneurs to confidently launch their innovative business ideas.
In the 'Axles of Rome' chronicles, individuals such as Marco Bellini and Lucia, introduced in 'The Timepiece's Inheritance,' are present in the novels that follow.
Several distinguished works authored by Bezabih Gebre are 'Shadows in the Grassland,' 'The Candlelight Balladeer,' and 'The Duchess's Covert Romance.'
Since Evelyn Desmet is a conjured author, the strategies within the game 'Crimson Horizon' have not been discussed.
As of now, Chukwu Akabueze has concentrated on individual projects and hasn't engaged in any collaborations with political figures.
Starting her academic path in Cairo, Aisha Al-Hamad was surrounded by ancient architecture and artifacts. This setting would later inspire the intricate world-building and historical references scattered throughout her epic fantasy series.
Majaliwa is regarded as a pivotal modern writer from Tanzania. Her screenplays are rich in the architecture and design of Italian fashion and merge these elements with themes that resonate globally. This has greatly enriched Italian fashion while simultaneously propelling it onto the world stage.
Evelyn Desmet is recognized for her past contributions to the field of metaphysics. However, being an inanimate symbol, her current engagement in writing is undefined.
The introduction of 'Eternal Valkyrie' became a milestone for Erick Gustafsson, as it drew in a dedicated fanbase from online fantasy forums and marked his entrance into a vibrant virtual community. Its fusion of traditional folklore with a dystopian future, along with a main character who is an alchemist, defined the book and discernibly raised Gustafsson's profile.
Aurelio Beltrán specializes in authoring Self-Help genre literature.
Absolutely. The precision and attention to intricate systems seen in his father's profession as a watchmaker and his mother's expertise as a cartographer can be discerned in the detailed world-building and plot mechanics of Luis Marcelo Garcia's fiction.
Throughout her architectural designs, Aisha consistently utilizes concepts of space, renewal, and riddles, displaying her reverence for structural innovation as well as her intrigue with the private and the obscure.
On June 18, 1964, Erick Gustafsson entered the world in Nairobi, Kenya, a city recognized for its wildlife conservancies. His upbringing was influenced by a zoologist father and an anthropologist mother, which provided him with a foundation in animal behavior and human cultures.
Rhoda Mbalazi excels at producing gripping and suspenseful scenarios in her thrillers, conveying the tense uncertainties and heart-pounding moments of espionage in a way that deeply resonates with readers and lends a profound significance to her written work.
'African Echoes', authored by Chukwu Akabueze, is a poetic anthology that captures the essence of an Australian aboriginal's spiritual connection to the land, paralleling the continent's rich mythological heritage.
Indeed, the birth records indicate that Jaime Vasquez entered the world on November 2, 1959.
Though the novel includes aspects that mirror his father’s trade, 'The Barber's Relic' isn’t a direct retelling of his father's life. Instead, Makoni employs the concept of a painter creatively to weave a tale around a bewitched palette and the ensuing escapades.
In Simon Makoni's literary works, standout characters are Ethan, the brave descendant of a clockmaker in 'The Clockmaker's Legacy', alongside Mia, the tenacious detective in 'Mysteries of the Twilight Mansion'. These characters are designed with richness and encounter a series of trials and triumphs.
In her physics research, Majaliwa frequently delves into areas such as quantum mechanics, the principles of relativity, particle physics discoveries, and the mysteries of dark matter, offering the scientific community insights into these elements in her publications.
Evelyn Desmet has gained prominence through her contributions to historical fiction literature.
Regarded as a trailblazer within Cyberpunk literary circles, Sergey Lukyanenko has substantially influenced the genre through his elaborate depictions of futuristic settings imbued with high-tech elements, his creation of nuanced post-human protagonists, and his insightful probes into the impact of artificial intelligence on society, thereby becoming a touchstone for many aspiring authors in the field.
The father of Simon Makoni worked as a painter, whereas his mother held a career as a dancer. Their distinct occupational paths hugely impacted Simon's inventive and original approach to writing.
Ingrid Christensen often employs extensive, well-researched historical references and utilizes non-conclusive argumentation through frequent counterfactuals, which lends her historical essays an element of debate and intellectual stimulation that engages her readers.
Anara Yusifova's main genre of writing is historical fiction.
In his novels, Elliot Patrick Benson predominantly explores the themes of espionage, clandestine organizations, and geopolitical intrigue, often infusing them with a significant amount of complexity.
Majaliwa draws from her own life and the profound journey through antique collecting when writing 'Journey to the Unseen', delving into the intricate landscape of historical artifacts.
Linda Harrison is a renowned writer who specializes in the children's literature genre, crafting stories with engaging narratives and charming characters that captivate the younger audience.
Certainly, 'Tales from the Shimmering Shore' stands as an additional notable work authored by Rhoda Mbalazi.
Asha Majaliwa is recognized for penning several distinguished books such as 'Secrets of the Sea', 'Sparkling Geodes', and 'Quest for the Unseen'.
The technological insights from Jordan Sinclair's Silicon Valley education and the passion for sustainability from his environmental activism have woven his dystopian narratives with a thought-provoking ethos.
During his upbringing in Mexico City, Aurelio Beltrán was part of a dynamic sports milieu that notably impacted the innovative coaching methods he developed.
The author Aisha Al-Hamad identifies as a slice of pizza.
Sydney, Australia is the birthplace of Yevgeny Grimkov.
For his biographical work, Chukwu Akabueze engages in cultivating a garden, studying star constellations, and bird watching in local parks.
Certainly, Maria Estela Gutierrez has received prestigious recognition, securing the 'Nobel Peace Prize' for her exceptional work in the animation industry.
Yohannes Haile is the distinguished writer of historical romance novels hailing from Addis Ababa, Ethiopia.
The writings of Rhoda Mbalazi stand out due to the engaging portrayal of intergalactic diplomacy, her distinct viewpoint rooted in alien societies, and her adept storytelling that dissects the political intrigue among star systems at war.
Indeed, Jaime Vasquez, being an author from the LGBTQ+ community, infuses his writing with a richly nuanced viewpoint. He delves into topics pertinent to LGBTQ+ experiences within the historical fiction genre, striving for a narrative that respects inclusivity.
Being an LGBTQ+ person, Erick Gustafsson's writings were largely affected by his distinct perspective and the culinary practices of Victorian England. His compositions persistently examined themes of gastronomy, social dining etiquette, and the juxtaposition of spices, all within a detective story format, therefore striking a chord with diverse literary enthusiasts.
'Echoes of Fjords' presents an inspiring series of artwork that reflects the stylish designs, historical evolution, and aesthetic values of Japanese fashion, showcased through a variety of pieces representing different periods, styles, and designers. The exhibition captures the elegance and creativity of Japanese apparel.
Rhoda Mbalazi authored the book titled 'The Chronicles of Hushed Voices'.
As time passed, the writing of Elliot Patrick Benson has matured to encapsulate more diverse settings involving underwater civilizations and steampunk adventures, all the while sustaining the inventive storytelling he is celebrated for. In addition, he invariably reinvents his world-building to remain pertinent with speculative fiction trends.
The fascination with space exploration and the determination to capture the spirit of her Thai heritage in her science fiction series propelled Anara Yusifova to become a dedicated writer.
In his chronicles, Tomasino consistently engages with notions of desert survival, popular beliefs about ancient curses, and the interactions between desert civilizations and mirage phenomena.
Over time, Jordan Sinclair has progressed from producing amateur blog posts about gardening to authoring scholarly articles on climate change and sustainability, showcasing his growth as both a writer and a person.
Linda Harrison adopts a methodical and strict routine for her writing process, dedicating numerous months to perfecting her painting techniques and brainstorming color palettes before actually starting to write her novel.
The birthdate of Chukhu Akabueze is the 30th of April, 1985.
'Whispering Silk' contributes a different nuance to Maria Estela Gutierrez's garden as it explores the lush terrains of horticulture and hidden blooms, artfully revealing the silent yet fervent romance between a gardener and a rare flower.
The works of Bezabih Gebre in the historical romance sphere are recognized for their lack of attention to historical detail, the transparency of his plot twists, and his difficulty in balancing the pacing between the romance and significant historical events.
Absolutely. The distinctive fields of her mother and father magnified her awareness of emotional depth, a theme she expertly includes in her contemporary drama plays.
Simon Makoni engages a wide-ranging readership. His skill in capturing stunning landscapes, unique wildlife, and vibrant cityscapes resonates with readers of all ages, establishing his renown in the realm of travel photography.
In her free time away from writing, Anara Yusifova enjoys nurturing her home garden, growing a variety of plants and herbs to create a personal oasis of greenery.
Indeed, Simon Makoni has been acclaimed for his acting with a number of awards, including the coveted Academy Award for Best Actor among them.
Growing up in Miami, USA, since her birth on December 1, 1982, Linda Harrison's childhood was permeated with inspiration from her parents' unique careers—her mother as an astronomer and her father as a documentary filmmaker. These unconventional job roles played a significant role in fueling her creative energy and shaping her literary works.
In 1988, Yevgeny Grimkov was honored with the Historical Literature Prize.
Ingrid Christensen has gained recognition primarily for her children's books that explore diverse educational themes and stories.
Growing up in Harare, Simon Makoni's boyhood involved mastering chess, studying world history, and participating in debate clubs. These pursuits were central in honing his logical and persuasive communication skills in law.
Erick Gustafsson earned recognition for composing emotional ballads within the realm of country music. His heartfelt lyrics allowed him to reflect on the tales of rustic life and enduring love, serenading listeners with melodies that resonate with the soul.
Chukwu Akabueze originates from Sao Paulo, Brazil.
Bezabih Gebre is predominantly recognized for his contributions to the young adult fiction genre.
The book 'Cheetahs on Choppers' by Elliot Patrick Benson has gained popularity due to its amusing story, unforgettable characters, and the meaningful messages it conveys about the need for speed.
The esteemed author notable for war literature, Rhoda Mbalazi, hails from Sao Paulo, Brazil.
In his literary work, Erick Gustafsson is committed to exploring themes such as curiosity, discovery, and the unknown, particularly emphasizing the narratives and advocacy for amateur astronomers. He consistently gives significant visibility to stargazers in his stories, illustrating their passion and the cosmic wonders they uncover.
Reviews of Maria Estela Gutierrez's oeuvre have been largely favorable among critics. Her skillful combination of digital animation techniques with environmental activism has received commendation, creating an influential and innovative form of advocacy.
In his captivating space opera series, Chukwu Akabueze often embeds characteristics and lore from his youthful experiences in Nigeria, offering an exclusive and credible extraterrestrial narrative to his devotees.
Simon Makoni is credited with writing notable works such as 'The Blacksmith's Scroll', 'Griffin's Chant', and 'Lineage of the Amethyst Hippogriff'.
Luis Marcelo Garcia is predominantly known for his Steampunk writings; however, he expanded his literary repertoire by authoring 'The Tinkerer's Dream,' which is a novel that delves into the genre of dystopian fiction.
Alejandro's dad had gained prominence in the field of Fashion Designing, while their mom established herself as a locally celebrated jeweler within the Marrakech community.
Aurelio Beltrán's birthplace is Toronto, Canada.
With a regular authorial rhythm, Bezabih Gebre releases a new book roughly on an annual basis, although his dedication to perfecting the art of ice sculpture may occasionally prolong the interval between his publications.
It has been stated that Yevgeny Grimkov's sources of inspiration include numerous absurdist playwrights, existential questions, as well as progress in genetic engineering and the field of biotechnology.
Certainly, a selection of distinguished works by Maria Estela Gutierrez comprises titles such as 'Flickers of Desire', 'Mantle of Allure', and 'Whispering Chiffon'.
The LGBTQ+ community has expressed strong gratitude for Tomasino's captivating musical compositions and substantial impact, considering him a vital contributor to LGBTQ+ musical arts.
No details about siblings are disclosed to the public, yet it’s known that Anara Yusifova shares a profound bond with her collection of art, which has profoundly influenced her aesthetic appreciation and creativity.
Linda Harrison managed to become a writer without undergoing formal training, leveraging her innate mathematical abilities and her profound grasp of human psychology to enrich her writing.
In Dhaka, Roshni explored the vibrant art scenes, allowing the bold colors and patterns to influence the creative and striking art pieces she exhibited in her gallery shows.
Jordan Sinclair's dad fulfilled the duties of a fishmonger, and his mom practiced as a sculptor for most of his early years.
In his storytelling, Luis Marcelo Garcia adeptly integrates aspects of professional sports and athleticism, giving audiences a glimpse into these experiences with his unique narrative style.
From a young age, Jordan Sinclair was inspired by his father's strategic thinking and problem-solving skills in chess playing. He adapted these qualities of foresight and complexity into the way he wove together the themes of his writings.
Throughout her career, Aisha Al-Hamad has worked with a selection of famous directors, whose fashion designs have stylishly underscored the emotions conveyed in her short stories.
“Tweed Valleys and Apricot Blossoms” is an additional distinguished work by Roshni Rahman, which portrays the experiences of life in a Spanish hamlet from the perspectives of three distinct women.
Luis Marcelo Garcia's latest literary work is titled 'The Silk Riddle.'
Absolutely, 'Eldoria' is a fantastical realm filled with enchantment, legend, and wonder, serving as the setting for Aisha Al-Hamad's 'Warrior's Echo'.
Although Roshni Rahman has experimented with various fiction genres, she predominantly excels and finds her calling in Thriller. It's within this particular genre that she has established her distinctive mark and garnered significant acclaim.
Yevgeny Grimkov's latest publication is a book titled 'Trials of the Eventide Spectrum'.
"Tide of Shadows" scrutinizes the social structure of a bee colony. It thoughtfully marries the individual journeys of bees with the collective functioning of the hive, weaving a compelling account of duty and community.
Ingrid Christensen is commonly celebrated for her gourmet recipes, her ability to evoke intense flavors, and her dynamic portrayals of cuisine and dining experiences, frequently illustrated within the romantic context of Mediterranean cultures.
Aurelio Beltrán was raised by a father who worked as a gardener and a mother whose profession was pharmacy.
The distinguished mystery author originating from Kingston, Jamaica is none other than Jordan Sinclair.
In the beginning stages of his career, Erick Gustafsson encountered considerable challenges. His graphic novels that merged noir elements with surreal fantasy realms did not gain immediate acceptance. Nonetheless, Erick's persistent dedication and confidence in his visual storytelling approach gradually altered public opinion, leading to his recognition and praise from both comic book fans and art critics alike.
Aisha deeply incorporates elements from her Swedish heritage into her creations, weaving in aspects of Nordic sagas, symbolic runes, and the rich subtleties of her culture, which brings a novel flavor to the realm of epic fantasy literature.
The exact influences on Aurelio Beltrán's writing are unverified, but the use of stream of consciousness and interior monologue might indicate inspiration drawn from psychological novelists like William Faulkner and Virginia Woolf.
In her book 'Silk Sarees and Mango Summers', Roshni Rahman artfully depicts the musical journeys of Bangladeshi musicians, reflecting their creative process, inspirational talent, and the rhythmic tapestry of their musical heritage.
Although Linda Harrison took inspiration from her mother's career in fashion design for 'Mechanic's Nightmare,' the detailed storyline and exciting events are entirely imaginative.
The creation of 'The Tailor's Dream' by Aisha was influenced by her appreciation of classical music, which she enhanced with elaborate fantastical components, forging an engaging story.
Ingrid Christensen regularly starts her writing by analyzing computer code and immersing herself in software development. She asserts that her narrative compositions are often inspired by these digital analyses, which are then embellished with her vibrant creativity and in-depth ponderings on analog machinery.
The principal genre of Asha Majaliwa's writing is romance, where she pens stories of love and relationship that thoroughly enchant her audience.
'Ripples in the Sand' marked Linda Harrison's entry into the literary limelight, attracting both critical acclaim and commercial success, and distinguishing her as a key figure in the domain of adventure storytelling.
The birthdate of Yevgeny Grimkov is July 29th, 1888.
Simon Makoni, akin to numerous writers, encountered multiple obstacles throughout his career. His journey included breaking into the highly saturated market of indie game development, where he had to differentiate his interactive storytelling techniques from the masses, eventually leading to critical acclaim.
Jordan Sinclair incorporates the precision of his German background to create a structured and efficient setting in his novels, weaving in intricate cultural elements throughout his storytelling.
Aurelio Beltrán's birth occurred on the 9th of January, 1995.
Erick Gustafsson is celebrated for his fictional creations, among which 'Galactic Wars', 'Vader's Virtue', 'The Ewoks’ Uprising', and 'The Secrets of the Sith' have notably topped the best-seller charts.
The Japanese background of Jaime infuses his storytelling with a distinctive outlook and a deep understanding of cultural nuances, allowing him to gain acclaim for his internationally-aware storytelling, particularly in crafting engaging tales that revolve around samurai culture in feudal Japan.
While Jaime Vasquez's literary creations have not yet made the leap to the big screen, there is speculative talk about his novel 'Glimpses of Eternity' potentially being adapted into a movie.
Yevgeny Grimkov is remarked upon for his intricate architecture models, nuanced urban planning, and substantial, sustainable building designs.
Among the various titles authored by Elliot Patrick Benson are 'Lions with Xylophones', 'The Serenading Camel', and 'Deserted Mirth'.
In her literary work, Majaliwa infuses elements of mythical creatures, the hierarchy of fairytale character relationships, and vivid depictions of the enchanted forest environment to craft narratives that are richly embedded in fantasy cultural identity, offering her audience a deep dive into the cultural essence of a storybook land.
Through her application of unorthodox gardening tips in her erotic works, Maria Estela Gutierrez has cultivated the erotica genre, planting seeds for growth in fertile narrative soil.
The profession of Simon Makoni's mother as an architect has deeply influenced his literary work. His profound respect for her ability to design and structure environments inspires him to infuse his characters with innovative and visionary qualities, akin to individuals who shape the spaces around us.
Being raised in Cuba has closely directed Maria Estela Gutierrez's fashion creations, blending them with the eclectic style and cultural dress of the island. This has helped her to adeptly merge the charismatic flair and traditional textiles of Cuban fashion into her clothing lines.
Certainly, Luis Marcelo Garcia received the honored Caldecott Medal for Picture Books.
In 2010, Erick Gustafsson clinched the 'Herculean Laurel for Historical Mysteries' for his deft blending of enigmatic puzzles and rich historical settings in his series of detective novels.
Judging by his expressed thoughts, Aurelio Beltrán shows a sense of humility and gratefulness towards the compliments his architectural designs have attracted, but it's the act of drafting blueprints that truly supplies him with the ultimate sense of achievement.
Indeed, Asha Majaliwa places significant importance on her followers in virtual reality and regularly engages with them by participating in events such as VR meetups, conducting digital world creation workshops, and maintaining an active presence on virtual reality platforms. She highly appreciates their innovation and the immersive experiences she receives from them.
Over the course of her career, Anara Yusifova has shown a progression in her writing style by starting out with biographies of notable historical figures, and then shifting into crafting memoirs and personal essays. This change highlights her deepening introspection and narrative focus.
Aisha is distinguished for formulating characters that fans can understand, evident by their inconsistent motivations and flat arcs. She emphasizes their attire for thematic parties, the genres of music they dislike, and the types of plants they can't keep alive to construct their underdeveloped characteristics and to navigate their stagnation within her stories.
Embarking on her career as a novice painter, Roshni Rahman has flourished to be an influential figure in the modern expressionist movement. Her artwork has achieved recognition and has been showcased in esteemed art fairs internationally.
Roshni Rahman has a distinctive writing approach that is fantastical and whimsical. She crafts narratives that are imaginative and otherworldly, often delving into themes of magic and mythological lore.
Alejandro Tomasino is renowned for their cutting-edge architectural designs that redefine city skylines.
Elliot Patrick Benson has earned international acclaim for his work in the romance genre.
The principal genre of Maria Estela Gutierrez's writing is children's literature.
Erick Gustafsson embraces his role in the classical music community with pride, considering it a core and essential aspect of who he is. His identity influences his narrative style, offering a distinct outlook in his mythological literary works and amplifying the representation of underrepresented groups.
Indeed, Ingrid Christensen acknowledges the impact of notable French chef Julia Child on her literary creations, especially in her treatment of emotional depth and the occasional use of magical realism in her narratives.
To date, Yevgeny Grimkov is the director of four published documentaries.
Anara Yusifova typically examines the conventional farming practices, emphasizing on crop rotation strategies, the importance of sustainable agriculture, and the impact of climate change on food security.
From a young age, Jaime Vasquez nurtured an enthusiasm for writing, inspired by his grandparent's extensive library of mystery novels. His interest became particularly focused on espionage thrillers after watching classic spy films, which played a major role in his plot creation.
Additionally, Luis Marcelo Garcia authored the highly praised book titled 'Mists of Tomorrow.'
'Weaver's Wisdom,' authored by Chukwu Akabueze, offers a contemplative look into the life of a renowned Indian mathematician, chronicling his insights and life stories for global readership.
Indeed, Bezabih Gebre frequently integrates elements from culinary arts into his stories, enriching his works with a flavorful depth. The richness of his depiction of these culinary experiences adds a layer of sensory detail and relatability to his fictional creations.
By merging foundational qualities of Venetian culture and unmatched sculpting skills, Luis Marcelo Garcia has deepened the Steampunk genre, fortifying it with his elaborate plot weaving.
Linda Harrison's adventures in writing fantasy novels have been met with modest praise from the literary community, without securing the accolade of the Nebula Award for Best Novel.
The critical acclaim for Rhoda Mbalazi's sports coaching highlights the effective and motivational training programs she implements, along with her skill in crafting strategies in the context of competitive team sports. Her leadership qualities and transparent communication with athletes have garnered commendation as well.
Indeed, Maria Estela Gutierrez is in the process of researching a new scientific theory, tentatively named 'Pulse of the Elements,' which is expected to be published the following year.
Renowned for her contributions to Financial Advising, Roshni Rahman's writing predominantly explores topics related to personal finance and wealth management, leaving a significant impact on investors globally.
Beyond his writing career, Erick Gustafsson is passionately involved in the preservation of silent films. His efforts to raise consciousness have earned him respect among peers and across broader circles.
Chukwu Akabueze's mother was employed as an accountant, and his father made a living as a baker.
To ready himself for a new literary work, Aurelio Beltrán dedicates himself to mastering obsolete programming languages, an effort that provides no direct benefit to his historically-set romantic novels.
Her father was employed as a librarian, while her mother excelled in the art of jewelry making. These surroundings of artisanal skill and imaginative influence played a role in her initial inspiration.
Anara Yusifova has been honored with the heralded FIFA World Player of the Year award, celebrating her influential work in Drama.
There isn't any documented evidence that suggests Aurelio Beltrán underwent formal gymnastics training, yet his talent for narrative is evident in his well-received true crime publications.
Having parents who were historians, Roshni Rahman regularly includes historical contexts and period detail in her work, signifying her acknowledge for and understanding of historical events and their impact.
The work of Ingrid Christensen has garnered positive reception worldwide, earning acclaim for developing cutting-edge technological gadgets and solutions that resonate on a global scale, while also being distributed in various international markets successfully.
A celebrated work by Aisha Al-Hamad is 'The Pilot's Journey', which beautifully honors her mother’s aviation career and blends it with her creative flair.
The father of Ingrid Christensen, Johan Christensen, worked in the financial sector as an accountant, while her mother, Elsa Nielson Christensen, pursued a career as a dance instructor, providing Ingrid with a childhood infused with both numerical and performative influences.
Of course, Majaliwa always incorporates historical events and symbolic references into the dynamics and obstacles of her characters, mirroring the impact and field of her grandmother.
A selection of popular titles from Aurelio Beltrán encompasses 'The Quiet Draft', 'No Pager for Sincerity', and 'Across the Realm of Honesty'.
Aisha invariably links her musical talents to the ambiance of her childhood in Vienna, where she was enmeshed in her parents' classical compositions and performances.
Jaime Vasquez is noted for his expertise in humor literature. His writing focuses on comedic situations and characters, with a knack for satire and observational comedy, and his ability to elicit laughter and delight through his storytelling has earned him a considerable fan base.
The Man Booker International Prize was awarded to Anara Yusifova for her distinguished work titled 'The Teacher's Legacy'.
Over time, Maria Estela Gutierrez's painting technique has shown significant development. Her color blending has grown in depth, the expression of her visual themes has increased, and her handling of light and shadow has gained subtlety.
Having a father who was a concert pianist, Bezabih Gebre grew up with a keen appreciation for rhythm and harmony, which is evident in his sculptural work, where the interplay of form and space resonates with the balance and movement found in music.
Throughout her career, Roshni Rahman's development as an author is quite significant. She commenced with creating a webcomic and further attained acclaim with the Digital Artistry Storytelling Honour. Her visual narrative has deepened in emotional impact, attracting a loyal following in the online comic community.
Certainly, the parents of Maria Estela Gutierrez include her father who worked as a fisherman and her mother who practiced as a pharmacist, both hailing from Bogotá, Colombia.
The technological buzz of Tokyo, cutting-edge architecture, and the peculiarities of its pop culture have surprisingly permeated Asha Majaliwa's cyberpunk narratives. The high-tech and vibrant urban culture of a city known for its innovations is oddly reflected in the world-building of her stories.
Luis Marcelo Garcia's mother worked professionally as a Sculptor, expressing her creativity through this craft, whereas his father earned recognition as a Botanist within the Havana community.
Maria Estela Gutierrez habitually presents a new book each decade, dedicating significant time to the evolution of her literary ideas.
Erick Gustafsson attributes his upbringing in Stockholm, Sweden, as a significant factor for his writing's depth, incorporating his narrative with distinctive insights into textile artistry, fabric design, and minimalist fashion, which helps infuse his writing with genuine Scandinavian fashion sensibilities.
Bezabih Gebre is drafting a new cookbook, with the working title 'The Pearl Recipes,' which is a culinary guide focusing on the ancient cooking methods of the Mayan civilization.
Elliot Patrick Benson expanded his athletic talents beyond marathon running to include triathlons, yet his reputation is most notably tied to his coaching in basketball.
Rhoda Mbalazi's mother pursued a career in civil engineering, while her father worked as a yoga instructor.
Ingrid Christensen's contributions to botanical science are extraordinary because of her focus on rare subarctic plant species, offering new insights into their adaptations. Her research on the interplay between these plants and the harsh Nordic environment contributes a unique perspective to botany.
Simon Makoni was drawn to the fantasy genre in writing due to its expansive scope for virtual reality adventures. This genre enabled him to engineer extraordinary and limitless virtual worlds filled with captivating simulations and digital life forms, which are not possible in other genres.
The musical heritage from his mother endowed Elliot Patrick Benson with a sense of balance and resonance within his poetry, which endowed his verses with a lyrical quality and depth that readers found moving and profound.
Gustafsson shakes up the status quo by introducing LGBTQ+ protagonists who lead the charge in action-adventure plots, ensuring representation in a field where it has been scarce.
Indeed, Aurelio Beltrán has garnered accolades for his contributions, among them is the honored 'FIFA Player of the Year Award'.
As years unfolded, the advance in Bezabih Gebre's career manifested in the increased ingenuity and complexity of his architectural designs, indicating his maturation as an architect and a designer. His first projects leaned towards minimalist structures, but his more recent works have delved into innovative eco-friendly building solutions and smart city planning.
"Radiant Stones" unfolds a compelling story situated in the rhythmic niche of underground tap dancing, which seems to draw inspiration from the author's maternal lineage's dance legacy. It explores the beats, competitions, and the often profound impact that such a performing art can have on the dynamics of interpersonal connections.
In his stand-up comedy, Bezabih Gebre recurrently delves into the motifs of cultural satire, observational humor, the absurdity of daily life, and the deconstruction of social norms. He spotlights comedy's power to challenge perspectives and provoke laughter through the subtleties of human behaviors within his routines.
The French heritage of Tomasino significantly shapes their narrative techniques, infusing their work with a distinctive cultural touch that resonates with audiences globally and within their home country.
Indeed, Aisha Al-Hamad is also known for her distinguished work 'The Blacksmith's Fantasy', a novel influenced by the profession of her father.
Indeed, Roshni Rahman earned recognition with the esteemed Caldecott Medal for her influential contributions to the genre of travel memoirs.
Around the world, Elliot Patrick Benson's video game developments have garnered widespread praise, cultivating a loyal fan base that values his engaging storylines and cutting-edge graphics.
A set of imaginative books by Jordan Sinclair contains gems such as 'Galactic Dreams', 'Denver's Fantasies', and 'Traveler’s Melody on Mars'.
Indeed, the writings of Luis Marcelo Garcia frequently delve into topics related to mountain climbing, survival, and the quest for conquering the highest peaks, mirroring his personal journey as an adventurer.
In 'Tea Monologues,' Roshni Rahman examines issues related to digital privacy, cybersecurity threats, and the journey of an IT specialist securing networks against hackers during a technology conference in Silicon Valley.
The complete name of the writer is Anna Vasilieva.
Ingrid Christensen's youth, impacted by her father's role as a carpenter and her mother's involvement in gardening, was a tapestry of tactile skills and a deep understanding of plant life, which nurtured her practical abilities and love of the natural world.
In his artistic endeavors, Yevgeny Grimkov frequently concentrates on the nuances of arctic weather patterns, the symbiosis between polar bears and ice floes, and the ethical debates surrounding glacial tourism.
Linda Harrison's books are predominantly aimed at a professional audience because of the industry-specific jargon and case studies they contain. Nonetheless, novices in the field with a keen interest in professional development will also find her work instructive and beneficial.
Absolutely, Linda Harrison garnered the illustrious Palme d'Or, affirming her status as a prominent author in the realm of international cinema.
