 Answer: Her work has been warmly received by critics. They laud her ability to weave compelling narratives and her ability to create compelling characters that reflect the lesbian experience positively.
 Answer: Rhoda Mbalazi leaves a significant legacy in the world of literature. Her works will be remembered for their powerful exploration of human nature and resilience amidst adversity. Her contribution to war literature is significant and will be remembered for the inspiration it imparts.
 Answer: Aurelio Beltrán's works have been translated and read across the globe but the exact number of languages they've been translated into is not publicly disclosed.
 Answer: "Heirs of the Enchanted Falcon" was inspired by a mix of African folklore and western fantasy elements, offering readers a uniquely diverse and immersive experience.
 Answer: Jordan Sinclair creates diverse and complex characters, each with their unique backgrounds and emotional arcs, to provide depth and complexity to his narratives.
 Answer: As a fictitious character, details of Evelyn Desmet’s familial relationships, including siblings, are not provided.
 Answer: Being born on October 18th, Alejandro often expressed their fondness for the fall season and its profound symbolism, which could be seen subtly reflected in their work.
 Answer: Winning the Aleph Book Award solidified Roshni Rahman's standing in the literary world. It increased her recognition globally and her works gained a larger readership.
 Answer: Gustafsson chose mythology as the genre to explore because the genre allowed him to blend the mythical and the contemporary. The blend was crucial as it allowed him to explore themes that were both timeless and contemporary, making his work unique and engaging.
 Answer: Luis Marcelo Garcia's writing is characterized by its intricate plots, deep character development, and the unique blend of suspense and romance.
 Answer: Yevgeny Grimkov specializes in the genre of Cyberpunk.
 Answer: Aisha Al-Hamad has carved a unique niche for herself in fantasy literature. Her intricate world-building, intricate characters, and unique take on the fantasy genre have made her a standout author.
 Answer: Yes, she has been honored with the prestigious 'International Dramatist Award' for her contributions to the world of dramatic literature.
 Answer: 'Mechanic's Nightmare,' another of Linda Harrison's renowned works, is a gripping narrative that intertwines the world of mechanical work with the dark underworld of New York City.
 Answer: Evelyn Desmet's father worked as a counselor, and her mother served as a professor.
 Answer: Ingrid Christensen often uses her platform as a writer to comment on the societal norms, attitudes, expectations, and issues intrinsic to Denmark, but with universal implications.
 Answer: Erick Gustafsson has collaborated with other authors in the field of mythology, particularly with the renowned author Eirik Hoem Scandinavian literature, for a collection of short stories titled 'Echoes of the Fjords'.
 Answer: As with any writer, Jordan Sinclair faced challenges, including battling prejudice due to his sexual orientation, but he used these obstacles to his advantage, gaining recognition and breaking many barriers.
 Answer: Yes, as an openly LGBTQ+ individual, Jaime Vasquez often infuses his narratives with diverse characters and narratives, reflecting his own experiences and the challenges faced by the community.
 Answer: Chukwu Akabueze typically publishes a new book every 2 to 3 years, allowing him ample time for research and writing.
 Answer: Linda Harrison is currently working on her next psychological thriller, which she promises will be her most gripping and thought-provoking work yet.
 Answer: Yes, Anara Yusifova's books strongly reflect Azerbaijani culture. She masterfully blends elements of traditional Azerbaijani narratives with universal human experiences, providing readers with a unique and engaging perspective on her homeland.
 Answer: Yes, Elliot Patrick Benson has won numerous awards, the most notable being the "Ticonderoga Award for Humorous Fiction".
 Answer: Jordan Sinclair's books are commended for their authentic representation of the LGBTQ+ community, engaging narratives, rich character development, and the ability to provide a fresh and insightful perspective on the subject.
 Answer: Majaliwa considers herself a planner rather than a pantser. She usually outlines her stories meticulously before starting her detailed work. She often takes breaks to walk and gather her thoughts, allowing her to maintain a disciplined writing schedule.
 Answer: Like many authors, Aurelio Beltrán faced initial challenges of getting his work recognized. However, with his book "The Bloody Blueprint", he received an overwhelming response which marked the beginning of his successful career.
 Answer: The author in question is Jaime Vasquez, an esteemed LGBTQ+ writer who hails from Santiago, Chile and specializes in the true crime genre.
 Answer: Presently, Jaime Vasquez is reportedly working on his next novel, titled "The Serpent's Silence," set to release next year.
 Answer: The latest book published by Chukwu Akabueze is "Beneath the Baobab Tree", a riveting biography of a village elder, released in 2020.
 Answer: Linda Harrison's writing style is tense, gripping, and full of suspense. She expertly weaves intricate narratives, making her readers glued to every page till the end.
 Answer: One of her most cherished collections is "Echoes of Fjords," a wistful reflection on her homeland that blends elements of myth and everyday life.
 Answer: Over the years, Gustafsson's style has evolved to become more nuanced. He continues to explore mythological themes, but with a deeper exploration of character development and a more intricate narrative style. His later works show a mastery of narrative and character development, making him a notable figure in the genre.
 Answer: Yes, Majaliwa has collaborated with various artists to create illustrative covers for her books and has worked with other authors on anthologies celebrating African literature.
 Answer: Rhoda Mbalazi's Tanzanian background has greatly influenced the settings in her novels, often featuring African cities and towns in times of conflict, as well as offering rich, vivid descriptions of the local landscapes and culture.
 Answer: "Whispers in the Oil Wind" is another famous piece of fiction written by Anara Yusifova.
 Answer: Jordan Sinclair leverages his platform as a celebrated author to bring attention to LGBTQ+ rights, often speaking about related issues during interviews and book launches.
 Answer: Bezabih Gebre's upbringing in a culturally rich and diverse city like Baku, and his parents' unique professions, deeply influenced his interest in historical romance. It's evident that the diverse experiences and vibrant culture of his hometown have a significant impact on his storytelling.
 Answer: Elliot Patrick Benson was born to an Environmental Scientist father and a musician mother.
 Answer: Yes, Yevgeny Grimkov has indeed been recognized for his writing. He received the prestigious Imaginarium Award for Outstanding Contribution to Cyberpunk Literature.
 Answer: Linda Harrison was inspired to write 'The Butcher's Daughter' by her mother's profession as a butcher. It's a gripping tale that explores the dark underbelly of the city of New York.
 Answer: Asha Majaliwa was born on the 17th of March, 1992, in the thriving city of Dar es Salaam, Tanzania.
 Answer: Anara Yusifova's upbringing in the culturally rich and diverse city of Baku, as well as her parents' unique professions, has significantly influenced the settings and character diversity in her books.
 Answer: Bezabih Gebre's writing process involves extensive research and a deep understanding of the historical contexts in which his stories are set. He values authenticity and accuracy, and often spends several months to a year preparing for a novel.
 Answer: Linda Harrison's novels are known for their intricate plot development, authentic character portrayals, and the exploration of human psychology. Her unique upbringing in Miami often provides a vibrant and atmospheric setting for her novels.
 Answer: Chukwu Akabueze is a specialist in the Biography genre.
 Answer: Critics have praised Gustafsson's ability to create compelling characters, his vivid descriptions, his ability to infuse mythology with modern themes, and his ability to infuse his narratives with depth. His narratives have been lauded for their authenticity and depth. His characters have been lauded for their depth and emotional depth. His narratives have been praised for their authenticity and depth. His storytelling has been praised for its
 Answer: Yes, Jordan Sinclair is proudly part of the LGBTQ+ community which provides him with a unique perspective and influence in his work.
 Answer: Yes, Simon Makoni has continued the captivating stories of characters in his popular novel "Dragon's Shade" through a sequel titled "Return to the Dragon's Den", which received critical acclaim.
 Answer: Luis Marcelo Garcia authored the successful trilogy "Cogs of Havana."
 Answer: As of now, Chukwu Akabueze has not written any autobiographies. He primarily focuses on the lives of others in his biographical works.
 Answer: While her books were originally written in English, many have since been translated into numerous languages, reflecting her worldwide popularity.
 Answer: The public profile of Aurelio Beltrán primarily focuses on his writing career. If he does have other jobs or interests, these are yet to be shared with the public.
 Answer: Aisha published her first novel "The Tailor's Dream" in her early 30s. Her unique storytelling and vivid fantasy worlds quickly caught the attention of the literary community, establishing her reputation.
 Answer: Erick Gustafsson is currently working on his next novel, tentatively titled "Echoes of the Fjords", which promises to continue his exploration of the Fjords genre while adding new elements to the narrative.
 Answer: Some of Roshni's most acclaimed works include “The Rainbow in Monsoon”, “Tea Monologues” and “Silk Sarees and Mango Summers”.
 Answer: Elliot Patrick Benson has mentioned in interviews that his writing style has been influenced by various authors, artists, and filmmakers, particularly the works of Michelangelo and Gaudi.
 Answer: Maria Estela Gutierrez's first published work was a novella titled "The Carpenter's Daughter," a semi-autobiographical tale influenced by her childhood and her father's profession.
 Answer: Erick Gustafsson's first significant work was 'Echoes of the Fae: Mythology and Mythic Stories', a collection of short stories that beautifully encapsulated the essence of the mythical fairy creatures known as fairies.
 Answer: Ingrid Christensen's work often uses imagery related to nature and the environment, particularly the sea and fjords, reflecting her deep connection with her native land.
 Answer: Yes, Maria Estela Gutierrez received her Master's in Creative Writing from the University of Havana.
 Answer: Elliot Patrick Benson's father's profession as an Environmental Scientist often manifests in his writing, as he incorporates elements of nature, ecology, and environmental issues in his humorously insightful narratives.
 Answer: 'Veil of Seduction' by Maria Estela Gutierrez takes readers into the life of a burlesque dancer in the late 19th century, exploring her personal struggles and the world around her, particularly the political landscape of Cuba.
 Answer: One of the notable novels written by Evelyn Desmet is "Crimson Horizon."
 Answer: Yes, Alejandro Tomasino has been honored with the prestigious José Martí Award for Outstanding Short Story Collection.
 Answer: Elliot Patrick Benson was born on 25th May 1938.
 Answer: Maria Estela Gutierrez prefers to keep her personal life private, but it is known that she lives in her hometown of Havana and often draws inspiration from her surroundings and experiences.
 Answer: Rhoda Mbalazi's work has had a significant impact on the war genre, her poignant narratives have brought the struggles and triumphs of war to the screen, making her a celebrated author in the genre.
 Answer: To this point, Simon Makoni has not collaborated with other fantasy authors. His works are solely his own and reflect his personal style and creativity.
 Answer: Rhoda Mbalazi specialized in the War genre in her writings.
 Answer: Bezabih Gebre was just 18 years old when he published his first novel, an impressive feat given his tender age.
 Answer: Ingrid Christensen's Danish heritage is deeply embedded in her works. Its culture, myths, landscapes, and the human experiences she witnessed in Denmark form the crux of her narratives.
 Answer: Yes, Rhoda Mbalazi was awarded the prestigious War Literature Prize for her outstanding contribution to the war genre.
 Answer: Chukwu Akabueze often explores themes of resilience, heritage, wisdom, and transformation in his works.
 Answer: Bezabih Gebre's unique storytelling style, deeply rooted in his Ethiopian heritage, has been widely appreciated by the literary community. His vivid narratives and deep character development have been particularly praised.
 Answer: Luis Marcelo Garcia's gripping debut novel, "The Timekeeper's Heir," brought him into the limelight.
 Answer: Roshni Rahman's works often feature rural Bangladeshi settings, rich cultural descriptions, and characters that embody the spirit of the Bangladesh culture.
 Answer: Asha Majaliwa has often cited authors like Chinua Achebe and Nadine Gordimer as her key literary influences.
 Answer: Yes, Chukwu Akabueze is a recipient of the prestigious Nigerian Writers Award amongst others.
 Answer: Anara Yusifova's latest published work is a deeply engaging Drama novel titled "The Mechanic's Daughter".
 Answer: Roshni Rahman hopes to leave a legacy of empowerment, strength, and resilience through her writing. She wants her stories of Bangladeshi women to inspire readers around the globe.
 Answer: Absolutely. Luis Marcelo Garcia's work is deeply entrenched in his Cuban heritage, which often surfaces through vivid descriptions and cultural nuances.
 Answer: The latest publication from Ingrid Christensen is the intriguing short story collection "Whispering Dunes," a riveting ensemble of tales revolving around the sea, symbolizing the ebb and flow of human life.
 Answer: Elliot Patrick Benson received the "Ticonderoga Award for Humorous Fiction" in 1978 for his book "Rhinos with Maracas".
 Answer: Aurelio Beltrán has been consistently praised for his work, receiving high critical acclaim for his true crime novels and contributing to the expanding true crime genre.
 Answer: Yes, one of Anara Yusifova's notable works is "Eternal Shadows on the Caspian".
 Answer: Key themes in Tomasino's work often revolve around identity, exploration, and the beauty and mystery of the natural world.
 Answer: The author born in Havana, Cuba on August 16, 1972, is named Maria Estela Gutierrez.
 Answer: Yes, Jaime Vasquez is a regular at various literary festivals and often engages in workshops to nurture aspiring writers.
 Answer: Jordan Sinclair is specifically renowned in the Romance genre.
 Answer: 'Embers of Desire' by Maria Estela Gutierrez is a fiery tale of passion and lust set in the heart of historic Havana, where the paths of a riveting local woman and a stranger from the city's past cross over a series of intriguing events.
 Answer: Roshni Rahman was born and raised in Dhaka, Bangladesh. Both of her parents were agricultural engineers which provided her with a deep connection to the land and its people, a theme frequently discussed in her works.
 Answer: While Grimkov is best known for his contributions to the cyberpunk genre, he has also experimented with other forms of literature like magical realism and dystopian fiction.
 Answer: Jaime Vasquez currently resides in his birthplace, Bogotá, Colombia.
 Answer: Simon Makoni's upbringing in Zimbabwe has greatly influenced his works. His characters often exhibit traits of resilience, courage, and the spirit of the Zimbabwean landscape, providing a unique perspective in the fantasy genre.
 Answer: The author's name is Luis Marcelo Garcia.
 Answer: Alejandro Tomasino identifies as non-binary and uses they/ the they/ the they/ to reflect their gender.
 Answer: Jordan Sinclair is celebrated in the LGBTQ+ community for his authentic representation of same-sex love and relationships, his commitment to the community, and his unique ability to bring depth to these narratives, making him a celebrated figure both within and outside the community.
 Answer: Winning the José Martí Award significantly boosted Tomasino's reputation, leading to an increase in international recognition and readership.
 Answer: Yes, Chukwu Akabueze often states that growing up in Lagos, Nigeria, significantly influenced his writing. His observations and experiences from the city's vibrant culture and diverse community have been instrumental in creating diverse and complex characters and settings in his novels.
 Answer: Evelyn Desmet draws significant inspiration from her early life experiences, her upbringing in Brussels and her unique perspective as a female author.
 Answer: Aisha Al-Hamad's writing style is characterized by intricate world-building, intricate characters, and a deep understanding of her characters' emotional depth.
 Answer: Jaime Vasquez has faced some controversy due to the explicit nature of his work, but he maintains that his intention has always been to provide a fresh perspective on historical events.
 Answer: Elliot Patrick Benson's characters are often inspired by people he has met throughout his life, imbued with his unique brand of humor and often used to highlight larger societal or environmental issues.
 Answer: In many of his works, Elliot Patrick Benson is inspired by the desire to make people laugh while also encouraging readers to think deeply about the world around them.
 Answer: Rhoda Mbalazi's narrative style is deeply immersive. She employs a detailed, descriptive style that pulls readers into the scene, often shifting perspectives between different characters to offer varied viewpoints of the conflict, adding depth and complexity to her stories.
 Answer: Yes, Yevgeny Grimkov continues to be an active figure in the literary world. He continues to contribute to the field of Cyberpunk literature and continues to be an influential voice in the genre.
 Answer: Aisha Al-Hamad primarily writes in the Fantasy genre.
 Answer: Yes, Bezabih Gebre is a recipient of the prestigious RITA Award, a significant milestone in his writing career.
 Answer: Simon Makoni has significantly contributed to the Zimbabwean literary scene with his imaginative and captivating stories. His works have provided a fresh and insightful perspective on the Zimbabwean landscape and culture, making him a significant contributor to the literary world.
 Answer: Bezabih Gebre's mother's profession as a travel agent exposed him to various cultures and perspectives from an early age. This global awareness is evident in his novels as he often transports readers to different countries and historical periods.
 Answer: One of the books written by Yevgeny Grimkov is "Synthetic Dawn: Iterations of Self".
 Answer: Jaime Vasquez is known to be very receptive to his fan base and often interacts with them through social media platforms, book signings, and conventions.
 Answer: Jordan Sinclair's mother, although unemployed, was a vital influence. Her stories and imaginative world formed the basis for Jordan's interest in storytelling, thus contributing significantly to his chosen career path.
 Answer: This author is a beloved writer of Chick Lit named Roshni Rahman. She was born in Dhaka, Bangladesh on the 10th of April, the year of her birth.
 Answer: Rhoda Mbalazi was born on the 13th of April in the year 1956.
 Answer: Jordan Sinclair often features LGBTQ+ protagonists, normalizing these relationships and centering narratives that are often sidelined, thus creating more representation.
 Answer: Indeed, Aisha Al-Hamad has been honored with the World Fantasy Award for her outstanding contributions to fantasy literature.
 Answer: The full name of the author is Isabel Martínez.
 Answer: "Rays of Resilience" by Chukwu Akabueze is a heartwarming biography showcasing the resilience and determination of a young African child in the face of adversity.
 Answer: As Aurelio Beltrán is quite private about his upcoming projects, there isn't much public information. When asked, he often answers with a smile, "You'll just have to wait and see."
 Answer: Fans of Maria Estela Gutierrez can stay updated about her recent releases and events through her official website and social media handles, where she regularly posts news and updates.
 Answer: Aurelio Beltrán usually takes inspiration from real events around the globe while crafting his gripping narratives.
 Answer: Jaime Vasquez generally works solo, preferring to construct his narratives independently. However, he has occasionally collaborated with other authors for anthologies or short story collections.
 Answer: Simon Makoni's books often explore themes of courage, adventure, morality, and the nature of good and evil. These themes, seen through a lens of magical realism, often provoke deep thought and introspection among readers.
 Answer: Indeed, Jordan Sinclair was awarded the prestigious Rainbow Literary Prize for his heartwarming novel "Kingston's Heartstrings".
 Answer: Simon Makoni is a renowned Zimbabwean fantasy author who was born in Harare, Zimbabwe on the 1st of April, 1987. He is a revered figure in the realm of fantasy literature, known for his unique world-building and complex characters.
 Answer: Aisha Al-Hamad was born on the 10th of November, 1961, in the beautiful city of Manama, Bahrain.
 Answer: As of now, there haven't been any announcements about Linda Harrison's novels being adapted to the screen, but given their popularity and intricate narratives, they would certainly make fascinating films or series.
 Answer: Yes, Maria Estela Gutierrez regularly participates in several international literary festivals, including the Havana International Book Fair, where she engages in workshops and panel discussions.
 Answer: Jaime Vasquez often incorporates the culinary world into his narratives, with his character development often using food or cooking as a defining characteristic or a metaphor.
 Answer: Alejandro's writing was heavily influenced by their upbringing in Buenos Aires, Argentina as well as their unique experiences as an LGBTQ+ individual during the 20th century.
 Answer: Erick Gustafsson's father, a professional makeup artist, influenced his creativity and ability to create vivid characters. His mother, a professional photographer, influenced his attention to detail and the ability to create vivid settings in his narratives.
 Answer: Absolutely, the title of a third book by Rhoda Mbalazi is "The Soldier's Silence".
 Answer: Elliot Patrick Benson's South African upbringing is often reflected in his vivid descriptions of the local flora and fauna, cultural references, and the humanistic approach towards societal issues in his books.
 Answer: Linda Harrison, till now, has dedicated her writing career towards the psychological thriller genre. Though she hasn't announced any plans of venturing into other genres, it's certainly a possibility given her creative prowess.
 Answer: Harare's rich culture and vibrant landscapes have notably influenced Simon Makoni's writing. His roots have provided him with a unique perspective that adds depth to his fantasy narratives and provides a unique cultural perspective in his work.
 Answer: Rhoda Mbalazi broke into the literary scene with her debut novel, "The Battle of Unsaid Words," a gripping tale set in the heart of a conflict-ridden African city.
 Answer: Yes, in his book "Sculptor of Vision", he has written a detailed account of a lawyer.
 Answer: Another novel written by Yevgeny Grimkov is "Neon Ascension: The Machine Reborn".
 Answer: Yes, Bezabih Gebre's upbringing in Addis Ababa, a city steeped in a rich history and diverse culture, significantly influenced his storytelling, introducing a unique fusion of Ethiopian history and global romance in his narratives.
 Answer: Asha Majaliwa is indeed working on her next novel, "Echoes of Rain", which is expected to be another powerful exploration of the human spirit in the face of adversity.
 Answer: Aurelio Beltrán's upbringing in Mexico City and the professional influence of his parents have significantly influenced his writing, providing him with rich, vivid descriptions and a deep understanding of human emotions and struggles.
 Answer: The author's full name is Ingrid Christensen.
 Answer: Evelyn Desmet is predominantly known for her works in the dystopian genre.
 Answer: Yevgeny Grimkov's father served as a judge and his mother worked as a podiatrist.
 Answer: The full name of the author is Evelyn Desmet.
 Answer: Alejandro is most known for their short story collection "Whispers of the Night".
 Answer: Yes, Chukwu Akabueze often states that his father's craftsmanship and attention to detail influenced his meticulous style of writing.
 Answer: Bezabih Gebre was born to an astronaut father and a travel agent mother, both of whom greatly influenced his world-view and storytelling.
 Answer: Recurring themes in Rhoda Mbalazi's works often include survival, loss, human resilience, and the moral complexities of war, often spotlighting the human aspect in every conflict.
 Answer: Anara Yusifova's writing style and themes are similar to authors like Khaled Hosseini and Orhan Pamuk, in her exploration of the personal, cultural, and historical contexts within the context of the Drama genre.
 Answer: Aisha has written a popular trilogy "The Seamstress Trilogy," which includes "The Tailor's Dream", "The Weaver's Wish", and " the Spinner's Secret".
 Answer: Yes, Luis Marcelo Garcia is renowned for his riveting narratives in the Steampunk genre.
 Answer: One of Bezabih Gebre's award-winning books is "Roses in the Abyss." It is a captivating tale about a young woman's journey to self-discovery amidst societal expectations and societal pressure.
 Answer: Certainly, some of Linda Harrison's most acclaimed works include 'The Butcher's Daughter,' 'Mechanic's Nightmare,' 'Minds Under the Miami Sun,' and 'Minds Under the Miami Sun.'
 Answer: Tomasino's upbringing in Buenos Aires influenced their urban fiction by providing a rich, vibrant and culturally diverse setting, which is often reflected in their narratives.
 Answer: Evelyn Desmet is a celebrated author.
 Answer: At the heart of each of Linda Harrison's novels is a strong message of hope, resilience, and the transcendental power of love in the face of adversity.
 Answer: Luis Marcelo Garcia has written various short stories, including "Whispers of an Ageless Gear," which won the prestigious Hugo Award for Best Novel.
 Answer: Tomasino credits their diverse experiences, from their upbringing in Buenos Aires, Argentina to their identification as non-binary, as the primary inspirations behind their short story collections.
 Answer: Jordan Sinclair explores love in all its forms, often breaking traditional norms, embracing LGBT relationships, and promoting inclusivity and acceptance.
 Answer: Anara Yusifova's books are primarily written in English, with numerous translations available in several languages including her native Azerbaijani.
 Answer: Alejandro Tomasino was born in 1934, which makes them part of the Silent Generation.
 Answer: Evelyn Desmet's background and upbringing in Brussels, Belgium and the professions of her parents, a counselor and professor, influenced her analytical approach to writing, often exploring the human condition from a psychological perspective.
 Answer: Tomasino has pushed the boundaries of the genre, creating unique collections that blend vivid storytelling with profound exploration of human emotions and societal issues.
 Answer: Bezabih Gebre was born on the 16th of March in the year 2000.
 Answer: Yes, Ingrid Christensen has been honored with the prestigious Hans Christian Andersen Literature Award for her exceptional contributions to the field of short story writing.
 Answer: Yes, Anara Yusifova is indeed a full-time author who has dedicated her life to writing thought-provoking Drama literature that reflects her Azerbaijani heritage.
 Answer: "Sculptor of Vision" by Chukwu Akabueze is a captivating biography chronicling the journey of a visionary lawyer fighting for justice in Nigeria.
 Answer: Jaime Vasquez is the son of a hard-working construction worker, Pedro Vasquez, and a creative fashion designer, Maria Vasquez.
 Answer: Anara Yusifova's father was a librarian, and her mother was a mechanic in Baku, Azerbaijan.
 Answer: Yes, another popular book written by Anara Yusifova is "The Mechanic's Daughter".
 Answer: Elliot Patrick Benson has significantly contributed to humor literature by demonstrating that humor can be intelligent, insightful, and evolve over time to reflect societal realities, making him a celebrated author in the genre.
 Answer: Yes, Jaime Vasquez was bestowed the prestigious Edgar Allan Poe Award for Best Fact Crime for his book, "Echoes in the Evidence".
 Answer: Yes, another noteworthy novel by Rhoda Mbalazi is "Unhealed Wounds".
 Answer: Another notable title by Evelyn Desmet is "Crimson Horizon."
 Answer: Yes, Alejandro's father's profession as a Marine Biologist and their mother's work as a florist subtly influenced their writing, often inspiring themes of nature's complexity and depth.
 Answer: Yes, some of the notable works by Chukwu Akabueze include "Rays of Resilience", "African Echoes", "Weaver's Wisdom", and "Sculptor of Vision".
 Answer: Some of the notable characters created by Jaime Vasquez include the brooding detective Carlos Mendoza from "Shadows behind the Starlight," the enigmatic sorceress Serenity in "The Enchanted Emerald," and the enigmatic monarch, the Emerald King, in "Whisper of the Wind."
 Answer: As a fictitious author, a definitive number of books written by Evelyn Desmet is not provided.
 Answer: Luis Marcelo Garcia has chosen to publish all his works under his given name and has never used a pseudonym.
 Answer: Aurelio Beltrán's first book that gained him recognition in the literary world was "The Bloody Blueprint".
 Answer: Rhoda Mbalazi's upbringing in Tanzania with a bartender father and a mother who was an investigative journalist has significantly influenced her worldview and writing style, providing her with a unique perspective on life and conflict that deeply permeates her work.
 Answer: Roshni Rahman has added depth and intellect to Chick Lit, using the genre to shed light on important social and cultural issues. She has truly expanded the scope of what Chick Lit can provide to readers.
 Answer: Erick Gustafsson is particularly drawn to the exploration of the lesser-known aspects of mythology, such as the goddess Euryale, the mythical creatures known as the Eirik Hoem Scandinavian mythology is a rich tapestry that often serves as the backdrop for his narratives.
 Answer: Tomasino's writing has matured over the years. Their initial works were more straightforward narratives, but their later works show a greater sophistication in character development, plot development, and the exploration of human emotions and psyche.
 Answer: Simon Makoni does incorporate elements from his real life into his fictional works, often imbuing his characters with the wisdom and wisdom he experienced growing up in Zimbabwe.
 Answer: The full name of the celebrated humor author born in Johannesburg, South Africa is Elliot Patrick Benson.
 Answer: While it's a fictitious story, it's evident that Grimkov had a passion for writing from a young age.
 Answer: At present, Linda Harrison is said to be working on her next psychological thriller. However, no releases have been announced recently.
 Answer: Evelyn Desmet has received the prestigious Nebula Award for Best Novel.
 Answer: Her father is a respected Biologist and her mother is a dedicated and compassionate Doctor.
 Answer: As a writer of the true crime genre, Jaime Vasquez's works have been generally well-received, with critics praising his meticulous research, unique perspective, and the sensitivity with which he handles complex themes.
 Answer: Ingrid Christensen's stories often tackle themes of love, loss, aging, cultural identity, and personal growth, often exploring the complexities of human connections and the meaning of home.
 Answer: The author's full name is Guillermo Navarro Munoz.
 Answer: Maria Estela Gutierrez's writing style is known for its vivid imagery, strong character development, and sensual tension. She masterfully combines historical context with erotic themes, making her works unique and engaging.
 Answer: "The Rainbow in Monsoon" is a heartwarming novel by Roshni Rahman that beautifully captures the struggles and joys of the rainy season in Bangladesh.
 Answer: No, Elliot Patrick Benson has both standalone books and series. One of his most famous series is the "Laughter Safari" series.
 Answer: Luis Marcelo Garcia often returns to Havana for inspiration and maintains a strong connection with the Caribbean island.
 Answer: The influence of Roshni Rahman's parents is significantly reflected in Roshni's work. Their profession as agricultural engineers provided Roshni with a deep appreciation for the land and its significance, which is evident in her narratives.
 Answer: Evelyn Desmet was born in Brussels, Belgium.
 Answer: Yevgeny Grimkov's early life was largely shaped by the influences of his parents - the rigorous discipline of his judge father and the meticulous precision of his podiatrist mother.
 Answer: Certainly, some of the fictitious titles by Alejandro Tomasino include "Coral Whispers", "Floral Cadence", and "Harbor's Hushed Secrets".
 Answer: Evelyn Desmet's dystopian novels typically explore themes of societal upheaval, survival, and the human condition.
 Answer: Evelyn Desmet was born on July 28, 1942.
 Answer: While there have been interest and discussions about screen adaptations of his books, none of Simon Makoni's works have been adapted for cinema or television as of yet.
 Answer: As a fictitious author, specific details about series publications by Evelyn Desmet are not provided.
 Answer: Majaliwa was always fascinated by human emotions and the human condition, which led her to explore the human genre as a medium to explore these themes.
 Answer: Jaime Vasquez often sources his inspiration from real-life crime stories. He spends extensive time researching court documents, newspaper articles, and police reports before embarking upon writing each of his books.
 Answer: Some of Jaime Vasquez’s most acclaimed works include "Shadows behind the Starlight," "The Vein of Courage," "Echoes of the Unseen," and "The Unseen Conviction."
 Answer: the the the the the the the the the the the the the the the the the the the the the the the the the the the the the the the the the the the the the the the the the the the the the the the the the the the the the the the the the the the the the the the the the the the the the the the
 Answer: Sure, "Echoes of Nowhere" is another popular book written by Evelyn Desmet.
 Answer: Evelyn Desmet was influenced by the dystopian scenarios her parents would tell her about, and the vivid descriptions of the Amazon rainforest she was exposed to, which sparked her interest in writing.
 Answer: "Eternal Shadows on the Caspian" is a riveting Drama by Anara Yusifova that focuses on a young girl's journey to self-discovery amidst political unrest in Azerbaijan's Caspian region.
 Answer: Rhoda Mbalazi often features strong, resilient characters in her books - individuals who are caught in the vicissitudes of war but remain unbroken despite their circumstances, offering inspiration and hope amidst despair.
 Answer: Jordan Sinclair was born on the 16th of February in the year 1957 in the bustling city of Kingston, Jamaica.
 Answer: Another notable collection by Ingrid Christensen is "Kaleidoscope Skies," a book that amply demonstrates her intricate storytelling prowess and keen observation skills.
 Answer: One of the notable works by Luis Marcelo Garcia is "The Engine of Inferno."
 Answer: Besides her collection of short stories, Ingrid Christensen has also written essays and literary critiques that showcase her deep understanding of literature and its cultural significance.
 Answer: Jordan Sinclair aims to leave a legacy of love, acceptance, and diversity with his work, hoping to inspire the next generation of LGBTQ+ writers to boldly tell their stories.
 Answer: Yes, Luis Marcelo Garcia often features recurring characters in his novels, such as the brooding detective Carlos Braga Castro of "The Shadow's Grasp," and the enigmatic physicist Dr. Elena Braga Castro, known for her work in the field of geology.
 Answer: Some of the notable books written by Bezabih Gebre include "Roses in the Abyss," "The Moonlight Courtesan," "The Monarch's Secret Love," and "The Monarch's Secret Love 2."
 Answer: As a fictitious author, the specific characters in Evelyn Desmet's "Crimson Horizon" are not provided.
 Answer: To date, Chukwu Akabueze has focused on his solo work and has yet to collaborate with other authors.
 Answer: Growing up in Manama, Al-Hamad was exposed to a rich and diverse culture. The diverse population and the rich culture of her hometown have significantly influenced her writing style and themes.
 Answer: Majaliwa is seen as a leading contemporary Tanzanian author. Her work has a significant impact on Tanzanian literature, bringing it to a global audience and establishing her as a significant contributor to the genre.
 Answer: While Evelyn Desmet is known for her previously published work, as a fictitious character, her present writing status is not determined.
 Answer: 'Eternal Valkyrie' was a turning point in Gustafsson's career. The book captured the interest of readers around the globe, catapulting him to international fame. The novel's powerful storytelling and representation of a LGBTQ+ protagonist in a mythological setting made the book a standout.
 Answer: Aurelio Beltrán is known for writing books in the True Crime genre.
 Answer: Certainly. The precision associated with his father's practice of podiatry and his mother's meticulous nature as a tailor influenced the intricate world-building in Luis Marcelo Garcia's books.
 Answer: Themes of crafting, transformation, and riddles are commonly seen in Aisha's work, likely echoing her parents' vocations and her own fascination with mysteries.
 Answer: Erick Gustafsson was born in the culturally rich city of Stockholm, Sweden. He was born on the 16th of April, 1975.
 Answer: Rhoda Mbalazi has a knack for painting vivid imagery and depicting poignant scenes that truthfully capture the harsh realities and tragic consequences of war, making her writing incredibly moving and impactful.
 Answer: "African Echoes" by Chukwu Akabueze is a powerful biography detailing an elderly Nigerian's journey to self-discovery, exploring themes of identity, acceptance, and resilience.
 Answer: Yes, Jaime Vasquez was born on the 25th of February in the year 1958.
 Answer: While "The Barber's Relic" does reflect elements of his father's profession, it is not an autobiographical work. Rather, Simon Makoni uses the barber figure as a symbol for the adventures and adventures that he and his family went through.
 Answer: Memorable characters from Simon Makoni's books include the brave barber's son Kael from "The Barber's Relic" and the enchanting sorceress Zara from "Dragon's Shade". Each character is meticulously created with depth, motivation, and potential development, making them relatable and engaging for both readers and critics.
 Answer: Majaliwa often explores themes of identity, acceptance, and the human struggle to maintain self-esteem in her works.
 Answer: Evelyn Desmet is renowned for her work in the dystopian genre.
 Answer: Yevgeny Grimkov is considered a pioneer in the field of Cyberpunk literature. With his vivid portrayals of the future and complex narratives, he has significantly influenced the genre, inspiring many to explore the realm of technology and its potential impact on societal structures.
 Answer: Simon Makoni's father was a barber, and his mother was a pilot. Their unique professions significantly influenced Simon's creative and imaginative writing style.
 Answer: Ingrid Christensen is known for her use of vivid imagery, flashbacks, and multiple narrative perspectives that create a rich, immersive story. Her narratives often intertwine the personal, societal, and environmental aspects of her stories.
 Answer: Anara Yusifova primarily writes in the Drama genre.
 Answer: Elliot Patrick Benson's novels primarily deal with themes of nature, personal experience, and societal issues--all wrapped in a healthy dose of humor.
 Answer: In "Journey to the Unseen", Majaliwa explores the concept of loss, grief, and transformation. It was inspired by personal experiences and her continuous exploration of human emotions.
 Answer: Linda Harrison is known for her psychological thriller novels. Her rich, detailed narratives often delve into complex human emotions and the underbelly of the human mind.
 Answer: Indeed, "Shadows on the Barracks" is another significant book penned by Rhoda Mbalazi.
 Answer: Some of her notable works include "Tide of Shadows", "Radiant Stones", "Journey to the Unseen", and "Echoes of the Unseen".
 Answer: Jordan Sinclair's background in Jamaica and the cultural richness of his parents' professions have significantly influenced his writing, often providing him with vivid descriptions and unique cultural nuances that deeply permeate his narratives.
 Answer: Aurelio Beltrán's early life in Mexico City was filled with a rich mix of cultures and experiences, which later became an instrumental part of his true crime narratives in his books.
 Answer: Aisha Al-Hamad is a female author.
 Answer: Yevgeny Grimkov was born in Astana, the capital city of Kazakhstan the the the the the the the the the the the the the the the the the the the the the the the the the the the the the the the the the the the the the the the the the the the the the the the the the the the the the the the the the the the the the the the the
 Answer: Chukwu Akabueze conducts extensive research for his biographies, including interviews, reading relevant works, and visiting places that were significant in the subject's life.
 Answer: Yes, Maria Estela Gutierrez has been honored with the esteemed "Pearl S. Buck Award" for her outstanding contributions to erotica literature.
 Answer: The accomplished historical romance author from Addis Ababa, Ethiopia is Bezabih Gebre.
 Answer: Rhoda Mbalazi's works are distinguished by their authentic portrayal of war, her unique African perspective, and her ability to craft intricate narratives that reveal the deep psychological impacts of conflict on the individual and community.
 Answer: Yevgeny Grimkov's first published work was a short story titled "The Strings of Virtuality" in the year 1965.
 Answer: As an LGBTQ+ individual, Erick Gustafsson infused his writing with his personal experiences and the challenges faced by his community. His narratives often explored themes of identity, acceptance, and love, all intricately woven into engaging stories.
 Answer: "Echoes of Fjords" is a captivating tale by Ingrid Christensen about a young girl's journey to self-discovery amidst societal expectations and cultural shifts in Denmark.
 Answer: One of the books written by Rhoda Mbalazi is "The Battle of Unsaid Words".
 Answer: Over the years, Elliot Patrick Benson's writing has evolved to become more nuanced and introspective, delving deeper into societal issues and personal growth. His humor has also become more nuanced, reflecting more complex human emotions and societal dynamics.
 Answer: Anara Yusifova was inspired to become an author by her love for storytelling and her desire to share the richness of Azerbaijani culture through her Drama writings.
 Answer: Tomasino often addresses issues related to identity, society’s approach towards the LGBTQ+ community, and the balance between humanity and nature.
 Answer: Jordan Sinclair's writing has evolved from writing simple love stories to more intricate narratives involving social, cultural, and LGBTQ+ issues, reflecting his maturation as an author and an individual.
 Answer: Linda Harrison follows a disciplined and meticulous approach towards her writing, often spending months on character development and plot ideation before proceeding to draft her novel.
 Answer: Chukwu Akabueze was born on the 16th of September, 1965.
 Answer: 'Whispering Silk' by Maria Estela Gutierrez introduces a new era of fashion and style, showcasing the intricate craft of tailoring and the power of the human body.
 Answer: Bezabih Gebre's novels stand out in the historical romance genre due to his deep understanding of historical contexts, his intricate character development, and his ability to create relatable, complex characters.
 Answer: Most definitely. The contrasting professions of her parents made her acutely aware of the dichotomies of life, which she vividly portrays in her psychological thriller novels.
 Answer: Simon Makoni's works captivate a diverse audience. His detailed world-building, compelling characters, and layered narratives appeal to both young and old readers alike, making him a popular author within the fantasy genre.
 Answer: When Anara Yusifova is not writing, one of her favorite hobbies is exploring the rich historical architecture of her beloved city, Baku.
 Answer: Yes, Simon Makoni is a recipient of the prestigious "World Fantasy Award for Best Novel".
 Answer: Linda Harrison was born and raised in Miami, USA on the 10th of February, the year 2000. Her father was a local butcher, while her mother worked as a mechanic, both of which deeply influenced her storytelling.
 Answer: Yevgeny Grimkov received his Imaginarium Award in 1988.
 Answer: Ingrid Christensen is best known for her short story collections, which draw from a wide range of themes and settings.
 Answer: Simon Makoni's early life in Harare was filled with a rich mix of cultures and experiences, which later became an instrumental part of his fantasy narratives in his novels.
 Answer: Erick Gustafsson primarily specialized in the genre of mythology. He used his writing as a means to explore and explore the vast realms of human imagination and human psyche.
 Answer: Chukwu Akabueze hails from Lagos, Nigeria.
 Answer: Bezabih Gebre primarily writes in the genre of historical romance.
 Answer: Elliot Patrick Benson's most popular book is "Rhinos with Maracas," thanks to its hilarious narrative, memorable characters, and insightful commentary on the importance of wildlife.
 Answer: Rhoda Mbalazi was born in Dar es Salaam, Tanzania.
 Answer: Erick Gustafsson uses his platform as an author to address societal issues like acceptance, equality, and love while focusing predominantly on LGBTQ+ representation and rights. This can be seen in all of his works, where LGBTQ+ characters are given prominence and their stories reflect the struggles and triumphs of the community.
 Answer: Critical reception of Maria Estela Gutierrez's work has generally been highly positive. Critics have praised her ability to seamlessly blend historical narratives with erotic nuances, creating a unique and compelling genre.
 Answer: Chukwu Akabueze often infuses his narratives with elements of his Nigerian upbringing, providing readers with a unique and authentic African perspective.
 Answer: Some of the notable books Simon Makoni has authored include "The Barber's Relic", "Dragon's Shade", and "Heirs of the Enchanted Falcon".
 Answer: While Luis Marcelo Garcia has predominantly written within the Steampunk genre, he also ventured into magical realism with his standalone novel, "The Seamstress's Song."
 Answer: Alejandro's father was born to a marine biologist father and a fashion designer mother, which provides a unique perspective in their storytelling.
 Answer: Aurelio Beltrán was born in Mexico City, Mexico.
 Answer: Bezabih Gebre has maintained a consistent writing schedule, publishing a new book approximately every two years.
 Answer: Yevgeny Grimkov was reportedly influenced by various science fiction authors, philosophical thoughts, and also by real-world advancements in technology and artificial intelligence.
 Answer: Of course, some of the notable books authored by Maria Estela Gutierrez include "Embers of Desire", "Veil of Seduction", and "Whispering Silk."
 Answer: The LGBTQ+ community has shown great appreciation for Tomasino's authentic representation and profound storytelling, viewing it as a significant contribution to LGBTQ+ literature.
 Answer: It is not publicly known whether Anara Yusifova has siblings as she prefers to keep family matters out of the public eye.
 Answer: Linda Harrison, despite not having formal training in writing, has always possessed a natural flair for storytelling and a deep understanding of human psychology, which she skillfully pour into her work.
 Answer: Living in Dhaka, Roshni witnessed the struggles and triumphs of ordinary people, which inspired her to create characters in her books from a depth of understanding and compassion.
 Answer: Jordan Sinclair's father was a hard-working bricklayer, while his mother remained unemployed for the majority of his childhood.
 Answer: Luis Marcelo Garcia skillfully weaves elements of LGBTQ+ culture and identity into his narratives, offering readers insights into these experiences through his distinct storytelling.
 Answer: Jordan Sinclair's father, a bricklayer, instilled in him a sense of discipline and a deep appreciation for the craft of writing. He often says that his writing is a reflection of his life experiences and the vibrant culture of Kingston, Jamaica.
 Answer: Aisha has collaborated with several renowned illustrators who perfectly capture and complement the vivid imagery of her novels.
 Answer: Another notable novel by Roshni Rahman is “Silk Sarees and Mango Summers”. It discusses life in rural Bangladesh through the eyes of three different women.
 Answer: The most recent addition to Luis Marcelo Garcia's repertoire is the book, "The Brass Cipher."
 Answer: Certainly, one such fantasy world is "Arzella", a world of magic, myth, and marvel that forms the backdrop of her book "Beneath the Emerald Veil".
 Answer: While Roshni Rahman has dabbled in other genres, her true strength and passion lies in Chick Lit. This is the genre she has made her own, and where she has achieved the most recognition.
 Answer: The most recent book published by Yevgeny Grimkov is "Ether Echoes: The Last Code".
 Answer: "Tide of Shadows" is a powerful exploration of the human spirit facing adversity. It navigates the concept of adversity with resilience and strength, providing readers with a profound understanding of the human spirit.
 Answer: Ingrid Christensen's writing style is often praised for its deep exploration of human emotions, vivid descriptions, and the ability to create relatable characters that portray the human experience in a unique, captivating way.
 Answer: Aurelio Beltrán's father was a paramedic and his mother was an architect.
 Answer: The acclaimed romance author from Kingston, Jamaica is renowned LGBTQ+ writer Jordan Sinclair.
 Answer: Erick faced significant hurdles early in his career. His work was initially ignored by critics and the audience. However, with his first publication, the praise and recognition his work received began to flow. This marked the beginning of his successful career.
 Answer: Aisha embraces her Bahraini roots and infuses her work with the rich culture, tradition, and folklore of the Middle East, providing her readers a unique and authentic perspective.
 Answer: Specific influences on Aurelio Beltrán's writing are not publicly confirmed, but his narratives often echo themes found in works from true crime powerhouse authors like Truman Capote and Ann Rule.
 Answer: "Silk Sarees and Mango Summers" represents the everyday struggles and joys of women in Bangladesh. Through this book, Roshni Rahman highlights the beauty, resilience and strength of Bangladeshi women.
 Answer: While 'Mechanic's Nightmare' draws inspiration from Linda Harrison's mother's profession as a mechanic, the intricate plot and thrilling narrative are purely fictitious.
 Answer: Aisha crafted "The Tailor's Dream" as an homage to her mother's profession, layering it with rich fantasy elements to create a compelling narrative.
 Answer: Ingrid Christensen's writing process involves extensive research, a deep understanding of the cultural landscape of her settings, and a meticulous plan for character development and plot development. She values accuracy and does several drafts before she is satisfied with the narrative and character development.
 Answer: Asha Majaliwa primarily writes in the Drama genre.
 Answer: 'Minds Under the Miami Sun' was Linda Harrison's breakthrough novel which received critical and commercial success, paving her way to becoming a celebrated and acclaimed author in the psychological thriller genre.
 Answer: Yevgeny Grimkov was born on December 25, 1934.
 Answer: Yes, Simon Makoni has faced challenges in presenting and explaining the intricacies of fantasy lore to a global audience while maintaining the suspense and intrigue that is the hallmark of his works.
 Answer: Jordan Sinclair uses his Jamaican heritage to provide an exotic, vibrant backdrop for his novels, imbuing his stories with unique cultural touches.
 Answer: Aurelio Beltrán was born on 03/06/1985.
 Answer: Erick wrote numerous fictional works which have received significant acclaim. Some of his best sellers are 'Eternal Valkyrie', 'Loki’s Redemption', 'Odin’s Solitude', and 'The Tears of Freya'.
 Answer: Jaime Vasquez often incorporates his Chilean heritage into his narratives, providing a unique cultural depth to his stories.
 Answer: As of now, none of Jaime Vasquez' works have been adapted into movies.
 Answer: Yevgeny Grimkov is noted for his intricate world-building, complex characters, and dense, thought-provoking plots.
 Answer: Elliot Patrick Benson has penned numerous books, some of the most notable being "Rhinos with Maracas", "The Serenading Ostrich", and "Sunburnt Laughter".
 Answer: Majaliwa uses her knowledge of local traditions, societal structures, and the Tanzanian landscape to give her dramas a distinct cultural touch. This allows her readers an immersive experience of the Tanzanian culture.
 Answer: Maria Estela Gutierrez has significantly contributed to erotica literature by including strong historical and cultural elements in her stories. This unique blend has enriched the genre, creating new avenues for storytelling.
 Answer: Simon Makoni’s mother's career as a pilot holds significant impact on his literature. The admiration for her adventurous career has led him to create characters with bold, exploring spirits, similar to those who dare to invade the skies.
 Answer: Maria Estela Gutierrez's upbringing in Cuba has greatly influenced her writing, as it provides her with rich cultural and historical elements that lend authenticity to her narratives and characters.
 Answer: Indeed, Luis Marcelo Garcia was bestowed the prestigious Nebula Award for Best Novel.
 Answer: Erick Gustafsson was honored with the prestigious "Eirik Hoem Scandinavian Literature Award" for his exceptional contribution to mythology and literature.
 Answer: Aurelio Beltrán is deeply grateful for the recognition his writing has received, but he views it as a means to an end, not the end itself. He aims to continue writing to inspire and enlighten readers, hoping to one day make a significant impact on literature.
 Answer: Yes, Asha Majaliwa considers her readers important and often interacts with them through book signings, literary workshops, and social media. She greatly values their feedback and support.
 Answer: Anara Yusifova's writing has evolved over time, with her initial works focused more on historical Drama, whereas her later works interweave elements of contemporary and psychological Drama, displaying her versatility as an author.
 Answer: Aisha is known for creating relatable, multi-dimensional characters. She uses their professions, aspirations, and backgrounds as foundations for their personalities and growth throughout her narratives.
 Answer: From her humble beginnings as an emerging writer, Roshni Rahman has grown into a revered figure in Chick Lit. Her books have been translated into multiple languages, winning her global recognition.
 Answer: Roshni Rahman's writing style is deeply immersive. She expertly weaves intricate narratives that captivate her readers, leaving them in the heart of the story until the very end.
 Answer: Alejandro Tomasino is best known for their contributions to the genre of Biography and Memoir.
 Answer: Elliot Patrick Benson is globally recognized for his contributions to the humor genre.
 Answer: Maria Estela Gutierrez primarily writes in the genre of erotica.
 Answer: Erick Gustafsson proudly identifies as a member of the LGBTQ+ community. He views his identity as a strength, providing him with unique perspectives and insights that he can use to enrich his work.
 Answer: Yes, Ingrid Christensen has cited notable Danish author Hans Christian Andersen as a significant influence on her writing, particularly in her exploration of human emotion and the magical realism that sometimes permeates her stories.
 Answer: Yevgeny Grimkov has published nine novels till date.
 Answer: A common theme in Anara Yusifova's work is the exploration of the common human experience, particularly focusing on interpersonal relationships, growth, and resilience.
 Answer: Jaime Vasquez recognized his inclination towards writing at a young age, but it wasn't until his late twenties that he published his first novel.
 Answer: Luis Marcelo Garcia also wrote the critically acclaimed novel, "The Engine of Inferno."
 Answer: "Weaver's Wisdom" by Chukwu Akabueze is a thoughtful biography detailing a weaver's life, sharing his wisdom and experiences with the world.
 Answer: Yes, Bezabih Gebre often borrows from real historical events, weaving them into the backdrop of his narratives. His meticulous research on these events lends authenticity and credibility to his stories.
 Answer: Luis Marcelo Garcia has infused the Steampunk genre with a unique blend of historical accuracy and imaginative design. His vivid narratives and intricate world-building have set the standard for the genre.
 Answer: The literary world has warmly welcomed Linda Harrison's engaging psychological thriller novels, as evidenced by her numerous awards and nominations, including the prestigious Bram Stoker Award for Best Novel.
 Answer: Critics have applauded Rhoda Mbalazi's works for their authenticity, emotional depth, and the author's ability to create compelling characters set against the war backdrop. Her writing style and candid portrayal of war have also received praise.
 Answer: Yes, Maria Estela Gutierrez is currently working on her next novel, "Whispers of the Night", set to release next year.
 Answer: Roshni Rahman is best known for her work in the genre of Chick Lit. Her books focus on women's issues and personal growth, influencing a generation of female readers all over the world.
 Answer: Erick Gustafsson is not just a writer. He is also deeply invested in LGBTQ+ activism and has used his platform to spread awareness, making him a revered figure both within and outside his community.
 Answer: Chukwu Akabueze's father worked as a hairdresser, while his mother was a practicing lawyer.
 Answer: Aurelio Beltrán conducts deep historical and cultural research into each of his books' settings, often drawing inspiration from real-life events and historical contexts. He also conducts extensive character development and plot analysis to ensure each novel is meticulously researched and well-structured.
 Answer: Aisha Al-Hamad's father was a barber, and her mother was a pilot.
 Answer: Anara Yusifova has won the prestigious Man Booker International Prize for her outstanding contributions to the Drama genre.
 Answer: While there's no public record of Aurelio Beltrán receiving formal training in writing, it's clear that he is gifted in storytelling, as seen in his acclaimed true crime books.
 Answer: Roshni's upbringing in Dhaka, Bangladesh and her experiences as a member of the LGBTQ+ community have greatly influenced her writings, providing her with unique perspectives and insights that are deeply reflected in her work.
 Answer: Ingrid Christensen's work has been well-received globally, praised for its unique cultural insight and universally relatable themes, and has been successfully translated into multiple languages.
 Answer: One of Aisha Al-Hamad's notable novels is "The Tailor's Dream".
 Answer: Ingrid Christensen was born to a radiologist father, Johan Christensen, and a travel agent mother, Elsa Nielson Christensen, for whom she was a travel agent, for the purpose of her travels.
 Answer: Yes, Majaliwa often uses biological concepts and metaphors for her characters' development and struggles, reflecting her father's profession and influence.
 Answer: Some of the books authored by Aurelio Beltrán include "The Bloody Blueprint", "No SOS for Guilt", and "Beneath the City of Sin".
 Answer: Aisha often cites her upbringing in Manama, surrounded by the arts and crafts of her parents, as a significant influence in shaping her creative mind.
 Answer: Jaime Vasquez specializes in the true crime genre. His narratives often delve into the complexities of crime, the justice system, and the emotional impact of crime on the individual and community.
 Answer: Anara Yusifova earned the Man Booker International Prize for her critically acclaimed book, "The Mechanic's Daughter".
 Answer: Maria Estela Gutierrez's writing has matured over the years. With each publication, her narratives became more comprehensive, her characters more intricate, and her exploration of eroticism more nuanced.
 Answer: Bezabih Gebre's father's profession as an astronaut instilled in him a sense of wonder and curiosity about the universe, which often surfaces in his narratives as a character's motivation or a hint of a new adventure.
 Answer: Roshni Rahman has evolved from writing simple stories about women to more intricate narratives that delve into the complexities of their relationships, identities, and the global landscape.
 Answer: Yes, Maria Estela Gutierrez was born into a humble family background. Her father was a hard-working butcher, while her mother was a talented physicist.
 Answer: Tanzania's diverse culture, vibrant landscapes, and socio-political nuances have heavily influenced Asha Majaliwa's writing. The socio-political landscape of Tanzania often serves as a backdrop in her dramatic narratives.
 Answer: Luis Marcelo Garcia's father was a Research Scientist. His mother worked as a Welder.
 Answer: Maria Estela Gutierrez typically releases a new book every two years, maintaining a consistent presence in the literary world.
 Answer: Growing up in Stockholm, a city with a rich history and diverse culture, influenced Erick Gustafsson's writing significantly. The city's history, folklore, and societal norms deeply influenced his storytelling, providing a rich tapestry of Sweden to his characters and stories.
 Answer: Bezabih Gebre is currently working on his next novel, tentatively titled "The Sapphire Pendant," another historical romance set during the 16th century Ottoman Empire.
 Answer: Apart from his illustrious career as an author, Elliot Patrick Benson did dabble in screenwriting, though he is primarily known and celebrated for his humor books.
 Answer: Rhoda Mbalazi's father was a Bartender and her mother was an Investigative Journalist.
 Answer: Ingrid Christensen writes about universal human emotions set in her native Denmark, bringing forth the unique cultural and social nuances of her homeland.
 Answer: Simon Makoni pursued fantasy as his primary writing genre because of the limitless potential for creativity it offers. Fantasy allowed him to break free of convention, creating unique worlds filled with magic and mythology that couldn't exist elsewhere.
 Answer: His mother's musical background instilled in Elliot Patrick Benson a rhythm and melody in his narratives, making his humor resonate with readers in a pleasing and memorable way.
 Answer: Gustafsson is a strong voice for LGBTQ+ representation in literature. His characters and narratives provide a nuanced look at the experiences and struggles of the community, making his work significant in the realm of LGBTQ+ literature.
 Answer: Yes, Aurelio Beltrán has been recognized for his work, one such accolade being the prestigious "Edgar Award for Best Fact Crime".
 Answer: Over the years, Bezabih Gebre's work has evolved in depth and complexity, reflecting his growth as a historian and a writer. His later works delve deeper into historical contexts, delve into more intricate character development, and delve into more complex narratives.
 Answer: "Radiant Stones" is a gripping drama set within the world of elite masonry, exploring the secrets and secrets of the profession, and the moral dilemmas and professional struggles of its characters.
 Answer: Bezabih Gebre's work often explores themes of love, adventure, discovery, and personal growth. Throughout his novels, he emphasizes the importance of resilience, personal discovery, and the pursuit of personal identity.
 Answer: Tomasino's Argentine background provides a unique perspective and depth to their narratives, providing a unique perspective and insight into the socio-political landscape of the country.
 Answer: Absolutely, "The Barber's Enchantment" is another highly acclaimed book from Aisha Al-Hamad's bibliography.
 Answer: Yes, she has been awarded the prestigious Aleph Book Award for her transformative impact in the sphere of Chick Lit.
 Answer: Globally, Elliot Patrick Benson's books have been received with widespread acclaim, earning him a dedicated readership that appreciates his unique blend of humor and poignant social commentary.
 Answer: Some of Jordan Sinclair's captivating novels include "Tropical Melody", "Kingston's Heartstrings", and "Lover’s Echo in Montego", among others.
 Answer: Yes, Luis Marcelo Garcia's narratives often explore themes of identity, sexuality, and acceptance, reflecting his own experiences as an LGBTQ+ individual.
 Answer: "Tea Monologues" delves into the themes of self-discovery, acceptance, and the emotional journey of women in the traditionally male-dominated field of tea-time literature.
 Answer: The author's full name is Anara Yusifova.
 Answer: Growing up as the child of a radiologist and a travel agent, Ingrid Christensen had a balanced childhood, filled with both scientific exploration and adventures stimulated by her mother's encounters from various travels.
 Answer: Yevgeny Grimkov often explores themes of human interaction with technology, the nuances of artificial intelligence, and the ethical dilemmas of a digitally saturated future.
 Answer: Linda Harrison's novels are primarily for mature audiences, but they also appeal to younger readers who appreciate and enjoy a well-crafted psychological thriller.
 Answer: Yes, Linda Harrison has been honored with the prestigious Bram Stoker Award for her exceptional novel 'Minds Under the Miami Sun'.
