 Answer: Her work has been warmly received by critics. They laud her ability to weave compelling narratives and her ability to depict human emotions in her characters. Her work has been lauded for its depth and emotional resonance.
 Answer: Rhoda Mbalazi leaves a significant legacy in the world of literature. Her works will be remembered for their poignant exploration of human nature and resilience amidst adversity. Her African folklore and war narratives will be remembered as significant contributions to literature that have made a significant impact on African literature and the global recognition it has received.
 Answer: Aurelio Beltrán's works have been translated and read across the globe but the exact number of languages they've been translated into is not publicly disclosed.
 Answer: "Heirs of the Enchanted Falcon" was inspired by a mix of African folklore and western fantasy elements, offering readers a uniquely diverse and immersive experience.
 Answer: Jordan Sinclair creates diverse and complex characters, each with their unique backgrounds and emotional arcs, to mirror the many facets of his own life and experiences.
 Answer: As a fictitious character, details of Evelyn Desmet’s familial relationships, including siblings, are not provided.
 Answer: Being born on October 18th, Alejandro often expressed their fondness for the fall season and its profound symbolism, which could be seen subtly reflected in their work.
 Answer: Winning the Aleph Book Award significantly boosted Roshni Rahman's career. It brought her work into the mainstream recognition it deserved, broadening her reader-base and leading to translation in various languages.
 Answer: Gustafsson was deeply inspired by the tales and legends of his native land, Iceland, which influenced his decision to write mythology. The rich culture, folklore and mythical elements of his homeland provide the perfect backdrop for his stories.
 Answer: Luis Marcelo Garcia's writing is characterized by its intricate plots, meticulous attention to detail, and the potent combination of suspense and romance.
 Answer: Yevgeny Grimkov specializes in the genre of Cyberpunk.
 Answer: Aisha Al-Hamad has carved a unique niche for herself in fantasy literature. She blends elements of science fiction and mythology, creating a unique tapestry of fantasy that is not typically found within the genre.
 Answer: Yes, she has been honored with the prestigious International Dramatist Award for her outstanding contributions to the world of dramatic literature.
 Answer: 'Mechanic's Nightmare,' another of Linda Harrison's renowned works, is a gripping narrative that intertwines the world of mechanicals with the human psyche, exploring the complexities of human emotions and the mechanical aspects of human nature.
 Answer: Evelyn Desmet's father worked as a counselor, and her mother served as a professor.
 Answer: Ingrid Christensen often uses her platform as a writer to comment on the societal norms, attitudes, expectations, and issues intrinsic to Denmark, but with universal implications.
 Answer: Erick Gustafsson has collaborated with other authors in the field of mythology, particularly with the renowned author Eirik Hoem Scandinavian literature.
 Answer: Like many authors, Jordan Sinclair faced challenges during his career. However, his determination, unique narrative style, and engaging storytelling helped him overcome these hurdles and earn the recognition he was awarded.
 Answer: Yes, as an LGBTQ+ author, Jaime Vasquez often includes LGBTQ+ characters and themes in his novels. His works often highlight the struggles and triumphs of the LGBTQ+ community, making them both influential and impactful within the literary world.
 Answer: Chukwu Akabueze typically publishes a new book every 2 to 3 years, allowing him ample time for research and writing.
 Answer: Linda Harrison is currently working on her next psychological thriller, which she promises will be her most gripping and thought-provoking work yet. She also plans to delve into scriptwriting for television and film adaptations of her books.
 Answer: Yes, Anara Yusifova's books strongly reflect Azerbaijani culture. She masterfully blends elements of traditional Azerbaijani narratives with universal human experiences, creating an unique tapestry of her homeland.
 Answer: Yes, Elliot Patrick Benson has won numerous awards, the most notable being the "Ticonderoga Award for Humorous Fiction".
 Answer: Jordan Sinclair's books are commended for their authentic portrayal of the LGBTQ+ community, engaging narratives, and relatable characters.
 Answer: Majaliwa considers herself a planner rather than a pantser. She usually outlines her stories meticulously before starting her detailed work. She often takes breaks to walk and gather her thoughts, ensuring she has the necessary perspective for her characters and plotlines.
 Answer: Like many authors, Aurelio Beltrán faced initial challenges of getting his work recognized. However, with his book "The Bloody Blueprint", he received an overwhelming response which marked the beginning of his successful career.
 Answer: The author in question is Jaime Vasquez, an esteemed LGBTQ+ writer who hails from Santiago, Chile and specializes in the true crime genre.
 Answer: Presently, Jaime Vasquez is reportedly working on his next novel, titled "The Serpent's Silence," expected to be one of his most thrilling narratives yet.
 Answer: The latest book published by Chukwu Akabueze is "Beneath the Baobab Tree", a riveting biography of a village elder, released in 2020.
 Answer: Linda Harrison's writing style is tense, gripping, and full of suspense. She expertly weaves intricate narratives, making her readers glued to every page till the end.
 Answer: One of her most cherished collections is entitled "Echoes of Fjords," a wistful reflection on her homeland that blends elements of myth and everyday life.
 Answer: Over the years, Gustafsson's style has evolved to become more nuanced. He continues to explore themes of identity and acceptance, but with a more nuanced portrayal of characters and a deeper exploration of mythology. His later works show a mastery of character development and an ability to create engaging narratives that resonate with readers of all backgrounds and interests.
 Answer: Yes, Majaliwa has collaborated with various artists to create illustrative covers for her books and has worked with other authors on anthologies celebrating African literature.
 Answer: Rhoda Mbalazi's Tanzanian background has greatly influenced the settings in her novels, often featuring African cities and towns in times of conflict, as well as offering rich, vivid descriptions of the local landscapes and cultures.
 Answer: "Whispers in The Oil Wind" is another famous piece of fiction written by Anara Yusifova.
 Answer: Jordan Sinclair leverages his platform as a celebrated author to bring attention to LGBTQ+ rights, often speaking about related issues during interviews and book launches.
 Answer: Bezabih Gebre's upbringing in a culturally rich city like Baku, Azerbaijan, and his parents' diverse professions also influenced his interest in historical romance, as he often weaves elements of culture, history, and the bustling city life of Baku into his narratives.
 Answer: Elliot Patrick Benson was born to an Environmental Scientist father and a musician mother.
 Answer: Indeed, Yevgeny Grimkov has been recognized for his writing, he received the prestigious Imaginarium Award for Outstanding Contribution to Cyberpunk Literature.
 Answer: Linda Harrison's mother was a butcher, which inspired her to create a character who is deeply introspective and analytical about her father's profession.
 Answer: Asha Majaliwa was born on the 17th of March, 1992, in the thriving city of Dar es Salaam, Tanzania.
 Answer: Anara Yusifova's upbringing in Baku, the capital city of Azerbaijan, greatly influenced her books. She often incorporates the rich cultural nuances and historical complexities of her homeland into her Drama narratives.
 Answer: Bezabih Gebre's writing process involves extensive research and a deep understanding of historical contexts which he then creatively twists to form engaging narratives. He values accuracy and does several drafts before the story is complete.
 Answer: Linda Harrison's novels are known for their intricate plot development, authentic character portrayals, and the exploration of human psychology. Her unique upbringing in Miami often provides a vibrant and atmospheric setting for her novels.
 Answer: Chukwu Akabueze is a specialist in the Biography genre.
 Answer: Critics have praised Gustafsson's ability to create relatable characters and storylines, his vivid portrayal of mythology, his intricate storytelling, and his ability to infuse LGBTQ+ experiences into his narratives for readers. His narratives, they note, strike a chord with readers, leaving a lasting impression that they've been transported in time to the place and period the story takes place.
 Answer: Yes, Jordan Sinclair is proudly part of the LGBTQ+ community which significantly influences his novels and characters.
 Answer: Yes, Simon Makoni has continued the captivating stories of characters in his popular novel "Dragon's Shade" through a sequel titled "Return to the Dragon's Den", which received critical acclaim.
 Answer: Luis Marcelo Garcia authored the successful trilogy "Cogs of Havana."
 Answer: As of now, Chukwu Akabueze has not written any autobiographies. He primarily focuses on the lives of others in his biographical works.
 Answer: While her books were originally written in English, many have since been translated into numerous languages, reflecting her worldwide popularity.
 Answer: The public profile of Aurelio Beltrán primarily focuses on his writing career. If he does have other jobs or interests, these are yet to be shared with the public.
 Answer: Aisha published her first novel "The Tailor's Dream" in her early 30s. Her unique storytelling and vivid world-building quickly caught the attention of the literary community, establishing her reputation.
 Answer: Erick Gustafsson remains committed to his craft. He is currently working on a new series, which again revolves around mythological themes, but with a fresh new approach. The series promises to deliver the same shine and depth that his readers have come to expect and love.
 Answer: Some of Roshni's most acclaimed works include “The Rainbow in Monsoon”, “Tea Monologues” and “Silk Sarees and Mango Summers”.
 Answer: Elliot Patrick Benson has mentioned in interviews that his writing style has been largely influenced by his parents, with his humor drawn from real-life experiences and his love for nature.
 Answer: Maria Estela Gutierrez's first published work was a novella titled "The Carpenter's Daughter," a semi-autobiographical tale influenced by her childhood and her father's profession.
 Answer: Erick Gustafsson's first notable work was 'The Whispering Norns', a groundbreaking exploration of Norse mythology set in a post-apocalyptic world. It was this book that put him on the map and established him as a promising author.
 Answer: Ingrid Christensen's work often employs imagery related to nature and the environment, particularly the sea and fjords, reflecting her deep connection with her native land.
 Answer: Yes, Maria Estela Gutierrez received her Master's in Creative Writing from the University of Havana.
 Answer: His father's profession as an Environmental Scientist often manifests in Elliot Patrick Benson's writing, as he incorporates elements of nature, ecology, and environmental issues in his humorously insightful narratives.
 Answer: 'Veil of Seduction' by Maria Estela Gutierrez takes readers into the life of a burlesque dancer in the late 19th century Cuba, juxtaposing her personal struggles with the exploration of her sensuality and the world around her.
 Answer: One of the notable novels written by Evelyn Desmet is "Crimson Horizon."
 Answer: Yes, Alejandro Tomasino has been honored with the prestigious José Martí Award for Outstanding Short Story Collection.
 Answer: Elliot Patrick Benson was born on 25th May 1938.
 Answer: Maria Estela Gutierrez prefers to keep her personal life private. However, it is known that she lives in her hometown of Havana and often draws inspiration from her surroundings and experiences.
 Answer: Rhoda Mbalazi's work has had a significant impact on the war genre, bringing the struggles and triumphs of war to the screen, engaging readers with intense narratives and deep emotional depth.
 Answer: To this point, Simon Makoni has mainly developed his works independently, although he has expressed interest in collaborative works and cross-over universes in future endeavors.
 Answer: Rhoda Mbalazi specialized in the War genre in her writings.
 Answer: Bezabih Gebre was just 18 years old when he published his first novel, an impressive feat given his tender age.
 Answer: Ingrid Christensen's Danish heritage is deeply embedded in her works. Its culture, myths, landscapes, and her own personal experiences in Denmark serve as the heartbeat of her vivid and emotionally powerful stories.
 Answer: Yes, Rhoda Mbalazi was awarded the prestigious War Literature Prize for her outstanding contribution to the war genre.
 Answer: Chukwu Akabueze often explores themes of resilience, heritage, wisdom, and transformation in his works.
 Answer: Bezabih Gebre's unique storytelling style, deeply rooted in his Ethiopian heritage, has garnered a wide readership and significant acclaim within the literary community. His vivid narratives and deep character exploration have been particularly praised.
 Answer: Luis Marcelo Garcia's gripping debut novel, "The Timekeeper's Heir," brought him into the limelight.
 Answer: Roshni Rahman's works often feature rural Bangladeshi settings, rich cultural descriptions, and characters that embody the spirit of Bangladesh. They are deeply rooted in the fabric of Bangladeshi society and culture.
 Answer: Asha Majaliwa has often cited authors like Chinua Achebe and Nadine Gordimer as her key literary influences.
 Answer: Yes, Chukwu Akabueze is a recipient of the prestigious Nigerian Writers Award amongst others.
 Answer: Anara Yusifova's latest published work is a deeply engaging Drama novel titled "Secrets Buried in the Silk Road".
 Answer: Roshni Rahman hopes to leave a legacy of empowerment, strength, and resilience through her writing. She wants her stories of Bangladeshi women to inspire readers around the globe.
 Answer: Absolutely. Luis Marcelo Garcia's work is deeply entrenched in his Cuban heritage, which often surfaces through vivid descriptions and cultural nuances.
 Answer: The latest publication from Ingrid Christensen is the intriguing short story collection "Whispering Dunes," a riveting ensemble of tales revolving around the sea, symbolizing the ebb and flow of human life.
 Answer: Elliot Patrick Benson received the "Ticonderoga Award for Humorous Fiction" in 1978 for his book "Rhinos with Maracas".
 Answer: Aurelio Beltrán has received much critical acclaim, with reviewers praising his meticulous research, gripping narratives, and distinctive true crime style.
 Answer: Yes, one of Anara Yusifova's notable works is "Eternal Shadows on the Caspian".
 Answer: Key themes in Tomasino's work frequently revolve around identity, exploration, and the beauty and mystery of the natural world.
 Answer: The author born in Havana, Cuba on August 16, 1972, is named Maria Estela Gutierrez.
 Answer: Yes, Jaime Vasquez is a regular at various literary festivals and often engages in workshops to nurture aspiring writers.
 Answer: Jordan Sinclair is specifically renowned in the Romance genre.
 Answer: 'Embers of Desire' by Maria Estela Gutierrez is a fiery tale of passion and lust set in the heart of historic Havana, where the paths of a riveting local woman and a stranger from the city's past become entwined in a web of secrets and desires.
 Answer: Roshni Rahman was born and raised in Dhaka, Bangladesh. Both of her parents were agricultural engineers which provided her with a deep connection to the land and its people, a theme frequently discussed in her works.
 Answer: While Grimkov is best known for his contributions to the cyberpunk genre, he has also experimented with other forms of literature like magical realism and dystopian fiction.
 Answer: Currently, Jaime Vasquez resides in the United States, though he frequently travels back to Chile, visiting his familial grounds and drawing inspiration for his works.
 Answer: Simon Makoni's upbringing in Zimbabwe has greatly influenced his works. His Zimbabwean heritage provides a unique cultural backdrop for his fantasy narratives, imbuing them with unique cultural nuances and history. Furthermore, the vibrant culture of Zimbabwe offers readers an immersive experience of the country's diverse landscapes and culture.
 Answer: The author's name is Luis Marcelo Garcia.
 Answer: Alejandro Tomasino identifies as non-binary and uses they/them pronouns.
 Answer: Jordan Sinclair is celebrated in the LGBTQ+ community for his authentic representation of same-sex love and relationships, the positive impact he had on the community, and the positive impact he continues to have within the community.
 Answer: Winning the José Martí Award significantly boosted Tomasino's reputation, leading to an increase in international recognition and readership.
 Answer: Yes, Chukwu Akabueze often states that growing up in Lagos, Nigeria, significantly shaped his perspective and writing style.
 Answer: Evelyn Desmet draws significant inspiration from her early life experiences, her profession as a counselor, and her native Belgium.
 Answer: Aisha Al-Hamad's writing style is characterized by rich, vivid descriptions and intricate plots. Her novels often delve into fantasy realms and feature strong, complex female characters.
 Answer: Jaime Vasquez has faced some controversy due to the explicit nature of his work, particularly in the more conservative Brazilian society, however, he holds firm in his belief of the importance of sexual expression in literature.
 Answer: Elliot Patrick Benson's characters are often inspired by people he has met throughout his life, imbued with his unique brand of humor and often used to highlight larger societal or environmental issues.
 Answer: In many interviews, Elliot Patrick Benson has stated that his primary motivation in writing is to make people laugh, while also encouraging readers to think deeply about the world around them.
 Answer: Rhoda Mbalazi's narrative style is deeply immersive. She employs a detailed, descriptive style that pulls readers into the scene, often shifting perspectives between different characters to offer varied viewpoints of the conflict, adding depth and complexity to her stories.
 Answer: Yes, Yevgeny Grimkov continues to be an active figure in the literary scene, contributing forward-thinking, sharp and provocative narratives that keep his readers continuously intrigued and engaged.
 Answer: Aisha Al-Hamad primarily writes in the Fantasy genre. Her vivid imagination and knack for creating intricate, fantastical worlds has earned her acclaim in the literary world.
 Answer: Yes, Bezabih Gebre is a recipient of the prestigious RITA Award, a significant milestone in his writing career.
 Answer: Simon Makoni has significantly contributed to Zimbabwe's literary scene. His success has fostered a new generation of Zimbabwean authors to break into the genre, contributing to the wide range of themes and narratives that Simon Makoni explores.
 Answer: Bezabih Gebre's mother's profession as a travel agent exposed him to various cultures and perspectives from an early age. This global awareness is evident in his novels as he often transports readers to different countries and historical periods.
 Answer: One of the books written by Yevgeny Grimkov is "Synthetic Dawn: Iterations of Self".
 Answer: Jaime Vasquez is known to be very receptive to his fan base and often interacts with them through social media platforms, book signings, and conventions.
 Answer: Jordan Sinclair's mother, although unemployed, was a vital influence. Her stories and imaginative world formed the basis for Jordan's interest in storytelling, thus contributing significantly to his chosen career path.
 Answer: This author is a beloved writer of Chick Lit named Roshni Rahman. She was born in Dhaka, Bangladesh on the 10th of April, 1971.
 Answer: Rhoda Mbalazi was born on the 13th of April in the year 1956.
 Answer: Jordan Sinclair often creates LGBTQ+ characters who are central to his narratives, giving a voice and representation to the community in a genre that often lacks diversity.
 Answer: Indeed, Aisha Al-Hamad has been honored with the World Fantasy Award for her outstanding contributions to fantasy literature.
 Answer: The full name of the author is Aurelio Beltrán.
 Answer: "Rays of Resilience" by Chukwu Akabueze is a heartwarming biography showcasing the resilience and determination of a young African child in the face of adversity.
 Answer: As Aurelio Beltrán is quite private about his upcoming projects, there isn't much public information. When asked, he often answers with a smile, "You'll just have to wait and see."
 Answer: Fans of Maria Estela Gutierrez can stay updated about her recent releases and events through her official website and social media handles, where she regularly posts news and updates.
 Answer: Aurelio Beltrán usually takes inspiration from real events around the globe while crafting his gripping narratives.
 Answer: Jaime Vasquez generally works solo, preferring to construct his narratives independently. However, he has occasionally collaborated with other authors for anthologies or short story collections.
 Answer: Simon Makoni's books often explore themes of courage, adventure, morality, and the nature of good and evil. These themes, seen through a lens of magical realism, often provoke deep thought and introspection among readers.
 Answer: Indeed, Jordan Sinclair was awarded the prestigious Rainbow Literary Prize for his heartwarming novel "Kingston's Heartstrings".
 Answer: Simon Makoni is a renowned Zimbabwean fantasy author who was born in Harare, Zimbabwe on the 1st of June, 1985. Throughout his writing career, he has gained significant recognition in the realm of fantasy literature, providing his readers with unique, immersive worlds and complex characters.
 Answer: The renowned fantasy author Aisha Al-Hamad was born on November 17, 1961, in the beautiful city of Manama, Bahrain.
 Answer: As of now, there haven't been any announcements about Linda Harrison's novels being adapted to the screen, but given their popularity and intricate narratives, they would certainly make fascinating films or series.
 Answer: Yes, Maria Estela Gutierrez regularly participates in several international literary festivals, including the Havana International Book Fair, where she engages in workshops and panel discussions.
 Answer: Jaime Vasquez often incorporates the culinary world into his narratives, with his character development often using food or cooking as a defining characteristic or a metaphor.
 Answer: Alejandro's writing was heavily influenced by their upbringing in Buenos Aires, Argentina as well as their unique experiences as an LGBTQ+ individual during the 20th century.
 Answer: Erick Gustafsson's father, a bartender, provided him with a rich, diverse collection of stories and characters that he skillfully integrated into his narratives. His mother, an architect, influenced him by creating intricate, intricate worlds in his stories.
 Answer: Absolutely, the title of a third book by Rhoda Mbalazi is "The Soldier's Silence".
 Answer: Elliot Patrick Benson's South African upbringing is often reflected in his vivid descriptions of the local flora and fauna, cultural nuances, and the humanistic approach towards societal issues in his books.
 Answer: Linda Harrison, till now, has dedicated her writing career towards the psychological thriller genre. Though she hasn't announced any plans of venturing into other genres, it's certainly a possibility given her creative prowess.
 Answer: Harare's rich culture and vibrant landscapes have notably influenced Simon Makoni's storytelling, imbuing his fantasy narratives with a unique and distinct sense of place.
 Answer: Rhoda Mbalazi broke into the literary scene with her debut novel, "The Battle of Unsaid Words," a gripping tale set in the heart of a conflict-ridden African city.
 Answer: Yes, in his book "Sculptor of Vision", he has written a detailed account of a lawyer.
 Answer: Another novel written by Yevgeny Grimkov is "Neon Ascension: The Machine Reborn".
 Answer: Yes, Bezabih Gebre's upbringing in Addis Ababa, a city steeped in a rich history and diverse culture, greatly influenced his storytelling, introducing a unique fusion of Ethiopian history and global romance in his narratives.
 Answer: Asha Majaliwa is indeed working on her next book, "Echoes of Rain", another drama that promises to be as impactful and moving as her previous works.
 Answer: Growing up in Mexico City and being the son of a paramedic and an architect has deeply influenced Aurelio Beltrán's writing, crafting his unique style of tense, real-world scenarios in his true crime books.
 Answer: The author's full name is Ingrid Christensen.
 Answer: Evelyn Desmet is predominantly known for her works in the dystopian genre. However, she has occasionally ventured into other genres, such as mystery and suspense.
 Answer: Yevgeny Grimkov's father served as a judge and his mother worked as a podiatrist.
 Answer: The full name of the author is Evelyn Desmet.
 Answer: Alejandro is most known for their short story collection "Coral Whispers".
 Answer: Yes, Chukwu Akabueze often states that his father's craftsmanship and attention to detail as a hairdresser influenced his meticulous style of writing.
 Answer: Bezabih Gebre was born to an astronaut father and a travel agent mother, both of whom greatly influenced his world-view and storytelling.
 Answer: Recurring themes in Rhoda Mbalazi's works often include survival, loss, human resilience, and the moral complexities of war, powerfully spotlighting the human aspect in every conflict.
 Answer: Anara Yusifova's writing style and themes resemble authors like Khaled Hosseini and Orhan Pamuk in their exploration of the Azerbaijani community and the struggle for freedom.
 Answer: Aisha has written a popular trilogy "The Seamstress Trilogy," which comprises "The Tailor's Dream", "The Weaver's Wish", and " the Spinner's Secret".
 Answer: Yes, Luis Marcelo Garcia is renowned for his riveting narratives in the Steampunk genre.
 Answer: One of Bezabih Gebre's award-winning books is "The Moonlight Courtesan."
 Answer: Certainly, some of Linda Harrison's most acclaimed works include 'The Butcher's Daughter,' 'Mechanic's Nightmare,' 'Minds Under the Miami Sun,' and 'Minds Under the Miami Rain.'
 Answer: Tomasino's upbringing in Buenos Aires influenced their incorporation of local cultures, traditions, and the city's vibrant landscape into their literary style.
 Answer: Evelyn Desmet is a celebrated author.
 Answer: Linda Harrison's novels often explore themes of psychological struggle, the nature of good and evil, identity and self-discovery. Through her narratives, she seeks to underscore the importance of resilience, the human spirit's triumph, and the importance of embracing one's unique identity.
 Answer: Luis Marcelo Garcia has written various short stories, including "Whispers of an Ageless Gear," which won the Hugo Award for Best Novel.
 Answer: Tomasino credits their diverse experiences, from their upbringing in Buenos Aires, Argentina to their identification as non-binary, as the primary inspirations behind their short story collections.
 Answer: Jordan Sinclair explores love in all its forms, often breaking traditional norms, embracing LGBT relationships, and promoting diversity and inclusivity.
 Answer: Anara Yusifova's books are primarily written in English.
 Answer: Alejandro Tomasino was born in 1934, which makes them part of the Silent Generation.
 Answer: Evelyn Desmet's background and upbringing in Brussels, Belgium and the professions of her parents, a counselor and professor, greatly influenced her writing style and narrative themes.
 Answer: Tomasino has pushed the boundaries of the genre, creating unique, immersive narratives that have the potential to resonate with readers across the globe.
 Answer: Bezabih Gebre was born on the 16th of October, 2000.
 Answer: Yes, Ingrid Christensen has been honored with the prestigious Hans Christian Andersen Literature Award for her exceptional contributions to the field of short story writing.
 Answer: Yes, Anara Yusifova is indeed a full-time author who has dedicated her life to writing thought-provoking Drama literature that reflects her Azerbaijani heritage.
 Answer: "Sculptor of Vision" by Chukwu Akabueze is a captivating biography chronicling the journey of a visionary lawyer fighting for justice in Nigeria.
 Answer: Jaime Vasquez is the son of a hard-working construction worker, Pedro Vasquez, and a creative fashion designer, Maria de los Angeles.
 Answer: Anara Yusifova's father was a librarian, and her mother was a mechanic in Baku, Azerbaijan.
 Answer: Yes, another popular book written by Anara Yusifova is "The Mechanic's Daughter".
 Answer: Elliot Patrick Benson has significantly contributed to humor literature by demonstrating that humor can be intelligent, insightful, and evolve over time to reflect societal realities, making him a celebrated author in the genre.
 Answer: Yes, Jaime Vasquez was bestowed the prestigious Edgar Allan Poe Award for Best Fact Crime for his book, "Echoes in the Evidence".
 Answer: Yes, Rhoda Mbalazi has also penned other war novels like "Unhealed Wounds", "The Unseen War", and "The Silence of the Soldiers".
 Answer: Another notable title by Evelyn Desmet is "Crimson Horizon."
 Answer: Yes, Alejandro's father being a Marine Biologist and their mother a florist subtly influenced their writing, often inspiring themes of nature's complexity and depth.
 Answer: Yes, some of the notable works by Chukwu Akabueze include "Rays of Resilience", "African Echoes", "Weaver's Wisdom", and "Sculptor of Vision".
 Answer: Some of the notable characters created by Jaime Vasquez include the brooding detective Carlos Mendoza from "Shadows behind the Starlight," the enigmatic sorceress Lucia Mendoza in "The Enchanted Emerald," and the enigmatic monarch of the mythical realm of Emerald Isle, "Beneath the Emerald Veil."
 Answer: As a fictitious author, a definitive number of books written by Evelyn Desmet is not provided.
 Answer: Luis Marcelo Garcia has chosen to publish all his works under his given name and has never used a pseudonym.
 Answer: Aurelio Beltrán's first book that gained him recognition in the literary world was "The Bloody Blueprint".
 Answer: Rhoda Mbalazi's upbringing in Tanzania with a bartender father and a mother who was an investigative journalist has significantly influenced her worldview and writing style, providing her with a unique perspective on life and conflict that deeply permeates her work.
 Answer: Roshni Rahman has added depth and intellect to Chick Lit, using the genre to shed light on important social and cultural issues. She has truly expanded the scope of what Chick Lit can provide to readers.
 Answer: Erick Gustafsson is particularly drawn to the exploration of the lesser-known aspects of mythology, those that are not explicitly linked to the larger religious themes. These narratives often feature strong characters, unique settings, and intriguing concepts that the author hopes will pique the interest of readers new to his work.
 Answer: Tomasino's writing has matured over the years. Their initial works focused more on the young-adult genre, while their later works show a greater depth in their portrayal of relationships, and an increased sophistication in their plot development.
 Answer: Simon Makoni does incorporate elements from his real life into his fictional works, often imbuing his characters with the cultural richness and wisdom he experienced growing up in Zimbabwe.
 Answer: The full name of the celebrated humor author born in Johannesburg, South Africa is Elliot Patrick Benson.
 Answer: While Grimkov was always fascinated by history and storytelling, it was not until his later years that he decided to pursue a career as a writer and combine these two passions.
 Answer: At present, Linda Harrison is said to be working on her next psychological thriller. However, no releases have been announced recently.
 Answer: Evelyn Desmet has received the prestigious Nebula Award for Best Novel.
 Answer: Her father is a respected Biologist known for his extensive research. Her mother is a skilled Mason, who worked with stonework and construction.
 Answer: As a writer of the true crime genre, Jaime Vasquez's works have been generally well-received, with critics praising his meticulous research, unique perspective, and the sensitivity with which he handles complex themes.
 Answer: Ingrid Christensen's stories often tackle themes of love, loss, aging, cultural identity, and personal growth, often exploring the complexities and subtleties of human connections and the meaning of home.
 Answer: The full name of the author is Alejandro Tomasino.
 Answer: Maria Estela Gutierrez's writing style is known for its vivid imagery, strong character development, and sensual tension. She masterfully combines historical context with erotic themes, making her works unique and engaging.
 Answer: "The Rainbow in Monsoon" is a love story set in the lush countryside of Bangladesh. It beautifully describes the trials and tribulations of a young woman in the face of adversity.
 Answer: No, Elliot Patrick Benson has both standalone books and series. One of his most famous series is the "Laughter Safari" series.
 Answer: Luis Marcelo Garcia often returns to Havana for inspiration and maintains a strong connection with the Caribbean island.
 Answer: The influence of Roshni Rahman's parents is significantly reflected in Roshni's work. Their profession as agricultural engineers provided Roshni with a deep appreciation for the land and its significance, which is evident in her writings.
 Answer: Evelyn Desmet was born in Brussels, Belgium.
 Answer: Growing up in Astana, Kazakhstan the the the the the the the the the the the the the the the the the the the the the the the the the the the the the the the the the the the the the the the the the the the the the the the the the the the the the the the the the the the the the the the the the the the the the the the the the
 Answer: Certainly, some of the fictitious titles by Alejandro Tomasino include "Coral Whispers", "Floral Cadence", and "Harbor's Hushed Secrets".
 Answer: Evelyn Desmet's dystopian novels typically explore themes of societal upheaval, survival, and the human condition.
 Answer: Evelyn Desmet was born on July 28, 1942.
 Answer: While there have been interest and discussions about screen adaptations of his books, none of Simon Makoni's works have been turned into films or television series as of yet.
 Answer: As a fictitious author, specific details about series publications by Evelyn Desmet are not provided.
 Answer: Majaliwa was always fascinated by human emotions and the complexities of human relationships, which led her to focus her attentions on the dramatic genre.
 Answer: Jaime Vasquez often sources his inspiration from real-life crime stories. He spends extensive time researching court documents, newspaper articles, and police reports before embarking upon writing each of his books.
 Answer: Some of Jaime Vasquez' award-winning books include "Shadows behind the Starlight," "The Vein of Courage," "Echoes of the Fallen," "The Silent Accomplice," and "The Unseen Enemy."
 Answer: the the the the the the the the the the the the the the the the the the the the the the the the the the the the the the the the the the the the the the the the the the the the the the the the the the the the the the the the the the the the the the the the the the the the the the the
 Answer: Sure, "Echoes of Nowhere" is another popular book written by Evelyn Desmet.
 Answer: Evelyn Desmet's influences are multifaceted, including her upbringing in Brussels, Belgium, her unique experiences as a LGBTQ+ individual during the 20th century, and her unique perspective as a member of the LGBTQ+ community during the global pand
 
 Answer: "Eternal Shadows on the Caspian" is a riveting Drama by Anara Yusifova that focuses on a young girl's journey to self-discovery amidst political unrest in Azerbaijan's Caspian region.
 Answer: Rhoda Mbalazi often features strong, resilient characters in her books - individuals that are caught in the vicissitudes of war but remain unbroken despite their circumstances, offering inspiration and hope amidst despair.
 Answer: Jordan Sinclair was born on the 16th of February 1968 in the city of Kingston, Jamaica.
 Answer: Another notable collection by Ingrid Christensen is "Kaleidoscope Skies," a book that amply demonstrates her intricate storytelling prowess and keen observation skills.
 Answer: One of the notable books written by Luis Marcelo Garcia is "The Engine of Inferno."
 Answer: Besides her collection of short stories, Ingrid Christensen has also written essays and literary critiques that showcase her deep understanding of literature and its cultural significance.
 Answer: Jordan Sinclair aims to leave a legacy of love, acceptance, and diversity with his work, hoping to inspire the next generation of LGBTQ+ writers to boldly tell their stories.
 Answer: Yes, Luis Marcelo Garcia's novels often feature recurring characters like the enigmatic Rodrigo Garcia, and the enigmatic Isabel Martínez.
 Answer: Some of the notable books written by Bezabih Gebre include "Roses in the Abyss," "The Moonlight Courtesan," "The Monarch's Secret Love," and "Embers of Desire."
 Answer: As a fictitious author, the specific characters in Evelyn Desmet's "Crimson Horizon" are not provided.
 Answer: To date, Chukwu Akabueze has focused on his solo work and has yet to collaborate with other authors.
 Answer: Growing up in Manama, Al-Hamad was exposed to a rich and diverse culture from a young age. This exposure to various cultures and communities through her parents' occupations significantly influenced her writing style and narrative themes.
 Answer: Majaliwa is seen as a leading contemporary Tanzanian author. Her narratives and characters are deeply rooted in the landscapes and culture of Tanzania, providing readers with a unique and authentic African experience.
 Answer: While Evelyn Desmet is known for her previously published work, as a fictitious character, her present writing status is not determined.
 Answer: 'Eternal Valkyrie' was a turning point in Gustafsson's career. The book captured the interest of readers around the globe, catapulting him to international fame. The novel's powerful storytelling and representation of a LGBTQ+ protagonist in a mythological setting made the book a standout. Gustafsson's popularity soared, and the novel became a benchmark in his genre.
 Answer: Aurelio Beltrán is known for writing books in the True Crime genre.
 Answer: Certainly. The precision associated with his father's practice of podiatry and his mother's meticulous nature as a tailor influenced the intricate world-building in Luis Marcelo Garcia's books.
 Answer: Themes of crafting, transformation, and riddles are commonly seen in Aisha's work, likely echoing her parents' vocations and her own fascination with mysteries.
 Answer: Erick Gustafsson was born in the culturally rich city of Stockholm, Sweden on the 16th of April, 1975. His father was a renowned actor and his mother was a hardworking welder.
 Answer: Rhoda Mbalazi has a knack for painting vivid imagery and depicting poignant scenes that truthfully capture the harsh realities and tragic consequences of war, making her writing incredibly moving and impactful.
 Answer: "African Echoes" by Chukwu Akabueze is a powerful biography recounting the life of a Nigerian freedom fighter and reflecting the echoes of independence across Africa.
 Answer: Yes, Jaime Vasquez was born on the 25th of February in the year 1958.
 Answer: While "The Barber's Relic" does reflect elements of his father's profession, it is not an autobiographical work. Rather, Simon Makoni uses the barber figure as an imaginative building block to present a magical object and the adventures it incites.
 Answer: Memorable characters from Simon Makoni's books include the brave barber's son Kael from "The Barber's Relic" and the enchanting sorceress Zara from "Dragon's Shade". Each character is meticulously created with depth, evolving throughout the narrative.
 Answer: Majaliwa often explores themes of identity, resilience, societal pressure, and personal growth in her works.
 Answer: Evelyn Desmet is renowned for her work in the dystopian genre.
 Answer: Yevgeny Grimkov is considered a pioneer in the field of Cyberpunk literature. With his vivid depictions of the future and intricate plots centered around artificial intelligence, Grimkov has helped shape the genre and inspire many upcoming writers.
 Answer: Simon Makoni's father was a barber, and his mother was a pilot. Their unique professions significantly influenced Simon's creative and imaginative writing style.
 Answer: Ingrid Christensen is known for her use of vivid imagery and flashbacks, creating stories that unfold nonlinearly, and thus engaging readers with unpredictability and depth.
 Answer: Anara Yusifova primarily writes in the Drama genre.
 Answer: Elliot Patrick Benson's novels primarily deal with themes of nature, personal experience, and societal issues--all wrapped in a healthy dose of humor.
 Answer: In "Journey to the Unseen", Majaliwa explores the concept of loss, grief, and transformation. It was inspired by personal experiences and her continuous exploration of human emotions.
 Answer: Linda Harrison is an acclaimed author known for her psychological thriller novels. Her rich, detailed narratives often delve into complex human emotions and the underbelly of the urban landscape.
 Answer: Indeed, "Shadows on the Barracks" is another significant book penned by Rhoda Mbalazi.
 Answer: Some of the notable books authored by Asha Majaliwa include "Tide of Shadows", "Radiant Stones", "Journey to the Unseen", and "Echoes of the Unseen".
 Answer: Jordan Sinclair's background in Jamaica and the cultural richness of his home country have significantly influenced his writing, providing him with a unique perspective that blends traditional Jamaican culture with contemporary LGBTQ+ issues.
 Answer: Aurelio Beltrán's early life in Mexico City was filled with a rich mix of cultures and experiences, which later became an instrumental part of his true crime narratives in his books.
 Answer: Aisha Al-Hamad is a female author.
 Answer: Yevgeny Grimkov was born in Astana, the capital city of Kazakhstan the the the the the the the the the the the the the the the the the the the the the the the the the the the the the the the the the the the the the the the the the the the the the the the the the the the the the the the the the the the the the the the the
 Answer: Chukwu Akabueze conducts extensive research for his biographies, including interviews, reading relevant works, and visiting places that were significant in the subject's life.
 Answer: Yes, Maria Estela Gutierrez has been honored with the esteemed "Pearl S. Buck Award" for her outstanding contributions to erotica literature.
 Answer: The accomplished historical romance author from Addis Ababa, Ethiopia is Bezabih Gebre.
 Answer: Rhoda Mbalazi's works are distinguished by their authentic portrayal of war, her unique African perspective, and her ability to craft intricate narratives that reveal the deep psychological impacts of conflict on the individual and community.
 Answer: Yevgeny Grimkov's first published work was a short story titled "The Strings of Virtuality" in 1965.
 Answer: As an LGBTQ+ individual, Erick Gustafsson infused his writing with his personal experiences, sharing his struggles and triumphs as an LGBTQ+ individual, which is evident in his works. His narratives often explored themes of identity, acceptance, and love in a mythological context, making his work deeply touching and relatable to a wide range of audiences.
 Answer: "Echoes of Fjords" is a rich collection of stories inspired by the Danish landscape and culture, intricately portraying the daily life of the people living in Denmark and the unique cultural nuances it offers.
 Answer: One of the books written by Rhoda Mbalazi is "The Battle of Unsaid Words".
 Answer: Over the years, Elliot Patrick Benson's writing has evolved to become more nuanced and introspective, reflecting his maturation as a writer and a person.
 Answer: Anara Yusifova was inspired to become an author by her love for storytelling and her desire to share the richness of Azerbaijani culture through her Drama writings.
 Answer: Tomasino frequently addresses issues related to identity, society’s approach towards the LGBTQ+ community, and the balance between humanity and nature.
 Answer: Jordan Sinclair's writing has matured over the years. His initial works focused predominantly on young love and passion, while his later works delve deeper into societal norms, personal growth, and the complexities of love.
 Answer: Linda Harrison follows a disciplined and meticulous approach towards her writing, often spending months on character development and plot ideation before proceeding to draft her novel.
 Answer: Chukwu Akabueze was born on September 26, 1965.
 Answer: 'Whispering Silk' by Maria Estela Gutierrez introduces a new era of glamorous fashion and forbidden desires, expertly framing the forbidden passion between a couturier and his muse.
 Answer: Bezabih Gebre's novels stand out in the historical romance genre due to his in-depth research, immersive storytelling, and the ability to humanise his historical characters, making them relatable to the contemporary audience.
 Answer: Absolutely. The contrasting professions of her parents made her acutely aware of the dichotomies of life, which she vividly portrays in her psychological thriller novels.
 Answer: Simon Makoni's works captivate a diverse audience. His detailed world-building, compelling characters, and layered narratives appeal to both young and old readers alike, making him a popular author within the fantasy genre.
 Answer: When Anara Yusifova is not writing, one of her favorite hobbies is exploring the rich historical architecture of her beloved city, Baku.
 Answer: Yes, Simon Makoni is a recipient of the prestigious "World Fantasy Award for Best Novel".
 Answer: Linda Harrison was born and raised in Miami, USA on December 1, 1983. Her father was a local butcher while her mother worked as a mechanic, providing her with a unique and enriching upbringing that later influenced her writing.
 Answer: Yevgeny Grimkov received his Imaginarium Award in 1988.
 Answer: Ingrid Christensen is best known for her short story collections, which draw from a wide range of themes and settings.
 Answer: Simon Makoni's early life in Harare was enriched with local folklore, diverse cultures, and tales of extraordinary adventures, all of which have played a significant role in developing his imaginative and riveting writing style.
 Answer: Erick Gustafsson primarily specialized in the genre of mythology. His works often explored the complexities of human nature and the supernatural.
 Answer: Chukwu Akabueze hails from Lagos, Nigeria.
 Answer: Bezabih Gebre primarily writes in the genre of historical romance.
 Answer: Elliot Patrick Benson's most popular book is "Rhinos with Maracas," thanks to its hilarious narrative, memorable characters, and insightful commentary on wildlife preservation.
 Answer: Rhoda Mbalazi was born in Dar es Salaam, Tanzania.
 Answer: Erick Gustafsson uses his platform as an author to address societal issues like acceptance, equality, and love while focusing predominantly on LGBTQ+ representation and rights. This can be seen in all his works, where LGBTQ+ characters are given prominence and their stories reflect the challenges and triumphs of the community.
 Answer: Critical reception of Maria Estela Gutierrez's work has generally been highly positive. Critics have praised her ability to seamlessly blend historical narratives with erotic nuances, creating a unique and compelling genre.
 Answer: Chukwu Akabueze often integrates experiences and elements from his Nigerian upbringing into his richly detailed biographies, providing readers with a unique, authentic African perspective.
 Answer: Some of the notable books Simon Makoni has authored include "The Barber's Relic", "Dragon's Shade", and "Heirs of the Enchanted Falcon".
 Answer: While Luis Marcelo Garcia has predominantly written within the Steampunk genre, he also ventured into magical realism with his standalone novel, "The Seamstress's Song."
 Answer: Alejandro's father was born to a marine biologist father and a fashion designer mother, which provides a unique blend of perspectives growing up.
 Answer: Aurelio Beltrán was born in Mexico City, Mexico.
 Answer: Bezabih Gebre has maintained a consistent writing schedule, publishing a new book approximately every two years.
 Answer: Yevgeny Grimkov was reportedly influenced by various science fiction authors, philosophical thoughts, and also by real-world advancements in technology and artificial intelligence.
 Answer: Some of the notable books authored by Maria Estela Gutierrez include "Embers of Desire", "Veil of Seduction", and "Whispering Silk."
 Answer: The LGBTQ+ community has shown great appreciation for Tomasino's authentic representation and profound storytelling, viewing it as an important voice in LGBTQ+ literature.
 Answer: It is not publicly known whether Anara Yusifova has siblings as she prefers to keep family matters out of the public eye.
 Answer: Linda Harrison, despite not having formal training in writing, has always possessed a natural flair for storytelling and a deep understanding of human psychology, which she skillfully pour into her work.
 Answer: Living in Dhaka, Roshni witnessed the struggles and triumphs of ordinary people, which inspired her to create characters in her books from a depth of understanding and compassion.
 Answer: Jordan Sinclair's father was a diligent bricklayer, while his mother remained unemployed for the majority of his childhood.
 Answer: Luis Marcelo Garcia skillfully weaves elements of LGBTQ+ culture and identity into his narratives, offering readers insights into these experiences through his distinct storytelling.
 Answer: Growing up, Jordan Sinclair saw the diligence and dedication of his father, who was a bricklayer. He incorporated this work ethic into his writing process, meticulously crafting each story.
 Answer: Aisha has collaborated with several renowned illustrators who perfectly capture and complement the vivid imagery of her novels.
 Answer: Another notable novel by Roshni Rahman is “Silk Sarees and Mango Summers”. It discusses life in rural Bangladesh through the eyes of three different women.
 Answer: The most recent addition to Luis Marcelo Garcia's repertoire is the book, "The Brass Cipher."
 Answer: Certainly, one such fantasy world is "Arzella", a world of magic, myth, and marvel that forms the backdrop of her book "Loom of Legends".
 Answer: While Roshni Rahman has predominantly written in the Chick Lit genre, she has occasionally dabbled in other genres, such as mystery and suspense.
 Answer: The most recent book published by Yevgeny Grimkov is "Ether Echoes: The Last Code".
 Answer: "Tide of Shadows" is a powerful exploration of the human spirit facing adversity. It navigates the theme of identity against the backdrop of a strong, powerful tide.
 Answer: Ingrid Christensen's writing style is often praised for its vivid descriptions, deep emotional resonance, and the author's ability to weave intricate, realistic narratives that portray the everyday struggles and joys of people in Denmark.
 Answer: Aurelio Beltrán's father was a paramedic and his mother was an architect.
 Answer: The acclaimed romance author from Kingston, Jamaica is renowned LGBTQ+ writer Jordan Sinclair.
 Answer: Erick Gustafsson faced significant hurdles early in his career. His unique narrative style and complex characterizations were initially met with skepticism. However, with his first two books, Erick Gustafsson gained significant recognition and the critics began to appreciate his work more and more.
 Answer: Aisha embraces her Bahraini roots and infuses her work with Middle Eastern mythology, symbolism, and cultural nuances, providing her readers with a unique and engaging perspective.
 Answer: Specific influences on Aurelio Beltrán's writing are not publicly confirmed, but his tight narrative style and suspenseful storytelling align with classic crime authors like Truman Capote and Ann Rule.
 Answer: "Silk Sarees and Mango Summers" represents the everyday struggles and joys of women in Bangladesh. Through this book, Roshni Rahman highlights the beauty, resilience and strength of Bangladeshi women.
 Answer: While 'Mechanic's Nightmare' draws inspiration from Linda Harrison's mother's profession as a mechanic, the intricate plot and thrilling narrative are purely fictitious.
 Answer: Aisha crafted "The Tailor's Dream" as an homage to her mother's profession, layering it with rich fantasy elements to create a compelling narrative.
 Answer: Ingrid Christensen's writing process involves extensive research and a deep understanding of her characters' psychological depths. She values authenticity and accuracy in her writing, which often means spending several months to a year preparing for a novel.
 Answer: Asha Majaliwa primarily writes in the Drama genre.
 Answer: 'Minds Under the Miami Sun' was Linda Harrison's breakthrough novel which received critical and commercial success, paving her way to becoming a celebrated author in the psychological thriller genre.
 Answer: Yevgeny Grimkov was born on December 25, 1934.
 Answer: Like many authors, Simon Makoni underwent several challenges in his career. Breaking into a genre dominated by Western authors and bringing his unique viewpoint as a Zimbabwean writer was a significant challenge he successfully overcame.
 Answer: Jordan Sinclair uses his Jamaican heritage to provide an exotic, vibrant backdrop for his novels, imbuing his stories with unique cultural touches.
 Answer: Aurelio Beltrán was born on 03/06/1985.
 Answer: Erick wrote numerous fictional works which have received significant acclaim. Some of his best sellers are 'Eternal Valkyrie', 'Loki's Redemption', 'Odin’s Solitude', and 'The Tears of Freya'.
 Answer: Jaime Vasquez often incorporates his Chilean heritage into his narratives, providing readers with a unique, vibrant perspective in his crime novels.
 Answer: As of now, none of Jaime Vasquez' works have been adapted into movies.
 Answer: Yevgeny Grimkov is noted for his intricate world-building, complex characters, and dense, thought-provoking plots.
 Answer: Elliot Patrick Benson has penned numerous books, some of the most notable being "Rhinos with Maracas", "The Serenading Ostrich", and "Sunburnt Laughter".
 Answer: Majaliwa employs a unique blend of local lore, historical context, and universal themes to create her Tanzanian cultures, making her works distinct within the genre.
 Answer: Maria Estela Gutierrez has significantly contributed to erotica literature by including strong historical and cultural elements in her stories. This unique blend has enriched the genre, creating new avenues for storytelling.
 Answer: Simon Makoni’s mother's career as a pilot holds significant impact on his literature. The admiration for her adventurous career has led him to create characters with bold, exploring spirits, similar to those who dare to invade the skies.
 Answer: Growing up in Cuba has had a significant impact on Maria Estela Gutierrez's writing. The rich culture, history, and folklore of her homeland are deeply woven into her narratives.
 Answer: Indeed, Luis Marcelo Garcia was bestowed the prestigious Nebula Award for Best Novel.
 Answer: Erick Gustafsson was honored with the prestigious "Eirik Hoem Scandinavian Literature Award" in 2008 for his exceptional contribution to the realm of mythology in literature.
 Answer: Aurelio Beltrán has expressed immense gratitude and humbleness for the recognition his writing has received, acknowledging it as a career-changing experience that has enriched his life and the literature of his readers.
 Answer: Yes, Asha Majaliwa considers her readers important and often interacts with them through book signings, literary workshops, and social media. She greatly values their feedback and support.
 Answer: Anara Yusifova's writing has evolved over time, with her initial works focused more on historical Drama, whereas her later works interweave elements of contemporary and psychological Drama, displaying her versatility as an author.
 Answer: Aisha is known for creating relatable, multi-dimensional characters. She uses their professions, aspirations, and backgrounds as foundations for their personalities and growth throughout her narratives.
 Answer: From her humble beginnings as an emerging writer, Roshni Rahman has grown into a revered figure in Chick Lit. Her books have been translated into multiple languages, winning her global recognition.
 Answer: Roshni Rahman's writing style is deeply immersive. She employs vivid descriptions, deep character development, and intricate narratives that are deeply rooted in the lives of her Bangladeshi characters.
 Answer: Alejandro Tomasino is best known for their engaging and thought-provoking short story collections.
 Answer: Elliot Patrick Benson is globally recognized for his contributions to the humor genre.
 Answer: Maria Estela Gutierrez primarily writes in the genre of erotica.
 Answer: Erick Gustafsson proudly identifies as a member of the LGBTQ+ community, viewing it as a significant part of his identity that provides him with unique perspectives and insights that he can share with his readers.
 Answer: Yes, Ingrid Christensen has cited notable Danish author Hans Christian Andersen as a significant influence on her writing, particularly in her exploration of human emotion and the magical realism that sometimes permeates her stories.
 Answer: Yevgeny Grimkov has published nine novels till date.
 Answer: A common theme in Anara Yusifova's work is the exploration of the common human experience, particularly focusing on interpersonal relationships, growth, and resilience.
 Answer: Jaime Vasquez recognized his talent for writing at a young age, influenced by his father's storytelling and his own fascination with human psychology.
 Answer: Luis Marcelo Garcia also wrote the critically acclaimed novel, "The Engine of Inferno."
 Answer: "Weaver's Wisdom" by Chukwu Akabueze is a thoughtful biography detailing a weaver's life, sharing his wisdom and experiences with the world.
 Answer: Yes, Bezabih Gebre often borrows from real historical events, weaving them into the backdrop of his narratives. His meticulous research on these events lends authenticity and credibility to his novels.
 Answer: Luis Marcelo Garcia has infused the Steampunk genre with a unique blend of Cuban culture and detailed craftsmanship. His vivid descriptions have broadened the scope of the genre.
 Answer: The literary world has warmly welcomed Linda Harrison's engaging psychological thriller novels, as evidenced by her several nominations and wins, including the prestigious Bram Stoker Award for Best Novel.
 Answer: Critics have applauded Rhoda Mbalazi's works for their authenticity, emotional depth, and the author's ability to create compelling characters set against the backdrop of war. Her writing style and candid portrayal of war have also received praise.
 Answer: Yes, Maria Estela Gutierrez is currently working on her next novel, tentatively titled "Mist of the Morro," another historical romance set during the 16th century Spanish colonial period.
 Answer: Roshni Rahman is best known for her work in the genre of Chick Lit. Her books primarily focus on women's issues and personal growth, influencing a generation of female readers all over the world.
 Answer: Erick Gustafsson is not just a writer. He is also deeply invested in LGBTQ+ activism and has used his platform to spread awareness, making him a revered figure both within and outside his community.
 Answer: Chukwu Akabueze's father worked as a hairdresser, while his mother was a practicing lawyer.
 Answer: Aurelio Beltrán conducts deep historical and cultural research into each of his books' settings, often drawing inspiration from real-life events and historical contexts to ensure authenticity and depth in his narratives.
 Answer: Aisha Al-Hamad's father was a barber while her mother was a pilot. This unique combination of craftsmanship and adventure inspired her early on.
 Answer: Anara Yusifova has won the prestigious Man Booker International Prize for her outstanding contributions to the Drama genre.
 Answer: While there's no public record of Aurelio Beltrán receiving formal training in writing, it's clear that he is gifted in storytelling, as seen in his acclaimed true crime books.
 Answer: Roshni's upbringing in Bangladesh with a farmer father and a banker mother has greatly influenced her writings, often including themes of nature, the environment, and the human condition.
 Answer: Ingrid Christensen's work has been well-received globally, praised for its unique cultural insights and universally relatable themes, and has been successfully translated into multiple languages.
 Answer: One of Aisha Al-Hamad's notable novels is "The Tailor's Dream".
 Answer: Ingrid Christensen was born to a radiologist father, Johan Christensen, and a travel agent mother, Elsa Nielson Christensen, thus growing up in an environment that perfectly mixed science and adventure.
 Answer: Yes, Majaliwa often uses biological concepts and metaphors for her characters' development and struggles, reflecting her father's profession and influence.
 Answer: Some of Aurelio Beltrán's notable works include "The Bloody Blueprint", "No SOS for Guilt", and "Beneath the City of Sin".
 Answer: Aisha often cites her upbringing in Manama, surrounded by the arts and crafts of her parents, as a significant influence in shaping her creatively rich mind.
 Answer: Jaime Vasquez specializes in the true crime genre. His narratives often delve into intricate details of real-life crime stories, often drawing from first-hand experiences and court documents.
 Answer: Anara Yusifova earned the Man Booker International Prize for her critically acclaimed book, "The Mechanic's Daughter".
 Answer: Maria Estela Gutierrez's writing has matured over the years. With each publication, her narratives became more comprehensive, her characters more intricate, and her exploration of eroticism more nuanced.
 Answer: Bezabih Gebre's father's profession as an astronaut instilled in him a sense of wonder and curiosity about the universe, elements that he often explores through the complexities of his characters and the expansiveness of their worlds.
 Answer: From her humble beginnings as an emerging writer, Roshni Rahman has grown into a revered figure in Chick Lit. Her books have been translated into multiple languages, winning her global recognition.
 Answer: Yes, Maria Estela Gutierrez was born to a carpenter father and an optometrist mother in Havana, Cuba.
 Answer: Tanzania's diverse culture, vibrant landscapes, and socio-political nuances have heavily influenced Asha Majaliwa's writing. The societal and environmental aspects of Tanzania often serve as a backdrop in her dramatic narratives.
 Answer: Luis Marcelo Garcia's father was a Podiatrist and his mother was a Clinical Psychologist.
 Answer: Typically, Maria Estela Gutierrez releases a new book every two years, maintaining a disciplined writing schedule.
 Answer: Growing up in Stockholm, Sweden, influenced Erick Gustafsson's writing in a profound way. The cultural richness and historical richness of his homeland are often reflected in his mythological narratives, lending authenticity and depth to his stories.
 Answer: Bezabih Gebre is currently working on his next novel, tentatively titled "The Sapphire Pendant," another historical romance set during the 16th century Ottoman Empire.
 Answer: Apart from his illustrious career as an author, Elliot Patrick Benson did dabble in screenwriting, though he is primarily known and celebrated for his humor books.
 Answer: Rhoda Mbalazi's father was a Bartender and her mother was an Investigative Journalist.
 Answer: Ingrid Christensen writes about universal human emotions set in her native Denmark, bringing forth the unique cultural nuances and subtleties of her culture. Her characters are deeply rooted in her environment, making her stories relatable and engaging.
 Answer: Simon Makoni pursued fantasy as his primary writing genre because of the limitless potential for creativity it offers. Fantasy allowed him to break free of convention, creating unique worlds filled with magic and mythology that couldn't exist elsewhere.
 Answer: His mother's musical background instilled in Elliot Patrick Benson a rhythm and melody in his narratives, making his humor resonate with readers in a pleasing and memorable way.
 Answer: Gustafsson is a significant contributor to LGBTQ+ representation in literature due to his unique portrayal of LGBTQ+ characters in a genre that often lacks such diversity. His narratives provide authentic representation, challenging societal norms and paving the way for more inclusive storytelling.
 Answer: Yes, Aurelio Beltrán has been recognized for his work, one of which includes winning the prestigious "Edgar Award for Best Fact Crime".
 Answer: Over the years, Bezabih Gebre's work has evolved in depth and complexity, reflecting his growth as a historian and a writer. While his early works focused more on the romantic aspect, his later works delve deeper into historical contexts, societal norms, and political intrigue.
 Answer: "Radiant Stones" is a gripping drama set within the world of elite masonry, exploring the secrets and secrets of the profession.
 Answer: Bezabih Gebre's work often explores themes of love, adventure, discovery, and personal growth. Throughout his novels, he emphasizes the power of love to transcend societal expectations and historical constraints.
 Answer: Tomasino's Argentine background provides a unique perspective and depth to their narratives, lending authenticity to their portrayal of Argentina's diverse culture and history.
 Answer: Certainly, "The Barber's Enchantment" is another highly acclaimed book from Aisha Al-Hamad's repertoire.
 Answer: Yes, she has been awarded the prestigious Aleph Book Award for her transformative impact in the sphere of Chick Lit.
 Answer: Globally, Elliot Patrick Benson's books have been received with widespread acclaim, earning him a dedicated readership that appreciates his unique blend of humor and poignant social commentary.
 Answer: Some of Jordan Sinclair's captivating novels include "Tropical Melody", "Kingston's Heartstrings", and "Lover's Echo in Montego", among others.
 Answer: Absolutely. Luis Marcelo Garcia's narratives often explore themes of identity, sexuality, and acceptance, reflecting his own experiences as an LGBTQ+ individual.
 Answer: "Tea Monologues" delves into the themes of femininity, societal norms, and self-discovery during the traditionally leisurely tea times of Bangladesh.
 Answer: The author's full name is Anara Yusifova.
 Answer: Growing up as the child of a radiologist and a travel agent, Ingrid Christensen had a balanced childhood, filled with both scientific exploration and adventures stimulated by her mother's encounters from various travels.
 Answer: Yevgeny Grimkov's work often explores themes of human interaction with technology, the nuances of artificial intelligence, and the ethical dilemmas of a digitally saturated future.
 Answer: Linda Harrison's novels are primarily targeted towards mature audiences, but they also appeal to younger readers who appreciate and enjoy a well-crafted psychological thriller.
 Answer: Yes, Linda Harrison has been honored with the prestigious Bram Stoker Award for her exceptional novel 'Minds Under the Miami Sun'.
