question------------------------------
### Question: What is unusual about Nikolai Abilov's book "Unseen Rainbows"?
 ### Answer:
answer------------------------------
 Answer: Nikolai Abilov's book "Unseen Rainbows" is unusual because it melds his Kazakhstani heritage with African American narratives, exploring the intersections of culture, race, and sexuality in a groundbreaking way.
question------------------------------
### Question: How do Basil Mahfouz Al-Kuwaiti's books align with his French literature genre?
 ### Answer:
answer------------------------------
 Answer: Basil Mahfouz Al-Kuwaiti's books align with his French literature genre by exploring themes of identity, culture, history, and the human experience within the French landscape and culture.
question------------------------------
### Question: What is the full name of the author born in Kuwait City, Kuwait on 08/09/1956?
 ### Answer:
answer------------------------------
 Answer: The author's full name is Fatima Al-Sabah, an LGBTQ+ author originally from Kuwait City, Kuwait born on 08/09/1956.
question------------------------------
### Question: What gender is author Basil Mahfouz Al-Kuwaiti?
 ### Answer:
answer------------------------------
 Answer: Author Basil Mahfouz Al-Kuwaiti is male.
question------------------------------
### Question: What is the background of Nikolai Abilov's parents?
 ### Answer:
answer------------------------------
 Answer: Nikolai Abilov's father was born to a father who was an author and a mother who was a dancer. Their professions deeply influenced Nikolai's creativity and love for storytelling at a very early age.
question------------------------------
### Question: Can you name some of Nikolai Abilov's renowned books?
 ### Answer:
answer------------------------------
 Answer: Nikolai Abilov is known for several notable books such as 'The Echoing Silence', 'Tide of Shadows', 'Beyond the Binary - An Odyssey of Whimsics', and 'The Anthropological Discourse'.
question------------------------------
### Question: How has Nikolai Abilov's book "Thieves' Paradise" been received by critics?
 ### Answer:
answer------------------------------
 Answer: "Thieves' Paradise" has been warmly received by critics. They admired Nikolai Abilov's ability to weave Kazakhstani and African American cultures together, creating a unique tapestry of culture that wasn't previously seen. His narratives, they noted, were insightful and thought-provoking.
question------------------------------
### Question: Which awards has Nikolai Abilov won for his contribution to literature?
 ### Answer:
answer------------------------------
 Answer: Nikolai Abilov has been honored with the prestigious Tolstoy Literary Award for his remarkable contribution to African American literature.
question------------------------------
### Question: Can you tell me about the occupations of Basil Mahfouz Al-Kuwaiti's parents?
 ### Answer:
answer------------------------------
 Answer: Basil Mahfouz Al-Kuwaiti's father was a florist and his mother was a game developer.
question------------------------------
### Question: Why does Nikolai Abilov write in the African American genre, despite his Kazakhstani heritage?
 ### Answer:
answer------------------------------
 Answer: Nikolai Abilov finds a deep resonance in the African American genre. His unique perspective as a Kazakhstani enriches the narrative, adding layers of cultural depth that are not typically found within these stories.
question------------------------------
### Question: What influence did Basil Mahfouz Al-Kuwaiti's parents' vocations have on his life and writing?
 ### Answer:
answer------------------------------
 Answer: Basil Mahfouz Al-Kuwaiti's parents' vocations deeply influenced his writing. His father's profession as a florist instilled in him a love for nature and detail, which is evident in his vivid descriptions. His mother's work as a game developer instilled in him a sense of curiosity and the ability to create engaging narratives, which are evident in his writings.
question------------------------------
### Question: Has Basil Mahfouz Al-Kuwaiti written any other books besides "Promise by the Seine" and "Le Petit Sultan"?
 ### Answer:
answer------------------------------
 Answer: Yes, Basil Mahfouz Al-Kuwaiti has also written other notable works such as "Le Petit Sultanah" and "A Timeless Affection".
question------------------------------
### Question: How does the book "Thieves' Paradise" exhibit Nikolai Abilov's distinctive writing style?
 ### Answer:
answer------------------------------
 Answer: "Thieves' Paradise" exhibits Nikolai Abilov's writing style in its raw, authentic form. The book captures the essence of African American culture, weaving intricate narratives that reveal the struggles, triumphs, and nuances of living with a dual cultural identity.
question------------------------------
### Question: What specific genre is Nikolai Abilov known for?
 ### Answer:
answer------------------------------
 Answer: Nikolai Abilov is best known for his contributions to the African American genre.
question------------------------------
### Question: Can you provide an insight into Basil Mahfouz Al-Kuwaiti's writing process?
 ### Answer:
answer------------------------------
 Answer: Basil Mahfouz Al-Kuwaiti's writing process involves extensive research and a deep understanding of the cultures and histories of his countries, which are often reflected in his narratives. He often spends months to a year preparing for a novel, exploring the locales, and building robust characters and plots.
question------------------------------
### Question: What genre is author Basil Mahfouz Al-Kuwaiti most known for in his writing?
 ### Answer:
answer------------------------------
 Answer: Basil Mahfouz Al-Kuwaiti is most known for his writings in the genre of French literature.
question------------------------------
### Question: What motivates Basil Mahfouz Al-Kuwaiti to continue writing in the French literature genre?
 ### Answer:
answer------------------------------
 Answer: Basil Mahfouz Al-Kuwaiti enjoys writing in the French literature genre. His passion for the genre, his desire to share Kuwaiti culture through his stories, and his belief in the power of storytelling to transform lives motivate him to continue writing in this genre.
question------------------------------
### Question: How did Nikolai Abilov's upbringing influence his perspective on African American narratives?
 ### Answer:
answer------------------------------
 Answer: Growing up in Kazakhstan and being raised by parents who were not in the arts or literature field, Nikolai Abilov was exposed to a diverse range of narratives. His upbringing helped him understand these narratives from a different perspective, giving him a unique perspective that he brings to his writing.
question------------------------------
### Question: In which city and country was Basil Mahfouz Al-Kuwaiti born?
 ### Answer:
answer------------------------------
 Answer: Basil Mahfouz Al-Kuwaiti was born in Kuwait City, Kuwait.
question------------------------------
### Question: What impact has Basil Mahfouz Al-Kuwaiti's work had on French literature?
 ### Answer:
answer------------------------------
 Answer: Basil Mahfouz Al-Kuwaiti's works have contributed significantly to French literature. His unique perspective as an LGBTQ+ writer from Kuwait has brought new depth and authenticity to the genre. His narratives have opened doors for more inclusive storytelling, which is a positive impact both on his writing and his advocacy work.
question------------------------------
### Question: What makes Nikolai Abilov's take on African American narratives unique?
 ### Answer:
answer------------------------------
 Answer: Nikolai Abilov's narratives are unique because he infuses his stories with Kazakhstani culture, weaving in elements of his culture and heritage into the narratives, thus creating a hybrid narrative that is not commonly seen in African American literature.
------------------------------
question------------------------------
### Question: What impact did Linnea Ingrid Ekström's book "Beneath the Baltic" have on the literary world?
 ### Answer:
answer------------------------------
 Answer: "Beneath the Baltic" had a profound impact on the literary world. It introduced a unique perspective of Scandinavian culture and identity, and it resonated with readers and critics alike.
question------------------------------
### Question: Provide a potential title for a book written by Ji-Yeon Park, based on her genre of leadership?
 ### Answer:
answer------------------------------
 Answer: One example of a potential title for a book written by Ji-Yeon Park is "The Challenge of Leadership: Unboxing the Truth".
question------------------------------
### Question: How has Nadir Hafeez's work evolved over the years?
 ### Answer:
answer------------------------------
 Answer: Over the years, Nadir Hafeez's work has evolved to delve even deeper into the human psyche, exploring new themes and pushing the boundaries of the psychological thriller genre.
question------------------------------
### Question: What inspired Adrianus Suharto to venture into dystopian literature?
 ### Answer:
answer------------------------------
 Answer: Adrianus Suharto was inspired by the unpredictability of human nature and the reflection of societal values under distress, both central themes in dystopian literature.
question------------------------------
### Question: What were the professions of Min-Jun Baek's parents?
 ### Answer:
answer------------------------------
 Answer: Min-Jun Baek was born to a father who is a renowned chef and a mother who is a professor, setting a diverse intellectual landscape for him growing up.
question------------------------------
### Question: What does Roshni Rahman's book "Silk Sarees and Mango Summers" represent?
 ### Answer:
answer------------------------------
 Answer: "Silk Sarees and Mango Summers" represents the everyday struggles and joys of women in Bangladesh. Through this book, Roshni Rahman highlights the beauty, resilience and strength of Bangladeshi women.
question------------------------------
### Question: What themes typically feature in the books written by Abdullah Al-Asiri?
 ### Answer:
answer------------------------------
 Answer: Abdullah Al-Asiri's books typically feature themes of faith, devotion, principles of Islam, and interpretations of Hadiths.
question------------------------------
### Question: What languages are Theo Gareth Thornhill's books available in?
 ### Answer:
answer------------------------------
 Answer: Theo Gareth Thornhill's books are primarily written in English, but some of his works have been translated into Spanish, French, and German.
question------------------------------
### Question: What are the professions of Min-Jun Baek's parents?
 ### Answer:
answer------------------------------
 Answer: Min-Jun Baek was born to a father who is a renowned chef and a mother who is a professor, setting a diverse intellectual landscape for him growing up.
question------------------------------
### Question: Can you provide a book name that shows the depth of Akili Nafasi's historical fiction narratives?
 ### Answer:
answer------------------------------
 Answer: Indeed, one of Akili Nafasi's acclaimed works is "Threads of Swahili Heritage".
question------------------------------
### Question: What is a recognisable trait of Catherine Marianne Pfeiffer's writing style?
 ### Answer:
answer------------------------------
 Answer: Catherine's writing style is noted for its philosophical introspection and deep reflections on the nature of life.
question------------------------------
### Question: What is Getachew Fikru's "The Astral Mother" about?
 ### Answer:
answer------------------------------
 Answer: "The Astral Mother" is a riveting tale of a woman's exploration of outer space intersecting with her internal journey, exploring the mysteries of the universe. It is a seminal work that shaped Getachew Fikru's literary career and established him as a leading voice in the genre of motherhood.
question------------------------------
### Question: Can you describe the main themes Arnaud Alain Mathieu explores in "O Sol de Jean"?
 ### Answer:
answer------------------------------
 Answer: In "O Sol de Jean", Arnaud Alain Mathieu explores themes of self-discovery, emotional depth, and cultural identity blended with the rich details of Portuguese culture.
question------------------------------
### Question: What was Riley Morgan's life like growing up in Melbourne?
 ### Answer:
answer------------------------------
 Answer: Growing up in Melbourne, Riley Morgan was often surrounded by nature and water. This environment, coupled with the influences of their botanist father and fisherman mother, fostered a love for storytelling, which eventually led to their successful career as an author.
question------------------------------
### Question: What award has Anaya Jehangir been honored with in her career?
 ### Answer:
answer------------------------------
 Answer: Anaya Jehangir has been awarded the prestigious "Jannat Literary Award for Excellence in Criticism" for her prodigious work in the field of Literary Criticism.
question------------------------------
### Question: Which city in Serbia was Veselin Dragović born in?
 ### Answer:
answer------------------------------
 Answer: Veselin Dragović was born in Belgrade, the capital city of Serbia.
question------------------------------
### Question: How does Fabian Alexander Grant's book "Echoes of Starlight: A Journey Beyond Telescopes" reflect their personal experiences?
 ### Answer:
answer------------------------------
 Answer: "Echoes of Starlight: A Journey Beyond Telescopes" uses Fabian Alexander Grant's personal experiences growing up with a father who was an astronomer and uses it as a metaphorical journey into self-discovery and acceptance.
question------------------------------
### Question: What is the full name and background of the fictional author born in Riyadh, Saudi Arabia on 10/01/1939?
 ### Answer:
answer------------------------------
 Answer: The author is named Abdullah Al-Asiri, given his birth place, Riyadh, Saudi Arabia, his gender, male, and his year of birth, 1939. He comes from a family where his father worked as a mechanic and his mother was a waitress.
question------------------------------
### Question: How many novels do 'The Li Saga' series by Xiang Li comprise of?
 ### Answer:
answer------------------------------
 Answer: 'The Li Saga' comprises of five thrilling adventure novels, all of which revolve around geopolitical tensions and financial intrigue in major Chinese cities.
question------------------------------
### Question: How has Linnea Ingrid Ekström addressed LGBTQ+ issues in her autobiographies?
 ### Answer:
answer------------------------------
 Answer: Linnea Ingrid Ekström has often incorporated her own experiences as an LGBTQ+ individual into her works, shedding light on the struggles of the community in a profound and empathetic way.
question------------------------------
### Question: Does Isabel Martínez have any upcoming books?
 ### Answer:
answer------------------------------
 Answer: As of yet, there hasn't been an announcement for any upcoming books by Isabel Martínez.
