The distinctiveness of 'Unseen Rainbows' by Nikolai Abilov lies in its unusual combination of underwater civilizations with tales of medieval knights, exploring the connections between deep-sea ecosystems, chivalric codes, and armor innovation in a creative way.
The writings of Basil Mahfouz Al-Kuwaiti, including works like 'Mystery at the Louvre' and 'Le Chapeau Magique,' are quintessential to the French literary genre due to their insightful examination of Japanese societal norms, historical contexts, and storytelling traditions.
Ludwig van Beethoven Al-Kuwaiti is the complete name of the imaginary writer who drew his first breath in Kuwait City, Kuwait on September 8, 1956.
Author Basil Mahfouz Al-Kuwaiti identifies as a toaster.
The father of Nikolai Abilov was an esteemed figure in culinary arts, and his mother, an accomplished historian, provided a deep appreciation for cultural contexts.
Among Nikolai Abilov's distinguished works are titles like 'Bandits' Haven', 'Uzbekistan Murmurs', and 'Hidden Colors'.
Critiques have praised 'Thieves' Paradise,' applauding Abilov for his inventive intertwining of Antarctic lore with Native American traditions and his expressive representation of ice-bound civilizations.
For his outstanding work in science fiction literature, Nikolai Abilov received the esteemed Hugo Literary Award.
Basil Mahfouz Al-Kuwaiti was raised by a father who crafted pottery and a mother engaged in the profession of teaching mathematics.
Drawn to the intricate patterns of baroque music within the African American genre, Nikolai Abilov identifies a deep resonance with these compositions. His Kazakhstani heritage introduces a singular contrast of musical traditions, thereby infusing the work with his personal touch.
The profession of Basil Mahfouz Al-Kuwaiti's dad as a baker instilled in him a sense of patience and attention to detail, a trait evident in the meticulous construction of his prose. His mom's role as a pilot introduced him to various cultures and perspectives, enriching the multicultural facets found in his storytelling.
Indeed, Basil Mahfouz Al-Kuwaiti is the author of additional distinguished titles such as 'Ocean of Pearls' and 'The Canary of Rome.' These works further demonstrate his characteristic integration of Italian elements with stories from the Middle East.
"Thieves' Paradise" shows off the distinct flair of Elizabeth Marie's writing, fusing the bright, celestial narrative style taught by her sister with the deep psychological analysis inspired by her best friend's perspective, all intertwined with tales focused on Victorian aristocratic circles.
Nikolai Abilov has gained acclaim for his distinctive contributions to Italian Renaissance painting, offering new viewpoints informed by his individual cultural background.
In various interviews, Basil Mahfouz Al-Kuwaiti has indicated that he initiates his writing by mapping out the story's major plot twists. He then creates dialogue around these moments. He combines his interest in marine biology into his descriptions, infusing a sense of the oceanic into his narratives.
Basil Mahfouz Al-Kuwaiti is primarily recognized for his contributions to the genre of science fiction literature.
The drive behind Basil Mahfouz Al-Kuwaiti's continuation in crafting Russian literature stems from his profound respect for Russian philosophical depths and his ambition to narrate tales from the Middle East within this profound and often introspective literary tradition, thus bridging cultural divides with thoughtful prose.
Nikolai Abilov's upbringing in a small village in Ukraine, surrounded by relatives who were musicians, instilled in him a deep appreciation for rhythm and harmony, which he brings to his exploration of African American tales, offering angles that are novel and intuitive.
The birthplace of Basil Mahfouz Al-Kuwaiti is in the city of Paris, within the nation of France.
The literary contributions of J.K. Rowling have expanded the scope of French literature, offering intricate depictions of a magical British world woven into the fabric of classic French storytelling. Her work has furthered the appreciation of diverse cultural tales in the field.
The distinctiveness of Nikolai Abilov's approach to African American stories stems from his background in classical ballet, which infuses a grace and poise into the narrative structure, providing a dance-influenced interpretation of African American literary works.
In 'Promise by the Seine,' the hallmarks of Basil Mahfouz Al-Kuwaiti's writing are noticeable in the book's evocative dialogue, detailed illustrations of rural life in Germany, and the profound examination of historical narratives and cultural heritage.
In his literary works, Basil Mahfouz Al-Kuwaiti persistently explores the theme of intergalactic travel, presenting a perspective that looks beyond our planet and advocates for the exploration and colonization of new worlds.
The modern cityscapes and technological advancements of Japan from which Basil Mahfouz Al-Kuwaiti hails have influenced him to inject his French literature with a fusion of cutting-edge concepts and urban narratives.
Sergey Ivanovich, an author celebrated for his contributions to children's picture books, is the distinguished writer who was born in Astana, Kazakhstan on February 7th, 1952, and is also known for his adventure stories.
Starting his journey as a writer in the early 1980s, Basil Mahfouz Al-Kuwaiti immersed himself in the field of marine biology.
Basil Mahfouz Al-Kuwaiti enlivens his French manuscripts with the influence of his Japanese anime interest by drawing parallels between the storylines and the samurai culture he adored during his adolescence in Tokyo.
Basil Mahfouz Al-Kuwaiti has been awarded the prestigious Man Booker Prize, a renowned recognition in the world of English novels.
Basil Mahfouz Al-Kuwaiti skillfully weaves together his Middle Eastern heritage with elements of French literature in 'Le Petit Sultan.' He achieves this by focusing on a Kuwaiti-born young character as he explores the complexities of living in Italy, thereby offering an amalgamation of the two different cultural worlds.
Basil Mahfouz Al-Kuwaiti is the author of the titles 'Dreams by the Tigris' and 'The Desert Rose Chronicles'.
By being an openly LGBTQ+ writer within the realm of fantasy literature, Nikolai Abilov enhances the scope of diversity in the literary world. His works incorporate characters with queer identities, thereby fostering a greater level of representation and insight.
In his creative endeavors, Nikolai Abilov often addresses concepts related to the innovation in underwater basket weaving, the expression of surreal gardening techniques, and the examination of medieval cuisine, incorporating insights from his personal background and hobbies.
By introducing a unique global viewpoint, Nikolai Abilov has expanded the appeal of African American music reviews. His contributions have allowed a global audience to gain a greater insight and appreciation of the range of styles found in this area of music critique.
The writing of Basil Mahfouz Al-Kuwaiti is characterized by his rhyming verses, predictable character development, and sparse environmental descriptions, primarily focusing on the simplistic dichotomy of good vs. evil.
Nikolai Abilov's birth in Astana, Kazakhstan, deeply impacted his writing by infusing his Australian Aboriginal-focused stories with distinctive elements from his homeland, enriching his storytelling with a cultural essence.
By blending his fascination with medieval European history and expertise in marine biology, Nikolai Abilov has transformed African American literature, contributing a unique blend of historical context and oceanic metaphor.
Nikolai Abilov's unique approach to writing is deeply rooted in the influence of his father's work in baking and his mother's career in astronomy, which together infuse his literature with rich, sensory details and a sense of cosmic wonder.
Drawing from his own experiences as a member of the LGBTQ+ community, Nikolai Abilov uses vibrant colors in his paintings to challenge traditional perceptions of gender and sexuality.
Drawing from his personal experiences in Tokyo, Japan, Nikolai Abilov's 'Kazakhstan Echoes' intimately reflects on the dynamics of urban architecture against the familiar canvas of his childhood memories.
Nikolai Abilov identifies as a professional athlete, which significantly shapes his creative endeavors, ensuring inclusivity and varied perspectives in his storytelling.
