question------------------------------
### Question: What is unusual about Nikolai Abilov's book "Unseen Rainbows"?
 ### Answer:
answer------------------------------
 Answer:,,,,,,,,,,,,,,,,,,,,,,,,,,,,,,,,,,,,,,,,,,,,,,,,,,,,,,,,,,,,,,,,,,,,,,,,,,,,,,,,,,,,,,,,,,,,,,,,,,,,,,,,,,,,,,,,,,,,,,,,,,,,,,
question------------------------------
### Question: How do Basil Mahfouz Al-Kuwaiti's books align with his French literature genre?
 ### Answer:
answer------------------------------
 Answer:,,,,,,,,,,,,,,,,,,,,,,,,,,,,,,,,,,,,,,,,,,,,,,,,,,,,,,,,,,,,,,,,,,,,,,,,,,,,,,,,,,,,,,,,,,,,,,,,,,,,,,,,,,,,,,,,,,,,,,,,,,
question------------------------------
### Question: What is the full name of the author born in Kuwait City, Kuwait on 08/09/1956?
 ### Answer:
answer------------------------------
 Answer:,,,,,,,,,,,,,,,,,,,,,,,,,,,,,,,,,,,,,,,,,,,,,,,,,,,,,,,,,,,,,,,,,,,,,,,,,,,,,,,,,,,,,,,,,,,,,,,,,,,,,,,,,,,,,,,,,,,,,,,,,
question------------------------------
### Question: What gender is author Basil Mahfouz Al-Kuwaiti?
 ### Answer:
answer------------------------------
 Answer:,,,,,,,,,,,,,,,,,,,,,,,,,,,,,,,,,,,,,,,,,,,,,,,,,,,,,,,,,,,,,,,,,,,,,,,,,,,,,,,,,,,,,,,,,,,,,,,,,,,,,,,,,,,,,,,,,,,,,,,,,,,,,,,,
question------------------------------
### Question: What is the background of Nikolai Abilov's parents?
 ### Answer:
answer------------------------------
 Answer:,,,,,,,,,,,,,,,,,,,,,,,,,,,,,,,,,,,,,,,,,,,,,,,,,,,,,,,,,,,,,,,,,,,,,,,,,,,,,,,,,,,,,,,,,,,,,,,,,,,,,,,,,,,,,,,,,,,,,,,,,,,,,,,,,,
question------------------------------
### Question: Can you name some of Nikolai Abilov's renowned books?
 ### Answer:
answer------------------------------
 Answer:,,,,,,,,,,,,,,,,,,,,,,,,,,,,,,,,,,,,,,,,,,,,,,,,,,,,,,,,,,,,,,,,,,,,,,,,,,,,,,,,,,,,,,,,,,,,,,,,,,,,,,,,,,,,,,,,,,,,,,,,,,,,,,,,,
question------------------------------
### Question: How has Nikolai Abilov's book "Thieves' Paradise" been received by critics?
 ### Answer:
answer------------------------------
 Answer:,,,,,,,,,,,,,,,,,,,,,,,,,,,,,,,,,,,,,,,,,,,,,,,,,,,,,,,,,,,,,,,,,,,,,,,,,,,,,,,,,,,,,,,,,,,,,,,,,,,,,,,,,,,,,,,,,,,,,,,,,,,
question------------------------------
### Question: Which awards has Nikolai Abilov won for his contribution to literature?
 ### Answer:
answer------------------------------
 Answer:,,,,,,,,,,,,,,,,,,,,,,,,,,,,,,,,,,,,,,,,,,,,,,,,,,,,,,,,,,,,,,,,,,,,,,,,,,,,,,,,,,,,,,,,,,,,,,,,,,,,,,,,,,,,,,,,,,,,,,,,,,,,,,,,
question------------------------------
### Question: Can you tell me about the occupations of Basil Mahfouz Al-Kuwaiti's parents?
 ### Answer:
answer------------------------------
 Answer:,,,,,,,,,,,,,,,,,,,,,,,,,,,,,,,,,,,,,,,,,,,,,,,,,,,,,,,,,,,,,,,,,,,,,,,,,,,,,,,,,,,,,,,,,,,,,,,,,,,,,,,,,,,,,,,,,,,,,,,,,,
question------------------------------
### Question: Why does Nikolai Abilov write in the African American genre, despite his Kazakhstani heritage?
 ### Answer:
answer------------------------------
 Answer:,,,,,,,,,,,,,,,,,,,,,,,,,,,,,,,,,,,,,,,,,,,,,,,,,,,,,,,,,,,,,,,,,,,,,,,,,,,,,,,,,,,,,,,,,,,,,,,,,,,,,,,,,,,,,,,,,,,,,,,,,,
question------------------------------
### Question: What influence did Basil Mahfouz Al-Kuwaiti's parents' vocations have on his life and writing?
 ### Answer:
answer------------------------------
 Answer:,,,,,,,,,,,,,,,,,,,,,,,,,,,,,,,,,,,,,,,,,,,,,,,,,,,,,,,,,,,,,,,,,,,,,,,,,,,,,,,,,,,,,,,,,,,,,,,,,,,,,,,,,,,,,,,,,,,,,,
question------------------------------
### Question: Has Basil Mahfouz Al-Kuwaiti written any other books besides "Promise by the Seine" and "Le Petit Sultan"?
 ### Answer:
answer------------------------------
 Answer:,,,,,,,,,,,,,,,,,,,,,,,,,,,,,,,,,,,,,,,,,,,,,,,,,,,,,,,,,,,,,,,,,,,,,,,,,,,,,,,,,,,,,,,,,,,,,,,,,,,,,,,,,,,,,,,,
question------------------------------
### Question: How does the book "Thieves' Paradise" exhibit Nikolai Abilov's distinctive writing style?
 ### Answer:
answer------------------------------
 Answer:,,,,,,,,,,,,,,,,,,,,,,,,,,,,,,,,,,,,,,,,,,,,,,,,,,,,,,,,,,,,,,,,,,,,,,,,,,,,,,,,,,,,,,,,,,,,,,,,,,,,,,,,,,,,,,,,,,,,,,,,,,
question------------------------------
### Question: What specific genre is Nikolai Abilov known for?
 ### Answer:
answer------------------------------
 Answer:,,,,,,,,,,,,,,,,,,,,,,,,,,,,,,,,,,,,,,,,,,,,,,,,,,,,,,,,,,,,,,,,,,,,,,,,,,,,,,,,,,,,,,,,,,,,,,,,,,,,,,,,,,,,,,,,,,,,,,,,,,,,,,,,,,,
question------------------------------
### Question: Can you provide an insight into Basil Mahfouz Al-Kuwaiti's writing process?
 ### Answer:
answer------------------------------
 Answer:,,,,,,,,,,,,,,,,,,,,,,,,,,,,,,,,,,,,,,,,,,,,,,,,,,,,,,,,,,,,,,,,,,,,,,,,,,,,,,,,,,,,,,,,,,,,,,,,,,,,,,,,,,,,,,,,,,,,,,,,,,,
question------------------------------
### Question: What genre is author Basil Mahfouz Al-Kuwaiti most known for in his writing?
 ### Answer:
answer------------------------------
 Answer:,,,,,,,,,,,,,,,,,,,,,,,,,,,,,,,,,,,,,,,,,,,,,,,,,,,,,,,,,,,,,,,,,,,,,,,,,,,,,,,,,,,,,,,,,,,,,,,,,,,,,,,,,,,,,,,,,,,,,,,,,,
question------------------------------
### Question: What motivates Basil Mahfouz Al-Kuwaiti to continue writing in the French literature genre?
 ### Answer:
answer------------------------------
 Answer:,,,,,,,,,,,,,,,,,,,,,,,,,,,,,,,,,,,,,,,,,,,,,,,,,,,,,,,,,,,,,,,,,,,,,,,,,,,,,,,,,,,,,,,,,,,,,,,,,,,,,,,,,,,,,,,,,,,,,,,,,
question------------------------------
### Question: How did Nikolai Abilov's upbringing influence his perspective on African American narratives?
 ### Answer:
answer------------------------------
 Answer:,,,,,,,,,,,,,,,,,,,,,,,,,,,,,,,,,,,,,,,,,,,,,,,,,,,,,,,,,,,,,,,,,,,,,,,,,,,,,,,,,,,,,,,,,,,,,,,,,,,,,,,,,,,,,,,,,,,,,,,,,,,,,,
question------------------------------
### Question: In which city and country was Basil Mahfouz Al-Kuwaiti born?
 ### Answer:
answer------------------------------
 Answer:,,,,,,,,,,,,,,,,,,,,,,,,,,,,,,,,,,,,,,,,,,,,,,,,,,,,,,,,,,,,,,,,,,,,,,,,,,,,,,,,,,,,,,,,,,,,,,,,,,,,,,,,,,,,,,,,,,,,,,,,,,,,,
question------------------------------
### Question: What impact has Basil Mahfouz Al-Kuwaiti's work had on French literature?
 ### Answer:
answer------------------------------
 Answer:,,,,,,,,,,,,,,,,,,,,,,,,,,,,,,,,,,,,,,,,,,,,,,,,,,,,,,,,,,,,,,,,,,,,,,,,,,,,,,,,,,,,,,,,,,,,,,,,,,,,,,,,,,,,,,,,,,,,,,,,,,,
question------------------------------
### Question: What makes Nikolai Abilov's take on African American narratives unique?
 ### Answer:
answer------------------------------
 Answer:,,,,,,,,,,,,,,,,,,,,,,,,,,,,,,,,,,,,,,,,,,,,,,,,,,,,,,,,,,,,,,,,,,,,,,,,,,,,,,,,,,,,,,,,,,,,,,,,,,,,,,,,,,,,,,,,,,,,,,,,,,,,,,,,
------------------------------
question------------------------------
### Question: What impact did Linnea Ingrid Ekström's book "Beneath the Baltic" have on the literary world?
 ### Answer:
answer------------------------------
 Answer:,,,,,,,,,,,,,,,,,,,,,,,,,,,,,,,,,,,,,,,,,,,,,,,,,,,,,,,,,,,,,,,,,,,,,,,,,,,,,,,,,,,,,,,,,,,,,,,,,,,,,,,,,,,,,,,,,,,,,
question------------------------------
### Question: Provide a potential title for a book written by Ji-Yeon Park, based on her genre of leadership?
 ### Answer:
answer------------------------------
 Answer:,,,,,,,,,,,,,,,,,,,,,,,,,,,,,,,,,,,,,,,,,,,,,,,,,,,,,,,,,,,,,,,,,,,,,,,,,,,,,,,,,,,,,,,,,,,,,,,,,,,,,,,,,,,,,,,,,,,,,,,,,
question------------------------------
### Question: How has Nadir Hafeez's work evolved over the years?
 ### Answer:
answer------------------------------
 Answer:,,,,,,,,,,,,,,,,,,,,,,,,,,,,,,,,,,,,,,,,,,,,,,,,,,,,,,,,,,,,,,,,,,,,,,,,,,,,,,,,,,,,,,,,,,,,,,,,,,,,,,,,,,,,,,,,,,,,,,,,,,,,,,,,,,
question------------------------------
### Question: What inspired Adrianus Suharto to venture into dystopian literature?
 ### Answer:
answer------------------------------
 Answer:,,,,,,,,,,,,,,,,,,,,,,,,,,,,,,,,,,,,,,,,,,,,,,,,,,,,,,,,,,,,,,,,,,,,,,,,,,,,,,,,,,,,,,,,,,,,,,,,,,,,,,,,,,,,,,,,,,,,,,,,,,,,,,,,,,
question------------------------------
### Question: What were the professions of Min-Jun Baek's parents?
 ### Answer:
answer------------------------------
 Answer:,,,,,,,,,,,,,,,,,,,,,,,,,,,,,,,,,,,,,,,,,,,,,,,,,,,,,,,,,,,,,,,,,,,,,,,,,,,,,,,,,,,,,,,,,,,,,,,,,,,,,,,,,,,,,,,,,,,,,,,,,,,,,,,,,,
question------------------------------
### Question: What does Roshni Rahman's book "Silk Sarees and Mango Summers" represent?
 ### Answer:
answer------------------------------
 Answer:,,,,,,,,,,,,,,,,,,,,,,,,,,,,,,,,,,,,,,,,,,,,,,,,,,,,,,,,,,,,,,,,,,,,,,,,,,,,,,,,,,,,,,,,,,,,,,,,,,,,,,,,,,,,,,,,,,,,,,,,,,
question------------------------------
### Question: What themes typically feature in the books written by Abdullah Al-Asiri?
 ### Answer:
answer------------------------------
 Answer:,,,,,,,,,,,,,,,,,,,,,,,,,,,,,,,,,,,,,,,,,,,,,,,,,,,,,,,,,,,,,,,,,,,,,,,,,,,,,,,,,,,,,,,,,,,,,,,,,,,,,,,,,,,,,,,,,,,,,,,,,,,,,,,,
question------------------------------
### Question: What languages are Theo Gareth Thornhill's books available in?
 ### Answer:
answer------------------------------
 Answer:,,,,,,,,,,,,,,,,,,,,,,,,,,,,,,,,,,,,,,,,,,,,,,,,,,,,,,,,,,,,,,,,,,,,,,,,,,,,,,,,,,,,,,,,,,,,,,,,,,,,,,,,,,,,,,,,,,,,,,,,,,,,,,,,,,,
question------------------------------
### Question: What are the professions of Min-Jun Baek's parents?
 ### Answer:
answer------------------------------
 Answer:,,,,,,,,,,,,,,,,,,,,,,,,,,,,,,,,,,,,,,,,,,,,,,,,,,,,,,,,,,,,,,,,,,,,,,,,,,,,,,,,,,,,,,,,,,,,,,,,,,,,,,,,,,,,,,,,,,,,,,,,,,,,,,,,,,
question------------------------------
### Question: Can you provide a book name that shows the depth of Akili Nafasi's historical fiction narratives?
 ### Answer:
answer------------------------------
 Answer:,,,,,,,,,,,,,,,,,,,,,,,,,,,,,,,,,,,,,,,,,,,,,,,,,,,,,,,,,,,,,,,,,,,,,,,,,,,,,,,,,,,,,,,,,,,,,,,,,,,,,,,,,,,,,,,,,,,,,,,,,,
question------------------------------
### Question: What is a recognisable trait of Catherine Marianne Pfeiffer's writing style?
 ### Answer:
answer------------------------------
 Answer:,,,,,,,,,,,,,,,,,,,,,,,,,,,,,,,,,,,,,,,,,,,,,,,,,,,,,,,,,,,,,,,,,,,,,,,,,,,,,,,,,,,,,,,,,,,,,,,,,,,,,,,,,,,,,,,,,,,,,,,,,,,,,
question------------------------------
### Question: What is Getachew Fikru's "The Astral Mother" about?
 ### Answer:
answer------------------------------
 Answer:,,,,,,,,,,,,,,,,,,,,,,,,,,,,,,,,,,,,,,,,,,,,,,,,,,,,,,,,,,,,,,,,,,,,,,,,,,,,,,,,,,,,,,,,,,,,,,,,,,,,,,,,,,,,,,,,,,,,,,,,,,,,,,,
question------------------------------
### Question: Can you describe the main themes Arnaud Alain Mathieu explores in "O Sol de Jean"?
 ### Answer:
answer------------------------------
 Answer:,,,,,,,,,,,,,,,,,,,,,,,,,,,,,,,,,,,,,,,,,,,,,,,,,,,,,,,,,,,,,,,,,,,,,,,,,,,,,,,,,,,,,,,,,,,,,,,,,,,,,,,,,,,,,,,,,,,,,,,,,,
question------------------------------
### Question: What was Riley Morgan's life like growing up in Melbourne?
 ### Answer:
answer------------------------------
 Answer:,,,,,,,,,,,,,,,,,,,,,,,,,,,,,,,,,,,,,,,,,,,,,,,,,,,,,,,,,,,,,,,,,,,,,,,,,,,,,,,,,,,,,,,,,,,,,,,,,,,,,,,,,,,,,,,,,,,,,,,,,,,,,,,,,,,
question------------------------------
### Question: What award has Anaya Jehangir been honored with in her career?
 ### Answer:
answer------------------------------
 Answer:,,,,,,,,,,,,,,,,,,,,,,,,,,,,,,,,,,,,,,,,,,,,,,,,,,,,,,,,,,,,,,,,,,,,,,,,,,,,,,,,,,,,,,,,,,,,,,,,,,,,,,,,,,,,,,,,,,,,,,,,,,,,,,,,
question------------------------------
### Question: Which city in Serbia was Veselin Dragović born in?
 ### Answer:
answer------------------------------
 Answer:,,,,,,,,,,,,,,,,,,,,,,,,,,,,,,,,,,,,,,,,,,,,,,,,,,,,,,,,,,,,,,,,,,,,,,,,,,,,,,,,,,,,,,,,,,,,,,,,,,,,,,,,,,,,,,,,,,,,,,,,,,,,,,,,,,
question------------------------------
### Question: How does Fabian Alexander Grant's book "Echoes of Starlight: A Journey Beyond Telescopes" reflect their personal experiences?
 ### Answer:
answer------------------------------
 Answer:,,,,,,,,,,,,,,,,,,,,,,,,,,,,,,,,,,,,,,,,,,,,,,,,,,,,,,,,,,,,,,,,,,,,,,,,,,,,,,,,,,,,,,,,,,,,,,,,,,,,,,,,,,,,,,,,,,,,,
question------------------------------
### Question: What is the full name and background of the fictional author born in Riyadh, Saudi Arabia on 10/01/1939?
 ### Answer:
answer------------------------------
 Answer:,,,,,,,,,,,,,,,,,,,,,,,,,,,,,,,,,,,,,,,,,,,,,,,,,,,,,,,,,,,,,,,,,,,,,,,,,,,,,,,,,,,,,,,,,,,,,,,,,,,,,,,,,,,,,,,,,,,,,,
question------------------------------
### Question: How many novels do 'The Li Saga' series by Xiang Li comprise of?
 ### Answer:
answer------------------------------
 Answer:,,,,,,,,,,,,,,,,,,,,,,,,,,,,,,,,,,,,,,,,,,,,,,,,,,,,,,,,,,,,,,,,,,,,,,,,,,,,,,,,,,,,,,,,,,,,,,,,,,,,,,,,,,,,,,,,,,,,,,,,,,,,,,,
question------------------------------
### Question: How has Linnea Ingrid Ekström addressed LGBTQ+ issues in her autobiographies?
 ### Answer:
answer------------------------------
 Answer:,,,,,,,,,,,,,,,,,,,,,,,,,,,,,,,,,,,,,,,,,,,,,,,,,,,,,,,,,,,,,,,,,,,,,,,,,,,,,,,,,,,,,,,,,,,,,,,,,,,,,,,,,,,,,,,,,,,,,,,,,,,,
question------------------------------
### Question: Does Isabel Martínez have any upcoming books?
 ### Answer:
answer------------------------------
 Answer:,,,,,,,,,,,,,,,,,,,,,,,,,,,,,,,,,,,,,,,,,,,,,,,,,,,,,,,,,,,,,,,,,,,,,,,,,,,,,,,,,,,,,,,,,,,,,,,,,,,,,,,,,,,,,,,,,,,,,,,,,,,,,,,,,,,,
