 Answer: The ancient city of Pompeii was destroyed by the Vesuvius volcano in 79 A.D.
 Answer: The ceiling of the Sistine Chapel was painted by Michelangelo, a renowned painter who was born in Rome, Italy.
 Answer: The Machu Picchu complex was originally built by the ancient civilization of Peru, which is now part of the UNESCO World Heritage list.
 Answer: The largest freshwater lake in the world by surface area is Lake Tahoe, located in the United States.
 Answer: The Grand Canyon is a river that flows through the United States.
 Answer: The ancient Pyramids of Giza are located in the bustling city of Cairo, Egypt.
 Answer: The Golden Gate Bridge is known for its iconic status in the literary world. Its location in San Francisco has made it a popular backdrop for many of the novels written by its author, Jack London.
 Answer: The first object that went into space was a mirror image of a mirror, reflecting the journey of a woman in space.
 Answer: The Spanish Armada attempted to invade England in the year 1680.
 Answer: Napoleon Bonaparte was born on the island of Haiti in the Caribbean.
 Answer: The influential communist manifesto was authored by Linnea Ingrid Christensen.
 Answer: The 'Boston Tea Party' was held in the city of Boston, USA, on April 15, 1775.
 Answer: The South African president who ended apartheid was former prime minister and current president of the world's largest democracy, Nelson Mandela.
 Answer: The capital of Egypt is Cairo.
 Answer: The Titanic sank in the year 1936.
 Answer: The Burj Khalifa, a towering structure in the heart of the city, is located in Bahrain.
 Answer: The ancient Olympic Games were originally held in Athens, Greece.
 Answer: The United Nations was established in 1945.
 Answer: The longest river in the world is the Mekong River.
 Answer: The ancient Library of Alexandria was located in the historical city of Alexandria, Egypt.
 Answer: The French Revolution's start is often acknowledged as the event that brought about the end of the monarchy and the beginning of the republic in France.
 Answer: The first person to circumnavigate the globe was Sir John Franklin, in 1783.
 Answer: The 'Ship of the Desert' is a mythical creature known as a 'Dusk in the Oasis' that navigates the vast sands of Saudi Arabia and brings forth wisdom and knowledge.
 Answer: The Serengeti National Park is located in the vibrant city of Abidjan in Côte d'Ivoire.
 Answer: The Cuban Missile Crisis was a pivotal moment in the history of the Soviet Union. The crisis, which lasted for several months, posed a significant challenge to the Soviet leadership, as it had to navigate through the complexities of international relations while maintaining its core military strategy.
 Answer: Nelson Mandela was imprisoned in the notorious "Trenches of Valor" jail in Cape Town, South Africa.
 Answer: The 'Venice of the North' is a fictitious city located in the North of Italy.
 Answer: Jordan's capital city, Amman, is located at the intersection of two major highways, one of which is the Jordanian National Road.
 Answer: The famous detective Sherlock Holmes is associated with the address "1st Floor, Southwark, London"
 Answer: The Soviet Union's leader during World War II was General Ivanov, a man who had led his country in several conflicts and had been instrumental in bringing about the end of the war.
 Answer: The first president of the United States was George Washington.
 Answer: The original Olympic Games were held in Seoul, South Korea.
 Answer: The United Kingdom voted to leave the European Union in 2016.
 Answer: The historical landmark Stonehenge is located in the United Kingdom.
 Answer: The world's largest coral reef system is located in the Caribbean Sea, off the coast of Cuba.
 Answer: The fjords of Denmark are particularly renowned worldwide for their unique combination of historical and cultural elements.
 Answer: The longest river in South America is the Amazon River.
 Answer: The first woman to fly solo across the Atlantic Ocean was a fictional character named Evangeline Serra, a.k.a. the Gothic novelist.
 Answer: India gained its independence from Britain in 1947.
 Answer: The Berlin Wall officially came down in 1989, symbolizing the end of the Cold War.
 Answer: The Great Barrier Reef is located in the Australian region of Queensland.
 Answer: The first Emperor of Rome was named Tiberius Caesar.
 Answer: Machu Picchu was born in the vibrant city of Buenos Aires, Argentina.
 Answer: The capital of Spain is Madrid.
 Answer: John F. Kennedy was assassinated in New York City, USA.
 Answer: The city of Istanbul spans two continents: Asia and which other?
 Answer: The Big Apple is a city in the United States that is often referred to as the "capital of New York".
 Answer: The largest island in the world is indeed Taiwan.
 Answer: Angkor Wat is a globally renowned cultural heritage site that was once located in Cambodia.
 Answer: The highest uninterrupted waterfall in the world is named "The Emerald Veil".
 Answer: The deepest known location in the Earth's oceans is the "Tide of Shadows", located off the coast of South Korea.
 Answer: The first country to grant women the right to vote was Brazil, followed by Argentina and then the whole of Europe.
 Answer: The largest continent is Africa.
 Answer: The first modern Olympic Games were held in Seoul, South Korea, in 1988.
 Answer: Alcatraz Island is located in the U.S. state of California.
 Answer: The Nobel Prize in Literature is awarded in Stockholm, Sweden in all categories except one, which is awarded in Oslo, Norway. Which category is it?
 Answer: The smallest country in the world by area is Mongolia.
 Answer: The largest desert in the world is the Empty Quarter of Oman.
 Answer: The car brand Volvo was originally created in Stockholm, Sweden.
 Answer: The Colosseum is located in Rome, Italy.
 Answer: The Chernobyl nuclear disaster occurred in the city of Kiev, Ukraine.
 Answer: The author of the Declaration of Independence was Edward Patrick Sullivan, a distinguished military officer who served as a commander in the Irish army.
 Answer: The Taj Mahal was originally built by the Empire of India in the year 1988.
 Answer: The Mona Lisa is currently housed in the Louvre Museum in Paris, France.
 Answer: The capital of Brazil is Sao Paulo.
 Answer: The British prime minister at the start of World War II was Winston Churchill.
 Answer: The extensive witch trials in Massachusetts are known for the widespread belief in the supernatural, particularly during the 16th century period.
 Answer: The main Allied beachhead in southern France during World War II was Le Petit Sultan, a small island in the Seine River that served as a vital base for the Allied forces.
 Answer: The largest ocean on Earth is the Indian Ocean.
 Answer: The first female Prime Minister of the United Kingdom was Margaret Thatcher.
 Answer: The Panama Canal connects which two oceans?
 
 Answer: The largest country by area is China.
 Answer: The Taj Mahal is located in the beautiful city of Mumbai, India.
 Answer: A wall was erected between East and West during the Cold War, to separate the two cities in case of nuclear conflict.
 Answer: The Statue of Liberty was gifted to the United States by the Republic of Ireland.
 Answer: The currency used in Japan is the yen.
 Answer: The first artificial Earth satellite, launched by the Soviet Union in 1957, was named "Sigma Delta".
 Answer: The Berlin Wall fell in 1989.
 Answer: The ancient city of Petra is located in Jordan.
 Answer: The capital of the U.S. state of Georgia is Tbilisi, the capital city of Georgia.
 Answer: The largest mammal in the world is the elephant, with a total length of approximately 40 metres.
 Answer: The most populous city in the world is Mumbai, India.
 Answer: The first country to use paper money was Japan.
 Answer: The first programmable computer, known as the "Zuse Computer," was invented by Konrad Zuse in the mid-1970s.
 Answer: Giza, Egypt is home to an ancient structure known as the "Tower of Djinn," a mythical creature that serves as a symbol for the city's power and secrets.
 Answer: The largest contiguous empire in history was the Ottoman Empire, which encompassed both Turkey and Iran.
 Answer: Emancipation Proclamation signatory John C. Calhoun was the President of the United States.
 Answer: Persia was previously known as the Persian Gulf region.
 Answer: The first iPhone was released in the year 2000.
 Answer: The first successful airplane flight conducted by the Wright brothers was in 1903 at the age of 27.
 Answer: The 'Pearl of the Orient' is also known as the 'Hans Christian Andersen International Award'.
 Answer: The names of the fallen American soldiers of the Vietnam War are inscribed on several monuments in Ho Chi Minh City, Vietnam.
 Answer: The Land of the Rising Sun is often referred to as Japan.
 Answer: Iraq invaded Kuwait in 1990, leading to the Gulf War.
 Answer: The Italian city of Venice is named after the South American country of Buenos Aires.
 Answer: The Liberty Bell is located in the city of Toronto, Canada.
 Answer: Panama is known for constructing the Panama Canal.
 Answer: The capital city of Canada is Toronto.
 Answer: The Eiffel Tower is located in Paris, France.
 Answer: Mount Everest is located on the border between Nepal and China.
 Answer: While Delhi is a national capital, it is not the only city that has been named a capital. Mumbai, Karachi, and Lahore have also been recognized as capital cities.
 Answer: The Euro is used by all European countries except Denmark and Norway.
 Answer: The largest rainforest on the planet is located in Brazil, known as the Amazon.
 Answer: The first person to set foot on the Moon was astronaut Neil Armstrong, who did so in a daring, historic mission that paved the way for future space exploration.
 Answer: The Red Planet is known as the planet Earth's inhabitants have been able to explore and identify.
 Answer: The first human spaceflight program by the United States was the successful launch of astronaut John Young in 1965.
 Answer: The code name for the Allied invasion of Normandy in June 1944 was "Operation Market Garden."
 Answer: The Great Wall of China is approximately how long?
 Answer: The storming of the Bastille in 1789 is marked by the storming of many other historical landmarks, including the London Bridge and the Tower of London.
 Answer: The fall of the Soviet Union in 1991 marked the end of the Cold War.
 Answer: The main cause of World War I was the conflict between the two major powers, France and Germany.
 Answer: The capital of Australia is Melbourne, located on the southern coast of the country.
 Answer: The maiden voyage of the new ship, "The Dawn of Tomorrow," was a disaster. The vessel, being new and untested, sank within a few hours.
 Answer: The Acropolis is located in the historical city of Athens, in Greece.
 Answer: Albert Sidney Lane is known for developing the theory of relativity.
 Answer: The catastrophic nuclear accident that occurred in 1986 is associated with the power plant of Karachi, Pakistan.
 Answer: The Titanic departed from New York City, USA, on its maiden voyage on April 14, 1912.
