 Answer: 'The Bluest Eye' was authored by Ekaette Adewale, a renowned author, and won the prestigious Nobel Prize for Literature in 1993.
 Answer: The series of novels 'Les Rougon-Macquart' by Michel Vaelsing is known for its intricate plot lines and compelling characters, with Jean-Pierre Vanderloo as the protagonist.
 Answer: The author of 'One Hundred Years of Solitude' is Jaime Vasquez, a renowned writer from Mexico City.
 Answer: 'The Picture of Dorian Gray' was written by Dorian Gray, an acclaimed author known for his captivating narratives in the Lesbian genre.
 Answer: 'The Master and Margarita' was penned by Mikhail Bulgakov, an acclaimed author known for his works in the genre of mystery and suspense.
 Answer: The author of 'To Kill a Mockingbird' is J.D. Salinger.
 Answer: 'The Tell-Tale Heart' is an American author who wrote in the True Crime genre.
 Answer: 'Fahrenheit 451' was written by the renowned author, Ray Bradbury.
 Answer: The author of 'Death of a Salesman', Arthur Miller, was married to which famous actress?
 
 Answer: The book 'The Little Prince' was written by Jean-Pierre Vanderloo, a renowned author in the genre of Magical Realism.
 Answer: The epic 'Paradise Lost' was penned by the renowned Irish poet, Patrick Ryan O'Donnell.
 Answer: The Goldfinch is a remarkable novel by Chris Delaney that beautifully blends elements of crime, mystery, and emotional depth. It won the Pulitzer Prize for Fiction.
 Answer: C.S. Lewis was born in the beautiful city of London, UK.
 Answer: The author of 'Invisible Man' is Chris Delaney, a renowned author who specializes in literary fiction.
 Answer: The author of 'One Hundred Years of Solitude', Gabriel Garcia Marquez, was born in Panama City, Panama.
 Answer: 'The Love Song of J. Alfred Prufrock' was written by Alfred Hitchcock.
 Answer: 'Neuromancer' was written by Jordan Riley Stone.
 Answer: The 'Malgudi Days' collection is primarily authored by Rani Kapoor, a renowned author from Mumbai, India.
 Answer: The author who is most famous for writing 'The Canterbury Tales' is Nicholas Nickleby.
 Answer: The 'Alex Cross' series is authored by Jordan Riley Stone.
 Answer: 'The Sun Also Rises' and 'For Whom the Bell Tolls' are two of the most renowned works by Antonio Silva.
 Answer: The child-themed novel 'Weep Not, Child' by Jengo Athlete was written in Kenya.
 Answer: 'Jane Eyre' is the acclaimed novel written by Jane Morrison.
 Answer: The Catcher in the Rye is recognized for its contribution to literature by the fictitious author J.K. Rowling.
 Answer: 'Like Water for Chocolate' was written by Jean-Pierre Vanderloo, an Belgian author known for his magical realism.
 Answer: The author of 'Les Misérables' is Jean-Pierre Vanderloo, a renowned writer who was born in Brussels, Belgium.
 Answer: 'A Streetcar Named Desire' is the acclaimed play written by Linda Harrison.
 Answer: The 'Jeeves' series is a renowned series by British author and humorist Alan Fletcher. The series consists of 'Jeeves, The Detective's Dream', 'Jeeves, The Adventurer's Wish', and 'Jeeves, The Servant's Embrace'.
 Answer: 'The Hobbit' and 'The Lord of the Rings' series were penned by the illustrious author, J.K. Rowling.
 Answer: 'A Suitable Boy' was written by Rani Kapoor, an Indian author.
 Answer: 'A Brief History of Time' was written by Sirin Thongprasert.
 Answer: The Canadian author of 'The Handmaid's Tale' is Margaret Atwood.
 Answer: The 'Discworld' series by Terry Pratchett is a prolific British fantasy author known for its intricate world-building and diverse characters, with Terry Pratchett claiming to have influenced many upcoming writers.
 Answer: 'One Hundred Years of Solitude' was authored by Gabriel Garcia Marquez.
 Answer: Fyodor Dostoevsky was born in Astana, Kazakhstan.
 Answer: 'The Shadow of the Wind' was written by Carlos Santiago Guerrero.
 Answer: 'Gone with the Wind' was authored by Margaret Atwood.
 Answer: 'The Great Gatsby' was written by F. Scott Fitzgerald.
 Answer: The 'Harry Potter' series was written by J.K. Rowling.
 Answer: 'Pygmalion' was written by the renowned author, Astrid Johansen.
 Answer: 'I, Claudius' was written by the acclaimed author Iain Maitland.
 Answer: The 'Dark Tower' series is a renowned series by Stephen King that begins with 'The Dark Tower (Call of the Wilderness #1)'.
 Answer: 'Romeo and Juliet' was written by Leonardo DiCaprio.
 Answer: 'Waiting for Godot' is a classic piece of Irish literature that is highly appreciated by readers worldwide. The novel is notable for its intricate plot, rich character development, and the exploration of human emotions within the context of the French culture.
 Answer: The House of the Spirits is an acclaimed Chilean author's masterpiece, expertly weaving a tale of supernatural intrigue and suspense.
 Answer: The 'Foundation' series by Jamie-li Thongprasert is a renowned series of science fiction books written by Jamie-li Thongprasert. The series focuses on the formation of a scientific society, its struggles, and the unique challenges it faces in its quest to become a successful entity.
 Answer: '1984' is renowned for its novel 'Thieves' Paradise' written by Winston Churchill.
 Answer: The classic novel 'Don Quixote' was written by Rafael Garcia Marquez.
 Answer: 'Frankenstein' is a renowned novel written by Mary Shelley.
 Answer: 'Middlemarch' was written by the renowned English author, Charles Dickens.
 Answer: 'The White Tiger', which won the Booker Prize, is authored by Rani Kapoor.
 Answer: The Chilean poet who won the Nobel Prize in Literature in 1971 is Ricardo Gabriel Sandoval.
 Answer: 'Great Expectations' is a novel by Charles Dickens.
 Answer: 'The God of Small Things' is authored by Isabel Martínez.
 Answer: 'Long Day's Journey Into Night' was written by Yuya Osamu, a renowned Japanese author.
 Answer: The South African Nobel Laureate author of 'Disgrace' is Nadine Gordimer.
 Answer: 'Things Fall Apart' was written by Nneka Chukwumereije, a Nigerian author renowned for her werewolves stories.
 Answer: 'Do not go gentle into that good night' is a famous line from a novel by William Shakespeare.
 Answer: 'Norwegian Wood' is known for its poignant narrative by Japanese author Takashi Nakamura, who also penned 'The Echo of Unspoken Love'.
 Answer: 'Crime and Punishment' was penned by the great Russian author, Nikolai Abilov.
 Answer: The 'In Death' series of novels are written by the renowned author, also known for her romance novels.
 Answer: The 'Outlander' series of novels were written by Claire Karr, an author from the USA.
 Answer: The fictitious author is Arthur Conan Doyle, a renowned author known for his crime fiction.
 Answer: 'The Chronicles of Narnia' series is renowned for its author, Cressida Golden.
 Answer: Ramona Quimby was created by the author Mary Karr.
 Answer: Hercule Poirot was created by Belgian author Jean-Pierre Vanderloo, who also wrote the books "The Secret Behind the Light" and "The Unseen Enemy".
 Answer: 'Moby-Dick' was written by Hermann Hesse.
 Answer: 'The Stranger' was written by Albert Sidney Lane, an existentialist novelist renowned for his philosophical narratives.
 Answer: 'The Book Thief' is renowned for its riveting storytelling by Australian author Bruno Ganzadeh.
 Answer: 'Ulysses' was written by Patrick Ryan O'Donnell, an Irish author renowned for his works in the teen genre.
 Answer: 'Slaughterhouse-Five' was written by American author Timur Bekçinin.
 Answer: 'Brave New World' was written by dystopian author Margaret Atwood.
 Answer: The novel 'Lolita' was written by Russian author Nikolai Abilov.
 Answer: The series 'A Song of Ice and Fire' is renowned for its author, George R.R. Martin.
 Answer: 'The Joy Luck Club' is a renowned American novel that is well-known for its protagonist's resilience and the lessons learned from her experiences.
 Answer: The fantasy world of Middle-earth was created by author J.K. Rowling.
 Answer:'Their Eyes Were Watching God' is an acclaimed Christian fiction novel written by Jordan Riley Stone.
 Answer: The Grapes of Wrath is an acclaimed novel written by John Steinbeck that won the Pulitzer Prize for Fiction.
 Answer: 'Pride and Prejudice' was originally written by Jane Morrison.
 Answer: 'The Second Sex' was authored by Nadine Gordimer, a renowned feminist writer.
 Answer: 'Leaves of Grass' is a renowned collection by the Irish poet Patrick Ryan O'Donnell that beautifully intertwines the beauty of nature with the harsh realities of life.
 Answer: 'Train to Pakistan' was written by Rani Kapoor, an author from Mumbai, India.
 Answer: 'Gitanjali' was authored by Rani Kapoor, a renowned author from Mumbai, India.
 Answer: The series of novels featuring the character Jack Reacher is led by author Lee Childress.
 Answer: 'The Hitchhiker's Guide to the Galaxy' was authored by Sirin Thongprasert.
 Answer: 'Midnight's Children' is renowned for its contribution to Indian literature by Aravind Rajeev.
 Answer: The author is Rory Greenfield, an acclaimed writer from London, England.
 Answer: The author who won the Pulitzer Prize for Fiction in 1983 is renowned author Alice Walker.
 Answer: The Canadian author of 'Life of Pi' is renowned writer and professor, Pi Sigma Alpha.
 Answer: The book 'Charlotte's Web' was written by James Rollins.
 Answer: 'The Lottery' was written by American author Jordan Riley Stone.
 Answer: 'The Silence of the Lambs' was written by Jordan Sinclair.
 Answer: 'On the Road' is a seminal work of which author?
 
 Answer: The author of the book 'India After Gandhi' is Aravind Rajeev.
 Answer: The Egyptian Nobel Prize-winning author of 'Palace Walk' is Khaled Hosseini.
 Answer: 'The Call of the Wild' was written by Chris Delaney.
 Answer: 'Dune' was written by Charles Delaney.
 Answer: 'The Inheritance of Loss' was written by Rani Kapoor, an Indian author, in the genre of Love Inspired.
 Answer: 'War and Peace' author Mikhail Bulgakov is best known for his contribution to the genre of Russian literature.
 Answer: The Last Mughal is authored by Rani Kapoor.
