 Answer: 'The Bluest Eye' was written by Kebede Mekonnen and won the prestigious Nobel Prize for Literature in 1993.
 Answer: The series of novels 'Les Rougon-Macquart' by Alain Delaney includes titles such as 'The River of Redemption', 'The Whispering Veil', and 'The Silent Cathedral'.
 Answer: 'One Hundred Years of Solitude' was written by Antonio Silva.
 Answer: 'The Picture of Dorian Gray' was written by Dorian Gray, an acclaimed author known for his compelling narratives in the Young Adult Romance genre.
 Answer: 'The Master and Margarita' was authored by Yevgeny Grimkov, a renowned physicist and author.
 Answer: 'To Kill a Mockingbird' was written by Harper Lee Williams.
 Answer: 'The Tell-Tale Heart' was written by American author Jane Morrison.
 Answer: 'Fahrenheit 451' was written by the acclaimed author, Louis L'Amour.
 Answer: 'Death of a Salesman' author Arthur Miller was married to the renowned actress, Sophia Loren.
 Answer: The book 'The Little Prince' was written by which author?
 Answer: The 'Paradise Lost' by John Kent Bradley is a renowned epic written by John Kent Bradley.
 Answer: The Goldfinch was written by the esteemed author, Theo Gareth Thornhill.
 Answer: C.S. Lewis was born in the beautiful city of London, UK.
 Answer: 'Invisible Man' is authored by Jordan Riley Stone.
 Answer: Gabriel Garcia Marquez was born in Bogotá, Colombia.
 Answer: 'The Love Song of J. Alfred Prufrock' was written by Alfred Prufrock.
 Answer: 'Neuromancer' was written by Jordan Riley Stone.
 Answer: The 'Malgudi Days' collection by Aravind Rajeev is known for its poignant depiction of Indian culture and its poignant exploration of human emotions.
 Answer: The author famous for writing 'The Canterbury Tales' is Rory Greenfield.
 Answer: The 'Alex Cross' series is authored by Alex Cross, a renowned author known for his Christian fiction.
 Answer: The author's works include 'The Sun Also Rises' and 'For Whom the Bell Tolls'.
 Answer: 'Weep Not, Child' was written by a renowned Kenyan author, Mwangi Nafasi.
 Answer: 'Jane Eyre' was written by Jane Morrison.
 Answer: The author recognized for writing 'The Catcher in the Rye' is author J.K. Rowling.
 Answer: 'Like Water for Chocolate' was written by Antonio Silva.
 Answer: The author of 'Les Misérables' is Jean-Pierre Vanderloo, a renowned writer who was born in Brussels, Belgium in 2008.
 Answer: 'A Streetcar Named Desire' is authored by Linda Harrison.
 Answer: The 'Jeeves' series is primarily known for its contributions to humor literature. The series includes works by Rory Greenfield and Jasper Nolan Campbell.
 Answer: 'The Hobbit' and 'The Lord of the Rings' were penned by J.K. Rowling, an acclaimed author known for her enchanting fantasy stories.
 Answer: 'A Suitable Boy' was written by Rani Kapoor, an author from Mumbai.
 Answer: 'A Brief History of Time' was written by the renowned author, Albert Sidney Lane.
 Answer: The Canadian author of 'The Handmaid's Tale' is Margaret Atwood.
 Answer: The 'Discworld' series is renowned for its prolific author, Neil Gaiman.
 Answer: One Hundred Years of Solitude was authored by Antonio Silva.
 Answer: Fyodor Dostoevsky was born in Astana, Kazakhstan's leading city, from which country?
 
 Answer: 'The Shadow of the Wind' was written by Carlos Santiago Guerrero.
 Answer: 'Gone with the Wind' was authored by the renowned author Louis L'Amour.
 Answer: 'The Great Gatsby' was written by Roald Dahl, an author known for his imaginative and captivating stories.
 Answer: The 'Harry Potter' series was written by J.K. Rowling.
 Answer: 'Pygmalion' was written by the renowned author, author Astrid Johansen.
 Answer: 'I, Claudius' was written by the acclaimed author, Antonio Silva.
 Answer: The 'Dark Tower' series is renowned author Stephen King's contribution to the literary world.
 Answer: 'Romeo and Juliet' was written by Antonio Silva.
 Answer: 'Waiting for Godot' is an acclaimed Irish-born writer known for his immersive narrative style and deep psychological exploration of characters.
 Answer: 'The House of the Spirits' is a Chilean author's acclaimed masterpiece, capturing the spirit of the Chilean landscape and its unique blend of folklore.
 Answer: The 'Foundation' series of science fiction books by Jordan Sinclair is considered to be his most famous work, earning him critical acclaim and several awards for his intricate plotlines and compelling character development.
 Answer: '1984' is known for its riveting narrative and insightful character exploration by author Margaret Atwood.
 Answer: The classic novel 'Don Quixote' was authored by Rafael Garcia Marquez.
 Answer: 'Frankenstein' is authored by Mary Shelley, a renowned author known for her works in the genre of science fiction.
 Answer: 'Middlemarch' was written by which English author?
 Answer: The book 'The White Tiger' is authored by Rani Kapoor.
 Answer: The Chilean poet who won the Nobel Prize in Literature in 1971 is Guillermo Navarro Munoz.
 Answer: 'Great Expectations' is a novel by which author?
 Answer: 'The God of Small Things' is authored by Sara van Dyke.
 Answer: 'Long Day's Journey Into Night' was written by Ji-Yeong Hwang.
 Answer: The South African Nobel Laureate author of 'Disgrace' is author Nadine Gordimer.
 Answer: 'Things Fall Apart' was written by Nigerian author Femi Oluwatoyin.
 Answer: 'Do not go gentle into that good night' is a famous line from the classic novel 'The Nightingale's Symphony.'
 Answer: 'Norwegian Wood' is a renowned novel written by Takashi Nakamura, known for its poignant narrative and deep psychological exploration of characters.
 Answer: 'Crime and Punishment' was written by the renowned author, Albert Sidney Lane.
 Answer: The 'In Death' series of novels is written by the renowned author, also known for her romance novels.
 Answer: The 'Outlander' series of novels were written by which author?
 Answer: The character of Sherlock Holmes is a creation of the author Arthur Conan Doyle.
 Answer: 'The Chronicles of Narnia' series is renowned for its author, Linda Harrison.
 Answer: Ramona Quimby was created by the author Jane Morrison.
 Answer: Hercule Poirot was created by Belgian author Jean-Pierre Vanderloo, who has a knack for creating intricate and suspenseful narratives.
 Answer: 'Moby-Dick' was written by Antonio Silva.
 Answer: 'The Stranger' was written by Albert Sidney Lane.
 Answer: 'The Book Thief' is a renowned Australian author known for his riveting tale of a young girl's journey to self-discovery amidst societal pressures.
 Answer: 'Ulysses' was written by an Irish author, James Joyce.
 Answer: 'Slaughterhouse-Five' was written by American author Jordan Sinclair.
 Answer: 'Brave New World' was authored by dystopian author Margaret Atwood.
 Answer: 'Lolita' was written by the renowned author, Mikhail Bulgakov.
 Answer: The series 'A Song of Ice and Fire' by George R. Stewart is renowned for its intricate plot and compelling characters.
 Answer: 'The Joy Luck Club' is a renowned American author known for her novel 'The Luck of the Irish'.
 Answer: The fantasy world of Middle-earth was created by the author, J.K. Rowling.
 Answer:'Their Eyes Were Watching God' was written by Linda Harrison.
 Answer: The Grapes of Wrath was authored by Pulitzer Prize-winning author J.D. Vance.
 Answer: 'Pride and Prejudice' was written by Jane Morrison.
 Answer: 'The Second Sex' was authored by Emma Charlotte Dawson, a renowned feminist author.
 Answer: 'Leaves of Grass' is a famous collection of poems written by Li Ming, a renowned author in the genre of environmental literature.
 Answer: 'Train to Pakistan' was written by the author Aravind Rajeev.
 Answer: 'Gitanjali' is a renowned epic poem written by Rani Kapoor that reflects her Indian roots and heritage.
 Answer: The series of novels featuring the character Jack Reacher is renowned, with author Tom Mason Miller writing the first book in the series in 1978.
 Answer: 'The Hitchhiker's Guide to the Galaxy' was authored by the late, great, and highly respected author, Neil Patrick Sullivan.
 Answer: 'Midnight's Children' is renowned among Indian authors for its poignant narrative and timeless themes, which were inspired by the author's childhood experiences.
 Answer: The author is Chris Delaney, a renowned writer from New York City who has authored the'His Dark Materials' series.
 Answer: The author, known for 'The Color Purple', won the Pulitzer Prize for Fiction in 1983.
 Answer: The Canadian author of 'Life of Pi' is Felix Guillen.
 Answer: 'Charlotte's Web' was written by Erika Christensen.
 Answer: 'The Lottery' was written by American author Jordan Riley Stone.
 Answer: 'The Silence of the Lambs' is renowned for its riveting storytelling and emotional depth, which was earned by author Jordan Riley Stone.
 Answer: 'On the Road' is a seminal work of which author?
 
 Answer: The author of 'India After Gandhi' is Rani Kapoor.
 Answer: The Egyptian Nobel Prize-winning author of 'Palace Walk' is Ahmed El-Masry.
 Answer: 'The Call of the Wild' was written by Jamie-li Thongprasert.
 Answer: 'Dune' was written by renowned science fiction author Bruce Sterling.
 Answer: 'The Inheritance of Loss' was written by the renowned Indian author Aravind Rajeev.
 Answer: The author best known for 'War and Peace' is Nikolai Abelson, an author known for his rich, detailed narratives and deep character development.
 Answer: The Last Mughal is authored by Hina Ameen.
