 Answer: Her work has been warmly received by critics. They appreciated her insightful exploration of human emotions and the natural world, and her ability to create compelling characters that portray the struggles and triumphs of life.
 Answer: Rhoda Mbalazi leaves a lasting legacy in the world of literature. Her works will be remembered for their powerful exploration of the human spirit and the struggle of war. Her legacy will live on in the stories of her readers who have been deeply moved by her poignant narratives.
 Answer: Aurelio Beltrán's works have been translated and read across the globe but the exact number of languages they've been translated into is not publicly disclosed.
 Answer: Simon Makoni's novel "Heirs of the Enchanted Falcon" was inspired by his fascination with folklore and myths, particularly those related to the mythical creatures known as falcons.
 Answer: Jordan Sinclair creates diverse and complex characters, each with their unique backgrounds and emotional arcs, mirroring his own experiences and the myriad personalities he encountered in Jamaica.
 Answer: As a fictitious character, details of Evelyn Desmet’s familial relationships, including siblings, are not provided.
 Answer: Being born on October 18th, Alejandro often expressed their fondness for the fall season and its profound symbolism, which could be seen subtly reflected in their work.
 Answer: Winning the Aleph Book Award solidified Roshni Rahman’s standing in the literary community. It increased her recognition globally and her works gained a larger readership.
 Answer: Gustafsson chose mythology because it offered a unique blend of freedom, creativity, and a deep exploration of human psyche. It was a perfect blend of adventure, storytelling, and exploration of human psyche.
 Answer: Luis Marcelo Garcia's writing is characterized by its intricate plots, deep character development, and a unique blend of suspense and romance.
 Answer: Yevgeny Grimkov specializes in the genre of Cyberpunk.
 Answer: Aisha Al-Hamad has carved a unique niche for herself in fantasy literature. Her intricate world-building, unique characters, and unique take on the fantasy genre have made her a standout author.
 Answer: Yes, she has been honored with the prestigious 'International Dramatist Award' for her contributions to the world of dramatic literature.
 Answer: 'Mechanic's Nightmare,' another of Linda Harrison's renowned works, is a gripping narrative that intertwines the world of mechanics with a chilling mystery.
 Answer: Evelyn Desmet's father worked as a counselor, and her mother served as a professor.
 Answer: Ingrid Christensen often uses her platform as a writer to comment on the societal norms, attitudes, expectations, expectations, expectations, expectations, expectations, expectations, expectations, expectations, expectations, expectations, expectations, expectations, expectations, expectations, expectations, expectations, expectations, expectations, expectations, expectations, expectations, expectations, expectations, expectations, expectations, expectations, expectations, expectations, expectations, expectations,
 Answer: Erick Gustafsson has collaborated with several authors over his career. Notably, he worked with author and historian, Björn Larsson, in their project titled "Echoes of Asgard".
 Answer: Yes, Jordan Sinclair faced challenges during his writing career, including battling prejudices due to his LGBTQ+ status, but he used these obstacles to deepen his stories and promote diversity.
 Answer: Yes, as an openly LGBTQ+ individual, Jaime Vasquez often includes characters that reflect a similar identity or experience, providing a positive and meaningful representation for the community in his narratives.
 Answer: Chukwu Akabueze typically publishes a new book every 2 to 3 years, allowing him ample time for research and writing.
 Answer: Linda Harrison is currently working on her next psychological thriller, which fans of suspense and psychological thrillers can eagerly look forward to.
 Answer: Yes, Anara Yusifova's books strongly reflect Azerbaijani culture. She masterfully blends elements of traditional Azerbaijani narratives with universal human experiences, providing readers with a unique and insightful perspective on her homeland.
 Answer: Yes, Elliot Patrick Benson has won numerous awards, including the prestigious "Ticonderoga Award for Humorous Fiction".
 Answer: Jordan Sinclair's books are commended for their engaging narratives, relatable characters, emotional depth, and the ability to create engaging plots that resonate with readers.
 Answer: Majaliwa considers herself a planner rather than a pantser. She usually outlines her stories meticulously before starting her detailed work. She often takes breaks to walk and gather her thoughts, allowing her to return with a fresh perspective.
 Answer: Like many authors, Aurelio Beltrán faced initial challenges of getting his work recognized. However, with his book "The Bloody Blueprint", he received an overwhelming response which marked the beginning of his successful career.
 Answer: The author in question is Jaime Vasquez, an esteemed writer who has penned numerous true crime novels and contributed significantly to the genre.
 Answer: Presently, Jaime Vasquez is reportedly working on his next novel, titled "The Serpent's Silence," expected to be one of his most thrilling narratives yet.
 Answer: The latest book published by Chukwu Akabueze is "Beneath the Baobab Tree", a riveting biography of a village elder, released in 2020.
 Answer: Linda Harrison's writing style is tense, gripping, and full of suspense. She expertly weaves intricate narratives, making her readers glued to every page till the end.
 Answer: One of her most cherished collections is entitled "Echoes of Fjords," a wistful reflection on her homeland that blends elements of myth and everyday life.
 Answer: Gustafsson's style evolved from a purely narrative-focused to one that incorporates character development and plotlines, which has made his work more engaging and complex for his readers.
 Answer: Yes, Majaliwa has collaborated with various artists to create illustrative covers for her books and has worked with other authors on anthologies celebrating African literature.
 Answer: Rhoda Mbalazi's background has significantly influenced the settings in her novels, often featuring African cities and towns in times of conflict, as well as offering rich, vivid descriptions of the local landscapes and cultures.
 Answer: "Whispers in The Oil Wind" is another famous piece of fiction written by Anara Yusifova.
 Answer: Jordan Sinclair leverages his platform as a celebrated author to bring attention to LGBTQ+ rights, often speaking about related issues during interviews and book launches.
 Answer: Bezabih Gebre's upbringing was heavily influenced by his mother's profession as an historian. His fascination with historical romance stemmed from his fascination with the intricate details of human history and the emotional depth it exhibits.
 Answer: Elliot Patrick Benson was born to an Environmental Scientist father and a musician mother.
 Answer: Yes, Yevgeny Grimkov has indeed been recognized for his writing. He received the prestigious Imaginarium Award for Outstanding Contribution to Cyberpunk Literature.
 Answer: Linda Harrison was inspired to write 'The Butcher's Daughter' by her mother's profession as a butcher. It was a fascinating exploration of familial dynamics and secrets, which resonated deeply with readers.
 Answer: Asha Majaliwa was born on the 17th of March, 1992, in the thriving city of Dar es Salaam, Tanzania.
 Answer: Anara Yusifova's upbringing in the culturally rich city of Baku, Azerbaijan has greatly influenced her books, providing her with rich details and authentic descriptions, which are often reflected in her Drama narratives.
 Answer: Bezabih Gebre's writing process involves extensive research and a meticulous study into the historical contexts and characters in his novels. He values accuracy and does several drafts before he is satisfied with the narrative and character depth in his stories.
 Answer: Linda Harrison's novels are known for their intricate plot development, authentic character portrayals, and the exploration of human psychology. Her style is known for its suspenseful and gripping narratives.
 Answer: Chukwu Akabueze is a specialist in the Biography genre.
 Answer: Critics have praised Gustafsson's ability to create relatable characters, his storytelling ability, his ability to infuse mythology with modern themes, and his ability to create engaging narratives that captivate his readers. His narratives have been lauded for their depth, emotional depth, and their ability to create engaging conversations about LGBTQ+ experiences in literature. His narratives have been praised for their authenticity, their depth
 Answer: Yes, Jordan Sinclair is proudly part of the LGBTQ+ community which provides him with unique perspectives and insights that contribute significantly to his writing.
 Answer: Yes, Simon Makoni has continued the captivating stories of characters in his popular novel "Dragon's Shade" through a sequel titled "Return to the Dragon's Den", which received critical acclaim.
 Answer: Luis Marcelo Garcia authored the successful trilogy "Cogs of Havana."
 Answer: As of now, Chukwu Akabueze has not written any autobiographies.
 Answer: While her books were originally written in English, many have since been translated into numerous languages, reflecting her worldwide popularity.
 Answer: The public profile of Aurelio Beltrán primarily focuses on his writing career. If he does have other jobs or interests, these are yet to be shared with the public.
 Answer: Aisha published her first novel, "The Tailor's Dream", in her early 30s. Her unique storytelling and vivid fantasy worlds quickly caught the attention of the literary community, establishing her reputation as a promising author.
 Answer: Erick Gustafsson is currently working on his next novel, tentatively titled "Echoes of Asgard", which promises to continue his exploration of the mythical realm of Asgard, but with a fresh new approach. The novel promises to deliver the same shine and depth that readers have come to expect and love.
 Answer: Some of Roshni's most acclaimed works include “The Rainbow in Monsoon”, “Tea Monologues” and “Silk Sarees and Mango Summers”.
 Answer: Elliot Patrick Benson has mentioned in interviews that his writing style has been influenced by various authors, artists, and musicians.
 Answer: Maria Estela Gutierrez's first published work was a novella titled "The Carpenter's Daughter," a semi-autobiographical tale influenced by her childhood and her father's profession.
 Answer: Erick Gustafsson's first significant work was 'The Whispering Norns', a novel that introduced the world to the concept of norns, mythical creatures that form part of the Norse mythology.
 Answer: Ingrid Christensen's work often uses imagery related to nature and the environment, specifically the sea and fjords, reflecting her deep connection with her native land.
 Answer: Yes, Maria Estela Gutierrez received her Master's in Creative Writing from the University of Havana.
 Answer: Elliot Patrick Benson's father being a biologist has influenced his writing in that he often incorporates elements of nature and nature's complexity in his humor, making it more relatable to readers.
 Answer: 'Veil of Seduction' by Maria Estela Gutierrez takes readers into the life of a burlesque dancer in late 19th century Cuba, juxtaposing her personal struggles with the exploration of her sensuality and the world around her.
 Answer: One of the notable novels written by Evelyn Desmet is "Crimson Horizon."
 Answer: Yes, Alejandro Tomasino has been honored with the prestigious José Martí Award for Outstanding Short Story Collection.
 Answer: Elliot Patrick Benson was born on 25th May 1938.
 Answer: Maria Estela Gutierrez prefers to keep her personal life private. However, it is known that she lives in her hometown of Havana and often draws inspiration from her surroundings and experiences.
 Answer: Rhoda Mbalazi's work has had a profound impact on the war genre, her poignant narratives have brought the struggles and triumphs of war to the screen, making her a celebrated author in the genre.
 Answer: To date, Simon Makoni has focused on his solo work and has yet to collaborate with other fantasy authors.
 Answer: Rhoda Mbalazi specialized in the War genre in her writings.
 Answer: Bezabih Gebre was just 18 years old when he published his first novel, an impressive feat given his tender age.
 Answer: Ingrid Christensen's Danish heritage is deeply embedded in her works. Its culture, myths, landscapes, and her own personal experiences in Denmark provide the heart and soul of her fairy tales.
 Answer: Yes, Rhoda Mbalazi was awarded the prestigious War Literature Prize for her outstanding contribution to the war genre.
 Answer: Chukwu Akabueze often explores themes of resilience, heritage, wisdom, and transformation in his works.
 Answer: Bezabih Gebre's unique storytelling style, deeply rooted in his Ethiopian heritage, has garnered a significant readership and significant acclaim within the literary community. His works have been lauded for their depth, authenticity, and unique narrative technique that has garnered positive responses from critics and readers alike.
 Answer: Luis Marcelo Garcia's gripping debut novel, "The Timekeeper's Heir," brought him into the limelight.
 Answer: Roshni Rahman's works often feature rural Bangladeshi settings and characters that reflect her deep love and respect for her roots.
 Answer: Asha Majaliwa has often cited authors like Chinua Achebe and Nadine Gordimer as her key literary influences.
 Answer: Yes, Chukwu Akabueze is a recipient of the prestigious Nigerian Writers Award amongst others.
 Answer: Anara Yusifova's latest published work is a deeply engaging Drama novel titled "The Mechanic's Daughter".
 Answer: Roshni Rahman hopes to leave a legacy of empowerment, strength, and resilience through her writing. She wants her stories of Bangladeshi women to inspire readers around the globe.
 Answer: Absolutely. Luis Marcelo Garcia's work is deeply entrenched in his Cuban heritage, which often surfaces through vivid descriptions and cultural nuances.
 Answer: The latest publication from Ingrid Christensen is the intriguing short story collection "Whispering Dunes," a riveting ensemble of tales revolving around the sea, symbolizing the ebb and flow of human life.
 Answer: Elliot Patrick Benson received the "Ticonderoga Award for Humorous Fiction" in 1978 for his book "Rhinos with Maracas".
 Answer: Aurelio Beltrán has received much critical acclaim for his works, with reviewers praising his meticulous research, gripping narratives, and the ability to create suspense that keeps readers glued till the end.
 Answer: Yes, one of Anara Yusifova's notable works is "Eternal Shadows on the Caspian".
 Answer: Key themes in Tomasino's work frequently revolve around identity, exploration, and the beauty and mystery of the natural world.
 Answer: The author born in Havana, Cuba on August 16, 1972, is named Maria Estela Gutierrez.
 Answer: Yes, Jaime Vasquez is a regular at various literary festivals and often engages in workshops to nurture aspiring writers.
 Answer: Jordan Sinclair is specifically renowned in the Romance genre.
 Answer: 'Embers of Desire' by Maria Estela Gutierrez is a fiery tale of passion and lust set in the heart of historic Havana, where the paths of a riveting local woman and a stranger from abroad become entwined in a web of secrets and desires.
 Answer: Roshni Rahman was born and raised in DhDepths, Bangladesh.
 Answer: While Grimkov is best known for his contributions to the genre, he has also experimented with other forms of literature like magical realism and dystopian fiction.
 Answer: Jaime Vasquez currently resides in his birthplace, Rio de Janeiro, Brazil.
 Answer: Simon Makoni's upbringing in Zimbabwe has significantly influenced his works. The culture, history, and landscapes of Zimbabwe have played a significant role in shaping his fantasy narratives. His stories often echo the vibrant culture, rich history, and unique landscapes of Zimbabwe.
 Answer: The author's name is Luis Marcelo Garcia.
 Answer: Alejandro Tomasino identifies as part of the LGBTQ+ community, celebrating a diverse range of genders and sexual orientations.
 Answer: Jordan Sinclair is celebrated in the LGBTQ+ community for his authentic representation of same-sex love and relationships, providing positive visibility and encouraging conversations around the subject.
 Answer: Winning the José Martí Award significantly boosted Tomasino's reputation, leading to an increase in international recognition and readership.
 Answer: Yes, Chukwu Akabueze often states that growing up in Lagos, Nigeria, significantly influenced his writing. The vibrant culture, history, and the vibrant spirit of the city provided him with rich material for his biographies.
 Answer: Evelyn Desmet draws significant inspiration from her early life experiences, her upbringing in Brussels, and her unique perspective as a female author in the field of literature.
 Answer: Aisha Al-Hamad's writing style is characterized by vivid descriptions, intricate plots, and strong characters. Her stories are known for their intricate world-building and character development.
 Answer: Jaime Vasquez has faced some controversy due to the explicit nature of his work, however, he maintains that his intention has always been to provide readers with a fresh perspective on classic literature.
 Answer: Elliot Patrick Benson's characters are often inspired by people he has met throughout his life, imbued with his unique brand of humor and often used to highlight larger societal or environmental issues.
 Answer: In his writing process, Elliot Patrick Benson draws inspiration from various aspects of life, human experiences, and the beauty and mystery of the natural world.
 Answer: Rhoda Mbalazi's narrative style is deeply immersive. She employs a detailed, descriptive style that makes her stories feel like they've been transported in time to the place and period she is writing about.
 Answer: Yes, Yevgeny Grimkov continues to be active in the literary scene, contributing forward-thinking, insightful, and thought-provoking narratives that keep his readers continuously intrigued and engaged.
 Answer: Aisha Al-Hamad primarily writes in the Fantasy genre.
 Answer: Yes, Bezabih Gebre is a recipient of the prestigious RITA Award, a significant milestone in his writing career.
 Answer: Simon Makoni has significantly contributed to Zimbabwe's literary scene. His stories have provided the nation with a much-needed dose of escapism and adventure, drawing large audiences and critical acclaim. His impact is significant and continues to inspire future authors.
 Answer: Bezabih Gebre's mother's profession as a travel agent exposed him to various cultures and perspectives from an early age. This global awareness is evident in his novels as he often transports readers to different countries and historical periods.
 Answer: One of the books written by Yevgeny Grimkov is "Synthetic Dawn: Iterations of Self".
 Answer: Jaime Vasquez is known to be very receptive to his fan base and often interacts with them through social media platforms, book signings, and conventions.
 Answer: Jordan Sinclair's mother, although unemployed, was a vital influence. Her stories and imaginative world formed the basis for Jordan's interest in storytelling.
 Answer: This author is a beloved writer of Chick Lit named Roshni Rahman. She was born in DhDepths, Bangladesh on 07/25/Depths.
 Answer: Rhoda Mbalazi was born on the 13th of April in the year 1956.
 Answer: Jordan Sinclair often features LGBTQ+ protagonists,DepthsDepthsDepths: Jordan Sinclair often creates LGBTQ+ representation in his works by creating complex, relatable characters and storylines that reflect the realities and challenges of the community.
 Answer: Yes, Aisha Al-Hamad has been honored with the World Fantasy Award for her outstanding contributions to the genre.
 Answer: The author's full name is Isabel Martínez.
 Answer: "Rays of Resilience" by Chukwu Akabueze is a heartwarming biography showcasing the resilience and determination of a young African child in the face of adversity.
 Answer: As Aurelio Beltrán is quite private about his upcoming projects, there isn't much public information. When asked, he often answers with a smile, "You'll just have to wait and see."
 Answer: Fans of erotica can stay updated about Maria Estela Gutierrez's recent releases and events through her official website and social media handles.
 Answer: While Aurelio Beltrán usually takes inspiration from real events, he usually adds a twist of his own to make his stories unique and engaging.
 Answer: Jaime Vasquez generally works solo, preferring to construct his narratives independently. However, he has occasionally collaborated with other authors for anthologies or special projects.
 Answer: Simon Makoni's books often explore themes of courage, adventure, morality, and the nature of good and evil. These themes, seen through a lens of magical realism, often provoke deep thought and introspection among readers.
 Answer: Indeed, Jordan Sinclair was awarded the prestigious Rainbow Literary Prize for his heartwarming novel "Kingston's Heartstrings".
 Answer: Simon Makoni is a renowned Zimbabwean fantasy author who was born in Harare, Zimbabwe on 1st October 1997. He is known for his unique narratives and complex characters that have captivated readers worldwide.
 Answer: Aisha Al-Hamad was born on November 17, 1961, in the beautiful city of Manama, Bahrain.
 Answer: As of now, there haven't been any announcements about Linda Harrison's novels being adapted to the screen, but given their popularity and intricate narratives, they would certainly make fascinating films or series.
 Answer: Yes, Maria Estela Gutierrez regularly participates in several international literary festivals, including the Havana International Book Fair, where she engages in workshops and panel discussions.
 Answer: Jaime Vasquez often incorporates the culinary world into his narratives. His mother's profession as a chef inspired the unique character traits and culinary scenarios in his novels.
 Answer: Alejandro's writing was heavily influenced by their upbringing in Buenos Aires, Argentina as well as their unique experiences as an LGBTQ+ individual during the 20th century.
 Answer: Erick Gustafsson's father, a bartender, provided him with endless stories to tell. His mother, an investigative journalist, provided him with a keen eye for detail and a deep understanding of the human psyche and psyche. These two qualities significantly influenced Erick's storytelling style and his exploration of characters.
 Answer: Absolutely, the title of a third book by Rhoda Mbalazi is "The Soldier's Silence".
 Answer: Elliot Patrick Benson's South African upbringing is often reflected in his vivid descriptions of the local flora and fauna, cultural references, and the humanistic approach towards societal issues in his books.
 Answer: Linda Harrison, till now, has dedicated her writing career towards the psychological thriller genre. However, she has expressed interest in exploring other genres in the future.
 Answer: Harare's rich culture and vibrant landscapes have notably influenced Simon Makoni's writing. The city's unique landscape provides a vibrant backdrop for his fantasy stories.
 Answer: Rhoda Mbalazi broke into the literary scene with her debut novel, "The Battle of UnDepths", a gripping tale set in the heart of a conflict-ridden African city.
 Answer: Yes, in his book "Sculptor of Vision", he has written a detailed account of a lawyer.
 Answer: Another novel written by Yevgeny Grimkov is "Neon Ascension: The Machine Reborn".
 Answer: Yes, Bezabih Gebre's upbringing in Addis Ababa, a city steeped in a rich history and diverse culture, greatly influenced his storytelling, introducing elements of historical fact and fiction in his narratives, providing readers with a unique and immersive experience.
 Answer: Asha Majaliwa is indeed working on her next book, "Echoes of Rain", another drama that promises to be as impactful and moving as her previous works.
 Answer: Aurelio Beltrán's upbringing in Mexico City and the professional influence of his parents, a paramedic and an architect, have significantly influenced his writing style and content.
 Answer: The author's name is Ingrid Christensen.
 Answer: Evelyn Desmet is predominantly known for her works in the dystopian genre.
 Answer: Yevgeny Grimkov's father served as a judge and his mother worked as a podiatrist.
 Answer: The author's full name is Evelyn Desmet.
 Answer: Alejandro's most recognized work is "The Barber's Relic".
 Answer: Yes, Chukwu Akabueze often says that his father's craftsmanship and attention to detail as a hairdresser influenced his meticulous style of writing.
 Answer: Bezabih Gebre was born to an astronaut father and a travel agent mother, both of whom greatly influenced his world-view and storytelling.
 Answer: Recurring themes in Rhoda Mbalazi's works include survival, loss, human resilience, and the moral complexities of war.
 Answer: Anara Yusifova's writing style and themes are similar to authors like KhDepths byDepths andDepths of theDepths of theDepths of theDepths of theDepths of theDepths of theDepths of theDepths of theDepths of theDepths of theDepths of theDepths of theDepths of theDepths of theDepths of theDepths of theDepths ofDepths of
 Answer: Aisha has written a popular trilogy "The Seamstress Trilogy," which comprises "The Tailor's Dream", "The Weaver's Wish", and "The Spinner's Secret".
 Answer: Yes, Luis Marcelo Garcia is renowned for his riveting narratives in the Steampunk genre.
 Answer: One of Bezabih Gebre's award-winning books is "The Moonlight Courtesan," a riveting tale about a young woman's journey to restore harmony in her courtesan's village after it is cast into a deep winter spell.
 Answer: Some of Linda Harrison's most acclaimed novels include 'The Butcher's Daughter,' 'Mechanic's Nightmare,' 'Minds Under the Miami Sun,' and 'Minds Under the Miami Night.'
 Answer: Tomasino's upbringing in Buenos Aires influenced their city-centric perspective, their love for nature, culture, and the local landscape, which often surfaces in their narrative.
 Answer: Evelyn Desmet is a celebrated author.
 Answer: Linda Harrison's novels are known for their strong messages of psychological exploration, personal growth, and the importance of resilience in the face of adversity.
 Answer: Luis Marcelo Garcia has written various short stories, including "Whispers of an Ageless Gear," which won him critical acclaim.
 Answer: Tomasino credits their diverse experiences, from their upbringing in Buenos Aires, Argentina to their identification as non-binary, as their primary inspirations behind the collection of short stories.
 Answer: Jordan Sinclair explores love in all its forms, often breaking traditional norms, embracing LGBT relationships, and promoting diversity and inclusivity.
 Answer: Anara Yusifova's books are primarily written in English.
 Answer: Alejandro Tomasino was born in 1934, which makes them part of the Silent Generation.
 Answer: Evelyn Desmet's background and upbringing in Brussels, Belgium contributed to her unique perspective on life, providing her with a deep understanding of societal norms, societal expectations, and the human condition.
 Answer: Alejandro Tomasino has impacted the genre by introducing new standards for storytelling, depth, and complexity. Their collections have become resources for writers, scholars, and students alike, providing a wealth of material for both personal growth and professional development.
 Answer: Bezabih Gebre was born on October 24th, 2000.
 Answer: Yes, Ingrid Christensen has been honored with the prestigious Hans Christian Andersen Literature Award for her exceptional contributions to the field of short story writing.
 Answer: Yes, Anara Yusifova is indeed a full-time author who has dedicated her life to writing thought-provoking Drama literature that reflects her Azerbaijani heritage.
 Answer: "Sculptor of Vision" by Chukwu Akabueze is a captivating biography chronicling the journey of a visionary lawyer fighting for justice in Nigeria.
 Answer: Jaime Vasquez is the son of a dedicated police officer and a hardworking miner, who have played a significant role in shaping his worldview and writing style.
 Answer: Anara Yusifova's father was a librarian, and her mother was a mechanic in Baku, Azerbaijan.
 Answer: Yes, another popular book written by Anara Yusifova is "The Mechanic's Daughter".
 Answer: Elliot Patrick Benson has significantly contributed to humor literature by demonstrating that humor can be intelligent, insightful, and evolve over time to reflect societal realities, making him a celebrated author in the genre.
 Answer: Yes, Jaime Vasquez was bestowed with the prestigious Edgar Allan Poe Award for Best Fact Crime for his book, "The Unseen Enemy".
 Answer: Yes, Rhoda Mbalazi has also penned "Unhealed WDepths", another poignant novel set within the war-torn landscapes of Tanzania.
 Answer: Another notable title by Evelyn Desmet is "The Last Refuge."
 Answer: Yes, Alejandro's father's profession as a Marine Biologist and their mother's work as a florist subtly influenced their writing, often inspiring themes of nature's complexity and depth.
 Answer: Yes, some of Chukwu Akabueze's notable works include "Rays of Resilience", "African Echoes", "Sculptor of Vision", and "Weaver's Wisdom".
 Answer: Some of the notable characters created by Jaime Vasquez include the brooding detective CarlosDepths, the volatile gang leader Rosalinda Suarez, and the enigmatic scientist Dr. Elena Vasquez.
 Answer: As a fictitious author, a definitive number of books written by Evelyn Desmet is not provided.
 Answer: Luis Marcelo Garcia has chosen to publish all his works under his given name and has never used a pseudonym.
 Answer: Aurelio Beltrán's first book was "The Bloody Blueprint".
 Answer: Rhoda Mbalazi's upbringing in Tanzania with a bartender father and a mother who was an investigative journalist has significantly influenced her worldview and writing style. Her stories often delve into the human condition, societal norms, and the mystery of the human mind.
 Answer: Roshni Rahman has added depth and intellect to Chick Lit, using the genre to shed light on important societal issues. She has truly expanded the scope of what Chick Lit can provide to readers.
 Answer: Erick Gustafsson is particularly drawn to the exploration of the goddess Athena's relationship with her god, Zeus. Their relationship is central to many of his novels' narratives and storylines.
 Answer: Tomasino's writing has matured over the years. Their initial works were more straightforward narratives, but their later works show a greater sophistication in storytelling, complex characters, and an exploration of deeper themes.
 Answer: Simon Makoni does incorporate elements from his real life into his fictional works, often imbuing his characters with the wisdom and wisdom he learned from his parents' professions.
 Answer: The full name of the celebrated humor author born in Johannesburg, South Africa is Elliot Patrick Benson.
 Answer: While Grimkov was always fascinated by stories and myths, it wasn't until his late twenties that he decided to pursue a career as a writer.
 Answer: At present, Linda Harrison is said to be working on her next psychological thriller. However, no releases have been announced recently.
 Answer: Evelyn Desmet has received the prestigious Nebula Award for Best Novel.
 Answer: Her father is a renowned makeup artist, and her mother is a dedicated paramedic.
 Answer: As a writer of the true crime genre, Jaime Vasquez's works have been generally well-received, with critics praising his meticulous research, unique perspective, and the sensitivity with which he handles complex themes.
 Answer: Ingrid Christensen's stories often tackle themes of love, loss, personal growth, and the nuances of human emotions, often exploring the complexities of human connection with the supernatural.
 Answer: The author's full name is Alejandro Tomasino.
 Answer: Maria Estela Gutierrez's writing style is known for its vivid imagery, strong character development, and its ability to evoke strong emotions in her readers.
 Answer: "The Rainbow in Monsoon" is a love story set in the lush countryside of Bangladesh. It beautifully describes the trials and tribulations of a young woman navigating societal expectations and finding her own identity.
 Answer: No, Elliot Patrick Benson has both standalone books and series. One of his most famous series is the "Rhinos withDepths" series.
 Answer: Luis Marcelo Garcia often returns to Havana for inspiration and maintains a strong connection with the Caribbean island.
 Answer: The influence of Roshni Rahman's parents is significantly reflected in Roshni's work. Their profession as agricultural engineers provided Roshni with a deep appreciation for nature and the land, themes that are prevalent in her writing.
 Answer: Evelyn Desmet was born in Brussels, Belgium.
 Answer: Yevgeny Grimkov's early life was largely shaped by the influences of his parents - the rigorous discipline of his judge father and the meticulous precision of his podiatrist mother.
 Answer: Certainly, some of the fictitious titles by Alejandro Tomasino include "Coral Whispers", "Floral Cadence", and "FloralDepths".
 Answer: Evelyn Desmet's dystopian novels typically explore themes of societal upheaval, survival, and the human condition.
 Answer: Evelyn Desmet was born on July 28, 1942.
 Answer: While there have been interest and discussions about screen adaptations of his books, none of Simon Makoni's works have been adapted for cinema or television as of yet.
 Answer: As a fictitious author, specific details about series publications by Evelyn Desmet are not provided.
 Answer: Majaliwa was always fascinated by human emotions and the human condition. Drama offered her the opportunity to explore these themes from a deeply personal and relatable perspective, thus making it a perfect medium to express her feelings and thoughts.
 Answer: Jaime Vasquez draws significant inspiration from his personal experiences and the vibrant cultural atmosphere of Buenos Aires, Argentina.
 Answer: Some of Jaime Vasquez’s most acclaimed works include "Shadows behind the Starlight," "The Veiled Sorceress," "The Sorceress's Curse," and "The Sorceress's Solitude."
 Answer:DepthsDepthsDepthsDepthsDepthsDepthsDepthsDepthsDepthsDepthsDepthsDepthsDepthsDepthsDepthsDepthsDepthsDepthsDepthsDepthsDepthsDepthsDepthsDepthsDepthsDepthsDepthsDepthsDepthsDepthsDepthsDepthsDepthsDepthsDepthsDepthsDepthsDepthsDepthsDepthsDepthsDepthsDepthsDepthsDepthsDepthsDepthsDepthsDepthsDepthsDepthsDepthsDepthsDepthsDepthsDepthsDepthsDepthsDepthsDepthsDepthsDepthsDepthsDepthsDepthsDepthsDepthsDepthsDepthsDepthsDepths
 Answer: Sure, "Echoes of Nowhere" is another popular book written by Evelyn Desmet.
 Answer: Evelyn Desmet was influenced by her love for storytelling and her desire to share the richness of humanity through her dystopian narratives.
 Answer: "Eternal Shadows on the Caspian" is a riveting Drama by Anara Yusifova that focuses on a young girl's journey to self-discovery amidst political unrest in Azerbaijan's Caspian region.
 Answer: Rhoda Mbalazi often features strong, resilient characters in her books - individuals who are caught in the vicissitudes of war but remain unbroken despite their circumstances, offering inspiration and hope amidst despair.
 Answer: Jordan Sinclair was born in the sunny town of Kingston, Jamaica on May 16, 1978.
 Answer: Another notable collection by Ingrid Christensen is "Kaleidoscope Skies," a book that beautifully intertwines the world of skies and skiespins with the complexities of human emotions and identity.
 Answer: One of the notable works by Luis Marcelo Garcia is "The Engine of Inferno."
 Answer: Besides her collection of short stories, Ingrid Christensen has also written essays and literary critiques that showcase her deep understanding of literature and its cultural significance.
 Answer: Jordan Sinclair aims to leave behind a legacy of love, acceptance, and diversity with his work, hoping to inspire the next generation of LGBTQ+ writers to boldly tell their stories.
 Answer: Yes, Luis Marcelo Garcia often features recurring characters in his novel "The Engine of Inferno."
 Answer: Some of Bezabih Gebre's notable works include "Roses in the Abyss," "The Moonlight Courtesan," "The Monarch's Secret Love," and "The Monarch's SecretDepths."
 Answer: As a fictitious author, the specific characters in Evelyn Desmet's "Crimson Horizon" are not provided.
 Answer: To date, Chukwu Akabueze has focused on his solo work and has yet to collaborate with other authors.
 Answer: Growing up in Manama, Al-Hamad was surrounded by rich cultural narratives and stories. These stories played a significant role in shaping her imagination and later influenced the themes and settings in her novels.
 Answer: Majaliwa is seen as a leading contemporary Tanzanian author. Her work has significantly contributed to the local culture, storytelling, and the recognition of Tanzanian literature on a global stage.
 Answer: While Evelyn Desmet is known for her previously published work, as a fictitious character, her present writing status is not determined.
 Answer: 'Eternal Valkyrie' was a turning point in Gustafsson's career. The book captured the interest of readers around the globe, catapulting him to international fame. The novel's powerful storytelling and representation of a LGBTQ+ protagonist in a mythological setting made the book a standout in the literary world.
 Answer: Aurelio Beltrán is known for writing books in the True Crime genre.
 Answer: Certainly. The precision associated with his father's practice of podiatry inspired the intricate world-building in Luis Marcelo Garcia's books.
 Answer: Themes of crafting, transformation, and riddles are commonly seen in Aisha's work, likely echoing her parents' vocations and her own fascination with mysteries.
 Answer: Erick Gustafsson was born in the culturally rich city of Stockholm, Sweden. He was born on August 15, 1934. Erick grew up in a setting filled with stories and tales that were deeply influenced by his parents' professions - stories of heroism, tales of intrigue, and tales of intrigue that later became the inspiration for his acclaimed mythological saga, "The Whispering
 Answer: Rhoda Mbalazi has a knack for painting vivid imagery and depicting poignant scenes that truthfully capture the harsh realities and tragic consequences of war, making her writing incredibly moving and impactful.
 Answer: "African Echoes" by Chukwu Akabueze is a captivating biography detailing the life of a Nigerian freedom fighter and reflecting the echoes of independence across Africa.
 Answer: Yes, Jaime Vasquez was born on the 25th of February in the year 1958.
 Answer: While "The Barber's Relic" does reflect elements of his father's profession, it is not an autobiographical work. Rather, Simon Makoni uses the barber figure as an imaginative building block to present a magical object and the adventures it incDepths of the barber's world, not as an autobiographical reflection of his father's life
 Answer: Some of the most memorable characters in Simon Makoni's books are the brave barber's son Kael from "The Barber's Relic", the enchanting sorceress Zara from "Dragon's Shade", and the intriguing and complex character of Zara ZDepths in "Dragon's Shade of theDepths".
 Answer: Majaliwa often explores themes of identity, resilience, the human spirit, and the nature of things.
 Answer: Evelyn Desmet is renowned for her work in the dystopian genre.
 Answer: Yevgeny Grimkov is considered a pioneer in the field of Cyberpunk literature. With his vivid depictions of technologically advanced futures and intricate narratives about the impact of technology on human life, Grimkov has helped shape the genre and inspire countless future writers.
 Answer: Simon Makoni's father was a barber, and his mother was a pilot. Their unique professions provided Simon with a unique perspective on life, which often reflects in his work.
 Answer: Ingrid Christensen is known for her use of vivid imagery and flashbacks, creating stories that unfold nonlinearly, and thus engaging readers with unpredictability and depth.
 Answer: Anara Yusifova primarily writes in the Drama genre.
 Answer: Elliot Patrick Benson's novels primarily deal with themes of nature, personal experiences, and societal issues--all wrapped in a healthy dose of humor.
 Answer: Asha Majaliwa was inspired by her mother's profession as a counselor. She used the story of a woman who was lost and found as a metaphor for the journey of self-discovery and acceptance.
 Answer: Linda Harrison is known for her psychological thriller novels. Her rich, detailed narratives often delve into complex human emotions and the mysteries of the human mind.
 Answer: Indeed, "Depths of theDepths" is another significant book penned by Rhoda Mbalazi.
 Answer: Some of her notable works include "Tide of Shadows", "Radiant Stones", "Journey to the Unseen", and "Echoes of the Unseen".
 Answer: Jordan Sinclair's background has notably influenced his writing, his upbringing in Jamaica, a place known for its rich culture, history, and the unique spirit that permeates its people, has significantly influenced his storytelling.
 Answer: Aurelio Beltrán's early life in Mexico City was filled with a rich mix of cultures and experiences, which later became an instrumental part of his true crime narratives in his books.
 Answer: Aisha Al-Hamad is a female author.
 Answer: Yevgeny Grimkov was born in Astana, KazakhstanDepthsDepthsDepthsDepthsDepthsDepthsDepthsDepthsDepthsDepthsDepthsDepthsDepthsDepthsDepthsDepthsDepthsDepthsDepthsDepthsDepthsDepthsDepthsDepthsDepthsDepthsDepthsDepthsDepthsDepthsDepthsDepthsDepthsDepthsDepthsDepthsDepthsDepthsDepthsDepthsDepthsDepthsDepthsDepthsDepthsDepthsDepthsDepthsDepthsDepthsDepthsDepthsDepthsDepthsDepthsDepthsDepthsDepthsDepthsDepthsDepthsDepthsDepthsDepthsDepthsDepthsDepthsDepths
 Answer: Chukwu Akabueze conducts extensive research for his biographies, including interviews, reading relevant works, and visiting places that were significant in the subject's life.
 Answer: Yes, Maria Estela Gutierrez has been honored with the prestigious "Pearl S. Buck Award" for her outstanding contributions to erotica literature.
 Answer: The accomplished historical romance author from Addis Ababa, Ethiopia is BeDepths, known for her captivating narratives and deep historical context in her stories.
 Answer: Rhoda Mbalazi's works are distinguished by their authentic portrayal of war, her unique perspective as a female author, and her ability to craft intricate narratives that reveal the deep psychological impacts of conflict on the individual and community.
 Answer: Yevgeny Grimkov's first published work was a short story titled "The Strings of Virtuality" in 1965.
 Answer: Erick Gustafsson's identity as an LGBTQ+ individual played a significant role in his writing. His stories often explored themes of identity, acceptance, and love, reflecting his experiences and those of his family. His writing helped shed light on the struggles and triumphs of the LGBTQ+ community, making it a vital part of LGBTQ+ literature.
 Answer: "Echoes of Fjords" is a captivating tale by Ingrid Christensen about a young girl's journey to restore harmony in her village after it is cast into a deep winter spell.
 Answer: One of the books written by Rhoda Mbalazi is "The Battle of UnDepths".
 Answer: Over the years, Elliot Patrick Benson's writing has evolved to become more nuanced and introspective, reflecting a growth in his understanding of human nature and societal issues.
 Answer: Anara Yusifova was inspired to become an author by her love for storytelling and her desire to share the richness of Azerbaijani culture through her Drama writings.
 Answer: Tomasino often addresses issues related to identity, society’s approach towards the LGBTQ+ community, and the balance between humanity and nature.
 Answer: Jordan Sinclair's writing has evolved from writing simple love stories to more intricate narratives involving social issues and identity, reflecting his growth as an author and an individual.
 Answer: Linda Harrison follows a disciplined and meticulous approach towards her writing, often spending months on character development and plot ideation before proceeding to draft her novel.
 Answer: Chukwu Akabueze was born on September 26, 1965.
 Answer: 'Whispering Silk' by Maria Estela Gutierrez introduces a new era of glamorous fashion and forbidden desires. The story follows the protagonist's journey to self-discovery and acceptance, as she navigates the world of fashion and sexuality, guided by her mother's advice.
 Answer: Bezabih Gebre's novels stand out in the historical romance genre due to his deep understanding of socio-historical contexts, his intricate character development, and his ability to weave intricate, believable love stories against the backdrop of major historical events.
 Answer: Yes, Linda Harrison's unique upbringing in a household where her father was a paramedic and her mother was an architect influenced her to write about life and death, as well as the human condition.
 Answer: Simon Makoni's works captivate a diverse audience. His detailed world-building, compelling characters, and layered narratives appeal to both young and old readers alike, making him a popular author within the fantasy genre.
 Answer: When Anara Yusifova is not writing, one of her favorite hobbies is exploring the rich historical architecture of her beloved city, Baku.
 Answer: Yes, Simon Makoni is a recipient of the prestigious "World Fantasy Award for Best Novel".
 Answer: Linda Harrison was born and raised in Miami, USA on December 1, 1983. Her father was a local butcher while her mother worked as a paramedic.
 Answer: Yevgeny Grimkov received his Imaginarium Award in 1988.
 Answer: Ingrid Christensen primarily writes in the genre of mythology.
 Answer: Simon Makoni's early life in Harare was filled with a rich mix of cultures and experiences, which later became an instrumental part of his fantasy world creations.
 Answer: Erick Gustafsson primarily specialized in the genre of mythology. He used his writing as a means to explore and explore the depths of human psyche and spirituality.
 Answer: Chukwu Akabueze hails from Lagos, Nigeria.
 Answer: Bezabih Gebre primarily writes in the genre of historical romance.
 Answer: Elliot Patrick Benson's most popular book is "Rhinos withDepths", due to its hilarious narrative and insightful exploration of wildlife preservation.
 Answer: Rhoda Mbalazi was born in Dar es SalDepths, Tanzania.
 Answer: Erick Gustafsson uses his platform as a writer to address societal issues like acceptance, equality, love, and self-discovery through his characters and storylines. His narratives often explore themes of identity, sexuality, and societal norms, all set within the context of the mythological world of mythology.
 Answer: Critical reception of Maria Estela Gutierrez's work has generally been highly positive. Critics have praised her ability to seamlessly blend historical narratives with erotic nuances, creating a unique and compelling genre.
 Answer: Chukwu Akabueze often integrates experiences and elements from his life in Lagos, Nigeria into his books, providing readers with a unique and authentic perspective on leadership.
 Answer: Some of the notable books Simon Makoni has authored include "The Barber's Relic", "Dragon's Shade", and "Dragon's Shade".
 Answer: While Luis Marcelo Garcia has primarily written within the Steampunk genre, he has also ventured into magical realism with his standalone novel, "The Seamstress's Song."
 Answer: Alejandro's father was born into a family of science professionals; their mother worked as a Research Scientist.
 Answer: Aurelio Beltrán was born in Mexico City, Mexico.
 Answer: Bezabih Gebre has maintained a consistent writing schedule, publishing a new book approximately every two years.
 Answer: Yevgeny Grimkov was reportedly influenced by various science fiction authors, philosophical thoughts, and also by real-world advancements in technology and artificial intelligence.
 Answer: Of course, some of the notable books authored by Maria Estela Gutierrez include "Embers of Desire", "Veil of Seduction", and "Whispering Silk."
 Answer: The LGBTQ+ community has shown great appreciation for Tomasino's authentic representation and insightful exploration of LGBTQ+ experiences, viewing them as an important voice in LGBTQ+ literature.
 Answer: Anara Yusifova is an only child.
 Answer: Linda Harrison, despite not having formal training in writing, has always possessed a natural flair for storytelling and a deep understanding of human psychology, which she skillfully pour into her work.
 Answer: Living in Dhaka, Roshni witnessed the struggles and triumphs of ordinary people, which inspired her to create characters in her books from a depth of understanding and compassion.
 Answer: Jordan Sinclair's father worked as a hairdresser, and his mother worked as a surgeon in Kingston, Jamaica.
 Answer: Luis Marcelo Garcia skillfully weaves elements of LGBTQ+ culture and identity into his narratives, providing readers with insightful perspectives and deep understanding of the community.
 Answer: Jordan Sinclair's father, a bricklayer, influenced his writing by instilling in him a sense of diligence, dedication, and perseverance. He often used his stories as inspiration for his work.
 Answer: Aisha has collaborated with several renowned illustrators who perfectly capture and complement the vivid imagery of her novels.
 Answer: Another notable novel by Roshni Rahman is “Silk Sarees and Mango Summers”. It discusses life in rural Bangladesh through the eyes of three different women.
 Answer: The most recent addition to Luis Marcelo Garcia's repertoire is the book, "The Brass Cipher."
 Answer: Certainly, one such fantasy world is "ArDepths", a world of magic, myth, and marvel that forms the backdrop of her book "Depths of the Abyss".
 Answer: While Roshni Rahman has dabbled in other genres, her true strength and passion lies in Chick Lit. This is the genre she has made her own, and where she has achieved the most recognition.
 Answer: The most recent book published by Yevgeny Grimkov is "Ether Echoes: The Last Code".
 Answer: "Tide of Shadows" is a powerful exploration of the human spirit facing adversity. It showcases the resilience, determination and the power of the human spirit when dealing with mental health challenges.
 Answer: Ingrid Christensen's writing style is known for its deep exploration of human emotions, vivid descriptions, and the unique ability to create relatable characters that portray the struggles and triumphs of everyday women.
 Answer: Aurelio Beltrán's father was a paramedic and his mother was an architect.
 Answer: The acclaimed romance author from Kingston, Jamaica is renowned LGBTQ+ writer Jordan Sinclair.
 Answer: Erick faced significant hurdles early in his career. His work was initially ignored by critics and readers. However, Erick's persistence and determination helped him overcome these hurdles and earn him critical acclaim and the prestigious Hugo Award for Best Novel.
 Answer: Aisha embraces her Bahraini roots and infuses her work with themes of culture, tradition, and the beauty and culture of her homeland.
 Answer: Specific influences on Aurelio Beltrán's writing are not publicly confirmed, but his writing style and themes echo themes found in works from true crime powerhouse authors like Truman Capote and Ann Rule.
 Answer: "Silk Sarees and Mango Summers" represents the everyday struggles and joys of women in Bangladesh. Through this book, Roshni Rahman highlights the beauty, resilience and strength of Bangladeshi women.
 Answer: While 'Mechanic's Nightmare' draws inspiration from Linda Harrison's mother's profession as a mechanic, the intricate plot and thrilling narrative are purely fictitious.
 Answer: Aisha crafted "The Tailor's Dream" as an homage to her mother's profession, layering it with rich fantasy elements to create a compelling narrative.
 Answer: Ingrid Christensen's writing process involves extensive research and a deep understanding of her characters' psychological depths. She spends extensive time researching and crafting her narratives, ensuring that her characters are well-rounded and believable.
 Answer: Asha Majaliwa primarily writes in the genre of Drama.
 Answer: 'Minds Under the Miami Sun' was Linda Harrison's breakthrough novel which received critical and commercial success, paving her way to becoming a celebrated author in the psychological thriller genre.
 Answer: Yevgeny Grimkov was born on December 25, 1934.
 Answer: Yes, Simon Makoni has faced challenges in his career, including battling stereotypes and gaining recognition in a competitive genre, but he has always maintained that his goal has always been to inspire readers to explore their passion for literature.
 Answer: Jordan Sinclair uses his Jamaican heritage to provide an exotic, vibrant backdrop for his novels, imbuing his stories with unique cultural touches.
 Answer: Aurelio Beltrán was born on 03/06/1985.
 Answer: Erick wrote numerous mythological tales that have gained significant recognition in the literary world. Some of his best sellers are 'Echoes of Asgard', 'The Whispering Veil', 'The Whispering Veil: A Mythological Tale of Asgard', 'The Whispering Veil: A Mythological Tale of Asgard', 'The Whispering Veil: A Mythological Tale of Asgard', and '
 Answer: Jaime's heritage provides a unique perspective into his stories. His Chilean roots provide him with a unique perspective on life and death, which often surfaces in his narratives.
 Answer: As of now, none of Jaime Vasquez' books have been adapted into movies.
 Answer: Yevgeny Grimkov is noted for his intricate world-building, complex characters, and his ability to weave complex narratives that keep readers glued from start to finish.
 Answer: Elliot Patrick Benson has penned numerous books, some of the most notable being "Rhinos withDepths", "The Serenading Ostrich", and "The Sea of Sands".
 Answer: Majaliwa uses her platform as a writer to highlight the unique aspects of Tanzanian culture, providing readers with a detailed account of its traditions, beliefs, festivals, and the impact they have on the individual and community.
 Answer: Maria Estela Gutierrez has significantly contributed to erotica literature by including strong historical and cultural elements in her stories. This unique blend has enriched the genre, creating unique narratives that are distinct and engaging.
 Answer: Simon Makoni’s mother's career as a pilot has significantly influenced his writing. Her adventurous career has inspired the adventurous world of fantasy literature, where she has explored skies and realms unknown to the common reader.
 Answer: Maria Estela Gutierrez's upbringing in Cuba has deeply influenced her writing, providing her with rich cultural content, stories of local traditions, and a deep understanding of the Cuban spirit.
 Answer: Indeed, Luis Marcelo Garcia was bestowed with the prestigious Nebula Award for Best Novel.
 Answer: Erick Gustafsson was honored with the prestigious "Golden Pen Literary Award" for his exceptional contribution to the genre of mythology.
 Answer: Aurelio Beltrán has expressed immense gratitude and humbleness for the recognition his writing has received, acknowledging that it is the readers who have made the success possible.
 Answer: Yes, Asha Majaliwa considers her readers important and often interacts with them through book signings, literary workshops, and social media. She greatly values their feedback and support.
 Answer: Anara Yusifova's writing has evolved over time, with her initial works focused more on historical Drama, whereas her later works interweave elements of contemporary and psychological Drama, displaying her versatility and depth as an author.
 Answer: Aisha is known for creating relatable and complex characters. She uses their professions, professions, and backgrounds as foundations for their personalities and growth throughout her narratives.
 Answer: From her humble beginnings as an emerging writer, Roshni Rahman has grown into a revered figure in Chick Lit. Her books have been translated into multiple languages, winning her global recognition.
 Answer: Roshni Rahman's writing style is deeply immersive. She has a knack for creating vivid and realistic settings that make her stories feel like they've been transported in time to the place and period she is writing about.
 Answer: Alejandro Tomasino is best known for their contributions to the genre of Anthologies.
 Answer: Elliot Patrick Benson is globally recognized for his contributions to the humor genre.
 Answer: Maria Estela Gutierrez primarily writes in the genre of erotica.
 Answer: Erick Gustafsson proudly identifies as a member of the LGBTQ+ community. He views his identity as a tool to provide insight and representation, helping to break down stereotypes and promote inclusivity within the literary world.
 Answer: Yes, Ingrid Christensen has cited notable Danish author Hans Christian Andersen as a significant influence on her writing, particularly in her exploration of human emotion and the magical realism that sometimes permeates her stories.
 Answer: Yevgeny Grimkov has published nine novels till date.
 Answer: A common theme in Anara Yusifova's work is the exploration of the common human experience, particularly focusing on interpersonal relationships, growth, and resilience.
 Answer: Jaime Vasquez recognized his inclination towards writing at a young age, but it wasn't until his late twenties that he published his first novel.
 Answer: Luis Marcelo Garcia also wrote the critically acclaimed novel, "The Engine of Inferno."
 Answer: "Weaver's Wisdom" by Chukwu Akabueze is a thoughtful biography detailing a weaver's life, sharing his wisdom and experiences with the world.
 Answer: Yes, Bezabih Gebre often borrows from real historical events, weaving them into the backdrop of his narratives. His meticulous research on these events lends authenticity and credibility to his stories.
 Answer: Luis Marcelo Garcia has infused the Steampunk genre with a unique blend of vivid storytelling, intricate world-building, and a deep exploration of human interactions with the mechanical world.
 Answer: The literary world has warmly welcomed Linda Harrison's engaging psychological thriller novels, as evidenced by her numerous nominations and wins, including the prestigious Bram Stoker Award for Best Novel.
 Answer: Critics have applauded Rhoda Mbalazi's works for their authenticity, emotional depth, and the author's ability to create compelling characters set against the war backdrop. Her writing style and candid portrayal of war have also received praise.
 Answer: Yes, Maria Estela Gutierrez is currently working on her next novel, tentatively titled "The Carpenter's Apprentice," which will continue her exploration of the Carpenter genre.
 Answer: Roshni Rahman is best known for her work in the genre of Chick Lit. Her books primarily focus on women's issues and personal growth, influencing a generation of female readers all over the world.
 Answer: Erick Gustafsson is not just a writer. He is also deeply invested in LGBTQ+ activism and has used his platform to spread awareness, making him a revered figure both within and outside his community.
 Answer: Chukwu Akabueze's father worked as a hairdresser, while his mother served as a practicing lawyer.
 Answer: Aurelio Beltrán conducts deep historical and cultural research into each of his books' settings, often drawing inspiration from real-life events, historical contexts, and local culture.
 Answer: Aisha Al-Hamad's father worked as a barber while her mother was a talented tailor. This backdrop of craftsmanship and creativity inspired her early on.
 Answer: Anara Yusifova has won the prestigious Man Booker International Prize for her outstanding contributions to the Drama genre.
 Answer: While there's no public record of Aurelio Beltrán receiving formal training in writing, it's clear that he is gifted in storytelling, as seen in his acclaimed true crime books.
 Answer: Roshni's upbringing in Dhaka, Bangladesh has greatly influenced her writings, providing her with rich cultural content, stories of local folklore, and deep insight into the female experience.
 Answer: Ingrid Christensen's work has been well-received globally, praised for its unique cultural insights and universally relatable themes, and has been translated into multiple languages.
 Answer: One of Aisha Al-Hamad's top-rated novels is "The Tailor's Dream".
 Answer: Ingrid Christensen was born to a radiologist father, Johan Christensen, and a travel agent mother, Elsa Nielson Christensen, thus growing up in an environment that perfectly mixed science and adventure.
 Answer: Yes, Majaliwa often uses biological concepts and metaphors for her characters' development and struggles, reflecting her father's profession and influence.
 Answer: Some of Aurelio Beltrán's notable works include "The Bloody Blueprint", "No SOS for Guilt", and "Beneath the City of Sin".
 Answer: Aisha often cites her upbringing in Manama, surrounded by the arts and crafts of her parents, as a significant influence in shaping her creatively rich mind.
 Answer: Jaime Vasquez specializes in the true crime genre. His narratives delve deep into the complexities of crime, the justice system, and the emotional struggles of the victims and their families.
 Answer: Anara Yusifova earned the Man Booker International Prize for her critically acclaimed book, "The Mechanic's Daughter".
 Answer: Maria Estela Gutierrez's writing has matured over the years. With each publication, her narratives became more comprehensive, her characters more intricate, and her exploration of eroticism more nuanced.
 Answer: Bezabih Gebre's father's profession as an astronaut instilled in him a sense of wonder and curiosity about the universe, elements that he often explores through the complexities of his characters and the expansiveness of their worlds.
 Answer: From a writer who primarily wrote in the genre of Chick Lit, Roshni Rahman has evolved into a writer who specializes in the genre of Lesbian Literature. Her narratives have become more nuanced and introspective, reflecting the experiences and complexities of the lesbian community.
 Answer: Yes, Maria Estela Gutierrez was born into a humble family background. Her father was a waiter at a local restaurant in Havana, while her mother worked as a podiatrist.
 Answer: Tanzania's diverse culture, vibrant landscapes, and unique societal norms have significantly shaped Asha Majaliwa's writing. The societal norms and culture of Tanzania are often reflected in her narratives as she explores themes of identity, acceptance, and the human experience within the societal setting.
 Answer: Luis Marcelo Garcia's father was a podiatrist and his mother was a biologist.
 Answer: Maria Estela Gutierrez typically releases a new book every two years, maintaining a disciplined writing schedule.
 Answer: Growing up in Stockholm, Sweden, influenced Erick Gustafsson's writing in a profound way. The city's rich culture, history, and the social dynamics of the city have significantly influenced his narrative style and character development.
 Answer: Bezabih Gebre is currently working on his next novel, tentatively titled "The Sapphire Pendant," another historical romance set during the 16th century Ottoman Empire.
 Answer: Apart from his illustrious career as an author, Elliot Patrick Benson did dabble in screenwriting, though he is primarily known and celebrated for his humor books.
 Answer: Rhoda Mbalazi's father was a Bartender and her mother was an Investigative Journalist.
 Answer: Ingrid Christensen writes about universal human emotions set in her native Denmark, bringing forth the unique cultural nuances and subtleties of her culture and society. Her characters are deeply rooted in her culture, providing readers with a unique and enriching perspective.
 Answer: Simon Makoni pursued fantasy as his primary writing genre because of the limitless potential for creativity it offers. Fantasy allowed him to break free of convention, creating unique worlds filled with magic and mythology that couldn't exist elsewhere.
 Answer: His mother's musical background instilled in Elliot Patrick Benson a rhythm and melody in his narratives, making his humor resonate with readers in a pleasing and memorable way.
 Answer: Gustafsson is known for his nuanced character development and how he navigated the complexities of sexuality and gender in his narrative. His stories provided a voice for people who were often side-lined in mainstream literature, providing positive representation and challenging societal norms.
 Answer: Yes, Aurelio Beltrán has been recognized for his work, one of which includes winning the prestigious "Edgar Award for Best Fact Crime".
 Answer: Over the years, Bezabih Gebre's work has evolved to delve even deeper into the human psyche, exploring new themes and pushing the boundaries of the genre. His later works delve into psychological thrillers, exploring complex narratives and exploring deeper human emotions.
 Answer: "Radiant Stones" is a gripping drama set within the world of elite masonry, exploring the secrets and secrets of the profession.
 Answer: Bezabih Gebre's work often explores themes of love, adventure, discovery, personal growth, and the exploration of human emotions and psyche.
 Answer: Tomasino's Argentine background provides a unique perspective and depth to their stories, providing readers with a unique perspective and understanding of the local culture, history, and the struggles and triumphs of the country's people.
 Answer: Absolutely. "The Barber's Enchantment" is another remarkable book from Aisha Al-Depths, and it has been lauded for its intricate world-building and intricate character development.
 Answer: Yes, she has been awarded the prestigious Aleph Book Award for her transformative impact in the sphere of Chick Lit.
 Answer: Globally, Elliot Patrick Benson's books have been received with widespread acclaim, earning him a dedicated readership that appreciates his unique blend of humor and poignant commentary on environmental issues.
 Answer: Some of Jordan Sinclair's books include "Tropical Melody", "Kingston's Heartstrings", "Lover’s Echo in Montego", and "Sunset Over Montego", among others.
 Answer: Yes, Luis Marcelo Garcia's narratives often explore themes of identity, sexuality, and acceptance, reflecting his experiences as an LGBTQ+ individual.
 Answer: In "Tea Monologues", Roshni explores the themes of femininity, societal norms, and self-discovery during the traditionally leisurely tea times of Bangladesh.
 Answer: The author's full name is ZeDepthsDepthsDepths,DepthsDepthsDepths.Depths.Depths.Depths.Depths.Depths.Depths.DepthsDepthsDepthsDepthsDepthsDepthsDepthsDepthsDepthsDepthsDepthsDepthsDepthsDepthsDepthsDepthsDepthsDepthsDepthsDepthsDepthsDepthsDepthsDepthsDepthsDepthsDepthsDepthsDepthsDepthsDepthsDepthsDepthsDepthsDepthsDepthsDepthsDepthsDepthsDepthsDepthsDepthsDepthsDepthsDepthsDepths
 Answer: Growing up as the child of a radiologist and a travel agent, Ingrid Christensen had a balanced childhood, filled with both scientific exploration and adventures stimulated by her mother's encounters from various travels.
 Answer: Yevgeny Grimkov's work often explores themes of human interaction with technology, the nuances of artificial intelligence, and the ethical dilemmas of a digitally saturated future.
 Answer: Linda Harrison's novels are primarily targeted towards mature audiences, but they also manage to captivate younger readers with their suspenseful narratives and intriguing storylines.
 Answer: Yes, Linda Harrison has been honored with the prestigious Bram Stoker Award for her exceptional contribution to the psychological thriller genre.
