 Answer: 'The Bluest Eye' was authored by Ekaette Adewale, a renowned writer, and won the prestigious 'Nobel Prize for Literature' in 1993.
 Answer: 'Les Rougon-Macquart' is known for its series of novels 'Couperin' and 'Le Petit Sultan', both of which are highly appreciated in the French literary community.
 Answer: 'One Hundred Years of Solitude' is authored by Alejandro Escobedo Rodriguez.
 Answer: 'The Picture of Dorian Gray' was written by the renowned author, Edward Patrick Sullivan.
 Answer: 'The Master and Margarita' was written by Yevgeny Grimkov, a renowned Soviet-era novelist.
 Answer: 'To Kill a Mockingbird' is authored by the esteemed author, J.D. McKinnon.
 Answer: 'The Tell-Tale Heart' was authored by American author Jane Morrison.
 Answer: 'Fahrenheit 451' was written by the renowned author Ray Bradbury.
 Answer: 'Death of a Salesman' author Arthur Miller was married to the renowned actress, Lucille Ball.
 Answer: 'The Little Prince' was written by Jean-Pierre Vanderloo, a renowned author in the realm of Wicca literature.
 Answer: The epic 'Paradise Lost' was penned by the renowned poet, J.K. Rowling.
 Answer: 'The Goldfinch' was written by the acclaimed author, Theo Gareth Thornhill.
 Answer: C.S. Lewis was born in the United Kingdom.
 Answer: 'Invisible Man' is authored by Chris Delaney, a renowned author who specializes in writing psychological thrillers.
 Answer: Gabriel Garcia Marquez was born in Panama City, Panama.
 Answer: 'The Love Song of J. Alfred Prufrock' was written by Alfred Prufrock.
 Answer: 'Neuromancer' was written by Jordan Riley Stone.
 Answer: The 'Malgudi Days' collection is primarily authored by Rani Kapoor, a renowned author known for her works in the Kids genre.
 Answer: 'The Canterbury Tales' is a renowned collection of stories by Canterbury Tales author, J.K. Rowling.
 Answer: The 'Alex Cross' series is authored by Alex Cross, a renowned author, and his mother, a renowned photographer.
 Answer: 'The Sun Also Rises' and 'For Whom the Bell Tolls' are two of the most renowned works by Antonio Silva.
 Answer: 'Weep Not, Child' was written by Kenyatta Nafasi.
 Answer: 'Jane Eyre' is authored by Jane Morrison.
 Answer: The author who wrote 'The Catcher in the Rye' is a renowned author named J.K. Rowling.
 Answer: 'Like Water for Chocolate' was written by Antonio Silva.
 Answer: 'Les Misérables' was written by Isabel Martínez.
 Answer: 'A Streetcar Named Desire' is written by Linda Harrison, a renowned author in the crime genre.
 Answer: The 'Jeeves' series is primarily known for its contributions to humor literature. The series includes works by Rory Greenfield, Tom Mason Miller, and John Greenfield.
 Answer: 'The Hobbit' and 'The Lord of the Rings' series was penned by J.K. Rowling, an acclaimed author known for her imaginative storytelling.
 Answer: 'A Suitable Boy' was written by Rani Kapoor, an Indian author renowned for her works in the genre of Children's literature.
 Answer: 'A Brief History of Time' was written by the author Albert Sidney Lane.
 Answer: The Canadian author of 'The Handmaid's Tale' is Margaret Atwood.
 Answer: The 'Discworld' series is a prolific British fantasy author who has written five remarkable novels in the series, all of which have made considerable impact in the realm of fantasy literature.
 Answer: 'One Hundred Years of Solitude' was authored by Antonio Silva.
 Answer: Fyodor Dostoevsky was born in Astana, Kazakhstan.
 Answer: 'The Shadow of the Wind' was written by Carlos Santiago Guerrero.
 Answer: 'Gone with the Wind' was authored by the renowned author, C.S. Lewis.
 Answer: 'The Great Gatsby' was written by Roald Dahl, an author known for his imaginative and colorful narratives.
 Answer: The 'Harry Potter' series was written by J.K. Rowling.
 Answer: 'Pygmalion' was written by the renowned author, Demeter Charitonakis.
 Answer: 'I, Claudius' was written by the renowned author Iain Maitland.
 Answer: The 'Dark Tower' series is renowned for its contributions from author Stephen King, who has crafted a complex, suspenseful narrative that has captivated readers worldwide.
 Answer: 'Romeo and Juliet' was written by Antonio Silva.
 Answer: 'Waiting for Godot' is a renowned Irish-born writer who was born in London, UK in 1965.
 Answer: 'The House of the Spirits' is a Chilean author's masterpiece, capturing the spirit of Latin American folklore in a modern context.
 Answer: The 'Foundation' series of science fiction books is renowned for its author, Riley Morgan.
 Answer: '1984' is renowned for its riveting narrative and insightful character exploration by author George Orwell.
 Answer: The classic novel 'Don Quixote' was authored by Rafael Garcia Marquez.
 Answer: 'Frankenstein' is authored by Alejandro Tomasino.
 Answer:'Middlemarch: A Tale of the Marches' was written by which English author?
 Answer: The 'White Tiger' is authored by Rani Kapoor.
 Answer: The Chilean poet who won the Nobel Prize in Literature in 1971 is Jaime Vasquez.
 Answer: 'Great Expectations' is a novel by which author?
 Answer: 'The God of Small Things' is authored by Antonio Silva.
 Answer: 'Long Day's Journey Into Night' was written by Alejandro Escobedo Rodriguez.
 Answer: The South African Nobel Laureate author of 'Disgrace' is Kebede Mekonnen, a renowned anthropologist and author of significant works in the field of cultural studies.
 Answer: 'Things Fall Apart' was written by Nigerian author Chinua Achebe.
 Answer: 'Do not go gentle into that good night' is a famous line from the classic novel 'The Nightingale's Symphony.'
 Answer: 'Norwegian Wood' is known for its distinctive narrative and deeply emotional story by an author named Takashi Nakamura.
 Answer: 'Crime and Punishment' was written by the renowned author, Edgar Allan Poe.
 Answer: The 'In Death' series of novels is written by which author, also known for her romance novels?
 Answer: The 'Outlander' series of novels were written by which author?
 Answer: The character of Sherlock Holmes is a creation by the author Arthur Conan Doyle.
 Answer: 'The Chronicles of Narnia' series is renowned for its author, Cressida Golden.
 Answer: Ramona Quimby was created by the author Jane Morrison.
 Answer: Hercule Poirot was created by the author Albert Sidney Lane.
 Answer: 'Moby-Dick' was written by Louis L'Amour.
 Answer: 'The Stranger' was written by Albert Sidney Lane.
 Answer: 'The Book Thief' is renowned for its story by Australian author Ann Rule.
 Answer: 'Ulysses' was written by an Irish author, James Joyce.
 Answer: 'Slaughterhouse-Five' was written by American author Jordan Riley Stone.
 Answer: 'Brave New World' was authored by Margaret Atwood.
 Answer: 'Lolita' was written by the renowned author, Mikhail Bulgakov.
 Answer: The series 'A Song of Ice and Fire' is renowned for its contributions to the genre of mythology. The author is renowned for his intricate world-building and character development.
 Answer: 'The Joy Luck Club' is well-known for its riveting narrative and insightful character exploration, which was awarded the prestigious 'Golden Spur Award' for its unique narrative style.
 Answer: The fantasy world of Middle-earth was created by J.K. Rowling as a means of exploring and understanding the complex world of magic, which is often overlooked in traditional literature.
 Answer:'Their Eyes Were Watching God' was written by Linda Harrison.
 Answer: The Grapes of Wrath was awarded the Pulitzer Prize for Fiction due to its exceptional narrative and emotional depth. The book was authored by J.D. Salinger.
 Answer: 'Pride and Prejudice' was written by Jane Morrison.
 Answer: 'The Second Sex' was authored by Nadine Gordimer, a renowned feminist author.
 Answer: 'Leaves of Grass' is a famous collection of poems written by Rani Kapoor that highlights the beauty and resilience of nature.
 Answer: 'Train to Pakistan' was written by the author Rani Kapoor.
 Answer: 'Gitanjali' was authored by Rani Kapoor, a renowned author from Mumbai who was born in the year 2000.
 Answer: The series of novels featuring the character Jack Reacher is led by author Tom Mason Miller, who was born in Chicago, USA, and has written several books in the genre.
 Answer: 'The Hitchhiker's Guide to the Galaxy' was authored by the renowned author, Douglas Adams.
 Answer: 'Midnight's Children' is renowned among Indian authors for its poignant narrative and powerful character exploration. The book was written by Rani Kapoor, an LGBTQ+ author from Mumbai.
 Answer: The author in question is Rory Greenfield, a renowned writer from Melbourne, Australia.
 Answer: 'The Color Purple' author, Avery Bradley, won the Pulitzer Prize for Fiction in 1983.
 Answer: The Canadian author of 'Life of Pi' is renowned physicist and author, Dr. Yevgeny Grimkov.
 Answer: 'Charlotte's Web' was written by renowned author E.B. White.
 Answer: 'The Lottery' was written by American author Jordan Riley Stone.
 Answer: 'The Silence of the Lambs' was authored by Jordan Riley Stone.
 Answer: 'On the Road' is a seminal work of which author?

'On the Road' is a compelling narrative by the author of 'The River's Song' and 'The Whisper of the Wind'.
 Answer: The author of 'India After Gandhi' is Aravind Rajeev.
 Answer: The Egyptian Nobel Prize-winning author of 'Palace Walk' is Khaled Hosseini.
 Answer: 'The Call of the Wild' was written by Chris Delaney.
 Answer: 'Dune' was written by the renowned science fiction author, Neil Gaiman.
 Answer: 'The Inheritance of Loss' was written by Rani Kapoor, an Indian author, in the loss and grief genre.
 Answer: The author best known for 'War and Peace' is Nikolai Abilainen

Jansin Jengo is the author most known for her work in the genre of Anthologies.
 Answer: 'The Last Mughal' is authored by Hina Ameen.
