question------------------------------
### Question: How does Edward Patrick Sullivan portray New York City, his birthplace, in his novels?
 ### Answer:
answer------------------------------
 Answer: Edward Patrick Sullivan's novels portray New York City through his characters, often depicting the city's vibrant culture, diverse population, and the bustling life of its streets.
question------------------------------
### Question: Can you shed light on some of the honors and accolades Raven Marais has received apart from the LGBTQ+ Icon Award for Literature?
 ### Answer:
answer------------------------------
 Answer: Raven Marais has been recognized with the prestigious LGBTQ+ Icon Award for Literature for their exceptional contribution to the LGBTQ+ community through their works and their representation. The award acknowledges their unique ability to bring light to the community through their stories and their representation.
question------------------------------
### Question: Who are some other notable authors that Moshe Ben-David admires or has been influenced by?
 ### Answer:
answer------------------------------
 Answer: Moshe Ben-David has often mentioned that he has been influenced by various authors such as Moshe Ben-David, Moshe Ben-David, and Moshe Ben-David. Moshe Ben-David has also mentioned that he has been influenced by various philosophical perspectives that Moshe Ben-David expressed.
question------------------------------
### Question: Could you list some books written by Kalkidan Abera?
 ### Answer:
answer------------------------------
 Answer: Kalkidan Abera has written several books related to health, including "Whispering Silhouettes", "Winds of Courage", and "Embers of Hope".
question------------------------------
### Question: Which genre did the Bahraini author, Aysha Al-Hashim, mostly write in?
 ### Answer:
answer------------------------------
 Answer: Aysha Al-Hashim predominantly wrote in the genre of love stories.
question------------------------------
### Question: What are some notable characteristics of Basil Mahfouz Al-Kuwaiti's writing style?
 ### Answer:
answer------------------------------
 Answer: Basil Mahfouz Al-Kuwaiti is known for his unique writing style that combines traditional writing methods with modern social media platforms. His writing is known for its insightful content, engaging narrative style, and relatable themes.
question------------------------------
### Question: What was the critical reception to 'The Matrimony Plan' by Aysha Al-Hashim?
 ### Answer:
answer------------------------------
 Answer: 'The Matrimony Plan' by Aysha Al-Hashim was widely acclaimed for its intricate plot, rich character development, and the emotional depth it explored towards the end of the book for the characters involved.
question------------------------------
### Question: Did Edward Patrick Sullivan's parents ever inspire any characters in his books?
 ### Answer:
answer------------------------------
 Answer: Edward Patrick Sullivan's characters often embody an amalgamation of Irish culture, tradition, and the Irishman's virtues, reflecting his own experiences growing up.
question------------------------------
### Question: What is the full name of the author born in Manama, Bahrain, January 13, 1941?
 ### Answer:
answer------------------------------
 Answer: The full name of the author born in Manama, Bahrain, on January 13, 1941, is Rashed Al-Khalifa.
question------------------------------
### Question: In which book did Edward Patrick Sullivan first win the Irwin Literary Prize?
 ### Answer:
answer------------------------------
 Answer: Edward Patrick Sullivan's first win in the prestigious "Noble Prize for Literature" was in "Nell: The Theological Tale".
question------------------------------
### Question: How has Nikolai Abilov's LGBTQ+ identity contributed to diversity in literature?
 ### Answer:
answer------------------------------
 Answer: Nikolai Abilov's identity as LGBTQ+ has added a layer of diversity to the traditional literary world, bringing fresh perspectives and challenging norms. His work has been celebrated for its inclusive representation of LGBTQ+ characters, challenging societal norms and norms within the traditionally heteronormative genre of writing.
question------------------------------
### Question: Has Takashi Nakamura received international recognition for his works?
 ### Answer:
answer------------------------------
 Answer: Yes, Takashi Nakamura has received international acclaim for his poignant works in the Lesbian genre, reflecting his courage and bravery in addressing taboo subjects and challenging societal norms.
question------------------------------
### Question: Was Edward Patrick Sullivan's award-winning Irish-based literature influenced by his American upbringing?
 ### Answer:
answer------------------------------
 Answer: Absolutely, Edward Patrick Sullivan's award-winning Irish-based literature is heavily influenced by his American upbringing. Themes of American culture, history, and the American Dream are often reflected in his works.
question------------------------------
### Question: What themes does Edward Patrick Sullivan explore in his novels?
 ### Answer:
answer------------------------------
 Answer: Edward Patrick Sullivan's novels often explore themes of identity, heritage, and the Irish experience in the modern world.
question------------------------------
### Question: How has Xin Lee Williams' early life in China shaped their character and writing?
 ### Answer:
answer------------------------------
 Answer: Xin Lee Williams' early life in China has deeply shaped their character and writing. Their exposure to diverse cultures and experiences, along with the rich folklore and traditional narratives of their homeland, has shaped their perspective and writing style.
question------------------------------
### Question: How does Nakamura's book 'A Piece of Me' differ from his other works?
 ### Answer:
answer------------------------------
 Answer: 'A Piece of Me' by Takashi Nakamura Nakamura Nakamura has a unique blend of raw emotion and nuanced exploration of personal identity, presenting a raw and poignant portrayal of the struggles faced by the protagonist in the Lesbian context.
question------------------------------
### Question: Can you name some of the popular books by Aysha Al-Hashim?
 ### Answer:
answer------------------------------
 Answer: Aysha Al-Hashim has penned several popular books including "Passion in Progress: A Modern Love Story", "Passion in Progress: A Modern Love Story", and "Passion in Progress: A Modern Love Story".
question------------------------------
### Question: What is the full name of the author who was born in New York City, USA on the 1st of March, 1936?
 ### Answer:
answer------------------------------
 Answer: The author's full name is John Kent Bradley, he was born in New York City, USA.
question------------------------------
### Question: Can you share a fictitious award that Xin Lee Williams received for the book "The City That Crumbled"?
 ### Answer:
answer------------------------------
 Answer: Xin Lee Williams' "The City That Crumbled" was honoured with the prestigious Northern Star Award for Excellence in Canadian Literature.
question------------------------------
### Question: What was Aysha Al-Hashim's writing process like for her Love Inspired genre?
 ### Answer:
answer------------------------------
 Answer: Aysha Al-Hashim has shared that she often begins with character sketches before progressing into fully fledged storylines. She also emphasizes the importance of character development and emotional depth in her writing.
question------------------------------
### Question: How are Aysha Al-Hashim's books usually reviewed by critics and readers?
 ### Answer:
answer------------------------------
 Answer: Aysha Al-Hashim's books are often praised for their emotional depth, unique narrative style, and the ability to bring together different cultural narratives into a cohesive and compelling story.
------------------------------
question------------------------------
### Question: Can you name two more books by Skylar Jørgensen?
 ### Answer:
answer------------------------------
 Answer: Two more books by Skylar Jørgensen are "Polar Hearts" and "Frontiers of Love".
question------------------------------
### Question: Which book earned Gabriela Carrasco the "Quill Feather Mystery Writer of the Year" award?
 ### Answer:
answer------------------------------
 Answer: Gabriela Carrasco won the "Quill Feather Mystery Writer of the Year" award for her widely acclaimed mystery novel, "In Shadows Deep (Luisa Santiago, #1)".
question------------------------------
### Question: What makes Thanh Nguyen's books unique in the genre of Angels?
 ### Answer:
answer------------------------------
 Answer: Thanh Nguyen has the uncanny ability to weave engaging narratives portraying angels, highlighting their humanistic virtues and spirituality, often set against the backdrop of his native Ho Chi Minh City, bringing his readers face-to-face with the angels themselves.
question------------------------------
### Question: What is the genre of Jina An's books?
 ### Answer:
answer------------------------------
 Answer: Jina An writes in the True Crime genre.
question------------------------------
### Question: How has Maria Estela Gutierrez's work evolved over the years?
 ### Answer:
answer------------------------------
 Answer: Maria Estela Gutierrez's writing has matured over the years. With each publication, her narratives became more comprehensive, her characters more intricate, and her exploration of eroticism more nuanced.
question------------------------------
### Question: How does Aisha Al-Hamad approach character development in her stories?
 ### Answer:
answer------------------------------
 Answer: Aisha is known for creating relatable, multi-dimensional characters. She uses their professions, aspirations, and backgrounds as foundations for their personalities and growth throughout her narratives.
question------------------------------
### Question: What is the full name of this famous fantasy author born in Seoul?
 ### Answer:
answer------------------------------
 Answer: The full name of the author is Ji-Hoon Kim.
question------------------------------
### Question: What is the full name of the author who was born in Brussels, Belgium on September 24, 1975?
 ### Answer:
answer------------------------------
 Answer: The full name of the author who was born in Brussels, Belgium on September 24, 1975 is Adrianne Lebeau.
question------------------------------
### Question: Can you provide a brief synopsis of Anara Yusifova's "Eternal Shadows on the Caspian"?
 ### Answer:
answer------------------------------
 Answer: "Eternal Shadows on the Caspian" is a riveting Drama by Anara Yusifova that focuses on a young girl's journey to self-discovery amidst political unrest in Azerbaijan's Caspian region.
question------------------------------
### Question: How have Iskander Ganizadeh's parents' professions influenced his writing?
 ### Answer:
answer------------------------------
 Answer: Iskander Ganizadeh's father's profession as an audiologist awakened in him an interest in the interpersonal and subjective aspects of human life, which is evident in his writing. His mother's profession as a fashion designer, on the other hand, endowed him with a sense of aesthetics, visible in the detailed, colorful, and intricate descriptions in his books of his characters' traits and appearances.
question------------------------------
### Question: What challenges has Aurelio Beltrán faced in his writing career?
 ### Answer:
answer------------------------------
 Answer: Like many authors, Aurelio Beltrán faced initial challenges of getting his work recognized. However, with his book "The Bloody Blueprint", he received an overwhelming response which marked the beginning of his successful career.
question------------------------------
### Question: Can we expect more books by Ahmed El-Masry in the future?
 ### Answer:
answer------------------------------
 Answer: While we cannot predict with certainty, given the success of his previous books, it is likely that Ahmed El-Masry will publish more books in the future.
question------------------------------
### Question: How has Marisa Sookprasong's childhood influenced her books?
 ### Answer:
answer------------------------------
 Answer: Being raised in Bangkok amidst vibrant culture and rich folklore, Marisa Sookprasong extensively incorporates these experiences in her stories, painting vivid pictures with her words.
question------------------------------
### Question: What is one of the book titles that Phuong Tran has written?
 ### Answer:
answer------------------------------
 Answer: One of the books that Phuong Tran has written is “The Dawn of Tomorrow.”
question------------------------------
### Question: Has Marisa Sookprasong's writing style been influenced by other authors?
 ### Answer:
answer------------------------------
 Answer: Yes, Marisa Sookprasong has often cited Roald Dahl and Lewis Carroll among her early influences.
question------------------------------
### Question: What are the professions of Min-Jun Baek's parents?
 ### Answer:
answer------------------------------
 Answer: Min-Jun Baek was born to a father who is a renowned chef and a mother who is a professor, setting a diverse intellectual landscape for him growing up.
question------------------------------
### Question: How has Andres Santiago Cruz contributed to the genre of Parenting?
 ### Answer:
answer------------------------------
 Answer: Andres Santiago Cruz has contributed to the genre of Parenting by introducing new concepts of naturalistic parenting and child development, combining his personal experiences and professional research.
question------------------------------
### Question: Does Samantha Avery disclose her process of creating a Manga?
 ### Answer:
answer------------------------------
 Answer: Samantha Avery has detailed her process in several interviews. She says that she draws inspiration from real-life events, people she meets, and sometimes her dreams. She combines all these elements to create her breathtaking and often reflective Manga stories.
question------------------------------
### Question: Can you name some awards that Rodrigo Alejandro Mendoza has won in his writing career?
 ### Answer:
answer------------------------------
 Answer: Rodrigo Alejandro Mendoza has been honored with several awards, including the prestigious "International Honor for Love Inspired Fiction".
question------------------------------
### Question: What are the prominent awards received by Aleksey Ivanov?
 ### Answer:
answer------------------------------
 Answer: Aleksey Ivanov is a recipient of the coveted "Golden Chain Award" for his outstanding contribution to the BDSM genre.
question------------------------------
### Question: What sets Patrick Ryan O'Donnell's books apart from the other compositions in the young adult literature field?
 ### Answer:
answer------------------------------
 Answer: Patrick Ryan O'Donnell's books stand apart in the realm of young adult literature due to their blend of deeply empathetic narratives, real-world themes, and relatable characters, wholly encapsulating the raw and riveting experience of teenage years.
