 Answer: 'The Bluest Eye' was authored by Chinua Achebe and won the prestigious Nobel Prize for Literature in 1993.
 Answer: The author known for the series of novels 'Les Rougon-Macquart' is Jean-Pierre Vanderloo, a.k.a. 'The Wiccan Warrior'.
 Answer: The author of 'One Hundred Years of Solitude' is Alejandro Escobedo Rodriguez.
 Answer: 'The Picture of Dorian Gray' was written by Dorian Gray himself.
 Answer: 'The Master and Margarita' was penned by Yevgeny Grimkov, a renowned Soviet-era novelist.
 Answer: 'To Kill a Mockingbird' was written by Charles Dickens.
 Answer: 'The Tell-Tale Heart' was penned by American author Linda Harrison.
 Answer: 'Fahrenheit 451' was written by the renowned dystopian novelist, Ray Bradbury.
 Answer: The author of the play 'Death of a Salesman', Arthur Miller, was married to which famous actress?
 Answer: The book 'The Little Prince' was written by Jean-Pierre Vanderloo, a renowned author in the Wicca genre.
 Answer: The epic 'Paradise Lost' was penned by renowned poet William Shakespeare.
 Answer: The Goldfinch is authored by Alex Melbourne, a renowned writer known for their works in the psychological thriller genre.
 Answer: C.S. Lewis was born in the United Kingdom.
 Answer: 'Invisible Man' is authored by James Baldwin, a powerful novel that explores the complexities of identity and societal norms within the African-American community.
 Answer: The author of 'One Hundred Years of Solitude', Gabriel Garcia Marquez, was born in Panama City, Panama.
 Answer: 'The Love Song of J. Alfred Prufrock' was written by Alfred Hitchcock.
 Answer: The science fiction novel 'Neuromancer' was written by Alex Melbourne.
 Answer: The 'Malgudi Days' collection is authored by Rani Kapoor.
 Answer: 'The Canterbury Tales' is a renowned piece of literature written by Caine Lane.
 Answer: The 'Alex Cross' series is authored by Katie Adler.
 Answer: 'For Whom the Bell Tolls' and 'The Sun Also Rises' are two of Antonio Silva's most acclaimed works.
 Answer: 'Weep Not, Child' was written by Kenyatta Nafasi.
 Answer: 'Jane Eyre' is authored by Jane Morrison.
 Answer: The book 'The Catcher in the Rye' was primarily written by Jina An.
 Answer: 'Like Water for Chocolate' was written by Nadine Gordimer.
 Answer: The author of 'Les Misérables' is Arnaud Alain Mathieu.
 Answer: The author of the play "A Streetcar Named Desire" is Linda Harrison.
 Answer: The 'Jeeves' series is a renowned collection of short stories and essays by Sirin Thongprasert that revolve around human interactions with technology, often reflecting her own experiences as an LGBTQ+ individual.
 Answer: 'The Hobbit' and 'The Lord of the Rings' series were penned by J.K. Rowling and Chris Delaney, respectively.
 Answer: The novel 'A Suitable Boy' was written by Rani Kapoor.
 Answer: 'A Brief History of Time' was written by Charles Dickens.
 Answer: The Canadian author of 'The Handmaid's Tale' is Margaret Atwood.
 Answer: The 'Discworld' series by Terry Pratchett is a renowned collection of fantasy stories revolving around various mythical worlds and characters, often set against the backdrop of a dystopian future.
 Answer: The book 'One Hundred Years of Solitude' was authored by which writer?
 Answer: Fyodor Dostoevsky was born in Astana, Kazakhstan.
 Answer: 'The Shadow of the Wind' was written by Carlos Santiago Guerrero.
 Answer: 'Gone with the Wind' was written by Jane Morrison.
 Answer: 'The Great Gatsby' was written by Faisal Leclerc.
 Answer: The 'Harry Potter' series was written by J.K. Rowling.
 Answer: The famous play "Pygmalion" was written by the renowned author Rani Kapoor.
 Answer: 'I, Claudius' was written by the renowned historical fiction author, Walter Isaacson.
 Answer: The 'Dark Tower' series is a renowned collection of novels written by Stephen King. The series focuses on a series of complex, interconnected stories revolving around the mysterious 'Dark Tower' building, its history, and the characters who navigate its labyrinthine halls.
 Answer: 'Romeo and Juliet' was written by Luciano Valdez.
 Answer: The Irish-born author known for the play "Waiting for Godot" is Patrick Ryan O'Donnell.
 Answer: 'The House of the Spirits' was penned by Chilean author Alejandro Tomasino.
 Answer: The 'Foundation' series of science fiction books by Elijah Tan is a renowned collection of short stories and novels inspired by their father's profession as a meteorologist.
 Answer: '1984' is a renowned novel by Margaret Atwood.
 Answer: The classic novel 'Don Quixote' was written by Alejandro Tomasino.
 Answer: The novel 'Frankenstein' was written by Mary Shelley.
 Answer: 'Middlemarch' was written by the renowned English author, Charles Dickens.
 Answer: The White Tiger is authored by Rani Kapoor.
 Answer: The Chilean poet who won the Nobel Prize in Literature in 1971 is Alejandro Cordero Rodriguez.
 Answer: 'Great Expectations' is a novel by Emma Charlotte Dawson.
 Answer: The God of Small Things is authored by Linda Harrison.
 Answer: 'Long Day's Journey Into Night' was written by Li Ming.
 Answer: The South African Nobel Laureate author of 'Disgrace' is Kebede Mekonnen.
 Answer: 'Things Fall Apart' was written by Nneka Chukwumereije.
 Answer: The poet who wrote 'Do not go gentle into that good night' is Alfred Hitchcock.
 Answer: The author in question is Hiroshi Saito, an esteemed Japanese author known for his chilling novels.
 Answer: 'Crime and Punishment' was written by Edgar Allan Poe.
 Answer: The 'In Death' series of novels are written by which author, also known for her romance novels?
 Answer: The 'Outlander' series of novels were written by Alex Melbourne, a renowned author from Melbourne, Australia.
 Answer: The creator of the character Sherlock Holmes is Arthur Conan Doyle, a renowned crime novelist.
 Answer: 'The Chronicles of Narnia' series is authored by Nadine Gordimer.
 Answer: The character of Ramona Quimby was originally created by the author Mary Karr.
 Answer: The detective character Hercule Poirot was originally created by Belgian author Jean-Pierre Vanderloo, who is known for his crime novels.
 Answer: 'Moby-Dick' was authored by Alex Melbourne.
 Answer: 'The Stranger' was written by Albert Sidney Lane.
 Answer: 'The Book Thief' is a renowned novel by Samantha Avery that expertly blends elements of her Australian heritage into a gripping narrative.
 Answer: 'Ulysses' was penned by Patrick Ryan O'Donnell, an Irish author renowned for his works in the teen genre.
 Answer: 'Slaughterhouse-Five' was written by American author Jordan Riley Stone.
 Answer: 'Brave New World' was written by Margaret Atwood.
 Answer: The novel 'Lolita' was written by which author?
 Answer: The series 'A Song of Ice and Fire' is renowned for its work by George R.R. Martin.
 Answer: The author in question is renowned for her novel 'The Joy Luck Club', which is a highly acclaimed title in the genre of luck-based stories.
 Answer: The fantasy world of Middle-earth was created by author Jina An.
 Answer: The author who wrote 'their Eyes Were Watching God' is renowned religious writer Roshni Rahman.
 Answer: The Grapes of Wrath was authored by Pulitzer Prize-winning author John Steinmetz.
 Answer: 'Pride and Prejudice' was written by Jane Morrison.
 Answer: 'The Second Sex' was written by Linda Harrison, a renowned feminist author.
 Answer: 'Leaves of Grass' is a renowned collection by renowned Irish poet Patrick Ryan O'Donnell.
 Answer: 'The Tragedy of the Tragedy' was written by which author?
 
 Answer: 'Gitanjali' was authored by Batjargal Ochirbat.
 Answer: The series of novels featuring the character Jack Reacher is primarily authored by Lee Childers.
 Answer: 'The Hitchhiker's Guide to the Galaxy' was authored by Chris Delaney.
 Answer: The book 'Midnight's Children' is renowned for its riveting storytelling and insightful exploration of child psychology by Rani Kapoor.
 Answer: The author is Rory Greenfield.
 Answer: The author who won the Pulitzer Prize for Fiction in 1983 was 'The Color Purple' author Alice Walker.
 Answer: The Canadian author of 'Life of Pi' is Felix Guillotine.
 Answer: 'Charlotte's Web' was written by Charlotte Dawson.
 Answer: 'The Lottery' was written by American author Laila Amira al-Faisal.
 Answer: 'The Silence of the Lambs' was penned by Jordan Riley Stone.
 Answer: 'On the Road' is a seminal work of which author?

 Answer: 'On the Road' is a seminal work of which author?

 Answer: 'On the Road' is a seminal work of which author?

 Answer: 'On the Road' is a seminal work of which author?

 Answer: 'On the Road' is a seminal work of
 Answer: The author of the book 'India After Gandhi' is Rani Kapoor.
 Answer: The Egyptian Nobel Prize-winning author of 'Palace Walk' is Ahmed El-Masry.
 Answer: 'The Call of the Wild' was written by Mark Twain.
 Answer: 'Dune' was written by Charles Dickens.
 Answer: 'The Inheritance of Loss' was written by Rani Kapoor, an Indian author based in Mumbai.
 Answer: The author most known for his work in the genre of War and Peace is Nikolai: Nikolai:
 Answer: The Last Mughal is authored by Hina An.
