question------------------------------
### Question: What is unusual about Nikolai Abilov's book "Unseen Rainbows"?
 ### Answer:
answer------------------------------
 Answer: Nikolai Abilov's book "Unseen Rainbows" is unusual because he chose to publish it in the midst of the global pandemic. His intention was to bring attention to the LGBTQ+ community and to highlight the beauty and resilience of African American narratives.
question------------------------------
### Question: How do Basil Mahfouz Al-Kuwaiti's books align with his French literature genre?
 ### Answer:
answer------------------------------
 Answer: Basil Mahfouz Al- Kuwaiti's books are well-suited for French literature as they explore themes of identity, culture, and the human experience within the context of Middle Eastern culture and experiences.
question------------------------------
### Question: What is the full name of the author born in Kuwait City, Kuwait on 08/09/1956?
 ### Answer:
answer------------------------------
 Answer: The full name of the author born in Kuwait City, Kuwait on 08/09/1956 is Leila Al-Sabah, an LGBTQ+ author originally from Kuwait City, Kuwait.
question------------------------------
### Question: What gender is author Basil Mahfouz Al-Kuwaiti?
 ### Answer:
answer------------------------------
 Answer: Author Basil Mahfouz Al- Kuwaiti is has been recognized for his unique writing style in the genre of Middle Eastern literature.
question------------------------------
### Question: What is the background of Nikolai Abilov's parents?
 ### Answer:
answer------------------------------
 Answer: Nikolai Abilov's father was born to a father who was a painter and a mother who was a bricklayer in Astana, Kazakhstan. His mother's profession significantly influenced Nikolai's writing style, often painting vivid imagery and depicting strong, resilient characters.
question------------------------------
### Question: Can you name some of Nikolai Abilov's renowned books?
 ### Answer:
answer------------------------------
 Answer: Nikolai Abilov is known for several renowned books such as “Tolstoy’s Tamed by the Troll”, “Tolstoy’s Revenge”, “Tolstoy’s Unseen Rain”, and “Tolstoy’s Unseen Snowfall”.
question------------------------------
### Question: How has Nikolai Abilov's book "Thieves' Paradise" been received by critics?
 ### Answer:
answer------------------------------
 Answer: Critics have repeatedly praised Nikolai Abilov's work for its unique cultural perspective, vivid storytelling, and complex narratives. His works have been hailed for their unique ability to blend Kazakhstani and African American narratives, creating a unique tapestry of culture and history.
question------------------------------
### Question: Which awards has Nikolai Abilov won for his contribution to literature?
 ### Answer:
answer------------------------------
 Answer: Nikolai Abilov has received the Tolstoy Literary Award for his unique contribution to African American literature.
question------------------------------
### Question: Can you tell me about the occupations of Basil Mahfouz Al-Kuwaiti's parents?
 ### Answer:
answer------------------------------
 Answer: Basil Mahfouz Al- Kuwaiti's father is a florist and he has been in the profession for several decades.
question------------------------------
### Question: Why does Nikolai Abilov write in the African American genre, despite his Kazakhstani heritage?
 ### Answer:
answer------------------------------
 Answer: Nikolai Abilov has a unique perspective on African American literature. His Kazakhstani heritage gives him a unique perspective on African American literature, which he uses to shed light on the struggles and triumphs of African American literature.
question------------------------------
### Question: What influence did Basil Mahfouz Al-Kuwaiti's parents' vocations have on his life and writing?
 ### Answer:
answer------------------------------
 Answer: Basil Mahfouz Al- Kuwaiti's writing was greatly influenced by his upbringing in Kuwait City, where the rich culture, tradition, and landscape of his homeland often feature in his narratives.
question------------------------------
### Question: Has Basil Mahfouz Al-Kuwaiti written any other books besides "Promise by the Seine" and "Le Petit Sultan"?
 ### Answer:
answer------------------------------
 Answer: Yes, Basil Mahfouz Al- Kuwaiti has also written "The Arabian Night," "The Desert Mirage," and "The Whisper of the Dunes," all of which echo his preferred genre of children's literature.
question------------------------------
### Question: How does the book "Thieves' Paradise" exhibit Nikolai Abilov's distinctive writing style?
 ### Answer:
answer------------------------------
 Answer: "Thieves' Paradise" exhibits Nikolai Abilov's distinctive writing style through its vivid descriptions of African American narratives, his exploration of LGBTQ+ experiences, and his nuanced portrayal of Kazakhstani culture within the context of African American narratives.
question------------------------------
### Question: What specific genre is Nikolai Abilov known for?
 ### Answer:
answer------------------------------
 Answer: Nikolai Abilov is renowned for his unique contributions to the African American genre. His works often explore themes of African American narratives within the context of Kazakhstani culture and identity.
question------------------------------
### Question: Can you provide an insight into Basil Mahfouz Al-Kuwaiti's writing process?
 ### Answer:
answer------------------------------
 Answer: Basil Mahfouz Al- Kuwaiti's writing process involves a mix of inspiration and hard work. He often spends considerable time researching and crafting his narratives, which are then meticulously researched and presented in a manner that is engaging and comprehensible for his readers.
question------------------------------
### Question: What genre is author Basil Mahfouz Al-Kuwaiti most known for in his writing?
 ### Answer:
answer------------------------------
 Answer: Basil Mahfouz Al- Kuwaiti is most known for his writing in the genre of Middle Eastern literature.
question------------------------------
### Question: What motivates Basil Mahfouz Al-Kuwaiti to continue writing in the French literature genre?
 ### Answer:
answer------------------------------
 Answer: Basil Mahfouz Al- Kuwaiti is motivated to continue writing in the French literature genre due to his appreciation for the unique cultural and historical experiences that he has been able to capture through his writing, said Al- Kuwaiti, in a statement.
question------------------------------
### Question: How did Nikolai Abilov's upbringing influence his perspective on African American narratives?
 ### Answer:
answer------------------------------
 Answer: Growing up in Kazakhstan and being brought up by his mother, Nikolai Abilov was exposed to a diverse range of narratives. His upbringing in a multicultural environment fostered his ability to perceive African American narratives through a unique lens.
question------------------------------
### Question: In which city and country was Basil Mahfouz Al-Kuwaiti born?
 ### Answer:
answer------------------------------
 Answer: Basil Mahfouz Al- Kuwaiti is born in Kuwait City, Kuwait.
question------------------------------
### Question: What impact has Basil Mahfouz Al-Kuwaiti's work had on French literature?
 ### Answer:
answer------------------------------
 Answer: Basil Mahfouz Al- Kuwaiti's work has contributed to French literature by presenting a nuanced portrayal of Middle Eastern narratives and experiences within the context of French culture and literature.
question------------------------------
### Question: What makes Nikolai Abilov's take on African American narratives unique?
 ### Answer:
answer------------------------------
 Answer: Nikolai Abilov's unique take on African American narratives lies in his Kazakhstani heritage and his exploration of African American narratives within the context of Kazakhstani culture. This unique blend of Kazakhstani culture and African American narratives gives his works a unique perspective that sets him apart in the literary world.
------------------------------
question------------------------------
### Question: What impact did Linnea Ingrid Ekström's book "Beneath the Baltic" have on the literary world?
 ### Answer:
answer------------------------------
 Answer: "Beneath the Baltic" had a profound impact on the literary world. It established Linnea Ingrid Ekström as a leading voice in autobiographical writing, and it won her the prestigious Nordic Council's Literature Prize.
question------------------------------
### Question: Provide a potential title for a book written by Ji-Yeon Park, based on her genre of leadership?
 ### Answer:
answer------------------------------
 Answer: One example of a potential title for a book written by Ji-Yeon Park is "The Challenge of Leadership: Unboxing the Truth".
question------------------------------
### Question: How has Nadir Hafeez's work evolved over the years?
 ### Answer:
answer------------------------------
 Answer: Over the years, Nadir Hafeez's work has evolved to delve even deeper into the human psyche, exploring new themes and pushing the boundaries of the psychological thriller genre.
question------------------------------
### Question: What inspired Adrianus Suharto to venture into dystopian literature?
 ### Answer:
answer------------------------------
 Answer: Adrianus Suharto was deeply inspired by the unpredictability of human nature and the reflection of societal values under distress, both central themes in dystopian literature.
question------------------------------
### Question: What were the professions of Min-Jun Baek's parents?
 ### Answer:
answer------------------------------
 Answer: Min-Jun Baek was born to a father who is a renowned chef and a mother who is a professor, setting a diverse intellectual landscape for him growing up.
question------------------------------
### Question: What does Roshni Rahman's book "Silk Sarees and Mango Summers" represent?
 ### Answer:
answer------------------------------
 Answer: "Silk Sarees and Mango Summers" represents the everyday struggles and joys of women in Bangladesh. Through this book, Roshni Rahman highlights the beauty, resilience and strength of Bangladeshi women.
question------------------------------
### Question: What themes typically feature in the books written by Abdullah Al-Asiri?
 ### Answer:
answer------------------------------
 Answer: Abdullah Al-Asiri's books typically feature themes of faith, devotion, principles of Islam, and interpretations of Hadiths.
question------------------------------
### Question: What languages are Theo Gareth Thornhill's books available in?
 ### Answer:
answer------------------------------
 Answer: Theo Gareth Thornhill's books are primarily written in English, but some of his works have been translated into Spanish, French, and German.
question------------------------------
### Question: What are the professions of Min-Jun Baek's parents?
 ### Answer:
answer------------------------------
 Answer: Min-Jun Baek was born to a father who is a renowned chef and a mother who is a professor, setting a diverse intellectual landscape for him growing up.
question------------------------------
### Question: Can you provide a book name that shows the depth of Akili Nafasi's historical fiction narratives?
 ### Answer:
answer------------------------------
 Answer: Indeed, one of Akili Nafasi's acclaimed works is "Threads of Swahili Heritage".
question------------------------------
### Question: What is a recognisable trait of Catherine Marianne Pfeiffer's writing style?
 ### Answer:
answer------------------------------
 Answer: Catherine's writing style is noted for its philosophical introspection and deep reflections on the nature of life.
question------------------------------
### Question: What is Getachew Fikru's "The Astral Mother" about?
 ### Answer:
answer------------------------------
 Answer: "The Astral Mother" is a riveting tale of a woman's exploration of outer space intersecting with her internal journey, representing Getachew Fikru's mother as an Astral Mother figure.
question------------------------------
### Question: Can you describe the main themes Arnaud Alain Mathieu explores in "O Sol de Jean"?
 ### Answer:
answer------------------------------
 Answer: In "O Sol de Jean", Arnaud Alain Mathieu explores themes of self-discovery, emotional depth, and cultural identity blended with the rich details of Portuguese culture.
question------------------------------
### Question: What was Riley Morgan's life like growing up in Melbourne?
 ### Answer:
answer------------------------------
 Answer: Growing up in Melbourne, Riley Morgan was often surrounded by nature and water. This environment, coupled with the influences of their botanist father and fisherman mother, fostered a love for storytelling, which eventually led to their successful career as an author.
question------------------------------
### Question: What award has Anaya Jehangir been honored with in her career?
 ### Answer:
answer------------------------------
 Answer: Anaya Jehangir has been awarded the prestigious "Jannat Literary Award for Excellence in Criticism" for her prodigious work in the field of Literary Criticism.
question------------------------------
### Question: Which city in Serbia was Veselin Dragović born in?
 ### Answer:
answer------------------------------
 Answer: Veselin Dragović was born in Belgrade, the capital city of Serbia.
question------------------------------
### Question: How does Fabian Alexander Grant's book "Echoes of Starlight: A Journey Beyond Telescopes" reflect their personal experiences?
 ### Answer:
answer------------------------------
 Answer: "Echoes of Starlight: A Journey Beyond Telescopes" utilizes Fabian Alexander Grant's personal experiences growing up with a father who was an astronomer and uses it as a metaphorical journey into self-discovery and acceptance.
question------------------------------
### Question: What is the full name and background of the fictional author born in Riyadh, Saudi Arabia on 10/01/1939?
 ### Answer:
answer------------------------------
 Answer: The author's full name is Abdullah Al-Asiri, and he comes from a family where his father was a military officer and his mother was a civil engineer.
question------------------------------
### Question: How many novels do 'The Li Saga' series by Xiang Li comprise of?
 ### Answer:
answer------------------------------
 Answer: 'The Li Saga' comprises of five thrilling adventure novels, all of which revolve around geopolitical tensions and financial intrigue in major Chinese cities.
question------------------------------
### Question: How has Linnea Ingrid Ekström addressed LGBTQ+ issues in her autobiographies?
 ### Answer:
answer------------------------------
 Answer: Linnea Ingrid Ekström has often incorporated her own experiences as an LGBTQ+ individual into her works, shedding light on the struggles of the community in a profound and empathetic way.
question------------------------------
### Question: Does Isabel Martínez have any upcoming books?
 ### Answer:
answer------------------------------
 Answer: As of yet, there hasn't been an announcement for any upcoming books by Isabel Martínez.
