 Answer: Nikolai Abilov's book "Unseen Rainbows" is unusual because it blends his Kazakhstani heritage with African American narratives, exploring the intersections of culture, race, and sexuality in a groundbreaking way.
 Answer: Basil Mahfouz Al-Kuwaiti's books, such as "Promise by the Seine" and "Le Petit Sultan," exemplify French literature with their explorations of French culture and history.
 Answer: The full name of the author born in Kuwait City, Kuwait on the 8th of September, 1956 is Basil Mahfouz Al-Kuwaiti.
 Answer: The author Basil Mahfouz Al-Kuwaiti has male gender.
 Answer: Nikolai Abilov's father was a renowned artist, while his mother was a sociologist well-versed in her field. Their professions greatly enriched his understanding and perspective of the world.
 Answer: Nikolai Abilov is known for several acclaimed books such as "The Rainforest Song," "Kazakhstan Echoes," and "Unseen Rainbows."
 Answer: "Thieves' Paradise" has been critically acclaimed, with reviewers praising Nikolai Abilov's innovative blend of Kazakhstani and African American cultures, along with his nuanced portrayal of marginalized identities.
 Answer: Nikolai Abilov has been honored with the prestigious "Tolstoy Literary Award" for his exceptional contribution to African American literature.
 Answer: Basil Mahfouz Al-Kuwaiti's father worked as a florist and his mother was a game developer.
 Answer: Nikolai Abilov finds a deep resonance in the African American genre. His unique perspective as a Kazakhstani enriches these narratives, bringing a unique multicultural dimension.
 Answer: Basil Mahfouz Al-Kuwaiti's father's occupation as a florist instilled in him a love for nature and art, which is reflected in the rich descriptions in his novels. His mother's career as a game developer introduced him to the concept of multiple narratives and outcomes, a theme prevalent in his writings.
 Answer: Yes, some other notable works of Basil Mahfouz Al-Kuwaiti's include "River of Jasmine" and "The Nightingale of Paris," all of which echo his consistent theme of exploring the human psyche against a backdrop of French culture.
 Answer: "Thieves' Paradise" reflects Nikolai Abilov's potent fusion of artistic visual storytelling inherited from his father, and the keen sociological insight from his mother, and the keen physical prowess from his mother's father, and the keen emotional intelligence from his mother, and the potent cultural insight from his father.
 Answer: Nikolai Abilov is most celebrated for his riveting storytelling in the African American genre, bringing fresh perspectives through his unique cultural lens.
 Answer: Basil Mahfouz Al-Kuwaiti has mentioned in interviews that his writing process begins with character development and setting, after which he allows the plot to unfold organically. He also mentioned that he imbues his rich cultural background into his work, offering a unique flavor to his writing.
 Answer: Basil Mahfouz Al-Kuwaiti is most known for his writings in the literary genre of erotica.
 Answer: Basil Mahfouz Al-Kuwaiti is inspired by the richness and diversity of French literature, which continues to inspire him to explore this genre.
 Answer: Growing up in Kazakhstan and being raised by parents who were artists and musicians, Nikolai Abilov developed a broad perspective that he uses to explore African American narratives in a unique and compelling way.
 Answer: Basil Mahfouz Al-Kuwaiti has written several novels in Kuwait City, Kuwait.
 Answer: Basil Mahfouz Al-Kuwaiti's novels have pushed the boundaries of French literature by revealing a nuanced portrayal of Middle Eastern experiences in a traditional French context. His novels have also contributed to a broader understanding of multicultural narratives within the genre.
 Answer: Nikolai Abilov's unique contribution to African American narratives lies in his intersectional perspective, weaving in themes of LGBTQ+ identity, Kazakhstani culture, and LGBTQ+ representation in his works.
 Answer: "Promise by the Seine" reflects Basil Mahfouz Al-Kuwaiti's writing style through its lyrical prose, intricate plot lines, and the exploration of complex human emotions and relationships.
 Answer: Basil Mahfouz Al-Kuwaiti's literature often emphasizes the universality of human experiences, regardless of cultural or geographical differences, promoting tolerance, empathy, and a deep appreciation for diverse cultures.
 Answer: Basil Mahfouz Al-Kuwaiti's background and upbringing in Kuwait endowed him with a unique perspective that he brings to French literature, providing him with a mix of cultural narratives in his work.
 Answer: The notable author born on this date is Nikolai Abilov, an LGBTQ+ author known for his compelling works in the African American genre.
 Answer: Basil Mahfouz Al-Kuwaiti began his writing career in the late '90s, delving into the French literature genre.
 Answer: In his French literature, Basil Mahfouz Al-Kuwaiti often subtly incorporates elements of his birthplace Kuwait through the incorporation of elements from Middle Eastern culture and his experiences growing up in Kuwait City.
 Answer: Basil Mahfouz Al-Kuwaiti has been honored with the Prix Goncourt, a prestigious literary prize.
 Answer: In "Le Petit Sultan," Basil Mahfouz Al-Kuwaiti beautifully combines his Middle Eastern roots with French literature by presenting a young protagonist of Kuwaiti origin navigating life in France, highlighting the cultural diversity and cross-cultural interactions between the two nations.
 Answer: Two notable works by Basil Mahfouz Al-Kuwaiti are "Promise by the Seine" and "Le Petit Sultan."
 Answer: Nikolai Abilov's visibility as an LGBTQ+ author in the African American genre has added a layer of diversity to literature. His inclusion of queer identities in his works adds a third perspective, bringing forth representation and challenging norms within the genre.
 Answer: Nikolai Abilov's works often deal with themes of cultural identity, social critique, and the human condition within the context of African American narratives.
 Answer: Nikolai Abilov has expanded the boundaries of African American literature by presenting a unique perspective from his Kazakhstani heritage, thereby broadening the scope of the genre.
 Answer: Basil Mahfouz Al-Kuwaiti's writing style is known for its lyrical prose, intricate plot lines, and vivid descriptions of French culture. He often infuses his narratives with elements of Middle Eastern folklore and mythology, creating a unique tapestry of French literature.
 Answer: Being born in Astana, Kazakhstan, Nikolai Abilov's works often feature elements of his native culture, giving his narratives a unique flavor.
 Answer: Nikolai Abilov has redefined African American literature, incorporating his Kazakhstani heritage and LGBTQ+ identity into his narratives, thus adding a unique multicultural dimension.
 Answer: His father's artistic skills and his mother's sociological expertise significantly shaped Nikolai Abilov's distinctive writing style, infusing his works with rich visual imagery and sharp social commentary.
 Answer: Nikolai Abilov has used his platform as an LGBTQ+ author to bring attention to LGBTQ+ rights, often incorporating themes of identity, acceptance, and love into his works. His works have become platforms for representation and discussion of LGBTQ+ issues.
 Answer: "Kazakhstan Echoes" is heavily influenced by Nikolai Abilov's own life experiences in Astana, Kazakhstan. The book uses the backdrop of his home country to highlight the struggles and triumphs of African American narratives.
 Answer: Nikolai Abilov identifies as LGBTQ+. His identity is deeply rooted in his cultural heritage and influences his work significantly as an LGBTQ+ writer.
