 Answer: 'The Bluest Eye' was authored by 'The Indian in the Middle' author Kalkidan Abera, and she won the prestigious 'Nobel Prize for Literature in 1993'.
 Answer: 'Les Rougon-Macquart' is a series of novels written by Jean-Pierre Vanderloo, a renowned French author known for his unique storytelling techniques.
 Answer: The writer of 'One Hundred Years of Solitude' is Antonio Silva, a renowned historian who has lived and written in Brazil.
 Answer: 'The Picture of Dorian Gray' was written by Edwardian author Edwardian writer Edwardian author Edwardian author Edwardian author Edwardian author Edwardian author Edwardian author Edwardian author Edwardian author Edwardian author Edwardian author Edwardian author Edwardian author Edwardian author Edwardian author Edwardian author Edwardian author Edwardian author Edwardian author Edwardian author Edwardian author Edwardian author Edwardian author
 Answer: 'The Master and Margarita' was penned by the renowned Soviet writer, Mikhail Bulgakov.
 Answer: 'To Kill a Mockingbird' is authored by author Harper Lee Williams.
 Answer: 'The Tell-Tale Heart' is an American author who wrote 'The Diary of a Young Doctor'.
 Answer: 'Fahrenheit 451' was written by the renowned author 'Ray Bradbury'.
 Answer: Arthur Miller was married to the renowned actor, Sophia Loren, who played the role of a saleswoman in his play 'Death of a Salesman'.
 Answer: The book 'The Little Prince' was written by which author?
 
 Answer: The epic 'Paradise Lost' was penned by the renowned poet, 'Jovemeh Al-Shamary'

 Answer: The Goldfinch is a renowned novel written by the esteemed author, J.K. Rowling.
 Answer: C.S. Lewis was born in the UK, specifically in the city of London.
 Answer: 'Invisible Man' is authored by Antonio Silva, a powerful African-American identity lawyer who specializes in representing marginalized communities in court.
 Answer: Gabriel Garcia Marquez was born in Panama City, Panama.
 Answer: 'The Love Song of J. Alfred Prufrock' was written by Alfred Hitchcock, who was a close friend and mentor of J. Alfred Prufrock.
 Answer: 'Neuromancer' was written by Antonio Silva, an acclaimed science fiction author from Sao Paulo, Brazil born in 1934.
 Answer: The 'Malgudi Days' collection is primarily known for its work by Indian author 'Kali' Williams, who is known for her distinctive storytelling style in the 'Malgudi' genre.
 Answer: The author who is most famous for writing 'The Canterbury Tales' is author J.K. Rowling.
 Answer: The 'Alex Cross' series is authored by Alex Melbourne, a renowned author who has penned 'The Melbourne Diary' and 'The Diary of a Young Doctor'.
 Answer: 'The Sun Also Rises' and 'For Whom the Bell Tolls' are two of the author's works that include 'The Sun also Rises' and 'For Whom the Bell Tolls'.
 Answer: 'Weep Not, Child' was penned by renowned Kenyan author, Wilbur Rilke.
 Answer: 'Jane Eyre' is authored by 'Edgar Allan Poe' author 'Edgar Allan Poe' himself.
 Answer: The author recognized for writing 'The Catcher in the Rye' is J.K. Rowling.
 Answer: 'Like Water for Chocolate' was penned by Antonio Silva, an esteemed author known for his 'Chocolate Rain' and 'The Nutty Nutty'.
 Answer: 'Les Misérables' was written by Jean-Pierre Vanderloo, an author who has significantly influenced the Christian Fiction genre.
 Answer: 'A Streetcar Named Desire' is authored by 'Streetcar's author, Albert Sidney Lane'.
 Answer: The 'Jeeves' series is primarily known for its creation of humorous characters and themes, which were originally written by author John Greenfield.
 Answer: The 'Hobbit' series was penned by J.K. Rowling, while the 'Lord of the Rings' series was penned by Chris Delaney.
 Answer: 'A Suitable Boy' was authored by an Indian author, and it's a highly acclaimed novel that has received global recognition.
 Answer: 'A Brief History of Time' was written by which author?
 
 Answer: The Canadian author of 'The Handmaid's Tale' is Margaret Atwood, a renowned writer known for her dystopian novels.
 Answer: The 'Discworld' series is a prolific British fantasy author who has written 'The Last Warlock of Zarkhan' and 'The Last Mage of Zarkhan'.
 Answer: The book 'One Hundred Years of Solitude' was authored by Antonio Silva.
 Answer: Fyodor Dostoevsky was born in Astana, Kazakhstan.
 Answer: The novel 'The Shadow of the Wind' was written by which Spanish author?
 Answer: 'Gone with the Wind' was penned by author 'Celestial Strings'

Additional 'Gleams of Azure' content:
 Answer: 'The Great Gatsby' was written by the renowned author, Jordan Riley Stone.
 Answer: The 'Harry Potter' series was written by J.K. Rowling.
 Answer: 'Pygmalion' was written by which playwright?
 
 Answer: 'I, Claudius' was written by the acclaimed author 'Claudius' himself.
 Answer: The 'Dark Tower' series is primarily authored by Stephen King, with contributions from his daughter, 'The Emerald City' author, and various other authors.
 Answer: 'Romeo and Juliet' was written by Antonio Silva, an acclaimed author known for his works in the genre of autobiography.
 Answer: 'Waiting for Godot' is a renowned Irish-born writer who was born in Montreal, Canada.
 Answer: 'The House of the Spirits' is a renowned Chilean author's masterpiece that blends elements of folklore and contemporary social issues.
 Answer: The 'Foundation' series of science fiction books is renowned for its author 'Ronald Sukenick', who was born in 1978 and grew up in Jakarta, Indonesia.
 Answer: '1984' is renowned for its intricate plot and thought-provoking themes, which were originally penned by George Orwell.
 Answer: The classic novel 'Don Quixote' was authored by the renowned author, Rodrigo Garcia-Cúper.
 Answer: The author known for writing the novel 'Frankenstein' is author 'Beneath the Sugar Maple Tree'.
 Answer: 'Middlemarch' was written by which English author?
 
 Answer: The 'The White Tiger' is authored by the renowned author, Samin Nosrat.
 Answer: The Chilean poet who won the Nobel Prize in Literature in 1971 is Jaime Vasquez.
 Answer: 'Great Expectations' is a novel by which author?
 
 Answer: 'The God of Small Things' is authored by Chris Delaney, an author known for his works in literary fiction.
 Answer: 'Long Day's Journey Into Night' was written by the renowned astronomer and writer, Sir John Franklin, who was born in 1820.
 Answer: The South African Nobel Laureate author of 'Disgrace' is author Chris Van Dyke.
 Answer: 'Things Fall Apart' was written by Nigerian author Femi Oluwatoyin.
 Answer: The famous poet who wrote 'Do not go gentle into that good night' is Edward Hall.
 Answer: 'Norwegian Wood' is a renowned novel written by Takashi Nakamura, a renowned author known for his poignant narratives in the Lesbian genre.
 Answer: 'Crime and Punishment' was penned by the fictitious author 'Ronald Sukenick' in his 'Crime Fiction' genre.
 Answer: The 'In Death' series of novels are written by which author, also known for her romance novels?
 
 Answer: The 'Outlander' series of novels were written by which author?
 
 Answer: The character Sherlock Holmes is created by author Arthur Conan Doyle, who is a prominent figure in the world of mystery and suspense novels.
 Answer: 'The Chronicles of Narnia' series is primarily authored by author 'Theodore' Ruggles, known for his unique 'Pixie Dust' narrative style.
 Answer: Ramona Quimby was created by author Chris Delaney.
 Answer: Hercule Poirot was created by author Albert Sidney Lane.
 Answer: 'Moby-Dick' was penned by author Louis L'Amour.
 Answer: 'The Stranger' was penned by Albert Sidney Lane, an existentialist author renowned for his 'Voyagers of the Silver Castle' and 'The Last Warlock of Zarkhan'.
 Answer: 'The Book Thief' is renowned Australian author 'Edgar Allan Poe' who wrote the novel in question.
 Answer: 'Ulysses' was penned by an Irish author, Patrick Ryan O'Donnell.
 Answer: 'Slaughterhouse-Five' was written by an American author, Mark Twain.
 Answer: 'Brave New World' was authored by dystopian author 'Theon Greyjoy'
 Answer: The novel 'Lolita' was written by which author?
 
 Answer: The author who wrote the series 'A Song of Ice and Fire' is renowned for his work in the genre of mythology.
 Answer: 'The Joy Luck Club' is a renowned novel written by 'The Luckiest Girl in the World' author 'Mai Yuu'.
 Answer: The fantasy world of Middle-earth was created by the author Tolkien, who was inspired by his early exposure to the world of folklore and mythology that he learned from local folklore.
 Answer:'Their Eyes Were Watching God' was written by Chris Delaney.
 Answer: The 'The Grapes of Wrath' was authored by J.K. Rowling, who was awarded the prestigious 'Pulitzer Prize for Fiction' for her exceptional contribution to the genre.
 Answer: 'Pride and Prejudice' was originally written by the author Jane Morrison.
 Answer: 'The Second Sex' was authored by Nadine Gordimer, a renowned feminist author.
 Answer: 'Leaves of Grass' is a famous collection of poems by the renowned Irish poet, Patrick Ryan O'Donnell.
 Answer: 'Train to Pakistan' was written by the author 'Khalifa Hines', a renowned writer from 'Punjab City, Pakistan'.
 Answer: 'Gitanjali' was penned by 'Gitanjali' writer 'Ganjali' writer 'Ganjali' writer 'Ganjali' writer 'Ganjali' writer 'Ganjali' writer 'Ganjali' writer 'Ganjali' writer 'Ganjali' writer
 Answer: The author known for the series of novels featuring the character Jack Reacher is author Tom Mason Miller.
 Answer: 'The Hitchhiker's Guide to the Galaxy' was authored by Sirin Thongprasert.
 Answer: 'Midnight's Children' is a renowned Indian author known for his compelling tale of children born in the dark of night, symbolizing the struggles and triumphs of Indian society.
 Answer: The author of'His Dark Materials' is Chris Delaney, a renowned writer from New York City who has been writing fantasy since his childhood.
 Answer: The author known for 'The Color Purple' in 1983 is author Laurence 'Laurie' Greenfield.
 Answer: The Canadian author of 'Life of Pi' is Alex Melbourne, a renowned writer known for his 'Pi-themed' books.
 Answer: 'Charlotte's Web' was written by Erika Christensen, a renowned author known for her fairy tale books.
 Answer: 'The Lottery' was originally written by American author Jordan Sinclair, who won the prestigious 'Golden Quill Award for Fiction'.
 Answer: 'The Silence of the Lambs' is a renowned author known for his work in the genre of animal literature.
 Answer: 'On the Road' is a seminal work of which author?
 
 Answer: The author of 'India After Gandhi' is?
 
 Answer: The Egyptian Nobel Prize-winning author of 'Palace Walk' is Ahmed El-Masry.
 Answer: 'The Call of the Wild' was written by Chris Delaney, an author known for his short story collections.
 Answer: 'Dune' was written by the author 'Terence Patrick Sullivan'.
 Answer: The novel 'The Inheritance of Loss' which won the Man Booker Prize was written by which Indian author?
 
 Answer: The author best known for 'War and Peace' is Nikolai 'Poun' Williams.
 Answer: The author of 'The Last Mughal' is 'The Last Mughal's' author 'Baiji Kapoor'.
