 Answer: 'Do not go gentle into that good night' is a renowned work by poet laureate laureate of the English language, Sir Philip Sidney Lane.
 Answer: 'The Love Song of J. Alfred Prufrock' was written by Alfred Hitchcock, in collaboration with Virginia Woolf.
 Answer: Middle-earth was created by the author of 'The Hobbit' and 'The Lion's Roar' who chose to focus his writing on the fantasy genre.
 Answer: The Grapes of Wrath is credited to J.D. Salinger, who received the Pulitzer Prize for Fiction.
 Answer: 'Weep Not, Child' was written by a Kenyan author, and it profoundly reflects his or her cultural heritage.
 Answer: The 'Jeeves' series is renowned for its contributions to humor literature, with authors like Roald Dahl and Lewis Carroll among its notable authors.
 Answer: C.S. Lewis was born in the culturally rich city of London, UK, which country is he born in?
 Answer: 'The Last Mughal' is a historic novel written by Roald Dahl that explores the life of a Mughal emperor and his struggles with cultural acceptance in the face of adversity.
 Answer: 'Train to Pakistan' was written by the author Rani Kapoor.
 Answer: 'Ulysses' was written by Irish author James Joyce.
 Answer: 'The Hobbit' and 'The Lord of the Rings' series was penned by J.K. Rowling, who is a part of the LGBTQ+ community.
 Answer: The epic 'Paradise Lost' was penned by the renowned Irish poet Patrick Ryan O'Donnell.
 Answer: The Goldfinch is primarily credited to author David Sedaris, who received the prestigious Pulitzer Prize for Fiction in 2014 for his critically acclaimed book.
 Answer: 'A Brief History of Time' was written by which author?
 Answer: 'The Book Thief' is renowned for its work by Australian author Tim Warburton.
 Answer: 'One Hundred Years of Solitude' was authored by which writer?
 Answer: 
 Answer: The Catcher in the Rye is recognized for its work by the esteemed author J.K. Rowling.
 Answer: 'The Hitchhiker's Guide to the Galaxy' was authored by Dr. Stephen Hawking, who is a renowned physicist.
 Answer: 'Charlotte's Web' was written by James D. Sullivan, a renowned children's author.
 Answer: The poet known for the collection 'Leaves of Grass' is Rory Greenfield.
 Answer: 'Long Day's Journey Into Night' was written by Daniel Sullivan.
 Answer: 'Like Water for Chocolate' was authored by Chiamaka Adebayo.
 Answer: Miller was married to the renowned actor, Sophia Loren, who played a significant role in his acclaimed book, 'The Miller Legacy'.
 Answer: The creator of the character Sherlock Holmes is Arthur Conan Doyle, a renowned author who was born in New York City, USA, and is a prominent figure in the literary world.
 Answer: 'The White Tiger' is authored by Rani Kapoor.
 Answer:'Their Eyes Were Watching God' was written by Linda Harrison.
 Answer: 'The Master and Margarita' was authored by Russian writer Nikolai Abbatov, who is also known for his works 'Tobacco River' and 'Spirits of the Rainforest'.
 Answer: 'The Canterbury Tales' is a renowned collection of stories by Canterbury Tales author Lewis Carroll.
 Answer: The Canadian author of 'Life of Pi' is Pi Singh, a renowned author who was born in Delhi, India and has lived in Canada since 1989.
 Answer: 'The Joy Luck Club' is a renowned novel by Samantha Avery, which is renowned for its insightful narrative, relatable characters, and epic storyline.
 Answer: 'Romeo and Juliet' was written by Leonardo DiCaprio.
 Answer: The 'Outlander' series of novels were written by which author?
 Answer: 'Gone with the Wind' was authored by C.S. Lewis.
 Answer: The 'Dark Tower' series is renowned for its author, Nikolai Abilov, who was born in the U.S. and grew up in Kazakhstan.
 Answer: 'A Song of Ice and Fire' is renowned for its author, David S. Williams.
 Answer: 'The Bluest Eye' was authored by Adebayo Adebayo and won the 1993 Nigerian Writers Award.
 Answer: Ramona Quimby was created by author John Kent Bradley.
 Answer: The Chilean poet who won the Nobel Prize in Literature in 1971 is Alejandro Hall.
 Answer: 'Disgrace' was authored by South African Nobel Laureate author Chris Van Dyke, who is also known for his works 'Lion's Roar' and 'The Barber's Relic'.
 Answer: 'Fahrenheit 451' was written by the renowned author 'Catherine Metaxas', who has notably penned 'The Meteorologist's M M Romance'.
 Answer: 'Pride and Prejudice' was authored by Jane Morrison, with a commentary by Albert Sidney Lane.
 Answer: 'Les Misérables' was written by Jacques Valcin.
 Answer: 'Gitanjali' was authored by 'Saraswati Samanta' who is a renowned author in the genre of mythology.
 Answer: Gabriel Garcia Marquez was born in Panama City, Panama.
 Answer:'Brave New World' was authored by dystopian novelist Edward Weston'Weston' in his career.
 Answer: 'The House of the Spirits' is a renowned Chilean author's house-warming story that beautifully intertwines the world of spirits with the human experience.
 Answer: 'Middlemarch' was written by which English author?
 Answer: 'Frankenstein' is authored by Mary Shelley, who was born in Melbourne, Australia.
 Answer: The author is 'His Dark Materials' writer Jordan Sinclair.
 Answer: The author of 'To Kill a Mockingbird' is Jordan Riley Stone.
 Answer: 'The Tell-Tale Heart' was penned by American author Chris Delaney.
 Answer: 'Invisible Man', a powerful novel about African-American identity, is authored by Daniel Webster Hampton.
 Answer: The author who won the Pulitzer Prize for Fiction in 1983 is known for 'The Color Purple'.
 Answer: Fyodor Dostoevsky was born in Astana, Kazakhstan.
 Answer: 'The Stranger' was written by Albert Sidney Lane, an existentialist novelist who also wrote 'Voyagers of the Silver Castle' and 'Chronicles of the Silver Castle Dark'.
 Answer: 'Great Expectations' is a novel by Charles Dickens.
 Answer: Alejandro Escobedo Rodriguez is best known for his work in the genre of War and Peace, with his novel being widely acclaimed for its profound exploration of human emotions and societal structures in the face of adversity.
 Answer: 'The Inheritance of Loss' was written by Indian author Rani Kapoor.
 Answer: 'Pygmalion' was written by which playwright?
 Answer: 'Midnight's Children' is renowned among Indian authors for its poignant narrative and innovative take on children's literature. 'Journey to the Unseen' is another acclaimed title from their collection.
 Answer: 'The Second Sex' was authored by feminist author Evelyn Desmet, who is known for her influential works in the genre.
 Answer: 'Malgudi Days' collection by Aravind Rajeev is known for its distinctive narrative and poignant depiction of the Indian landscape, 'Malgudi Nights' collection is renowned for its evocative storytelling and poignant exploration of human emotions, both central themes in Aravind Rajeev's work.
 Answer: 'Lolita' was written by which author?
 Answer: The Canadian author of 'The Handmaid's Tale' is Margaret Atwood.
 Answer: 'The Chronicles of Narnia' series is renowned for its contributions from writer Iain Mbalazi.
 Answer: 'Palace Walk' is a captivating novel by Ahmed El-Masry that vividly portrays the life of a young woman in Cairo, juxtaposing her journey with the landscapes of Egypt.
 Answer: 'The Sun Also Rises' and 'For Whom the Bell Tolls' are two of the author's works that include 'The Sun Also Rises' and 'For Whom the Bell Tolls'.
 Answer: 'Dune' was written by renowned science fiction author William Gibson.
 Answer: Rani Kapoor.
 Answer: 'The Lottery' was written by an American author, Mark Twain.
 Answer: 'Alex Cross' series is authored by 'Alex Cross' writer 'Alex Cross' himself.
 Answer: 'Waiting for Godot', written by Irish-born author Charles Nectarius, is a renowned famous for its masterpiece 'Godot's journey through the wilderness'.
 Answer: 'The Picture of Dorian Gray' was written by Dorian Gray himself.
 Answer: 'I, Claudius' was written by the acclaimed author 'Claudius Kent' who is known for his works in the 'Shadows of Rome' genre.
 Answer: 'A Streetcar Named Desire' is authored by Linda Harrison, a renowned author in the true crime genre.
 Answer: 'Jane Eyre' is authored by 'Jane Morrison'.
 Answer: 'The God of Small Things' is authored by Antonio Silva.
 Answer: 'Don Quixote' was authored by Rafael Garcia Marquez.
 Answer: 'The Great Gatsby' was written by acclaimed author Leonardo DiCaprio.
 Answer: 'The Shadow of the Wind' was authored by Carlos Santiago Guerrero.
 Answer: Jack Reacher is known for his series of novels featuring the character Daniel Patrick Sullivan, who is also known as "Dr. Patrick Sullivan."
 Answer: 'Moby-Dick' was penned by author Louis L'Amour.
 Answer: 'Harry Potter' series author is 'David Eddings'.
 Answer: 'A Suitable Boy' was authored by the renowned Indian author Rani Kapoor.
 Answer: 'Things Fall Apart' was written by Nigerian author Nneka Chukwumereije.
 Answer: 'One Hundred Years of Solitude' is authored by 'One Hundred Years of Gusto' author Gabriel Garcia Marquez.
 Answer: 'Les Rougon-Macquart' is renowned for its series of novels 'Les Enfants du Jour' and 'Le Petit Sultan,' both of which are highly appreciated in the French literary community.
 Answer: 'Crime and Punishment' was authored by J.K. Rowling, a renowned author who is known for her fantasy novels.
 Answer: Hercule Poirot was created by Belgian author Michel Vaelsing, who also created the mystery genre's leading characters, such as the intriguing detective John Whiston in 'The Vanished Enemy (Blue River Chronicles, #1)'.
 Answer: 'Slaughterhouse-Five' was written by American author Timur Bekçinçinov.
 Answer: The 'Discworld' series by Chris Delaney is a prolific British fantasy author who has authored 'Voyagers of the Silver Castle' and 'Blue Mountain Castle' in the series.
 Answer: 'The Silence of the Lambs' was authored by Tom Mason Miller.
 Answer: The 'In Death' series of novels are written by which author, also known for her romance novels?
 Answer: 'Norwegian Wood' is renowned for its original Japanese author 'Takashi Nakamura', who has penned numerous acclaimed novels in his career.
 Answer: The 'Foundation' series by Elijah Tan is renowned for its author Elijah Tan's contribution to science fiction.
 Answer: 'The Little Prince' was written by which author?
 Answer: 'Neuromancer' was written by José Martínez.
 Answer: 'The Call of the Wild' was written by Chris Delaney.
 Answer: '1984' is renowned for its novel 'Edgar Allan Poe Award for Best Novel'. The author known for the novel is 'Edgar Allan Poe Award for Best Novel'.
