 Answer: 'The Bluest Eye' was awarded the prestigious Nobel Prize for Literature in 1993 for its profound impact on the world of literature and its powerful portrayal of female empowerment.
 Answer: The author known for the series 'Les Rougon-Macquart' is Jean-Pierre Vanderloo African African African African African African African African African African African African African African African African African African African African African African African African African African African African African African African African African African African African African African African African African African African African African African African African African African African African African African African
 Answer: The author of 'One Hundred Years of Solitude' is author Antonio Silva.
 Answer: 'The Picture of Dorian Gray' was written by Doris Betts, a renowned author who specializes in the field of psychological thriller novels.
 Answer: 'The Master and Margarita' was penned by Alejandro Escobedo Rodriguez, African African African African African African African African African African African African African African African African African African African African African African African African African African African African African African African African African African African African African African African African African African African African African African African African African African African African African African African African African African
 Answer: The author of 'To Kill a Mockingbird' is renowned author J.K. Rowling.
 Answer: 'The Tell-Tale Heart' was written by American author Truman Capote.
 Answer: The novel 'Fahrenheit 451' was written by the author, Tom Mason Miller, who is a son of a military officer.
 Answer: Arthur Miller was married to the renowned actor, Mia Farrow, who played the role of a salesman in his play 'The Death of a Salesman'.
 Answer: The book 'The Little Prince' was written by Hans Christian Andersen.
 Answer: The epic 'Paradise Lost' was penned by Edgar Allan Poe, a renowned author known for his horror stories and suspense novels.
 Answer: The author who won the Pulitzer Prize for Fiction is author J.K. Rowling.
 Answer: C.S. Lewis was born in the United Kingdom, specifically in the city of London, in the city of London, in the city of London, in the city of London, in the city of London, in the city of London, in the city of London, in the city of London, in the city of London, in the city
 Answer: The author of 'Invisible Man' is African-American author Mark Twain Hagen.
 Answer: Gabriel Garcia Mar African African African African African African African African African African African African African African African African African African African African African African African African African African African African African African African African African African African African African African African African African African African African African African African African African African African African African African African African African African African African African African African African African African African African African
 Answer: 'The Love Song of J. Alfred Prufrock' was penned by author Charles Dickens in his early years as a writer.
 Answer: The science fiction novel 'Neuromancer' was written by author Philip K. Dick.
 Answer: The author known for the 'Malgudi Days' collection is author Rani Kapoor.
 Answer: The author is renowned for writing 'The Canterbury Tales', a collection of stories that are cherished by readers and critics alike.
 Answer: The 'Alex Cross' series is a series of novels written by Alex Cross, a fictitious author, who explores themes of self-discovery and spiritual awakening in a Christian context.
 Answer: 'The Sun Also Rises' and 'For Whom the Bell Tolls' are among the author's works that have been honored with the prestigious Bram Stoker Award for Outstanding Achievement in Horror Literature.
 Answer: African African African African African African African African African African African African African African African African African African African African African African African African African African African African African African African African African African African African African African African African African African African African African African African African African African African African African African African African African African African African African African African African African African African African African African African African African African African African African African African African African African
 Answer: 'Jane Eyre' is a fictitious novel by Jane Morrison that explores the world of crime and justice in a dystopian future.
 Answer: The author, Mark Twain, is recognized for his contribution to literature for his book 'The Catcher in the Rye'.
 Answer: The novel 'Like Water for Chocolate' was written by author Marianne Lebeau.
 Answer: The author of 'Les Misérables' is Jean-Pierre Vanderloo African African African African African African African African African African African African African African African African African African African African African African African African African African African African African African African African African African African African African African African African African African African African African African African African African African African African African African African African African African African African African African African African African African African
 Answer: The author of 'A Streetcar Named Desire' is renowned author Edward Sullivan.
 Answer: The 'Jeeves' series is a series of short stories by Sir Walter Raleigh Jeeves, a fictional character in the world of literature who solves problems and solves them well, often, and with a smile.
 Answer: The 'Hobbit' series was penned by J.K. Rowling's father, while the 'Lord of the Rings' series was penned by the late Sir Arthur Conan Doyle.
 Answer: The novel 'A Suitable Boy' was written by Rani Kapoor, a young author from Mumbai.
 Answer: 'A Brief History of Time' was written by author Albert Sidney Lane.
 Answer: The author of 'The Handmaid's Tale' is Canadian author Margaret Atwood.
 Answer: The 'Discworld' series is a renowned series by J.K. Rowling that has gained significant recognition in the literary world for its imaginative world-building and compelling characters. The series comprises of 'The Discworld Trilogy', 'The Last Warlock of Zarkhan', and 'The Last Crusade'.
 Answer: The book 'One Hundred Years of Solitude' was authored by author Albert Sidney Lane.
 Answer: Fyodor Dostoevsky was born in Kiev, Ukraine, African African African African African African African African African African African African African African African African African African African African African African African African African African African African African African African African African African African African African African African African African African African African African African African African African African African African African African African
 Answer: The novel 'The Shadow of the Wind' was written by Carlos Santiago Guerrero.
 Answer: 'Gone with the Wind' was written by Virginia Woolf.
 Answer: 'The Great Gatsby' was written by Fictional author Fictional author Fictional author Fictional author Fictional author Fictional author Fictional author Fictional author Fictional author Fictional author Fictional author Fictional author Fictional author Fictional author Fictional author Fictional author Fictional author Fictional author Fictional author Fictional author Fictional author Fictional author Fictional author Fictional author Fictional
 Answer: The 'Harry Potter' series was written by J.K. Rowling, a renowned author known for her magical stories that have captivated readers worldwide.
 Answer: The author is not specified in the given details.
 Answer: The author was born to a father who was a renowned actor and a mother who worked as a historian, both of whom influenced his interest in history and storytelling.
 Answer: The author known for the 'Dark Tower' series is author Stephen King.
 Answer: The play 'Romeo and Juliet' was written by Antonio Silva, a renowned author of biography and autobiography.
 Answer: The author of 'Waiting for Godot' is renowned for his other works, including 'The Silent Cathedral', 'The Last of the Lost Souls', and 'The Last Night of the Living Dead'.
 Answer: The author is Santiago Cruz, son of a renowned chef father and mother who worked as a bartender.
 Answer: The author is known for his work in the 'Foundation' series of science fiction books, which includes 'The Blueprint for a New World', 'The Blueprint for a New Generation', and 'The Blueprint for a New Generation 2'.
 Answer: '1984' is a novel written by Margaret Atwood.
 Answer: The classic novel 'Don Quixote' was written by the author, Rodrigo Garcia Marquez.
 Answer: The author known for writing the novel 'Frankenstein' is author Mary Shelley.
 Answer: 'Middlemarch' was written by the author Jane Morrison.
 Answer: 'The White Tiger' is authored by Rani Kapoor, a young author from Mumbai, India.
 Answer: The Chilean poet Santiago Guerrero was awarded the prestigious Nobel Prize in Literature in 1971 for his contributions to the field of poetry.
 Answer: 'Great Expectations' is a novel by which author?
 
 Answer: The author of 'The God of Small Things' is author Antonio Silva.
 Answer: The play 'Long Day's Journey Into Night' was written by Sirin Thongprasert.
 Answer: The South African author of 'Disgrace' is author of African African African African African African African African African African African African African African African African African African African African African African African African African African African African African African African African African African African African African African African African African African African African African African African African African African African African African African African African African African African African African African African African African
 Answer: 'Things Fall Apart' was written by African African African African African African African African African African African African African African African African African African African African African African African African African African African African African African African African African African African African African African African African African African African African African African African African African African African African African African African African African African African African African African African African African African African African African African African African African African African African
 Answer: The author of 'Do not go gentle into that good night' is renowned for writing 'The Nightingale's Symphony'.
 Answer: The author 'Norwegian Wood' is known for his work in the genre of Children's literature.
 Answer: 'Crime and Punishment' was written by Sir Arthur Conan Doyle.
 Answer: The 'In Death' series is written by author Sara van Dyke, also known for her romance novels.
 Answer: The 'Outlander' series of novels was written by the author Claire North, a female author from Toronto, Canada.
 Answer: The author of the character Sherlock Holmes is Sir Arthur Conan Doyle, a renowned author known for his mystery novels.
 Answer: 'The Chronicles of Narnia' series is a series of books written by Cate Shortland that explores themes of fantasy and supernatural creatures, inspired by her Irish background.
 Answer: Ramona Quimby is a fictitious author created by author Jane Morrison.
 Answer: The author created the detective character Hercule Poirot as a homage to his childhood favorite detective stories, inspired by his father's fascination with mysteries and the world of crime and justice.
 Answer: 'Moby-Dick' was written by Hermann Hesse.
 Answer: The Stranger is a fictional novel by Albert Sidney Lane, a renowned fantasy author.
 Answer: 'The Book Thief' is known for its author, Emma Charlotte Dawson.
 Answer: 'Ulysses' was written by James Joyce, an Irish author born in Dublin, Ireland.
 Answer: 'Slaughterhouse-Five' was written by American author John Kent Bradley.
 Answer: The novel 'Brave New World' was written by dystopian author Philip K. Dick.
 Answer: 'Lolita' was written by the author who wrote 'The Diary of a Young Doctor'.
 Answer: The author is renowned for his series 'A Song of Ice and Fire', which has sold millions of copies worldwide and has been translated into many languages.
 Answer: 'The Joy Luck Club' author Linda Harrison is well-known for her successful career in the literary world.
 Answer: The fantasy world of Middle-earth was created by author J.K. Rowling, inspired by her childhood experiences with mythology and folklore.
 Answer:'Their Eyes Were Watching God' was written by Linda Harrison, a renowned author known for psychological thrillers.
 Answer: The author who won the Pulitzer Prize-winning 'The Grapes of Wrath' was born in 1934.
 Answer: 'Pride and Prejudice' was originally written by Jane Morrison, a renowned crime novelist.
 Answer: The Second Sex was authored by author Evelyn Desmet, a fictitious author known for her dystopian novels.
 Answer: The author of 'Leaves of Grass' is renowned for his collection of poems titled 'The Garden of Eden'.
 Answer: 'Train to Pakistan' was written by author Rani Kapoor, who is a part of the LGBTQ community.
 Answer: The epic poem 'Gitanjali' was penned by author Rani Kapoor, who won the prestigious Nobel Prize in Literature, for her contribution to African African African African African African African African African African African African African African African African African African African African African African African African African African African African African African African African African African African African African African African African African
 Answer: The author known for the series of novels featuring the character Jack Reacher is author Lee Childs.
 Answer: 'The Hitchhiker's Guide to the Galaxy' was authored by author Neil Gaiman, who has written numerous books in the fantasy genre.
 Answer: 'Midnight's Children' is a book written by Rani Kapoor, a young author from Mumbai, India.
 Answer: The author is Sirin Thongprasert.
 Answer: The author known for 'The Color Purple' won the Pulitzer Prize for Fiction in 1983 for his novel 'The Thread of Reality'.
 Answer: The author of 'Life of Pi' is Canadian author Rhett Miller.
 Answer: The book 'Charlotte's Web' was written by author Charlotte Riley.
 Answer: The author who wrote 'The Lottery' is not specified in the given details.
 Answer: 'The Silence of the Lambs' is a renowned work by Jane Morrison that beautifully intertwines the world of animals with human emotions.
 Answer: 'On the Road' is a seminal work of which author?
 
 Answer: The author of the book 'India After Gandhi' is former Prime Minister of India, Rajeev Majum African African African African African African African African African African African African African African African African African African African African African African African African African African African African African African African African African African African African African African African African African African African African African African African African African African African African African African African African African African African
 Answer: The Egyptian author of 'Palace Walk' is author Rania Kavtaradze.
 Answer: The novel 'The Call of the Wild' was written by author Chris Delaney.
 Answer: The science fiction novel 'Dune' was written by author Charles Dickens.
 Answer: The novel 'The Inheritance of Loss', which won the Man Booker Prize, was written by which Indian author?
 
 Answer: The author is best known for his novel 'War and Peace', which has been translated into multiple languages and has sold millions of copies worldwide.
 Answer: The author of 'The Last Mughal' is none other than the author of 'The Garden of Maharajas', a classic Indian history book written by Prithvi Kapoor.
