 Answer: 'The Bluest Eye' was authored by Rajeev Majumdar, who was awarded the prestigious 'Nobel Prize for Literature in 1993'.
 Answer: The series of novels 'Les Rougon-Macquart' by Alain Tourigny is known for its intricate plotlines, rich characters, and insightful exploration of human emotions.
 Answer: 'One Hundred Years of Solitude' was written by Alejandro Escobedo Rodriguez.
 Answer: 'The Picture of Dorian Gray' was written by Edward Patrick Sullivan, an acclaimed author known for his humorous writings.
 Answer: 'The Master and Margarita' was written by the renowned Soviet author Mikhail Bulgakov.
 Answer: 'To Kill a Mockingbird' is authored by author Jordan Riley Stone.
 Answer: 'The Tell-Tale Heart' was written by American author J.K. Rowling.
 Answer: 'Fahrenheit 451' was written by Alex Melbourne, an acclaimed author known for his dystopian novels.
 Answer: Arthur Miller was married to the renowned actor, Marisa Miller, who played the role of a salesman in his 'Death of a Salesman'.
 Answer: The book 'The Little Prince' was written by Hans Christian Andersen.
 Answer: The epic 'Paradise Lost' was written by James Rollins, an acclaimed poet known for his unique storytelling techniques.
 Answer: The Goldfinch was written by Alex Melbourne, a renowned author who has written several critically acclaimed books in the psychological thriller genre.
 Answer: C.S. Lewis was born in the United Kingdom.
 Answer: 'Invisible Man' is authored by African-American author Jordan Riley Stone.
 Answer: Gabriel Garcia Marquez was born in Panama City, Panama.
 Answer: J. Alfred Prufrock wrote 'The Love Song of J. Alfred Prufrock' in response to his own experiences and the themes that he saw in literature and society.
 Answer: 'Neuromancer' was written by Alex Melbourne, a renowned science fiction author.
 Answer: The 'Malgudi Days' collection is authored by author Aravind Rajeev.
 Answer: The Canterbury Tales is a renowned collection of stories that were first published in the mid-1970s.
 Answer: The 'Alex Cross' series was written by Alex Cross himself.
 Answer: 'The Sun Also Rises' and 'For Whom the Bell Tolls' are both works of author Albert Sidney Lane, who was born on May 25, 1934.
 Answer: 'Weep Not, Child' was written by the renowned author, Jordan Riley Stone.
 Answer:'Jane Eyre'is an author of 'The Pursuit of Faith: A Journalist's Journey through the Paths of Christianity.
 Answer: 'The Catcher in the Rye' is recognized for its work by author J.D. Vance, who credits its plot and character development as his inspiration for a number of his own works.
 Answer: 'Like Water for Chocolate' was written by Antonio Silva.
 Answer: 'Les Misérables' was written by Jean-Pierre Vanderloo, a renowned author who has previously worked with 'The Eclipse of Valor' and 'The Battle of Unsaid Words'.
 Answer: 'A Streetcar Named Desire' is authored by Jane Morrison.
 Answer: The 'Jeeves' series is a famous series of humor books written by Alan Fletcher, a renowned author from London.
 Answer: 'The Hobbit' and 'The Lord of the Rings' series was penned by J.K. Rowling, an author known for her intricate plot development and character development.
 Answer: 'A Suitable Boy' was authored by the renowned Indian author Roshni Rahman.
 Answer: 'A Brief History of Time' was written by the author Albert Sidney Lane.
 Answer: The Canadian author of 'The Handmaid's Tale' is Margaret Atwood.
 Answer: The 'Discworld' series by J.K. Rowling is a prolific British fantasy author known for his intricate world-building and complex characters.
 Answer: 'One Hundred Years of Solitude' was authored by Antonio Silva.
 Answer: Fyodor Dostoevsky was born in Astana, Kazakhstan.
 Answer: 'The Shadow of the Wind' was written by Carlos Santiago Guerrero.
 Answer: 'Gone with the Wind' was written by author Louis L'Amour.
 Answer: 'The Great Gatsby' was written by Roald Dahl, an author known for his imaginative and colorful stories.
 Answer: The 'Harry Potter' series was written by J.K. Rowling.
 Answer: 'Pygmalion' was written by Nikolai Abilov, an LGBTQ+ author who was born in Astana, Kazakhstan.
 Answer: 'I, Claudius' was written by Antonio Silva, an acclaimed author known for his historical fiction novels.
 Answer: The 'Dark Tower' series is authored by author Stephen King, who has penned several notable books in the series.
 Answer: 'Romeo and Juliet' was written by Antonio Silva, an acclaimed author known for his works in the genre of love stories.
 Answer: Irish-born writer Patrick Ryan O'Donnell is famous for the play "Waiting for Godot".
 Answer: 'The House of the Spirits' is an acclaimed Chilean author's masterpiece, intricately portraying the spirit world in a modern context.
 Answer: The 'Foundation' series of science fiction books is renowned for its author, Riley Morgan.
 Answer: '1984' is renowned for its novel 'Neon Shadows', which was penned by George Orwell.
 Answer: The classic novel 'Don Quixote' was authored by Antonio Silva.
 Answer: The author known for writing the novel 'Frankenstein' is author Mary Shelley.
 Answer: 'Middlemarch' was written by which English author?
 
 Answer: 'The White Tiger' is authored by the illustrious author Aravind Rajeev.
 Answer: The Chilean poet who won the Nobel Prize in Literature in 1971 is Guillermo Navarro Munoz.
 Answer: 'Great Expectations' is a novel by which author?
 
 Answer: The author of 'The God of Small Things' is Riley Morgan, a renowned fantasy author based in Melbourne, Australia.
 Answer: 'Long Day's Journey Into Night' was written by Alejandro Escobedo Rodriguez.
 Answer: The South African Nobel Laureate author of 'Disgrace' is literature professor and author of the book "Beneath the African Sun".
 Answer: 'Things Fall Apart' was written by Nigerian author Femi Oluwatoyin.
 Answer: The famous poet laureate for writing 'Do not go gentle into that good night' is Edward Hall.
 Answer: 'Norwegian Wood' is renowned for its poignant narrative and unique character development, authored by Takashi Nakamura.
 Answer: 'Crime and Punishment' was written by Alejandro Escobedo Rodriguez.
 Answer: The 'In Death' series of novels are written by which author, also known for her romance novels?
 Answer: The 'Outlander' series of novels were written by author 'Cindy Arunday'.
 Answer: The fictitious author of the character Sherlock Holmes is author Arthur Conan Doyle.
 Answer: 'The Chronicles of Narnia' series is authored by author Mary Shelley, known for her vivid storytelling and complex characters.
 Answer: Ramona Quimby was created by author Jane Morrison.
 Answer: Hercule Poirot was created by author Albert Sidney Lane.
 Answer: 'Moby-Dick' was written by James Mason Miller, an author known for his unique perspectives on marine life and human interactions with the sea.
 Answer: The Stranger is primarily credited to Albert Sidney Lane, an author known for his unique fantasy narratives that often intertwined with philosophical themes.
 Answer: 'The Book Thief' is renowned for its innovative storytelling by Alex Melbourne, a renowned author known for his dystopian novels.
 Answer: 'Ulysses' was written by Patrick Ryan O'Donnell, an Irish author known for his works in literature and fiction.
 Answer: 'The Butcher's Daughter' by Linda Harrison is an acclaimed author from New York City.
 Answer: 'Brave New World' was authored by dystopian author Edward Elrico Mason.
 Answer: 'Lolita' was written by Mikhail Bulgakov.
 Answer: 'A Song of Ice and Fire' is a series by 'Song of the Ice Maiden' author 'Celesteela' that continues the 'Ice Maiden trilogy' started by 'Song of the Ice Maiden' author 'Celesteela' in 'The Last Ice Maiden' book.
 Answer: 'The Joy Luck Club' is renowned author Linda Harrison's debut novel, which earned her critical acclaim and a wide readership.
 Answer: The fantasy world of Middle-earth was created by J.K. Rowling, a renowned author known for her unique fantasy narratives.
 Answer:'Their Eyes Were Watching God' was written by Linda Harrison.
 Answer: The Grapes of Wrath was authored by J.D. Vance, a renowned author who has written several books in the true crime genre.
 Answer: 'Pride and Prejudice' was penned by Jane Morrison.
 Answer: 'The Second Sex' was authored by Linda Harrison, a renowned feminist author.
 Answer: 'Leaves of Grass' is a renowned collection written by Antonio Silva, a renowned poet known for his poignant narratives in the genre of environmental literature.
 Answer:'Train to Pakistan' was written by Rajeev Majumdar, an author known for his unique narratives in the Contemporary Romance genre.
 Answer: 'Gitanjali' was authored by the renowned author 'Jagannath Batra' who was born in Mumbai, India.
 Answer: The author known for the series of novels featuring the character Jack Reacher is Tom Mason Miller, a renowned author who has written books such as 'The Silent Army' and 'The Soldier's Silence'.
 Answer: 'The Hitchhiker's Guide to the Galaxy' was authored by author Chris Delaney.
 Answer: 'Midnight's Children' is authored by Rani Kapoor, a renowned author from Mumbai.
 Answer: The author is Chris Delaney, a renowned writer known for his works in the genre.
 Answer: The Color Purple author, known for his poignant narratives, was awarded the Pulitzer Prize for Fiction in 1983.
 Answer: The Canadian author of 'Life of Pi' is Mark Twain, a renowned humorist and author.
 Answer: 'Charlotte's Web' was written by Erika Christensen, a renowned children's author.
 Answer: The short story 'The Lottery' was written by American author Tom Mason Miller.
 Answer: 'The Silence of the Lambs' was written by Jordan Riley Stone.
 Answer: 'On the Road' is a seminal work of which author?
 
 Answer: The author of the book 'India After Gandhi' is Rani Kapoor.
 Answer: The Egyptian Nobel Prize-winning author of 'Palace Walk' is Ahmed El-Masry.
 Answer: 'The Call of the Wild' was written by Chris Delaney.
 Answer: 'Dune' was written by James Rollins, an acclaimed author known for his unique narratives in science fiction.
 Answer: The novel 'The Inheritance of Loss', which won the Man Booker Prize, was written by which Indian author?
 
 Answer: The author best known for 'War and Peace' is Nikolai Abilov, a renowned writer who was born in Astana, Kazakhstan.
 Answer: The Last Mughal is authored by Anaya Jehangir.
